[2024-11-27T06:26:20.692+0000] {local_task_job_runner.py:123} INFO - ::group::Pre task execution logs
[2024-11-27T06:26:20.714+0000] {taskinstance.py:2613} INFO - Dependencies all met for dep_context=non-requeueable deps ti=<TaskInstance: ETL_usa_spending.ingest_usa_spending_data_task scheduled__2024-11-26T00:00:00+00:00 [queued]>
[2024-11-27T06:26:20.726+0000] {taskinstance.py:2613} INFO - Dependencies all met for dep_context=requeueable deps ti=<TaskInstance: ETL_usa_spending.ingest_usa_spending_data_task scheduled__2024-11-26T00:00:00+00:00 [queued]>
[2024-11-27T06:26:20.727+0000] {taskinstance.py:2866} INFO - Starting attempt 1 of 1
[2024-11-27T06:26:20.748+0000] {taskinstance.py:2889} INFO - Executing <Task(PythonOperator): ingest_usa_spending_data_task> on 2024-11-26 00:00:00+00:00
[2024-11-27T06:26:20.763+0000] {logging_mixin.py:190} WARNING - /home/***/.local/lib/python3.12/site-packages/***/task/task_runner/standard_task_runner.py:70 DeprecationWarning: This process (pid=18862) is multi-threaded, use of fork() may lead to deadlocks in the child.
[2024-11-27T06:26:20.761+0000] {standard_task_runner.py:104} INFO - Running: ['***', 'tasks', 'run', 'ETL_usa_spending', 'ingest_usa_spending_data_task', 'scheduled__2024-11-26T00:00:00+00:00', '--job-id', '421', '--raw', '--subdir', 'DAGS_FOLDER/project_dag.py', '--cfg-path', '/tmp/tmpt4mhcfpq']
[2024-11-27T06:26:20.765+0000] {standard_task_runner.py:72} INFO - Started process 18866 to run task
[2024-11-27T06:26:20.765+0000] {standard_task_runner.py:105} INFO - Job 421: Subtask ingest_usa_spending_data_task
[2024-11-27T06:26:20.838+0000] {task_command.py:467} INFO - Running <TaskInstance: ETL_usa_spending.ingest_usa_spending_data_task scheduled__2024-11-26T00:00:00+00:00 [running]> on host 6a246d8d590f
[2024-11-27T06:26:21.311+0000] {taskinstance.py:3132} INFO - Exporting env vars: AIRFLOW_CTX_DAG_OWNER='***' AIRFLOW_CTX_DAG_ID='ETL_usa_spending' AIRFLOW_CTX_TASK_ID='ingest_usa_spending_data_task' AIRFLOW_CTX_EXECUTION_DATE='2024-11-26T00:00:00+00:00' AIRFLOW_CTX_TRY_NUMBER='1' AIRFLOW_CTX_DAG_RUN_ID='scheduled__2024-11-26T00:00:00+00:00'
[2024-11-27T06:26:21.314+0000] {taskinstance.py:731} INFO - ::endgroup::
[2024-11-27T06:26:21.990+0000] {logging_mixin.py:190} INFO - Checking for new data to ingest into grants
[2024-11-27T06:26:22.629+0000] {logging_mixin.py:190} INFO - No new data to ingest for grants
[2024-11-27T06:26:22.944+0000] {logging_mixin.py:190} INFO - File moved from s3://project-processed-data/usa_spending_data/grants_20241126_063519.csv to s3://project-processed-data/archived/usa_spending_data/grants_20241126_063519.csv
[2024-11-27T06:26:23.416+0000] {logging_mixin.py:190} INFO - Checking for new data to ingest into funding
[2024-11-27T06:26:24.217+0000] {logging_mixin.py:190} INFO - No new data to ingest for funding
[2024-11-27T06:26:24.608+0000] {logging_mixin.py:190} INFO - File moved from s3://project-processed-data/usa_spending_data/funding_20241126_063519.csv to s3://project-processed-data/archived/usa_spending_data/funding_20241126_063519.csv
[2024-11-27T06:26:25.055+0000] {logging_mixin.py:190} INFO - Checking for new data to ingest into federalawards
[2024-11-27T06:26:25.522+0000] {logging_mixin.py:190} INFO - Ingesting new data into federalawards
[2024-11-27T06:26:40.631+0000] {logging_mixin.py:190} INFO - Data successfully written to table federalawards.
[2024-11-27T06:26:40.961+0000] {logging_mixin.py:190} INFO - File moved from s3://project-processed-data/usa_spending_data/federal_awards_20241126_063519.csv to s3://project-processed-data/archived/usa_spending_data/federal_awards_20241126_063519.csv
[2024-11-27T06:26:41.301+0000] {logging_mixin.py:190} INFO - Checking for new data to ingest into transactions
[2024-11-27T06:26:41.758+0000] {logging_mixin.py:190} INFO - No new data to ingest for transactions
[2024-11-27T06:26:42.040+0000] {logging_mixin.py:190} INFO - File moved from s3://project-processed-data/usa_spending_data/transactions_20241126_063519.csv to s3://project-processed-data/archived/usa_spending_data/transactions_20241126_063519.csv
[2024-11-27T06:26:42.348+0000] {logging_mixin.py:190} INFO - Checking for new data to ingest into subawards
[2024-11-27T06:26:42.775+0000] {logging_mixin.py:190} INFO - Ingesting new data into subawards
[2024-11-27T06:27:28.056+0000] {logging_mixin.py:190} INFO - Data successfully written to table subawards.
[2024-11-27T06:27:28.644+0000] {logging_mixin.py:190} INFO - File moved from s3://project-processed-data/usa_spending_data/sub_awards_20241126_063519.csv to s3://project-processed-data/archived/usa_spending_data/sub_awards_20241126_063519.csv
[2024-11-27T06:27:28.655+0000] {python.py:240} INFO - Done. Returned value was: None
[2024-11-27T06:27:28.709+0000] {taskinstance.py:340} INFO - ::group::Post task execution logs
[2024-11-27T06:27:28.712+0000] {taskinstance.py:352} INFO - Marking task as SUCCESS. dag_id=ETL_usa_spending, task_id=ingest_usa_spending_data_task, run_id=scheduled__2024-11-26T00:00:00+00:00, execution_date=20241126T000000, start_date=20241127T062620, end_date=20241127T062728
[2024-11-27T06:27:28.804+0000] {local_task_job_runner.py:266} INFO - Task exited with return code 0
[2024-11-27T06:27:28.866+0000] {taskinstance.py:3895} INFO - 0 downstream tasks scheduled from follow-on schedule check
[2024-11-27T06:27:28.873+0000] {local_task_job_runner.py:245} INFO - ::endgroup::
