[2024-11-23T06:16:12.753+0000] {local_task_job_runner.py:123} INFO - ::group::Pre task execution logs
[2024-11-23T06:16:12.773+0000] {taskinstance.py:2613} INFO - Dependencies all met for dep_context=non-requeueable deps ti=<TaskInstance: ETL_usa_spending.ingest_usa_spending_data_task manual__2024-11-23T06:16:06.791482+00:00 [queued]>
[2024-11-23T06:16:12.783+0000] {taskinstance.py:2613} INFO - Dependencies all met for dep_context=requeueable deps ti=<TaskInstance: ETL_usa_spending.ingest_usa_spending_data_task manual__2024-11-23T06:16:06.791482+00:00 [queued]>
[2024-11-23T06:16:12.784+0000] {taskinstance.py:2866} INFO - Starting attempt 1 of 1
[2024-11-23T06:16:12.801+0000] {taskinstance.py:2889} INFO - Executing <Task(PythonOperator): ingest_usa_spending_data_task> on 2024-11-23 06:16:06.791482+00:00
[2024-11-23T06:16:12.843+0000] {logging_mixin.py:190} WARNING - /home/***/.local/lib/python3.12/site-packages/***/task/task_runner/standard_task_runner.py:70 DeprecationWarning: This process (pid=87737) is multi-threaded, use of fork() may lead to deadlocks in the child.
[2024-11-23T06:16:12.843+0000] {standard_task_runner.py:104} INFO - Running: ['***', 'tasks', 'run', 'ETL_usa_spending', 'ingest_usa_spending_data_task', 'manual__2024-11-23T06:16:06.791482+00:00', '--job-id', '202', '--raw', '--subdir', 'DAGS_FOLDER/project_dag.py', '--cfg-path', '/tmp/tmpvg_c_kek']
[2024-11-23T06:16:12.846+0000] {standard_task_runner.py:72} INFO - Started process 87739 to run task
[2024-11-23T06:16:12.846+0000] {standard_task_runner.py:105} INFO - Job 202: Subtask ingest_usa_spending_data_task
[2024-11-23T06:16:12.905+0000] {task_command.py:467} INFO - Running <TaskInstance: ETL_usa_spending.ingest_usa_spending_data_task manual__2024-11-23T06:16:06.791482+00:00 [running]> on host 7da4b16cbed4
[2024-11-23T06:16:13.001+0000] {taskinstance.py:3132} INFO - Exporting env vars: AIRFLOW_CTX_DAG_OWNER='***' AIRFLOW_CTX_DAG_ID='ETL_usa_spending' AIRFLOW_CTX_TASK_ID='ingest_usa_spending_data_task' AIRFLOW_CTX_EXECUTION_DATE='2024-11-23T06:16:06.791482+00:00' AIRFLOW_CTX_TRY_NUMBER='1' AIRFLOW_CTX_DAG_RUN_ID='manual__2024-11-23T06:16:06.791482+00:00'
[2024-11-23T06:16:13.002+0000] {taskinstance.py:731} INFO - ::endgroup::
[2024-11-23T06:16:13.404+0000] {logging_mixin.py:190} INFO - Checking for new data to ingest into states
[2024-11-23T06:16:13.658+0000] {logging_mixin.py:190} WARNING - /opt/***/dags/helpers/db_utils.py:149 UserWarning: pandas only supports SQLAlchemy connectable (engine/connection) or database string URI or sqlite3 DBAPI2 connection. Other DBAPI2 objects are not tested. Please consider using SQLAlchemy.
[2024-11-23T06:16:13.749+0000] {logging_mixin.py:190} INFO - No new data to ingest for states
[2024-11-23T06:16:14.175+0000] {logging_mixin.py:190} INFO - File moved from s3://project-processed-data/usa_spending_data/states_20241123_045632.csv to s3://project-processed-data/archived/usa_spending_data/states_20241123_045632.csv
[2024-11-23T06:16:14.354+0000] {logging_mixin.py:190} INFO - Checking for new data to ingest into cfdaprograms
[2024-11-23T06:16:14.566+0000] {logging_mixin.py:190} WARNING - /opt/***/dags/helpers/db_utils.py:149 UserWarning: pandas only supports SQLAlchemy connectable (engine/connection) or database string URI or sqlite3 DBAPI2 connection. Other DBAPI2 objects are not tested. Please consider using SQLAlchemy.
[2024-11-23T06:16:14.634+0000] {logging_mixin.py:190} INFO - No new data to ingest for cfdaprograms
[2024-11-23T06:16:14.870+0000] {logging_mixin.py:190} INFO - File moved from s3://project-processed-data/usa_spending_data/cfda_20241123_045632.csv to s3://project-processed-data/archived/usa_spending_data/cfda_20241123_045632.csv
[2024-11-23T06:16:15.043+0000] {logging_mixin.py:190} INFO - Checking for new data to ingest into recipients
[2024-11-23T06:16:15.260+0000] {logging_mixin.py:190} WARNING - /opt/***/dags/helpers/db_utils.py:149 UserWarning: pandas only supports SQLAlchemy connectable (engine/connection) or database string URI or sqlite3 DBAPI2 connection. Other DBAPI2 objects are not tested. Please consider using SQLAlchemy.
[2024-11-23T06:16:15.352+0000] {logging_mixin.py:190} INFO - No new data to ingest for recipients
[2024-11-23T06:16:15.586+0000] {logging_mixin.py:190} INFO - File moved from s3://project-processed-data/usa_spending_data/recipients_20241123_045632.csv to s3://project-processed-data/archived/usa_spending_data/recipients_20241123_045632.csv
[2024-11-23T06:16:15.860+0000] {logging_mixin.py:190} INFO - Checking for new data to ingest into agencies
[2024-11-23T06:16:16.105+0000] {logging_mixin.py:190} WARNING - /opt/***/dags/helpers/db_utils.py:149 UserWarning: pandas only supports SQLAlchemy connectable (engine/connection) or database string URI or sqlite3 DBAPI2 connection. Other DBAPI2 objects are not tested. Please consider using SQLAlchemy.
[2024-11-23T06:16:16.168+0000] {logging_mixin.py:190} INFO - No new data to ingest for agencies
[2024-11-23T06:16:16.388+0000] {logging_mixin.py:190} INFO - File moved from s3://project-processed-data/usa_spending_data/agency_20241123_045632.csv to s3://project-processed-data/archived/usa_spending_data/agency_20241123_045632.csv
[2024-11-23T06:16:16.549+0000] {logging_mixin.py:190} INFO - Checking for new data to ingest into subagency
[2024-11-23T06:16:16.763+0000] {logging_mixin.py:190} WARNING - /opt/***/dags/helpers/db_utils.py:149 UserWarning: pandas only supports SQLAlchemy connectable (engine/connection) or database string URI or sqlite3 DBAPI2 connection. Other DBAPI2 objects are not tested. Please consider using SQLAlchemy.
[2024-11-23T06:16:16.825+0000] {logging_mixin.py:190} INFO - No new data to ingest for subagency
[2024-11-23T06:16:17.052+0000] {logging_mixin.py:190} INFO - File moved from s3://project-processed-data/usa_spending_data/sub_agency_20241123_045632.csv to s3://project-processed-data/archived/usa_spending_data/sub_agency_20241123_045632.csv
[2024-11-23T06:16:17.406+0000] {logging_mixin.py:190} INFO - Checking for new data to ingest into grants
[2024-11-23T06:16:17.646+0000] {logging_mixin.py:190} WARNING - /opt/***/dags/helpers/db_utils.py:149 UserWarning: pandas only supports SQLAlchemy connectable (engine/connection) or database string URI or sqlite3 DBAPI2 connection. Other DBAPI2 objects are not tested. Please consider using SQLAlchemy.
[2024-11-23T06:16:17.881+0000] {logging_mixin.py:190} INFO - Ingesting new data into grants
[2024-11-23T06:16:32.955+0000] {logging_mixin.py:190} INFO - Data successfully written to table grants.
[2024-11-23T06:16:33.287+0000] {logging_mixin.py:190} INFO - File moved from s3://project-processed-data/usa_spending_data/grants_20241123_045632.csv to s3://project-processed-data/archived/usa_spending_data/grants_20241123_045632.csv
[2024-11-23T06:16:33.703+0000] {logging_mixin.py:190} INFO - Checking for new data to ingest into funding
[2024-11-23T06:16:34.031+0000] {logging_mixin.py:190} WARNING - /opt/***/dags/helpers/db_utils.py:149 UserWarning: pandas only supports SQLAlchemy connectable (engine/connection) or database string URI or sqlite3 DBAPI2 connection. Other DBAPI2 objects are not tested. Please consider using SQLAlchemy.
[2024-11-23T06:16:34.384+0000] {logging_mixin.py:190} INFO - No new data to ingest for funding
[2024-11-23T06:16:34.680+0000] {logging_mixin.py:190} INFO - File moved from s3://project-processed-data/usa_spending_data/funding_20241123_045632.csv to s3://project-processed-data/archived/usa_spending_data/funding_20241123_045632.csv
[2024-11-23T06:16:34.999+0000] {logging_mixin.py:190} INFO - Checking for new data to ingest into federalawards
[2024-11-23T06:16:35.223+0000] {logging_mixin.py:190} WARNING - /opt/***/dags/helpers/db_utils.py:149 UserWarning: pandas only supports SQLAlchemy connectable (engine/connection) or database string URI or sqlite3 DBAPI2 connection. Other DBAPI2 objects are not tested. Please consider using SQLAlchemy.
[2024-11-23T06:16:35.289+0000] {logging_mixin.py:190} INFO - Ingesting new data into federalawards
[2024-11-23T06:16:35.601+0000] {logging_mixin.py:190} INFO - Error: insert or update on table "federalawards" violates foreign key constraint "federalawards_recipient_id_fkey"
DETAIL:  Key (recipient_id)=(4e80d4c6-329c-27c3-5033-0ac2275b4cf4-C) is not present in table "recipients".
[2024-11-23T06:16:35.947+0000] {logging_mixin.py:190} INFO - Checking for new data to ingest into transactions
[2024-11-23T06:16:36.183+0000] {logging_mixin.py:190} WARNING - /opt/***/dags/helpers/db_utils.py:149 UserWarning: pandas only supports SQLAlchemy connectable (engine/connection) or database string URI or sqlite3 DBAPI2 connection. Other DBAPI2 objects are not tested. Please consider using SQLAlchemy.
[2024-11-23T06:16:36.446+0000] {logging_mixin.py:190} INFO - Ingesting new data into transactions
[2024-11-23T06:16:58.448+0000] {logging_mixin.py:190} INFO - Data successfully written to table transactions.
[2024-11-23T06:16:58.772+0000] {logging_mixin.py:190} INFO - File moved from s3://project-processed-data/usa_spending_data/transactions_20241123_045632.csv to s3://project-processed-data/archived/usa_spending_data/transactions_20241123_045632.csv
[2024-11-23T06:16:59.077+0000] {logging_mixin.py:190} INFO - Checking for new data to ingest into subawards
[2024-11-23T06:16:59.393+0000] {logging_mixin.py:190} WARNING - /opt/***/dags/helpers/db_utils.py:149 UserWarning: pandas only supports SQLAlchemy connectable (engine/connection) or database string URI or sqlite3 DBAPI2 connection. Other DBAPI2 objects are not tested. Please consider using SQLAlchemy.
[2024-11-23T06:16:59.575+0000] {logging_mixin.py:190} INFO - Ingesting new data into subawards
[2024-11-23T06:17:37.934+0000] {logging_mixin.py:190} INFO - Data successfully written to table subawards.
[2024-11-23T06:17:38.266+0000] {logging_mixin.py:190} INFO - File moved from s3://project-processed-data/usa_spending_data/sub_awards_20241123_045632.csv to s3://project-processed-data/archived/usa_spending_data/sub_awards_20241123_045632.csv
[2024-11-23T06:17:38.268+0000] {python.py:240} INFO - Done. Returned value was: None
[2024-11-23T06:17:38.282+0000] {taskinstance.py:340} INFO - ::group::Post task execution logs
[2024-11-23T06:17:38.283+0000] {taskinstance.py:352} INFO - Marking task as SUCCESS. dag_id=ETL_usa_spending, task_id=ingest_usa_spending_data_task, run_id=manual__2024-11-23T06:16:06.791482+00:00, execution_date=20241123T061606, start_date=20241123T061612, end_date=20241123T061738
[2024-11-23T06:17:38.342+0000] {local_task_job_runner.py:266} INFO - Task exited with return code 0
[2024-11-23T06:17:38.370+0000] {taskinstance.py:3895} INFO - 0 downstream tasks scheduled from follow-on schedule check
[2024-11-23T06:17:38.375+0000] {local_task_job_runner.py:245} INFO - ::endgroup::
