[2024-12-02T18:10:05.283+0000] {local_task_job_runner.py:123} INFO - ::group::Pre task execution logs
[2024-12-02T18:10:05.301+0000] {taskinstance.py:2613} INFO - Dependencies all met for dep_context=non-requeueable deps ti=<TaskInstance: ETL_history_reports.ingest_history_reports_task manual__2024-12-02T18:09:47.525888+00:00 [queued]>
[2024-12-02T18:10:05.313+0000] {taskinstance.py:2613} INFO - Dependencies all met for dep_context=requeueable deps ti=<TaskInstance: ETL_history_reports.ingest_history_reports_task manual__2024-12-02T18:09:47.525888+00:00 [queued]>
[2024-12-02T18:10:05.313+0000] {taskinstance.py:2866} INFO - Starting attempt 1 of 1
[2024-12-02T18:10:05.333+0000] {taskinstance.py:2889} INFO - Executing <Task(PythonOperator): ingest_history_reports_task> on 2024-12-02 18:09:47.525888+00:00
[2024-12-02T18:10:05.346+0000] {logging_mixin.py:190} WARNING - /home/***/.local/lib/python3.12/site-packages/***/task/task_runner/standard_task_runner.py:70 DeprecationWarning: This process (pid=62521) is multi-threaded, use of fork() may lead to deadlocks in the child.
[2024-12-02T18:10:05.348+0000] {standard_task_runner.py:72} INFO - Started process 62525 to run task
[2024-12-02T18:10:05.346+0000] {standard_task_runner.py:104} INFO - Running: ['***', 'tasks', 'run', 'ETL_history_reports', 'ingest_history_reports_task', 'manual__2024-12-02T18:09:47.525888+00:00', '--job-id', '495', '--raw', '--subdir', 'DAGS_FOLDER/financial_reports_dag.py', '--cfg-path', '/tmp/tmp7q6usg4v']
[2024-12-02T18:10:05.349+0000] {standard_task_runner.py:105} INFO - Job 495: Subtask ingest_history_reports_task
[2024-12-02T18:10:05.409+0000] {task_command.py:467} INFO - Running <TaskInstance: ETL_history_reports.ingest_history_reports_task manual__2024-12-02T18:09:47.525888+00:00 [running]> on host 6a246d8d590f
[2024-12-02T18:10:05.750+0000] {taskinstance.py:3132} INFO - Exporting env vars: AIRFLOW_CTX_DAG_OWNER='***' AIRFLOW_CTX_DAG_ID='ETL_history_reports' AIRFLOW_CTX_TASK_ID='ingest_history_reports_task' AIRFLOW_CTX_EXECUTION_DATE='2024-12-02T18:09:47.525888+00:00' AIRFLOW_CTX_TRY_NUMBER='1' AIRFLOW_CTX_DAG_RUN_ID='manual__2024-12-02T18:09:47.525888+00:00'
[2024-12-02T18:10:05.751+0000] {taskinstance.py:731} INFO - ::endgroup::
[2024-12-02T18:10:06.185+0000] {logging_mixin.py:190} INFO - Ingesting new data into disaster
[2024-12-02T18:10:06.707+0000] {logging_mixin.py:190} INFO - Data successfully written to table disaster.
[2024-12-02T18:10:06.957+0000] {logging_mixin.py:190} INFO - File moved from s3://project-processed-data/history_reports/disaster_events_6_1_2024.csv to s3://project-processed-data/archived/history_reports/disaster_events_6_1_2024.csv
[2024-12-02T18:10:07.142+0000] {logging_mixin.py:190} INFO - Ingesting new data into grantee
[2024-12-02T18:10:07.761+0000] {logging_mixin.py:190} INFO - Data successfully written to table grantee.
[2024-12-02T18:10:07.992+0000] {logging_mixin.py:190} INFO - File moved from s3://project-processed-data/history_reports/grantee_6_1_2024.csv to s3://project-processed-data/archived/history_reports/grantee_6_1_2024.csv
[2024-12-02T18:10:08.217+0000] {logging_mixin.py:190} INFO - Ingesting new data into granthistory
[2024-12-02T18:10:09.869+0000] {logging_mixin.py:190} INFO - Data successfully written to table granthistory.
[2024-12-02T18:10:10.104+0000] {logging_mixin.py:190} INFO - File moved from s3://project-processed-data/history_reports/grant_6_1_2024.csv to s3://project-processed-data/archived/history_reports/grant_6_1_2024.csv
[2024-12-02T18:10:10.288+0000] {logging_mixin.py:190} INFO - Ingesting new data into publiclaw
[2024-12-02T18:10:10.884+0000] {logging_mixin.py:190} INFO - Data successfully written to table publiclaw.
[2024-12-02T18:10:11.122+0000] {logging_mixin.py:190} INFO - File moved from s3://project-processed-data/history_reports/public_law_numbers_6_1_2024.csv to s3://project-processed-data/archived/history_reports/public_law_numbers_6_1_2024.csv
[2024-12-02T18:10:11.288+0000] {logging_mixin.py:190} INFO - Ingesting new data into disasterpubliclaw
[2024-12-02T18:10:12.095+0000] {logging_mixin.py:190} INFO - Data successfully written to table disasterpubliclaw.
[2024-12-02T18:10:12.423+0000] {logging_mixin.py:190} INFO - File moved from s3://project-processed-data/history_reports/disaster_public_law_6_1_2024.csv to s3://project-processed-data/archived/history_reports/disaster_public_law_6_1_2024.csv
[2024-12-02T18:10:12.425+0000] {python.py:240} INFO - Done. Returned value was: None
[2024-12-02T18:10:12.436+0000] {taskinstance.py:340} INFO - ::group::Post task execution logs
[2024-12-02T18:10:12.437+0000] {taskinstance.py:352} INFO - Marking task as SUCCESS. dag_id=ETL_history_reports, task_id=ingest_history_reports_task, run_id=manual__2024-12-02T18:09:47.525888+00:00, execution_date=20241202T180947, start_date=20241202T181005, end_date=20241202T181012
[2024-12-02T18:10:12.469+0000] {local_task_job_runner.py:266} INFO - Task exited with return code 0
[2024-12-02T18:10:12.486+0000] {taskinstance.py:3895} INFO - 0 downstream tasks scheduled from follow-on schedule check
[2024-12-02T18:10:12.489+0000] {local_task_job_runner.py:245} INFO - ::endgroup::
