[2024-11-26T06:21:03.610+0000] {local_task_job_runner.py:123} INFO - ::group::Pre task execution logs
[2024-11-26T06:21:03.627+0000] {taskinstance.py:2613} INFO - Dependencies all met for dep_context=non-requeueable deps ti=<TaskInstance: ETL_usa_spending.extract_usa_spending_data_task manual__2024-11-26T05:23:53.853764+00:00 [queued]>
[2024-11-26T06:21:03.637+0000] {taskinstance.py:2613} INFO - Dependencies all met for dep_context=requeueable deps ti=<TaskInstance: ETL_usa_spending.extract_usa_spending_data_task manual__2024-11-26T05:23:53.853764+00:00 [queued]>
[2024-11-26T06:21:03.637+0000] {taskinstance.py:2866} INFO - Starting attempt 2 of 1
[2024-11-26T06:21:03.653+0000] {taskinstance.py:2889} INFO - Executing <Task(PythonOperator): extract_usa_spending_data_task> on 2024-11-26 05:23:53.853764+00:00
[2024-11-26T06:21:03.663+0000] {logging_mixin.py:190} WARNING - /home/***/.local/lib/python3.12/site-packages/***/task/task_runner/standard_task_runner.py:70 DeprecationWarning: This process (pid=13916) is multi-threaded, use of fork() may lead to deadlocks in the child.
[2024-11-26T06:21:03.665+0000] {standard_task_runner.py:72} INFO - Started process 13918 to run task
[2024-11-26T06:21:03.663+0000] {standard_task_runner.py:104} INFO - Running: ['***', 'tasks', 'run', 'ETL_usa_spending', 'extract_usa_spending_data_task', 'manual__2024-11-26T05:23:53.853764+00:00', '--job-id', '383', '--raw', '--subdir', 'DAGS_FOLDER/project_dag.py', '--cfg-path', '/tmp/tmpn5gmaqen']
[2024-11-26T06:21:03.668+0000] {standard_task_runner.py:105} INFO - Job 383: Subtask extract_usa_spending_data_task
[2024-11-26T06:21:03.777+0000] {task_command.py:467} INFO - Running <TaskInstance: ETL_usa_spending.extract_usa_spending_data_task manual__2024-11-26T05:23:53.853764+00:00 [running]> on host 6a246d8d590f
[2024-11-26T06:21:04.529+0000] {taskinstance.py:3132} INFO - Exporting env vars: AIRFLOW_CTX_DAG_OWNER='***' AIRFLOW_CTX_DAG_ID='ETL_usa_spending' AIRFLOW_CTX_TASK_ID='extract_usa_spending_data_task' AIRFLOW_CTX_EXECUTION_DATE='2024-11-26T05:23:53.853764+00:00' AIRFLOW_CTX_TRY_NUMBER='2' AIRFLOW_CTX_DAG_RUN_ID='manual__2024-11-26T05:23:53.853764+00:00'
[2024-11-26T06:21:04.531+0000] {taskinstance.py:731} INFO - ::endgroup::
[2024-11-26T06:21:04.551+0000] {logging_mixin.py:190} INFO - Extracting Spending Data
[2024-11-26T06:21:09.818+0000] {logging_mixin.py:190} INFO - File saved to S3: s3://project-raw-data-files/usa_spending_data/spending_by_award_11_26_2024.csv
[2024-11-26T06:21:09.820+0000] {logging_mixin.py:190} INFO - Extracting Awards Data
[2024-11-26T06:21:09.822+0000] {usa_spending_extraction_script.py:71} INFO - Fetching data for award ID: ASST_NON_B-18-DP-72-0002_8620 (Request 1/507)
[2024-11-26T06:21:12.156+0000] {usa_spending_extraction_script.py:71} INFO - Fetching data for award ID: ASST_NON_B-18-DP-72-0001_8620 (Request 2/507)
[2024-11-26T06:21:14.495+0000] {usa_spending_extraction_script.py:71} INFO - Fetching data for award ID: ASST_NON_B-18-DE-72-0001_8620 (Request 3/507)
[2024-11-26T06:21:16.835+0000] {usa_spending_extraction_script.py:71} INFO - Fetching data for award ID: ASST_NON_B-17-DM-72-0001_8620 (Request 4/507)
[2024-11-26T06:21:19.160+0000] {usa_spending_extraction_script.py:71} INFO - Fetching data for award ID: ASST_NON_B-19-DP-72-0001_8620 (Request 5/507)
[2024-11-26T06:21:21.990+0000] {usa_spending_extraction_script.py:71} INFO - Fetching data for award ID: ASST_NON_B-21-DZ-72-0001_8620 (Request 6/507)
[2024-11-26T06:21:24.310+0000] {usa_spending_extraction_script.py:71} INFO - Fetching data for award ID: ASST_NON_B-10-DC-72-0001_8620 (Request 7/507)
[2024-11-26T06:21:26.672+0000] {usa_spending_extraction_script.py:71} INFO - Fetching data for award ID: ASST_NON_B-09-DC-72-0001_8620 (Request 8/507)
[2024-11-26T06:21:28.972+0000] {local_task_job_runner.py:346} WARNING - State of this instance has been externally set to failed. Terminating instance.
[2024-11-26T06:21:28.974+0000] {local_task_job_runner.py:245} INFO - ::endgroup::
[2024-11-26T06:21:28.976+0000] {process_utils.py:132} INFO - Sending 15 to group 13918. PIDs of all processes in the group: [13918]
[2024-11-26T06:21:28.976+0000] {process_utils.py:87} INFO - Sending the signal 15 to group 13918
[2024-11-26T06:21:28.977+0000] {taskinstance.py:3093} ERROR - Received SIGTERM. Terminating subprocesses.
[2024-11-26T06:21:29.000+0000] {taskinstance.py:340} INFO - ::group::Post task execution logs
[2024-11-26T06:21:29.030+0000] {process_utils.py:80} INFO - Process psutil.Process(pid=13918, status='terminated', exitcode=0, started='06:21:03') (13918) terminated with exit code 0
