[2024-11-26T04:48:54.247+0000] {local_task_job_runner.py:123} INFO - ::group::Pre task execution logs
[2024-11-26T04:48:54.272+0000] {taskinstance.py:2613} INFO - Dependencies all met for dep_context=non-requeueable deps ti=<TaskInstance: ETL_usa_spending.ingest_usa_spending_data_task manual__2024-11-26T04:48:46.036281+00:00 [queued]>
[2024-11-26T04:48:54.286+0000] {taskinstance.py:2613} INFO - Dependencies all met for dep_context=requeueable deps ti=<TaskInstance: ETL_usa_spending.ingest_usa_spending_data_task manual__2024-11-26T04:48:46.036281+00:00 [queued]>
[2024-11-26T04:48:54.287+0000] {taskinstance.py:2866} INFO - Starting attempt 1 of 1
[2024-11-26T04:48:54.310+0000] {taskinstance.py:2889} INFO - Executing <Task(PythonOperator): ingest_usa_spending_data_task> on 2024-11-26 04:48:46.036281+00:00
[2024-11-26T04:48:54.321+0000] {logging_mixin.py:190} WARNING - /home/***/.local/lib/python3.12/site-packages/***/task/task_runner/standard_task_runner.py:70 DeprecationWarning: This process (pid=11639) is multi-threaded, use of fork() may lead to deadlocks in the child.
[2024-11-26T04:48:54.323+0000] {standard_task_runner.py:72} INFO - Started process 11641 to run task
[2024-11-26T04:48:54.321+0000] {standard_task_runner.py:104} INFO - Running: ['***', 'tasks', 'run', 'ETL_usa_spending', 'ingest_usa_spending_data_task', 'manual__2024-11-26T04:48:46.036281+00:00', '--job-id', '352', '--raw', '--subdir', 'DAGS_FOLDER/project_dag.py', '--cfg-path', '/tmp/tmpzmjy24c2']
[2024-11-26T04:48:54.324+0000] {standard_task_runner.py:105} INFO - Job 352: Subtask ingest_usa_spending_data_task
[2024-11-26T04:48:54.396+0000] {task_command.py:467} INFO - Running <TaskInstance: ETL_usa_spending.ingest_usa_spending_data_task manual__2024-11-26T04:48:46.036281+00:00 [running]> on host 6a246d8d590f
[2024-11-26T04:48:54.720+0000] {taskinstance.py:3132} INFO - Exporting env vars: AIRFLOW_CTX_DAG_OWNER='***' AIRFLOW_CTX_DAG_ID='ETL_usa_spending' AIRFLOW_CTX_TASK_ID='ingest_usa_spending_data_task' AIRFLOW_CTX_EXECUTION_DATE='2024-11-26T04:48:46.036281+00:00' AIRFLOW_CTX_TRY_NUMBER='1' AIRFLOW_CTX_DAG_RUN_ID='manual__2024-11-26T04:48:46.036281+00:00'
[2024-11-26T04:48:54.723+0000] {taskinstance.py:731} INFO - ::endgroup::
[2024-11-26T04:48:55.248+0000] {logging_mixin.py:190} INFO - Checking for new data to ingest into subagency
[2024-11-26T04:48:55.556+0000] {logging_mixin.py:190} INFO - Ingesting new data into subagency
[2024-11-26T04:48:55.854+0000] {logging_mixin.py:190} INFO - Data successfully written to table subagency.
[2024-11-26T04:48:56.072+0000] {logging_mixin.py:190} INFO - File moved from s3://project-processed-data/usa_spending_data/sub_agency_20241123_083458.csv to s3://project-processed-data/archived/usa_spending_data/sub_agency_20241123_083458.csv
[2024-11-26T04:48:56.400+0000] {logging_mixin.py:190} INFO - Checking for new data to ingest into grants
[2024-11-26T04:48:56.682+0000] {logging_mixin.py:190} INFO - Ingesting new data into grants
[2024-11-26T04:48:56.984+0000] {logging_mixin.py:190} INFO - Error: insert or update on table "grants" violates foreign key constraint "grants_funding_agency_code_fkey"
DETAIL:  Key (funding_agency_code)=(86.0) is not present in table "agencies".
[2024-11-26T04:48:57.405+0000] {logging_mixin.py:190} INFO - Checking for new data to ingest into funding
[2024-11-26T04:48:57.673+0000] {logging_mixin.py:190} INFO - Ingesting new data into funding
[2024-11-26T04:48:57.944+0000] {logging_mixin.py:190} INFO - Error: insert or update on table "funding" violates foreign key constraint "funding_grant_id_fkey"
DETAIL:  Key (grant_id)=(B-18-DP-72-0002) is not present in table "grants".
[2024-11-26T04:48:58.250+0000] {logging_mixin.py:190} INFO - Checking for new data to ingest into federalawards
[2024-11-26T04:48:58.512+0000] {logging_mixin.py:190} INFO - Ingesting new data into federalawards
[2024-11-26T04:48:58.789+0000] {logging_mixin.py:190} INFO - Error: insert or update on table "federalawards" violates foreign key constraint "federalawards_grant_id_fkey"
DETAIL:  Key (grant_id)=(B-18-DP-72-0002) is not present in table "grants".
[2024-11-26T04:48:59.153+0000] {logging_mixin.py:190} INFO - Checking for new data to ingest into transactions
[2024-11-26T04:48:59.427+0000] {logging_mixin.py:190} INFO - Ingesting new data into transactions
[2024-11-26T04:48:59.696+0000] {logging_mixin.py:190} INFO - Error: insert or update on table "transactions" violates foreign key constraint "transactions_grant_id_fkey"
DETAIL:  Key (grant_id)=(B-18-DP-72-0002) is not present in table "grants".
[2024-11-26T04:48:59.996+0000] {logging_mixin.py:190} INFO - Checking for new data to ingest into subawards
[2024-11-26T04:49:00.310+0000] {logging_mixin.py:190} INFO - Ingesting new data into subawards
[2024-11-26T04:49:00.602+0000] {logging_mixin.py:190} INFO - Error: insert or update on table "subawards" violates foreign key constraint "subawards_grant_id_fkey"
DETAIL:  Key (grant_id)=(B-18-DP-72-0002) is not present in table "grants".
[2024-11-26T04:49:00.603+0000] {python.py:240} INFO - Done. Returned value was: None
[2024-11-26T04:49:00.613+0000] {taskinstance.py:340} INFO - ::group::Post task execution logs
[2024-11-26T04:49:00.613+0000] {taskinstance.py:352} INFO - Marking task as SUCCESS. dag_id=ETL_usa_spending, task_id=ingest_usa_spending_data_task, run_id=manual__2024-11-26T04:48:46.036281+00:00, execution_date=20241126T044846, start_date=20241126T044854, end_date=20241126T044900
[2024-11-26T04:49:00.640+0000] {local_task_job_runner.py:266} INFO - Task exited with return code 0
[2024-11-26T04:49:00.655+0000] {taskinstance.py:3895} INFO - 0 downstream tasks scheduled from follow-on schedule check
[2024-11-26T04:49:00.657+0000] {local_task_job_runner.py:245} INFO - ::endgroup::
