[2024-11-26T06:24:00.564+0000] {local_task_job_runner.py:123} INFO - ::group::Pre task execution logs
[2024-11-26T06:24:00.590+0000] {taskinstance.py:2613} INFO - Dependencies all met for dep_context=non-requeueable deps ti=<TaskInstance: ETL_usa_spending.extract_usa_spending_data_task manual__2024-11-26T06:23:58.227933+00:00 [queued]>
[2024-11-26T06:24:00.603+0000] {taskinstance.py:2613} INFO - Dependencies all met for dep_context=requeueable deps ti=<TaskInstance: ETL_usa_spending.extract_usa_spending_data_task manual__2024-11-26T06:23:58.227933+00:00 [queued]>
[2024-11-26T06:24:00.604+0000] {taskinstance.py:2866} INFO - Starting attempt 1 of 1
[2024-11-26T06:24:00.627+0000] {taskinstance.py:2889} INFO - Executing <Task(PythonOperator): extract_usa_spending_data_task> on 2024-11-26 06:23:58.227933+00:00
[2024-11-26T06:24:00.642+0000] {logging_mixin.py:190} WARNING - /home/***/.local/lib/python3.12/site-packages/***/task/task_runner/standard_task_runner.py:70 DeprecationWarning: This process (pid=13993) is multi-threaded, use of fork() may lead to deadlocks in the child.
[2024-11-26T06:24:00.641+0000] {standard_task_runner.py:104} INFO - Running: ['***', 'tasks', 'run', 'ETL_usa_spending', 'extract_usa_spending_data_task', 'manual__2024-11-26T06:23:58.227933+00:00', '--job-id', '384', '--raw', '--subdir', 'DAGS_FOLDER/project_dag.py', '--cfg-path', '/tmp/tmpire7r37n']
[2024-11-26T06:24:00.645+0000] {standard_task_runner.py:72} INFO - Started process 13995 to run task
[2024-11-26T06:24:00.645+0000] {standard_task_runner.py:105} INFO - Job 384: Subtask extract_usa_spending_data_task
[2024-11-26T06:24:00.734+0000] {task_command.py:467} INFO - Running <TaskInstance: ETL_usa_spending.extract_usa_spending_data_task manual__2024-11-26T06:23:58.227933+00:00 [running]> on host 6a246d8d590f
[2024-11-26T06:24:01.207+0000] {taskinstance.py:3132} INFO - Exporting env vars: AIRFLOW_CTX_DAG_OWNER='***' AIRFLOW_CTX_DAG_ID='ETL_usa_spending' AIRFLOW_CTX_TASK_ID='extract_usa_spending_data_task' AIRFLOW_CTX_EXECUTION_DATE='2024-11-26T06:23:58.227933+00:00' AIRFLOW_CTX_TRY_NUMBER='1' AIRFLOW_CTX_DAG_RUN_ID='manual__2024-11-26T06:23:58.227933+00:00'
[2024-11-26T06:24:01.209+0000] {taskinstance.py:731} INFO - ::endgroup::
[2024-11-26T06:24:01.228+0000] {logging_mixin.py:190} INFO - Extracting Spending Data
[2024-11-26T06:24:06.530+0000] {logging_mixin.py:190} INFO - File saved to S3: s3://project-raw-data-files/usa_spending_data/spending_by_award_11_26_2024.csv
[2024-11-26T06:24:06.533+0000] {logging_mixin.py:190} INFO - Extracting Transactions Data
[2024-11-26T06:24:06.536+0000] {usa_spending_extraction_script.py:320} INFO - Fetching transactions for award_id: ASST_NON_B-18-DP-72-0002_8620
[2024-11-26T06:24:06.866+0000] {usa_spending_extraction_script.py:320} INFO - Fetching transactions for award_id: ASST_NON_B-18-DP-72-0001_8620
[2024-11-26T06:24:07.204+0000] {usa_spending_extraction_script.py:320} INFO - Fetching transactions for award_id: ASST_NON_B-18-DE-72-0001_8620
[2024-11-26T06:24:07.568+0000] {usa_spending_extraction_script.py:320} INFO - Fetching transactions for award_id: ASST_NON_B-17-DM-72-0001_8620
[2024-11-26T06:24:07.922+0000] {usa_spending_extraction_script.py:320} INFO - Fetching transactions for award_id: ASST_NON_B-19-DP-72-0001_8620
[2024-11-26T06:24:08.318+0000] {usa_spending_extraction_script.py:320} INFO - Fetching transactions for award_id: ASST_NON_B-21-DZ-72-0001_8620
[2024-11-26T06:24:08.667+0000] {usa_spending_extraction_script.py:320} INFO - Fetching transactions for award_id: ASST_NON_B-10-DC-72-0001_8620
[2024-11-26T06:24:09.006+0000] {usa_spending_extraction_script.py:320} INFO - Fetching transactions for award_id: ASST_NON_B-09-DC-72-0001_8620
[2024-11-26T06:24:09.358+0000] {usa_spending_extraction_script.py:320} INFO - Fetching transactions for award_id: ASST_NON_B-08-DC-72-0001_8620
[2024-11-26T06:24:09.694+0000] {usa_spending_extraction_script.py:320} INFO - Fetching transactions for award_id: ASST_NON_B-11-DC-72-0001_8620
[2024-11-26T06:24:10.084+0000] {usa_spending_extraction_script.py:320} INFO - Fetching transactions for award_id: ASST_NON_B-19-DF-72-0001_8620
[2024-11-26T06:24:10.471+0000] {usa_spending_extraction_script.py:320} INFO - Fetching transactions for award_id: ASST_NON_B-20-DW-72-0001_8620
[2024-11-26T06:24:10.900+0000] {usa_spending_extraction_script.py:320} INFO - Fetching transactions for award_id: ASST_NON_B-08-DI-72-0001_8620
[2024-11-26T06:24:11.303+0000] {usa_spending_extraction_script.py:320} INFO - Fetching transactions for award_id: ASST_NON_B-12-DC-72-0001_8620
[2024-11-26T06:24:11.649+0000] {usa_spending_extraction_script.py:320} INFO - Fetching transactions for award_id: ASST_NON_B-13-DC-72-0001_8620
[2024-11-26T06:24:12.030+0000] {usa_spending_extraction_script.py:320} INFO - Fetching transactions for award_id: ASST_NON_B-14-DC-72-0001_8620
[2024-11-26T06:24:12.366+0000] {usa_spending_extraction_script.py:320} INFO - Fetching transactions for award_id: ASST_NON_B-18-DC-72-0001_8620
[2024-11-26T06:24:12.725+0000] {usa_spending_extraction_script.py:320} INFO - Fetching transactions for award_id: ASST_NON_B-15-DC-72-0001_8620
[2024-11-26T06:24:13.091+0000] {usa_spending_extraction_script.py:320} INFO - Fetching transactions for award_id: ASST_NON_B-20-DC-72-0001_8620
[2024-11-26T06:24:13.440+0000] {usa_spending_extraction_script.py:320} INFO - Fetching transactions for award_id: ASST_NON_B-21-DC-72-0001_8620
[2024-11-26T06:24:13.792+0000] {usa_spending_extraction_script.py:320} INFO - Fetching transactions for award_id: ASST_NON_B-19-DC-72-0001_8620
[2024-11-26T06:24:14.125+0000] {usa_spending_extraction_script.py:320} INFO - Fetching transactions for award_id: ASST_NON_B-16-DC-72-0001_8620
[2024-11-26T06:24:14.576+0000] {usa_spending_extraction_script.py:320} INFO - Fetching transactions for award_id: ASST_NON_B-17-DC-72-0001_8620
[2024-11-26T06:24:14.937+0000] {usa_spending_extraction_script.py:320} INFO - Fetching transactions for award_id: ASST_NON_B-22-DC-72-0001_8620
[2024-11-26T06:24:16.334+0000] {usa_spending_extraction_script.py:320} INFO - Fetching transactions for award_id: ASST_NON_B-23-DC-72-0001_8620
[2024-11-26T06:24:16.796+0000] {usa_spending_extraction_script.py:320} INFO - Fetching transactions for award_id: ASST_NON_B-24-DC-72-0001_8620
[2024-11-26T06:24:17.251+0000] {usa_spending_extraction_script.py:320} INFO - Fetching transactions for award_id: ASST_NON_B-08-DN-72-0001_8620
[2024-11-26T06:24:17.730+0000] {usa_spending_extraction_script.py:320} INFO - Fetching transactions for award_id: ASST_NON_B-10-MC-72-0007_8620
[2024-11-26T06:24:18.471+0000] {usa_spending_extraction_script.py:320} INFO - Fetching transactions for award_id: ASST_NON_B-09-MC-72-0007_8620
[2024-11-26T06:24:18.814+0000] {usa_spending_extraction_script.py:320} INFO - Fetching transactions for award_id: ASST_NON_B-08-MC-72-0007_8620
[2024-11-26T06:24:19.186+0000] {usa_spending_extraction_script.py:320} INFO - Fetching transactions for award_id: ASST_NON_B-11-MC-72-0007_8620
[2024-11-26T06:24:19.525+0000] {usa_spending_extraction_script.py:320} INFO - Fetching transactions for award_id: ASST_NON_B-05-DJ-72-0001_8620
[2024-11-26T06:24:19.860+0000] {usa_spending_extraction_script.py:320} INFO - Fetching transactions for award_id: ASST_NON_B-21-MC-72-0007_8620
[2024-11-26T06:24:20.261+0000] {usa_spending_extraction_script.py:320} INFO - Fetching transactions for award_id: ASST_NON_B-20-MC-72-0007_8620
[2024-11-26T06:24:20.687+0000] {usa_spending_extraction_script.py:320} INFO - Fetching transactions for award_id: ASST_NON_B-19-MC-72-0007_8620
[2024-11-26T06:24:21.050+0000] {usa_spending_extraction_script.py:320} INFO - Fetching transactions for award_id: ASST_NON_B-24-MC-72-0007_8620
[2024-11-26T06:24:21.423+0000] {usa_spending_extraction_script.py:320} INFO - Fetching transactions for award_id: ASST_NON_B-18-MC-72-0007_8620
[2024-11-26T06:24:21.784+0000] {usa_spending_extraction_script.py:320} INFO - Fetching transactions for award_id: ASST_NON_B-23-MC-72-0007_8620
[2024-11-26T06:24:22.129+0000] {usa_spending_extraction_script.py:320} INFO - Fetching transactions for award_id: ASST_NON_B-22-MC-72-0007_8620
[2024-11-26T06:24:22.456+0000] {usa_spending_extraction_script.py:320} INFO - Fetching transactions for award_id: ASST_NON_B-20-MW-72-0007_8620
[2024-11-26T06:24:22.810+0000] {usa_spending_extraction_script.py:320} INFO - Fetching transactions for award_id: ASST_NON_B-13-MC-72-0007_8620
[2024-11-26T06:24:23.157+0000] {usa_spending_extraction_script.py:320} INFO - Fetching transactions for award_id: ASST_NON_B-14-MC-72-0007_8620
[2024-11-26T06:24:23.515+0000] {usa_spending_extraction_script.py:320} INFO - Fetching transactions for award_id: ASST_NON_B-17-MC-72-0007_8620
[2024-11-26T06:24:23.858+0000] {usa_spending_extraction_script.py:320} INFO - Fetching transactions for award_id: ASST_NON_B-15-MC-72-0007_8620
[2024-11-26T06:24:24.246+0000] {usa_spending_extraction_script.py:320} INFO - Fetching transactions for award_id: ASST_NON_B-16-MC-72-0007_8620
[2024-11-26T06:24:24.631+0000] {usa_spending_extraction_script.py:320} INFO - Fetching transactions for award_id: ASST_NON_B-12-MC-72-0007_8620
[2024-11-26T06:24:24.978+0000] {usa_spending_extraction_script.py:320} INFO - Fetching transactions for award_id: ASST_NON_B-13-MC-72-0003_8620
[2024-11-26T06:24:25.328+0000] {usa_spending_extraction_script.py:320} INFO - Fetching transactions for award_id: ASST_NON_B-10-MC-72-0003_8620
[2024-11-26T06:24:25.660+0000] {usa_spending_extraction_script.py:320} INFO - Fetching transactions for award_id: ASST_NON_B-13-MC-72-0004_8620
[2024-11-26T06:24:26.059+0000] {usa_spending_extraction_script.py:320} INFO - Fetching transactions for award_id: ASST_NON_B-09-MC-72-0003_8620
[2024-11-26T06:24:26.448+0000] {usa_spending_extraction_script.py:320} INFO - Fetching transactions for award_id: ASST_NON_B-08-MC-72-0003_8620
[2024-11-26T06:24:26.788+0000] {usa_spending_extraction_script.py:320} INFO - Fetching transactions for award_id: ASST_NON_B-10-MC-72-0004_8620
[2024-11-26T06:24:27.148+0000] {usa_spending_extraction_script.py:320} INFO - Fetching transactions for award_id: ASST_NON_B-13-MC-72-0005_8620
[2024-11-26T06:24:27.551+0000] {usa_spending_extraction_script.py:320} INFO - Fetching transactions for award_id: ASST_NON_B-11-MC-72-0003_8620
[2024-11-26T06:24:28.002+0000] {usa_spending_extraction_script.py:320} INFO - Fetching transactions for award_id: ASST_NON_B-09-MC-72-0004_8620
[2024-11-26T06:24:28.422+0000] {usa_spending_extraction_script.py:320} INFO - Fetching transactions for award_id: ASST_NON_B-08-MC-72-0004_8620
[2024-11-26T06:24:29.658+0000] {usa_spending_extraction_script.py:320} INFO - Fetching transactions for award_id: ASST_NON_B-10-MC-72-0005_8620
[2024-11-26T06:24:30.062+0000] {usa_spending_extraction_script.py:320} INFO - Fetching transactions for award_id: ASST_NON_B-11-MC-72-0004_8620
[2024-11-26T06:24:31.659+0000] {usa_spending_extraction_script.py:320} INFO - Fetching transactions for award_id: ASST_NON_B-13-MC-72-0001_8620
[2024-11-26T06:24:32.058+0000] {usa_spending_extraction_script.py:320} INFO - Fetching transactions for award_id: ASST_NON_B-09-MC-72-0005_8620
[2024-11-26T06:24:33.546+0000] {usa_spending_extraction_script.py:320} INFO - Fetching transactions for award_id: ASST_NON_B-08-MC-72-0005_8620
[2024-11-26T06:24:34.097+0000] {usa_spending_extraction_script.py:320} INFO - Fetching transactions for award_id: ASST_NON_B-10-MC-72-0001_8620
[2024-11-26T06:24:34.496+0000] {usa_spending_extraction_script.py:320} INFO - Fetching transactions for award_id: ASST_NON_B-11-MC-72-0005_8620
[2024-11-26T06:24:34.844+0000] {usa_spending_extraction_script.py:320} INFO - Fetching transactions for award_id: ASST_NON_B-09-MC-72-0001_8620
[2024-11-26T06:24:35.194+0000] {usa_spending_extraction_script.py:320} INFO - Fetching transactions for award_id: ASST_NON_B-08-MC-72-0001_8620
[2024-11-26T06:24:35.538+0000] {usa_spending_extraction_script.py:320} INFO - Fetching transactions for award_id: ASST_NON_B-13-MC-72-0002_8620
[2024-11-26T06:24:35.908+0000] {usa_spending_extraction_script.py:320} INFO - Fetching transactions for award_id: ASST_NON_B-10-MC-72-0002_8620
[2024-11-26T06:24:36.264+0000] {usa_spending_extraction_script.py:320} INFO - Fetching transactions for award_id: ASST_NON_B-13-MC-72-0009_8620
[2024-11-26T06:24:36.605+0000] {usa_spending_extraction_script.py:320} INFO - Fetching transactions for award_id: ASST_NON_B-12-MC-72-0003_8620
[2024-11-26T06:24:36.970+0000] {usa_spending_extraction_script.py:320} INFO - Fetching transactions for award_id: ASST_NON_B-11-MC-72-0001_8620
[2024-11-26T06:24:37.326+0000] {usa_spending_extraction_script.py:320} INFO - Fetching transactions for award_id: ASST_NON_B-10-MC-72-0009_8620
[2024-11-26T06:24:37.669+0000] {usa_spending_extraction_script.py:320} INFO - Fetching transactions for award_id: ASST_NON_B-09-MC-72-0002_8620
[2024-11-26T06:24:38.016+0000] {usa_spending_extraction_script.py:320} INFO - Fetching transactions for award_id: ASST_NON_B-08-MC-72-0002_8620
[2024-11-26T06:24:38.336+0000] {usa_spending_extraction_script.py:320} INFO - Fetching transactions for award_id: ASST_NON_B-14-MC-72-0003_8620
[2024-11-26T06:24:38.696+0000] {usa_spending_extraction_script.py:320} INFO - Fetching transactions for award_id: ASST_NON_B-09-MC-72-0009_8620
[2024-11-26T06:24:39.128+0000] {usa_spending_extraction_script.py:320} INFO - Fetching transactions for award_id: ASST_NON_B-13-MC-72-0008_8620
[2024-11-26T06:24:39.474+0000] {usa_spending_extraction_script.py:320} INFO - Fetching transactions for award_id: ASST_NON_B-08-MC-72-0009_8620
[2024-11-26T06:24:39.809+0000] {usa_spending_extraction_script.py:320} INFO - Fetching transactions for award_id: ASST_NON_B-12-MC-72-0004_8620
[2024-11-26T06:24:40.211+0000] {usa_spending_extraction_script.py:320} INFO - Fetching transactions for award_id: ASST_NON_B-15-MC-72-0003_8620
[2024-11-26T06:24:40.690+0000] {usa_spending_extraction_script.py:320} INFO - Fetching transactions for award_id: ASST_NON_B-11-MC-72-0002_8620
[2024-11-26T06:24:41.044+0000] {usa_spending_extraction_script.py:320} INFO - Fetching transactions for award_id: ASST_NON_B-14-MC-72-0004_8620
[2024-11-26T06:24:41.379+0000] {usa_spending_extraction_script.py:320} INFO - Fetching transactions for award_id: ASST_NON_B-18-MC-72-0003_8620
[2024-11-26T06:24:41.717+0000] {usa_spending_extraction_script.py:320} INFO - Fetching transactions for award_id: ASST_NON_B-20-MC-72-0003_8620
[2024-11-26T06:24:42.118+0000] {usa_spending_extraction_script.py:320} INFO - Fetching transactions for award_id: ASST_NON_B-16-MC-72-0003_8620
[2024-11-26T06:24:42.492+0000] {usa_spending_extraction_script.py:320} INFO - Fetching transactions for award_id: ASST_NON_B-21-MC-72-0003_8620
[2024-11-26T06:24:43.078+0000] {usa_spending_extraction_script.py:320} INFO - Fetching transactions for award_id: ASST_NON_B-12-MC-72-0005_8620
[2024-11-26T06:24:43.457+0000] {usa_spending_extraction_script.py:320} INFO - Fetching transactions for award_id: ASST_NON_B-20-MW-72-0003_8620
[2024-11-26T06:24:43.808+0000] {usa_spending_extraction_script.py:320} INFO - Fetching transactions for award_id: ASST_NON_B-19-MC-72-0003_8620
[2024-11-26T06:24:44.148+0000] {usa_spending_extraction_script.py:320} INFO - Fetching transactions for award_id: ASST_NON_B-20-MW-72-0004_8620
[2024-11-26T06:24:44.720+0000] {usa_spending_extraction_script.py:320} INFO - Fetching transactions for award_id: ASST_NON_B-24-MC-72-0003_8620
[2024-11-26T06:24:45.207+0000] {usa_spending_extraction_script.py:320} INFO - Fetching transactions for award_id: ASST_NON_B-15-MC-72-0004_8620
[2024-11-26T06:24:45.726+0000] {usa_spending_extraction_script.py:320} INFO - Fetching transactions for award_id: ASST_NON_B-23-MC-72-0003_8620
[2024-11-26T06:24:46.110+0000] {usa_spending_extraction_script.py:320} INFO - Fetching transactions for award_id: ASST_NON_B-17-MC-72-0003_8620
[2024-11-26T06:24:46.459+0000] {usa_spending_extraction_script.py:320} INFO - Fetching transactions for award_id: ASST_NON_B-22-MC-72-0003_8620
[2024-11-26T06:24:46.890+0000] {usa_spending_extraction_script.py:320} INFO - Fetching transactions for award_id: ASST_NON_B-18-MC-72-0004_8620
[2024-11-26T06:24:47.384+0000] {usa_spending_extraction_script.py:320} INFO - Fetching transactions for award_id: ASST_NON_B-10-MC-72-0008_8620
[2024-11-26T06:24:47.772+0000] {usa_spending_extraction_script.py:320} INFO - Fetching transactions for award_id: ASST_NON_B-13-MC-72-0017_8620
[2024-11-26T06:24:48.204+0000] {usa_spending_extraction_script.py:320} INFO - Fetching transactions for award_id: ASST_NON_B-13-MC-72-0011_8620
[2024-11-26T06:24:48.600+0000] {usa_spending_extraction_script.py:320} INFO - Fetching transactions for award_id: ASST_NON_B-21-MC-72-0004_8620
[2024-11-26T06:24:48.985+0000] {usa_spending_extraction_script.py:320} INFO - Fetching transactions for award_id: ASST_NON_B-16-MC-72-0004_8620
[2024-11-26T06:24:49.322+0000] {usa_spending_extraction_script.py:320} INFO - Fetching transactions for award_id: ASST_NON_B-20-MC-72-0004_8620
[2024-11-26T06:24:49.662+0000] {usa_spending_extraction_script.py:320} INFO - Fetching transactions for award_id: ASST_NON_B-19-MC-72-0004_8620
[2024-11-26T06:24:50.053+0000] {usa_spending_extraction_script.py:320} INFO - Fetching transactions for award_id: ASST_NON_B-24-MC-72-0004_8620
[2024-11-26T06:24:50.477+0000] {usa_spending_extraction_script.py:320} INFO - Fetching transactions for award_id: ASST_NON_B-14-MC-72-0005_8620
[2024-11-26T06:24:50.854+0000] {usa_spending_extraction_script.py:320} INFO - Fetching transactions for award_id: ASST_NON_B-22-MC-72-0004_8620
[2024-11-26T06:24:51.254+0000] {usa_spending_extraction_script.py:320} INFO - Fetching transactions for award_id: ASST_NON_B-17-MC-72-0004_8620
[2024-11-26T06:24:51.670+0000] {usa_spending_extraction_script.py:320} INFO - Fetching transactions for award_id: ASST_NON_B-23-MC-72-0004_8620
[2024-11-26T06:24:52.012+0000] {usa_spending_extraction_script.py:320} INFO - Fetching transactions for award_id: ASST_NON_B-09-MC-72-0008_8620
[2024-11-26T06:24:52.361+0000] {usa_spending_extraction_script.py:320} INFO - Fetching transactions for award_id: ASST_NON_B-08-MC-72-0008_8620
[2024-11-26T06:24:52.727+0000] {usa_spending_extraction_script.py:320} INFO - Fetching transactions for award_id: ASST_NON_B-13-MC-72-0014_8620
[2024-11-26T06:24:53.066+0000] {usa_spending_extraction_script.py:320} INFO - Fetching transactions for award_id: ASST_NON_B-10-MC-72-0006_8620
[2024-11-26T06:24:53.398+0000] {usa_spending_extraction_script.py:320} INFO - Fetching transactions for award_id: ASST_NON_B-13-MC-72-0020_8620
[2024-11-26T06:24:53.761+0000] {usa_spending_extraction_script.py:320} INFO - Fetching transactions for award_id: ASST_NON_B-13-MC-72-0013_8620
[2024-11-26T06:24:54.102+0000] {usa_spending_extraction_script.py:320} INFO - Fetching transactions for award_id: ASST_NON_B-10-MC-72-0011_8620
[2024-11-26T06:24:54.537+0000] {usa_spending_extraction_script.py:320} INFO - Fetching transactions for award_id: ASST_NON_B-12-MC-72-0001_8620
[2024-11-26T06:24:55.088+0000] {usa_spending_extraction_script.py:320} INFO - Fetching transactions for award_id: ASST_NON_B-15-MC-72-0005_8620
[2024-11-26T06:24:55.409+0000] {usa_spending_extraction_script.py:320} INFO - Fetching transactions for award_id: ASST_NON_B-20-MW-72-0005_8620
[2024-11-26T06:24:55.774+0000] {usa_spending_extraction_script.py:320} INFO - Fetching transactions for award_id: ASST_NON_B-09-MC-72-0006_8620
[2024-11-26T06:24:56.123+0000] {usa_spending_extraction_script.py:320} INFO - Fetching transactions for award_id: ASST_NON_B-11-MC-72-0008_8620
[2024-11-26T06:24:56.562+0000] {usa_spending_extraction_script.py:320} INFO - Fetching transactions for award_id: ASST_NON_B-08-MC-72-0006_8620
[2024-11-26T06:24:56.929+0000] {usa_spending_extraction_script.py:320} INFO - Fetching transactions for award_id: ASST_NON_B-13-MC-72-0010_8620
[2024-11-26T06:24:57.292+0000] {usa_spending_extraction_script.py:320} INFO - Fetching transactions for award_id: ASST_NON_B-18-MC-72-0005_8620
[2024-11-26T06:24:57.628+0000] {usa_spending_extraction_script.py:320} INFO - Fetching transactions for award_id: ASST_NON_B-09-MC-72-0011_8620
[2024-11-26T06:24:58.001+0000] {usa_spending_extraction_script.py:320} INFO - Fetching transactions for award_id: ASST_NON_B-10-MC-72-0014_8620
[2024-11-26T06:24:58.361+0000] {usa_spending_extraction_script.py:320} INFO - Fetching transactions for award_id: ASST_NON_B-16-MC-72-0005_8620
[2024-11-26T06:24:58.730+0000] {usa_spending_extraction_script.py:320} INFO - Fetching transactions for award_id: ASST_NON_B-08-MC-72-0011_8620
[2024-11-26T06:24:59.072+0000] {usa_spending_extraction_script.py:320} INFO - Fetching transactions for award_id: ASST_NON_B-14-MC-72-0001_8620
[2024-11-26T06:24:59.422+0000] {usa_spending_extraction_script.py:320} INFO - Fetching transactions for award_id: ASST_NON_B-13-MC-72-0019_8620
[2024-11-26T06:24:59.781+0000] {usa_spending_extraction_script.py:320} INFO - Fetching transactions for award_id: ASST_NON_B-20-MW-72-0001_8620
[2024-11-26T06:25:00.133+0000] {usa_spending_extraction_script.py:320} INFO - Fetching transactions for award_id: ASST_NON_B-19-MC-72-0005_8620
[2024-11-26T06:25:00.495+0000] {usa_spending_extraction_script.py:320} INFO - Fetching transactions for award_id: ASST_NON_B-23-MC-72-0005_8620
[2024-11-26T06:25:00.828+0000] {usa_spending_extraction_script.py:320} INFO - Fetching transactions for award_id: ASST_NON_B-24-MC-72-0005_8620
[2024-11-26T06:25:01.307+0000] {usa_spending_extraction_script.py:320} INFO - Fetching transactions for award_id: ASST_NON_B-21-MC-72-0005_8620
[2024-11-26T06:25:01.940+0000] {usa_spending_extraction_script.py:320} INFO - Fetching transactions for award_id: ASST_NON_B-17-MC-72-0005_8620
[2024-11-26T06:25:02.439+0000] {usa_spending_extraction_script.py:320} INFO - Fetching transactions for award_id: ASST_NON_B-13-MC-72-0024_8620
[2024-11-26T06:25:03.114+0000] {usa_spending_extraction_script.py:320} INFO - Fetching transactions for award_id: ASST_NON_B-20-MC-72-0001_8620
[2024-11-26T06:25:03.612+0000] {usa_spending_extraction_script.py:320} INFO - Fetching transactions for award_id: ASST_NON_B-22-MC-72-0005_8620
[2024-11-26T06:25:04.135+0000] {usa_spending_extraction_script.py:320} INFO - Fetching transactions for award_id: ASST_NON_B-20-MC-72-0005_8620
[2024-11-26T06:25:04.695+0000] {usa_spending_extraction_script.py:320} INFO - Fetching transactions for award_id: ASST_NON_B-13-MC-72-0022_8620
[2024-11-26T06:25:05.123+0000] {usa_spending_extraction_script.py:320} INFO - Fetching transactions for award_id: ASST_NON_B-18-MC-72-0001_8620
[2024-11-26T06:25:05.493+0000] {usa_spending_extraction_script.py:320} INFO - Fetching transactions for award_id: ASST_NON_B-21-MC-72-0001_8620
[2024-11-26T06:25:05.861+0000] {usa_spending_extraction_script.py:320} INFO - Fetching transactions for award_id: ASST_NON_B-11-MC-72-0006_8620
[2024-11-26T06:25:06.247+0000] {usa_spending_extraction_script.py:320} INFO - Fetching transactions for award_id: ASST_NON_B-13-MC-72-0027_8620
[2024-11-26T06:25:06.593+0000] {usa_spending_extraction_script.py:320} INFO - Fetching transactions for award_id: ASST_NON_B-13-MC-72-0016_8620
[2024-11-26T06:25:07.213+0000] {usa_spending_extraction_script.py:320} INFO - Fetching transactions for award_id: ASST_NON_B-09-MC-72-0014_8620
[2024-11-26T06:25:07.699+0000] {usa_spending_extraction_script.py:320} INFO - Fetching transactions for award_id: ASST_NON_B-10-MC-72-0020_8620
[2024-11-26T06:25:08.058+0000] {usa_spending_extraction_script.py:320} INFO - Fetching transactions for award_id: ASST_NON_B-22-MC-72-0001_8620
[2024-11-26T06:25:08.412+0000] {usa_spending_extraction_script.py:320} INFO - Fetching transactions for award_id: ASST_NON_B-19-MC-72-0001_8620
[2024-11-26T06:25:10.610+0000] {usa_spending_extraction_script.py:320} INFO - Fetching transactions for award_id: ASST_NON_B-08-MC-72-0014_8620
[2024-11-26T06:25:10.944+0000] {usa_spending_extraction_script.py:320} INFO - Fetching transactions for award_id: ASST_NON_B-10-MC-72-0010_8620
[2024-11-26T06:25:11.309+0000] {usa_spending_extraction_script.py:320} INFO - Fetching transactions for award_id: ASST_NON_B-23-MC-72-0001_8620
[2024-11-26T06:25:11.675+0000] {usa_spending_extraction_script.py:320} INFO - Fetching transactions for award_id: ASST_NON_B-24-MC-72-0001_8620
[2024-11-26T06:25:12.038+0000] {usa_spending_extraction_script.py:320} INFO - Fetching transactions for award_id: ASST_NON_B-10-MC-72-0013_8620
[2024-11-26T06:25:12.370+0000] {usa_spending_extraction_script.py:320} INFO - Fetching transactions for award_id: ASST_NON_B-13-MC-72-0026_8620
[2024-11-26T06:25:12.748+0000] {usa_spending_extraction_script.py:320} INFO - Fetching transactions for award_id: ASST_NON_B-10-MC-72-0017_8620
[2024-11-26T06:25:13.097+0000] {usa_spending_extraction_script.py:320} INFO - Fetching transactions for award_id: ASST_NON_B-11-MC-72-0011_8620
[2024-11-26T06:25:13.441+0000] {usa_spending_extraction_script.py:320} INFO - Fetching transactions for award_id: ASST_NON_B-12-MC-72-0002_8620
[2024-11-26T06:25:13.795+0000] {usa_spending_extraction_script.py:320} INFO - Fetching transactions for award_id: ASST_NON_B-15-MC-72-0001_8620
[2024-11-26T06:25:14.232+0000] {usa_spending_extraction_script.py:320} INFO - Fetching transactions for award_id: ASST_NON_B-16-MC-72-0001_8620
[2024-11-26T06:25:14.633+0000] {usa_spending_extraction_script.py:320} INFO - Fetching transactions for award_id: ASST_NON_B-12-MC-72-0009_8620
[2024-11-26T06:25:15.318+0000] {usa_spending_extraction_script.py:320} INFO - Fetching transactions for award_id: ASST_NON_B-13-MC-72-0023_8620
[2024-11-26T06:25:15.768+0000] {usa_spending_extraction_script.py:320} INFO - Fetching transactions for award_id: ASST_NON_B-09-MC-72-0020_8620
[2024-11-26T06:25:16.394+0000] {usa_spending_extraction_script.py:320} INFO - Fetching transactions for award_id: ASST_NON_B-17-MC-72-0001_8620
[2024-11-26T06:25:16.838+0000] {usa_spending_extraction_script.py:320} INFO - Fetching transactions for award_id: ASST_NON_B-10-MC-72-0027_8620
[2024-11-26T06:25:17.219+0000] {usa_spending_extraction_script.py:320} INFO - Fetching transactions for award_id: ASST_NON_B-09-MC-72-0010_8620
[2024-11-26T06:25:17.656+0000] {usa_spending_extraction_script.py:320} INFO - Fetching transactions for award_id: ASST_NON_B-08-MC-72-0020_8620
[2024-11-26T06:25:18.051+0000] {usa_spending_extraction_script.py:320} INFO - Fetching transactions for award_id: ASST_NON_B-09-MC-72-0013_8620
[2024-11-26T06:25:18.458+0000] {usa_spending_extraction_script.py:320} INFO - Fetching transactions for award_id: ASST_NON_B-11-MC-72-0014_8620
[2024-11-26T06:25:18.927+0000] {usa_spending_extraction_script.py:320} INFO - Fetching transactions for award_id: ASST_NON_B-09-MC-72-0017_8620
[2024-11-26T06:25:19.504+0000] {usa_spending_extraction_script.py:320} INFO - Fetching transactions for award_id: ASST_NON_B-08-MC-72-0010_8620
[2024-11-26T06:25:20.046+0000] {usa_spending_extraction_script.py:320} INFO - Fetching transactions for award_id: ASST_NON_B-10-MC-72-0019_8620
[2024-11-26T06:25:20.504+0000] {usa_spending_extraction_script.py:320} INFO - Fetching transactions for award_id: ASST_NON_B-08-MC-72-0013_8620
[2024-11-26T06:25:21.023+0000] {usa_spending_extraction_script.py:320} INFO - Fetching transactions for award_id: ASST_NON_B-13-MC-72-0018_8620
[2024-11-26T06:25:21.418+0000] {usa_spending_extraction_script.py:320} INFO - Fetching transactions for award_id: ASST_NON_B-13-MC-72-0015_8620
[2024-11-26T06:25:21.855+0000] {usa_spending_extraction_script.py:320} INFO - Fetching transactions for award_id: ASST_NON_B-08-MC-72-0017_8620
[2024-11-26T06:25:22.258+0000] {usa_spending_extraction_script.py:320} INFO - Fetching transactions for award_id: ASST_NON_B-14-MC-72-0002_8620
[2024-11-26T06:25:22.624+0000] {usa_spending_extraction_script.py:320} INFO - Fetching transactions for award_id: ASST_NON_B-10-MC-72-0026_8620
[2024-11-26T06:25:22.998+0000] {usa_spending_extraction_script.py:320} INFO - Fetching transactions for award_id: ASST_NON_B-09-MC-72-0027_8620
[2024-11-26T06:25:23.374+0000] {usa_spending_extraction_script.py:320} INFO - Fetching transactions for award_id: ASST_NON_B-21-MC-72-0002_8620
[2024-11-26T06:25:23.707+0000] {usa_spending_extraction_script.py:320} INFO - Fetching transactions for award_id: ASST_NON_B-08-MC-72-0027_8620
[2024-11-26T06:25:24.072+0000] {usa_spending_extraction_script.py:320} INFO - Fetching transactions for award_id: ASST_NON_B-10-MC-72-0018_8620
[2024-11-26T06:25:24.404+0000] {usa_spending_extraction_script.py:320} INFO - Fetching transactions for award_id: ASST_NON_B-14-MC-72-0009_8620
[2024-11-26T06:25:24.765+0000] {usa_spending_extraction_script.py:320} INFO - Fetching transactions for award_id: ASST_NON_B-11-MC-72-0020_8620
[2024-11-26T06:25:25.111+0000] {usa_spending_extraction_script.py:320} INFO - Fetching transactions for award_id: ASST_NON_B-09-MC-72-0019_8620
[2024-11-26T06:25:25.582+0000] {usa_spending_extraction_script.py:320} INFO - Fetching transactions for award_id: ASST_NON_B-10-MC-72-0016_8620
[2024-11-26T06:25:25.997+0000] {usa_spending_extraction_script.py:320} INFO - Fetching transactions for award_id: ASST_NON_B-20-MC-72-0002_8620
[2024-11-26T06:25:26.334+0000] {usa_spending_extraction_script.py:320} INFO - Fetching transactions for award_id: ASST_NON_B-11-MC-72-0010_8620
[2024-11-26T06:25:26.732+0000] {usa_spending_extraction_script.py:320} INFO - Fetching transactions for award_id: ASST_NON_B-10-MC-72-0024_8620
[2024-11-26T06:25:27.076+0000] {usa_spending_extraction_script.py:320} INFO - Fetching transactions for award_id: ASST_NON_B-08-MC-72-0019_8620
[2024-11-26T06:25:27.779+0000] {usa_spending_extraction_script.py:320} INFO - Fetching transactions for award_id: ASST_NON_B-11-MC-72-0013_8620
[2024-11-26T06:25:28.120+0000] {usa_spending_extraction_script.py:320} INFO - Fetching transactions for award_id: ASST_NON_B-10-MC-72-0015_8620
[2024-11-26T06:25:28.471+0000] {usa_spending_extraction_script.py:320} INFO - Fetching transactions for award_id: ASST_NON_B-11-MC-72-0017_8620
[2024-11-26T06:25:28.868+0000] {usa_spending_extraction_script.py:320} INFO - Fetching transactions for award_id: ASST_NON_B-23-MC-72-0002_8620
[2024-11-26T06:25:29.234+0000] {usa_spending_extraction_script.py:320} INFO - Fetching transactions for award_id: ASST_NON_B-22-MC-72-0002_8620
[2024-11-26T06:25:29.616+0000] {usa_spending_extraction_script.py:320} INFO - Fetching transactions for award_id: ASST_NON_B-24-MC-72-0009_8620
[2024-11-26T06:25:30.006+0000] {usa_spending_extraction_script.py:320} INFO - Fetching transactions for award_id: ASST_NON_B-20-MW-72-0002_8620
[2024-11-26T06:25:30.449+0000] {usa_spending_extraction_script.py:320} INFO - Fetching transactions for award_id: ASST_NON_B-09-MC-72-0026_8620
[2024-11-26T06:25:30.829+0000] {usa_spending_extraction_script.py:320} INFO - Fetching transactions for award_id: ASST_NON_B-12-MC-72-0008_8620
[2024-11-26T06:25:31.261+0000] {usa_spending_extraction_script.py:320} INFO - Fetching transactions for award_id: ASST_NON_B-15-MC-72-0002_8620
[2024-11-26T06:25:31.598+0000] {usa_spending_extraction_script.py:320} INFO - Fetching transactions for award_id: ASST_NON_B-21-MC-72-0009_8620
[2024-11-26T06:25:32.426+0000] {usa_spending_extraction_script.py:320} INFO - Fetching transactions for award_id: ASST_NON_B-13-MC-72-0021_8620
[2024-11-26T06:25:32.776+0000] {usa_spending_extraction_script.py:320} INFO - Fetching transactions for award_id: ASST_NON_B-08-MC-72-0026_8620
[2024-11-26T06:25:33.244+0000] {usa_spending_extraction_script.py:320} INFO - Fetching transactions for award_id: ASST_NON_B-20-MC-72-0009_8620
[2024-11-26T06:25:33.607+0000] {usa_spending_extraction_script.py:320} INFO - Fetching transactions for award_id: ASST_NON_B-23-MC-72-0009_8620
[2024-11-26T06:25:34.167+0000] {usa_spending_extraction_script.py:320} INFO - Fetching transactions for award_id: ASST_NON_B-10-MC-72-0022_8620
[2024-11-26T06:25:34.538+0000] {usa_spending_extraction_script.py:320} INFO - Fetching transactions for award_id: ASST_NON_B-22-MC-72-0009_8620
[2024-11-26T06:25:34.922+0000] {usa_spending_extraction_script.py:320} INFO - Fetching transactions for award_id: ASST_NON_B-19-MC-72-0002_8620
[2024-11-26T06:25:35.320+0000] {usa_spending_extraction_script.py:320} INFO - Fetching transactions for award_id: ASST_NON_B-09-MC-72-0018_8620
[2024-11-26T06:25:35.666+0000] {usa_spending_extraction_script.py:320} INFO - Fetching transactions for award_id: ASST_NON_B-10-MC-72-0023_8620
[2024-11-26T06:25:36.058+0000] {usa_spending_extraction_script.py:320} INFO - Fetching transactions for award_id: ASST_NON_B-19-MC-72-0009_8620
[2024-11-26T06:25:36.457+0000] {usa_spending_extraction_script.py:320} INFO - Fetching transactions for award_id: ASST_NON_B-15-MC-72-0009_8620
[2024-11-26T06:25:36.863+0000] {usa_spending_extraction_script.py:320} INFO - Fetching transactions for award_id: ASST_NON_B-11-MC-72-0027_8620
[2024-11-26T06:25:37.210+0000] {usa_spending_extraction_script.py:320} INFO - Fetching transactions for award_id: ASST_NON_B-09-MC-72-0016_8620
[2024-11-26T06:25:37.558+0000] {usa_spending_extraction_script.py:320} INFO - Fetching transactions for award_id: ASST_NON_B-08-MC-72-0018_8620
[2024-11-26T06:25:37.920+0000] {usa_spending_extraction_script.py:320} INFO - Fetching transactions for award_id: ASST_NON_B-18-MC-72-0002_8620
[2024-11-26T06:25:38.360+0000] {usa_spending_extraction_script.py:320} INFO - Fetching transactions for award_id: ASST_NON_B-09-MC-72-0024_8620
[2024-11-26T06:25:39.124+0000] {usa_spending_extraction_script.py:320} INFO - Fetching transactions for award_id: ASST_NON_B-09-MC-72-0015_8620
[2024-11-26T06:25:39.478+0000] {usa_spending_extraction_script.py:320} INFO - Fetching transactions for award_id: ASST_NON_B-08-MC-72-0016_8620
[2024-11-26T06:25:39.879+0000] {usa_spending_extraction_script.py:320} INFO - Fetching transactions for award_id: ASST_NON_B-08-MC-72-0024_8620
[2024-11-26T06:25:40.236+0000] {usa_spending_extraction_script.py:320} INFO - Fetching transactions for award_id: ASST_NON_B-20-MW-72-0009_8620
[2024-11-26T06:25:40.586+0000] {usa_spending_extraction_script.py:320} INFO - Fetching transactions for award_id: ASST_NON_B-11-MC-72-0019_8620
[2024-11-26T06:25:40.952+0000] {usa_spending_extraction_script.py:320} INFO - Fetching transactions for award_id: ASST_NON_B-08-MC-72-0015_8620
[2024-11-26T06:25:41.371+0000] {usa_spending_extraction_script.py:320} INFO - Fetching transactions for award_id: ASST_NON_B-14-MC-72-0008_8620
[2024-11-26T06:25:41.758+0000] {usa_spending_extraction_script.py:320} INFO - Fetching transactions for award_id: ASST_NON_B-16-MC-72-0002_8620
[2024-11-26T06:25:42.098+0000] {usa_spending_extraction_script.py:320} INFO - Fetching transactions for award_id: ASST_NON_B-10-MC-72-0021_8620
[2024-11-26T06:25:42.493+0000] {usa_spending_extraction_script.py:320} INFO - Fetching transactions for award_id: ASST_NON_B-13-MC-72-0025_8620
[2024-11-26T06:25:42.876+0000] {usa_spending_extraction_script.py:320} INFO - Fetching transactions for award_id: ASST_NON_B-11-MC-72-0026_8620
[2024-11-26T06:25:43.225+0000] {usa_spending_extraction_script.py:320} INFO - Fetching transactions for award_id: ASST_NON_B-09-MC-72-0022_8620
[2024-11-26T06:25:43.608+0000] {usa_spending_extraction_script.py:320} INFO - Fetching transactions for award_id: ASST_NON_B-09-MC-72-0023_8620
[2024-11-26T06:25:43.946+0000] {usa_spending_extraction_script.py:320} INFO - Fetching transactions for award_id: ASST_NON_B-08-MC-72-0022_8620
[2024-11-26T06:25:44.299+0000] {usa_spending_extraction_script.py:320} INFO - Fetching transactions for award_id: ASST_NON_B-08-MC-72-0023_8620
[2024-11-26T06:25:44.652+0000] {usa_spending_extraction_script.py:320} INFO - Fetching transactions for award_id: ASST_NON_B-11-MC-72-0018_8620
[2024-11-26T06:25:45.133+0000] {usa_spending_extraction_script.py:320} INFO - Fetching transactions for award_id: ASST_NON_B-12-MC-72-0011_8620
[2024-11-26T06:25:45.594+0000] {usa_spending_extraction_script.py:320} INFO - Fetching transactions for award_id: ASST_NON_B-15-MC-72-0008_8620
[2024-11-26T06:25:45.918+0000] {usa_spending_extraction_script.py:320} INFO - Fetching transactions for award_id: ASST_NON_B-11-MC-72-0016_8620
[2024-11-26T06:25:46.297+0000] {usa_spending_extraction_script.py:320} INFO - Fetching transactions for award_id: ASST_NON_B-09-MC-72-0021_8620
[2024-11-26T06:25:46.650+0000] {usa_spending_extraction_script.py:320} INFO - Fetching transactions for award_id: ASST_NON_B-11-MC-72-0024_8620
[2024-11-26T06:25:47.375+0000] {usa_spending_extraction_script.py:320} INFO - Fetching transactions for award_id: ASST_NON_B-12-MC-72-0017_8620
[2024-11-26T06:25:47.726+0000] {usa_spending_extraction_script.py:320} INFO - Fetching transactions for award_id: ASST_NON_B-11-MC-72-0015_8620
[2024-11-26T06:25:48.112+0000] {usa_spending_extraction_script.py:320} INFO - Fetching transactions for award_id: ASST_NON_B-17-MC-72-0002_8620
[2024-11-26T06:25:48.447+0000] {usa_spending_extraction_script.py:320} INFO - Fetching transactions for award_id: ASST_NON_B-08-MC-72-0021_8620
[2024-11-26T06:25:48.807+0000] {usa_spending_extraction_script.py:320} INFO - Fetching transactions for award_id: ASST_NON_B-18-MC-72-0008_8620
[2024-11-26T06:25:49.284+0000] {usa_spending_extraction_script.py:320} INFO - Fetching transactions for award_id: ASST_NON_B-16-MC-72-0008_8620
[2024-11-26T06:25:49.641+0000] {usa_spending_extraction_script.py:320} INFO - Fetching transactions for award_id: ASST_NON_B-10-MC-72-0025_8620
[2024-11-26T06:25:49.981+0000] {usa_spending_extraction_script.py:320} INFO - Fetching transactions for award_id: ASST_NON_B-11-MC-72-0022_8620
[2024-11-26T06:25:50.352+0000] {usa_spending_extraction_script.py:320} INFO - Fetching transactions for award_id: ASST_NON_B-11-MC-72-0023_8620
[2024-11-26T06:25:50.817+0000] {usa_spending_extraction_script.py:320} INFO - Fetching transactions for award_id: ASST_NON_B-13-MC-72-0006_8620
[2024-11-26T06:25:51.194+0000] {usa_spending_extraction_script.py:320} INFO - Fetching transactions for award_id: ASST_NON_B-20-MW-72-0008_8620
[2024-11-26T06:25:51.526+0000] {usa_spending_extraction_script.py:320} INFO - Fetching transactions for award_id: ASST_NON_B-12-MC-72-0014_8620
[2024-11-26T06:25:51.914+0000] {usa_spending_extraction_script.py:320} INFO - Fetching transactions for award_id: ASST_NON_B-12-MC-72-0006_8620
[2024-11-26T06:25:52.318+0000] {usa_spending_extraction_script.py:320} INFO - Fetching transactions for award_id: ASST_NON_B-19-MC-72-0008_8620
[2024-11-26T06:25:52.676+0000] {usa_spending_extraction_script.py:320} INFO - Fetching transactions for award_id: ASST_NON_B-17-MC-72-0008_8620
[2024-11-26T06:25:52.997+0000] {usa_spending_extraction_script.py:320} INFO - Fetching transactions for award_id: ASST_NON_B-11-MC-72-0021_8620
[2024-11-26T06:25:53.367+0000] {usa_spending_extraction_script.py:320} INFO - Fetching transactions for award_id: ASST_NON_B-12-MC-72-0020_8620
[2024-11-26T06:25:53.714+0000] {usa_spending_extraction_script.py:320} INFO - Fetching transactions for award_id: ASST_NON_B-12-MC-72-0013_8620
[2024-11-26T06:25:54.089+0000] {usa_spending_extraction_script.py:320} INFO - Fetching transactions for award_id: ASST_NON_B-21-MC-72-0008_8620
[2024-11-26T06:25:54.437+0000] {usa_spending_extraction_script.py:320} INFO - Fetching transactions for award_id: ASST_NON_B-20-MC-72-0008_8620
[2024-11-26T06:25:54.943+0000] {usa_spending_extraction_script.py:320} INFO - Fetching transactions for award_id: ASST_NON_B-23-MC-72-0008_8620
[2024-11-26T06:25:55.305+0000] {usa_spending_extraction_script.py:320} INFO - Fetching transactions for award_id: ASST_NON_B-10-MC-72-0012_8620
[2024-11-26T06:25:55.671+0000] {usa_spending_extraction_script.py:320} INFO - Fetching transactions for award_id: ASST_NON_B-14-MC-72-0017_8620
[2024-11-26T06:25:56.011+0000] {usa_spending_extraction_script.py:320} INFO - Fetching transactions for award_id: ASST_NON_B-09-MC-72-0025_8620
[2024-11-26T06:25:56.457+0000] {usa_spending_extraction_script.py:320} INFO - Fetching transactions for award_id: ASST_NON_B-18-MC-72-0009_8620
[2024-11-26T06:25:56.834+0000] {usa_spending_extraction_script.py:320} INFO - Fetching transactions for award_id: ASST_NON_B-22-MC-72-0008_8620
[2024-11-26T06:25:57.188+0000] {usa_spending_extraction_script.py:320} INFO - Fetching transactions for award_id: ASST_NON_B-08-MC-72-0025_8620
[2024-11-26T06:25:57.555+0000] {usa_spending_extraction_script.py:320} INFO - Fetching transactions for award_id: ASST_NON_B-14-MC-72-0006_8620
[2024-11-26T06:25:57.917+0000] {usa_spending_extraction_script.py:320} INFO - Fetching transactions for award_id: ASST_NON_B-24-MC-72-0008_8620
[2024-11-26T06:25:58.302+0000] {usa_spending_extraction_script.py:320} INFO - Fetching transactions for award_id: ASST_NON_B-14-MC-72-0011_8620
[2024-11-26T06:25:58.691+0000] {usa_spending_extraction_script.py:320} INFO - Fetching transactions for award_id: ASST_NON_B-14-MC-72-0020_8620
[2024-11-26T06:25:59.146+0000] {usa_spending_extraction_script.py:320} INFO - Fetching transactions for award_id: ASST_NON_B-20-MW-72-0006_8620
[2024-11-26T06:25:59.538+0000] {usa_spending_extraction_script.py:320} INFO - Fetching transactions for award_id: ASST_NON_B-14-MC-72-0014_8620
[2024-11-26T06:25:59.897+0000] {usa_spending_extraction_script.py:320} INFO - Fetching transactions for award_id: ASST_NON_B-12-MC-72-0010_8620
[2024-11-26T06:26:00.264+0000] {usa_spending_extraction_script.py:320} INFO - Fetching transactions for award_id: ASST_NON_B-09-MC-72-0012_8620
[2024-11-26T06:26:00.636+0000] {usa_spending_extraction_script.py:320} INFO - Fetching transactions for award_id: ASST_NON_B-15-MC-72-0017_8620
[2024-11-26T06:26:01.018+0000] {usa_spending_extraction_script.py:320} INFO - Fetching transactions for award_id: ASST_NON_B-12-MC-72-0027_8620
[2024-11-26T06:26:01.344+0000] {usa_spending_extraction_script.py:320} INFO - Fetching transactions for award_id: ASST_NON_B-08-MC-72-0012_8620
[2024-11-26T06:26:01.670+0000] {usa_spending_extraction_script.py:320} INFO - Fetching transactions for award_id: ASST_NON_B-15-MC-72-0020_8620
[2024-11-26T06:26:02.039+0000] {usa_spending_extraction_script.py:320} INFO - Fetching transactions for award_id: ASST_NON_B-16-MC-72-0009_8620
[2024-11-26T06:26:02.430+0000] {usa_spending_extraction_script.py:320} INFO - Fetching transactions for award_id: ASST_NON_B-15-MC-72-0006_8620
[2024-11-26T06:26:02.843+0000] {usa_spending_extraction_script.py:320} INFO - Fetching transactions for award_id: ASST_NON_B-11-MC-72-0025_8620
[2024-11-26T06:26:03.188+0000] {usa_spending_extraction_script.py:320} INFO - Fetching transactions for award_id: ASST_NON_B-20-MW-72-0010_8620
[2024-11-26T06:26:03.643+0000] {usa_spending_extraction_script.py:320} INFO - Fetching transactions for award_id: ASST_NON_B-16-MC-72-0017_8620
[2024-11-26T06:26:04.002+0000] {usa_spending_extraction_script.py:320} INFO - Fetching transactions for award_id: ASST_NON_B-18-MC-72-0006_8620
[2024-11-26T06:26:04.340+0000] {usa_spending_extraction_script.py:320} INFO - Fetching transactions for award_id: ASST_NON_B-17-MC-72-0009_8620
[2024-11-26T06:26:04.681+0000] {usa_spending_extraction_script.py:320} INFO - Fetching transactions for award_id: ASST_NON_B-14-MC-72-0010_8620
[2024-11-26T06:26:05.052+0000] {usa_spending_extraction_script.py:320} INFO - Fetching transactions for award_id: ASST_NON_B-12-MC-72-0016_8620
[2024-11-26T06:26:05.398+0000] {usa_spending_extraction_script.py:320} INFO - Fetching transactions for award_id: ASST_NON_B-16-MC-72-0006_8620
[2024-11-26T06:26:05.753+0000] {usa_spending_extraction_script.py:320} INFO - Fetching transactions for award_id: ASST_NON_B-19-MC-72-0006_8620
[2024-11-26T06:26:06.171+0000] {usa_spending_extraction_script.py:320} INFO - Fetching transactions for award_id: ASST_NON_B-24-MC-72-0011_8620
[2024-11-26T06:26:06.593+0000] {usa_spending_extraction_script.py:320} INFO - Fetching transactions for award_id: ASST_NON_B-12-MC-72-0026_8620
[2024-11-26T06:26:07.103+0000] {usa_spending_extraction_script.py:320} INFO - Fetching transactions for award_id: ASST_NON_B-15-MC-72-0014_8620
[2024-11-26T06:26:07.484+0000] {usa_spending_extraction_script.py:320} INFO - Fetching transactions for award_id: ASST_NON_B-12-MC-72-0019_8620
[2024-11-26T06:26:07.900+0000] {usa_spending_extraction_script.py:320} INFO - Fetching transactions for award_id: ASST_NON_B-20-MC-72-0006_8620
[2024-11-26T06:26:08.337+0000] {usa_spending_extraction_script.py:320} INFO - Fetching transactions for award_id: ASST_NON_B-20-MC-72-0011_8620
[2024-11-26T06:26:08.804+0000] {usa_spending_extraction_script.py:320} INFO - Fetching transactions for award_id: ASST_NON_B-14-MC-72-0013_8620
[2024-11-26T06:26:09.186+0000] {usa_spending_extraction_script.py:320} INFO - Fetching transactions for award_id: ASST_NON_B-12-MC-72-0024_8620
[2024-11-26T06:26:09.567+0000] {usa_spending_extraction_script.py:320} INFO - Fetching transactions for award_id: ASST_NON_B-21-MC-72-0011_8620
[2024-11-26T06:26:09.982+0000] {usa_spending_extraction_script.py:320} INFO - Fetching transactions for award_id: ASST_NON_B-15-MC-72-0011_8620
[2024-11-26T06:26:10.359+0000] {usa_spending_extraction_script.py:320} INFO - Fetching transactions for award_id: ASST_NON_B-12-MC-72-0022_8620
[2024-11-26T06:26:10.786+0000] {usa_spending_extraction_script.py:320} INFO - Fetching transactions for award_id: ASST_NON_B-23-MC-72-0011_8620
[2024-11-26T06:26:11.120+0000] {usa_spending_extraction_script.py:320} INFO - Fetching transactions for award_id: ASST_NON_B-21-MC-72-0022_8620
[2024-11-26T06:26:11.464+0000] {usa_spending_extraction_script.py:320} INFO - Fetching transactions for award_id: ASST_NON_B-21-MC-72-0006_8620
[2024-11-26T06:26:11.858+0000] {usa_spending_extraction_script.py:320} INFO - Fetching transactions for award_id: ASST_NON_B-18-MC-72-0017_8620
[2024-11-26T06:26:12.207+0000] {usa_spending_extraction_script.py:320} INFO - Fetching transactions for award_id: ASST_NON_B-20-MC-72-0022_8620
[2024-11-26T06:26:12.565+0000] {usa_spending_extraction_script.py:320} INFO - Fetching transactions for award_id: ASST_NON_B-20-MW-72-0011_8620
[2024-11-26T06:26:12.921+0000] {usa_spending_extraction_script.py:320} INFO - Fetching transactions for award_id: ASST_NON_B-22-MC-72-0011_8620
[2024-11-26T06:26:13.279+0000] {usa_spending_extraction_script.py:320} INFO - Fetching transactions for award_id: ASST_NON_B-11-MC-72-0012_8620
[2024-11-26T06:26:13.642+0000] {usa_spending_extraction_script.py:320} INFO - Fetching transactions for award_id: ASST_NON_B-16-MC-72-0020_8620
[2024-11-26T06:26:13.988+0000] {usa_spending_extraction_script.py:320} INFO - Fetching transactions for award_id: ASST_NON_B-20-MC-72-0013_8620
[2024-11-26T06:26:14.350+0000] {usa_spending_extraction_script.py:320} INFO - Fetching transactions for award_id: ASST_NON_B-20-MW-72-0017_8620
[2024-11-26T06:26:14.712+0000] {usa_spending_extraction_script.py:320} INFO - Fetching transactions for award_id: ASST_NON_B-20-MW-72-0013_8620
[2024-11-26T06:26:15.387+0000] {usa_spending_extraction_script.py:320} INFO - Fetching transactions for award_id: ASST_NON_B-23-MC-72-0022_8620
[2024-11-26T06:26:15.728+0000] {usa_spending_extraction_script.py:320} INFO - Fetching transactions for award_id: ASST_NON_B-24-MC-72-0014_8620
[2024-11-26T06:26:16.526+0000] {usa_spending_extraction_script.py:320} INFO - Fetching transactions for award_id: ASST_NON_B-20-MW-72-0022_8620
[2024-11-26T06:26:16.877+0000] {usa_spending_extraction_script.py:320} INFO - Fetching transactions for award_id: ASST_NON_B-23-MC-72-0006_8620
[2024-11-26T06:26:17.222+0000] {usa_spending_extraction_script.py:320} INFO - Fetching transactions for award_id: ASST_NON_B-18-MC-72-0011_8620
[2024-11-26T06:26:17.556+0000] {usa_spending_extraction_script.py:320} INFO - Fetching transactions for award_id: ASST_NON_B-21-MC-72-0013_8620
[2024-11-26T06:26:17.894+0000] {usa_spending_extraction_script.py:320} INFO - Fetching transactions for award_id: ASST_NON_B-21-MC-72-0010_8620
[2024-11-26T06:26:18.233+0000] {usa_spending_extraction_script.py:320} INFO - Fetching transactions for award_id: ASST_NON_B-19-MC-72-0011_8620
[2024-11-26T06:26:18.587+0000] {usa_spending_extraction_script.py:320} INFO - Fetching transactions for award_id: ASST_NON_B-17-MC-72-0017_8620
[2024-11-26T06:26:18.919+0000] {usa_spending_extraction_script.py:320} INFO - Fetching transactions for award_id: ASST_NON_B-22-MC-72-0006_8620
[2024-11-26T06:26:19.344+0000] {usa_spending_extraction_script.py:320} INFO - Fetching transactions for award_id: ASST_NON_B-15-MC-72-0010_8620
[2024-11-26T06:26:19.696+0000] {usa_spending_extraction_script.py:320} INFO - Fetching transactions for award_id: ASST_NON_B-19-MC-72-0013_8620
[2024-11-26T06:26:20.073+0000] {usa_spending_extraction_script.py:320} INFO - Fetching transactions for award_id: ASST_NON_B-18-MC-72-0014_8620
[2024-11-26T06:26:20.470+0000] {usa_spending_extraction_script.py:320} INFO - Fetching transactions for award_id: ASST_NON_B-22-MC-72-0022_8620
[2024-11-26T06:26:20.887+0000] {usa_spending_extraction_script.py:320} INFO - Fetching transactions for award_id: ASST_NON_B-14-MC-72-0024_8620
[2024-11-26T06:26:21.273+0000] {usa_spending_extraction_script.py:320} INFO - Fetching transactions for award_id: ASST_NON_B-23-MC-72-0014_8620
[2024-11-26T06:26:22.104+0000] {usa_spending_extraction_script.py:320} INFO - Fetching transactions for award_id: ASST_NON_B-16-MC-72-0014_8620
[2024-11-26T06:26:22.455+0000] {usa_spending_extraction_script.py:320} INFO - Fetching transactions for award_id: ASST_NON_B-20-MC-72-0010_8620
[2024-11-26T06:26:22.795+0000] {usa_spending_extraction_script.py:320} INFO - Fetching transactions for award_id: ASST_NON_B-16-MC-72-0011_8620
[2024-11-26T06:26:23.157+0000] {usa_spending_extraction_script.py:320} INFO - Fetching transactions for award_id: ASST_NON_B-20-MC-72-0017_8620
[2024-11-26T06:26:23.478+0000] {usa_spending_extraction_script.py:320} INFO - Fetching transactions for award_id: ASST_NON_B-15-MC-72-0013_8620
[2024-11-26T06:26:23.820+0000] {usa_spending_extraction_script.py:320} INFO - Fetching transactions for award_id: ASST_NON_B-19-MC-72-0017_8620
[2024-11-26T06:26:24.216+0000] {usa_spending_extraction_script.py:320} INFO - Fetching transactions for award_id: ASST_NON_B-21-MC-72-0014_8620
[2024-11-26T06:26:24.548+0000] {usa_spending_extraction_script.py:320} INFO - Fetching transactions for award_id: ASST_NON_B-18-MC-72-0010_8620
[2024-11-26T06:26:25.017+0000] {usa_spending_extraction_script.py:320} INFO - Fetching transactions for award_id: ASST_NON_B-14-MC-72-0022_8620
[2024-11-26T06:26:25.475+0000] {usa_spending_extraction_script.py:320} INFO - Fetching transactions for award_id: ASST_NON_B-22-MC-72-0014_8620
[2024-11-26T06:26:25.868+0000] {usa_spending_extraction_script.py:320} INFO - Fetching transactions for award_id: ASST_NON_B-18-MC-72-0013_8620
[2024-11-26T06:26:26.313+0000] {usa_spending_extraction_script.py:320} INFO - Fetching transactions for award_id: ASST_NON_B-23-MC-72-0017_8620
[2024-11-26T06:26:26.699+0000] {usa_spending_extraction_script.py:320} INFO - Fetching transactions for award_id: ASST_NON_B-12-MC-72-0023_8620
[2024-11-26T06:26:27.501+0000] {usa_spending_extraction_script.py:320} INFO - Fetching transactions for award_id: ASST_NON_B-18-MC-72-0020_8620
[2024-11-26T06:26:27.877+0000] {usa_spending_extraction_script.py:320} INFO - Fetching transactions for award_id: ASST_NON_B-19-MC-72-0010_8620
[2024-11-26T06:26:28.245+0000] {usa_spending_extraction_script.py:320} INFO - Fetching transactions for award_id: ASST_NON_B-22-MC-72-0013_8620
[2024-11-26T06:26:28.585+0000] {usa_spending_extraction_script.py:320} INFO - Fetching transactions for award_id: ASST_NON_B-21-MC-72-0017_8620
[2024-11-26T06:26:28.926+0000] {usa_spending_extraction_script.py:320} INFO - Fetching transactions for award_id: ASST_NON_B-14-MC-72-0016_8620
[2024-11-26T06:26:29.298+0000] {usa_spending_extraction_script.py:320} INFO - Fetching transactions for award_id: ASST_NON_B-19-MC-72-0014_8620
[2024-11-26T06:26:29.650+0000] {usa_spending_extraction_script.py:320} INFO - Fetching transactions for award_id: ASST_NON_B-17-MC-72-0011_8620
[2024-11-26T06:26:29.992+0000] {usa_spending_extraction_script.py:320} INFO - Fetching transactions for award_id: ASST_NON_B-17-MC-72-0014_8620
[2024-11-26T06:26:30.347+0000] {usa_spending_extraction_script.py:320} INFO - Fetching transactions for award_id: ASST_NON_B-14-MC-72-0027_8620
[2024-11-26T06:26:30.699+0000] {usa_spending_extraction_script.py:320} INFO - Fetching transactions for award_id: ASST_NON_B-24-MC-72-0017_8620
[2024-11-26T06:26:31.029+0000] {usa_spending_extraction_script.py:320} INFO - Fetching transactions for award_id: ASST_NON_B-18-MC-72-0022_8620
[2024-11-26T06:26:31.365+0000] {usa_spending_extraction_script.py:320} INFO - Fetching transactions for award_id: ASST_NON_B-19-MC-72-0022_8620
[2024-11-26T06:26:31.716+0000] {usa_spending_extraction_script.py:320} INFO - Fetching transactions for award_id: ASST_NON_B-16-MC-72-0010_8620
[2024-11-26T06:26:32.120+0000] {usa_spending_extraction_script.py:320} INFO - Fetching transactions for award_id: ASST_NON_B-17-MC-72-0010_8620
[2024-11-26T06:26:32.527+0000] {usa_spending_extraction_script.py:320} INFO - Fetching transactions for award_id: ASST_NON_B-22-MC-72-0017_8620
[2024-11-26T06:26:32.902+0000] {usa_spending_extraction_script.py:320} INFO - Fetching transactions for award_id: ASST_NON_B-20-MW-72-0016_8620
[2024-11-26T06:26:33.258+0000] {usa_spending_extraction_script.py:320} INFO - Fetching transactions for award_id: ASST_NON_B-20-MC-72-0014_8620
[2024-11-26T06:26:33.649+0000] {usa_spending_extraction_script.py:320} INFO - Fetching transactions for award_id: ASST_NON_B-22-MC-72-0010_8620
[2024-11-26T06:26:33.994+0000] {usa_spending_extraction_script.py:320} INFO - Fetching transactions for award_id: ASST_NON_B-16-MC-72-0013_8620
[2024-11-26T06:26:34.393+0000] {usa_spending_extraction_script.py:320} INFO - Fetching transactions for award_id: ASST_NON_B-23-MC-72-0010_8620
[2024-11-26T06:26:34.747+0000] {usa_spending_extraction_script.py:320} INFO - Fetching transactions for award_id: ASST_NON_B-21-MC-72-0018_8620
[2024-11-26T06:26:35.104+0000] {usa_spending_extraction_script.py:320} INFO - Fetching transactions for award_id: ASST_NON_B-23-MC-72-0013_8620
[2024-11-26T06:26:35.775+0000] {usa_spending_extraction_script.py:320} INFO - Fetching transactions for award_id: ASST_NON_B-12-MC-72-0015_8620
[2024-11-26T06:26:36.159+0000] {usa_spending_extraction_script.py:320} INFO - Fetching transactions for award_id: ASST_NON_B-17-MC-72-0020_8620
[2024-11-26T06:26:36.517+0000] {usa_spending_extraction_script.py:320} INFO - Fetching transactions for award_id: ASST_NON_B-15-MC-72-0019_8620
[2024-11-26T06:26:36.928+0000] {usa_spending_extraction_script.py:320} INFO - Fetching transactions for award_id: ASST_NON_B-24-MC-72-0010_8620
[2024-11-26T06:26:37.273+0000] {usa_spending_extraction_script.py:320} INFO - Fetching transactions for award_id: ASST_NON_B-19-MC-72-0020_8620
[2024-11-26T06:26:37.753+0000] {usa_spending_extraction_script.py:320} INFO - Fetching transactions for award_id: ASST_NON_B-18-MC-72-0024_8620
[2024-11-26T06:26:38.136+0000] {usa_spending_extraction_script.py:320} INFO - Fetching transactions for award_id: ASST_NON_B-15-MC-72-0024_8620
[2024-11-26T06:26:38.519+0000] {usa_spending_extraction_script.py:320} INFO - Fetching transactions for award_id: ASST_NON_B-15-MC-72-0016_8620
[2024-11-26T06:26:38.868+0000] {usa_spending_extraction_script.py:320} INFO - Fetching transactions for award_id: ASST_NON_B-17-MC-72-0013_8620
[2024-11-26T06:26:39.216+0000] {usa_spending_extraction_script.py:320} INFO - Fetching transactions for award_id: ASST_NON_B-20-MW-72-0018_8620
[2024-11-26T06:26:39.614+0000] {usa_spending_extraction_script.py:320} INFO - Fetching transactions for award_id: ASST_NON_B-12-MC-72-0021_8620
[2024-11-26T06:26:39.980+0000] {usa_spending_extraction_script.py:320} INFO - Fetching transactions for award_id: ASST_NON_B-17-MC-72-0006_8620
[2024-11-26T06:26:40.330+0000] {usa_spending_extraction_script.py:320} INFO - Fetching transactions for award_id: ASST_NON_B-14-MC-72-0026_8620
[2024-11-26T06:26:40.689+0000] {usa_spending_extraction_script.py:320} INFO - Fetching transactions for award_id: ASST_NON_B-18-MC-72-0016_8620
[2024-11-26T06:26:41.050+0000] {usa_spending_extraction_script.py:320} INFO - Fetching transactions for award_id: ASST_NON_B-14-MC-72-0019_8620
[2024-11-26T06:26:41.400+0000] {usa_spending_extraction_script.py:320} INFO - Fetching transactions for award_id: ASST_NON_B-14-MC-72-0018_8620
[2024-11-26T06:26:41.747+0000] {usa_spending_extraction_script.py:320} INFO - Fetching transactions for award_id: ASST_NON_B-24-MC-72-0013_8620
[2024-11-26T06:26:42.096+0000] {usa_spending_extraction_script.py:320} INFO - Fetching transactions for award_id: ASST_NON_B-18-MC-72-0018_8620
[2024-11-26T06:26:42.447+0000] {usa_spending_extraction_script.py:320} INFO - Fetching transactions for award_id: ASST_NON_B-21-MC-72-0024_8620
[2024-11-26T06:26:42.809+0000] {usa_spending_extraction_script.py:320} INFO - Fetching transactions for award_id: ASST_NON_B-12-MC-72-0018_8620
[2024-11-26T06:26:43.193+0000] {usa_spending_extraction_script.py:320} INFO - Fetching transactions for award_id: ASST_NON_B-19-MC-72-0018_8620
[2024-11-26T06:26:43.579+0000] {usa_spending_extraction_script.py:320} INFO - Fetching transactions for award_id: ASST_NON_B-15-MC-72-0022_8620
[2024-11-26T06:26:43.941+0000] {usa_spending_extraction_script.py:320} INFO - Fetching transactions for award_id: ASST_NON_B-20-MC-72-0018_8620
[2024-11-26T06:26:44.313+0000] {usa_spending_extraction_script.py:320} INFO - Fetching transactions for award_id: ASST_NON_B-22-MC-72-0024_8620
[2024-11-26T06:26:44.652+0000] {usa_spending_extraction_script.py:320} INFO - Fetching transactions for award_id: ASST_NON_B-20-MC-72-0024_8620
[2024-11-26T06:26:45.053+0000] {usa_spending_extraction_script.py:320} INFO - Fetching transactions for award_id: ASST_NON_B-20-MC-72-0020_8620
[2024-11-26T06:26:45.397+0000] {usa_spending_extraction_script.py:320} INFO - Fetching transactions for award_id: ASST_NON_B-16-MC-72-0019_8620
[2024-11-26T06:26:45.728+0000] {usa_spending_extraction_script.py:320} INFO - Fetching transactions for award_id: ASST_NON_B-21-MC-72-0020_8620
[2024-11-26T06:26:46.088+0000] {usa_spending_extraction_script.py:320} INFO - Fetching transactions for award_id: ASST_NON_B-16-MC-72-0022_8620
[2024-11-26T06:26:46.467+0000] {usa_spending_extraction_script.py:320} INFO - Fetching transactions for award_id: ASST_NON_B-19-MC-72-0016_8620
[2024-11-26T06:26:46.812+0000] {usa_spending_extraction_script.py:320} INFO - Fetching transactions for award_id: ASST_NON_B-19-MC-72-0024_8620
[2024-11-26T06:26:47.178+0000] {usa_spending_extraction_script.py:320} INFO - Fetching transactions for award_id: ASST_NON_B-20-MC-72-0016_8620
[2024-11-26T06:26:48.605+0000] {usa_spending_extraction_script.py:320} INFO - Fetching transactions for award_id: ASST_NON_B-17-MC-72-0022_8620
[2024-11-26T06:26:48.943+0000] {usa_spending_extraction_script.py:320} INFO - Fetching transactions for award_id: ASST_NON_B-16-MC-72-0016_8620
[2024-11-26T06:26:49.332+0000] {usa_spending_extraction_script.py:320} INFO - Fetching transactions for award_id: ASST_NON_B-22-MC-72-0020_8620
[2024-11-26T06:26:49.712+0000] {usa_spending_extraction_script.py:320} INFO - Fetching transactions for award_id: ASST_NON_B-23-MC-72-0020_8620
[2024-11-26T06:26:50.151+0000] {usa_spending_extraction_script.py:320} INFO - Fetching transactions for award_id: ASST_NON_B-16-MC-72-0024_8620
[2024-11-26T06:26:50.513+0000] {usa_spending_extraction_script.py:320} INFO - Fetching transactions for award_id: ASST_NON_B-20-MW-72-0019_8620
[2024-11-26T06:26:50.851+0000] {usa_spending_extraction_script.py:320} INFO - Fetching transactions for award_id: ASST_NON_B-15-MC-72-0018_8620
[2024-11-26T06:26:51.179+0000] {usa_spending_extraction_script.py:320} INFO - Fetching transactions for award_id: ASST_NON_B-23-MC-72-0018_8620
[2024-11-26T06:26:51.533+0000] {usa_spending_extraction_script.py:320} INFO - Fetching transactions for award_id: ASST_NON_B-21-MC-72-0016_8620
[2024-11-26T06:26:51.969+0000] {usa_spending_extraction_script.py:320} INFO - Fetching transactions for award_id: ASST_NON_B-24-MC-72-0020_8620
[2024-11-26T06:26:52.312+0000] {usa_spending_extraction_script.py:320} INFO - Fetching transactions for award_id: ASST_NON_B-14-MC-72-0023_8620
[2024-11-26T06:26:52.658+0000] {usa_spending_extraction_script.py:320} INFO - Fetching transactions for award_id: ASST_NON_B-18-MC-72-0019_8620
[2024-11-26T06:26:52.999+0000] {usa_spending_extraction_script.py:320} INFO - Fetching transactions for award_id: ASST_NON_B-21-MC-72-0019_8620
[2024-11-26T06:26:54.382+0000] {usa_spending_extraction_script.py:320} INFO - Fetching transactions for award_id: ASST_NON_B-22-MC-72-0018_8620
[2024-11-26T06:26:54.719+0000] {usa_spending_extraction_script.py:320} INFO - Fetching transactions for award_id: ASST_NON_B-20-MC-72-0019_8620
[2024-11-26T06:26:55.123+0000] {usa_spending_extraction_script.py:320} INFO - Fetching transactions for award_id: ASST_NON_B-24-MC-72-0024_8620
[2024-11-26T06:26:55.476+0000] {usa_spending_extraction_script.py:320} INFO - Fetching transactions for award_id: ASST_NON_B-20-MC-72-0023_8620
[2024-11-26T06:26:55.876+0000] {usa_spending_extraction_script.py:320} INFO - Fetching transactions for award_id: ASST_NON_B-20-MW-72-0014_8620
[2024-11-26T06:26:56.284+0000] {usa_spending_extraction_script.py:320} INFO - Fetching transactions for award_id: ASST_NON_B-15-MC-72-0027_8620
[2024-11-26T06:26:56.596+0000] {usa_spending_extraction_script.py:320} INFO - Fetching transactions for award_id: ASST_NON_B-17-MC-72-0019_8620
[2024-11-26T06:26:56.957+0000] {usa_spending_extraction_script.py:320} INFO - Fetching transactions for award_id: ASST_NON_B-17-MC-72-0024_8620
[2024-11-26T06:26:57.331+0000] {usa_spending_extraction_script.py:320} INFO - Fetching transactions for award_id: ASST_NON_B-23-MC-72-0024_8620
[2024-11-26T06:26:57.731+0000] {usa_spending_extraction_script.py:320} INFO - Fetching transactions for award_id: ASST_NON_B-15-MC-72-0026_8620
[2024-11-26T06:26:58.134+0000] {usa_spending_extraction_script.py:320} INFO - Fetching transactions for award_id: ASST_NON_B-23-MC-72-0019_8620
[2024-11-26T06:26:58.463+0000] {usa_spending_extraction_script.py:320} INFO - Fetching transactions for award_id: ASST_NON_B-22-MC-72-0019_8620
[2024-11-26T06:26:58.803+0000] {usa_spending_extraction_script.py:320} INFO - Fetching transactions for award_id: ASST_NON_B-17-MC-72-0018_8620
[2024-11-26T06:26:59.135+0000] {usa_spending_extraction_script.py:320} INFO - Fetching transactions for award_id: ASST_NON_B-22-MC-72-0016_8620
[2024-11-26T06:26:59.494+0000] {usa_spending_extraction_script.py:320} INFO - Fetching transactions for award_id: ASST_NON_B-17-MC-72-0016_8620
[2024-11-26T06:26:59.860+0000] {usa_spending_extraction_script.py:320} INFO - Fetching transactions for award_id: ASST_NON_B-20-MW-72-0024_8620
[2024-11-26T06:27:00.207+0000] {usa_spending_extraction_script.py:320} INFO - Fetching transactions for award_id: ASST_NON_B-23-MC-72-0016_8620
[2024-11-26T06:27:00.543+0000] {usa_spending_extraction_script.py:320} INFO - Fetching transactions for award_id: ASST_NON_B-18-MC-72-0023_8620
[2024-11-26T06:27:00.892+0000] {usa_spending_extraction_script.py:320} INFO - Fetching transactions for award_id: ASST_NON_B-16-MC-72-0018_8620
[2024-11-26T06:27:01.224+0000] {usa_spending_extraction_script.py:320} INFO - Fetching transactions for award_id: ASST_NON_B-19-MC-72-0019_8620
[2024-11-26T06:27:01.603+0000] {usa_spending_extraction_script.py:320} INFO - Fetching transactions for award_id: ASST_NON_B-20-MW-72-0020_8620
[2024-11-26T06:27:01.968+0000] {usa_spending_extraction_script.py:320} INFO - Fetching transactions for award_id: ASST_NON_B-15-MC-72-0023_8620
[2024-11-26T06:27:02.314+0000] {usa_spending_extraction_script.py:320} INFO - Fetching transactions for award_id: ASST_NON_B-18-MC-72-0026_8620
[2024-11-26T06:27:02.659+0000] {usa_spending_extraction_script.py:320} INFO - Fetching transactions for award_id: ASST_NON_B-19-MC-72-0023_8620
[2024-11-26T06:27:03.050+0000] {usa_spending_extraction_script.py:320} INFO - Fetching transactions for award_id: ASST_NON_B-21-MC-72-0023_8620
[2024-11-26T06:27:03.502+0000] {usa_spending_extraction_script.py:320} INFO - Fetching transactions for award_id: ASST_NON_B-12-MC-72-0025_8620
[2024-11-26T06:27:03.898+0000] {usa_spending_extraction_script.py:320} INFO - Fetching transactions for award_id: ASST_NON_B-20-MC-72-0026_8620
[2024-11-26T06:27:04.269+0000] {usa_spending_extraction_script.py:320} INFO - Fetching transactions for award_id: ASST_NON_B-19-MC-72-0026_8620
[2024-11-26T06:27:04.694+0000] {usa_spending_extraction_script.py:320} INFO - Fetching transactions for award_id: ASST_NON_B-14-MC-72-0015_8620
[2024-11-26T06:27:05.072+0000] {usa_spending_extraction_script.py:320} INFO - Fetching transactions for award_id: ASST_NON_B-21-MC-72-0026_8620
[2024-11-26T06:27:05.428+0000] {usa_spending_extraction_script.py:320} INFO - Fetching transactions for award_id: ASST_NON_B-12-MC-72-0012_8620
[2024-11-26T06:27:05.846+0000] {usa_spending_extraction_script.py:320} INFO - Fetching transactions for award_id: ASST_NON_B-24-MC-72-0026_8620
[2024-11-26T06:27:06.225+0000] {usa_spending_extraction_script.py:320} INFO - Fetching transactions for award_id: ASST_NON_B-18-MC-72-0015_8620
[2024-11-26T06:27:06.570+0000] {usa_spending_extraction_script.py:320} INFO - Fetching transactions for award_id: ASST_NON_B-20-MC-72-0015_8620
[2024-11-26T06:27:06.951+0000] {usa_spending_extraction_script.py:320} INFO - Fetching transactions for award_id: ASST_NON_B-19-MC-72-0015_8620
[2024-11-26T06:27:07.316+0000] {usa_spending_extraction_script.py:320} INFO - Fetching transactions for award_id: ASST_NON_B-24-MC-72-0019_8620
[2024-11-26T06:27:07.683+0000] {usa_spending_extraction_script.py:320} INFO - Fetching transactions for award_id: ASST_NON_B-16-MC-72-0023_8620
[2024-11-26T06:27:08.056+0000] {usa_spending_extraction_script.py:320} INFO - Fetching transactions for award_id: ASST_NON_B-24-MC-72-0018_8620
[2024-11-26T06:27:08.409+0000] {usa_spending_extraction_script.py:320} INFO - Fetching transactions for award_id: ASST_NON_B-20-MW-72-0015_8620
[2024-11-26T06:27:08.874+0000] {usa_spending_extraction_script.py:320} INFO - Fetching transactions for award_id: ASST_NON_B-21-MC-72-0015_8620
[2024-11-26T06:27:09.237+0000] {usa_spending_extraction_script.py:320} INFO - Fetching transactions for award_id: ASST_NON_B-16-MC-72-0026_8620
[2024-11-26T06:27:09.582+0000] {usa_spending_extraction_script.py:320} INFO - Fetching transactions for award_id: ASST_NON_B-20-MW-72-0023_8620
[2024-11-26T06:27:09.947+0000] {usa_spending_extraction_script.py:320} INFO - Fetching transactions for award_id: ASST_NON_B-15-MC-72-0015_8620
[2024-11-26T06:27:10.339+0000] {usa_spending_extraction_script.py:320} INFO - Fetching transactions for award_id: ASST_NON_B-22-MC-72-0023_8620
[2024-11-26T06:27:10.716+0000] {usa_spending_extraction_script.py:320} INFO - Fetching transactions for award_id: ASST_NON_B-17-MC-72-0026_8620
[2024-11-26T06:27:11.080+0000] {usa_spending_extraction_script.py:320} INFO - Fetching transactions for award_id: ASST_NON_B-22-MC-72-0026_8620
[2024-11-26T06:27:11.451+0000] {usa_spending_extraction_script.py:320} INFO - Fetching transactions for award_id: ASST_NON_B-23-MC-72-0023_8620
[2024-11-26T06:27:11.829+0000] {usa_spending_extraction_script.py:320} INFO - Fetching transactions for award_id: ASST_NON_B-16-MC-72-0027_8620
[2024-11-26T06:27:12.221+0000] {usa_spending_extraction_script.py:320} INFO - Fetching transactions for award_id: ASST_NON_B-13-MC-72-0012_8620
[2024-11-26T06:27:12.603+0000] {usa_spending_extraction_script.py:320} INFO - Fetching transactions for award_id: ASST_NON_B-23-MC-72-0026_8620
[2024-11-26T06:27:12.977+0000] {usa_spending_extraction_script.py:320} INFO - Fetching transactions for award_id: ASST_NON_B-16-MC-72-0015_8620
[2024-11-26T06:27:13.317+0000] {usa_spending_extraction_script.py:320} INFO - Fetching transactions for award_id: ASST_NON_B-14-MC-72-0021_8620
[2024-11-26T06:27:13.661+0000] {usa_spending_extraction_script.py:320} INFO - Fetching transactions for award_id: ASST_NON_B-17-MC-72-0023_8620
[2024-11-26T06:27:14.026+0000] {usa_spending_extraction_script.py:320} INFO - Fetching transactions for award_id: ASST_NON_B-17-MC-72-0015_8620
[2024-11-26T06:27:14.382+0000] {usa_spending_extraction_script.py:320} INFO - Fetching transactions for award_id: ASST_NON_B-20-MW-72-0026_8620
[2024-11-26T06:27:14.715+0000] {usa_spending_extraction_script.py:320} INFO - Fetching transactions for award_id: ASST_NON_B-22-MC-72-0015_8620
[2024-11-26T06:27:15.043+0000] {usa_spending_extraction_script.py:320} INFO - Fetching transactions for award_id: ASST_NON_B-20-MC-72-0021_8620
[2024-11-26T06:27:15.417+0000] {usa_spending_extraction_script.py:320} INFO - Fetching transactions for award_id: ASST_NON_B-18-MC-72-0027_8620
[2024-11-26T06:27:15.846+0000] {usa_spending_extraction_script.py:320} INFO - Fetching transactions for award_id: ASST_NON_B-23-MC-72-0015_8620
[2024-11-26T06:27:16.164+0000] {usa_spending_extraction_script.py:320} INFO - Fetching transactions for award_id: ASST_NON_B-20-MC-72-0027_8620
[2024-11-26T06:27:16.496+0000] {usa_spending_extraction_script.py:320} INFO - Fetching transactions for award_id: ASST_NON_B-20-MW-72-0021_8620
[2024-11-26T06:27:16.867+0000] {usa_spending_extraction_script.py:320} INFO - Fetching transactions for award_id: ASST_NON_B-21-MC-72-0021_8620
[2024-11-26T06:27:17.541+0000] {usa_spending_extraction_script.py:320} INFO - Fetching transactions for award_id: ASST_NON_B-19-MC-72-0027_8620
[2024-11-26T06:27:17.904+0000] {usa_spending_extraction_script.py:320} INFO - Fetching transactions for award_id: ASST_NON_B-14-MC-72-0012_8620
[2024-11-26T06:27:18.265+0000] {usa_spending_extraction_script.py:320} INFO - Fetching transactions for award_id: ASST_NON_B-19-MC-72-0021_8620
[2024-11-26T06:27:18.635+0000] {usa_spending_extraction_script.py:320} INFO - Fetching transactions for award_id: ASST_NON_B-18-MC-72-0021_8620
[2024-11-26T06:27:19.024+0000] {usa_spending_extraction_script.py:320} INFO - Fetching transactions for award_id: ASST_NON_B-22-MC-72-0021_8620
[2024-11-26T06:27:19.406+0000] {usa_spending_extraction_script.py:320} INFO - Fetching transactions for award_id: ASST_NON_B-23-MC-72-0021_8620
[2024-11-26T06:27:19.776+0000] {usa_spending_extraction_script.py:320} INFO - Fetching transactions for award_id: ASST_NON_B-14-MC-72-0025_8620
[2024-11-26T06:27:20.358+0000] {usa_spending_extraction_script.py:320} INFO - Fetching transactions for award_id: ASST_NON_B-21-MC-72-0027_8620
[2024-11-26T06:27:20.710+0000] {usa_spending_extraction_script.py:320} INFO - Fetching transactions for award_id: ASST_NON_B-15-MC-72-0021_8620
[2024-11-26T06:27:21.090+0000] {usa_spending_extraction_script.py:320} INFO - Fetching transactions for award_id: ASST_NON_B-17-MC-72-0027_8620
[2024-11-26T06:27:21.459+0000] {usa_spending_extraction_script.py:320} INFO - Fetching transactions for award_id: ASST_NON_B-20-MW-72-0012_8620
[2024-11-26T06:27:21.817+0000] {usa_spending_extraction_script.py:320} INFO - Fetching transactions for award_id: ASST_NON_B-20-MC-72-0025_8620
[2024-11-26T06:27:22.321+0000] {usa_spending_extraction_script.py:320} INFO - Fetching transactions for award_id: ASST_NON_B-21-MC-72-0025_8620
[2024-11-26T06:27:22.638+0000] {usa_spending_extraction_script.py:320} INFO - Fetching transactions for award_id: ASST_NON_B-16-MC-72-0021_8620
[2024-11-26T06:27:23.362+0000] {usa_spending_extraction_script.py:320} INFO - Fetching transactions for award_id: ASST_NON_B-19-MC-72-0025_8620
[2024-11-26T06:27:23.727+0000] {usa_spending_extraction_script.py:320} INFO - Fetching transactions for award_id: ASST_NON_B-22-MC-72-0027_8620
[2024-11-26T06:27:24.068+0000] {usa_spending_extraction_script.py:320} INFO - Fetching transactions for award_id: ASST_NON_B-23-MC-72-0027_8620
[2024-11-26T06:27:24.460+0000] {usa_spending_extraction_script.py:320} INFO - Fetching transactions for award_id: ASST_NON_B-18-MC-72-0025_8620
[2024-11-26T06:27:24.802+0000] {usa_spending_extraction_script.py:320} INFO - Fetching transactions for award_id: ASST_NON_B-24-MC-72-0021_8620
[2024-11-26T06:27:25.130+0000] {usa_spending_extraction_script.py:320} INFO - Fetching transactions for award_id: ASST_NON_B-17-MC-72-0021_8620
[2024-11-26T06:27:25.618+0000] {usa_spending_extraction_script.py:320} INFO - Fetching transactions for award_id: ASST_NON_B-20-MW-72-0025_8620
[2024-11-26T06:27:25.970+0000] {usa_spending_extraction_script.py:320} INFO - Fetching transactions for award_id: ASST_NON_B-18-MC-72-0012_8620
[2024-11-26T06:27:26.342+0000] {usa_spending_extraction_script.py:320} INFO - Fetching transactions for award_id: ASST_NON_B-24-MC-72-0025_8620
[2024-11-26T06:27:26.721+0000] {usa_spending_extraction_script.py:320} INFO - Fetching transactions for award_id: ASST_NON_B-22-MC-72-0025_8620
[2024-11-26T06:27:27.098+0000] {usa_spending_extraction_script.py:320} INFO - Fetching transactions for award_id: ASST_NON_B-20-MC-72-0012_8620
[2024-11-26T06:27:27.531+0000] {usa_spending_extraction_script.py:320} INFO - Fetching transactions for award_id: ASST_NON_B-21-MC-72-0012_8620
[2024-11-26T06:27:27.868+0000] {usa_spending_extraction_script.py:320} INFO - Fetching transactions for award_id: ASST_NON_B-19-MC-72-0012_8620
[2024-11-26T06:27:28.283+0000] {usa_spending_extraction_script.py:320} INFO - Fetching transactions for award_id: ASST_NON_B-24-MC-72-0027_8620
[2024-11-26T06:27:28.635+0000] {usa_spending_extraction_script.py:320} INFO - Fetching transactions for award_id: ASST_NON_B-20-MW-72-0027_8620
[2024-11-26T06:27:29.095+0000] {usa_spending_extraction_script.py:320} INFO - Fetching transactions for award_id: ASST_NON_B-15-MC-72-0025_8620
[2024-11-26T06:27:29.448+0000] {usa_spending_extraction_script.py:320} INFO - Fetching transactions for award_id: ASST_NON_B-15-MC-72-0012_8620
[2024-11-26T06:27:29.897+0000] {usa_spending_extraction_script.py:320} INFO - Fetching transactions for award_id: ASST_NON_B-23-MC-72-0025_8620
[2024-11-26T06:27:30.697+0000] {usa_spending_extraction_script.py:320} INFO - Fetching transactions for award_id: ASST_NON_B-17-MC-72-0012_8620
[2024-11-26T06:27:31.097+0000] {usa_spending_extraction_script.py:320} INFO - Fetching transactions for award_id: ASST_NON_B-23-MC-72-0012_8620
[2024-11-26T06:27:31.464+0000] {usa_spending_extraction_script.py:320} INFO - Fetching transactions for award_id: ASST_NON_B-17-MC-72-0025_8620
[2024-11-26T06:27:31.856+0000] {usa_spending_extraction_script.py:320} INFO - Fetching transactions for award_id: ASST_NON_B-16-MC-72-0025_8620
[2024-11-26T06:27:32.203+0000] {usa_spending_extraction_script.py:320} INFO - Fetching transactions for award_id: ASST_NON_B-22-MC-72-0012_8620
[2024-11-26T06:27:32.567+0000] {usa_spending_extraction_script.py:320} INFO - Fetching transactions for award_id: ASST_NON_B-24-MC-72-0012_8620
[2024-11-26T06:27:32.901+0000] {usa_spending_extraction_script.py:320} INFO - Fetching transactions for award_id: ASST_NON_B-16-MC-72-0012_8620
[2024-11-26T06:27:33.274+0000] {usa_spending_extraction_script.py:370} INFO - Transactions data fetched successfully.
[2024-11-26T06:27:33.827+0000] {logging_mixin.py:190} INFO - File saved to S3: s3://project-raw-data-files/usa_spending_data/transactions_11_26_2024.csv
[2024-11-26T06:27:33.831+0000] {python.py:240} INFO - Done. Returned value was: None
[2024-11-26T06:27:33.847+0000] {taskinstance.py:340} INFO - ::group::Post task execution logs
[2024-11-26T06:27:33.848+0000] {taskinstance.py:352} INFO - Marking task as SUCCESS. dag_id=ETL_usa_spending, task_id=extract_usa_spending_data_task, run_id=manual__2024-11-26T06:23:58.227933+00:00, execution_date=20241126T062358, start_date=20241126T062400, end_date=20241126T062733
[2024-11-26T06:27:33.917+0000] {local_task_job_runner.py:266} INFO - Task exited with return code 0
[2024-11-26T06:27:33.952+0000] {taskinstance.py:3895} INFO - 1 downstream tasks scheduled from follow-on schedule check
[2024-11-26T06:27:33.958+0000] {local_task_job_runner.py:245} INFO - ::endgroup::
