[2024-12-02T18:11:52.632+0000] {local_task_job_runner.py:123} INFO - ::group::Pre task execution logs
[2024-12-02T18:11:52.651+0000] {taskinstance.py:2613} INFO - Dependencies all met for dep_context=non-requeueable deps ti=<TaskInstance: ETL_history_reports.fetch_history_reports_task manual__2024-12-02T18:11:50.422457+00:00 [queued]>
[2024-12-02T18:11:52.665+0000] {taskinstance.py:2613} INFO - Dependencies all met for dep_context=requeueable deps ti=<TaskInstance: ETL_history_reports.fetch_history_reports_task manual__2024-12-02T18:11:50.422457+00:00 [queued]>
[2024-12-02T18:11:52.667+0000] {taskinstance.py:2866} INFO - Starting attempt 1 of 1
[2024-12-02T18:11:52.687+0000] {taskinstance.py:2889} INFO - Executing <Task(PythonOperator): fetch_history_reports_task> on 2024-12-02 18:11:50.422457+00:00
[2024-12-02T18:11:52.702+0000] {logging_mixin.py:190} WARNING - /home/***/.local/lib/python3.12/site-packages/***/task/task_runner/standard_task_runner.py:70 DeprecationWarning: This process (pid=62635) is multi-threaded, use of fork() may lead to deadlocks in the child.
[2024-12-02T18:11:52.700+0000] {standard_task_runner.py:104} INFO - Running: ['***', 'tasks', 'run', 'ETL_history_reports', 'fetch_history_reports_task', 'manual__2024-12-02T18:11:50.422457+00:00', '--job-id', '499', '--raw', '--subdir', 'DAGS_FOLDER/financial_reports_dag.py', '--cfg-path', '/tmp/tmpd8sdj6ew']
[2024-12-02T18:11:52.704+0000] {standard_task_runner.py:72} INFO - Started process 62637 to run task
[2024-12-02T18:11:52.704+0000] {standard_task_runner.py:105} INFO - Job 499: Subtask fetch_history_reports_task
[2024-12-02T18:11:52.776+0000] {task_command.py:467} INFO - Running <TaskInstance: ETL_history_reports.fetch_history_reports_task manual__2024-12-02T18:11:50.422457+00:00 [running]> on host 6a246d8d590f
[2024-12-02T18:11:53.075+0000] {taskinstance.py:3132} INFO - Exporting env vars: AIRFLOW_CTX_DAG_OWNER='***' AIRFLOW_CTX_DAG_ID='ETL_history_reports' AIRFLOW_CTX_TASK_ID='fetch_history_reports_task' AIRFLOW_CTX_EXECUTION_DATE='2024-12-02T18:11:50.422457+00:00' AIRFLOW_CTX_TRY_NUMBER='1' AIRFLOW_CTX_DAG_RUN_ID='manual__2024-12-02T18:11:50.422457+00:00'
[2024-12-02T18:11:53.077+0000] {taskinstance.py:731} INFO - ::endgroup::
[2024-12-02T18:11:53.994+0000] {logging_mixin.py:190} INFO - File CDBG_DR_Grant_History_11_1_2024.pdf already exists in S3. Skipping upload.
[2024-12-02T18:11:54.085+0000] {logging_mixin.py:190} INFO - File CDBG_DR_Grant_History_10_1_2024.pdf already exists in S3. Skipping upload.
[2024-12-02T18:11:54.176+0000] {logging_mixin.py:190} INFO - File CDBG_DR_Grant_History_9_1_2024.pdf already exists in S3. Skipping upload.
[2024-12-02T18:11:54.269+0000] {logging_mixin.py:190} INFO - File CDBG_DR_Grant_History_8_1_2024.pdf already exists in S3. Skipping upload.
[2024-12-02T18:11:54.351+0000] {logging_mixin.py:190} INFO - File CDBG_DR_Grant_History_7_1_2024.pdf already exists in S3. Skipping upload.
[2024-12-02T18:11:54.437+0000] {logging_mixin.py:190} INFO - File CDBG_DR_Grant_History_6_1_2024.pdf already exists in S3. Skipping upload.
[2024-12-02T18:11:54.527+0000] {logging_mixin.py:190} INFO - File CDBG_DR_Grant_History_5_1_2024.pdf already exists in S3. Skipping upload.
[2024-12-02T18:11:54.626+0000] {logging_mixin.py:190} INFO - File CDBG_DR_Grant_History-4-1-2024.pdf already exists in S3. Skipping upload.
[2024-12-02T18:11:54.716+0000] {logging_mixin.py:190} INFO - File CDBG-DR-Grant-History-2024-03.pdf already exists in S3. Skipping upload.
[2024-12-02T18:11:54.798+0000] {logging_mixin.py:190} INFO - File CDBG-DR-Grant-History-2024-02.pdf already exists in S3. Skipping upload.
[2024-12-02T18:11:54.881+0000] {logging_mixin.py:190} INFO - File CDBG-DR-Grant-History-2024-01.pdf already exists in S3. Skipping upload.
[2024-12-02T18:11:54.966+0000] {logging_mixin.py:190} INFO - File CDBG-DR-Grant-History-2023-12.pdf already exists in S3. Skipping upload.
[2024-12-02T18:11:55.061+0000] {logging_mixin.py:190} INFO - File CDBG_DR_Grant_History-11-1-2023.pdf already exists in S3. Skipping upload.
[2024-12-02T18:11:55.159+0000] {logging_mixin.py:190} INFO - File CDBG-DR-Grant-History-2023-10.pdf already exists in S3. Skipping upload.
[2024-12-02T18:11:55.253+0000] {logging_mixin.py:190} INFO - File CDBG-DR-Grant-History-2023-04.pdf already exists in S3. Skipping upload.
[2024-12-02T18:11:55.350+0000] {logging_mixin.py:190} INFO - File CDBG-DR-Grant-History-2023-01.pdf already exists in S3. Skipping upload.
[2024-12-02T18:11:55.454+0000] {logging_mixin.py:190} INFO - File CDBG-DR-Grant-History-2022-10.pdf already exists in S3. Skipping upload.
[2024-12-02T18:11:55.555+0000] {logging_mixin.py:190} INFO - File CDBG-DR-Grant-History-2022-07.pdf already exists in S3. Skipping upload.
[2024-12-02T18:11:55.655+0000] {logging_mixin.py:190} INFO - File CDBG-DR-Grant-History-2022-04.pdf already exists in S3. Skipping upload.
[2024-12-02T18:11:55.745+0000] {logging_mixin.py:190} INFO - File CDBG-DR-Grant-History-2022-01.pdf already exists in S3. Skipping upload.
[2024-12-02T18:11:55.843+0000] {logging_mixin.py:190} INFO - File CDBG-DR-Grant-History-2021-10.pdf already exists in S3. Skipping upload.
[2024-12-02T18:11:55.847+0000] {python.py:240} INFO - Done. Returned value was: None
[2024-12-02T18:11:55.876+0000] {taskinstance.py:340} INFO - ::group::Post task execution logs
[2024-12-02T18:11:55.879+0000] {taskinstance.py:352} INFO - Marking task as SUCCESS. dag_id=ETL_history_reports, task_id=fetch_history_reports_task, run_id=manual__2024-12-02T18:11:50.422457+00:00, execution_date=20241202T181150, start_date=20241202T181152, end_date=20241202T181155
[2024-12-02T18:11:55.975+0000] {local_task_job_runner.py:266} INFO - Task exited with return code 0
[2024-12-02T18:11:56.048+0000] {taskinstance.py:3895} INFO - 1 downstream tasks scheduled from follow-on schedule check
[2024-12-02T18:11:56.055+0000] {local_task_job_runner.py:245} INFO - ::endgroup::
