[2024-11-27T23:59:38.725+0000] {local_task_job_runner.py:123} INFO - ::group::Pre task execution logs
[2024-11-27T23:59:38.741+0000] {taskinstance.py:2613} INFO - Dependencies all met for dep_context=non-requeueable deps ti=<TaskInstance: ETL_usa_spending.process_usa_spending_data_task manual__2024-11-27T23:26:29.335859+00:00 [queued]>
[2024-11-27T23:59:38.749+0000] {taskinstance.py:2613} INFO - Dependencies all met for dep_context=requeueable deps ti=<TaskInstance: ETL_usa_spending.process_usa_spending_data_task manual__2024-11-27T23:26:29.335859+00:00 [queued]>
[2024-11-27T23:59:38.750+0000] {taskinstance.py:2866} INFO - Starting attempt 1 of 1
[2024-11-27T23:59:38.766+0000] {taskinstance.py:2889} INFO - Executing <Task(PythonOperator): process_usa_spending_data_task> on 2024-11-27 23:26:29.335859+00:00
[2024-11-27T23:59:38.774+0000] {logging_mixin.py:190} WARNING - /home/***/.local/lib/python3.12/site-packages/***/task/task_runner/standard_task_runner.py:70 DeprecationWarning: This process (pid=31933) is multi-threaded, use of fork() may lead to deadlocks in the child.
[2024-11-27T23:59:38.776+0000] {standard_task_runner.py:72} INFO - Started process 31935 to run task
[2024-11-27T23:59:38.775+0000] {standard_task_runner.py:104} INFO - Running: ['***', 'tasks', 'run', 'ETL_usa_spending', 'process_usa_spending_data_task', 'manual__2024-11-27T23:26:29.335859+00:00', '--job-id', '438', '--raw', '--subdir', 'DAGS_FOLDER/project_dag.py', '--cfg-path', '/tmp/tmp7rhm1235']
[2024-11-27T23:59:38.777+0000] {standard_task_runner.py:105} INFO - Job 438: Subtask process_usa_spending_data_task
[2024-11-27T23:59:38.825+0000] {task_command.py:467} INFO - Running <TaskInstance: ETL_usa_spending.process_usa_spending_data_task manual__2024-11-27T23:26:29.335859+00:00 [running]> on host 6a246d8d590f
[2024-11-27T23:59:39.114+0000] {taskinstance.py:3132} INFO - Exporting env vars: AIRFLOW_CTX_DAG_OWNER='***' AIRFLOW_CTX_DAG_ID='ETL_usa_spending' AIRFLOW_CTX_TASK_ID='process_usa_spending_data_task' AIRFLOW_CTX_EXECUTION_DATE='2024-11-27T23:26:29.335859+00:00' AIRFLOW_CTX_TRY_NUMBER='1' AIRFLOW_CTX_DAG_RUN_ID='manual__2024-11-27T23:26:29.335859+00:00'
[2024-11-27T23:59:39.115+0000] {taskinstance.py:731} INFO - ::endgroup::
[2024-11-27T23:59:39.525+0000] {logging_mixin.py:190} INFO - Processing file: funding_data_11_27_2024.csv
[2024-11-27T23:59:39.999+0000] {logging_mixin.py:190} INFO - Processing file: other_data_11_27_2024.csv
[2024-11-27T23:59:40.308+0000] {logging_mixin.py:190} INFO - Processing file: spending_by_award_11_27_2024.csv
[2024-11-27T23:59:40.631+0000] {logging_mixin.py:190} INFO - Processing file: subawards_11_27_2024.csv
[2024-11-27T23:59:40.909+0000] {logging_mixin.py:190} INFO - Processing file: transactions_11_27_2024.csv
[2024-11-27T23:59:41.575+0000] {logging_mixin.py:190} INFO - File saved to S3: s3://project-processed-data/usa_spending_data/states_20241127_235941.csv
[2024-11-27T23:59:41.780+0000] {logging_mixin.py:190} INFO - File saved to S3: s3://project-processed-data/usa_spending_data/cfda_20241127_235941.csv
[2024-11-27T23:59:41.974+0000] {logging_mixin.py:190} INFO - File saved to S3: s3://project-processed-data/usa_spending_data/agency_data_20241127_235941.csv
[2024-11-27T23:59:42.161+0000] {logging_mixin.py:190} INFO - File saved to S3: s3://project-processed-data/usa_spending_data/sub_agency_20241127_235941.csv
[2024-11-27T23:59:42.392+0000] {logging_mixin.py:190} INFO - File saved to S3: s3://project-processed-data/usa_spending_data/recipients_20241127_235941.csv
[2024-11-27T23:59:42.796+0000] {logging_mixin.py:190} INFO - File saved to S3: s3://project-processed-data/usa_spending_data/grants_20241127_235941.csv
[2024-11-27T23:59:43.302+0000] {logging_mixin.py:190} INFO - File saved to S3: s3://project-processed-data/usa_spending_data/federal_awards_20241127_235941.csv
[2024-11-27T23:59:44.004+0000] {logging_mixin.py:190} INFO - File saved to S3: s3://project-processed-data/usa_spending_data/funding_20241127_235941.csv
[2024-11-27T23:59:44.354+0000] {logging_mixin.py:190} INFO - File saved to S3: s3://project-processed-data/usa_spending_data/transactions_20241127_235941.csv
[2024-11-27T23:59:44.685+0000] {logging_mixin.py:190} INFO - File saved to S3: s3://project-processed-data/usa_spending_data/sub_awards_20241127_235941.csv
[2024-11-27T23:59:45.088+0000] {logging_mixin.py:190} INFO - File moved from s3://project-raw-data-files/usa_spending_data/funding_data_11_27_2024.csv to s3://project-raw-data-files/archived/usa_spending_data/funding_data_11_27_2024.csv
[2024-11-27T23:59:45.421+0000] {logging_mixin.py:190} INFO - File moved from s3://project-raw-data-files/usa_spending_data/other_data_11_27_2024.csv to s3://project-raw-data-files/archived/usa_spending_data/other_data_11_27_2024.csv
[2024-11-27T23:59:45.769+0000] {logging_mixin.py:190} INFO - File moved from s3://project-raw-data-files/usa_spending_data/spending_by_award_11_27_2024.csv to s3://project-raw-data-files/archived/usa_spending_data/spending_by_award_11_27_2024.csv
[2024-11-27T23:59:46.218+0000] {logging_mixin.py:190} INFO - File moved from s3://project-raw-data-files/usa_spending_data/subawards_11_27_2024.csv to s3://project-raw-data-files/archived/usa_spending_data/subawards_11_27_2024.csv
[2024-11-27T23:59:46.533+0000] {logging_mixin.py:190} INFO - File moved from s3://project-raw-data-files/usa_spending_data/transactions_11_27_2024.csv to s3://project-raw-data-files/archived/usa_spending_data/transactions_11_27_2024.csv
[2024-11-27T23:59:46.544+0000] {python.py:240} INFO - Done. Returned value was: None
[2024-11-27T23:59:46.562+0000] {taskinstance.py:340} INFO - ::group::Post task execution logs
[2024-11-27T23:59:46.563+0000] {taskinstance.py:352} INFO - Marking task as SUCCESS. dag_id=ETL_usa_spending, task_id=process_usa_spending_data_task, run_id=manual__2024-11-27T23:26:29.335859+00:00, execution_date=20241127T232629, start_date=20241127T235938, end_date=20241127T235946
[2024-11-27T23:59:46.613+0000] {local_task_job_runner.py:266} INFO - Task exited with return code 0
[2024-11-27T23:59:46.639+0000] {taskinstance.py:3895} INFO - 1 downstream tasks scheduled from follow-on schedule check
[2024-11-27T23:59:46.642+0000] {local_task_job_runner.py:245} INFO - ::endgroup::
