[2024-11-26T01:23:03.533+0000] {local_task_job_runner.py:123} INFO - ::group::Pre task execution logs
[2024-11-26T01:23:03.556+0000] {taskinstance.py:2613} INFO - Dependencies all met for dep_context=non-requeueable deps ti=<TaskInstance: ETL_financial_reports.ingest_financial_reports_task scheduled__2024-11-25T00:00:00+00:00 [queued]>
[2024-11-26T01:23:03.567+0000] {taskinstance.py:2613} INFO - Dependencies all met for dep_context=requeueable deps ti=<TaskInstance: ETL_financial_reports.ingest_financial_reports_task scheduled__2024-11-25T00:00:00+00:00 [queued]>
[2024-11-26T01:23:03.568+0000] {taskinstance.py:2866} INFO - Starting attempt 1 of 1
[2024-11-26T01:23:03.587+0000] {taskinstance.py:2889} INFO - Executing <Task(PythonOperator): ingest_financial_reports_task> on 2024-11-25 00:00:00+00:00
[2024-11-26T01:23:03.601+0000] {standard_task_runner.py:104} INFO - Running: ['***', 'tasks', 'run', 'ETL_financial_reports', 'ingest_financial_reports_task', 'scheduled__2024-11-25T00:00:00+00:00', '--job-id', '311', '--raw', '--subdir', 'DAGS_FOLDER/project_dag.py', '--cfg-path', '/tmp/tmpikkrmfux']
[2024-11-26T01:23:03.603+0000] {logging_mixin.py:190} WARNING - /home/***/.local/lib/python3.12/site-packages/***/task/task_runner/standard_task_runner.py:70 DeprecationWarning: This process (pid=6682) is multi-threaded, use of fork() may lead to deadlocks in the child.
[2024-11-26T01:23:03.606+0000] {standard_task_runner.py:105} INFO - Job 311: Subtask ingest_financial_reports_task
[2024-11-26T01:23:03.606+0000] {standard_task_runner.py:72} INFO - Started process 6690 to run task
[2024-11-26T01:23:03.671+0000] {task_command.py:467} INFO - Running <TaskInstance: ETL_financial_reports.ingest_financial_reports_task scheduled__2024-11-25T00:00:00+00:00 [running]> on host 6a246d8d590f
[2024-11-26T01:23:04.092+0000] {taskinstance.py:3132} INFO - Exporting env vars: AIRFLOW_CTX_DAG_OWNER='***' AIRFLOW_CTX_DAG_ID='ETL_financial_reports' AIRFLOW_CTX_TASK_ID='ingest_financial_reports_task' AIRFLOW_CTX_EXECUTION_DATE='2024-11-25T00:00:00+00:00' AIRFLOW_CTX_TRY_NUMBER='1' AIRFLOW_CTX_DAG_RUN_ID='scheduled__2024-11-25T00:00:00+00:00'
[2024-11-26T01:23:04.093+0000] {taskinstance.py:731} INFO - ::endgroup::
[2024-11-26T01:23:04.627+0000] {logging_mixin.py:190} INFO - Processing file: financial_reports/processed_CDBG-DR-Grants-Financial-Report-2023-03.csv
[2024-11-26T01:23:05.093+0000] {logging_mixin.py:190} INFO - Error: column "report_date" of relation "grantfinancialreports" does not exist
LINE 1: ..._percentage, spending_status, amount_behind_pace, report_dat...
                                                             ^
[2024-11-26T01:23:06.363+0000] {logging_mixin.py:190} INFO - Processing file: financial_reports/processed_CDBG-DR-Grants-Financial-Report-2023-04.csv
[2024-11-26T01:23:07.123+0000] {logging_mixin.py:190} INFO - Error: column "report_date" of relation "grantfinancialreports" does not exist
LINE 1: ..._percentage, spending_status, amount_behind_pace, report_dat...
                                                             ^
[2024-11-26T01:23:08.124+0000] {python.py:240} INFO - Done. Returned value was: None
[2024-11-26T01:23:08.133+0000] {taskinstance.py:340} INFO - ::group::Post task execution logs
[2024-11-26T01:23:08.134+0000] {taskinstance.py:352} INFO - Marking task as SUCCESS. dag_id=ETL_financial_reports, task_id=ingest_financial_reports_task, run_id=scheduled__2024-11-25T00:00:00+00:00, execution_date=20241125T000000, start_date=20241126T012303, end_date=20241126T012308
[2024-11-26T01:23:08.200+0000] {local_task_job_runner.py:266} INFO - Task exited with return code 0
[2024-11-26T01:23:08.217+0000] {taskinstance.py:3895} INFO - 0 downstream tasks scheduled from follow-on schedule check
[2024-11-26T01:23:08.221+0000] {local_task_job_runner.py:245} INFO - ::endgroup::
