[2024-11-22T03:19:55.828+0000] {local_task_job_runner.py:123} INFO - ::group::Pre task execution logs
[2024-11-22T03:19:55.850+0000] {taskinstance.py:2613} INFO - Dependencies all met for dep_context=non-requeueable deps ti=<TaskInstance: ETL_usa_spending.process_usa_spending_data_task manual__2024-11-22T03:19:53.233746+00:00 [queued]>
[2024-11-22T03:19:55.860+0000] {taskinstance.py:2613} INFO - Dependencies all met for dep_context=requeueable deps ti=<TaskInstance: ETL_usa_spending.process_usa_spending_data_task manual__2024-11-22T03:19:53.233746+00:00 [queued]>
[2024-11-22T03:19:55.861+0000] {taskinstance.py:2866} INFO - Starting attempt 1 of 1
[2024-11-22T03:19:55.878+0000] {taskinstance.py:2889} INFO - Executing <Task(PythonOperator): process_usa_spending_data_task> on 2024-11-22 03:19:53.233746+00:00
[2024-11-22T03:19:55.894+0000] {logging_mixin.py:190} WARNING - /home/***/.local/lib/python3.12/site-packages/***/task/task_runner/standard_task_runner.py:70 DeprecationWarning: This process (pid=68501) is multi-threaded, use of fork() may lead to deadlocks in the child.
[2024-11-22T03:19:55.896+0000] {standard_task_runner.py:72} INFO - Started process 68503 to run task
[2024-11-22T03:19:55.894+0000] {standard_task_runner.py:104} INFO - Running: ['***', 'tasks', 'run', 'ETL_usa_spending', 'process_usa_spending_data_task', 'manual__2024-11-22T03:19:53.233746+00:00', '--job-id', '161', '--raw', '--subdir', 'DAGS_FOLDER/project_dag.py', '--cfg-path', '/tmp/tmpsz9krq5g']
[2024-11-22T03:19:55.897+0000] {standard_task_runner.py:105} INFO - Job 161: Subtask process_usa_spending_data_task
[2024-11-22T03:19:55.965+0000] {task_command.py:467} INFO - Running <TaskInstance: ETL_usa_spending.process_usa_spending_data_task manual__2024-11-22T03:19:53.233746+00:00 [running]> on host 7da4b16cbed4
[2024-11-22T03:19:56.076+0000] {taskinstance.py:3132} INFO - Exporting env vars: AIRFLOW_CTX_DAG_OWNER='***' AIRFLOW_CTX_DAG_ID='ETL_usa_spending' AIRFLOW_CTX_TASK_ID='process_usa_spending_data_task' AIRFLOW_CTX_EXECUTION_DATE='2024-11-22T03:19:53.233746+00:00' AIRFLOW_CTX_TRY_NUMBER='1' AIRFLOW_CTX_DAG_RUN_ID='manual__2024-11-22T03:19:53.233746+00:00'
[2024-11-22T03:19:56.078+0000] {taskinstance.py:731} INFO - ::endgroup::
[2024-11-22T03:19:56.521+0000] {logging_mixin.py:190} INFO - Processing file: df_spending_by_award_11_17_2024.csv
[2024-11-22T03:19:57.118+0000] {logging_mixin.py:190} INFO - Processing file: federal_account_funding_df_2024-11-17.csv
[2024-11-22T03:19:57.688+0000] {logging_mixin.py:190} INFO - Processing file: other_variables_11_17_2024.csv
[2024-11-22T03:19:57.992+0000] {logging_mixin.py:190} INFO - Processing file: sub_award_df_2024-11-17.csv
[2024-11-22T03:19:58.312+0000] {logging_mixin.py:190} INFO - Processing file: transactions_df_2024-11-17.csv
[2024-11-22T03:20:00.255+0000] {logging_mixin.py:190} INFO - File saved to S3: s3://project-processed-data/usa_spending_data/states_20241122_032000.csv
[2024-11-22T03:20:00.473+0000] {logging_mixin.py:190} INFO - File saved to S3: s3://project-processed-data/usa_spending_data/cfda_20241122_032000.csv
[2024-11-22T03:20:00.715+0000] {logging_mixin.py:190} INFO - File saved to S3: s3://project-processed-data/usa_spending_data/agency_20241122_032000.csv
[2024-11-22T03:20:00.936+0000] {logging_mixin.py:190} INFO - File saved to S3: s3://project-processed-data/usa_spending_data/sub_agency_20241122_032000.csv
[2024-11-22T03:20:01.148+0000] {logging_mixin.py:190} INFO - File saved to S3: s3://project-processed-data/usa_spending_data/recipients_20241122_032000.csv
[2024-11-22T03:20:01.686+0000] {logging_mixin.py:190} INFO - File saved to S3: s3://project-processed-data/usa_spending_data/grants_20241122_032000.csv
[2024-11-22T03:20:02.230+0000] {logging_mixin.py:190} INFO - File saved to S3: s3://project-processed-data/usa_spending_data/federal_awards_20241122_032000.csv
[2024-11-22T03:20:02.943+0000] {logging_mixin.py:190} INFO - File saved to S3: s3://project-processed-data/usa_spending_data/funding_20241122_032000.csv
[2024-11-22T03:20:03.400+0000] {logging_mixin.py:190} INFO - File saved to S3: s3://project-processed-data/usa_spending_data/transactions_20241122_032000.csv
[2024-11-22T03:20:03.807+0000] {logging_mixin.py:190} INFO - File saved to S3: s3://project-processed-data/usa_spending_data/sub_awards_20241122_032000.csv
[2024-11-22T03:20:04.052+0000] {logging_mixin.py:190} INFO - File moved from s3://project-raw-data-files/usa_spending_data/ to s3://project-raw-data-files/archived/usa_spending_data/
[2024-11-22T03:20:04.279+0000] {logging_mixin.py:190} INFO - File moved from s3://project-raw-data-files/usa_spending_data/df_spending_by_award_11_17_2024.csv to s3://project-raw-data-files/archived/usa_spending_data/df_spending_by_award_11_17_2024.csv
[2024-11-22T03:20:04.662+0000] {logging_mixin.py:190} INFO - File moved from s3://project-raw-data-files/usa_spending_data/federal_account_funding_df_2024-11-17.csv to s3://project-raw-data-files/archived/usa_spending_data/federal_account_funding_df_2024-11-17.csv
[2024-11-22T03:20:05.004+0000] {logging_mixin.py:190} INFO - File moved from s3://project-raw-data-files/usa_spending_data/other_variables_11_17_2024.csv to s3://project-raw-data-files/archived/usa_spending_data/other_variables_11_17_2024.csv
[2024-11-22T03:20:05.377+0000] {logging_mixin.py:190} INFO - File moved from s3://project-raw-data-files/usa_spending_data/sub_award_df_2024-11-17.csv to s3://project-raw-data-files/archived/usa_spending_data/sub_award_df_2024-11-17.csv
[2024-11-22T03:20:05.670+0000] {logging_mixin.py:190} INFO - File moved from s3://project-raw-data-files/usa_spending_data/transactions_df_2024-11-17.csv to s3://project-raw-data-files/archived/usa_spending_data/transactions_df_2024-11-17.csv
[2024-11-22T03:20:05.679+0000] {python.py:240} INFO - Done. Returned value was: None
[2024-11-22T03:20:05.693+0000] {taskinstance.py:340} INFO - ::group::Post task execution logs
[2024-11-22T03:20:05.694+0000] {taskinstance.py:352} INFO - Marking task as SUCCESS. dag_id=ETL_usa_spending, task_id=process_usa_spending_data_task, run_id=manual__2024-11-22T03:19:53.233746+00:00, execution_date=20241122T031953, start_date=20241122T031955, end_date=20241122T032005
[2024-11-22T03:20:05.754+0000] {local_task_job_runner.py:266} INFO - Task exited with return code 0
[2024-11-22T03:20:05.777+0000] {taskinstance.py:3895} INFO - 0 downstream tasks scheduled from follow-on schedule check
[2024-11-22T03:20:05.780+0000] {local_task_job_runner.py:245} INFO - ::endgroup::
