[2024-11-25T08:55:34.936+0000] {local_task_job_runner.py:123} INFO - ::group::Pre task execution logs
[2024-11-25T08:55:34.955+0000] {taskinstance.py:2613} INFO - Dependencies all met for dep_context=non-requeueable deps ti=<TaskInstance: ETL_history_reports.process_history_reports_task manual__2024-11-25T08:55:26.997772+00:00 [queued]>
[2024-11-25T08:55:34.970+0000] {taskinstance.py:2613} INFO - Dependencies all met for dep_context=requeueable deps ti=<TaskInstance: ETL_history_reports.process_history_reports_task manual__2024-11-25T08:55:26.997772+00:00 [queued]>
[2024-11-25T08:55:34.970+0000] {taskinstance.py:2866} INFO - Starting attempt 1 of 1
[2024-11-25T08:55:34.989+0000] {taskinstance.py:2889} INFO - Executing <Task(PythonOperator): process_history_reports_task> on 2024-11-25 08:55:26.997772+00:00
[2024-11-25T08:55:34.998+0000] {standard_task_runner.py:104} INFO - Running: ['***', 'tasks', 'run', 'ETL_history_reports', 'process_history_reports_task', 'manual__2024-11-25T08:55:26.997772+00:00', '--job-id', '288', '--raw', '--subdir', 'DAGS_FOLDER/project_dag.py', '--cfg-path', '/tmp/tmpk12nysrr']
[2024-11-25T08:55:34.999+0000] {logging_mixin.py:190} WARNING - /home/***/.local/lib/python3.12/site-packages/***/task/task_runner/standard_task_runner.py:70 DeprecationWarning: This process (pid=3117) is multi-threaded, use of fork() may lead to deadlocks in the child.
[2024-11-25T08:55:35.001+0000] {standard_task_runner.py:105} INFO - Job 288: Subtask process_history_reports_task
[2024-11-25T08:55:35.002+0000] {standard_task_runner.py:72} INFO - Started process 3119 to run task
[2024-11-25T08:55:35.055+0000] {task_command.py:467} INFO - Running <TaskInstance: ETL_history_reports.process_history_reports_task manual__2024-11-25T08:55:26.997772+00:00 [running]> on host 6a246d8d590f
[2024-11-25T08:55:35.446+0000] {taskinstance.py:3132} INFO - Exporting env vars: AIRFLOW_CTX_DAG_OWNER='***' AIRFLOW_CTX_DAG_ID='ETL_history_reports' AIRFLOW_CTX_TASK_ID='process_history_reports_task' AIRFLOW_CTX_EXECUTION_DATE='2024-11-25T08:55:26.997772+00:00' AIRFLOW_CTX_TRY_NUMBER='1' AIRFLOW_CTX_DAG_RUN_ID='manual__2024-11-25T08:55:26.997772+00:00'
[2024-11-25T08:55:35.448+0000] {taskinstance.py:731} INFO - ::endgroup::
[2024-11-25T08:55:39.863+0000] {logging_mixin.py:190} WARNING - /opt/***/dags/data_processing/history_reports_processing_script.py:278 FutureWarning: The behavior of DataFrame concatenation with empty or all-NA entries is deprecated. In a future version, this will no longer exclude empty or all-NA columns when determining the result dtypes. To retain the old behavior, exclude the relevant entries before the concat operation.
[2024-11-25T08:55:40.130+0000] {logging_mixin.py:190} INFO - File saved to S3: s3://project-processed-data/history_reports/disaster_9_1_2024.csv
[2024-11-25T08:55:40.326+0000] {logging_mixin.py:190} INFO - File saved to S3: s3://project-processed-data/history_reports/grantee_9_1_2024.csv
[2024-11-25T08:55:40.524+0000] {logging_mixin.py:190} INFO - File saved to S3: s3://project-processed-data/history_reports/grant_9_1_2024.csv
[2024-11-25T08:55:40.747+0000] {logging_mixin.py:190} INFO - File saved to S3: s3://project-processed-data/history_reports/publiclaw_9_1_2024.csv
[2024-11-25T08:55:40.948+0000] {logging_mixin.py:190} INFO - File saved to S3: s3://project-processed-data/history_reports/disaster_publiclaw_9_1_2024.csv
[2024-11-25T08:55:41.195+0000] {logging_mixin.py:190} INFO - File moved from s3://project-raw-data-files/history_reports/CDBG_DR_Grant_History_9_1_2024.pdf to s3://project-raw-data-files/archived/history_reports/CDBG_DR_Grant_History_9_1_2024.pdf
[2024-11-25T08:55:41.197+0000] {logging_mixin.py:190} INFO - Processed file saved to S3: s3://project-processed-data/CDBG_DR_Grant_History_9_1_2024.pdf
[2024-11-25T08:55:41.199+0000] {python.py:240} INFO - Done. Returned value was: None
[2024-11-25T08:55:41.209+0000] {taskinstance.py:340} INFO - ::group::Post task execution logs
[2024-11-25T08:55:41.209+0000] {taskinstance.py:352} INFO - Marking task as SUCCESS. dag_id=ETL_history_reports, task_id=process_history_reports_task, run_id=manual__2024-11-25T08:55:26.997772+00:00, execution_date=20241125T085526, start_date=20241125T085534, end_date=20241125T085541
[2024-11-25T08:55:41.239+0000] {local_task_job_runner.py:266} INFO - Task exited with return code 0
[2024-11-25T08:55:41.254+0000] {taskinstance.py:3895} INFO - 0 downstream tasks scheduled from follow-on schedule check
[2024-11-25T08:55:41.257+0000] {local_task_job_runner.py:245} INFO - ::endgroup::
