[2024-11-29T04:47:04.644+0000] {local_task_job_runner.py:123} INFO - ::group::Pre task execution logs
[2024-11-29T04:47:04.661+0000] {taskinstance.py:2613} INFO - Dependencies all met for dep_context=non-requeueable deps ti=<TaskInstance: ETL_quarterly_performance_reports.ingest_performance_reports_task manual__2024-11-29T04:46:58.288941+00:00 [queued]>
[2024-11-29T04:47:04.672+0000] {taskinstance.py:2613} INFO - Dependencies all met for dep_context=requeueable deps ti=<TaskInstance: ETL_quarterly_performance_reports.ingest_performance_reports_task manual__2024-11-29T04:46:58.288941+00:00 [queued]>
[2024-11-29T04:47:04.673+0000] {taskinstance.py:2866} INFO - Starting attempt 1 of 1
[2024-11-29T04:47:04.695+0000] {taskinstance.py:2889} INFO - Executing <Task(PythonOperator): ingest_performance_reports_task> on 2024-11-29 04:46:58.288941+00:00
[2024-11-29T04:47:04.707+0000] {standard_task_runner.py:104} INFO - Running: ['***', 'tasks', 'run', 'ETL_quarterly_performance_reports', 'ingest_performance_reports_task', 'manual__2024-11-29T04:46:58.288941+00:00', '--job-id', '464', '--raw', '--subdir', 'DAGS_FOLDER/project_dag.py', '--cfg-path', '/tmp/tmpuv4lr97a']
[2024-11-29T04:47:04.708+0000] {logging_mixin.py:190} WARNING - /home/***/.local/lib/python3.12/site-packages/***/task/task_runner/standard_task_runner.py:70 DeprecationWarning: This process (pid=45993) is multi-threaded, use of fork() may lead to deadlocks in the child.
[2024-11-29T04:47:04.710+0000] {standard_task_runner.py:105} INFO - Job 464: Subtask ingest_performance_reports_task
[2024-11-29T04:47:04.710+0000] {standard_task_runner.py:72} INFO - Started process 45995 to run task
[2024-11-29T04:47:04.761+0000] {task_command.py:467} INFO - Running <TaskInstance: ETL_quarterly_performance_reports.ingest_performance_reports_task manual__2024-11-29T04:46:58.288941+00:00 [running]> on host 6a246d8d590f
[2024-11-29T04:47:05.074+0000] {taskinstance.py:3132} INFO - Exporting env vars: AIRFLOW_CTX_DAG_OWNER='***' AIRFLOW_CTX_DAG_ID='ETL_quarterly_performance_reports' AIRFLOW_CTX_TASK_ID='ingest_performance_reports_task' AIRFLOW_CTX_EXECUTION_DATE='2024-11-29T04:46:58.288941+00:00' AIRFLOW_CTX_TRY_NUMBER='1' AIRFLOW_CTX_DAG_RUN_ID='manual__2024-11-29T04:46:58.288941+00:00'
[2024-11-29T04:47:05.076+0000] {taskinstance.py:731} INFO - ::endgroup::
[2024-11-29T04:47:08.385+0000] {logging_mixin.py:190} INFO - Data successfully written to table AmountDescriptions.
[2024-11-29T04:47:08.639+0000] {logging_mixin.py:190} INFO - File moved from s3://project-processed-data/quarterly_performance_reports/amount_description_20241111_225350.csv to s3://project-processed-data/archived/quarterly_performance_reports/amount_description_20241111_225350.csv
[2024-11-29T04:47:10.480+0000] {logging_mixin.py:190} INFO - Data successfully written to table Activities.
[2024-11-29T04:47:10.767+0000] {logging_mixin.py:190} INFO - File moved from s3://project-processed-data/quarterly_performance_reports/activity_20241127_195330.csv to s3://project-processed-data/archived/quarterly_performance_reports/activity_20241127_195330.csv
[2024-11-29T04:47:12.210+0000] {logging_mixin.py:190} INFO - Error: insert or update on table "performancereports" violates foreign key constraint "performancereports_amount_desc_id_fkey"
DETAIL:  Key (amount_desc_id)=(0) is not present in table "amountdescriptions".
[2024-11-29T04:47:12.211+0000] {python.py:240} INFO - Done. Returned value was: None
[2024-11-29T04:47:12.222+0000] {taskinstance.py:340} INFO - ::group::Post task execution logs
[2024-11-29T04:47:12.222+0000] {taskinstance.py:352} INFO - Marking task as SUCCESS. dag_id=ETL_quarterly_performance_reports, task_id=ingest_performance_reports_task, run_id=manual__2024-11-29T04:46:58.288941+00:00, execution_date=20241129T044658, start_date=20241129T044704, end_date=20241129T044712
[2024-11-29T04:47:12.275+0000] {local_task_job_runner.py:266} INFO - Task exited with return code 0
[2024-11-29T04:47:12.292+0000] {taskinstance.py:3895} INFO - 0 downstream tasks scheduled from follow-on schedule check
[2024-11-29T04:47:12.294+0000] {local_task_job_runner.py:245} INFO - ::endgroup::
