[2024-11-26T05:11:06.340+0000] {local_task_job_runner.py:123} INFO - ::group::Pre task execution logs
[2024-11-26T05:11:06.361+0000] {taskinstance.py:2613} INFO - Dependencies all met for dep_context=non-requeueable deps ti=<TaskInstance: ETL_usa_spending.ingest_usa_spending_data_task manual__2024-11-26T05:10:59.460636+00:00 [queued]>
[2024-11-26T05:11:06.372+0000] {taskinstance.py:2613} INFO - Dependencies all met for dep_context=requeueable deps ti=<TaskInstance: ETL_usa_spending.ingest_usa_spending_data_task manual__2024-11-26T05:10:59.460636+00:00 [queued]>
[2024-11-26T05:11:06.373+0000] {taskinstance.py:2866} INFO - Starting attempt 1 of 1
[2024-11-26T05:11:06.402+0000] {taskinstance.py:2889} INFO - Executing <Task(PythonOperator): ingest_usa_spending_data_task> on 2024-11-26 05:10:59.460636+00:00
[2024-11-26T05:11:06.416+0000] {logging_mixin.py:190} WARNING - /home/***/.local/lib/python3.12/site-packages/***/task/task_runner/standard_task_runner.py:70 DeprecationWarning: This process (pid=12215) is multi-threaded, use of fork() may lead to deadlocks in the child.
[2024-11-26T05:11:06.415+0000] {standard_task_runner.py:104} INFO - Running: ['***', 'tasks', 'run', 'ETL_usa_spending', 'ingest_usa_spending_data_task', 'manual__2024-11-26T05:10:59.460636+00:00', '--job-id', '367', '--raw', '--subdir', 'DAGS_FOLDER/project_dag.py', '--cfg-path', '/tmp/tmpya32mhpy']
[2024-11-26T05:11:06.418+0000] {standard_task_runner.py:72} INFO - Started process 12217 to run task
[2024-11-26T05:11:06.418+0000] {standard_task_runner.py:105} INFO - Job 367: Subtask ingest_usa_spending_data_task
[2024-11-26T05:11:06.473+0000] {task_command.py:467} INFO - Running <TaskInstance: ETL_usa_spending.ingest_usa_spending_data_task manual__2024-11-26T05:10:59.460636+00:00 [running]> on host 6a246d8d590f
[2024-11-26T05:11:06.750+0000] {taskinstance.py:3132} INFO - Exporting env vars: AIRFLOW_CTX_DAG_OWNER='***' AIRFLOW_CTX_DAG_ID='ETL_usa_spending' AIRFLOW_CTX_TASK_ID='ingest_usa_spending_data_task' AIRFLOW_CTX_EXECUTION_DATE='2024-11-26T05:10:59.460636+00:00' AIRFLOW_CTX_TRY_NUMBER='1' AIRFLOW_CTX_DAG_RUN_ID='manual__2024-11-26T05:10:59.460636+00:00'
[2024-11-26T05:11:06.752+0000] {taskinstance.py:731} INFO - ::endgroup::
[2024-11-26T05:11:07.293+0000] {logging_mixin.py:190} INFO - Checking for new data to ingest into grants
[2024-11-26T05:11:07.641+0000] {logging_mixin.py:190} INFO - Ingesting new data into grants
[2024-11-26T05:11:23.165+0000] {logging_mixin.py:190} INFO - Data successfully written to table grants.
[2024-11-26T05:11:23.468+0000] {logging_mixin.py:190} INFO - File moved from s3://project-processed-data/usa_spending_data/grants_20241123_083458.csv to s3://project-processed-data/archived/usa_spending_data/grants_20241123_083458.csv
[2024-11-26T05:11:23.857+0000] {logging_mixin.py:190} INFO - Checking for new data to ingest into funding
[2024-11-26T05:11:24.161+0000] {logging_mixin.py:190} INFO - Ingesting new data into funding
[2024-11-26T05:15:33.998+0000] {logging_mixin.py:190} INFO - Data successfully written to table funding.
[2024-11-26T05:15:34.381+0000] {logging_mixin.py:190} INFO - File moved from s3://project-processed-data/usa_spending_data/funding_20241123_083458.csv to s3://project-processed-data/archived/usa_spending_data/funding_20241123_083458.csv
[2024-11-26T05:15:34.722+0000] {logging_mixin.py:190} INFO - Checking for new data to ingest into federalawards
[2024-11-26T05:15:35.045+0000] {logging_mixin.py:190} INFO - Ingesting new data into federalawards
[2024-11-26T05:15:35.317+0000] {logging_mixin.py:190} INFO - Error: insert or update on table "federalawards" violates foreign key constraint "federalawards_recipient_id_fkey"
DETAIL:  Key (recipient_id)=(4e80d4c6-329c-27c3-5033-0ac2275b4cf4-C) is not present in table "recipients".
[2024-11-26T05:15:35.637+0000] {logging_mixin.py:190} INFO - Checking for new data to ingest into transactions
[2024-11-26T05:15:35.897+0000] {logging_mixin.py:190} INFO - Ingesting new data into transactions
[2024-11-26T05:15:59.503+0000] {logging_mixin.py:190} INFO - Data successfully written to table transactions.
[2024-11-26T05:15:59.900+0000] {logging_mixin.py:190} INFO - File moved from s3://project-processed-data/usa_spending_data/transactions_20241123_083458.csv to s3://project-processed-data/archived/usa_spending_data/transactions_20241123_083458.csv
[2024-11-26T05:16:00.292+0000] {logging_mixin.py:190} INFO - Checking for new data to ingest into subawards
[2024-11-26T05:16:00.639+0000] {logging_mixin.py:190} INFO - Ingesting new data into subawards
[2024-11-26T05:16:42.896+0000] {logging_mixin.py:190} INFO - Data successfully written to table subawards.
[2024-11-26T05:16:43.203+0000] {logging_mixin.py:190} INFO - File moved from s3://project-processed-data/usa_spending_data/sub_awards_20241123_083458.csv to s3://project-processed-data/archived/usa_spending_data/sub_awards_20241123_083458.csv
[2024-11-26T05:16:43.206+0000] {python.py:240} INFO - Done. Returned value was: None
[2024-11-26T05:16:43.220+0000] {taskinstance.py:340} INFO - ::group::Post task execution logs
[2024-11-26T05:16:43.221+0000] {taskinstance.py:352} INFO - Marking task as SUCCESS. dag_id=ETL_usa_spending, task_id=ingest_usa_spending_data_task, run_id=manual__2024-11-26T05:10:59.460636+00:00, execution_date=20241126T051059, start_date=20241126T051106, end_date=20241126T051643
[2024-11-26T05:16:43.262+0000] {local_task_job_runner.py:266} INFO - Task exited with return code 0
[2024-11-26T05:16:43.278+0000] {taskinstance.py:3895} INFO - 0 downstream tasks scheduled from follow-on schedule check
[2024-11-26T05:16:43.281+0000] {local_task_job_runner.py:245} INFO - ::endgroup::
