[2024-12-02T18:09:50.792+0000] {local_task_job_runner.py:123} INFO - ::group::Pre task execution logs
[2024-12-02T18:09:50.810+0000] {taskinstance.py:2613} INFO - Dependencies all met for dep_context=non-requeueable deps ti=<TaskInstance: ETL_history_reports.fetch_history_reports_task manual__2024-12-02T18:09:47.525888+00:00 [queued]>
[2024-12-02T18:09:50.822+0000] {taskinstance.py:2613} INFO - Dependencies all met for dep_context=requeueable deps ti=<TaskInstance: ETL_history_reports.fetch_history_reports_task manual__2024-12-02T18:09:47.525888+00:00 [queued]>
[2024-12-02T18:09:50.822+0000] {taskinstance.py:2866} INFO - Starting attempt 1 of 1
[2024-12-02T18:09:50.840+0000] {taskinstance.py:2889} INFO - Executing <Task(PythonOperator): fetch_history_reports_task> on 2024-12-02 18:09:47.525888+00:00
[2024-12-02T18:09:50.855+0000] {logging_mixin.py:190} WARNING - /home/***/.local/lib/python3.12/site-packages/***/task/task_runner/standard_task_runner.py:70 DeprecationWarning: This process (pid=62497) is multi-threaded, use of fork() may lead to deadlocks in the child.
[2024-12-02T18:09:50.857+0000] {standard_task_runner.py:72} INFO - Started process 62499 to run task
[2024-12-02T18:09:50.854+0000] {standard_task_runner.py:104} INFO - Running: ['***', 'tasks', 'run', 'ETL_history_reports', 'fetch_history_reports_task', 'manual__2024-12-02T18:09:47.525888+00:00', '--job-id', '493', '--raw', '--subdir', 'DAGS_FOLDER/history_reports_dag.py', '--cfg-path', '/tmp/tmpfy3bcb64']
[2024-12-02T18:09:50.858+0000] {standard_task_runner.py:105} INFO - Job 493: Subtask fetch_history_reports_task
[2024-12-02T18:09:50.915+0000] {task_command.py:467} INFO - Running <TaskInstance: ETL_history_reports.fetch_history_reports_task manual__2024-12-02T18:09:47.525888+00:00 [running]> on host 6a246d8d590f
[2024-12-02T18:09:51.322+0000] {taskinstance.py:3132} INFO - Exporting env vars: AIRFLOW_CTX_DAG_OWNER='***' AIRFLOW_CTX_DAG_ID='ETL_history_reports' AIRFLOW_CTX_TASK_ID='fetch_history_reports_task' AIRFLOW_CTX_EXECUTION_DATE='2024-12-02T18:09:47.525888+00:00' AIRFLOW_CTX_TRY_NUMBER='1' AIRFLOW_CTX_DAG_RUN_ID='manual__2024-12-02T18:09:47.525888+00:00'
[2024-12-02T18:09:51.324+0000] {taskinstance.py:731} INFO - ::endgroup::
[2024-12-02T18:09:52.236+0000] {logging_mixin.py:190} INFO - File CDBG_DR_Grant_History_11_1_2024.pdf already exists in S3. Skipping upload.
[2024-12-02T18:09:52.323+0000] {logging_mixin.py:190} INFO - File CDBG_DR_Grant_History_10_1_2024.pdf already exists in S3. Skipping upload.
[2024-12-02T18:09:52.408+0000] {logging_mixin.py:190} INFO - File CDBG_DR_Grant_History_9_1_2024.pdf already exists in S3. Skipping upload.
[2024-12-02T18:09:52.496+0000] {logging_mixin.py:190} INFO - File CDBG_DR_Grant_History_8_1_2024.pdf already exists in S3. Skipping upload.
[2024-12-02T18:09:52.581+0000] {logging_mixin.py:190} INFO - File CDBG_DR_Grant_History_7_1_2024.pdf already exists in S3. Skipping upload.
[2024-12-02T18:09:52.669+0000] {logging_mixin.py:190} INFO - File CDBG_DR_Grant_History_6_1_2024.pdf already exists in S3. Skipping upload.
[2024-12-02T18:09:52.789+0000] {logging_mixin.py:190} INFO - File CDBG_DR_Grant_History_5_1_2024.pdf already exists in S3. Skipping upload.
[2024-12-02T18:09:52.877+0000] {logging_mixin.py:190} INFO - File CDBG_DR_Grant_History-4-1-2024.pdf already exists in S3. Skipping upload.
[2024-12-02T18:09:53.023+0000] {logging_mixin.py:190} INFO - File CDBG-DR-Grant-History-2024-03.pdf already exists in S3. Skipping upload.
[2024-12-02T18:09:53.151+0000] {logging_mixin.py:190} INFO - File CDBG-DR-Grant-History-2024-02.pdf already exists in S3. Skipping upload.
[2024-12-02T18:09:53.259+0000] {logging_mixin.py:190} INFO - File CDBG-DR-Grant-History-2024-01.pdf already exists in S3. Skipping upload.
[2024-12-02T18:09:53.396+0000] {logging_mixin.py:190} INFO - File CDBG-DR-Grant-History-2023-12.pdf already exists in S3. Skipping upload.
[2024-12-02T18:09:53.503+0000] {logging_mixin.py:190} INFO - File CDBG_DR_Grant_History-11-1-2023.pdf already exists in S3. Skipping upload.
[2024-12-02T18:09:53.611+0000] {logging_mixin.py:190} INFO - File CDBG-DR-Grant-History-2023-10.pdf already exists in S3. Skipping upload.
[2024-12-02T18:09:53.702+0000] {logging_mixin.py:190} INFO - File CDBG-DR-Grant-History-2023-04.pdf already exists in S3. Skipping upload.
[2024-12-02T18:09:53.791+0000] {logging_mixin.py:190} INFO - File CDBG-DR-Grant-History-2023-01.pdf already exists in S3. Skipping upload.
[2024-12-02T18:09:53.875+0000] {logging_mixin.py:190} INFO - File CDBG-DR-Grant-History-2022-10.pdf already exists in S3. Skipping upload.
[2024-12-02T18:09:53.963+0000] {logging_mixin.py:190} INFO - File CDBG-DR-Grant-History-2022-07.pdf already exists in S3. Skipping upload.
[2024-12-02T18:09:54.048+0000] {logging_mixin.py:190} INFO - File CDBG-DR-Grant-History-2022-04.pdf already exists in S3. Skipping upload.
[2024-12-02T18:09:54.133+0000] {logging_mixin.py:190} INFO - File CDBG-DR-Grant-History-2022-01.pdf already exists in S3. Skipping upload.
[2024-12-02T18:09:54.221+0000] {logging_mixin.py:190} INFO - File CDBG-DR-Grant-History-2021-10.pdf already exists in S3. Skipping upload.
[2024-12-02T18:09:54.223+0000] {python.py:240} INFO - Done. Returned value was: None
[2024-12-02T18:09:54.234+0000] {taskinstance.py:340} INFO - ::group::Post task execution logs
[2024-12-02T18:09:54.235+0000] {taskinstance.py:352} INFO - Marking task as SUCCESS. dag_id=ETL_history_reports, task_id=fetch_history_reports_task, run_id=manual__2024-12-02T18:09:47.525888+00:00, execution_date=20241202T180947, start_date=20241202T180950, end_date=20241202T180954
[2024-12-02T18:09:54.286+0000] {local_task_job_runner.py:266} INFO - Task exited with return code 0
[2024-12-02T18:09:54.316+0000] {taskinstance.py:3895} INFO - 0 downstream tasks scheduled from follow-on schedule check
[2024-12-02T18:09:54.319+0000] {local_task_job_runner.py:245} INFO - ::endgroup::
