[2024-11-26T06:35:17.175+0000] {local_task_job_runner.py:123} INFO - ::group::Pre task execution logs
[2024-11-26T06:35:17.193+0000] {taskinstance.py:2613} INFO - Dependencies all met for dep_context=non-requeueable deps ti=<TaskInstance: ETL_usa_spending.process_usa_spending_data_task manual__2024-11-26T06:35:11.684171+00:00 [queued]>
[2024-11-26T06:35:17.202+0000] {taskinstance.py:2613} INFO - Dependencies all met for dep_context=requeueable deps ti=<TaskInstance: ETL_usa_spending.process_usa_spending_data_task manual__2024-11-26T06:35:11.684171+00:00 [queued]>
[2024-11-26T06:35:17.203+0000] {taskinstance.py:2866} INFO - Starting attempt 1 of 1
[2024-11-26T06:35:17.217+0000] {taskinstance.py:2889} INFO - Executing <Task(PythonOperator): process_usa_spending_data_task> on 2024-11-26 06:35:11.684171+00:00
[2024-11-26T06:35:17.225+0000] {logging_mixin.py:190} WARNING - /home/***/.local/lib/python3.12/site-packages/***/task/task_runner/standard_task_runner.py:70 DeprecationWarning: This process (pid=14280) is multi-threaded, use of fork() may lead to deadlocks in the child.
[2024-11-26T06:35:17.226+0000] {standard_task_runner.py:72} INFO - Started process 14282 to run task
[2024-11-26T06:35:17.224+0000] {standard_task_runner.py:104} INFO - Running: ['***', 'tasks', 'run', 'ETL_usa_spending', 'process_usa_spending_data_task', 'manual__2024-11-26T06:35:11.684171+00:00', '--job-id', '391', '--raw', '--subdir', 'DAGS_FOLDER/project_dag.py', '--cfg-path', '/tmp/tmple9ii6qp']
[2024-11-26T06:35:17.227+0000] {standard_task_runner.py:105} INFO - Job 391: Subtask process_usa_spending_data_task
[2024-11-26T06:35:17.271+0000] {task_command.py:467} INFO - Running <TaskInstance: ETL_usa_spending.process_usa_spending_data_task manual__2024-11-26T06:35:11.684171+00:00 [running]> on host 6a246d8d590f
[2024-11-26T06:35:17.553+0000] {taskinstance.py:3132} INFO - Exporting env vars: AIRFLOW_CTX_DAG_OWNER='***' AIRFLOW_CTX_DAG_ID='ETL_usa_spending' AIRFLOW_CTX_TASK_ID='process_usa_spending_data_task' AIRFLOW_CTX_EXECUTION_DATE='2024-11-26T06:35:11.684171+00:00' AIRFLOW_CTX_TRY_NUMBER='1' AIRFLOW_CTX_DAG_RUN_ID='manual__2024-11-26T06:35:11.684171+00:00'
[2024-11-26T06:35:17.554+0000] {taskinstance.py:731} INFO - ::endgroup::
[2024-11-26T06:35:17.966+0000] {logging_mixin.py:190} INFO - Processing file: funding_data_11_26_2024.csv
[2024-11-26T06:35:18.519+0000] {logging_mixin.py:190} INFO - Processing file: other_data_11_26_2024.csv
[2024-11-26T06:35:18.851+0000] {logging_mixin.py:190} INFO - Processing file: spending_by_award_11_26_2024.csv
[2024-11-26T06:35:19.170+0000] {logging_mixin.py:190} INFO - Processing file: subawards_11_26_2024.csv
[2024-11-26T06:35:19.456+0000] {logging_mixin.py:190} INFO - Processing file: transactions_11_26_2024.csv
[2024-11-26T06:35:20.115+0000] {logging_mixin.py:190} INFO - File saved to S3: s3://project-processed-data/usa_spending_data/states_20241126_063519.csv
[2024-11-26T06:35:20.339+0000] {logging_mixin.py:190} INFO - File saved to S3: s3://project-processed-data/usa_spending_data/cfda_20241126_063519.csv
[2024-11-26T06:35:20.579+0000] {logging_mixin.py:190} INFO - File saved to S3: s3://project-processed-data/usa_spending_data/agency_20241126_063519.csv
[2024-11-26T06:35:20.816+0000] {logging_mixin.py:190} INFO - File saved to S3: s3://project-processed-data/usa_spending_data/sub_agency_20241126_063519.csv
[2024-11-26T06:35:21.024+0000] {logging_mixin.py:190} INFO - File saved to S3: s3://project-processed-data/usa_spending_data/recipients_20241126_063519.csv
[2024-11-26T06:35:21.411+0000] {logging_mixin.py:190} INFO - File saved to S3: s3://project-processed-data/usa_spending_data/grants_20241126_063519.csv
[2024-11-26T06:35:21.941+0000] {logging_mixin.py:190} INFO - File saved to S3: s3://project-processed-data/usa_spending_data/federal_awards_20241126_063519.csv
[2024-11-26T06:35:22.497+0000] {logging_mixin.py:190} INFO - File saved to S3: s3://project-processed-data/usa_spending_data/funding_20241126_063519.csv
[2024-11-26T06:35:22.880+0000] {logging_mixin.py:190} INFO - File saved to S3: s3://project-processed-data/usa_spending_data/transactions_20241126_063519.csv
[2024-11-26T06:35:23.244+0000] {logging_mixin.py:190} INFO - File saved to S3: s3://project-processed-data/usa_spending_data/sub_awards_20241126_063519.csv
[2024-11-26T06:35:23.619+0000] {logging_mixin.py:190} INFO - File moved from s3://project-raw-data-files/usa_spending_data/funding_data_11_26_2024.csv to s3://project-raw-data-files/archived/usa_spending_data/funding_data_11_26_2024.csv
[2024-11-26T06:35:23.925+0000] {logging_mixin.py:190} INFO - File moved from s3://project-raw-data-files/usa_spending_data/other_data_11_26_2024.csv to s3://project-raw-data-files/archived/usa_spending_data/other_data_11_26_2024.csv
[2024-11-26T06:35:24.187+0000] {logging_mixin.py:190} INFO - File moved from s3://project-raw-data-files/usa_spending_data/spending_by_award_11_26_2024.csv to s3://project-raw-data-files/archived/usa_spending_data/spending_by_award_11_26_2024.csv
[2024-11-26T06:35:24.544+0000] {logging_mixin.py:190} INFO - File moved from s3://project-raw-data-files/usa_spending_data/subawards_11_26_2024.csv to s3://project-raw-data-files/archived/usa_spending_data/subawards_11_26_2024.csv
[2024-11-26T06:35:24.886+0000] {logging_mixin.py:190} INFO - File moved from s3://project-raw-data-files/usa_spending_data/transactions_11_26_2024.csv to s3://project-raw-data-files/archived/usa_spending_data/transactions_11_26_2024.csv
[2024-11-26T06:35:24.894+0000] {python.py:240} INFO - Done. Returned value was: None
[2024-11-26T06:35:24.909+0000] {taskinstance.py:340} INFO - ::group::Post task execution logs
[2024-11-26T06:35:24.912+0000] {taskinstance.py:352} INFO - Marking task as SUCCESS. dag_id=ETL_usa_spending, task_id=process_usa_spending_data_task, run_id=manual__2024-11-26T06:35:11.684171+00:00, execution_date=20241126T063511, start_date=20241126T063517, end_date=20241126T063524
[2024-11-26T06:35:24.951+0000] {local_task_job_runner.py:266} INFO - Task exited with return code 0
[2024-11-26T06:35:24.979+0000] {taskinstance.py:3895} INFO - 1 downstream tasks scheduled from follow-on schedule check
[2024-11-26T06:35:24.983+0000] {local_task_job_runner.py:245} INFO - ::endgroup::
