[2024-11-11T22:53:49.565+0000] {local_task_job_runner.py:123} INFO - ::group::Pre task execution logs
[2024-11-11T22:53:49.587+0000] {taskinstance.py:2613} INFO - Dependencies all met for dep_context=non-requeueable deps ti=<TaskInstance: process_performance_reports.process_performance_reports_task manual__2024-11-11T22:53:45.608421+00:00 [queued]>
[2024-11-11T22:53:49.599+0000] {taskinstance.py:2613} INFO - Dependencies all met for dep_context=requeueable deps ti=<TaskInstance: process_performance_reports.process_performance_reports_task manual__2024-11-11T22:53:45.608421+00:00 [queued]>
[2024-11-11T22:53:49.600+0000] {taskinstance.py:2866} INFO - Starting attempt 1 of 1
[2024-11-11T22:53:49.619+0000] {taskinstance.py:2889} INFO - Executing <Task(PythonOperator): process_performance_reports_task> on 2024-11-11 22:53:45.608421+00:00
[2024-11-11T22:53:49.634+0000] {logging_mixin.py:190} WARNING - /home/***/.local/lib/python3.12/site-packages/***/task/task_runner/standard_task_runner.py:70 DeprecationWarning: This process (pid=3311) is multi-threaded, use of fork() may lead to deadlocks in the child.
[2024-11-11T22:53:49.634+0000] {standard_task_runner.py:104} INFO - Running: ['***', 'tasks', 'run', 'process_performance_reports', 'process_performance_reports_task', 'manual__2024-11-11T22:53:45.608421+00:00', '--job-id', '31', '--raw', '--subdir', 'DAGS_FOLDER/project_dag.py', '--cfg-path', '/tmp/tmpkn4v6ju0']
[2024-11-11T22:53:49.636+0000] {standard_task_runner.py:72} INFO - Started process 3313 to run task
[2024-11-11T22:53:49.637+0000] {standard_task_runner.py:105} INFO - Job 31: Subtask process_performance_reports_task
[2024-11-11T22:53:49.724+0000] {task_command.py:467} INFO - Running <TaskInstance: process_performance_reports.process_performance_reports_task manual__2024-11-11T22:53:45.608421+00:00 [running]> on host ecd316daaa34
[2024-11-11T22:53:49.886+0000] {taskinstance.py:3132} INFO - Exporting env vars: AIRFLOW_CTX_DAG_OWNER='***' AIRFLOW_CTX_DAG_ID='process_performance_reports' AIRFLOW_CTX_TASK_ID='process_performance_reports_task' AIRFLOW_CTX_EXECUTION_DATE='2024-11-11T22:53:45.608421+00:00' AIRFLOW_CTX_TRY_NUMBER='1' AIRFLOW_CTX_DAG_RUN_ID='manual__2024-11-11T22:53:45.608421+00:00'
[2024-11-11T22:53:49.890+0000] {taskinstance.py:731} INFO - ::endgroup::
[2024-11-11T22:53:50.173+0000] {logging_mixin.py:190} INFO - Processing file: source-4.pdf
[2024-11-11T22:54:00.908+0000] {logging_mixin.py:190} WARNING - /opt/***/dags/scripts/quarterly_performance_reports_extraction_script.py:124 FutureWarning: Series.__getitem__ treating keys as positions is deprecated. In a future version, integer keys will always be treated as labels (consistent with DataFrame behavior). To access a value by position, use `ser.iloc[pos]`
[2024-11-11T22:54:00.910+0000] {logging_mixin.py:190} WARNING - /opt/***/dags/scripts/quarterly_performance_reports_extraction_script.py:125 FutureWarning: Series.__getitem__ treating keys as positions is deprecated. In a future version, integer keys will always be treated as labels (consistent with DataFrame behavior). To access a value by position, use `ser.iloc[pos]`
[2024-11-11T22:54:00.912+0000] {logging_mixin.py:190} WARNING - /opt/***/dags/scripts/quarterly_performance_reports_extraction_script.py:126 FutureWarning: Series.__getitem__ treating keys as positions is deprecated. In a future version, integer keys will always be treated as labels (consistent with DataFrame behavior). To access a value by position, use `ser.iloc[pos]`
[2024-11-11T22:54:05.520+0000] {logging_mixin.py:190} INFO - Processing file: source-5_page-21.pdf
[2024-11-11T22:54:16.090+0000] {logging_mixin.py:190} WARNING - /opt/***/dags/scripts/quarterly_performance_reports_extraction_script.py:124 FutureWarning: Series.__getitem__ treating keys as positions is deprecated. In a future version, integer keys will always be treated as labels (consistent with DataFrame behavior). To access a value by position, use `ser.iloc[pos]`
[2024-11-11T22:54:16.092+0000] {logging_mixin.py:190} WARNING - /opt/***/dags/scripts/quarterly_performance_reports_extraction_script.py:125 FutureWarning: Series.__getitem__ treating keys as positions is deprecated. In a future version, integer keys will always be treated as labels (consistent with DataFrame behavior). To access a value by position, use `ser.iloc[pos]`
[2024-11-11T22:54:16.094+0000] {logging_mixin.py:190} WARNING - /opt/***/dags/scripts/quarterly_performance_reports_extraction_script.py:126 FutureWarning: Series.__getitem__ treating keys as positions is deprecated. In a future version, integer keys will always be treated as labels (consistent with DataFrame behavior). To access a value by position, use `ser.iloc[pos]`
[2024-11-11T22:54:20.166+0000] {logging_mixin.py:190} INFO - Processing file: source-5_page-23.pdf
[2024-11-11T22:54:31.157+0000] {logging_mixin.py:190} WARNING - /opt/***/dags/scripts/quarterly_performance_reports_extraction_script.py:124 FutureWarning: Series.__getitem__ treating keys as positions is deprecated. In a future version, integer keys will always be treated as labels (consistent with DataFrame behavior). To access a value by position, use `ser.iloc[pos]`
[2024-11-11T22:54:31.159+0000] {logging_mixin.py:190} WARNING - /opt/***/dags/scripts/quarterly_performance_reports_extraction_script.py:125 FutureWarning: Series.__getitem__ treating keys as positions is deprecated. In a future version, integer keys will always be treated as labels (consistent with DataFrame behavior). To access a value by position, use `ser.iloc[pos]`
[2024-11-11T22:54:31.161+0000] {logging_mixin.py:190} WARNING - /opt/***/dags/scripts/quarterly_performance_reports_extraction_script.py:126 FutureWarning: Series.__getitem__ treating keys as positions is deprecated. In a future version, integer keys will always be treated as labels (consistent with DataFrame behavior). To access a value by position, use `ser.iloc[pos]`
[2024-11-11T22:54:35.253+0000] {logging_mixin.py:190} INFO - Processing file: source-5_page-25.pdf
[2024-11-11T22:54:40.745+0000] {logging_mixin.py:190} WARNING - /opt/***/dags/scripts/quarterly_performance_reports_extraction_script.py:124 FutureWarning: Series.__getitem__ treating keys as positions is deprecated. In a future version, integer keys will always be treated as labels (consistent with DataFrame behavior). To access a value by position, use `ser.iloc[pos]`
[2024-11-11T22:54:40.748+0000] {logging_mixin.py:190} WARNING - /opt/***/dags/scripts/quarterly_performance_reports_extraction_script.py:125 FutureWarning: Series.__getitem__ treating keys as positions is deprecated. In a future version, integer keys will always be treated as labels (consistent with DataFrame behavior). To access a value by position, use `ser.iloc[pos]`
[2024-11-11T22:54:40.752+0000] {logging_mixin.py:190} WARNING - /opt/***/dags/scripts/quarterly_performance_reports_extraction_script.py:126 FutureWarning: Series.__getitem__ treating keys as positions is deprecated. In a future version, integer keys will always be treated as labels (consistent with DataFrame behavior). To access a value by position, use `ser.iloc[pos]`
[2024-11-11T22:54:44.758+0000] {logging_mixin.py:190} INFO - Processing file: source-5_page-27.pdf
[2024-11-11T22:54:50.430+0000] {logging_mixin.py:190} WARNING - /opt/***/dags/scripts/quarterly_performance_reports_extraction_script.py:124 FutureWarning: Series.__getitem__ treating keys as positions is deprecated. In a future version, integer keys will always be treated as labels (consistent with DataFrame behavior). To access a value by position, use `ser.iloc[pos]`
[2024-11-11T22:54:50.433+0000] {logging_mixin.py:190} WARNING - /opt/***/dags/scripts/quarterly_performance_reports_extraction_script.py:125 FutureWarning: Series.__getitem__ treating keys as positions is deprecated. In a future version, integer keys will always be treated as labels (consistent with DataFrame behavior). To access a value by position, use `ser.iloc[pos]`
[2024-11-11T22:54:50.435+0000] {logging_mixin.py:190} WARNING - /opt/***/dags/scripts/quarterly_performance_reports_extraction_script.py:126 FutureWarning: Series.__getitem__ treating keys as positions is deprecated. In a future version, integer keys will always be treated as labels (consistent with DataFrame behavior). To access a value by position, use `ser.iloc[pos]`
[2024-11-11T22:54:54.759+0000] {logging_mixin.py:190} INFO - Processing file: source-5_page-29.pdf
[2024-11-11T22:55:05.335+0000] {logging_mixin.py:190} WARNING - /opt/***/dags/scripts/quarterly_performance_reports_extraction_script.py:124 FutureWarning: Series.__getitem__ treating keys as positions is deprecated. In a future version, integer keys will always be treated as labels (consistent with DataFrame behavior). To access a value by position, use `ser.iloc[pos]`
[2024-11-11T22:55:05.347+0000] {logging_mixin.py:190} WARNING - /opt/***/dags/scripts/quarterly_performance_reports_extraction_script.py:125 FutureWarning: Series.__getitem__ treating keys as positions is deprecated. In a future version, integer keys will always be treated as labels (consistent with DataFrame behavior). To access a value by position, use `ser.iloc[pos]`
[2024-11-11T22:55:05.352+0000] {logging_mixin.py:190} WARNING - /opt/***/dags/scripts/quarterly_performance_reports_extraction_script.py:126 FutureWarning: Series.__getitem__ treating keys as positions is deprecated. In a future version, integer keys will always be treated as labels (consistent with DataFrame behavior). To access a value by position, use `ser.iloc[pos]`
[2024-11-11T22:55:10.190+0000] {logging_mixin.py:190} INFO - Processing file: source-5_page-31.pdf
[2024-11-11T22:55:36.152+0000] {logging_mixin.py:190} WARNING - /opt/***/dags/scripts/quarterly_performance_reports_extraction_script.py:124 FutureWarning: Series.__getitem__ treating keys as positions is deprecated. In a future version, integer keys will always be treated as labels (consistent with DataFrame behavior). To access a value by position, use `ser.iloc[pos]`
[2024-11-11T22:55:36.157+0000] {logging_mixin.py:190} WARNING - /opt/***/dags/scripts/quarterly_performance_reports_extraction_script.py:125 FutureWarning: Series.__getitem__ treating keys as positions is deprecated. In a future version, integer keys will always be treated as labels (consistent with DataFrame behavior). To access a value by position, use `ser.iloc[pos]`
[2024-11-11T22:55:36.162+0000] {logging_mixin.py:190} WARNING - /opt/***/dags/scripts/quarterly_performance_reports_extraction_script.py:126 FutureWarning: Series.__getitem__ treating keys as positions is deprecated. In a future version, integer keys will always be treated as labels (consistent with DataFrame behavior). To access a value by position, use `ser.iloc[pos]`
[2024-11-11T22:55:40.143+0000] {logging_mixin.py:190} INFO - Processing file: source-5_page-33.pdf
[2024-11-11T22:56:31.144+0000] {logging_mixin.py:190} WARNING - /opt/***/dags/scripts/quarterly_performance_reports_extraction_script.py:124 FutureWarning: Series.__getitem__ treating keys as positions is deprecated. In a future version, integer keys will always be treated as labels (consistent with DataFrame behavior). To access a value by position, use `ser.iloc[pos]`
[2024-11-11T22:56:31.146+0000] {logging_mixin.py:190} WARNING - /opt/***/dags/scripts/quarterly_performance_reports_extraction_script.py:125 FutureWarning: Series.__getitem__ treating keys as positions is deprecated. In a future version, integer keys will always be treated as labels (consistent with DataFrame behavior). To access a value by position, use `ser.iloc[pos]`
[2024-11-11T22:56:31.148+0000] {logging_mixin.py:190} WARNING - /opt/***/dags/scripts/quarterly_performance_reports_extraction_script.py:126 FutureWarning: Series.__getitem__ treating keys as positions is deprecated. In a future version, integer keys will always be treated as labels (consistent with DataFrame behavior). To access a value by position, use `ser.iloc[pos]`
[2024-11-11T22:56:35.300+0000] {logging_mixin.py:190} INFO - Processing file: source-5_page-35.pdf
[2024-11-11T22:56:46.066+0000] {logging_mixin.py:190} WARNING - /opt/***/dags/scripts/quarterly_performance_reports_extraction_script.py:124 FutureWarning: Series.__getitem__ treating keys as positions is deprecated. In a future version, integer keys will always be treated as labels (consistent with DataFrame behavior). To access a value by position, use `ser.iloc[pos]`
[2024-11-11T22:56:46.068+0000] {logging_mixin.py:190} WARNING - /opt/***/dags/scripts/quarterly_performance_reports_extraction_script.py:125 FutureWarning: Series.__getitem__ treating keys as positions is deprecated. In a future version, integer keys will always be treated as labels (consistent with DataFrame behavior). To access a value by position, use `ser.iloc[pos]`
[2024-11-11T22:56:46.071+0000] {logging_mixin.py:190} WARNING - /opt/***/dags/scripts/quarterly_performance_reports_extraction_script.py:126 FutureWarning: Series.__getitem__ treating keys as positions is deprecated. In a future version, integer keys will always be treated as labels (consistent with DataFrame behavior). To access a value by position, use `ser.iloc[pos]`
[2024-11-11T22:56:49.932+0000] {logging_mixin.py:190} INFO - File saved to S3: s3://project-processed-data/quarterly_performance_reports/performance_reports_20241111_225350.csv
[2024-11-11T22:56:50.148+0000] {logging_mixin.py:190} INFO - File saved to S3: s3://project-processed-data/quarterly_performance_reports/amount_description_20241111_225350.csv
[2024-11-11T22:56:50.356+0000] {logging_mixin.py:190} INFO - File saved to S3: s3://project-processed-data/quarterly_performance_reports/activity_20241111_225350.csv
[2024-11-11T22:56:50.827+0000] {logging_mixin.py:190} INFO - File moved from s3://project-raw-data-files/Quarterly_performance_reports/source-4.pdf to s3://project-raw-data-files/archived/quarterly_performance_reports/source-4.pdf
[2024-11-11T22:56:51.224+0000] {logging_mixin.py:190} INFO - File moved from s3://project-raw-data-files/Quarterly_performance_reports/source-5_page-21.pdf to s3://project-raw-data-files/archived/quarterly_performance_reports/source-5_page-21.pdf
[2024-11-11T22:56:51.633+0000] {logging_mixin.py:190} INFO - File moved from s3://project-raw-data-files/Quarterly_performance_reports/source-5_page-23.pdf to s3://project-raw-data-files/archived/quarterly_performance_reports/source-5_page-23.pdf
[2024-11-11T22:56:52.172+0000] {logging_mixin.py:190} INFO - File moved from s3://project-raw-data-files/Quarterly_performance_reports/source-5_page-25.pdf to s3://project-raw-data-files/archived/quarterly_performance_reports/source-5_page-25.pdf
[2024-11-11T22:56:52.964+0000] {logging_mixin.py:190} INFO - File moved from s3://project-raw-data-files/Quarterly_performance_reports/source-5_page-27.pdf to s3://project-raw-data-files/archived/quarterly_performance_reports/source-5_page-27.pdf
[2024-11-11T22:56:53.853+0000] {logging_mixin.py:190} INFO - File moved from s3://project-raw-data-files/Quarterly_performance_reports/source-5_page-29.pdf to s3://project-raw-data-files/archived/quarterly_performance_reports/source-5_page-29.pdf
[2024-11-11T22:56:54.259+0000] {logging_mixin.py:190} INFO - File moved from s3://project-raw-data-files/Quarterly_performance_reports/source-5_page-31.pdf to s3://project-raw-data-files/archived/quarterly_performance_reports/source-5_page-31.pdf
[2024-11-11T22:56:54.528+0000] {logging_mixin.py:190} INFO - File moved from s3://project-raw-data-files/Quarterly_performance_reports/source-5_page-33.pdf to s3://project-raw-data-files/archived/quarterly_performance_reports/source-5_page-33.pdf
[2024-11-11T22:56:54.830+0000] {logging_mixin.py:190} INFO - File moved from s3://project-raw-data-files/Quarterly_performance_reports/source-5_page-35.pdf to s3://project-raw-data-files/archived/quarterly_performance_reports/source-5_page-35.pdf
[2024-11-11T22:56:54.837+0000] {python.py:240} INFO - Done. Returned value was: None
[2024-11-11T22:56:54.854+0000] {taskinstance.py:340} INFO - ::group::Post task execution logs
[2024-11-11T22:56:54.855+0000] {taskinstance.py:352} INFO - Marking task as SUCCESS. dag_id=process_performance_reports, task_id=process_performance_reports_task, run_id=manual__2024-11-11T22:53:45.608421+00:00, execution_date=20241111T225345, start_date=20241111T225349, end_date=20241111T225654
[2024-11-11T22:56:54.894+0000] {local_task_job_runner.py:266} INFO - Task exited with return code 0
[2024-11-11T22:56:54.914+0000] {taskinstance.py:3895} INFO - 0 downstream tasks scheduled from follow-on schedule check
[2024-11-11T22:56:54.917+0000] {local_task_job_runner.py:245} INFO - ::endgroup::
