[2024-11-19T05:16:45.129+0000] {local_task_job_runner.py:123} INFO - ::group::Pre task execution logs
[2024-11-19T05:16:45.149+0000] {taskinstance.py:2613} INFO - Dependencies all met for dep_context=non-requeueable deps ti=<TaskInstance: ETL_financial_reports.ingest_financial_reports_task manual__2024-11-19T05:16:29.079638+00:00 [queued]>
[2024-11-19T05:16:45.161+0000] {taskinstance.py:2613} INFO - Dependencies all met for dep_context=requeueable deps ti=<TaskInstance: ETL_financial_reports.ingest_financial_reports_task manual__2024-11-19T05:16:29.079638+00:00 [queued]>
[2024-11-19T05:16:45.162+0000] {taskinstance.py:2866} INFO - Starting attempt 1 of 1
[2024-11-19T05:16:45.180+0000] {taskinstance.py:2889} INFO - Executing <Task(PythonOperator): ingest_financial_reports_task> on 2024-11-19 05:16:29.079638+00:00
[2024-11-19T05:16:45.191+0000] {logging_mixin.py:190} WARNING - /home/***/.local/lib/python3.12/site-packages/***/task/task_runner/standard_task_runner.py:70 DeprecationWarning: This process (pid=33233) is multi-threaded, use of fork() may lead to deadlocks in the child.
[2024-11-19T05:16:45.193+0000] {standard_task_runner.py:72} INFO - Started process 33235 to run task
[2024-11-19T05:16:45.191+0000] {standard_task_runner.py:104} INFO - Running: ['***', 'tasks', 'run', 'ETL_financial_reports', 'ingest_financial_reports_task', 'manual__2024-11-19T05:16:29.079638+00:00', '--job-id', '130', '--raw', '--subdir', 'DAGS_FOLDER/project_dag.py', '--cfg-path', '/tmp/tmpvhnuaqbg']
[2024-11-19T05:16:45.195+0000] {standard_task_runner.py:105} INFO - Job 130: Subtask ingest_financial_reports_task
[2024-11-19T05:16:45.255+0000] {task_command.py:467} INFO - Running <TaskInstance: ETL_financial_reports.ingest_financial_reports_task manual__2024-11-19T05:16:29.079638+00:00 [running]> on host 7da4b16cbed4
[2024-11-19T05:16:45.364+0000] {taskinstance.py:3132} INFO - Exporting env vars: AIRFLOW_CTX_DAG_OWNER='***' AIRFLOW_CTX_DAG_ID='ETL_financial_reports' AIRFLOW_CTX_TASK_ID='ingest_financial_reports_task' AIRFLOW_CTX_EXECUTION_DATE='2024-11-19T05:16:29.079638+00:00' AIRFLOW_CTX_TRY_NUMBER='1' AIRFLOW_CTX_DAG_RUN_ID='manual__2024-11-19T05:16:29.079638+00:00'
[2024-11-19T05:16:45.366+0000] {taskinstance.py:731} INFO - ::endgroup::
[2024-11-19T05:16:45.943+0000] {logging_mixin.py:190} INFO - Processing file: financial_reports/processed_CDBG-DR-Grants-Financial-Report-2023-05.csv
[2024-11-19T05:16:45.944+0000] {logging_mixin.py:190} INFO - before report_id: 1
[2024-11-19T05:16:46.144+0000] {logging_mixin.py:190} INFO - len 7
[2024-11-19T05:16:46.145+0000] {logging_mixin.py:190} INFO - after report_id: 8
[2024-11-19T05:16:46.403+0000] {logging_mixin.py:190} INFO - Error: invalid input syntax for type numeric: " 1.950.362"
LINE 1: ...449536.0, 2008, 164, 95.0, 88.5, 'Slow Spender ', ' 1.950.36...
                                                             ^
[2024-11-19T05:16:47.404+0000] {logging_mixin.py:190} INFO - Processing file: financial_reports/processed_CDBG-DR-Grants-Financial-Report-2023-07.csv
[2024-11-19T05:16:47.406+0000] {logging_mixin.py:190} INFO - before report_id: 8
[2024-11-19T05:16:47.851+0000] {logging_mixin.py:190} INFO - len 7
[2024-11-19T05:16:47.851+0000] {logging_mixin.py:190} INFO - after report_id: 15
[2024-11-19T05:16:48.146+0000] {logging_mixin.py:190} INFO - Error: invalid input syntax for type numeric: " 1.950.362"
LINE 1: ...449536.0, 2008, 166, 95.0, 88.5, 'Slow Spender ', ' 1.950.36...
                                                             ^
[2024-11-19T05:16:49.147+0000] {logging_mixin.py:190} INFO - Processing file: financial_reports/processed_CDBG-DR-Grants-Financial-Report-2023-08.csv
[2024-11-19T05:16:49.148+0000] {logging_mixin.py:190} INFO - before report_id: 15
[2024-11-19T05:16:49.364+0000] {logging_mixin.py:190} INFO - len 7
[2024-11-19T05:16:49.364+0000] {logging_mixin.py:190} INFO - after report_id: 22
[2024-11-19T05:16:49.642+0000] {logging_mixin.py:190} INFO - Error: invalid input syntax for type numeric: " 1.950.362"
LINE 1: ...449536.0, 2008, 167, 95.0, 88.5, 'Slow Spender ', ' 1.950.36...
                                                             ^
[2024-11-19T05:16:50.643+0000] {logging_mixin.py:190} INFO - Processing file: financial_reports/processed_CDBG-DR-Grants-Financial-Report-2023-09.csv
[2024-11-19T05:16:50.644+0000] {logging_mixin.py:190} INFO - before report_id: 22
[2024-11-19T05:16:50.879+0000] {logging_mixin.py:190} INFO - len 7
[2024-11-19T05:16:50.880+0000] {logging_mixin.py:190} INFO - after report_id: 29
[2024-11-19T05:16:51.207+0000] {logging_mixin.py:190} INFO - Error: invalid input syntax for type numeric: " 1.950.362"
LINE 1: ...449536.0, 2008, 168, 95.0, 88.5, 'Slow Spender ', ' 1.950.36...
                                                             ^
[2024-11-19T05:16:52.208+0000] {logging_mixin.py:190} INFO - Processing file: financial_reports/processed_CDBG-DR-Grants-Financial-Report-2023-10.csv
[2024-11-19T05:16:52.209+0000] {logging_mixin.py:190} INFO - before report_id: 29
[2024-11-19T05:16:52.413+0000] {logging_mixin.py:190} INFO - len 7
[2024-11-19T05:16:52.413+0000] {logging_mixin.py:190} INFO - after report_id: 36
[2024-11-19T05:16:52.706+0000] {logging_mixin.py:190} INFO - Error: invalid input syntax for type numeric: " 1.946.862"
LINE 1: ...446036.0, 2008, 169, 95.0, 88.5, 'Slow Spender ', ' 1.946.86...
                                                             ^
[2024-11-19T05:16:53.708+0000] {logging_mixin.py:190} INFO - Processing file: financial_reports/processed_CDBG_DR_Grant_Expenditure_Report_10_2024.csv
[2024-11-19T05:16:53.710+0000] {logging_mixin.py:190} INFO - before report_id: 36
[2024-11-19T05:16:54.054+0000] {logging_mixin.py:190} INFO - len 7
[2024-11-19T05:16:54.058+0000] {logging_mixin.py:190} INFO - after report_id: 43
[2024-11-19T05:16:54.412+0000] {logging_mixin.py:190} INFO - Data successfully written to table grantfinancialreports.
[2024-11-19T05:16:54.664+0000] {logging_mixin.py:190} INFO - File moved from s3://project-processed-data/financial_reports/processed_CDBG_DR_Grant_Expenditure_Report_10_2024.csv to s3://project-processed-data/archived/financial_reports/processed_CDBG_DR_Grant_Expenditure_Report_10_2024.csv
[2024-11-19T05:16:55.666+0000] {logging_mixin.py:190} INFO - Processing file: financial_reports/processed_CDBG_DR_Grant_Expenditure_Report_11_2024.csv
[2024-11-19T05:16:55.668+0000] {logging_mixin.py:190} INFO - before report_id: 43
[2024-11-19T05:16:55.942+0000] {logging_mixin.py:190} INFO - len 7
[2024-11-19T05:16:55.942+0000] {logging_mixin.py:190} INFO - after report_id: 50
[2024-11-19T05:16:56.379+0000] {logging_mixin.py:190} INFO - Data successfully written to table grantfinancialreports.
[2024-11-19T05:16:56.667+0000] {logging_mixin.py:190} INFO - File moved from s3://project-processed-data/financial_reports/processed_CDBG_DR_Grant_Expenditure_Report_11_2024.csv to s3://project-processed-data/archived/financial_reports/processed_CDBG_DR_Grant_Expenditure_Report_11_2024.csv
[2024-11-19T05:16:57.673+0000] {logging_mixin.py:190} INFO - Processing file: financial_reports/processed_CDBG_DR_Grant_Expenditure_Report_5_2024.csv
[2024-11-19T05:16:57.674+0000] {logging_mixin.py:190} INFO - before report_id: 50
[2024-11-19T05:16:57.906+0000] {logging_mixin.py:190} INFO - len 7
[2024-11-19T05:16:57.907+0000] {logging_mixin.py:190} INFO - after report_id: 57
[2024-11-19T05:16:58.306+0000] {logging_mixin.py:190} INFO - Data successfully written to table grantfinancialreports.
[2024-11-19T05:16:58.656+0000] {logging_mixin.py:190} INFO - File moved from s3://project-processed-data/financial_reports/processed_CDBG_DR_Grant_Expenditure_Report_5_2024.csv to s3://project-processed-data/archived/financial_reports/processed_CDBG_DR_Grant_Expenditure_Report_5_2024.csv
[2024-11-19T05:16:59.661+0000] {logging_mixin.py:190} INFO - Processing file: financial_reports/processed_CDBG_DR_Grant_Expenditure_Report_6_2024.csv
[2024-11-19T05:16:59.663+0000] {logging_mixin.py:190} INFO - before report_id: 57
[2024-11-19T05:16:59.952+0000] {logging_mixin.py:190} INFO - len 7
[2024-11-19T05:16:59.953+0000] {logging_mixin.py:190} INFO - after report_id: 64
[2024-11-19T05:17:00.472+0000] {logging_mixin.py:190} INFO - Data successfully written to table grantfinancialreports.
[2024-11-19T05:17:00.743+0000] {logging_mixin.py:190} INFO - File moved from s3://project-processed-data/financial_reports/processed_CDBG_DR_Grant_Expenditure_Report_6_2024.csv to s3://project-processed-data/archived/financial_reports/processed_CDBG_DR_Grant_Expenditure_Report_6_2024.csv
[2024-11-19T05:17:01.745+0000] {logging_mixin.py:190} INFO - Processing file: financial_reports/processed_CDBG_DR_Grant_Expenditure_Report_7_2024.csv
[2024-11-19T05:17:01.748+0000] {logging_mixin.py:190} INFO - before report_id: 64
[2024-11-19T05:17:01.997+0000] {logging_mixin.py:190} INFO - len 7
[2024-11-19T05:17:01.997+0000] {logging_mixin.py:190} INFO - after report_id: 71
[2024-11-19T05:17:02.398+0000] {logging_mixin.py:190} INFO - Data successfully written to table grantfinancialreports.
[2024-11-19T05:17:02.713+0000] {logging_mixin.py:190} INFO - File moved from s3://project-processed-data/financial_reports/processed_CDBG_DR_Grant_Expenditure_Report_7_2024.csv to s3://project-processed-data/archived/financial_reports/processed_CDBG_DR_Grant_Expenditure_Report_7_2024.csv
[2024-11-19T05:17:03.719+0000] {logging_mixin.py:190} INFO - Processing file: financial_reports/processed_CDBG_DR_Grant_Expenditure_Report_8_2024.csv
[2024-11-19T05:17:03.720+0000] {logging_mixin.py:190} INFO - before report_id: 71
[2024-11-19T05:17:03.902+0000] {logging_mixin.py:190} INFO - len 7
[2024-11-19T05:17:03.903+0000] {logging_mixin.py:190} INFO - after report_id: 78
[2024-11-19T05:17:04.227+0000] {logging_mixin.py:190} INFO - Data successfully written to table grantfinancialreports.
[2024-11-19T05:17:04.446+0000] {logging_mixin.py:190} INFO - File moved from s3://project-processed-data/financial_reports/processed_CDBG_DR_Grant_Expenditure_Report_8_2024.csv to s3://project-processed-data/archived/financial_reports/processed_CDBG_DR_Grant_Expenditure_Report_8_2024.csv
[2024-11-19T05:17:05.449+0000] {logging_mixin.py:190} INFO - Processing file: financial_reports/processed_CDBG_DR_Grant_Expenditure_Report_9_2024.csv
[2024-11-19T05:17:05.453+0000] {logging_mixin.py:190} INFO - before report_id: 78
[2024-11-19T05:17:05.691+0000] {logging_mixin.py:190} INFO - len 7
[2024-11-19T05:17:05.692+0000] {logging_mixin.py:190} INFO - after report_id: 85
[2024-11-19T05:17:06.014+0000] {logging_mixin.py:190} INFO - Data successfully written to table grantfinancialreports.
[2024-11-19T05:17:06.252+0000] {logging_mixin.py:190} INFO - File moved from s3://project-processed-data/financial_reports/processed_CDBG_DR_Grant_Expenditure_Report_9_2024.csv to s3://project-processed-data/archived/financial_reports/processed_CDBG_DR_Grant_Expenditure_Report_9_2024.csv
[2024-11-19T05:17:07.255+0000] {python.py:240} INFO - Done. Returned value was: None
[2024-11-19T05:17:07.269+0000] {taskinstance.py:340} INFO - ::group::Post task execution logs
[2024-11-19T05:17:07.270+0000] {taskinstance.py:352} INFO - Marking task as SUCCESS. dag_id=ETL_financial_reports, task_id=ingest_financial_reports_task, run_id=manual__2024-11-19T05:16:29.079638+00:00, execution_date=20241119T051629, start_date=20241119T051645, end_date=20241119T051707
[2024-11-19T05:17:07.318+0000] {local_task_job_runner.py:266} INFO - Task exited with return code 0
[2024-11-19T05:17:07.338+0000] {taskinstance.py:3895} INFO - 0 downstream tasks scheduled from follow-on schedule check
[2024-11-19T05:17:07.341+0000] {local_task_job_runner.py:245} INFO - ::endgroup::
