[2024-11-19T04:33:46.172+0000] {local_task_job_runner.py:123} INFO - ::group::Pre task execution logs
[2024-11-19T04:33:46.192+0000] {taskinstance.py:2613} INFO - Dependencies all met for dep_context=non-requeueable deps ti=<TaskInstance: ETL_financial_reports.ingest_financial_reports_task manual__2024-11-19T04:33:16.869513+00:00 [queued]>
[2024-11-19T04:33:46.204+0000] {taskinstance.py:2613} INFO - Dependencies all met for dep_context=requeueable deps ti=<TaskInstance: ETL_financial_reports.ingest_financial_reports_task manual__2024-11-19T04:33:16.869513+00:00 [queued]>
[2024-11-19T04:33:46.205+0000] {taskinstance.py:2866} INFO - Starting attempt 1 of 1
[2024-11-19T04:33:46.223+0000] {taskinstance.py:2889} INFO - Executing <Task(PythonOperator): ingest_financial_reports_task> on 2024-11-19 04:33:16.869513+00:00
[2024-11-19T04:33:46.236+0000] {logging_mixin.py:190} WARNING - /home/***/.local/lib/python3.12/site-packages/***/task/task_runner/standard_task_runner.py:70 DeprecationWarning: This process (pid=32160) is multi-threaded, use of fork() may lead to deadlocks in the child.
[2024-11-19T04:33:46.238+0000] {standard_task_runner.py:72} INFO - Started process 32162 to run task
[2024-11-19T04:33:46.236+0000] {standard_task_runner.py:104} INFO - Running: ['***', 'tasks', 'run', 'ETL_financial_reports', 'ingest_financial_reports_task', 'manual__2024-11-19T04:33:16.869513+00:00', '--job-id', '118', '--raw', '--subdir', 'DAGS_FOLDER/project_dag.py', '--cfg-path', '/tmp/tmpnbrcl661']
[2024-11-19T04:33:46.239+0000] {standard_task_runner.py:105} INFO - Job 118: Subtask ingest_financial_reports_task
[2024-11-19T04:33:46.297+0000] {task_command.py:467} INFO - Running <TaskInstance: ETL_financial_reports.ingest_financial_reports_task manual__2024-11-19T04:33:16.869513+00:00 [running]> on host 7da4b16cbed4
[2024-11-19T04:33:46.409+0000] {taskinstance.py:3132} INFO - Exporting env vars: AIRFLOW_CTX_DAG_OWNER='***' AIRFLOW_CTX_DAG_ID='ETL_financial_reports' AIRFLOW_CTX_TASK_ID='ingest_financial_reports_task' AIRFLOW_CTX_EXECUTION_DATE='2024-11-19T04:33:16.869513+00:00' AIRFLOW_CTX_TRY_NUMBER='1' AIRFLOW_CTX_DAG_RUN_ID='manual__2024-11-19T04:33:16.869513+00:00'
[2024-11-19T04:33:46.411+0000] {taskinstance.py:731} INFO - ::endgroup::
[2024-11-19T04:33:47.556+0000] {logging_mixin.py:190} INFO - Error: invalid input syntax for type numeric: " 1.950.362"
LINE 1: ...449536.0, 2008, 164, 95.0, 88.5, 'Slow Spender ', ' 1.950.36...
                                                             ^
[2024-11-19T04:33:48.266+0000] {logging_mixin.py:190} INFO - Error: invalid input syntax for type numeric: " 1.950.362"
LINE 1: ...449536.0, 2008, 166, 95.0, 88.5, 'Slow Spender ', ' 1.950.36...
                                                             ^
[2024-11-19T04:33:48.912+0000] {logging_mixin.py:190} INFO - Error: invalid input syntax for type numeric: " 1.950.362"
LINE 1: ...449536.0, 2008, 167, 95.0, 88.5, 'Slow Spender ', ' 1.950.36...
                                                             ^
[2024-11-19T04:33:49.429+0000] {logging_mixin.py:190} INFO - Error: invalid input syntax for type numeric: " 1.950.362"
LINE 1: ...449536.0, 2008, 168, 95.0, 88.5, 'Slow Spender ', ' 1.950.36...
                                                             ^
[2024-11-19T04:33:49.969+0000] {logging_mixin.py:190} INFO - Error: invalid input syntax for type numeric: " 1.946.862"
LINE 1: ...446036.0, 2008, 169, 95.0, 88.5, 'Slow Spender ', ' 1.946.86...
                                                             ^
[2024-11-19T04:33:50.470+0000] {logging_mixin.py:190} INFO - Data successfully written to table grantfinancialreports.
[2024-11-19T04:33:50.734+0000] {logging_mixin.py:190} INFO - File moved from s3://project-processed-data/financial_reports/processed_CDBG-DR_Grants_Financial_Report_2022-01.csv to s3://project-processed-data/archived/financial_reports/processed_CDBG-DR_Grants_Financial_Report_2022-01.csv
[2024-11-19T04:33:51.262+0000] {logging_mixin.py:190} INFO - Data successfully written to table grantfinancialreports.
[2024-11-19T04:33:51.549+0000] {logging_mixin.py:190} INFO - File moved from s3://project-processed-data/financial_reports/processed_CDBG-DR_Grants_Financial_Report_2022-02.csv to s3://project-processed-data/archived/financial_reports/processed_CDBG-DR_Grants_Financial_Report_2022-02.csv
[2024-11-19T04:33:51.552+0000] {python.py:240} INFO - Done. Returned value was: None
[2024-11-19T04:33:51.573+0000] {taskinstance.py:340} INFO - ::group::Post task execution logs
[2024-11-19T04:33:51.574+0000] {taskinstance.py:352} INFO - Marking task as SUCCESS. dag_id=ETL_financial_reports, task_id=ingest_financial_reports_task, run_id=manual__2024-11-19T04:33:16.869513+00:00, execution_date=20241119T043316, start_date=20241119T043346, end_date=20241119T043351
[2024-11-19T04:33:51.626+0000] {local_task_job_runner.py:266} INFO - Task exited with return code 0
[2024-11-19T04:33:51.644+0000] {taskinstance.py:3895} INFO - 0 downstream tasks scheduled from follow-on schedule check
[2024-11-19T04:33:51.647+0000] {local_task_job_runner.py:245} INFO - ::endgroup::
