[2024-11-25T08:29:34.111+0000] {local_task_job_runner.py:123} INFO - ::group::Pre task execution logs
[2024-11-25T08:29:34.127+0000] {taskinstance.py:2613} INFO - Dependencies all met for dep_context=non-requeueable deps ti=<TaskInstance: ETL_history_reports.process_history_reports_task manual__2024-11-25T08:29:24.740030+00:00 [queued]>
[2024-11-25T08:29:34.138+0000] {taskinstance.py:2613} INFO - Dependencies all met for dep_context=requeueable deps ti=<TaskInstance: ETL_history_reports.process_history_reports_task manual__2024-11-25T08:29:24.740030+00:00 [queued]>
[2024-11-25T08:29:34.139+0000] {taskinstance.py:2866} INFO - Starting attempt 1 of 1
[2024-11-25T08:29:34.154+0000] {taskinstance.py:2889} INFO - Executing <Task(PythonOperator): process_history_reports_task> on 2024-11-25 08:29:24.740030+00:00
[2024-11-25T08:29:34.163+0000] {logging_mixin.py:190} WARNING - /home/***/.local/lib/python3.12/site-packages/***/task/task_runner/standard_task_runner.py:70 DeprecationWarning: This process (pid=2502) is multi-threaded, use of fork() may lead to deadlocks in the child.
[2024-11-25T08:29:34.164+0000] {standard_task_runner.py:72} INFO - Started process 2504 to run task
[2024-11-25T08:29:34.162+0000] {standard_task_runner.py:104} INFO - Running: ['***', 'tasks', 'run', 'ETL_history_reports', 'process_history_reports_task', 'manual__2024-11-25T08:29:24.740030+00:00', '--job-id', '286', '--raw', '--subdir', 'DAGS_FOLDER/project_dag.py', '--cfg-path', '/tmp/tmpevutrtrg']
[2024-11-25T08:29:34.165+0000] {standard_task_runner.py:105} INFO - Job 286: Subtask process_history_reports_task
[2024-11-25T08:29:34.210+0000] {task_command.py:467} INFO - Running <TaskInstance: ETL_history_reports.process_history_reports_task manual__2024-11-25T08:29:24.740030+00:00 [running]> on host 6a246d8d590f
[2024-11-25T08:29:34.493+0000] {taskinstance.py:3132} INFO - Exporting env vars: AIRFLOW_CTX_DAG_OWNER='***' AIRFLOW_CTX_DAG_ID='ETL_history_reports' AIRFLOW_CTX_TASK_ID='process_history_reports_task' AIRFLOW_CTX_EXECUTION_DATE='2024-11-25T08:29:24.740030+00:00' AIRFLOW_CTX_TRY_NUMBER='1' AIRFLOW_CTX_DAG_RUN_ID='manual__2024-11-25T08:29:24.740030+00:00'
[2024-11-25T08:29:34.495+0000] {taskinstance.py:731} INFO - ::endgroup::
[2024-11-25T08:29:38.171+0000] {logging_mixin.py:190} WARNING - /opt/***/dags/data_processing/history_reports_processing_script.py:275 FutureWarning: The behavior of DataFrame concatenation with empty or all-NA entries is deprecated. In a future version, this will no longer exclude empty or all-NA columns when determining the result dtypes. To retain the old behavior, exclude the relevant entries before the concat operation.
[2024-11-25T08:29:38.431+0000] {logging_mixin.py:190} INFO - File saved to S3: s3://project-processed-data/history_reports/disaster_8_1_2024.csv
[2024-11-25T08:29:38.825+0000] {logging_mixin.py:190} INFO - File saved to S3: s3://project-processed-data/history_reports/grantee_8_1_2024.csv
[2024-11-25T08:29:39.025+0000] {logging_mixin.py:190} INFO - File saved to S3: s3://project-processed-data/history_reports/grant_8_1_2024.csv
[2024-11-25T08:29:39.237+0000] {logging_mixin.py:190} INFO - File saved to S3: s3://project-processed-data/history_reports/publiclaw_8_1_2024.csv
[2024-11-25T08:29:39.435+0000] {logging_mixin.py:190} INFO - File saved to S3: s3://project-processed-data/history_reports/disaster_publiclaw_8_1_2024.csv
[2024-11-25T08:29:39.696+0000] {logging_mixin.py:190} INFO - File moved from s3://project-raw-data-files/history_reports/CDBG_DR_Grant_History_8_1_2024.pdf to s3://project-raw-data-files/archived/history_reports/CDBG_DR_Grant_History_8_1_2024.pdf
[2024-11-25T08:29:39.698+0000] {logging_mixin.py:190} INFO - Processed file saved to S3: s3://project-processed-data/CDBG_DR_Grant_History_8_1_2024.pdf
[2024-11-25T08:29:39.701+0000] {python.py:240} INFO - Done. Returned value was: None
[2024-11-25T08:29:39.711+0000] {taskinstance.py:340} INFO - ::group::Post task execution logs
[2024-11-25T08:29:39.712+0000] {taskinstance.py:352} INFO - Marking task as SUCCESS. dag_id=ETL_history_reports, task_id=process_history_reports_task, run_id=manual__2024-11-25T08:29:24.740030+00:00, execution_date=20241125T082924, start_date=20241125T082934, end_date=20241125T082939
[2024-11-25T08:29:39.761+0000] {local_task_job_runner.py:266} INFO - Task exited with return code 0
[2024-11-25T08:29:39.778+0000] {taskinstance.py:3895} INFO - 0 downstream tasks scheduled from follow-on schedule check
[2024-11-25T08:29:39.780+0000] {local_task_job_runner.py:245} INFO - ::endgroup::
