[2024-11-23T04:56:40.915+0000] {local_task_job_runner.py:123} INFO - ::group::Pre task execution logs
[2024-11-23T04:56:40.934+0000] {taskinstance.py:2613} INFO - Dependencies all met for dep_context=non-requeueable deps ti=<TaskInstance: ETL_usa_spending.ingest_usa_spending_data_task manual__2024-11-23T04:56:21.514756+00:00 [queued]>
[2024-11-23T04:56:40.946+0000] {taskinstance.py:2613} INFO - Dependencies all met for dep_context=requeueable deps ti=<TaskInstance: ETL_usa_spending.ingest_usa_spending_data_task manual__2024-11-23T04:56:21.514756+00:00 [queued]>
[2024-11-23T04:56:40.947+0000] {taskinstance.py:2866} INFO - Starting attempt 1 of 1
[2024-11-23T04:56:40.969+0000] {taskinstance.py:2889} INFO - Executing <Task(PythonOperator): ingest_usa_spending_data_task> on 2024-11-23 04:56:21.514756+00:00
[2024-11-23T04:56:40.981+0000] {logging_mixin.py:190} WARNING - /home/***/.local/lib/python3.12/site-packages/***/task/task_runner/standard_task_runner.py:70 DeprecationWarning: This process (pid=85815) is multi-threaded, use of fork() may lead to deadlocks in the child.
[2024-11-23T04:56:40.981+0000] {standard_task_runner.py:104} INFO - Running: ['***', 'tasks', 'run', 'ETL_usa_spending', 'ingest_usa_spending_data_task', 'manual__2024-11-23T04:56:21.514756+00:00', '--job-id', '186', '--raw', '--subdir', 'DAGS_FOLDER/project_dag.py', '--cfg-path', '/tmp/tmpxvunr4b4']
[2024-11-23T04:56:40.983+0000] {standard_task_runner.py:72} INFO - Started process 85817 to run task
[2024-11-23T04:56:40.984+0000] {standard_task_runner.py:105} INFO - Job 186: Subtask ingest_usa_spending_data_task
[2024-11-23T04:56:41.043+0000] {task_command.py:467} INFO - Running <TaskInstance: ETL_usa_spending.ingest_usa_spending_data_task manual__2024-11-23T04:56:21.514756+00:00 [running]> on host 7da4b16cbed4
[2024-11-23T04:56:41.151+0000] {taskinstance.py:3132} INFO - Exporting env vars: AIRFLOW_CTX_DAG_OWNER='***' AIRFLOW_CTX_DAG_ID='ETL_usa_spending' AIRFLOW_CTX_TASK_ID='ingest_usa_spending_data_task' AIRFLOW_CTX_EXECUTION_DATE='2024-11-23T04:56:21.514756+00:00' AIRFLOW_CTX_TRY_NUMBER='1' AIRFLOW_CTX_DAG_RUN_ID='manual__2024-11-23T04:56:21.514756+00:00'
[2024-11-23T04:56:41.152+0000] {taskinstance.py:731} INFO - ::endgroup::
[2024-11-23T04:56:41.628+0000] {logging_mixin.py:190} INFO - Ingesting data into states
[2024-11-23T04:56:42.000+0000] {logging_mixin.py:190} INFO - Data successfully written to table states.
[2024-11-23T04:56:42.468+0000] {logging_mixin.py:190} INFO - File moved from s3://project-processed-data/usa_spending_data/states_20241123_045632.csv to s3://project-processed-data/archived/usa_spending_data/states_20241123_045632.csv
[2024-11-23T04:56:42.647+0000] {logging_mixin.py:190} INFO - Ingesting data into cfdaprograms
[2024-11-23T04:56:42.975+0000] {logging_mixin.py:190} INFO - Data successfully written to table cfdaprograms.
[2024-11-23T04:56:43.248+0000] {logging_mixin.py:190} INFO - File moved from s3://project-processed-data/usa_spending_data/cfda_20241123_045632.csv to s3://project-processed-data/archived/usa_spending_data/cfda_20241123_045632.csv
[2024-11-23T04:56:43.456+0000] {logging_mixin.py:190} INFO - Ingesting data into recipients
[2024-11-23T04:56:50.806+0000] {logging_mixin.py:190} INFO - Data successfully written to table recipients.
[2024-11-23T04:56:51.073+0000] {logging_mixin.py:190} INFO - File moved from s3://project-processed-data/usa_spending_data/recipients_20241123_045632.csv to s3://project-processed-data/archived/usa_spending_data/recipients_20241123_045632.csv
[2024-11-23T04:56:51.242+0000] {logging_mixin.py:190} INFO - Ingesting data into agencies
[2024-11-23T04:56:51.547+0000] {logging_mixin.py:190} INFO - Data successfully written to table agencies.
[2024-11-23T04:56:51.774+0000] {logging_mixin.py:190} INFO - File moved from s3://project-processed-data/usa_spending_data/agency_20241123_045632.csv to s3://project-processed-data/archived/usa_spending_data/agency_20241123_045632.csv
[2024-11-23T04:56:51.960+0000] {logging_mixin.py:190} INFO - Ingesting data into subagency
[2024-11-23T04:56:52.253+0000] {logging_mixin.py:190} INFO - Data successfully written to table subagency.
[2024-11-23T04:56:52.484+0000] {logging_mixin.py:190} INFO - File moved from s3://project-processed-data/usa_spending_data/sub_agency_20241123_045632.csv to s3://project-processed-data/archived/usa_spending_data/sub_agency_20241123_045632.csv
[2024-11-23T04:56:52.888+0000] {logging_mixin.py:190} INFO - Ingesting data into grants
[2024-11-23T04:57:07.902+0000] {logging_mixin.py:190} INFO - Data successfully written to table grants.
[2024-11-23T04:57:08.331+0000] {logging_mixin.py:190} INFO - File moved from s3://project-processed-data/usa_spending_data/grants_20241123_045632.csv to s3://project-processed-data/archived/usa_spending_data/grants_20241123_045632.csv
[2024-11-23T04:57:08.764+0000] {logging_mixin.py:190} INFO - Ingesting data into funding
[2024-11-23T05:01:15.569+0000] {logging_mixin.py:190} INFO - Data successfully written to table funding.
[2024-11-23T05:01:15.980+0000] {logging_mixin.py:190} INFO - File moved from s3://project-processed-data/usa_spending_data/funding_20241123_045632.csv to s3://project-processed-data/archived/usa_spending_data/funding_20241123_045632.csv
[2024-11-23T05:01:16.313+0000] {logging_mixin.py:190} INFO - Ingesting data into federalawards
[2024-11-23T05:01:16.630+0000] {logging_mixin.py:190} INFO - Error: insert or update on table "federalawards" violates foreign key constraint "federalawards_recipient_id_fkey"
DETAIL:  Key (recipient_id)=(4e80d4c6-329c-27c3-5033-0ac2275b4cf4-C) is not present in table "recipients".
[2024-11-23T05:01:16.972+0000] {logging_mixin.py:190} INFO - Ingesting data into transactions
[2024-11-23T05:01:38.825+0000] {logging_mixin.py:190} INFO - Data successfully written to table transactions.
[2024-11-23T05:01:39.141+0000] {logging_mixin.py:190} INFO - File moved from s3://project-processed-data/usa_spending_data/transactions_20241123_045632.csv to s3://project-processed-data/archived/usa_spending_data/transactions_20241123_045632.csv
[2024-11-23T05:01:39.463+0000] {logging_mixin.py:190} INFO - Ingesting data into subawards
[2024-11-23T05:02:20.939+0000] {logging_mixin.py:190} INFO - Data successfully written to table subawards.
[2024-11-23T05:02:21.358+0000] {logging_mixin.py:190} INFO - File moved from s3://project-processed-data/usa_spending_data/sub_awards_20241123_045632.csv to s3://project-processed-data/archived/usa_spending_data/sub_awards_20241123_045632.csv
[2024-11-23T05:02:21.363+0000] {python.py:240} INFO - Done. Returned value was: None
[2024-11-23T05:02:21.376+0000] {taskinstance.py:340} INFO - ::group::Post task execution logs
[2024-11-23T05:02:21.378+0000] {taskinstance.py:352} INFO - Marking task as SUCCESS. dag_id=ETL_usa_spending, task_id=ingest_usa_spending_data_task, run_id=manual__2024-11-23T04:56:21.514756+00:00, execution_date=20241123T045621, start_date=20241123T045640, end_date=20241123T050221
[2024-11-23T05:02:21.444+0000] {local_task_job_runner.py:266} INFO - Task exited with return code 0
[2024-11-23T05:02:21.463+0000] {taskinstance.py:3895} INFO - 0 downstream tasks scheduled from follow-on schedule check
[2024-11-23T05:02:21.465+0000] {local_task_job_runner.py:245} INFO - ::endgroup::
