[2024-11-27T20:57:02.222+0000] {local_task_job_runner.py:123} INFO - ::group::Pre task execution logs
[2024-11-27T20:57:02.243+0000] {taskinstance.py:2613} INFO - Dependencies all met for dep_context=non-requeueable deps ti=<TaskInstance: ETL_quarterly_performance_reports.ingest_performance_reports_task manual__2024-11-27T20:56:54.577697+00:00 [queued]>
[2024-11-27T20:57:02.253+0000] {taskinstance.py:2613} INFO - Dependencies all met for dep_context=requeueable deps ti=<TaskInstance: ETL_quarterly_performance_reports.ingest_performance_reports_task manual__2024-11-27T20:56:54.577697+00:00 [queued]>
[2024-11-27T20:57:02.254+0000] {taskinstance.py:2866} INFO - Starting attempt 1 of 1
[2024-11-27T20:57:02.271+0000] {taskinstance.py:2889} INFO - Executing <Task(PythonOperator): ingest_performance_reports_task> on 2024-11-27 20:56:54.577697+00:00
[2024-11-27T20:57:02.282+0000] {logging_mixin.py:190} WARNING - /home/***/.local/lib/python3.12/site-packages/***/task/task_runner/standard_task_runner.py:70 DeprecationWarning: This process (pid=28036) is multi-threaded, use of fork() may lead to deadlocks in the child.
[2024-11-27T20:57:02.284+0000] {standard_task_runner.py:72} INFO - Started process 28038 to run task
[2024-11-27T20:57:02.282+0000] {standard_task_runner.py:104} INFO - Running: ['***', 'tasks', 'run', 'ETL_quarterly_performance_reports', 'ingest_performance_reports_task', 'manual__2024-11-27T20:56:54.577697+00:00', '--job-id', '434', '--raw', '--subdir', 'DAGS_FOLDER/project_dag.py', '--cfg-path', '/tmp/tmppp4d3l4_']
[2024-11-27T20:57:02.285+0000] {standard_task_runner.py:105} INFO - Job 434: Subtask ingest_performance_reports_task
[2024-11-27T20:57:02.341+0000] {task_command.py:467} INFO - Running <TaskInstance: ETL_quarterly_performance_reports.ingest_performance_reports_task manual__2024-11-27T20:56:54.577697+00:00 [running]> on host 6a246d8d590f
[2024-11-27T20:57:02.762+0000] {taskinstance.py:3132} INFO - Exporting env vars: AIRFLOW_CTX_DAG_OWNER='***' AIRFLOW_CTX_DAG_ID='ETL_quarterly_performance_reports' AIRFLOW_CTX_TASK_ID='ingest_performance_reports_task' AIRFLOW_CTX_EXECUTION_DATE='2024-11-27T20:56:54.577697+00:00' AIRFLOW_CTX_TRY_NUMBER='1' AIRFLOW_CTX_DAG_RUN_ID='manual__2024-11-27T20:56:54.577697+00:00'
[2024-11-27T20:57:02.764+0000] {taskinstance.py:731} INFO - ::endgroup::
[2024-11-27T20:57:06.845+0000] {logging_mixin.py:190} INFO - Data successfully written to table AmountDescriptions.
[2024-11-27T20:57:07.170+0000] {logging_mixin.py:190} INFO - File moved from s3://project-processed-data/quarterly_performance_reports/amount_description_20241127_195330.csv to s3://project-processed-data/archived/quarterly_performance_reports/amount_description_20241127_195330.csv
[2024-11-27T20:57:09.035+0000] {logging_mixin.py:190} INFO - Data successfully written to table Activities.
[2024-11-27T20:57:09.276+0000] {logging_mixin.py:190} INFO - File moved from s3://project-processed-data/quarterly_performance_reports/activity_20241127_195330.csv to s3://project-processed-data/archived/quarterly_performance_reports/activity_20241127_195330.csv
[2024-11-27T20:57:16.859+0000] {logging_mixin.py:190} INFO - Data successfully written to table PerformanceReports.
[2024-11-27T20:57:17.120+0000] {logging_mixin.py:190} INFO - File moved from s3://project-processed-data/quarterly_performance_reports/performance_reports_20241127_195330.csv to s3://project-processed-data/archived/quarterly_performance_reports/performance_reports_20241127_195330.csv
[2024-11-27T20:57:17.123+0000] {python.py:240} INFO - Done. Returned value was: None
[2024-11-27T20:57:17.133+0000] {taskinstance.py:340} INFO - ::group::Post task execution logs
[2024-11-27T20:57:17.134+0000] {taskinstance.py:352} INFO - Marking task as SUCCESS. dag_id=ETL_quarterly_performance_reports, task_id=ingest_performance_reports_task, run_id=manual__2024-11-27T20:56:54.577697+00:00, execution_date=20241127T205654, start_date=20241127T205702, end_date=20241127T205717
[2024-11-27T20:57:17.166+0000] {local_task_job_runner.py:266} INFO - Task exited with return code 0
[2024-11-27T20:57:17.183+0000] {taskinstance.py:3895} INFO - 0 downstream tasks scheduled from follow-on schedule check
[2024-11-27T20:57:17.186+0000] {local_task_job_runner.py:245} INFO - ::endgroup::
