[2024-11-26T06:54:32.795+0000] {local_task_job_runner.py:123} INFO - ::group::Pre task execution logs
[2024-11-26T06:54:32.816+0000] {taskinstance.py:2613} INFO - Dependencies all met for dep_context=non-requeueable deps ti=<TaskInstance: ETL_financial_reports.fetch_financial_reports_task manual__2024-11-26T06:54:29.942375+00:00 [queued]>
[2024-11-26T06:54:32.828+0000] {taskinstance.py:2613} INFO - Dependencies all met for dep_context=requeueable deps ti=<TaskInstance: ETL_financial_reports.fetch_financial_reports_task manual__2024-11-26T06:54:29.942375+00:00 [queued]>
[2024-11-26T06:54:32.829+0000] {taskinstance.py:2866} INFO - Starting attempt 1 of 1
[2024-11-26T06:54:32.848+0000] {taskinstance.py:2889} INFO - Executing <Task(PythonOperator): fetch_financial_reports_task> on 2024-11-26 06:54:29.942375+00:00
[2024-11-26T06:54:32.862+0000] {logging_mixin.py:190} WARNING - /home/***/.local/lib/python3.12/site-packages/***/task/task_runner/standard_task_runner.py:70 DeprecationWarning: This process (pid=14788) is multi-threaded, use of fork() may lead to deadlocks in the child.
[2024-11-26T06:54:32.861+0000] {standard_task_runner.py:104} INFO - Running: ['***', 'tasks', 'run', 'ETL_financial_reports', 'fetch_financial_reports_task', 'manual__2024-11-26T06:54:29.942375+00:00', '--job-id', '405', '--raw', '--subdir', 'DAGS_FOLDER/project_dag.py', '--cfg-path', '/tmp/tmpkg7kzrrd']
[2024-11-26T06:54:32.864+0000] {standard_task_runner.py:72} INFO - Started process 14790 to run task
[2024-11-26T06:54:32.864+0000] {standard_task_runner.py:105} INFO - Job 405: Subtask fetch_financial_reports_task
[2024-11-26T06:54:32.928+0000] {task_command.py:467} INFO - Running <TaskInstance: ETL_financial_reports.fetch_financial_reports_task manual__2024-11-26T06:54:29.942375+00:00 [running]> on host 6a246d8d590f
[2024-11-26T06:54:33.314+0000] {taskinstance.py:3132} INFO - Exporting env vars: AIRFLOW_CTX_DAG_OWNER='***' AIRFLOW_CTX_DAG_ID='ETL_financial_reports' AIRFLOW_CTX_TASK_ID='fetch_financial_reports_task' AIRFLOW_CTX_EXECUTION_DATE='2024-11-26T06:54:29.942375+00:00' AIRFLOW_CTX_TRY_NUMBER='1' AIRFLOW_CTX_DAG_RUN_ID='manual__2024-11-26T06:54:29.942375+00:00'
[2024-11-26T06:54:33.315+0000] {taskinstance.py:731} INFO - ::endgroup::
[2024-11-26T06:54:35.025+0000] {logging_mixin.py:190} INFO - File CDBG_DR_Grant_Expenditure_Report_11_2024.pdf already exists in S3. Skipping upload.
[2024-11-26T06:54:35.104+0000] {logging_mixin.py:190} INFO - File CDBG_DR_Grant_Expenditure_Report_10_2024.pdf already exists in S3. Skipping upload.
[2024-11-26T06:54:35.180+0000] {logging_mixin.py:190} INFO - File CDBG_DR_Grant_Expenditure_Report_9_2024.pdf already exists in S3. Skipping upload.
[2024-11-26T06:54:35.257+0000] {logging_mixin.py:190} INFO - File CDBG_DR_Grant_Expenditure_Report_8_2024.pdf already exists in S3. Skipping upload.
[2024-11-26T06:54:35.336+0000] {logging_mixin.py:190} INFO - File CDBG_DR_Grant_Expenditure_Report_7_2024.pdf already exists in S3. Skipping upload.
[2024-11-26T06:54:35.413+0000] {logging_mixin.py:190} INFO - File CDBG_DR_Grant_Expenditure_Report_6_2024.pdf already exists in S3. Skipping upload.
[2024-11-26T06:54:35.488+0000] {logging_mixin.py:190} INFO - File CDBG_DR_Grant_Expenditure_Report_5_2024.pdf already exists in S3. Skipping upload.
[2024-11-26T06:54:35.570+0000] {logging_mixin.py:190} INFO - File CDBG-DR_Grant_Expenditure_Report-4-1-2024.pdf already exists in S3. Skipping upload.
[2024-11-26T06:54:35.652+0000] {logging_mixin.py:190} INFO - File CDBG-DR-Grant-Expenditure-Report-2024-03.pdf already exists in S3. Skipping upload.
[2024-11-26T06:54:35.729+0000] {logging_mixin.py:190} INFO - File CDBG-DR-Grant-Expenditure-Report-2024-02.pdf already exists in S3. Skipping upload.
[2024-11-26T06:54:35.805+0000] {logging_mixin.py:190} INFO - File CDBG-DR-Grant-Expenditure-Report-2024-01.pdf already exists in S3. Skipping upload.
[2024-11-26T06:54:35.883+0000] {logging_mixin.py:190} INFO - File CDBG-DR-Grant-Expenditure-Report-2023-12.pdf already exists in S3. Skipping upload.
[2024-11-26T06:54:35.962+0000] {logging_mixin.py:190} INFO - File CDBG-DR_Grant_Expenditure_Report-11-1-2023.pdf already exists in S3. Skipping upload.
[2024-11-26T06:54:36.038+0000] {logging_mixin.py:190} INFO - File CDBG-DR-Grants-Financial-Report-2023-10.pdf already exists in S3. Skipping upload.
[2024-11-26T06:54:36.156+0000] {logging_mixin.py:190} INFO - File CDBG-DR-Grants-Financial-Report-2023-09.pdf already exists in S3. Skipping upload.
[2024-11-26T06:54:36.298+0000] {logging_mixin.py:190} INFO - File CDBG-DR-Grants-Financial-Report-2023-08.pdf already exists in S3. Skipping upload.
[2024-11-26T06:54:36.394+0000] {logging_mixin.py:190} INFO - File CDBG-DR-Grants-Financial-Report-2023-07.pdf already exists in S3. Skipping upload.
[2024-11-26T06:54:36.469+0000] {logging_mixin.py:190} INFO - File CDBG-DR-Grants-Financial-Report-2023-06.pdf already exists in S3. Skipping upload.
[2024-11-26T06:54:36.580+0000] {logging_mixin.py:190} INFO - File CDBG-DR-Grants-Financial-Report-2023-05.pdf already exists in S3. Skipping upload.
[2024-11-26T06:54:36.681+0000] {logging_mixin.py:190} INFO - File CDBG-DR-Grants-Financial-Report-2023-04.pdf already exists in S3. Skipping upload.
[2024-11-26T06:54:36.763+0000] {logging_mixin.py:190} INFO - File CDBG-DR-Grants-Financial-Report-2023-03.pdf already exists in S3. Skipping upload.
[2024-11-26T06:54:36.860+0000] {logging_mixin.py:190} INFO - File CDBG-DR-Grants-Financial-Report-2023-02.pdf already exists in S3. Skipping upload.
[2024-11-26T06:54:36.936+0000] {logging_mixin.py:190} INFO - File CDBG-DR-Grants-Financial-Report-2022-12.pdf already exists in S3. Skipping upload.
[2024-11-26T06:54:37.010+0000] {logging_mixin.py:190} INFO - File CDBG-DR-Grants-Financial-Report-2022-12.pdf already exists in S3. Skipping upload.
[2024-11-26T06:54:37.091+0000] {logging_mixin.py:190} INFO - File CDBG-DR-Grants-Financial-Report-2022-11.pdf already exists in S3. Skipping upload.
[2024-11-26T06:54:37.169+0000] {logging_mixin.py:190} INFO - File CDBG-DR-Grants-Financial-Report-2022-10.pdf already exists in S3. Skipping upload.
[2024-11-26T06:54:37.242+0000] {logging_mixin.py:190} INFO - File CDBG-DR-Grants-Financial-Report-2022-9.pdf already exists in S3. Skipping upload.
[2024-11-26T06:54:37.324+0000] {logging_mixin.py:190} INFO - File CDBG-DR-Grants-Financial-Report-2022-8.pdf already exists in S3. Skipping upload.
[2024-11-26T06:54:37.404+0000] {logging_mixin.py:190} INFO - File CDBG-DR-Grants-Financial-Report-2022-7.pdf already exists in S3. Skipping upload.
[2024-11-26T06:54:37.479+0000] {logging_mixin.py:190} INFO - File CDBG-DR-Grants-Financial-Report-2022-6.pdf already exists in S3. Skipping upload.
[2024-11-26T06:54:37.565+0000] {logging_mixin.py:190} INFO - File CDBG-DR-Grants-Financial-Report-2022-5.pdf already exists in S3. Skipping upload.
[2024-11-26T06:54:37.640+0000] {logging_mixin.py:190} INFO - File CDBG-DR-Grants-Financial-Report-2022-4.pdf already exists in S3. Skipping upload.
[2024-11-26T06:54:37.713+0000] {logging_mixin.py:190} INFO - File CDBG%20DR%20Grants%20Financial%20Report%202022%203%201.pdf already exists in S3. Skipping upload.
[2024-11-26T06:54:37.784+0000] {logging_mixin.py:190} INFO - File CDBG-DR_Grants_Financial_Report_2022-02.pdf already exists in S3. Skipping upload.
[2024-11-26T06:54:37.857+0000] {logging_mixin.py:190} INFO - File CDBG-DR_Grants_Financial_Report_2022-01.pdf already exists in S3. Skipping upload.
[2024-11-26T06:54:37.943+0000] {logging_mixin.py:190} INFO - File CDBG-DR-Financial-Report-2020-03-01.pdf already exists in S3. Skipping upload.
[2024-11-26T06:54:38.018+0000] {logging_mixin.py:190} INFO - File CDBG-DR-Financial-Report-2020-02-01.pdf already exists in S3. Skipping upload.
[2024-11-26T06:54:38.089+0000] {logging_mixin.py:190} INFO - File CDBG-DR-Financial-Report-2020-01-01.pdf already exists in S3. Skipping upload.
[2024-11-26T06:54:38.172+0000] {logging_mixin.py:190} INFO - File CDBG-DR-Financial-Report-2019-12-01.pdf already exists in S3. Skipping upload.
[2024-11-26T06:54:38.252+0000] {logging_mixin.py:190} INFO - File CDBG-DR-Financial-Report-2019-11-01.pdf already exists in S3. Skipping upload.
[2024-11-26T06:54:38.327+0000] {logging_mixin.py:190} INFO - File CDBG-DR-Financial-Report-2019-10-01.pdf already exists in S3. Skipping upload.
[2024-11-26T06:54:38.404+0000] {logging_mixin.py:190} INFO - File CDBG-DR-Financial-Report-2019-09-01.pdf already exists in S3. Skipping upload.
[2024-11-26T06:54:38.484+0000] {logging_mixin.py:190} INFO - File CDBG-DR-Financial-Report-2019-08-01.pdf already exists in S3. Skipping upload.
[2024-11-26T06:54:38.560+0000] {logging_mixin.py:190} INFO - File CDBG-DR-Financial-Report-2019-07-01.pdf already exists in S3. Skipping upload.
[2024-11-26T06:54:38.637+0000] {logging_mixin.py:190} INFO - File CDBG-DR-Financial-Report-2019-06-01.pdf already exists in S3. Skipping upload.
[2024-11-26T06:54:38.712+0000] {logging_mixin.py:190} INFO - File CDBG-DR-Financial-Report-2019-05-01.pdf already exists in S3. Skipping upload.
[2024-11-26T06:54:38.789+0000] {logging_mixin.py:190} INFO - File CDBG-DR-Financial-Report-2019-04-01.pdf already exists in S3. Skipping upload.
[2024-11-26T06:54:38.870+0000] {logging_mixin.py:190} INFO - File CDBG-DR-Financial-Report-2019-03-01.pdf already exists in S3. Skipping upload.
[2024-11-26T06:54:38.954+0000] {logging_mixin.py:190} INFO - File CDBG-DR-Financial-Report-2019-02-01.pdf already exists in S3. Skipping upload.
[2024-11-26T06:54:39.089+0000] {logging_mixin.py:190} INFO - File CDBG-DR-Financial-Report-2019-01-01.pdf already exists in S3. Skipping upload.
[2024-11-26T06:54:39.355+0000] {logging_mixin.py:190} INFO - File CDBG-DR-Financial-Report-2018-12-01.pdf already exists in S3. Skipping upload.
[2024-11-26T06:54:39.544+0000] {logging_mixin.py:190} INFO - File CDBG-DR-Financial-Report-2018-11-01.pdf already exists in S3. Skipping upload.
[2024-11-26T06:54:39.669+0000] {logging_mixin.py:190} INFO - File CDBG-DR-Financial-Report-2018-10-01.pdf already exists in S3. Skipping upload.
[2024-11-26T06:54:39.751+0000] {logging_mixin.py:190} INFO - File CDBG-DR-Financial-Report-2018-09-01.pdf already exists in S3. Skipping upload.
[2024-11-26T06:54:39.834+0000] {logging_mixin.py:190} INFO - File CDBG-DR-Financial-Report-2018-08-01.pdf already exists in S3. Skipping upload.
[2024-11-26T06:54:39.912+0000] {logging_mixin.py:190} INFO - File CDBG-DR-Financial-Report-2018-07-01.pdf already exists in S3. Skipping upload.
[2024-11-26T06:54:39.991+0000] {logging_mixin.py:190} INFO - File CDBG-DR-Financial-Report-2018-06-01.pdf already exists in S3. Skipping upload.
[2024-11-26T06:54:40.067+0000] {logging_mixin.py:190} INFO - File CDBG-DR-Financial-Report-2018-05-01.pdf already exists in S3. Skipping upload.
[2024-11-26T06:54:40.143+0000] {logging_mixin.py:190} INFO - File CDBG-DR-Financial-Report-2018-04-01.pdf already exists in S3. Skipping upload.
[2024-11-26T06:54:40.219+0000] {logging_mixin.py:190} INFO - File CDBG-DR-Financial-Report-2018-03-01.pdf already exists in S3. Skipping upload.
[2024-11-26T06:54:40.298+0000] {logging_mixin.py:190} INFO - File CDBG-DR-Financial-Report-2018-02-01.pdf already exists in S3. Skipping upload.
[2024-11-26T06:54:40.406+0000] {logging_mixin.py:190} INFO - File CDBG-DR-Financial-Report-2018-01-01.pdf already exists in S3. Skipping upload.
[2024-11-26T06:54:40.495+0000] {logging_mixin.py:190} INFO - File CDBG-DR-Financial-Report-2017-12-01.pdf already exists in S3. Skipping upload.
[2024-11-26T06:54:40.578+0000] {logging_mixin.py:190} INFO - File CDBG-DR-Financial-Report-2017-11-01.pdf already exists in S3. Skipping upload.
[2024-11-26T06:54:40.649+0000] {logging_mixin.py:190} INFO - File CDBG-DR-Financial-Report-2017-10-01.pdf already exists in S3. Skipping upload.
[2024-11-26T06:54:40.723+0000] {logging_mixin.py:190} INFO - File CDBG-DR-Financial-Report-2017-09-01.pdf already exists in S3. Skipping upload.
[2024-11-26T06:54:40.799+0000] {logging_mixin.py:190} INFO - File CDBG-DR-Financial-Report-2017-08-01.pdf already exists in S3. Skipping upload.
[2024-11-26T06:54:40.874+0000] {logging_mixin.py:190} INFO - File CDBG-DR-Financial-Report-2017-05-01.pdf already exists in S3. Skipping upload.
[2024-11-26T06:54:40.945+0000] {logging_mixin.py:190} INFO - File CDBG-DR-Financial-Report-2017-04-01.pdf already exists in S3. Skipping upload.
[2024-11-26T06:54:41.018+0000] {logging_mixin.py:190} INFO - File CDBG-DR-Financial-Report-2017-03-01.pdf already exists in S3. Skipping upload.
[2024-11-26T06:54:41.097+0000] {logging_mixin.py:190} INFO - File CDBG-DR-Financial-Report-2017-02-01.pdf already exists in S3. Skipping upload.
[2024-11-26T06:54:41.208+0000] {logging_mixin.py:190} INFO - File CDBG-DR-Financial-Report-2017-01-01.pdf already exists in S3. Skipping upload.
[2024-11-26T06:54:41.209+0000] {python.py:240} INFO - Done. Returned value was: None
[2024-11-26T06:54:41.221+0000] {taskinstance.py:340} INFO - ::group::Post task execution logs
[2024-11-26T06:54:41.222+0000] {taskinstance.py:352} INFO - Marking task as SUCCESS. dag_id=ETL_financial_reports, task_id=fetch_financial_reports_task, run_id=manual__2024-11-26T06:54:29.942375+00:00, execution_date=20241126T065429, start_date=20241126T065432, end_date=20241126T065441
[2024-11-26T06:54:41.270+0000] {local_task_job_runner.py:266} INFO - Task exited with return code 0
[2024-11-26T06:54:41.295+0000] {taskinstance.py:3895} INFO - 1 downstream tasks scheduled from follow-on schedule check
[2024-11-26T06:54:41.299+0000] {local_task_job_runner.py:245} INFO - ::endgroup::
