[2024-12-02T18:12:05.685+0000] {local_task_job_runner.py:123} INFO - ::group::Pre task execution logs
[2024-12-02T18:12:05.705+0000] {taskinstance.py:2613} INFO - Dependencies all met for dep_context=non-requeueable deps ti=<TaskInstance: ETL_history_reports.ingest_history_reports_task manual__2024-12-02T18:11:50.422457+00:00 [queued]>
[2024-12-02T18:12:05.718+0000] {taskinstance.py:2613} INFO - Dependencies all met for dep_context=requeueable deps ti=<TaskInstance: ETL_history_reports.ingest_history_reports_task manual__2024-12-02T18:11:50.422457+00:00 [queued]>
[2024-12-02T18:12:05.719+0000] {taskinstance.py:2866} INFO - Starting attempt 1 of 1
[2024-12-02T18:12:05.737+0000] {taskinstance.py:2889} INFO - Executing <Task(PythonOperator): ingest_history_reports_task> on 2024-12-02 18:11:50.422457+00:00
[2024-12-02T18:12:05.747+0000] {logging_mixin.py:190} WARNING - /home/***/.local/lib/python3.12/site-packages/***/task/task_runner/standard_task_runner.py:70 DeprecationWarning: This process (pid=62649) is multi-threaded, use of fork() may lead to deadlocks in the child.
[2024-12-02T18:12:05.748+0000] {standard_task_runner.py:72} INFO - Started process 62651 to run task
[2024-12-02T18:12:05.746+0000] {standard_task_runner.py:104} INFO - Running: ['***', 'tasks', 'run', 'ETL_history_reports', 'ingest_history_reports_task', 'manual__2024-12-02T18:11:50.422457+00:00', '--job-id', '501', '--raw', '--subdir', 'DAGS_FOLDER/history_reports_dag.py', '--cfg-path', '/tmp/tmp1tor0r1z']
[2024-12-02T18:12:05.750+0000] {standard_task_runner.py:105} INFO - Job 501: Subtask ingest_history_reports_task
[2024-12-02T18:12:05.804+0000] {task_command.py:467} INFO - Running <TaskInstance: ETL_history_reports.ingest_history_reports_task manual__2024-12-02T18:11:50.422457+00:00 [running]> on host 6a246d8d590f
[2024-12-02T18:12:06.123+0000] {taskinstance.py:3132} INFO - Exporting env vars: AIRFLOW_CTX_DAG_OWNER='***' AIRFLOW_CTX_DAG_ID='ETL_history_reports' AIRFLOW_CTX_TASK_ID='ingest_history_reports_task' AIRFLOW_CTX_EXECUTION_DATE='2024-12-02T18:11:50.422457+00:00' AIRFLOW_CTX_TRY_NUMBER='1' AIRFLOW_CTX_DAG_RUN_ID='manual__2024-12-02T18:11:50.422457+00:00'
[2024-12-02T18:12:06.125+0000] {taskinstance.py:731} INFO - ::endgroup::
[2024-12-02T18:12:06.538+0000] {logging_mixin.py:190} INFO - Ingesting new data into disaster
[2024-12-02T18:12:07.097+0000] {logging_mixin.py:190} INFO - Data successfully written to table disaster.
[2024-12-02T18:12:07.316+0000] {logging_mixin.py:190} INFO - File moved from s3://project-processed-data/history_reports/disaster_events_11_1_2024.csv to s3://project-processed-data/archived/history_reports/disaster_events_11_1_2024.csv
[2024-12-02T18:12:07.499+0000] {logging_mixin.py:190} INFO - Ingesting new data into grantee
[2024-12-02T18:12:08.104+0000] {logging_mixin.py:190} INFO - Data successfully written to table grantee.
[2024-12-02T18:12:08.350+0000] {logging_mixin.py:190} INFO - File moved from s3://project-processed-data/history_reports/grantee_11_1_2024.csv to s3://project-processed-data/archived/history_reports/grantee_11_1_2024.csv
[2024-12-02T18:12:08.528+0000] {logging_mixin.py:190} INFO - Ingesting new data into granthistory
[2024-12-02T18:12:11.069+0000] {logging_mixin.py:190} INFO - Data successfully written to table granthistory.
[2024-12-02T18:12:11.312+0000] {logging_mixin.py:190} INFO - File moved from s3://project-processed-data/history_reports/grant_11_1_2024.csv to s3://project-processed-data/archived/history_reports/grant_11_1_2024.csv
[2024-12-02T18:12:11.476+0000] {logging_mixin.py:190} INFO - Ingesting new data into publiclaw
[2024-12-02T18:12:12.355+0000] {logging_mixin.py:190} INFO - Data successfully written to table publiclaw.
[2024-12-02T18:12:12.700+0000] {logging_mixin.py:190} INFO - File moved from s3://project-processed-data/history_reports/public_law_numbers_11_1_2024.csv to s3://project-processed-data/archived/history_reports/public_law_numbers_11_1_2024.csv
[2024-12-02T18:12:12.959+0000] {logging_mixin.py:190} INFO - Ingesting new data into disasterpubliclaw
[2024-12-02T18:12:13.656+0000] {logging_mixin.py:190} INFO - Data successfully written to table disasterpubliclaw.
[2024-12-02T18:12:13.891+0000] {logging_mixin.py:190} INFO - File moved from s3://project-processed-data/history_reports/disaster_public_law_11_1_2024.csv to s3://project-processed-data/archived/history_reports/disaster_public_law_11_1_2024.csv
[2024-12-02T18:12:13.893+0000] {python.py:240} INFO - Done. Returned value was: None
[2024-12-02T18:12:13.905+0000] {taskinstance.py:340} INFO - ::group::Post task execution logs
[2024-12-02T18:12:13.906+0000] {taskinstance.py:352} INFO - Marking task as SUCCESS. dag_id=ETL_history_reports, task_id=ingest_history_reports_task, run_id=manual__2024-12-02T18:11:50.422457+00:00, execution_date=20241202T181150, start_date=20241202T181205, end_date=20241202T181213
[2024-12-02T18:12:13.957+0000] {local_task_job_runner.py:266} INFO - Task exited with return code 0
[2024-12-02T18:12:13.966+0000] {local_task_job_runner.py:245} INFO - ::endgroup::
