[2024-11-24T04:59:09.663+0000] {local_task_job_runner.py:123} INFO - ::group::Pre task execution logs
[2024-11-24T04:59:09.693+0000] {taskinstance.py:2613} INFO - Dependencies all met for dep_context=non-requeueable deps ti=<TaskInstance: ETL_usa_spending.extract_usa_spending_data_task manual__2024-11-24T04:59:03.853685+00:00 [queued]>
[2024-11-24T04:59:09.711+0000] {taskinstance.py:2613} INFO - Dependencies all met for dep_context=requeueable deps ti=<TaskInstance: ETL_usa_spending.extract_usa_spending_data_task manual__2024-11-24T04:59:03.853685+00:00 [queued]>
[2024-11-24T04:59:09.712+0000] {taskinstance.py:2866} INFO - Starting attempt 1 of 1
[2024-11-24T04:59:09.737+0000] {taskinstance.py:2889} INFO - Executing <Task(PythonOperator): extract_usa_spending_data_task> on 2024-11-24 04:59:03.853685+00:00
[2024-11-24T04:59:09.752+0000] {standard_task_runner.py:104} INFO - Running: ['***', 'tasks', 'run', 'ETL_usa_spending', 'extract_usa_spending_data_task', 'manual__2024-11-24T04:59:03.853685+00:00', '--job-id', '217', '--raw', '--subdir', 'DAGS_FOLDER/project_dag.py', '--cfg-path', '/tmp/tmpa4qco0k7']
[2024-11-24T04:59:09.757+0000] {standard_task_runner.py:105} INFO - Job 217: Subtask extract_usa_spending_data_task
[2024-11-24T04:59:09.753+0000] {logging_mixin.py:190} WARNING - /home/***/.local/lib/python3.12/site-packages/***/task/task_runner/standard_task_runner.py:70 DeprecationWarning: This process (pid=97751) is multi-threaded, use of fork() may lead to deadlocks in the child.
[2024-11-24T04:59:09.759+0000] {standard_task_runner.py:72} INFO - Started process 97766 to run task
[2024-11-24T04:59:09.837+0000] {task_command.py:467} INFO - Running <TaskInstance: ETL_usa_spending.extract_usa_spending_data_task manual__2024-11-24T04:59:03.853685+00:00 [running]> on host 7da4b16cbed4
[2024-11-24T04:59:09.955+0000] {taskinstance.py:3132} INFO - Exporting env vars: AIRFLOW_CTX_DAG_OWNER='***' AIRFLOW_CTX_DAG_ID='ETL_usa_spending' AIRFLOW_CTX_TASK_ID='extract_usa_spending_data_task' AIRFLOW_CTX_EXECUTION_DATE='2024-11-24T04:59:03.853685+00:00' AIRFLOW_CTX_TRY_NUMBER='1' AIRFLOW_CTX_DAG_RUN_ID='manual__2024-11-24T04:59:03.853685+00:00'
[2024-11-24T04:59:09.956+0000] {taskinstance.py:731} INFO - ::endgroup::
[2024-11-24T04:59:09.994+0000] {logging_mixin.py:190} INFO - Extracting Spending Data
[2024-11-24T04:59:15.568+0000] {logging_mixin.py:190} INFO - File saved to S3: s3://project-raw-data-files/usa_spending_data/spending_by_award_11_24_2024.csv
[2024-11-24T04:59:15.571+0000] {logging_mixin.py:190} INFO - Extracting Awards Data
[2024-11-24T05:19:43.149+0000] {logging_mixin.py:190} INFO - File saved to S3: s3://project-raw-data-files/usa_spending_data/other_data_11_24_2024.csv
[2024-11-24T05:19:43.152+0000] {logging_mixin.py:190} INFO - Extracting Funding Data
[2024-11-24T05:27:38.048+0000] {logging_mixin.py:190} INFO - File saved to S3: s3://project-raw-data-files/usa_spending_data/funding_data_11_24_2024.csv
[2024-11-24T05:27:38.062+0000] {logging_mixin.py:190} INFO - Extracting Subawards Data
[2024-11-24T05:29:07.935+0000] {usa_spending_extraction_script.py:39} ERROR - Error fetching page 1: ('Connection aborted.', RemoteDisconnected('Remote end closed connection without response'))
[2024-11-24T05:29:08.257+0000] {usa_spending_extraction_script.py:39} ERROR - Error fetching page 1: ('Connection aborted.', RemoteDisconnected('Remote end closed connection without response'))
[2024-11-24T05:29:08.997+0000] {usa_spending_extraction_script.py:39} ERROR - Error fetching page 1: ('Connection aborted.', RemoteDisconnected('Remote end closed connection without response'))
[2024-11-24T05:29:09.330+0000] {usa_spending_extraction_script.py:39} ERROR - Error fetching page 1: ('Connection aborted.', RemoteDisconnected('Remote end closed connection without response'))
[2024-11-24T05:29:14.888+0000] {usa_spending_extraction_script.py:39} ERROR - Error fetching page 1: ('Connection aborted.', RemoteDisconnected('Remote end closed connection without response'))
[2024-11-24T05:32:06.590+0000] {logging_mixin.py:190} INFO - File saved to S3: s3://project-raw-data-files/usa_spending_data/subawards_11_24_2024.csv
[2024-11-24T05:32:06.597+0000] {logging_mixin.py:190} INFO - Extracting Transactions Data
[2024-11-24T05:35:13.984+0000] {usa_spending_extraction_script.py:39} ERROR - Error fetching page 2: ('Connection aborted.', RemoteDisconnected('Remote end closed connection without response'))
[2024-11-24T05:35:14.325+0000] {usa_spending_extraction_script.py:39} ERROR - Error fetching page 1: ('Connection aborted.', RemoteDisconnected('Remote end closed connection without response'))
[2024-11-24T05:35:14.661+0000] {usa_spending_extraction_script.py:39} ERROR - Error fetching page 1: ('Connection aborted.', RemoteDisconnected('Remote end closed connection without response'))
[2024-11-24T05:35:14.996+0000] {usa_spending_extraction_script.py:39} ERROR - Error fetching page 1: ('Connection aborted.', RemoteDisconnected('Remote end closed connection without response'))
[2024-11-24T05:35:15.297+0000] {usa_spending_extraction_script.py:39} ERROR - Error fetching page 1: ('Connection aborted.', RemoteDisconnected('Remote end closed connection without response'))
[2024-11-24T05:35:16.674+0000] {usa_spending_extraction_script.py:39} ERROR - Error fetching page 1: ('Connection aborted.', RemoteDisconnected('Remote end closed connection without response'))
[2024-11-24T05:35:17.002+0000] {usa_spending_extraction_script.py:39} ERROR - Error fetching page 1: ('Connection aborted.', RemoteDisconnected('Remote end closed connection without response'))
[2024-11-24T05:35:17.890+0000] {usa_spending_extraction_script.py:39} ERROR - Error fetching page 2: ('Connection aborted.', RemoteDisconnected('Remote end closed connection without response'))
[2024-11-24T05:35:18.214+0000] {usa_spending_extraction_script.py:39} ERROR - Error fetching page 1: ('Connection aborted.', RemoteDisconnected('Remote end closed connection without response'))
[2024-11-24T05:35:18.549+0000] {usa_spending_extraction_script.py:39} ERROR - Error fetching page 1: ('Connection aborted.', RemoteDisconnected('Remote end closed connection without response'))
[2024-11-24T05:35:20.778+0000] {usa_spending_extraction_script.py:39} ERROR - Error fetching page 1: ('Connection aborted.', RemoteDisconnected('Remote end closed connection without response'))
[2024-11-24T05:37:15.855+0000] {usa_spending_extraction_script.py:39} ERROR - Error fetching page 2: ('Connection aborted.', RemoteDisconnected('Remote end closed connection without response'))
[2024-11-24T05:37:16.832+0000] {usa_spending_extraction_script.py:39} ERROR - Error fetching page 2: ('Connection aborted.', RemoteDisconnected('Remote end closed connection without response'))
[2024-11-24T05:37:17.686+0000] {usa_spending_extraction_script.py:39} ERROR - Error fetching page 2: ('Connection aborted.', RemoteDisconnected('Remote end closed connection without response'))
[2024-11-24T05:37:18.019+0000] {usa_spending_extraction_script.py:39} ERROR - Error fetching page 1: ('Connection aborted.', RemoteDisconnected('Remote end closed connection without response'))
[2024-11-24T05:37:18.356+0000] {usa_spending_extraction_script.py:39} ERROR - Error fetching page 1: ('Connection aborted.', RemoteDisconnected('Remote end closed connection without response'))
[2024-11-24T05:37:19.207+0000] {usa_spending_extraction_script.py:39} ERROR - Error fetching page 2: ('Connection aborted.', RemoteDisconnected('Remote end closed connection without response'))
[2024-11-24T05:37:20.414+0000] {usa_spending_extraction_script.py:39} ERROR - Error fetching page 1: ('Connection aborted.', RemoteDisconnected('Remote end closed connection without response'))
[2024-11-24T05:37:21.663+0000] {usa_spending_extraction_script.py:39} ERROR - Error fetching page 1: ('Connection aborted.', RemoteDisconnected('Remote end closed connection without response'))
[2024-11-24T05:37:21.989+0000] {usa_spending_extraction_script.py:39} ERROR - Error fetching page 1: ('Connection aborted.', RemoteDisconnected('Remote end closed connection without response'))
[2024-11-24T05:37:22.850+0000] {usa_spending_extraction_script.py:39} ERROR - Error fetching page 2: ('Connection aborted.', RemoteDisconnected('Remote end closed connection without response'))
[2024-11-24T05:41:19.786+0000] {logging_mixin.py:190} INFO - File saved to S3: s3://project-raw-data-files/usa_spending_data/transactions_11_24_2024.csv
[2024-11-24T05:41:19.790+0000] {python.py:240} INFO - Done. Returned value was: None
[2024-11-24T05:41:19.846+0000] {taskinstance.py:340} INFO - ::group::Post task execution logs
[2024-11-24T05:41:19.848+0000] {taskinstance.py:352} INFO - Marking task as SUCCESS. dag_id=ETL_usa_spending, task_id=extract_usa_spending_data_task, run_id=manual__2024-11-24T04:59:03.853685+00:00, execution_date=20241124T045903, start_date=20241124T045909, end_date=20241124T054119
[2024-11-24T05:41:19.944+0000] {local_task_job_runner.py:266} INFO - Task exited with return code 0
[2024-11-24T05:41:20.026+0000] {local_task_job_runner.py:245} INFO - ::endgroup::
[2024-11-24T05:41:20.035+0000] {standard_task_runner.py:217} INFO - Process not found (most likely exited), stop collecting metrics
