[2024-11-26T01:37:09.685+0000] {local_task_job_runner.py:123} INFO - ::group::Pre task execution logs
[2024-11-26T01:37:09.702+0000] {taskinstance.py:2613} INFO - Dependencies all met for dep_context=non-requeueable deps ti=<TaskInstance: ETL_financial_reports.ingest_financial_reports_task manual__2024-11-26T01:36:54.192209+00:00 [queued]>
[2024-11-26T01:37:09.713+0000] {taskinstance.py:2613} INFO - Dependencies all met for dep_context=requeueable deps ti=<TaskInstance: ETL_financial_reports.ingest_financial_reports_task manual__2024-11-26T01:36:54.192209+00:00 [queued]>
[2024-11-26T01:37:09.714+0000] {taskinstance.py:2866} INFO - Starting attempt 1 of 1
[2024-11-26T01:37:09.729+0000] {taskinstance.py:2889} INFO - Executing <Task(PythonOperator): ingest_financial_reports_task> on 2024-11-26 01:36:54.192209+00:00
[2024-11-26T01:37:09.738+0000] {logging_mixin.py:190} WARNING - /home/***/.local/lib/python3.12/site-packages/***/task/task_runner/standard_task_runner.py:70 DeprecationWarning: This process (pid=7028) is multi-threaded, use of fork() may lead to deadlocks in the child.
[2024-11-26T01:37:09.739+0000] {standard_task_runner.py:72} INFO - Started process 7030 to run task
[2024-11-26T01:37:09.738+0000] {standard_task_runner.py:104} INFO - Running: ['***', 'tasks', 'run', 'ETL_financial_reports', 'ingest_financial_reports_task', 'manual__2024-11-26T01:36:54.192209+00:00', '--job-id', '315', '--raw', '--subdir', 'DAGS_FOLDER/project_dag.py', '--cfg-path', '/tmp/tmpipde4ezm']
[2024-11-26T01:37:09.740+0000] {standard_task_runner.py:105} INFO - Job 315: Subtask ingest_financial_reports_task
[2024-11-26T01:37:09.788+0000] {task_command.py:467} INFO - Running <TaskInstance: ETL_financial_reports.ingest_financial_reports_task manual__2024-11-26T01:36:54.192209+00:00 [running]> on host 6a246d8d590f
[2024-11-26T01:37:10.155+0000] {taskinstance.py:3132} INFO - Exporting env vars: AIRFLOW_CTX_DAG_OWNER='***' AIRFLOW_CTX_DAG_ID='ETL_financial_reports' AIRFLOW_CTX_TASK_ID='ingest_financial_reports_task' AIRFLOW_CTX_EXECUTION_DATE='2024-11-26T01:36:54.192209+00:00' AIRFLOW_CTX_TRY_NUMBER='1' AIRFLOW_CTX_DAG_RUN_ID='manual__2024-11-26T01:36:54.192209+00:00'
[2024-11-26T01:37:10.156+0000] {taskinstance.py:731} INFO - ::endgroup::
[2024-11-26T01:37:10.680+0000] {logging_mixin.py:190} INFO - Processing file: financial_reports/processed_CDBG_DR_Grant_Expenditure_Report_10_2024.csv
[2024-11-26T01:37:11.156+0000] {logging_mixin.py:190} INFO - Error: insert or update on table "grantfinancialreports" violates foreign key constraint "grantfinancialreports_grant_id_fkey"
DETAIL:  Key (grant_id)=(B-08-DI-72-0001) is not present in table "grants".
[2024-11-26T01:37:12.426+0000] {logging_mixin.py:190} INFO - Processing file: financial_reports/processed_CDBG_DR_Grant_Expenditure_Report_11_2024.csv
[2024-11-26T01:37:12.876+0000] {logging_mixin.py:190} INFO - Error: insert or update on table "grantfinancialreports" violates foreign key constraint "grantfinancialreports_grant_id_fkey"
DETAIL:  Key (grant_id)=(B-08-DI-72-0001) is not present in table "grants".
[2024-11-26T01:37:14.186+0000] {logging_mixin.py:190} INFO - Processing file: financial_reports/processed_CDBG_DR_Grant_Expenditure_Report_5_2024.csv
[2024-11-26T01:37:14.639+0000] {logging_mixin.py:190} INFO - Error: insert or update on table "grantfinancialreports" violates foreign key constraint "grantfinancialreports_grant_id_fkey"
DETAIL:  Key (grant_id)=(B-08-DI-72-0001) is not present in table "grants".
[2024-11-26T01:37:15.947+0000] {logging_mixin.py:190} INFO - Processing file: financial_reports/processed_CDBG_DR_Grant_Expenditure_Report_6_2024.csv
[2024-11-26T01:37:16.422+0000] {logging_mixin.py:190} INFO - Error: insert or update on table "grantfinancialreports" violates foreign key constraint "grantfinancialreports_grant_id_fkey"
DETAIL:  Key (grant_id)=(B-08-DI-72-0001) is not present in table "grants".
[2024-11-26T01:37:17.733+0000] {logging_mixin.py:190} INFO - Processing file: financial_reports/processed_CDBG_DR_Grant_Expenditure_Report_7_2024.csv
[2024-11-26T01:37:18.222+0000] {logging_mixin.py:190} INFO - Error: insert or update on table "grantfinancialreports" violates foreign key constraint "grantfinancialreports_grant_id_fkey"
DETAIL:  Key (grant_id)=(B-08-DI-72-0001) is not present in table "grants".
[2024-11-26T01:37:19.493+0000] {logging_mixin.py:190} INFO - Processing file: financial_reports/processed_CDBG_DR_Grant_Expenditure_Report_8_2024.csv
[2024-11-26T01:37:19.945+0000] {logging_mixin.py:190} INFO - Error: insert or update on table "grantfinancialreports" violates foreign key constraint "grantfinancialreports_grant_id_fkey"
DETAIL:  Key (grant_id)=(B-08-DI-72-0001) is not present in table "grants".
[2024-11-26T01:37:21.274+0000] {logging_mixin.py:190} INFO - Processing file: financial_reports/processed_CDBG_DR_Grant_Expenditure_Report_9_2024.csv
[2024-11-26T01:37:21.742+0000] {logging_mixin.py:190} INFO - Error: insert or update on table "grantfinancialreports" violates foreign key constraint "grantfinancialreports_grant_id_fkey"
DETAIL:  Key (grant_id)=(B-08-DI-72-0001) is not present in table "grants".
[2024-11-26T01:37:22.743+0000] {python.py:240} INFO - Done. Returned value was: None
[2024-11-26T01:37:22.754+0000] {taskinstance.py:340} INFO - ::group::Post task execution logs
[2024-11-26T01:37:22.755+0000] {taskinstance.py:352} INFO - Marking task as SUCCESS. dag_id=ETL_financial_reports, task_id=ingest_financial_reports_task, run_id=manual__2024-11-26T01:36:54.192209+00:00, execution_date=20241126T013654, start_date=20241126T013709, end_date=20241126T013722
[2024-11-26T01:37:22.798+0000] {local_task_job_runner.py:266} INFO - Task exited with return code 0
[2024-11-26T01:37:22.815+0000] {taskinstance.py:3895} INFO - 0 downstream tasks scheduled from follow-on schedule check
[2024-11-26T01:37:22.818+0000] {local_task_job_runner.py:245} INFO - ::endgroup::
