[2024-11-23T04:56:28.754+0000] {local_task_job_runner.py:123} INFO - ::group::Pre task execution logs
[2024-11-23T04:56:28.775+0000] {taskinstance.py:2613} INFO - Dependencies all met for dep_context=non-requeueable deps ti=<TaskInstance: ETL_usa_spending.process_usa_spending_data_task manual__2024-11-23T04:56:21.514756+00:00 [queued]>
[2024-11-23T04:56:28.785+0000] {taskinstance.py:2613} INFO - Dependencies all met for dep_context=requeueable deps ti=<TaskInstance: ETL_usa_spending.process_usa_spending_data_task manual__2024-11-23T04:56:21.514756+00:00 [queued]>
[2024-11-23T04:56:28.786+0000] {taskinstance.py:2866} INFO - Starting attempt 1 of 1
[2024-11-23T04:56:28.803+0000] {taskinstance.py:2889} INFO - Executing <Task(PythonOperator): process_usa_spending_data_task> on 2024-11-23 04:56:21.514756+00:00
[2024-11-23T04:56:28.826+0000] {logging_mixin.py:190} WARNING - /home/***/.local/lib/python3.12/site-packages/***/task/task_runner/standard_task_runner.py:70 DeprecationWarning: This process (pid=85805) is multi-threaded, use of fork() may lead to deadlocks in the child.
[2024-11-23T04:56:28.828+0000] {standard_task_runner.py:72} INFO - Started process 85807 to run task
[2024-11-23T04:56:28.827+0000] {standard_task_runner.py:104} INFO - Running: ['***', 'tasks', 'run', 'ETL_usa_spending', 'process_usa_spending_data_task', 'manual__2024-11-23T04:56:21.514756+00:00', '--job-id', '185', '--raw', '--subdir', 'DAGS_FOLDER/project_dag.py', '--cfg-path', '/tmp/tmp81r2d9aq']
[2024-11-23T04:56:28.830+0000] {standard_task_runner.py:105} INFO - Job 185: Subtask process_usa_spending_data_task
[2024-11-23T04:56:28.913+0000] {task_command.py:467} INFO - Running <TaskInstance: ETL_usa_spending.process_usa_spending_data_task manual__2024-11-23T04:56:21.514756+00:00 [running]> on host 7da4b16cbed4
[2024-11-23T04:56:29.063+0000] {taskinstance.py:3132} INFO - Exporting env vars: AIRFLOW_CTX_DAG_OWNER='***' AIRFLOW_CTX_DAG_ID='ETL_usa_spending' AIRFLOW_CTX_TASK_ID='process_usa_spending_data_task' AIRFLOW_CTX_EXECUTION_DATE='2024-11-23T04:56:21.514756+00:00' AIRFLOW_CTX_TRY_NUMBER='1' AIRFLOW_CTX_DAG_RUN_ID='manual__2024-11-23T04:56:21.514756+00:00'
[2024-11-23T04:56:29.066+0000] {taskinstance.py:731} INFO - ::endgroup::
[2024-11-23T04:56:29.655+0000] {logging_mixin.py:190} INFO - Processing file: df_spending_by_award_11_17_2024.csv
[2024-11-23T04:56:30.266+0000] {logging_mixin.py:190} INFO - Processing file: federal_account_funding_df_2024-11-17.csv
[2024-11-23T04:56:30.937+0000] {logging_mixin.py:190} INFO - Processing file: other_variables_11_17_2024.csv
[2024-11-23T04:56:31.348+0000] {logging_mixin.py:190} INFO - Processing file: sub_award_df_2024-11-17.csv
[2024-11-23T04:56:31.685+0000] {logging_mixin.py:190} INFO - Processing file: transactions_df_2024-11-17.csv
[2024-11-23T04:56:32.490+0000] {logging_mixin.py:190} INFO - File saved to S3: s3://project-processed-data/usa_spending_data/states_20241123_045632.csv
[2024-11-23T04:56:32.702+0000] {logging_mixin.py:190} INFO - File saved to S3: s3://project-processed-data/usa_spending_data/cfda_20241123_045632.csv
[2024-11-23T04:56:32.967+0000] {logging_mixin.py:190} INFO - File saved to S3: s3://project-processed-data/usa_spending_data/agency_20241123_045632.csv
[2024-11-23T04:56:33.185+0000] {logging_mixin.py:190} INFO - File saved to S3: s3://project-processed-data/usa_spending_data/sub_agency_20241123_045632.csv
[2024-11-23T04:56:33.410+0000] {logging_mixin.py:190} INFO - File saved to S3: s3://project-processed-data/usa_spending_data/recipients_20241123_045632.csv
[2024-11-23T04:56:33.891+0000] {logging_mixin.py:190} INFO - File saved to S3: s3://project-processed-data/usa_spending_data/grants_20241123_045632.csv
[2024-11-23T04:56:34.456+0000] {logging_mixin.py:190} INFO - File saved to S3: s3://project-processed-data/usa_spending_data/federal_awards_20241123_045632.csv
[2024-11-23T04:56:35.243+0000] {logging_mixin.py:190} INFO - File saved to S3: s3://project-processed-data/usa_spending_data/funding_20241123_045632.csv
[2024-11-23T04:56:35.681+0000] {logging_mixin.py:190} INFO - File saved to S3: s3://project-processed-data/usa_spending_data/transactions_20241123_045632.csv
[2024-11-23T04:56:36.065+0000] {logging_mixin.py:190} INFO - File saved to S3: s3://project-processed-data/usa_spending_data/sub_awards_20241123_045632.csv
[2024-11-23T04:56:36.392+0000] {logging_mixin.py:190} INFO - File moved from s3://project-raw-data-files/usa_spending_data/ to s3://project-raw-data-files/archived/usa_spending_data/
[2024-11-23T04:56:36.818+0000] {logging_mixin.py:190} INFO - File moved from s3://project-raw-data-files/usa_spending_data/df_spending_by_award_11_17_2024.csv to s3://project-raw-data-files/archived/usa_spending_data/df_spending_by_award_11_17_2024.csv
[2024-11-23T04:56:37.219+0000] {logging_mixin.py:190} INFO - File moved from s3://project-raw-data-files/usa_spending_data/federal_account_funding_df_2024-11-17.csv to s3://project-raw-data-files/archived/usa_spending_data/federal_account_funding_df_2024-11-17.csv
[2024-11-23T04:56:37.577+0000] {logging_mixin.py:190} INFO - File moved from s3://project-raw-data-files/usa_spending_data/other_variables_11_17_2024.csv to s3://project-raw-data-files/archived/usa_spending_data/other_variables_11_17_2024.csv
[2024-11-23T04:56:37.956+0000] {logging_mixin.py:190} INFO - File moved from s3://project-raw-data-files/usa_spending_data/sub_award_df_2024-11-17.csv to s3://project-raw-data-files/archived/usa_spending_data/sub_award_df_2024-11-17.csv
[2024-11-23T04:56:38.347+0000] {logging_mixin.py:190} INFO - File moved from s3://project-raw-data-files/usa_spending_data/transactions_df_2024-11-17.csv to s3://project-raw-data-files/archived/usa_spending_data/transactions_df_2024-11-17.csv
[2024-11-23T04:56:38.368+0000] {python.py:240} INFO - Done. Returned value was: None
[2024-11-23T04:56:38.414+0000] {taskinstance.py:340} INFO - ::group::Post task execution logs
[2024-11-23T04:56:38.416+0000] {taskinstance.py:352} INFO - Marking task as SUCCESS. dag_id=ETL_usa_spending, task_id=process_usa_spending_data_task, run_id=manual__2024-11-23T04:56:21.514756+00:00, execution_date=20241123T045621, start_date=20241123T045628, end_date=20241123T045638
[2024-11-23T04:56:38.523+0000] {local_task_job_runner.py:266} INFO - Task exited with return code 0
[2024-11-23T04:56:38.574+0000] {taskinstance.py:3895} INFO - 1 downstream tasks scheduled from follow-on schedule check
[2024-11-23T04:56:38.579+0000] {local_task_job_runner.py:245} INFO - ::endgroup::
