[2024-11-19T05:20:15.838+0000] {local_task_job_runner.py:123} INFO - ::group::Pre task execution logs
[2024-11-19T05:20:15.855+0000] {taskinstance.py:2613} INFO - Dependencies all met for dep_context=non-requeueable deps ti=<TaskInstance: ETL_financial_reports.fetch_financial_reports_task manual__2024-11-19T05:20:13.031609+00:00 [queued]>
[2024-11-19T05:20:15.867+0000] {taskinstance.py:2613} INFO - Dependencies all met for dep_context=requeueable deps ti=<TaskInstance: ETL_financial_reports.fetch_financial_reports_task manual__2024-11-19T05:20:13.031609+00:00 [queued]>
[2024-11-19T05:20:15.868+0000] {taskinstance.py:2866} INFO - Starting attempt 1 of 1
[2024-11-19T05:20:15.885+0000] {taskinstance.py:2889} INFO - Executing <Task(PythonOperator): fetch_financial_reports_task> on 2024-11-19 05:20:13.031609+00:00
[2024-11-19T05:20:15.897+0000] {logging_mixin.py:190} WARNING - /home/***/.local/lib/python3.12/site-packages/***/task/task_runner/standard_task_runner.py:70 DeprecationWarning: This process (pid=33316) is multi-threaded, use of fork() may lead to deadlocks in the child.
[2024-11-19T05:20:15.899+0000] {standard_task_runner.py:72} INFO - Started process 33318 to run task
[2024-11-19T05:20:15.897+0000] {standard_task_runner.py:104} INFO - Running: ['***', 'tasks', 'run', 'ETL_financial_reports', 'fetch_financial_reports_task', 'manual__2024-11-19T05:20:13.031609+00:00', '--job-id', '131', '--raw', '--subdir', 'DAGS_FOLDER/project_dag.py', '--cfg-path', '/tmp/tmp9uflssgz']
[2024-11-19T05:20:15.900+0000] {standard_task_runner.py:105} INFO - Job 131: Subtask fetch_financial_reports_task
[2024-11-19T05:20:15.954+0000] {task_command.py:467} INFO - Running <TaskInstance: ETL_financial_reports.fetch_financial_reports_task manual__2024-11-19T05:20:13.031609+00:00 [running]> on host 7da4b16cbed4
[2024-11-19T05:20:16.059+0000] {taskinstance.py:3132} INFO - Exporting env vars: AIRFLOW_CTX_DAG_OWNER='***' AIRFLOW_CTX_DAG_ID='ETL_financial_reports' AIRFLOW_CTX_TASK_ID='fetch_financial_reports_task' AIRFLOW_CTX_EXECUTION_DATE='2024-11-19T05:20:13.031609+00:00' AIRFLOW_CTX_TRY_NUMBER='1' AIRFLOW_CTX_DAG_RUN_ID='manual__2024-11-19T05:20:13.031609+00:00'
[2024-11-19T05:20:16.061+0000] {taskinstance.py:731} INFO - ::endgroup::
[2024-11-19T05:20:17.800+0000] {logging_mixin.py:190} INFO - File CDBG_DR_Grant_Expenditure_Report_11_2024.pdf already exists in S3. Skipping upload.
[2024-11-19T05:20:17.893+0000] {logging_mixin.py:190} INFO - File CDBG_DR_Grant_Expenditure_Report_10_2024.pdf already exists in S3. Skipping upload.
[2024-11-19T05:20:17.986+0000] {logging_mixin.py:190} INFO - File CDBG_DR_Grant_Expenditure_Report_9_2024.pdf already exists in S3. Skipping upload.
[2024-11-19T05:20:18.077+0000] {logging_mixin.py:190} INFO - File CDBG_DR_Grant_Expenditure_Report_8_2024.pdf already exists in S3. Skipping upload.
[2024-11-19T05:20:18.167+0000] {logging_mixin.py:190} INFO - File CDBG_DR_Grant_Expenditure_Report_7_2024.pdf already exists in S3. Skipping upload.
[2024-11-19T05:20:18.252+0000] {logging_mixin.py:190} INFO - File CDBG_DR_Grant_Expenditure_Report_6_2024.pdf already exists in S3. Skipping upload.
[2024-11-19T05:20:18.341+0000] {logging_mixin.py:190} INFO - File CDBG_DR_Grant_Expenditure_Report_5_2024.pdf already exists in S3. Skipping upload.
[2024-11-19T05:20:18.427+0000] {logging_mixin.py:190} INFO - File CDBG-DR_Grant_Expenditure_Report-4-1-2024.pdf already exists in S3. Skipping upload.
[2024-11-19T05:20:18.519+0000] {logging_mixin.py:190} INFO - File CDBG-DR-Grant-Expenditure-Report-2024-03.pdf already exists in S3. Skipping upload.
[2024-11-19T05:20:18.610+0000] {logging_mixin.py:190} INFO - File CDBG-DR-Grant-Expenditure-Report-2024-02.pdf already exists in S3. Skipping upload.
[2024-11-19T05:20:18.698+0000] {logging_mixin.py:190} INFO - File CDBG-DR-Grant-Expenditure-Report-2024-01.pdf already exists in S3. Skipping upload.
[2024-11-19T05:20:18.782+0000] {logging_mixin.py:190} INFO - File CDBG-DR-Grant-Expenditure-Report-2023-12.pdf already exists in S3. Skipping upload.
[2024-11-19T05:20:18.871+0000] {logging_mixin.py:190} INFO - File CDBG-DR_Grant_Expenditure_Report-11-1-2023.pdf already exists in S3. Skipping upload.
[2024-11-19T05:20:18.961+0000] {logging_mixin.py:190} INFO - File CDBG-DR-Grants-Financial-Report-2023-10.pdf already exists in S3. Skipping upload.
[2024-11-19T05:20:19.052+0000] {logging_mixin.py:190} INFO - File CDBG-DR-Grants-Financial-Report-2023-09.pdf already exists in S3. Skipping upload.
[2024-11-19T05:20:19.137+0000] {logging_mixin.py:190} INFO - File CDBG-DR-Grants-Financial-Report-2023-08.pdf already exists in S3. Skipping upload.
[2024-11-19T05:20:19.221+0000] {logging_mixin.py:190} INFO - File CDBG-DR-Grants-Financial-Report-2023-07.pdf already exists in S3. Skipping upload.
[2024-11-19T05:20:19.311+0000] {logging_mixin.py:190} INFO - File CDBG-DR-Grants-Financial-Report-2023-06.pdf already exists in S3. Skipping upload.
[2024-11-19T05:20:19.401+0000] {logging_mixin.py:190} INFO - File CDBG-DR-Grants-Financial-Report-2023-05.pdf already exists in S3. Skipping upload.
[2024-11-19T05:20:19.492+0000] {logging_mixin.py:190} INFO - File CDBG-DR-Grants-Financial-Report-2023-04.pdf already exists in S3. Skipping upload.
[2024-11-19T05:20:19.586+0000] {logging_mixin.py:190} INFO - File CDBG-DR-Grants-Financial-Report-2023-03.pdf already exists in S3. Skipping upload.
[2024-11-19T05:20:19.676+0000] {logging_mixin.py:190} INFO - File CDBG-DR-Grants-Financial-Report-2023-02.pdf already exists in S3. Skipping upload.
[2024-11-19T05:20:19.764+0000] {logging_mixin.py:190} INFO - File CDBG-DR-Grants-Financial-Report-2022-12.pdf already exists in S3. Skipping upload.
[2024-11-19T05:20:19.855+0000] {logging_mixin.py:190} INFO - File CDBG-DR-Grants-Financial-Report-2022-12.pdf already exists in S3. Skipping upload.
[2024-11-19T05:20:19.943+0000] {logging_mixin.py:190} INFO - File CDBG-DR-Grants-Financial-Report-2022-11.pdf already exists in S3. Skipping upload.
[2024-11-19T05:20:20.031+0000] {logging_mixin.py:190} INFO - File CDBG-DR-Grants-Financial-Report-2022-10.pdf already exists in S3. Skipping upload.
[2024-11-19T05:20:20.126+0000] {logging_mixin.py:190} INFO - File CDBG-DR-Grants-Financial-Report-2022-9.pdf already exists in S3. Skipping upload.
[2024-11-19T05:20:20.214+0000] {logging_mixin.py:190} INFO - File CDBG-DR-Grants-Financial-Report-2022-8.pdf already exists in S3. Skipping upload.
[2024-11-19T05:20:20.303+0000] {logging_mixin.py:190} INFO - File CDBG-DR-Grants-Financial-Report-2022-7.pdf already exists in S3. Skipping upload.
[2024-11-19T05:20:20.392+0000] {logging_mixin.py:190} INFO - File CDBG-DR-Grants-Financial-Report-2022-6.pdf already exists in S3. Skipping upload.
[2024-11-19T05:20:20.496+0000] {logging_mixin.py:190} INFO - File CDBG-DR-Grants-Financial-Report-2022-5.pdf already exists in S3. Skipping upload.
[2024-11-19T05:20:20.596+0000] {logging_mixin.py:190} INFO - File CDBG-DR-Grants-Financial-Report-2022-4.pdf already exists in S3. Skipping upload.
[2024-11-19T05:20:20.695+0000] {logging_mixin.py:190} INFO - File CDBG%20DR%20Grants%20Financial%20Report%202022%203%201.pdf already exists in S3. Skipping upload.
[2024-11-19T05:20:20.830+0000] {logging_mixin.py:190} INFO - File CDBG-DR_Grants_Financial_Report_2022-02.pdf already exists in S3. Skipping upload.
[2024-11-19T05:20:20.960+0000] {logging_mixin.py:190} INFO - File CDBG-DR_Grants_Financial_Report_2022-01.pdf already exists in S3. Skipping upload.
[2024-11-19T05:20:21.100+0000] {logging_mixin.py:190} INFO - File CDBG-DR-Financial-Report-2020-03-01.pdf already exists in S3. Skipping upload.
[2024-11-19T05:20:21.186+0000] {logging_mixin.py:190} INFO - File CDBG-DR-Financial-Report-2020-02-01.pdf already exists in S3. Skipping upload.
[2024-11-19T05:20:21.303+0000] {logging_mixin.py:190} INFO - File CDBG-DR-Financial-Report-2020-01-01.pdf already exists in S3. Skipping upload.
[2024-11-19T05:20:21.406+0000] {logging_mixin.py:190} INFO - File CDBG-DR-Financial-Report-2019-12-01.pdf already exists in S3. Skipping upload.
[2024-11-19T05:20:21.493+0000] {logging_mixin.py:190} INFO - File CDBG-DR-Financial-Report-2019-11-01.pdf already exists in S3. Skipping upload.
[2024-11-19T05:20:21.633+0000] {logging_mixin.py:190} INFO - File CDBG-DR-Financial-Report-2019-10-01.pdf already exists in S3. Skipping upload.
[2024-11-19T05:20:21.719+0000] {logging_mixin.py:190} INFO - File CDBG-DR-Financial-Report-2019-09-01.pdf already exists in S3. Skipping upload.
[2024-11-19T05:20:21.807+0000] {logging_mixin.py:190} INFO - File CDBG-DR-Financial-Report-2019-08-01.pdf already exists in S3. Skipping upload.
[2024-11-19T05:20:21.911+0000] {logging_mixin.py:190} INFO - File CDBG-DR-Financial-Report-2019-07-01.pdf already exists in S3. Skipping upload.
[2024-11-19T05:20:22.018+0000] {logging_mixin.py:190} INFO - File CDBG-DR-Financial-Report-2019-06-01.pdf already exists in S3. Skipping upload.
[2024-11-19T05:20:22.117+0000] {logging_mixin.py:190} INFO - File CDBG-DR-Financial-Report-2019-05-01.pdf already exists in S3. Skipping upload.
[2024-11-19T05:20:22.204+0000] {logging_mixin.py:190} INFO - File CDBG-DR-Financial-Report-2019-04-01.pdf already exists in S3. Skipping upload.
[2024-11-19T05:20:22.293+0000] {logging_mixin.py:190} INFO - File CDBG-DR-Financial-Report-2019-03-01.pdf already exists in S3. Skipping upload.
[2024-11-19T05:20:22.379+0000] {logging_mixin.py:190} INFO - File CDBG-DR-Financial-Report-2019-02-01.pdf already exists in S3. Skipping upload.
[2024-11-19T05:20:22.464+0000] {logging_mixin.py:190} INFO - File CDBG-DR-Financial-Report-2019-01-01.pdf already exists in S3. Skipping upload.
[2024-11-19T05:20:22.754+0000] {logging_mixin.py:190} INFO - File CDBG-DR-Financial-Report-2018-12-01.pdf already exists in S3. Skipping upload.
[2024-11-19T05:20:22.841+0000] {logging_mixin.py:190} INFO - File CDBG-DR-Financial-Report-2018-11-01.pdf already exists in S3. Skipping upload.
[2024-11-19T05:20:22.936+0000] {logging_mixin.py:190} INFO - File CDBG-DR-Financial-Report-2018-10-01.pdf already exists in S3. Skipping upload.
[2024-11-19T05:20:23.018+0000] {logging_mixin.py:190} INFO - File CDBG-DR-Financial-Report-2018-09-01.pdf already exists in S3. Skipping upload.
[2024-11-19T05:20:23.096+0000] {logging_mixin.py:190} INFO - File CDBG-DR-Financial-Report-2018-08-01.pdf already exists in S3. Skipping upload.
[2024-11-19T05:20:23.176+0000] {logging_mixin.py:190} INFO - File CDBG-DR-Financial-Report-2018-07-01.pdf already exists in S3. Skipping upload.
[2024-11-19T05:20:23.255+0000] {logging_mixin.py:190} INFO - File CDBG-DR-Financial-Report-2018-06-01.pdf already exists in S3. Skipping upload.
[2024-11-19T05:20:23.335+0000] {logging_mixin.py:190} INFO - File CDBG-DR-Financial-Report-2018-05-01.pdf already exists in S3. Skipping upload.
[2024-11-19T05:20:23.415+0000] {logging_mixin.py:190} INFO - File CDBG-DR-Financial-Report-2018-04-01.pdf already exists in S3. Skipping upload.
[2024-11-19T05:20:23.495+0000] {logging_mixin.py:190} INFO - File CDBG-DR-Financial-Report-2018-03-01.pdf already exists in S3. Skipping upload.
[2024-11-19T05:20:23.584+0000] {logging_mixin.py:190} INFO - File CDBG-DR-Financial-Report-2018-02-01.pdf already exists in S3. Skipping upload.
[2024-11-19T05:20:23.665+0000] {logging_mixin.py:190} INFO - File CDBG-DR-Financial-Report-2018-01-01.pdf already exists in S3. Skipping upload.
[2024-11-19T05:20:23.745+0000] {logging_mixin.py:190} INFO - File CDBG-DR-Financial-Report-2017-12-01.pdf already exists in S3. Skipping upload.
[2024-11-19T05:20:23.829+0000] {logging_mixin.py:190} INFO - File CDBG-DR-Financial-Report-2017-11-01.pdf already exists in S3. Skipping upload.
[2024-11-19T05:20:23.913+0000] {logging_mixin.py:190} INFO - File CDBG-DR-Financial-Report-2017-10-01.pdf already exists in S3. Skipping upload.
[2024-11-19T05:20:23.993+0000] {logging_mixin.py:190} INFO - File CDBG-DR-Financial-Report-2017-09-01.pdf already exists in S3. Skipping upload.
[2024-11-19T05:20:24.074+0000] {logging_mixin.py:190} INFO - File CDBG-DR-Financial-Report-2017-08-01.pdf already exists in S3. Skipping upload.
[2024-11-19T05:20:24.154+0000] {logging_mixin.py:190} INFO - File CDBG-DR-Financial-Report-2017-05-01.pdf already exists in S3. Skipping upload.
[2024-11-19T05:20:24.241+0000] {logging_mixin.py:190} INFO - File CDBG-DR-Financial-Report-2017-04-01.pdf already exists in S3. Skipping upload.
[2024-11-19T05:20:24.323+0000] {logging_mixin.py:190} INFO - File CDBG-DR-Financial-Report-2017-03-01.pdf already exists in S3. Skipping upload.
[2024-11-19T05:20:24.416+0000] {logging_mixin.py:190} INFO - File CDBG-DR-Financial-Report-2017-02-01.pdf already exists in S3. Skipping upload.
[2024-11-19T05:20:24.500+0000] {logging_mixin.py:190} INFO - File CDBG-DR-Financial-Report-2017-01-01.pdf already exists in S3. Skipping upload.
[2024-11-19T05:20:24.501+0000] {python.py:240} INFO - Done. Returned value was: None
[2024-11-19T05:20:24.511+0000] {taskinstance.py:340} INFO - ::group::Post task execution logs
[2024-11-19T05:20:24.512+0000] {taskinstance.py:352} INFO - Marking task as SUCCESS. dag_id=ETL_financial_reports, task_id=fetch_financial_reports_task, run_id=manual__2024-11-19T05:20:13.031609+00:00, execution_date=20241119T052013, start_date=20241119T052015, end_date=20241119T052024
[2024-11-19T05:20:24.548+0000] {local_task_job_runner.py:266} INFO - Task exited with return code 0
[2024-11-19T05:20:24.572+0000] {taskinstance.py:3895} INFO - 1 downstream tasks scheduled from follow-on schedule check
[2024-11-19T05:20:24.575+0000] {local_task_job_runner.py:245} INFO - ::endgroup::
