[2024-11-23T08:59:39.488+0000] {local_task_job_runner.py:123} INFO - ::group::Pre task execution logs
[2024-11-23T08:59:39.506+0000] {taskinstance.py:2613} INFO - Dependencies all met for dep_context=non-requeueable deps ti=<TaskInstance: ETL_usa_spending.ingest_usa_spending_data_task manual__2024-11-23T08:59:32.940460+00:00 [queued]>
[2024-11-23T08:59:39.517+0000] {taskinstance.py:2613} INFO - Dependencies all met for dep_context=requeueable deps ti=<TaskInstance: ETL_usa_spending.ingest_usa_spending_data_task manual__2024-11-23T08:59:32.940460+00:00 [queued]>
[2024-11-23T08:59:39.518+0000] {taskinstance.py:2866} INFO - Starting attempt 1 of 1
[2024-11-23T08:59:39.533+0000] {taskinstance.py:2889} INFO - Executing <Task(PythonOperator): ingest_usa_spending_data_task> on 2024-11-23 08:59:32.940460+00:00
[2024-11-23T08:59:39.546+0000] {logging_mixin.py:190} WARNING - /home/***/.local/lib/python3.12/site-packages/***/task/task_runner/standard_task_runner.py:70 DeprecationWarning: This process (pid=91554) is multi-threaded, use of fork() may lead to deadlocks in the child.
[2024-11-23T08:59:39.548+0000] {standard_task_runner.py:72} INFO - Started process 91556 to run task
[2024-11-23T08:59:39.547+0000] {standard_task_runner.py:104} INFO - Running: ['***', 'tasks', 'run', 'ETL_usa_spending', 'ingest_usa_spending_data_task', 'manual__2024-11-23T08:59:32.940460+00:00', '--job-id', '210', '--raw', '--subdir', 'DAGS_FOLDER/project_dag.py', '--cfg-path', '/tmp/tmpruzt3jf6']
[2024-11-23T08:59:39.549+0000] {standard_task_runner.py:105} INFO - Job 210: Subtask ingest_usa_spending_data_task
[2024-11-23T08:59:39.609+0000] {task_command.py:467} INFO - Running <TaskInstance: ETL_usa_spending.ingest_usa_spending_data_task manual__2024-11-23T08:59:32.940460+00:00 [running]> on host 7da4b16cbed4
[2024-11-23T08:59:39.757+0000] {taskinstance.py:3132} INFO - Exporting env vars: AIRFLOW_CTX_DAG_OWNER='***' AIRFLOW_CTX_DAG_ID='ETL_usa_spending' AIRFLOW_CTX_TASK_ID='ingest_usa_spending_data_task' AIRFLOW_CTX_EXECUTION_DATE='2024-11-23T08:59:32.940460+00:00' AIRFLOW_CTX_TRY_NUMBER='1' AIRFLOW_CTX_DAG_RUN_ID='manual__2024-11-23T08:59:32.940460+00:00'
[2024-11-23T08:59:39.759+0000] {taskinstance.py:731} INFO - ::endgroup::
[2024-11-23T08:59:40.399+0000] {logging_mixin.py:190} INFO - Checking for new data to ingest into federalawards
[2024-11-23T08:59:40.754+0000] {logging_mixin.py:190} INFO - Ingesting new data into federalawards
[2024-11-23T08:59:41.038+0000] {logging_mixin.py:190} INFO - Error: insert or update on table "federalawards" violates foreign key constraint "federalawards_recipient_id_fkey"
DETAIL:  Key (recipient_id)=(4e80d4c6-329c-27c3-5033-0ac2275b4cf4-C) is not present in table "recipients".
[2024-11-23T08:59:41.039+0000] {python.py:240} INFO - Done. Returned value was: None
[2024-11-23T08:59:41.054+0000] {taskinstance.py:340} INFO - ::group::Post task execution logs
[2024-11-23T08:59:41.055+0000] {taskinstance.py:352} INFO - Marking task as SUCCESS. dag_id=ETL_usa_spending, task_id=ingest_usa_spending_data_task, run_id=manual__2024-11-23T08:59:32.940460+00:00, execution_date=20241123T085932, start_date=20241123T085939, end_date=20241123T085941
[2024-11-23T08:59:41.090+0000] {local_task_job_runner.py:266} INFO - Task exited with return code 0
[2024-11-23T08:59:41.106+0000] {taskinstance.py:3895} INFO - 0 downstream tasks scheduled from follow-on schedule check
[2024-11-23T08:59:41.109+0000] {local_task_job_runner.py:245} INFO - ::endgroup::
