[2024-11-22T05:28:47.242+0000] {local_task_job_runner.py:123} INFO - ::group::Pre task execution logs
[2024-11-22T05:28:47.265+0000] {taskinstance.py:2613} INFO - Dependencies all met for dep_context=non-requeueable deps ti=<TaskInstance: ETL_usa_spending.process_usa_spending_data_task manual__2024-11-22T05:28:43.600306+00:00 [queued]>
[2024-11-22T05:28:47.279+0000] {taskinstance.py:2613} INFO - Dependencies all met for dep_context=requeueable deps ti=<TaskInstance: ETL_usa_spending.process_usa_spending_data_task manual__2024-11-22T05:28:43.600306+00:00 [queued]>
[2024-11-22T05:28:47.280+0000] {taskinstance.py:2866} INFO - Starting attempt 1 of 1
[2024-11-22T05:28:47.305+0000] {taskinstance.py:2889} INFO - Executing <Task(PythonOperator): process_usa_spending_data_task> on 2024-11-22 05:28:43.600306+00:00
[2024-11-22T05:28:47.321+0000] {logging_mixin.py:190} WARNING - /home/***/.local/lib/python3.12/site-packages/***/task/task_runner/standard_task_runner.py:70 DeprecationWarning: This process (pid=71278) is multi-threaded, use of fork() may lead to deadlocks in the child.
[2024-11-22T05:28:47.323+0000] {standard_task_runner.py:72} INFO - Started process 71280 to run task
[2024-11-22T05:28:47.321+0000] {standard_task_runner.py:104} INFO - Running: ['***', 'tasks', 'run', 'ETL_usa_spending', 'process_usa_spending_data_task', 'manual__2024-11-22T05:28:43.600306+00:00', '--job-id', '164', '--raw', '--subdir', 'DAGS_FOLDER/project_dag.py', '--cfg-path', '/tmp/tmpxh1c42kr']
[2024-11-22T05:28:47.325+0000] {standard_task_runner.py:105} INFO - Job 164: Subtask process_usa_spending_data_task
[2024-11-22T05:28:47.403+0000] {task_command.py:467} INFO - Running <TaskInstance: ETL_usa_spending.process_usa_spending_data_task manual__2024-11-22T05:28:43.600306+00:00 [running]> on host 7da4b16cbed4
[2024-11-22T05:28:47.542+0000] {taskinstance.py:3132} INFO - Exporting env vars: AIRFLOW_CTX_DAG_OWNER='***' AIRFLOW_CTX_DAG_ID='ETL_usa_spending' AIRFLOW_CTX_TASK_ID='process_usa_spending_data_task' AIRFLOW_CTX_EXECUTION_DATE='2024-11-22T05:28:43.600306+00:00' AIRFLOW_CTX_TRY_NUMBER='1' AIRFLOW_CTX_DAG_RUN_ID='manual__2024-11-22T05:28:43.600306+00:00'
[2024-11-22T05:28:47.544+0000] {taskinstance.py:731} INFO - ::endgroup::
[2024-11-22T05:28:48.143+0000] {logging_mixin.py:190} INFO - Processing file: df_spending_by_award_11_17_2024.csv
[2024-11-22T05:28:48.790+0000] {logging_mixin.py:190} INFO - Processing file: federal_account_funding_df_2024-11-17.csv
[2024-11-22T05:28:49.336+0000] {logging_mixin.py:190} INFO - Processing file: other_variables_11_17_2024.csv
[2024-11-22T05:28:49.638+0000] {logging_mixin.py:190} INFO - Processing file: sub_award_df_2024-11-17.csv
[2024-11-22T05:28:49.981+0000] {logging_mixin.py:190} INFO - Processing file: transactions_df_2024-11-17.csv
[2024-11-22T05:28:52.662+0000] {logging_mixin.py:190} INFO - File saved to S3: s3://project-processed-data/usa_spending_data/states_20241122_052852.csv
[2024-11-22T05:28:52.896+0000] {logging_mixin.py:190} INFO - File saved to S3: s3://project-processed-data/usa_spending_data/cfda_20241122_052852.csv
[2024-11-22T05:28:53.154+0000] {logging_mixin.py:190} INFO - File saved to S3: s3://project-processed-data/usa_spending_data/agency_20241122_052852.csv
[2024-11-22T05:28:53.363+0000] {logging_mixin.py:190} INFO - File saved to S3: s3://project-processed-data/usa_spending_data/sub_agency_20241122_052852.csv
[2024-11-22T05:28:53.590+0000] {logging_mixin.py:190} INFO - File saved to S3: s3://project-processed-data/usa_spending_data/recipients_20241122_052852.csv
[2024-11-22T05:28:54.030+0000] {logging_mixin.py:190} INFO - File saved to S3: s3://project-processed-data/usa_spending_data/grants_20241122_052852.csv
[2024-11-22T05:28:54.525+0000] {logging_mixin.py:190} INFO - File saved to S3: s3://project-processed-data/usa_spending_data/federal_awards_20241122_052852.csv
[2024-11-22T05:28:55.302+0000] {logging_mixin.py:190} INFO - File saved to S3: s3://project-processed-data/usa_spending_data/funding_20241122_052852.csv
[2024-11-22T05:28:55.703+0000] {logging_mixin.py:190} INFO - File saved to S3: s3://project-processed-data/usa_spending_data/transactions_20241122_052852.csv
[2024-11-22T05:28:56.150+0000] {logging_mixin.py:190} INFO - File saved to S3: s3://project-processed-data/usa_spending_data/sub_awards_20241122_052852.csv
[2024-11-22T05:28:56.544+0000] {logging_mixin.py:190} INFO - File moved from s3://project-raw-data-files/usa_spending_data/ to s3://project-raw-data-files/archived/usa_spending_data/
[2024-11-22T05:28:56.971+0000] {logging_mixin.py:190} INFO - File moved from s3://project-raw-data-files/usa_spending_data/df_spending_by_award_11_17_2024.csv to s3://project-raw-data-files/archived/usa_spending_data/df_spending_by_award_11_17_2024.csv
[2024-11-22T05:28:57.448+0000] {logging_mixin.py:190} INFO - File moved from s3://project-raw-data-files/usa_spending_data/federal_account_funding_df_2024-11-17.csv to s3://project-raw-data-files/archived/usa_spending_data/federal_account_funding_df_2024-11-17.csv
[2024-11-22T05:28:57.715+0000] {logging_mixin.py:190} INFO - File moved from s3://project-raw-data-files/usa_spending_data/other_variables_11_17_2024.csv to s3://project-raw-data-files/archived/usa_spending_data/other_variables_11_17_2024.csv
[2024-11-22T05:28:58.038+0000] {logging_mixin.py:190} INFO - File moved from s3://project-raw-data-files/usa_spending_data/sub_award_df_2024-11-17.csv to s3://project-raw-data-files/archived/usa_spending_data/sub_award_df_2024-11-17.csv
[2024-11-22T05:28:58.327+0000] {logging_mixin.py:190} INFO - File moved from s3://project-raw-data-files/usa_spending_data/transactions_df_2024-11-17.csv to s3://project-raw-data-files/archived/usa_spending_data/transactions_df_2024-11-17.csv
[2024-11-22T05:28:58.332+0000] {python.py:240} INFO - Done. Returned value was: None
[2024-11-22T05:28:58.343+0000] {taskinstance.py:340} INFO - ::group::Post task execution logs
[2024-11-22T05:28:58.344+0000] {taskinstance.py:352} INFO - Marking task as SUCCESS. dag_id=ETL_usa_spending, task_id=process_usa_spending_data_task, run_id=manual__2024-11-22T05:28:43.600306+00:00, execution_date=20241122T052843, start_date=20241122T052847, end_date=20241122T052858
[2024-11-22T05:28:58.394+0000] {local_task_job_runner.py:266} INFO - Task exited with return code 0
[2024-11-22T05:28:58.410+0000] {taskinstance.py:3895} INFO - 0 downstream tasks scheduled from follow-on schedule check
[2024-11-22T05:28:58.412+0000] {local_task_job_runner.py:245} INFO - ::endgroup::
