[2024-11-19T20:50:32.782+0000] {local_task_job_runner.py:123} INFO - ::group::Pre task execution logs
[2024-11-19T20:50:32.801+0000] {taskinstance.py:2613} INFO - Dependencies all met for dep_context=non-requeueable deps ti=<TaskInstance: ETL_financial_reports.ingest_financial_reports_task manual__2024-11-19T20:49:54.348060+00:00 [queued]>
[2024-11-19T20:50:32.813+0000] {taskinstance.py:2613} INFO - Dependencies all met for dep_context=requeueable deps ti=<TaskInstance: ETL_financial_reports.ingest_financial_reports_task manual__2024-11-19T20:49:54.348060+00:00 [queued]>
[2024-11-19T20:50:32.814+0000] {taskinstance.py:2866} INFO - Starting attempt 1 of 1
[2024-11-19T20:50:32.831+0000] {taskinstance.py:2889} INFO - Executing <Task(PythonOperator): ingest_financial_reports_task> on 2024-11-19 20:49:54.348060+00:00
[2024-11-19T20:50:32.841+0000] {logging_mixin.py:190} WARNING - /home/***/.local/lib/python3.12/site-packages/***/task/task_runner/standard_task_runner.py:70 DeprecationWarning: This process (pid=37700) is multi-threaded, use of fork() may lead to deadlocks in the child.
[2024-11-19T20:50:32.842+0000] {standard_task_runner.py:72} INFO - Started process 37702 to run task
[2024-11-19T20:50:32.842+0000] {standard_task_runner.py:104} INFO - Running: ['***', 'tasks', 'run', 'ETL_financial_reports', 'ingest_financial_reports_task', 'manual__2024-11-19T20:49:54.348060+00:00', '--job-id', '136', '--raw', '--subdir', 'DAGS_FOLDER/project_dag.py', '--cfg-path', '/tmp/tmpi_ayvqvu']
[2024-11-19T20:50:32.845+0000] {standard_task_runner.py:105} INFO - Job 136: Subtask ingest_financial_reports_task
[2024-11-19T20:50:32.902+0000] {task_command.py:467} INFO - Running <TaskInstance: ETL_financial_reports.ingest_financial_reports_task manual__2024-11-19T20:49:54.348060+00:00 [running]> on host 7da4b16cbed4
[2024-11-19T20:50:33.020+0000] {taskinstance.py:3132} INFO - Exporting env vars: AIRFLOW_CTX_DAG_OWNER='***' AIRFLOW_CTX_DAG_ID='ETL_financial_reports' AIRFLOW_CTX_TASK_ID='ingest_financial_reports_task' AIRFLOW_CTX_EXECUTION_DATE='2024-11-19T20:49:54.348060+00:00' AIRFLOW_CTX_TRY_NUMBER='1' AIRFLOW_CTX_DAG_RUN_ID='manual__2024-11-19T20:49:54.348060+00:00'
[2024-11-19T20:50:33.022+0000] {taskinstance.py:731} INFO - ::endgroup::
[2024-11-19T20:50:33.720+0000] {logging_mixin.py:190} INFO - Processing file: financial_reports/processed_CDBG_DR_Grant_Expenditure_Report_11_2024.csv
[2024-11-19T20:50:34.573+0000] {logging_mixin.py:190} INFO - Data successfully written to table grantfinancialreports.
[2024-11-19T20:50:34.995+0000] {logging_mixin.py:190} INFO - File moved from s3://project-processed-data/financial_reports/processed_CDBG_DR_Grant_Expenditure_Report_11_2024.csv to s3://project-processed-data/archived/financial_reports/processed_CDBG_DR_Grant_Expenditure_Report_11_2024.csv
[2024-11-19T20:50:35.998+0000] {python.py:240} INFO - Done. Returned value was: None
[2024-11-19T20:50:36.011+0000] {taskinstance.py:340} INFO - ::group::Post task execution logs
[2024-11-19T20:50:36.012+0000] {taskinstance.py:352} INFO - Marking task as SUCCESS. dag_id=ETL_financial_reports, task_id=ingest_financial_reports_task, run_id=manual__2024-11-19T20:49:54.348060+00:00, execution_date=20241119T204954, start_date=20241119T205032, end_date=20241119T205036
[2024-11-19T20:50:36.076+0000] {local_task_job_runner.py:266} INFO - Task exited with return code 0
[2024-11-19T20:50:36.132+0000] {taskinstance.py:3895} INFO - 0 downstream tasks scheduled from follow-on schedule check
[2024-11-19T20:50:36.141+0000] {local_task_job_runner.py:245} INFO - ::endgroup::
