[2024-11-26T02:19:39.126+0000] {local_task_job_runner.py:123} INFO - ::group::Pre task execution logs
[2024-11-26T02:19:39.143+0000] {taskinstance.py:2613} INFO - Dependencies all met for dep_context=non-requeueable deps ti=<TaskInstance: ETL_quarterly_performance_reports.ingest_performance_reports_task manual__2024-11-26T02:19:33.649299+00:00 [queued]>
[2024-11-26T02:19:39.153+0000] {taskinstance.py:2613} INFO - Dependencies all met for dep_context=requeueable deps ti=<TaskInstance: ETL_quarterly_performance_reports.ingest_performance_reports_task manual__2024-11-26T02:19:33.649299+00:00 [queued]>
[2024-11-26T02:19:39.158+0000] {taskinstance.py:2866} INFO - Starting attempt 1 of 1
[2024-11-26T02:19:39.173+0000] {taskinstance.py:2889} INFO - Executing <Task(PythonOperator): ingest_performance_reports_task> on 2024-11-26 02:19:33.649299+00:00
[2024-11-26T02:19:39.183+0000] {standard_task_runner.py:104} INFO - Running: ['***', 'tasks', 'run', 'ETL_quarterly_performance_reports', 'ingest_performance_reports_task', 'manual__2024-11-26T02:19:33.649299+00:00', '--job-id', '323', '--raw', '--subdir', 'DAGS_FOLDER/project_dag.py', '--cfg-path', '/tmp/tmpua5xq068']
[2024-11-26T02:19:39.184+0000] {logging_mixin.py:190} WARNING - /home/***/.local/lib/python3.12/site-packages/***/task/task_runner/standard_task_runner.py:70 DeprecationWarning: This process (pid=8058) is multi-threaded, use of fork() may lead to deadlocks in the child.
[2024-11-26T02:19:39.186+0000] {standard_task_runner.py:105} INFO - Job 323: Subtask ingest_performance_reports_task
[2024-11-26T02:19:39.186+0000] {standard_task_runner.py:72} INFO - Started process 8060 to run task
[2024-11-26T02:19:39.236+0000] {task_command.py:467} INFO - Running <TaskInstance: ETL_quarterly_performance_reports.ingest_performance_reports_task manual__2024-11-26T02:19:33.649299+00:00 [running]> on host 6a246d8d590f
[2024-11-26T02:19:39.573+0000] {taskinstance.py:3132} INFO - Exporting env vars: AIRFLOW_CTX_DAG_OWNER='***' AIRFLOW_CTX_DAG_ID='ETL_quarterly_performance_reports' AIRFLOW_CTX_TASK_ID='ingest_performance_reports_task' AIRFLOW_CTX_EXECUTION_DATE='2024-11-26T02:19:33.649299+00:00' AIRFLOW_CTX_TRY_NUMBER='1' AIRFLOW_CTX_DAG_RUN_ID='manual__2024-11-26T02:19:33.649299+00:00'
[2024-11-26T02:19:39.575+0000] {taskinstance.py:731} INFO - ::endgroup::
[2024-11-26T02:19:40.228+0000] {logging_mixin.py:190} INFO - Error: value too long for type character varying(20)
[2024-11-26T02:19:41.701+0000] {logging_mixin.py:190} INFO - Error: value too long for type character varying(50)
[2024-11-26T02:19:43.133+0000] {logging_mixin.py:190} INFO - Error: column "activity_number" of relation "performancereports" does not exist
LINE 1: INSERT INTO PerformanceReports (activity_id, Activity_Number...
                                                     ^
[2024-11-26T02:19:43.134+0000] {python.py:240} INFO - Done. Returned value was: None
[2024-11-26T02:19:43.143+0000] {taskinstance.py:340} INFO - ::group::Post task execution logs
[2024-11-26T02:19:43.143+0000] {taskinstance.py:352} INFO - Marking task as SUCCESS. dag_id=ETL_quarterly_performance_reports, task_id=ingest_performance_reports_task, run_id=manual__2024-11-26T02:19:33.649299+00:00, execution_date=20241126T021933, start_date=20241126T021939, end_date=20241126T021943
[2024-11-26T02:19:43.176+0000] {local_task_job_runner.py:266} INFO - Task exited with return code 0
[2024-11-26T02:19:43.195+0000] {taskinstance.py:3895} INFO - 0 downstream tasks scheduled from follow-on schedule check
[2024-11-26T02:19:43.208+0000] {local_task_job_runner.py:245} INFO - ::endgroup::
