[2024-11-19T03:31:40.834+0000] {local_task_job_runner.py:123} INFO - ::group::Pre task execution logs
[2024-11-19T03:31:40.852+0000] {taskinstance.py:2613} INFO - Dependencies all met for dep_context=non-requeueable deps ti=<TaskInstance: ETL_financial_reports.process_financial_reports_task manual__2024-11-19T03:31:24.246765+00:00 [queued]>
[2024-11-19T03:31:40.862+0000] {taskinstance.py:2613} INFO - Dependencies all met for dep_context=requeueable deps ti=<TaskInstance: ETL_financial_reports.process_financial_reports_task manual__2024-11-19T03:31:24.246765+00:00 [queued]>
[2024-11-19T03:31:40.863+0000] {taskinstance.py:2866} INFO - Starting attempt 1 of 1
[2024-11-19T03:31:40.879+0000] {taskinstance.py:2889} INFO - Executing <Task(PythonOperator): process_financial_reports_task> on 2024-11-19 03:31:24.246765+00:00
[2024-11-19T03:31:40.899+0000] {logging_mixin.py:190} WARNING - /home/***/.local/lib/python3.12/site-packages/***/task/task_runner/standard_task_runner.py:70 DeprecationWarning: This process (pid=30665) is multi-threaded, use of fork() may lead to deadlocks in the child.
[2024-11-19T03:31:40.899+0000] {standard_task_runner.py:104} INFO - Running: ['***', 'tasks', 'run', 'ETL_financial_reports', 'process_financial_reports_task', 'manual__2024-11-19T03:31:24.246765+00:00', '--job-id', '111', '--raw', '--subdir', 'DAGS_FOLDER/project_dag.py', '--cfg-path', '/tmp/tmpoapfqtnw']
[2024-11-19T03:31:40.901+0000] {standard_task_runner.py:72} INFO - Started process 30667 to run task
[2024-11-19T03:31:40.902+0000] {standard_task_runner.py:105} INFO - Job 111: Subtask process_financial_reports_task
[2024-11-19T03:31:40.962+0000] {task_command.py:467} INFO - Running <TaskInstance: ETL_financial_reports.process_financial_reports_task manual__2024-11-19T03:31:24.246765+00:00 [running]> on host 7da4b16cbed4
[2024-11-19T03:31:41.079+0000] {taskinstance.py:3132} INFO - Exporting env vars: AIRFLOW_CTX_DAG_OWNER='***' AIRFLOW_CTX_DAG_ID='ETL_financial_reports' AIRFLOW_CTX_TASK_ID='process_financial_reports_task' AIRFLOW_CTX_EXECUTION_DATE='2024-11-19T03:31:24.246765+00:00' AIRFLOW_CTX_TRY_NUMBER='1' AIRFLOW_CTX_DAG_RUN_ID='manual__2024-11-19T03:31:24.246765+00:00'
[2024-11-19T03:31:41.081+0000] {taskinstance.py:731} INFO - ::endgroup::
[2024-11-19T03:31:41.398+0000] {logging_mixin.py:190} INFO - Processing file: CDBG-DR_Grants_Financial_Report_2022-01.pdf
[2024-11-19T03:31:55.897+0000] {logging_mixin.py:190} WARNING - /opt/***/dags/data_extraction/financial_reports_extraction_script.py:97 FutureWarning: Series.fillna with 'method' is deprecated and will raise in a future version. Use obj.ffill() or obj.bfill() instead.
[2024-11-19T03:31:56.302+0000] {logging_mixin.py:190} INFO - File saved to S3: s3://project-processed-data/financial_reports/processed_CDBG-DR_Grants_Financial_Report_2022-01.csv
[2024-11-19T03:31:56.601+0000] {logging_mixin.py:190} INFO - File moved from s3://project-raw-data-files/financial_reports/CDBG-DR_Grants_Financial_Report_2022-01.pdf to s3://project-raw-data-files/archived/financial_reports/CDBG-DR_Grants_Financial_Report_2022-01.pdf
[2024-11-19T03:31:56.603+0000] {logging_mixin.py:190} INFO - Processed file saved to S3: s3://project-processed-data/financial_reports/processed_CDBG-DR_Grants_Financial_Report_2022-01.csv
[2024-11-19T03:31:56.622+0000] {python.py:240} INFO - Done. Returned value was: None
[2024-11-19T03:31:56.640+0000] {taskinstance.py:340} INFO - ::group::Post task execution logs
[2024-11-19T03:31:56.642+0000] {taskinstance.py:352} INFO - Marking task as SUCCESS. dag_id=ETL_financial_reports, task_id=process_financial_reports_task, run_id=manual__2024-11-19T03:31:24.246765+00:00, execution_date=20241119T033124, start_date=20241119T033140, end_date=20241119T033156
[2024-11-19T03:31:56.706+0000] {local_task_job_runner.py:266} INFO - Task exited with return code 0
[2024-11-19T03:31:56.786+0000] {taskinstance.py:3895} INFO - 1 downstream tasks scheduled from follow-on schedule check
[2024-11-19T03:31:56.789+0000] {local_task_job_runner.py:245} INFO - ::endgroup::
