[2024-11-25T06:58:34.963+0000] {local_task_job_runner.py:123} INFO - ::group::Pre task execution logs
[2024-11-25T06:58:34.982+0000] {taskinstance.py:2613} INFO - Dependencies all met for dep_context=non-requeueable deps ti=<TaskInstance: ETL_history_reports.fetch_history_reports_task manual__2024-11-25T06:58:31.772671+00:00 [queued]>
[2024-11-25T06:58:34.991+0000] {taskinstance.py:2613} INFO - Dependencies all met for dep_context=requeueable deps ti=<TaskInstance: ETL_history_reports.fetch_history_reports_task manual__2024-11-25T06:58:31.772671+00:00 [queued]>
[2024-11-25T06:58:34.992+0000] {taskinstance.py:2866} INFO - Starting attempt 1 of 1
[2024-11-25T06:58:35.010+0000] {taskinstance.py:2889} INFO - Executing <Task(PythonOperator): fetch_history_reports_task> on 2024-11-25 06:58:31.772671+00:00
[2024-11-25T06:58:35.019+0000] {logging_mixin.py:190} WARNING - /home/***/.local/lib/python3.12/site-packages/***/task/task_runner/standard_task_runner.py:70 DeprecationWarning: This process (pid=245) is multi-threaded, use of fork() may lead to deadlocks in the child.
[2024-11-25T06:58:35.021+0000] {standard_task_runner.py:72} INFO - Started process 247 to run task
[2024-11-25T06:58:35.019+0000] {standard_task_runner.py:104} INFO - Running: ['***', 'tasks', 'run', 'ETL_history_reports', 'fetch_history_reports_task', 'manual__2024-11-25T06:58:31.772671+00:00', '--job-id', '255', '--raw', '--subdir', 'DAGS_FOLDER/project_dag.py', '--cfg-path', '/tmp/tmpevco03al']
[2024-11-25T06:58:35.023+0000] {standard_task_runner.py:105} INFO - Job 255: Subtask fetch_history_reports_task
[2024-11-25T06:58:35.078+0000] {task_command.py:467} INFO - Running <TaskInstance: ETL_history_reports.fetch_history_reports_task manual__2024-11-25T06:58:31.772671+00:00 [running]> on host 6a246d8d590f
[2024-11-25T06:58:35.402+0000] {taskinstance.py:3132} INFO - Exporting env vars: AIRFLOW_CTX_DAG_OWNER='***' AIRFLOW_CTX_DAG_ID='ETL_history_reports' AIRFLOW_CTX_TASK_ID='fetch_history_reports_task' AIRFLOW_CTX_EXECUTION_DATE='2024-11-25T06:58:31.772671+00:00' AIRFLOW_CTX_TRY_NUMBER='1' AIRFLOW_CTX_DAG_RUN_ID='manual__2024-11-25T06:58:31.772671+00:00'
[2024-11-25T06:58:35.403+0000] {taskinstance.py:731} INFO - ::endgroup::
[2024-11-25T06:58:36.996+0000] {logging_mixin.py:190} INFO - File CDBG_DR_Grant_History_11_1_2024.pdf already exists in S3. Skipping upload.
[2024-11-25T06:58:37.069+0000] {logging_mixin.py:190} INFO - File CDBG_DR_Grant_History_10_1_2024.pdf already exists in S3. Skipping upload.
[2024-11-25T06:58:37.157+0000] {logging_mixin.py:190} INFO - File CDBG_DR_Grant_History_9_1_2024.pdf already exists in S3. Skipping upload.
[2024-11-25T06:58:37.252+0000] {logging_mixin.py:190} INFO - File CDBG_DR_Grant_History_8_1_2024.pdf already exists in S3. Skipping upload.
[2024-11-25T06:58:37.322+0000] {logging_mixin.py:190} INFO - File CDBG_DR_Grant_History_7_1_2024.pdf already exists in S3. Skipping upload.
[2024-11-25T06:58:37.396+0000] {logging_mixin.py:190} INFO - File CDBG_DR_Grant_History_6_1_2024.pdf already exists in S3. Skipping upload.
[2024-11-25T06:58:37.469+0000] {logging_mixin.py:190} INFO - File CDBG_DR_Grant_History_5_1_2024.pdf already exists in S3. Skipping upload.
[2024-11-25T06:58:37.546+0000] {logging_mixin.py:190} INFO - File CDBG_DR_Grant_History-4-1-2024.pdf already exists in S3. Skipping upload.
[2024-11-25T06:58:37.621+0000] {logging_mixin.py:190} INFO - File CDBG-DR-Grant-History-2024-03.pdf already exists in S3. Skipping upload.
[2024-11-25T06:58:37.800+0000] {logging_mixin.py:190} INFO - File CDBG-DR-Grant-History-2024-02.pdf already exists in S3. Skipping upload.
[2024-11-25T06:58:37.985+0000] {logging_mixin.py:190} INFO - File CDBG-DR-Grant-History-2024-01.pdf already exists in S3. Skipping upload.
[2024-11-25T06:58:38.066+0000] {logging_mixin.py:190} INFO - File CDBG-DR-Grant-History-2023-12.pdf already exists in S3. Skipping upload.
[2024-11-25T06:58:38.146+0000] {logging_mixin.py:190} INFO - File CDBG_DR_Grant_History-11-1-2023.pdf already exists in S3. Skipping upload.
[2024-11-25T06:58:38.226+0000] {logging_mixin.py:190} INFO - File CDBG-DR-Grant-History-2023-10.pdf already exists in S3. Skipping upload.
[2024-11-25T06:58:38.301+0000] {logging_mixin.py:190} INFO - File CDBG-DR-Grant-History-2023-04.pdf already exists in S3. Skipping upload.
[2024-11-25T06:58:38.377+0000] {logging_mixin.py:190} INFO - File CDBG-DR-Grant-History-2023-01.pdf already exists in S3. Skipping upload.
[2024-11-25T06:58:38.456+0000] {logging_mixin.py:190} INFO - File CDBG-DR-Grant-History-2022-10.pdf already exists in S3. Skipping upload.
[2024-11-25T06:58:38.539+0000] {logging_mixin.py:190} INFO - File CDBG-DR-Grant-History-2022-07.pdf already exists in S3. Skipping upload.
[2024-11-25T06:58:38.626+0000] {logging_mixin.py:190} INFO - File CDBG-DR-Grant-History-2022-04.pdf already exists in S3. Skipping upload.
[2024-11-25T06:58:38.706+0000] {logging_mixin.py:190} INFO - File CDBG-DR-Grant-History-2022-01.pdf already exists in S3. Skipping upload.
[2024-11-25T06:58:38.785+0000] {logging_mixin.py:190} INFO - File CDBG-DR-Grant-History-2021-10.pdf already exists in S3. Skipping upload.
[2024-11-25T06:58:38.787+0000] {python.py:240} INFO - Done. Returned value was: None
[2024-11-25T06:58:38.797+0000] {taskinstance.py:340} INFO - ::group::Post task execution logs
[2024-11-25T06:58:38.798+0000] {taskinstance.py:352} INFO - Marking task as SUCCESS. dag_id=ETL_history_reports, task_id=fetch_history_reports_task, run_id=manual__2024-11-25T06:58:31.772671+00:00, execution_date=20241125T065831, start_date=20241125T065834, end_date=20241125T065838
[2024-11-25T06:58:38.855+0000] {local_task_job_runner.py:266} INFO - Task exited with return code 0
[2024-11-25T06:58:38.876+0000] {taskinstance.py:3895} INFO - 1 downstream tasks scheduled from follow-on schedule check
[2024-11-25T06:58:38.880+0000] {local_task_job_runner.py:245} INFO - ::endgroup::
