[2024-11-27T21:31:40.672+0000] {local_task_job_runner.py:123} INFO - ::group::Pre task execution logs
[2024-11-27T21:31:40.691+0000] {taskinstance.py:2613} INFO - Dependencies all met for dep_context=non-requeueable deps ti=<TaskInstance: ETL_quarterly_performance_reports.ingest_performance_reports_task manual__2024-11-27T21:30:19.387720+00:00 [queued]>
[2024-11-27T21:31:40.703+0000] {taskinstance.py:2613} INFO - Dependencies all met for dep_context=requeueable deps ti=<TaskInstance: ETL_quarterly_performance_reports.ingest_performance_reports_task manual__2024-11-27T21:30:19.387720+00:00 [queued]>
[2024-11-27T21:31:40.704+0000] {taskinstance.py:2866} INFO - Starting attempt 1 of 1
[2024-11-27T21:31:40.720+0000] {taskinstance.py:2889} INFO - Executing <Task(PythonOperator): ingest_performance_reports_task> on 2024-11-27 21:30:19.387720+00:00
[2024-11-27T21:31:40.742+0000] {logging_mixin.py:190} WARNING - /home/***/.local/lib/python3.12/site-packages/***/task/task_runner/standard_task_runner.py:70 DeprecationWarning: This process (pid=28837) is multi-threaded, use of fork() may lead to deadlocks in the child.
[2024-11-27T21:31:40.745+0000] {standard_task_runner.py:72} INFO - Started process 28839 to run task
[2024-11-27T21:31:40.742+0000] {standard_task_runner.py:104} INFO - Running: ['***', 'tasks', 'run', 'ETL_quarterly_performance_reports', 'ingest_performance_reports_task', 'manual__2024-11-27T21:30:19.387720+00:00', '--job-id', '436', '--raw', '--subdir', 'DAGS_FOLDER/project_dag.py', '--cfg-path', '/tmp/tmp1vxfxme_']
[2024-11-27T21:31:40.747+0000] {standard_task_runner.py:105} INFO - Job 436: Subtask ingest_performance_reports_task
[2024-11-27T21:31:40.809+0000] {task_command.py:467} INFO - Running <TaskInstance: ETL_quarterly_performance_reports.ingest_performance_reports_task manual__2024-11-27T21:30:19.387720+00:00 [running]> on host 6a246d8d590f
[2024-11-27T21:31:41.158+0000] {taskinstance.py:3132} INFO - Exporting env vars: AIRFLOW_CTX_DAG_OWNER='***' AIRFLOW_CTX_DAG_ID='ETL_quarterly_performance_reports' AIRFLOW_CTX_TASK_ID='ingest_performance_reports_task' AIRFLOW_CTX_EXECUTION_DATE='2024-11-27T21:30:19.387720+00:00' AIRFLOW_CTX_TRY_NUMBER='1' AIRFLOW_CTX_DAG_RUN_ID='manual__2024-11-27T21:30:19.387720+00:00'
[2024-11-27T21:31:41.160+0000] {taskinstance.py:731} INFO - ::endgroup::
[2024-11-27T21:31:44.024+0000] {logging_mixin.py:190} INFO - Data successfully written to table AmountDescriptions.
[2024-11-27T21:31:44.249+0000] {logging_mixin.py:190} INFO - File moved from s3://project-processed-data/quarterly_performance_reports/amount_description_20241127_213023.csv to s3://project-processed-data/archived/quarterly_performance_reports/amount_description_20241127_213023.csv
[2024-11-27T21:31:45.901+0000] {logging_mixin.py:190} INFO - Data successfully written to table Activities.
[2024-11-27T21:31:46.133+0000] {logging_mixin.py:190} INFO - File moved from s3://project-processed-data/quarterly_performance_reports/activity_20241127_213023.csv to s3://project-processed-data/archived/quarterly_performance_reports/activity_20241127_213023.csv
[2024-11-27T21:31:50.279+0000] {logging_mixin.py:190} INFO - Data successfully written to table PerformanceReports.
[2024-11-27T21:31:50.552+0000] {logging_mixin.py:190} INFO - File moved from s3://project-processed-data/quarterly_performance_reports/performance_reports_20241127_213023.csv to s3://project-processed-data/archived/quarterly_performance_reports/performance_reports_20241127_213023.csv
[2024-11-27T21:31:50.555+0000] {python.py:240} INFO - Done. Returned value was: None
[2024-11-27T21:31:50.568+0000] {taskinstance.py:340} INFO - ::group::Post task execution logs
[2024-11-27T21:31:50.569+0000] {taskinstance.py:352} INFO - Marking task as SUCCESS. dag_id=ETL_quarterly_performance_reports, task_id=ingest_performance_reports_task, run_id=manual__2024-11-27T21:30:19.387720+00:00, execution_date=20241127T213019, start_date=20241127T213140, end_date=20241127T213150
[2024-11-27T21:31:50.641+0000] {local_task_job_runner.py:266} INFO - Task exited with return code 0
[2024-11-27T21:31:50.657+0000] {taskinstance.py:3895} INFO - 0 downstream tasks scheduled from follow-on schedule check
[2024-11-27T21:31:50.662+0000] {local_task_job_runner.py:245} INFO - ::endgroup::
