[2024-11-26T06:58:31.790+0000] {local_task_job_runner.py:123} INFO - ::group::Pre task execution logs
[2024-11-26T06:58:31.806+0000] {taskinstance.py:2613} INFO - Dependencies all met for dep_context=non-requeueable deps ti=<TaskInstance: ETL_financial_reports.ingest_financial_reports_task manual__2024-11-26T06:58:15.991408+00:00 [queued]>
[2024-11-26T06:58:31.815+0000] {taskinstance.py:2613} INFO - Dependencies all met for dep_context=requeueable deps ti=<TaskInstance: ETL_financial_reports.ingest_financial_reports_task manual__2024-11-26T06:58:15.991408+00:00 [queued]>
[2024-11-26T06:58:31.816+0000] {taskinstance.py:2866} INFO - Starting attempt 1 of 1
[2024-11-26T06:58:31.832+0000] {taskinstance.py:2889} INFO - Executing <Task(PythonOperator): ingest_financial_reports_task> on 2024-11-26 06:58:15.991408+00:00
[2024-11-26T06:58:31.841+0000] {standard_task_runner.py:104} INFO - Running: ['***', 'tasks', 'run', 'ETL_financial_reports', 'ingest_financial_reports_task', 'manual__2024-11-26T06:58:15.991408+00:00', '--job-id', '413', '--raw', '--subdir', 'DAGS_FOLDER/project_dag.py', '--cfg-path', '/tmp/tmpqy78xu86']
[2024-11-26T06:58:31.842+0000] {logging_mixin.py:190} WARNING - /home/***/.local/lib/python3.12/site-packages/***/task/task_runner/standard_task_runner.py:70 DeprecationWarning: This process (pid=14916) is multi-threaded, use of fork() may lead to deadlocks in the child.
[2024-11-26T06:58:31.844+0000] {standard_task_runner.py:105} INFO - Job 413: Subtask ingest_financial_reports_task
[2024-11-26T06:58:31.845+0000] {standard_task_runner.py:72} INFO - Started process 14918 to run task
[2024-11-26T06:58:31.891+0000] {task_command.py:467} INFO - Running <TaskInstance: ETL_financial_reports.ingest_financial_reports_task manual__2024-11-26T06:58:15.991408+00:00 [running]> on host 6a246d8d590f
[2024-11-26T06:58:32.209+0000] {taskinstance.py:3132} INFO - Exporting env vars: AIRFLOW_CTX_DAG_OWNER='***' AIRFLOW_CTX_DAG_ID='ETL_financial_reports' AIRFLOW_CTX_TASK_ID='ingest_financial_reports_task' AIRFLOW_CTX_EXECUTION_DATE='2024-11-26T06:58:15.991408+00:00' AIRFLOW_CTX_TRY_NUMBER='1' AIRFLOW_CTX_DAG_RUN_ID='manual__2024-11-26T06:58:15.991408+00:00'
[2024-11-26T06:58:32.211+0000] {taskinstance.py:731} INFO - ::endgroup::
[2024-11-26T06:58:32.421+0000] {logging_mixin.py:190} INFO - ['financial_reports/processed_CDBG_DR_Grant_Expenditure_Report_10_2024.csv']
[2024-11-26T06:58:32.422+0000] {logging_mixin.py:190} INFO - ['financial_reports/processed_CDBG_DR_Grant_Expenditure_Report_10_2024.csv', 'financial_reports/processed_CDBG_DR_Grant_Expenditure_Report_11_2024.csv']
[2024-11-26T06:58:32.422+0000] {logging_mixin.py:190} INFO - ['financial_reports/processed_CDBG_DR_Grant_Expenditure_Report_10_2024.csv', 'financial_reports/processed_CDBG_DR_Grant_Expenditure_Report_11_2024.csv', 'financial_reports/processed_CDBG_DR_Grant_Expenditure_Report_5_2024.csv']
[2024-11-26T06:58:32.423+0000] {logging_mixin.py:190} INFO - ['financial_reports/processed_CDBG_DR_Grant_Expenditure_Report_10_2024.csv', 'financial_reports/processed_CDBG_DR_Grant_Expenditure_Report_11_2024.csv', 'financial_reports/processed_CDBG_DR_Grant_Expenditure_Report_5_2024.csv', 'financial_reports/processed_CDBG_DR_Grant_Expenditure_Report_6_2024.csv']
[2024-11-26T06:58:32.423+0000] {logging_mixin.py:190} INFO - ['financial_reports/processed_CDBG_DR_Grant_Expenditure_Report_10_2024.csv', 'financial_reports/processed_CDBG_DR_Grant_Expenditure_Report_11_2024.csv', 'financial_reports/processed_CDBG_DR_Grant_Expenditure_Report_5_2024.csv', 'financial_reports/processed_CDBG_DR_Grant_Expenditure_Report_6_2024.csv', 'financial_reports/processed_CDBG_DR_Grant_Expenditure_Report_7_2024.csv']
[2024-11-26T06:58:32.424+0000] {logging_mixin.py:190} INFO - ['financial_reports/processed_CDBG_DR_Grant_Expenditure_Report_10_2024.csv', 'financial_reports/processed_CDBG_DR_Grant_Expenditure_Report_11_2024.csv', 'financial_reports/processed_CDBG_DR_Grant_Expenditure_Report_5_2024.csv', 'financial_reports/processed_CDBG_DR_Grant_Expenditure_Report_6_2024.csv', 'financial_reports/processed_CDBG_DR_Grant_Expenditure_Report_7_2024.csv', 'financial_reports/processed_CDBG_DR_Grant_Expenditure_Report_8_2024.csv']
[2024-11-26T06:58:32.424+0000] {logging_mixin.py:190} INFO - ['financial_reports/processed_CDBG_DR_Grant_Expenditure_Report_10_2024.csv', 'financial_reports/processed_CDBG_DR_Grant_Expenditure_Report_11_2024.csv', 'financial_reports/processed_CDBG_DR_Grant_Expenditure_Report_5_2024.csv', 'financial_reports/processed_CDBG_DR_Grant_Expenditure_Report_6_2024.csv', 'financial_reports/processed_CDBG_DR_Grant_Expenditure_Report_7_2024.csv', 'financial_reports/processed_CDBG_DR_Grant_Expenditure_Report_8_2024.csv', 'financial_reports/processed_CDBG_DR_Grant_Expenditure_Report_9_2024.csv']
[2024-11-26T06:58:32.716+0000] {logging_mixin.py:190} INFO - Processing file: financial_reports/processed_CDBG_DR_Grant_Expenditure_Report_10_2024.csv
[2024-11-26T06:58:33.433+0000] {logging_mixin.py:190} INFO - Data successfully written to table grantfinancialreports.
[2024-11-26T06:58:33.678+0000] {logging_mixin.py:190} INFO - File moved from s3://project-processed-data/financial_reports/processed_CDBG_DR_Grant_Expenditure_Report_10_2024.csv to s3://project-processed-data/archived/financial_reports/processed_CDBG_DR_Grant_Expenditure_Report_10_2024.csv
[2024-11-26T06:58:34.958+0000] {logging_mixin.py:190} INFO - Processing file: financial_reports/processed_CDBG_DR_Grant_Expenditure_Report_11_2024.csv
[2024-11-26T06:58:35.585+0000] {logging_mixin.py:190} INFO - Data successfully written to table grantfinancialreports.
[2024-11-26T06:58:35.841+0000] {logging_mixin.py:190} INFO - File moved from s3://project-processed-data/financial_reports/processed_CDBG_DR_Grant_Expenditure_Report_11_2024.csv to s3://project-processed-data/archived/financial_reports/processed_CDBG_DR_Grant_Expenditure_Report_11_2024.csv
[2024-11-26T06:58:37.126+0000] {logging_mixin.py:190} INFO - Processing file: financial_reports/processed_CDBG_DR_Grant_Expenditure_Report_5_2024.csv
[2024-11-26T06:58:37.786+0000] {logging_mixin.py:190} INFO - Data successfully written to table grantfinancialreports.
[2024-11-26T06:58:38.016+0000] {logging_mixin.py:190} INFO - File moved from s3://project-processed-data/financial_reports/processed_CDBG_DR_Grant_Expenditure_Report_5_2024.csv to s3://project-processed-data/archived/financial_reports/processed_CDBG_DR_Grant_Expenditure_Report_5_2024.csv
[2024-11-26T06:58:39.354+0000] {logging_mixin.py:190} INFO - Processing file: financial_reports/processed_CDBG_DR_Grant_Expenditure_Report_6_2024.csv
[2024-11-26T06:58:40.071+0000] {logging_mixin.py:190} INFO - Data successfully written to table grantfinancialreports.
[2024-11-26T06:58:40.302+0000] {logging_mixin.py:190} INFO - File moved from s3://project-processed-data/financial_reports/processed_CDBG_DR_Grant_Expenditure_Report_6_2024.csv to s3://project-processed-data/archived/financial_reports/processed_CDBG_DR_Grant_Expenditure_Report_6_2024.csv
[2024-11-26T06:58:41.573+0000] {logging_mixin.py:190} INFO - Processing file: financial_reports/processed_CDBG_DR_Grant_Expenditure_Report_7_2024.csv
[2024-11-26T06:58:42.231+0000] {logging_mixin.py:190} INFO - Data successfully written to table grantfinancialreports.
[2024-11-26T06:58:42.448+0000] {logging_mixin.py:190} INFO - File moved from s3://project-processed-data/financial_reports/processed_CDBG_DR_Grant_Expenditure_Report_7_2024.csv to s3://project-processed-data/archived/financial_reports/processed_CDBG_DR_Grant_Expenditure_Report_7_2024.csv
[2024-11-26T06:58:43.750+0000] {logging_mixin.py:190} INFO - Processing file: financial_reports/processed_CDBG_DR_Grant_Expenditure_Report_8_2024.csv
[2024-11-26T06:58:44.487+0000] {logging_mixin.py:190} INFO - Data successfully written to table grantfinancialreports.
[2024-11-26T06:58:44.718+0000] {logging_mixin.py:190} INFO - File moved from s3://project-processed-data/financial_reports/processed_CDBG_DR_Grant_Expenditure_Report_8_2024.csv to s3://project-processed-data/archived/financial_reports/processed_CDBG_DR_Grant_Expenditure_Report_8_2024.csv
[2024-11-26T06:58:46.011+0000] {logging_mixin.py:190} INFO - Processing file: financial_reports/processed_CDBG_DR_Grant_Expenditure_Report_9_2024.csv
[2024-11-26T06:58:46.923+0000] {logging_mixin.py:190} INFO - Data successfully written to table grantfinancialreports.
[2024-11-26T06:58:47.224+0000] {logging_mixin.py:190} INFO - File moved from s3://project-processed-data/financial_reports/processed_CDBG_DR_Grant_Expenditure_Report_9_2024.csv to s3://project-processed-data/archived/financial_reports/processed_CDBG_DR_Grant_Expenditure_Report_9_2024.csv
[2024-11-26T06:58:48.227+0000] {python.py:240} INFO - Done. Returned value was: None
[2024-11-26T06:58:48.237+0000] {taskinstance.py:340} INFO - ::group::Post task execution logs
[2024-11-26T06:58:48.238+0000] {taskinstance.py:352} INFO - Marking task as SUCCESS. dag_id=ETL_financial_reports, task_id=ingest_financial_reports_task, run_id=manual__2024-11-26T06:58:15.991408+00:00, execution_date=20241126T065815, start_date=20241126T065831, end_date=20241126T065848
[2024-11-26T06:58:48.279+0000] {local_task_job_runner.py:266} INFO - Task exited with return code 0
[2024-11-26T06:58:48.296+0000] {taskinstance.py:3895} INFO - 0 downstream tasks scheduled from follow-on schedule check
[2024-11-26T06:58:48.299+0000] {local_task_job_runner.py:245} INFO - ::endgroup::
