[2024-11-24T22:24:47.482+0000] {local_task_job_runner.py:123} INFO - ::group::Pre task execution logs
[2024-11-24T22:24:47.504+0000] {taskinstance.py:2613} INFO - Dependencies all met for dep_context=non-requeueable deps ti=<TaskInstance: ETL_usa_spending.extract_usa_spending_data_task manual__2024-11-24T22:24:42.151283+00:00 [queued]>
[2024-11-24T22:24:47.515+0000] {taskinstance.py:2613} INFO - Dependencies all met for dep_context=requeueable deps ti=<TaskInstance: ETL_usa_spending.extract_usa_spending_data_task manual__2024-11-24T22:24:42.151283+00:00 [queued]>
[2024-11-24T22:24:47.516+0000] {taskinstance.py:2866} INFO - Starting attempt 1 of 1
[2024-11-24T22:24:47.534+0000] {taskinstance.py:2889} INFO - Executing <Task(PythonOperator): extract_usa_spending_data_task> on 2024-11-24 22:24:42.151283+00:00
[2024-11-24T22:24:47.571+0000] {logging_mixin.py:190} WARNING - /home/***/.local/lib/python3.12/site-packages/***/task/task_runner/standard_task_runner.py:70 DeprecationWarning: This process (pid=2072) is multi-threaded, use of fork() may lead to deadlocks in the child.
[2024-11-24T22:24:47.569+0000] {standard_task_runner.py:104} INFO - Running: ['***', 'tasks', 'run', 'ETL_usa_spending', 'extract_usa_spending_data_task', 'manual__2024-11-24T22:24:42.151283+00:00', '--job-id', '222', '--raw', '--subdir', 'DAGS_FOLDER/project_dag.py', '--cfg-path', '/tmp/tmpr1au363y']
[2024-11-24T22:24:47.572+0000] {standard_task_runner.py:72} INFO - Started process 2074 to run task
[2024-11-24T22:24:47.573+0000] {standard_task_runner.py:105} INFO - Job 222: Subtask extract_usa_spending_data_task
[2024-11-24T22:24:47.687+0000] {task_command.py:467} INFO - Running <TaskInstance: ETL_usa_spending.extract_usa_spending_data_task manual__2024-11-24T22:24:42.151283+00:00 [running]> on host 7da4b16cbed4
[2024-11-24T22:24:47.880+0000] {taskinstance.py:3132} INFO - Exporting env vars: AIRFLOW_CTX_DAG_OWNER='***' AIRFLOW_CTX_DAG_ID='ETL_usa_spending' AIRFLOW_CTX_TASK_ID='extract_usa_spending_data_task' AIRFLOW_CTX_EXECUTION_DATE='2024-11-24T22:24:42.151283+00:00' AIRFLOW_CTX_TRY_NUMBER='1' AIRFLOW_CTX_DAG_RUN_ID='manual__2024-11-24T22:24:42.151283+00:00'
[2024-11-24T22:24:47.883+0000] {taskinstance.py:731} INFO - ::endgroup::
[2024-11-24T22:24:47.943+0000] {logging_mixin.py:190} INFO - Extracting Spending Data
[2024-11-24T22:25:21.123+0000] {logging_mixin.py:190} INFO - File saved to S3: s3://project-raw-data-files/usa_spending_data/spending_by_award_11_24_2024.csv
[2024-11-24T22:25:21.127+0000] {logging_mixin.py:190} INFO - Extracting Awards Data
[2024-11-24T22:25:21.138+0000] {usa_spending_extraction_script.py:71} INFO - Fetching data for award ID: ASST_NON_B-18-DP-72-0002_8620 (Request 1/507)
[2024-11-24T22:25:24.335+0000] {usa_spending_extraction_script.py:71} INFO - Fetching data for award ID: ASST_NON_B-18-DP-72-0001_8620 (Request 2/507)
[2024-11-24T22:25:26.682+0000] {usa_spending_extraction_script.py:71} INFO - Fetching data for award ID: ASST_NON_B-18-DE-72-0001_8620 (Request 3/507)
[2024-11-24T22:25:29.196+0000] {usa_spending_extraction_script.py:71} INFO - Fetching data for award ID: ASST_NON_B-17-DM-72-0001_8620 (Request 4/507)
[2024-11-24T22:25:31.728+0000] {usa_spending_extraction_script.py:71} INFO - Fetching data for award ID: ASST_NON_B-19-DP-72-0001_8620 (Request 5/507)
[2024-11-24T22:25:34.493+0000] {usa_spending_extraction_script.py:71} INFO - Fetching data for award ID: ASST_NON_B-21-DZ-72-0001_8620 (Request 6/507)
[2024-11-24T22:25:37.203+0000] {usa_spending_extraction_script.py:71} INFO - Fetching data for award ID: ASST_NON_B-10-DC-72-0001_8620 (Request 7/507)
[2024-11-24T22:25:39.779+0000] {usa_spending_extraction_script.py:71} INFO - Fetching data for award ID: ASST_NON_B-09-DC-72-0001_8620 (Request 8/507)
[2024-11-24T22:25:42.269+0000] {usa_spending_extraction_script.py:71} INFO - Fetching data for award ID: ASST_NON_B-08-DC-72-0001_8620 (Request 9/507)
[2024-11-24T22:25:44.757+0000] {usa_spending_extraction_script.py:71} INFO - Fetching data for award ID: ASST_NON_B-11-DC-72-0001_8620 (Request 10/507)
[2024-11-24T22:25:47.256+0000] {usa_spending_extraction_script.py:71} INFO - Fetching data for award ID: ASST_NON_B-19-DF-72-0001_8620 (Request 11/507)
[2024-11-24T22:25:49.838+0000] {usa_spending_extraction_script.py:71} INFO - Fetching data for award ID: ASST_NON_B-20-DW-72-0001_8620 (Request 12/507)
[2024-11-24T22:25:52.368+0000] {usa_spending_extraction_script.py:71} INFO - Fetching data for award ID: ASST_NON_B-08-DI-72-0001_8620 (Request 13/507)
[2024-11-24T22:25:54.939+0000] {usa_spending_extraction_script.py:71} INFO - Fetching data for award ID: ASST_NON_B-12-DC-72-0001_8620 (Request 14/507)
[2024-11-24T22:25:57.674+0000] {usa_spending_extraction_script.py:71} INFO - Fetching data for award ID: ASST_NON_B-13-DC-72-0001_8620 (Request 15/507)
[2024-11-24T22:26:00.218+0000] {usa_spending_extraction_script.py:71} INFO - Fetching data for award ID: ASST_NON_B-14-DC-72-0001_8620 (Request 16/507)
[2024-11-24T22:26:02.648+0000] {usa_spending_extraction_script.py:71} INFO - Fetching data for award ID: ASST_NON_B-18-DC-72-0001_8620 (Request 17/507)
[2024-11-24T22:26:05.127+0000] {usa_spending_extraction_script.py:71} INFO - Fetching data for award ID: ASST_NON_B-15-DC-72-0001_8620 (Request 18/507)
[2024-11-24T22:26:07.614+0000] {usa_spending_extraction_script.py:71} INFO - Fetching data for award ID: ASST_NON_B-20-DC-72-0001_8620 (Request 19/507)
[2024-11-24T22:26:10.160+0000] {usa_spending_extraction_script.py:71} INFO - Fetching data for award ID: ASST_NON_B-21-DC-72-0001_8620 (Request 20/507)
[2024-11-24T22:26:12.836+0000] {usa_spending_extraction_script.py:71} INFO - Fetching data for award ID: ASST_NON_B-19-DC-72-0001_8620 (Request 21/507)
[2024-11-24T22:26:15.319+0000] {usa_spending_extraction_script.py:71} INFO - Fetching data for award ID: ASST_NON_B-16-DC-72-0001_8620 (Request 22/507)
[2024-11-24T22:26:18.089+0000] {usa_spending_extraction_script.py:71} INFO - Fetching data for award ID: ASST_NON_B-17-DC-72-0001_8620 (Request 23/507)
[2024-11-24T22:26:20.871+0000] {usa_spending_extraction_script.py:71} INFO - Fetching data for award ID: ASST_NON_B-22-DC-72-0001_8620 (Request 24/507)
[2024-11-24T22:26:23.355+0000] {usa_spending_extraction_script.py:71} INFO - Fetching data for award ID: ASST_NON_B-23-DC-72-0001_8620 (Request 25/507)
[2024-11-24T22:26:26.367+0000] {usa_spending_extraction_script.py:71} INFO - Fetching data for award ID: ASST_NON_B-24-DC-72-0001_8620 (Request 26/507)
[2024-11-24T22:26:29.036+0000] {usa_spending_extraction_script.py:71} INFO - Fetching data for award ID: ASST_NON_B-08-DN-72-0001_8620 (Request 27/507)
[2024-11-24T22:26:31.556+0000] {usa_spending_extraction_script.py:71} INFO - Fetching data for award ID: ASST_NON_B-10-MC-72-0007_8620 (Request 28/507)
[2024-11-24T22:26:34.079+0000] {usa_spending_extraction_script.py:71} INFO - Fetching data for award ID: ASST_NON_B-09-MC-72-0007_8620 (Request 29/507)
[2024-11-24T22:26:36.809+0000] {usa_spending_extraction_script.py:71} INFO - Fetching data for award ID: ASST_NON_B-08-MC-72-0007_8620 (Request 30/507)
[2024-11-24T22:26:39.270+0000] {usa_spending_extraction_script.py:71} INFO - Fetching data for award ID: ASST_NON_B-11-MC-72-0007_8620 (Request 31/507)
[2024-11-24T22:26:41.739+0000] {usa_spending_extraction_script.py:71} INFO - Fetching data for award ID: ASST_NON_B-05-DJ-72-0001_8620 (Request 32/507)
[2024-11-24T22:26:44.294+0000] {usa_spending_extraction_script.py:71} INFO - Fetching data for award ID: ASST_NON_B-21-MC-72-0007_8620 (Request 33/507)
[2024-11-24T22:26:46.801+0000] {usa_spending_extraction_script.py:71} INFO - Fetching data for award ID: ASST_NON_B-20-MC-72-0007_8620 (Request 34/507)
[2024-11-24T22:26:49.337+0000] {usa_spending_extraction_script.py:71} INFO - Fetching data for award ID: ASST_NON_B-19-MC-72-0007_8620 (Request 35/507)
[2024-11-24T22:26:51.756+0000] {usa_spending_extraction_script.py:71} INFO - Fetching data for award ID: ASST_NON_B-24-MC-72-0007_8620 (Request 36/507)
[2024-11-24T22:26:54.330+0000] {usa_spending_extraction_script.py:71} INFO - Fetching data for award ID: ASST_NON_B-18-MC-72-0007_8620 (Request 37/507)
[2024-11-24T22:26:56.827+0000] {usa_spending_extraction_script.py:71} INFO - Fetching data for award ID: ASST_NON_B-23-MC-72-0007_8620 (Request 38/507)
[2024-11-24T22:26:59.551+0000] {usa_spending_extraction_script.py:71} INFO - Fetching data for award ID: ASST_NON_B-22-MC-72-0007_8620 (Request 39/507)
[2024-11-24T22:27:01.992+0000] {usa_spending_extraction_script.py:71} INFO - Fetching data for award ID: ASST_NON_B-20-MW-72-0007_8620 (Request 40/507)
[2024-11-24T22:27:04.600+0000] {usa_spending_extraction_script.py:71} INFO - Fetching data for award ID: ASST_NON_B-13-MC-72-0007_8620 (Request 41/507)
[2024-11-24T22:27:07.152+0000] {usa_spending_extraction_script.py:71} INFO - Fetching data for award ID: ASST_NON_B-14-MC-72-0007_8620 (Request 42/507)
[2024-11-24T22:27:09.770+0000] {usa_spending_extraction_script.py:71} INFO - Fetching data for award ID: ASST_NON_B-17-MC-72-0007_8620 (Request 43/507)
[2024-11-24T22:27:12.474+0000] {usa_spending_extraction_script.py:71} INFO - Fetching data for award ID: ASST_NON_B-15-MC-72-0007_8620 (Request 44/507)
[2024-11-24T22:27:15.020+0000] {usa_spending_extraction_script.py:71} INFO - Fetching data for award ID: ASST_NON_B-16-MC-72-0007_8620 (Request 45/507)
[2024-11-24T22:27:17.462+0000] {usa_spending_extraction_script.py:71} INFO - Fetching data for award ID: ASST_NON_B-12-MC-72-0007_8620 (Request 46/507)
[2024-11-24T22:27:20.128+0000] {usa_spending_extraction_script.py:71} INFO - Fetching data for award ID: ASST_NON_B-13-MC-72-0003_8620 (Request 47/507)
[2024-11-24T22:27:22.790+0000] {usa_spending_extraction_script.py:71} INFO - Fetching data for award ID: ASST_NON_B-10-MC-72-0003_8620 (Request 48/507)
[2024-11-24T22:27:25.679+0000] {usa_spending_extraction_script.py:71} INFO - Fetching data for award ID: ASST_NON_B-13-MC-72-0004_8620 (Request 49/507)
[2024-11-24T22:27:28.533+0000] {usa_spending_extraction_script.py:71} INFO - Fetching data for award ID: ASST_NON_B-09-MC-72-0003_8620 (Request 50/507)
[2024-11-24T22:27:30.981+0000] {usa_spending_extraction_script.py:71} INFO - Fetching data for award ID: ASST_NON_B-08-MC-72-0003_8620 (Request 51/507)
[2024-11-24T22:27:33.556+0000] {usa_spending_extraction_script.py:71} INFO - Fetching data for award ID: ASST_NON_B-10-MC-72-0004_8620 (Request 52/507)
[2024-11-24T22:27:36.147+0000] {usa_spending_extraction_script.py:71} INFO - Fetching data for award ID: ASST_NON_B-13-MC-72-0005_8620 (Request 53/507)
[2024-11-24T22:27:38.580+0000] {usa_spending_extraction_script.py:71} INFO - Fetching data for award ID: ASST_NON_B-11-MC-72-0003_8620 (Request 54/507)
[2024-11-24T22:27:41.180+0000] {usa_spending_extraction_script.py:71} INFO - Fetching data for award ID: ASST_NON_B-09-MC-72-0004_8620 (Request 55/507)
[2024-11-24T22:27:44.766+0000] {usa_spending_extraction_script.py:71} INFO - Fetching data for award ID: ASST_NON_B-08-MC-72-0004_8620 (Request 56/507)
[2024-11-24T22:27:47.392+0000] {usa_spending_extraction_script.py:71} INFO - Fetching data for award ID: ASST_NON_B-10-MC-72-0005_8620 (Request 57/507)
[2024-11-24T22:27:49.881+0000] {usa_spending_extraction_script.py:71} INFO - Fetching data for award ID: ASST_NON_B-11-MC-72-0004_8620 (Request 58/507)
[2024-11-24T22:27:52.962+0000] {usa_spending_extraction_script.py:71} INFO - Fetching data for award ID: ASST_NON_B-13-MC-72-0001_8620 (Request 59/507)
[2024-11-24T22:27:56.383+0000] {usa_spending_extraction_script.py:71} INFO - Fetching data for award ID: ASST_NON_B-09-MC-72-0005_8620 (Request 60/507)
[2024-11-24T22:27:58.863+0000] {usa_spending_extraction_script.py:71} INFO - Fetching data for award ID: ASST_NON_B-08-MC-72-0005_8620 (Request 61/507)
[2024-11-24T22:28:01.489+0000] {usa_spending_extraction_script.py:71} INFO - Fetching data for award ID: ASST_NON_B-10-MC-72-0001_8620 (Request 62/507)
[2024-11-24T22:28:04.013+0000] {usa_spending_extraction_script.py:71} INFO - Fetching data for award ID: ASST_NON_B-11-MC-72-0005_8620 (Request 63/507)
[2024-11-24T22:28:06.515+0000] {usa_spending_extraction_script.py:71} INFO - Fetching data for award ID: ASST_NON_B-09-MC-72-0001_8620 (Request 64/507)
[2024-11-24T22:28:08.979+0000] {usa_spending_extraction_script.py:71} INFO - Fetching data for award ID: ASST_NON_B-08-MC-72-0001_8620 (Request 65/507)
[2024-11-24T22:28:11.529+0000] {usa_spending_extraction_script.py:71} INFO - Fetching data for award ID: ASST_NON_B-13-MC-72-0002_8620 (Request 66/507)
[2024-11-24T22:28:14.130+0000] {usa_spending_extraction_script.py:71} INFO - Fetching data for award ID: ASST_NON_B-10-MC-72-0002_8620 (Request 67/507)
[2024-11-24T22:28:16.761+0000] {usa_spending_extraction_script.py:71} INFO - Fetching data for award ID: ASST_NON_B-13-MC-72-0009_8620 (Request 68/507)
[2024-11-24T22:28:19.201+0000] {usa_spending_extraction_script.py:71} INFO - Fetching data for award ID: ASST_NON_B-12-MC-72-0003_8620 (Request 69/507)
[2024-11-24T22:28:21.650+0000] {usa_spending_extraction_script.py:71} INFO - Fetching data for award ID: ASST_NON_B-11-MC-72-0001_8620 (Request 70/507)
[2024-11-24T22:28:24.114+0000] {usa_spending_extraction_script.py:71} INFO - Fetching data for award ID: ASST_NON_B-10-MC-72-0009_8620 (Request 71/507)
[2024-11-24T22:28:26.848+0000] {usa_spending_extraction_script.py:71} INFO - Fetching data for award ID: ASST_NON_B-09-MC-72-0002_8620 (Request 72/507)
[2024-11-24T22:28:29.336+0000] {usa_spending_extraction_script.py:71} INFO - Fetching data for award ID: ASST_NON_B-08-MC-72-0002_8620 (Request 73/507)
[2024-11-24T22:28:31.808+0000] {usa_spending_extraction_script.py:71} INFO - Fetching data for award ID: ASST_NON_B-14-MC-72-0003_8620 (Request 74/507)
[2024-11-24T22:28:34.477+0000] {usa_spending_extraction_script.py:71} INFO - Fetching data for award ID: ASST_NON_B-09-MC-72-0009_8620 (Request 75/507)
[2024-11-24T22:28:36.960+0000] {usa_spending_extraction_script.py:71} INFO - Fetching data for award ID: ASST_NON_B-13-MC-72-0008_8620 (Request 76/507)
[2024-11-24T22:28:39.444+0000] {usa_spending_extraction_script.py:71} INFO - Fetching data for award ID: ASST_NON_B-08-MC-72-0009_8620 (Request 77/507)
[2024-11-24T22:28:41.982+0000] {usa_spending_extraction_script.py:71} INFO - Fetching data for award ID: ASST_NON_B-12-MC-72-0004_8620 (Request 78/507)
[2024-11-24T22:28:44.600+0000] {usa_spending_extraction_script.py:71} INFO - Fetching data for award ID: ASST_NON_B-15-MC-72-0003_8620 (Request 79/507)
[2024-11-24T22:28:47.272+0000] {usa_spending_extraction_script.py:71} INFO - Fetching data for award ID: ASST_NON_B-11-MC-72-0002_8620 (Request 80/507)
[2024-11-24T22:28:49.737+0000] {usa_spending_extraction_script.py:71} INFO - Fetching data for award ID: ASST_NON_B-14-MC-72-0004_8620 (Request 81/507)
[2024-11-24T22:28:52.354+0000] {usa_spending_extraction_script.py:71} INFO - Fetching data for award ID: ASST_NON_B-18-MC-72-0003_8620 (Request 82/507)
[2024-11-24T22:28:54.805+0000] {usa_spending_extraction_script.py:71} INFO - Fetching data for award ID: ASST_NON_B-20-MC-72-0003_8620 (Request 83/507)
[2024-11-24T22:28:57.395+0000] {usa_spending_extraction_script.py:71} INFO - Fetching data for award ID: ASST_NON_B-16-MC-72-0003_8620 (Request 84/507)
[2024-11-24T22:28:59.806+0000] {usa_spending_extraction_script.py:71} INFO - Fetching data for award ID: ASST_NON_B-21-MC-72-0003_8620 (Request 85/507)
[2024-11-24T22:29:02.366+0000] {usa_spending_extraction_script.py:71} INFO - Fetching data for award ID: ASST_NON_B-12-MC-72-0005_8620 (Request 86/507)
[2024-11-24T22:29:04.884+0000] {usa_spending_extraction_script.py:71} INFO - Fetching data for award ID: ASST_NON_B-20-MW-72-0003_8620 (Request 87/507)
[2024-11-24T22:29:07.467+0000] {usa_spending_extraction_script.py:71} INFO - Fetching data for award ID: ASST_NON_B-19-MC-72-0003_8620 (Request 88/507)
[2024-11-24T22:29:09.877+0000] {usa_spending_extraction_script.py:71} INFO - Fetching data for award ID: ASST_NON_B-20-MW-72-0004_8620 (Request 89/507)
[2024-11-24T22:29:12.468+0000] {usa_spending_extraction_script.py:71} INFO - Fetching data for award ID: ASST_NON_B-24-MC-72-0003_8620 (Request 90/507)
[2024-11-24T22:29:14.864+0000] {usa_spending_extraction_script.py:71} INFO - Fetching data for award ID: ASST_NON_B-15-MC-72-0004_8620 (Request 91/507)
[2024-11-24T22:29:18.481+0000] {usa_spending_extraction_script.py:71} INFO - Fetching data for award ID: ASST_NON_B-23-MC-72-0003_8620 (Request 92/507)
[2024-11-24T22:29:21.044+0000] {usa_spending_extraction_script.py:71} INFO - Fetching data for award ID: ASST_NON_B-17-MC-72-0003_8620 (Request 93/507)
[2024-11-24T22:29:24.078+0000] {usa_spending_extraction_script.py:71} INFO - Fetching data for award ID: ASST_NON_B-22-MC-72-0003_8620 (Request 94/507)
[2024-11-24T22:29:26.598+0000] {usa_spending_extraction_script.py:71} INFO - Fetching data for award ID: ASST_NON_B-18-MC-72-0004_8620 (Request 95/507)
[2024-11-24T22:29:31.904+0000] {usa_spending_extraction_script.py:71} INFO - Fetching data for award ID: ASST_NON_B-10-MC-72-0008_8620 (Request 96/507)
[2024-11-24T22:29:34.528+0000] {usa_spending_extraction_script.py:71} INFO - Fetching data for award ID: ASST_NON_B-13-MC-72-0017_8620 (Request 97/507)
[2024-11-24T22:29:37.124+0000] {usa_spending_extraction_script.py:71} INFO - Fetching data for award ID: ASST_NON_B-13-MC-72-0011_8620 (Request 98/507)
[2024-11-24T22:29:39.923+0000] {usa_spending_extraction_script.py:71} INFO - Fetching data for award ID: ASST_NON_B-21-MC-72-0004_8620 (Request 99/507)
[2024-11-24T22:29:42.513+0000] {usa_spending_extraction_script.py:71} INFO - Fetching data for award ID: ASST_NON_B-16-MC-72-0004_8620 (Request 100/507)
[2024-11-24T22:29:45.147+0000] {usa_spending_extraction_script.py:71} INFO - Fetching data for award ID: ASST_NON_B-20-MC-72-0004_8620 (Request 101/507)
[2024-11-24T22:29:47.732+0000] {usa_spending_extraction_script.py:71} INFO - Fetching data for award ID: ASST_NON_B-19-MC-72-0004_8620 (Request 102/507)
[2024-11-24T22:29:50.350+0000] {usa_spending_extraction_script.py:71} INFO - Fetching data for award ID: ASST_NON_B-24-MC-72-0004_8620 (Request 103/507)
[2024-11-24T22:29:52.944+0000] {usa_spending_extraction_script.py:71} INFO - Fetching data for award ID: ASST_NON_B-14-MC-72-0005_8620 (Request 104/507)
[2024-11-24T22:29:55.499+0000] {usa_spending_extraction_script.py:71} INFO - Fetching data for award ID: ASST_NON_B-22-MC-72-0004_8620 (Request 105/507)
[2024-11-24T22:29:58.137+0000] {usa_spending_extraction_script.py:71} INFO - Fetching data for award ID: ASST_NON_B-17-MC-72-0004_8620 (Request 106/507)
[2024-11-24T22:30:00.829+0000] {usa_spending_extraction_script.py:71} INFO - Fetching data for award ID: ASST_NON_B-23-MC-72-0004_8620 (Request 107/507)
[2024-11-24T22:30:03.458+0000] {usa_spending_extraction_script.py:71} INFO - Fetching data for award ID: ASST_NON_B-09-MC-72-0008_8620 (Request 108/507)
[2024-11-24T22:30:06.882+0000] {usa_spending_extraction_script.py:71} INFO - Fetching data for award ID: ASST_NON_B-08-MC-72-0008_8620 (Request 109/507)
[2024-11-24T22:30:12.753+0000] {usa_spending_extraction_script.py:71} INFO - Fetching data for award ID: ASST_NON_B-13-MC-72-0014_8620 (Request 110/507)
[2024-11-24T22:30:15.883+0000] {usa_spending_extraction_script.py:71} INFO - Fetching data for award ID: ASST_NON_B-10-MC-72-0006_8620 (Request 111/507)
[2024-11-24T22:30:19.033+0000] {usa_spending_extraction_script.py:71} INFO - Fetching data for award ID: ASST_NON_B-13-MC-72-0020_8620 (Request 112/507)
[2024-11-24T22:30:22.126+0000] {usa_spending_extraction_script.py:71} INFO - Fetching data for award ID: ASST_NON_B-13-MC-72-0013_8620 (Request 113/507)
[2024-11-24T22:30:24.987+0000] {usa_spending_extraction_script.py:71} INFO - Fetching data for award ID: ASST_NON_B-10-MC-72-0011_8620 (Request 114/507)
[2024-11-24T22:30:27.546+0000] {usa_spending_extraction_script.py:71} INFO - Fetching data for award ID: ASST_NON_B-12-MC-72-0001_8620 (Request 115/507)
[2024-11-24T22:30:30.428+0000] {usa_spending_extraction_script.py:71} INFO - Fetching data for award ID: ASST_NON_B-15-MC-72-0005_8620 (Request 116/507)
[2024-11-24T22:30:33.040+0000] {usa_spending_extraction_script.py:71} INFO - Fetching data for award ID: ASST_NON_B-20-MW-72-0005_8620 (Request 117/507)
[2024-11-24T22:30:35.452+0000] {usa_spending_extraction_script.py:71} INFO - Fetching data for award ID: ASST_NON_B-09-MC-72-0006_8620 (Request 118/507)
[2024-11-24T22:30:38.003+0000] {usa_spending_extraction_script.py:71} INFO - Fetching data for award ID: ASST_NON_B-11-MC-72-0008_8620 (Request 119/507)
[2024-11-24T22:30:40.894+0000] {usa_spending_extraction_script.py:71} INFO - Fetching data for award ID: ASST_NON_B-08-MC-72-0006_8620 (Request 120/507)
[2024-11-24T22:30:43.530+0000] {usa_spending_extraction_script.py:71} INFO - Fetching data for award ID: ASST_NON_B-13-MC-72-0010_8620 (Request 121/507)
[2024-11-24T22:30:47.762+0000] {usa_spending_extraction_script.py:71} INFO - Fetching data for award ID: ASST_NON_B-18-MC-72-0005_8620 (Request 122/507)
[2024-11-24T22:30:50.236+0000] {usa_spending_extraction_script.py:71} INFO - Fetching data for award ID: ASST_NON_B-09-MC-72-0011_8620 (Request 123/507)
[2024-11-24T22:30:52.615+0000] {usa_spending_extraction_script.py:71} INFO - Fetching data for award ID: ASST_NON_B-10-MC-72-0014_8620 (Request 124/507)
[2024-11-24T22:30:58.354+0000] {usa_spending_extraction_script.py:71} INFO - Fetching data for award ID: ASST_NON_B-16-MC-72-0005_8620 (Request 125/507)
[2024-11-24T22:31:01.048+0000] {usa_spending_extraction_script.py:71} INFO - Fetching data for award ID: ASST_NON_B-08-MC-72-0011_8620 (Request 126/507)
[2024-11-24T22:31:04.193+0000] {usa_spending_extraction_script.py:71} INFO - Fetching data for award ID: ASST_NON_B-14-MC-72-0001_8620 (Request 127/507)
[2024-11-24T22:31:09.114+0000] {usa_spending_extraction_script.py:71} INFO - Fetching data for award ID: ASST_NON_B-13-MC-72-0019_8620 (Request 128/507)
[2024-11-24T22:31:11.838+0000] {usa_spending_extraction_script.py:71} INFO - Fetching data for award ID: ASST_NON_B-20-MW-72-0001_8620 (Request 129/507)
[2024-11-24T22:31:14.354+0000] {usa_spending_extraction_script.py:71} INFO - Fetching data for award ID: ASST_NON_B-19-MC-72-0005_8620 (Request 130/507)
[2024-11-24T22:31:16.898+0000] {usa_spending_extraction_script.py:71} INFO - Fetching data for award ID: ASST_NON_B-23-MC-72-0005_8620 (Request 131/507)
[2024-11-24T22:31:19.433+0000] {usa_spending_extraction_script.py:71} INFO - Fetching data for award ID: ASST_NON_B-24-MC-72-0005_8620 (Request 132/507)
[2024-11-24T22:31:19.783+0000] {usa_spending_extraction_script.py:128} ERROR - Error fetching data for award ID ASST_NON_B-24-MC-72-0005_8620: ('Connection aborted.', RemoteDisconnected('Remote end closed connection without response')). Retry 1/3
[2024-11-24T22:31:23.785+0000] {usa_spending_extraction_script.py:71} INFO - Fetching data for award ID: ASST_NON_B-24-MC-72-0005_8620 (Request 132/507)
[2024-11-24T22:31:26.390+0000] {usa_spending_extraction_script.py:71} INFO - Fetching data for award ID: ASST_NON_B-21-MC-72-0005_8620 (Request 133/507)
[2024-11-24T22:31:29.028+0000] {usa_spending_extraction_script.py:71} INFO - Fetching data for award ID: ASST_NON_B-17-MC-72-0005_8620 (Request 134/507)
[2024-11-24T22:31:31.611+0000] {usa_spending_extraction_script.py:71} INFO - Fetching data for award ID: ASST_NON_B-13-MC-72-0024_8620 (Request 135/507)
[2024-11-24T22:31:33.996+0000] {usa_spending_extraction_script.py:71} INFO - Fetching data for award ID: ASST_NON_B-20-MC-72-0001_8620 (Request 136/507)
[2024-11-24T22:31:36.525+0000] {usa_spending_extraction_script.py:71} INFO - Fetching data for award ID: ASST_NON_B-22-MC-72-0005_8620 (Request 137/507)
[2024-11-24T22:31:39.347+0000] {usa_spending_extraction_script.py:71} INFO - Fetching data for award ID: ASST_NON_B-20-MC-72-0005_8620 (Request 138/507)
[2024-11-24T22:31:41.892+0000] {usa_spending_extraction_script.py:71} INFO - Fetching data for award ID: ASST_NON_B-13-MC-72-0022_8620 (Request 139/507)
[2024-11-24T22:31:44.512+0000] {usa_spending_extraction_script.py:71} INFO - Fetching data for award ID: ASST_NON_B-18-MC-72-0001_8620 (Request 140/507)
[2024-11-24T22:31:47.007+0000] {usa_spending_extraction_script.py:71} INFO - Fetching data for award ID: ASST_NON_B-21-MC-72-0001_8620 (Request 141/507)
[2024-11-24T22:31:49.516+0000] {usa_spending_extraction_script.py:71} INFO - Fetching data for award ID: ASST_NON_B-11-MC-72-0006_8620 (Request 142/507)
[2024-11-24T22:31:52.299+0000] {usa_spending_extraction_script.py:71} INFO - Fetching data for award ID: ASST_NON_B-13-MC-72-0027_8620 (Request 143/507)
[2024-11-24T22:31:54.872+0000] {usa_spending_extraction_script.py:71} INFO - Fetching data for award ID: ASST_NON_B-13-MC-72-0016_8620 (Request 144/507)
[2024-11-24T22:31:57.272+0000] {usa_spending_extraction_script.py:71} INFO - Fetching data for award ID: ASST_NON_B-09-MC-72-0014_8620 (Request 145/507)
[2024-11-24T22:31:59.746+0000] {usa_spending_extraction_script.py:71} INFO - Fetching data for award ID: ASST_NON_B-10-MC-72-0020_8620 (Request 146/507)
[2024-11-24T22:32:02.449+0000] {usa_spending_extraction_script.py:71} INFO - Fetching data for award ID: ASST_NON_B-22-MC-72-0001_8620 (Request 147/507)
[2024-11-24T22:32:05.181+0000] {usa_spending_extraction_script.py:71} INFO - Fetching data for award ID: ASST_NON_B-19-MC-72-0001_8620 (Request 148/507)
[2024-11-24T22:32:07.660+0000] {usa_spending_extraction_script.py:71} INFO - Fetching data for award ID: ASST_NON_B-08-MC-72-0014_8620 (Request 149/507)
[2024-11-24T22:32:10.503+0000] {usa_spending_extraction_script.py:71} INFO - Fetching data for award ID: ASST_NON_B-10-MC-72-0010_8620 (Request 150/507)
[2024-11-24T22:32:13.244+0000] {usa_spending_extraction_script.py:71} INFO - Fetching data for award ID: ASST_NON_B-23-MC-72-0001_8620 (Request 151/507)
[2024-11-24T22:32:15.907+0000] {usa_spending_extraction_script.py:71} INFO - Fetching data for award ID: ASST_NON_B-24-MC-72-0001_8620 (Request 152/507)
[2024-11-24T22:32:18.498+0000] {usa_spending_extraction_script.py:71} INFO - Fetching data for award ID: ASST_NON_B-10-MC-72-0013_8620 (Request 153/507)
[2024-11-24T22:32:20.969+0000] {usa_spending_extraction_script.py:71} INFO - Fetching data for award ID: ASST_NON_B-13-MC-72-0026_8620 (Request 154/507)
[2024-11-24T22:32:23.504+0000] {usa_spending_extraction_script.py:71} INFO - Fetching data for award ID: ASST_NON_B-10-MC-72-0017_8620 (Request 155/507)
[2024-11-24T22:32:26.059+0000] {usa_spending_extraction_script.py:71} INFO - Fetching data for award ID: ASST_NON_B-11-MC-72-0011_8620 (Request 156/507)
[2024-11-24T22:32:28.755+0000] {usa_spending_extraction_script.py:71} INFO - Fetching data for award ID: ASST_NON_B-12-MC-72-0002_8620 (Request 157/507)
[2024-11-24T22:32:31.171+0000] {usa_spending_extraction_script.py:71} INFO - Fetching data for award ID: ASST_NON_B-15-MC-72-0001_8620 (Request 158/507)
[2024-11-24T22:32:33.586+0000] {usa_spending_extraction_script.py:71} INFO - Fetching data for award ID: ASST_NON_B-16-MC-72-0001_8620 (Request 159/507)
[2024-11-24T22:32:42.223+0000] {usa_spending_extraction_script.py:71} INFO - Fetching data for award ID: ASST_NON_B-12-MC-72-0009_8620 (Request 160/507)
[2024-11-24T22:32:44.637+0000] {usa_spending_extraction_script.py:71} INFO - Fetching data for award ID: ASST_NON_B-13-MC-72-0023_8620 (Request 161/507)
[2024-11-24T22:32:47.050+0000] {usa_spending_extraction_script.py:71} INFO - Fetching data for award ID: ASST_NON_B-09-MC-72-0020_8620 (Request 162/507)
[2024-11-24T22:32:49.741+0000] {usa_spending_extraction_script.py:71} INFO - Fetching data for award ID: ASST_NON_B-17-MC-72-0001_8620 (Request 163/507)
[2024-11-24T22:32:52.428+0000] {usa_spending_extraction_script.py:71} INFO - Fetching data for award ID: ASST_NON_B-10-MC-72-0027_8620 (Request 164/507)
[2024-11-24T22:32:54.899+0000] {usa_spending_extraction_script.py:71} INFO - Fetching data for award ID: ASST_NON_B-09-MC-72-0010_8620 (Request 165/507)
[2024-11-24T22:32:57.417+0000] {usa_spending_extraction_script.py:71} INFO - Fetching data for award ID: ASST_NON_B-08-MC-72-0020_8620 (Request 166/507)
[2024-11-24T22:32:59.884+0000] {usa_spending_extraction_script.py:71} INFO - Fetching data for award ID: ASST_NON_B-09-MC-72-0013_8620 (Request 167/507)
[2024-11-24T22:33:02.278+0000] {usa_spending_extraction_script.py:71} INFO - Fetching data for award ID: ASST_NON_B-11-MC-72-0014_8620 (Request 168/507)
[2024-11-24T22:33:05.235+0000] {usa_spending_extraction_script.py:71} INFO - Fetching data for award ID: ASST_NON_B-09-MC-72-0017_8620 (Request 169/507)
[2024-11-24T22:33:08.017+0000] {usa_spending_extraction_script.py:71} INFO - Fetching data for award ID: ASST_NON_B-08-MC-72-0010_8620 (Request 170/507)
[2024-11-24T22:33:10.487+0000] {usa_spending_extraction_script.py:71} INFO - Fetching data for award ID: ASST_NON_B-10-MC-72-0019_8620 (Request 171/507)
[2024-11-24T22:33:13.051+0000] {usa_spending_extraction_script.py:71} INFO - Fetching data for award ID: ASST_NON_B-08-MC-72-0013_8620 (Request 172/507)
[2024-11-24T22:33:15.488+0000] {usa_spending_extraction_script.py:71} INFO - Fetching data for award ID: ASST_NON_B-13-MC-72-0018_8620 (Request 173/507)
[2024-11-24T22:33:18.497+0000] {usa_spending_extraction_script.py:71} INFO - Fetching data for award ID: ASST_NON_B-13-MC-72-0015_8620 (Request 174/507)
[2024-11-24T22:33:20.922+0000] {usa_spending_extraction_script.py:71} INFO - Fetching data for award ID: ASST_NON_B-08-MC-72-0017_8620 (Request 175/507)
[2024-11-24T22:33:23.647+0000] {usa_spending_extraction_script.py:71} INFO - Fetching data for award ID: ASST_NON_B-14-MC-72-0002_8620 (Request 176/507)
[2024-11-24T22:33:26.061+0000] {usa_spending_extraction_script.py:71} INFO - Fetching data for award ID: ASST_NON_B-10-MC-72-0026_8620 (Request 177/507)
[2024-11-24T22:33:28.579+0000] {usa_spending_extraction_script.py:71} INFO - Fetching data for award ID: ASST_NON_B-09-MC-72-0027_8620 (Request 178/507)
[2024-11-24T22:33:31.263+0000] {usa_spending_extraction_script.py:71} INFO - Fetching data for award ID: ASST_NON_B-21-MC-72-0002_8620 (Request 179/507)
[2024-11-24T22:33:33.745+0000] {usa_spending_extraction_script.py:71} INFO - Fetching data for award ID: ASST_NON_B-08-MC-72-0027_8620 (Request 180/507)
[2024-11-24T22:33:36.430+0000] {usa_spending_extraction_script.py:71} INFO - Fetching data for award ID: ASST_NON_B-10-MC-72-0018_8620 (Request 181/507)
[2024-11-24T22:33:38.991+0000] {usa_spending_extraction_script.py:71} INFO - Fetching data for award ID: ASST_NON_B-14-MC-72-0009_8620 (Request 182/507)
[2024-11-24T22:33:41.423+0000] {usa_spending_extraction_script.py:71} INFO - Fetching data for award ID: ASST_NON_B-11-MC-72-0020_8620 (Request 183/507)
[2024-11-24T22:33:43.986+0000] {usa_spending_extraction_script.py:71} INFO - Fetching data for award ID: ASST_NON_B-09-MC-72-0019_8620 (Request 184/507)
[2024-11-24T22:33:46.711+0000] {usa_spending_extraction_script.py:71} INFO - Fetching data for award ID: ASST_NON_B-10-MC-72-0016_8620 (Request 185/507)
[2024-11-24T22:33:49.434+0000] {usa_spending_extraction_script.py:71} INFO - Fetching data for award ID: ASST_NON_B-20-MC-72-0002_8620 (Request 186/507)
[2024-11-24T22:33:51.929+0000] {usa_spending_extraction_script.py:71} INFO - Fetching data for award ID: ASST_NON_B-11-MC-72-0010_8620 (Request 187/507)
[2024-11-24T22:33:55.083+0000] {usa_spending_extraction_script.py:71} INFO - Fetching data for award ID: ASST_NON_B-10-MC-72-0024_8620 (Request 188/507)
[2024-11-24T22:33:57.497+0000] {usa_spending_extraction_script.py:71} INFO - Fetching data for award ID: ASST_NON_B-08-MC-72-0019_8620 (Request 189/507)
[2024-11-24T22:33:59.975+0000] {usa_spending_extraction_script.py:71} INFO - Fetching data for award ID: ASST_NON_B-11-MC-72-0013_8620 (Request 190/507)
[2024-11-24T22:34:02.716+0000] {usa_spending_extraction_script.py:71} INFO - Fetching data for award ID: ASST_NON_B-10-MC-72-0015_8620 (Request 191/507)
[2024-11-24T22:34:05.591+0000] {usa_spending_extraction_script.py:71} INFO - Fetching data for award ID: ASST_NON_B-11-MC-72-0017_8620 (Request 192/507)
[2024-11-24T22:34:07.990+0000] {usa_spending_extraction_script.py:71} INFO - Fetching data for award ID: ASST_NON_B-23-MC-72-0002_8620 (Request 193/507)
[2024-11-24T22:34:10.435+0000] {usa_spending_extraction_script.py:71} INFO - Fetching data for award ID: ASST_NON_B-22-MC-72-0002_8620 (Request 194/507)
[2024-11-24T22:34:12.875+0000] {usa_spending_extraction_script.py:71} INFO - Fetching data for award ID: ASST_NON_B-24-MC-72-0009_8620 (Request 195/507)
[2024-11-24T22:34:15.446+0000] {usa_spending_extraction_script.py:71} INFO - Fetching data for award ID: ASST_NON_B-20-MW-72-0002_8620 (Request 196/507)
[2024-11-24T22:34:17.924+0000] {usa_spending_extraction_script.py:71} INFO - Fetching data for award ID: ASST_NON_B-09-MC-72-0026_8620 (Request 197/507)
[2024-11-24T22:34:20.439+0000] {usa_spending_extraction_script.py:71} INFO - Fetching data for award ID: ASST_NON_B-12-MC-72-0008_8620 (Request 198/507)
[2024-11-24T22:34:23.067+0000] {usa_spending_extraction_script.py:71} INFO - Fetching data for award ID: ASST_NON_B-15-MC-72-0002_8620 (Request 199/507)
[2024-11-24T22:34:25.573+0000] {usa_spending_extraction_script.py:71} INFO - Fetching data for award ID: ASST_NON_B-21-MC-72-0009_8620 (Request 200/507)
[2024-11-24T22:34:28.056+0000] {usa_spending_extraction_script.py:71} INFO - Fetching data for award ID: ASST_NON_B-13-MC-72-0021_8620 (Request 201/507)
[2024-11-24T22:34:31.133+0000] {usa_spending_extraction_script.py:71} INFO - Fetching data for award ID: ASST_NON_B-08-MC-72-0026_8620 (Request 202/507)
[2024-11-24T22:34:33.717+0000] {usa_spending_extraction_script.py:71} INFO - Fetching data for award ID: ASST_NON_B-20-MC-72-0009_8620 (Request 203/507)
[2024-11-24T22:34:36.751+0000] {usa_spending_extraction_script.py:71} INFO - Fetching data for award ID: ASST_NON_B-23-MC-72-0009_8620 (Request 204/507)
[2024-11-24T22:34:41.262+0000] {usa_spending_extraction_script.py:71} INFO - Fetching data for award ID: ASST_NON_B-10-MC-72-0022_8620 (Request 205/507)
[2024-11-24T22:34:43.803+0000] {usa_spending_extraction_script.py:71} INFO - Fetching data for award ID: ASST_NON_B-22-MC-72-0009_8620 (Request 206/507)
[2024-11-24T22:34:46.253+0000] {usa_spending_extraction_script.py:71} INFO - Fetching data for award ID: ASST_NON_B-19-MC-72-0002_8620 (Request 207/507)
[2024-11-24T22:34:49.289+0000] {usa_spending_extraction_script.py:71} INFO - Fetching data for award ID: ASST_NON_B-09-MC-72-0018_8620 (Request 208/507)
[2024-11-24T22:34:51.996+0000] {usa_spending_extraction_script.py:71} INFO - Fetching data for award ID: ASST_NON_B-10-MC-72-0023_8620 (Request 209/507)
[2024-11-24T22:34:54.536+0000] {usa_spending_extraction_script.py:71} INFO - Fetching data for award ID: ASST_NON_B-19-MC-72-0009_8620 (Request 210/507)
[2024-11-24T22:34:57.152+0000] {usa_spending_extraction_script.py:71} INFO - Fetching data for award ID: ASST_NON_B-15-MC-72-0009_8620 (Request 211/507)
[2024-11-24T22:34:59.646+0000] {usa_spending_extraction_script.py:71} INFO - Fetching data for award ID: ASST_NON_B-11-MC-72-0027_8620 (Request 212/507)
[2024-11-24T22:35:02.113+0000] {usa_spending_extraction_script.py:71} INFO - Fetching data for award ID: ASST_NON_B-09-MC-72-0016_8620 (Request 213/507)
[2024-11-24T22:35:05.099+0000] {usa_spending_extraction_script.py:71} INFO - Fetching data for award ID: ASST_NON_B-08-MC-72-0018_8620 (Request 214/507)
[2024-11-24T22:35:07.997+0000] {usa_spending_extraction_script.py:71} INFO - Fetching data for award ID: ASST_NON_B-18-MC-72-0002_8620 (Request 215/507)
[2024-11-24T22:35:10.468+0000] {usa_spending_extraction_script.py:71} INFO - Fetching data for award ID: ASST_NON_B-09-MC-72-0024_8620 (Request 216/507)
[2024-11-24T22:35:12.995+0000] {usa_spending_extraction_script.py:71} INFO - Fetching data for award ID: ASST_NON_B-09-MC-72-0015_8620 (Request 217/507)
[2024-11-24T22:35:15.463+0000] {usa_spending_extraction_script.py:71} INFO - Fetching data for award ID: ASST_NON_B-08-MC-72-0016_8620 (Request 218/507)
[2024-11-24T22:35:18.288+0000] {usa_spending_extraction_script.py:71} INFO - Fetching data for award ID: ASST_NON_B-08-MC-72-0024_8620 (Request 219/507)
[2024-11-24T22:35:21.168+0000] {usa_spending_extraction_script.py:71} INFO - Fetching data for award ID: ASST_NON_B-20-MW-72-0009_8620 (Request 220/507)
[2024-11-24T22:35:23.663+0000] {usa_spending_extraction_script.py:71} INFO - Fetching data for award ID: ASST_NON_B-11-MC-72-0019_8620 (Request 221/507)
[2024-11-24T22:35:26.540+0000] {usa_spending_extraction_script.py:71} INFO - Fetching data for award ID: ASST_NON_B-08-MC-72-0015_8620 (Request 222/507)
[2024-11-24T22:35:33.159+0000] {usa_spending_extraction_script.py:71} INFO - Fetching data for award ID: ASST_NON_B-14-MC-72-0008_8620 (Request 223/507)
[2024-11-24T22:35:35.610+0000] {usa_spending_extraction_script.py:71} INFO - Fetching data for award ID: ASST_NON_B-16-MC-72-0002_8620 (Request 224/507)
[2024-11-24T22:35:38.155+0000] {usa_spending_extraction_script.py:71} INFO - Fetching data for award ID: ASST_NON_B-10-MC-72-0021_8620 (Request 225/507)
[2024-11-24T22:35:40.675+0000] {usa_spending_extraction_script.py:71} INFO - Fetching data for award ID: ASST_NON_B-13-MC-72-0025_8620 (Request 226/507)
[2024-11-24T22:35:43.164+0000] {usa_spending_extraction_script.py:71} INFO - Fetching data for award ID: ASST_NON_B-11-MC-72-0026_8620 (Request 227/507)
[2024-11-24T22:35:46.172+0000] {usa_spending_extraction_script.py:71} INFO - Fetching data for award ID: ASST_NON_B-09-MC-72-0022_8620 (Request 228/507)
[2024-11-24T22:35:48.803+0000] {usa_spending_extraction_script.py:71} INFO - Fetching data for award ID: ASST_NON_B-09-MC-72-0023_8620 (Request 229/507)
[2024-11-24T22:35:51.501+0000] {usa_spending_extraction_script.py:71} INFO - Fetching data for award ID: ASST_NON_B-08-MC-72-0022_8620 (Request 230/507)
[2024-11-24T22:35:58.255+0000] {usa_spending_extraction_script.py:71} INFO - Fetching data for award ID: ASST_NON_B-08-MC-72-0023_8620 (Request 231/507)
[2024-11-24T22:36:00.813+0000] {usa_spending_extraction_script.py:71} INFO - Fetching data for award ID: ASST_NON_B-11-MC-72-0018_8620 (Request 232/507)
[2024-11-24T22:36:03.466+0000] {usa_spending_extraction_script.py:71} INFO - Fetching data for award ID: ASST_NON_B-12-MC-72-0011_8620 (Request 233/507)
[2024-11-24T22:36:07.215+0000] {usa_spending_extraction_script.py:71} INFO - Fetching data for award ID: ASST_NON_B-15-MC-72-0008_8620 (Request 234/507)
[2024-11-24T22:36:09.790+0000] {usa_spending_extraction_script.py:71} INFO - Fetching data for award ID: ASST_NON_B-11-MC-72-0016_8620 (Request 235/507)
[2024-11-24T22:36:12.612+0000] {usa_spending_extraction_script.py:71} INFO - Fetching data for award ID: ASST_NON_B-09-MC-72-0021_8620 (Request 236/507)
[2024-11-24T22:36:14.991+0000] {usa_spending_extraction_script.py:71} INFO - Fetching data for award ID: ASST_NON_B-11-MC-72-0024_8620 (Request 237/507)
[2024-11-24T22:36:17.696+0000] {usa_spending_extraction_script.py:71} INFO - Fetching data for award ID: ASST_NON_B-12-MC-72-0017_8620 (Request 238/507)
[2024-11-24T22:36:20.188+0000] {usa_spending_extraction_script.py:71} INFO - Fetching data for award ID: ASST_NON_B-11-MC-72-0015_8620 (Request 239/507)
[2024-11-24T22:36:23.040+0000] {usa_spending_extraction_script.py:71} INFO - Fetching data for award ID: ASST_NON_B-17-MC-72-0002_8620 (Request 240/507)
[2024-11-24T22:36:25.435+0000] {usa_spending_extraction_script.py:71} INFO - Fetching data for award ID: ASST_NON_B-08-MC-72-0021_8620 (Request 241/507)
[2024-11-24T22:36:28.081+0000] {usa_spending_extraction_script.py:71} INFO - Fetching data for award ID: ASST_NON_B-18-MC-72-0008_8620 (Request 242/507)
[2024-11-24T22:36:30.567+0000] {usa_spending_extraction_script.py:71} INFO - Fetching data for award ID: ASST_NON_B-16-MC-72-0008_8620 (Request 243/507)
[2024-11-24T22:36:32.981+0000] {usa_spending_extraction_script.py:71} INFO - Fetching data for award ID: ASST_NON_B-10-MC-72-0025_8620 (Request 244/507)
[2024-11-24T22:36:35.664+0000] {usa_spending_extraction_script.py:71} INFO - Fetching data for award ID: ASST_NON_B-11-MC-72-0022_8620 (Request 245/507)
[2024-11-24T22:36:38.641+0000] {usa_spending_extraction_script.py:71} INFO - Fetching data for award ID: ASST_NON_B-11-MC-72-0023_8620 (Request 246/507)
[2024-11-24T22:36:41.042+0000] {usa_spending_extraction_script.py:71} INFO - Fetching data for award ID: ASST_NON_B-13-MC-72-0006_8620 (Request 247/507)
[2024-11-24T22:36:43.622+0000] {usa_spending_extraction_script.py:71} INFO - Fetching data for award ID: ASST_NON_B-20-MW-72-0008_8620 (Request 248/507)
[2024-11-24T22:36:46.574+0000] {usa_spending_extraction_script.py:71} INFO - Fetching data for award ID: ASST_NON_B-12-MC-72-0014_8620 (Request 249/507)
[2024-11-24T22:36:49.121+0000] {usa_spending_extraction_script.py:71} INFO - Fetching data for award ID: ASST_NON_B-12-MC-72-0006_8620 (Request 250/507)
[2024-11-24T22:36:51.515+0000] {usa_spending_extraction_script.py:71} INFO - Fetching data for award ID: ASST_NON_B-19-MC-72-0008_8620 (Request 251/507)
[2024-11-24T22:36:53.933+0000] {usa_spending_extraction_script.py:71} INFO - Fetching data for award ID: ASST_NON_B-17-MC-72-0008_8620 (Request 252/507)
[2024-11-24T22:37:03.728+0000] {usa_spending_extraction_script.py:71} INFO - Fetching data for award ID: ASST_NON_B-11-MC-72-0021_8620 (Request 253/507)
[2024-11-24T22:37:07.270+0000] {usa_spending_extraction_script.py:71} INFO - Fetching data for award ID: ASST_NON_B-12-MC-72-0020_8620 (Request 254/507)
[2024-11-24T22:37:09.684+0000] {usa_spending_extraction_script.py:71} INFO - Fetching data for award ID: ASST_NON_B-12-MC-72-0013_8620 (Request 255/507)
[2024-11-24T22:37:12.066+0000] {usa_spending_extraction_script.py:71} INFO - Fetching data for award ID: ASST_NON_B-21-MC-72-0008_8620 (Request 256/507)
[2024-11-24T22:37:14.928+0000] {usa_spending_extraction_script.py:71} INFO - Fetching data for award ID: ASST_NON_B-20-MC-72-0008_8620 (Request 257/507)
[2024-11-24T22:37:17.948+0000] {usa_spending_extraction_script.py:71} INFO - Fetching data for award ID: ASST_NON_B-23-MC-72-0008_8620 (Request 258/507)
[2024-11-24T22:37:20.532+0000] {usa_spending_extraction_script.py:71} INFO - Fetching data for award ID: ASST_NON_B-10-MC-72-0012_8620 (Request 259/507)
[2024-11-24T22:37:22.979+0000] {usa_spending_extraction_script.py:71} INFO - Fetching data for award ID: ASST_NON_B-14-MC-72-0017_8620 (Request 260/507)
[2024-11-24T22:37:25.648+0000] {usa_spending_extraction_script.py:71} INFO - Fetching data for award ID: ASST_NON_B-09-MC-72-0025_8620 (Request 261/507)
[2024-11-24T22:37:28.071+0000] {usa_spending_extraction_script.py:71} INFO - Fetching data for award ID: ASST_NON_B-18-MC-72-0009_8620 (Request 262/507)
[2024-11-24T22:37:30.491+0000] {usa_spending_extraction_script.py:71} INFO - Fetching data for award ID: ASST_NON_B-22-MC-72-0008_8620 (Request 263/507)
[2024-11-24T22:37:32.945+0000] {usa_spending_extraction_script.py:71} INFO - Fetching data for award ID: ASST_NON_B-08-MC-72-0025_8620 (Request 264/507)
[2024-11-24T22:37:35.364+0000] {usa_spending_extraction_script.py:71} INFO - Fetching data for award ID: ASST_NON_B-14-MC-72-0006_8620 (Request 265/507)
[2024-11-24T22:37:37.833+0000] {usa_spending_extraction_script.py:71} INFO - Fetching data for award ID: ASST_NON_B-24-MC-72-0008_8620 (Request 266/507)
[2024-11-24T22:37:40.394+0000] {usa_spending_extraction_script.py:71} INFO - Fetching data for award ID: ASST_NON_B-14-MC-72-0011_8620 (Request 267/507)
[2024-11-24T22:37:42.958+0000] {usa_spending_extraction_script.py:71} INFO - Fetching data for award ID: ASST_NON_B-14-MC-72-0020_8620 (Request 268/507)
[2024-11-24T22:37:45.609+0000] {usa_spending_extraction_script.py:71} INFO - Fetching data for award ID: ASST_NON_B-20-MW-72-0006_8620 (Request 269/507)
[2024-11-24T22:37:48.060+0000] {usa_spending_extraction_script.py:71} INFO - Fetching data for award ID: ASST_NON_B-14-MC-72-0014_8620 (Request 270/507)
[2024-11-24T22:37:50.752+0000] {usa_spending_extraction_script.py:71} INFO - Fetching data for award ID: ASST_NON_B-12-MC-72-0010_8620 (Request 271/507)
[2024-11-24T22:37:53.547+0000] {usa_spending_extraction_script.py:71} INFO - Fetching data for award ID: ASST_NON_B-09-MC-72-0012_8620 (Request 272/507)
[2024-11-24T22:37:56.033+0000] {usa_spending_extraction_script.py:71} INFO - Fetching data for award ID: ASST_NON_B-15-MC-72-0017_8620 (Request 273/507)
[2024-11-24T22:37:58.684+0000] {usa_spending_extraction_script.py:71} INFO - Fetching data for award ID: ASST_NON_B-12-MC-72-0027_8620 (Request 274/507)
[2024-11-24T22:38:01.399+0000] {usa_spending_extraction_script.py:71} INFO - Fetching data for award ID: ASST_NON_B-08-MC-72-0012_8620 (Request 275/507)
[2024-11-24T22:38:04.709+0000] {usa_spending_extraction_script.py:71} INFO - Fetching data for award ID: ASST_NON_B-15-MC-72-0020_8620 (Request 276/507)
[2024-11-24T22:38:07.127+0000] {usa_spending_extraction_script.py:71} INFO - Fetching data for award ID: ASST_NON_B-16-MC-72-0009_8620 (Request 277/507)
[2024-11-24T22:38:09.592+0000] {usa_spending_extraction_script.py:71} INFO - Fetching data for award ID: ASST_NON_B-15-MC-72-0006_8620 (Request 278/507)
[2024-11-24T22:38:12.245+0000] {usa_spending_extraction_script.py:71} INFO - Fetching data for award ID: ASST_NON_B-11-MC-72-0025_8620 (Request 279/507)
[2024-11-24T22:38:14.657+0000] {usa_spending_extraction_script.py:71} INFO - Fetching data for award ID: ASST_NON_B-20-MW-72-0010_8620 (Request 280/507)
[2024-11-24T22:38:17.184+0000] {usa_spending_extraction_script.py:71} INFO - Fetching data for award ID: ASST_NON_B-16-MC-72-0017_8620 (Request 281/507)
[2024-11-24T22:38:19.827+0000] {usa_spending_extraction_script.py:71} INFO - Fetching data for award ID: ASST_NON_B-18-MC-72-0006_8620 (Request 282/507)
[2024-11-24T22:38:22.482+0000] {usa_spending_extraction_script.py:71} INFO - Fetching data for award ID: ASST_NON_B-17-MC-72-0009_8620 (Request 283/507)
[2024-11-24T22:38:24.997+0000] {usa_spending_extraction_script.py:71} INFO - Fetching data for award ID: ASST_NON_B-14-MC-72-0010_8620 (Request 284/507)
[2024-11-24T22:38:27.785+0000] {usa_spending_extraction_script.py:71} INFO - Fetching data for award ID: ASST_NON_B-12-MC-72-0016_8620 (Request 285/507)
[2024-11-24T22:38:30.454+0000] {usa_spending_extraction_script.py:71} INFO - Fetching data for award ID: ASST_NON_B-16-MC-72-0006_8620 (Request 286/507)
[2024-11-24T22:38:33.085+0000] {usa_spending_extraction_script.py:71} INFO - Fetching data for award ID: ASST_NON_B-19-MC-72-0006_8620 (Request 287/507)
[2024-11-24T22:38:36.648+0000] {usa_spending_extraction_script.py:71} INFO - Fetching data for award ID: ASST_NON_B-24-MC-72-0011_8620 (Request 288/507)
[2024-11-24T22:38:42.193+0000] {usa_spending_extraction_script.py:71} INFO - Fetching data for award ID: ASST_NON_B-12-MC-72-0026_8620 (Request 289/507)
[2024-11-24T22:38:45.020+0000] {usa_spending_extraction_script.py:71} INFO - Fetching data for award ID: ASST_NON_B-15-MC-72-0014_8620 (Request 290/507)
[2024-11-24T22:38:47.682+0000] {usa_spending_extraction_script.py:71} INFO - Fetching data for award ID: ASST_NON_B-12-MC-72-0019_8620 (Request 291/507)
[2024-11-24T22:38:51.143+0000] {usa_spending_extraction_script.py:71} INFO - Fetching data for award ID: ASST_NON_B-20-MC-72-0006_8620 (Request 292/507)
[2024-11-24T22:38:53.709+0000] {usa_spending_extraction_script.py:71} INFO - Fetching data for award ID: ASST_NON_B-20-MC-72-0011_8620 (Request 293/507)
[2024-11-24T22:38:56.965+0000] {usa_spending_extraction_script.py:71} INFO - Fetching data for award ID: ASST_NON_B-14-MC-72-0013_8620 (Request 294/507)
[2024-11-24T22:38:59.492+0000] {usa_spending_extraction_script.py:71} INFO - Fetching data for award ID: ASST_NON_B-12-MC-72-0024_8620 (Request 295/507)
[2024-11-24T22:39:01.944+0000] {usa_spending_extraction_script.py:71} INFO - Fetching data for award ID: ASST_NON_B-21-MC-72-0011_8620 (Request 296/507)
[2024-11-24T22:39:06.532+0000] {usa_spending_extraction_script.py:71} INFO - Fetching data for award ID: ASST_NON_B-15-MC-72-0011_8620 (Request 297/507)
[2024-11-24T22:39:10.086+0000] {usa_spending_extraction_script.py:71} INFO - Fetching data for award ID: ASST_NON_B-12-MC-72-0022_8620 (Request 298/507)
[2024-11-24T22:39:12.484+0000] {usa_spending_extraction_script.py:71} INFO - Fetching data for award ID: ASST_NON_B-23-MC-72-0011_8620 (Request 299/507)
[2024-11-24T22:39:15.817+0000] {usa_spending_extraction_script.py:71} INFO - Fetching data for award ID: ASST_NON_B-21-MC-72-0022_8620 (Request 300/507)
[2024-11-24T22:39:19.708+0000] {usa_spending_extraction_script.py:71} INFO - Fetching data for award ID: ASST_NON_B-21-MC-72-0006_8620 (Request 301/507)
[2024-11-24T22:39:31.141+0000] {usa_spending_extraction_script.py:71} INFO - Fetching data for award ID: ASST_NON_B-18-MC-72-0017_8620 (Request 302/507)
[2024-11-24T22:39:34.039+0000] {usa_spending_extraction_script.py:71} INFO - Fetching data for award ID: ASST_NON_B-20-MC-72-0022_8620 (Request 303/507)
[2024-11-24T22:39:36.554+0000] {usa_spending_extraction_script.py:71} INFO - Fetching data for award ID: ASST_NON_B-20-MW-72-0011_8620 (Request 304/507)
[2024-11-24T22:39:39.285+0000] {usa_spending_extraction_script.py:71} INFO - Fetching data for award ID: ASST_NON_B-22-MC-72-0011_8620 (Request 305/507)
[2024-11-24T22:39:41.921+0000] {usa_spending_extraction_script.py:71} INFO - Fetching data for award ID: ASST_NON_B-11-MC-72-0012_8620 (Request 306/507)
[2024-11-24T22:39:44.583+0000] {usa_spending_extraction_script.py:71} INFO - Fetching data for award ID: ASST_NON_B-16-MC-72-0020_8620 (Request 307/507)
[2024-11-24T22:39:47.021+0000] {usa_spending_extraction_script.py:71} INFO - Fetching data for award ID: ASST_NON_B-20-MC-72-0013_8620 (Request 308/507)
[2024-11-24T22:39:49.690+0000] {usa_spending_extraction_script.py:71} INFO - Fetching data for award ID: ASST_NON_B-20-MW-72-0017_8620 (Request 309/507)
[2024-11-24T22:39:52.294+0000] {usa_spending_extraction_script.py:71} INFO - Fetching data for award ID: ASST_NON_B-20-MW-72-0013_8620 (Request 310/507)
[2024-11-24T22:39:57.334+0000] {usa_spending_extraction_script.py:71} INFO - Fetching data for award ID: ASST_NON_B-23-MC-72-0022_8620 (Request 311/507)
[2024-11-24T22:40:00.030+0000] {usa_spending_extraction_script.py:71} INFO - Fetching data for award ID: ASST_NON_B-24-MC-72-0014_8620 (Request 312/507)
[2024-11-24T22:40:03.521+0000] {usa_spending_extraction_script.py:71} INFO - Fetching data for award ID: ASST_NON_B-20-MW-72-0022_8620 (Request 313/507)
[2024-11-24T22:40:06.361+0000] {usa_spending_extraction_script.py:71} INFO - Fetching data for award ID: ASST_NON_B-23-MC-72-0006_8620 (Request 314/507)
[2024-11-24T22:40:09.124+0000] {usa_spending_extraction_script.py:71} INFO - Fetching data for award ID: ASST_NON_B-18-MC-72-0011_8620 (Request 315/507)
[2024-11-24T22:40:11.923+0000] {usa_spending_extraction_script.py:71} INFO - Fetching data for award ID: ASST_NON_B-21-MC-72-0013_8620 (Request 316/507)
[2024-11-24T22:40:14.302+0000] {usa_spending_extraction_script.py:71} INFO - Fetching data for award ID: ASST_NON_B-21-MC-72-0010_8620 (Request 317/507)
[2024-11-24T22:40:16.872+0000] {usa_spending_extraction_script.py:71} INFO - Fetching data for award ID: ASST_NON_B-19-MC-72-0011_8620 (Request 318/507)
[2024-11-24T22:40:19.440+0000] {usa_spending_extraction_script.py:71} INFO - Fetching data for award ID: ASST_NON_B-17-MC-72-0017_8620 (Request 319/507)
[2024-11-24T22:40:22.318+0000] {usa_spending_extraction_script.py:71} INFO - Fetching data for award ID: ASST_NON_B-22-MC-72-0006_8620 (Request 320/507)
[2024-11-24T22:40:24.750+0000] {usa_spending_extraction_script.py:71} INFO - Fetching data for award ID: ASST_NON_B-15-MC-72-0010_8620 (Request 321/507)
[2024-11-24T22:40:27.162+0000] {usa_spending_extraction_script.py:71} INFO - Fetching data for award ID: ASST_NON_B-19-MC-72-0013_8620 (Request 322/507)
[2024-11-24T22:40:30.021+0000] {usa_spending_extraction_script.py:71} INFO - Fetching data for award ID: ASST_NON_B-18-MC-72-0014_8620 (Request 323/507)
[2024-11-24T22:40:32.604+0000] {usa_spending_extraction_script.py:71} INFO - Fetching data for award ID: ASST_NON_B-22-MC-72-0022_8620 (Request 324/507)
[2024-11-24T22:40:35.160+0000] {usa_spending_extraction_script.py:71} INFO - Fetching data for award ID: ASST_NON_B-14-MC-72-0024_8620 (Request 325/507)
[2024-11-24T22:40:37.592+0000] {usa_spending_extraction_script.py:71} INFO - Fetching data for award ID: ASST_NON_B-23-MC-72-0014_8620 (Request 326/507)
[2024-11-24T22:40:40.017+0000] {usa_spending_extraction_script.py:71} INFO - Fetching data for award ID: ASST_NON_B-16-MC-72-0014_8620 (Request 327/507)
[2024-11-24T22:40:42.414+0000] {usa_spending_extraction_script.py:71} INFO - Fetching data for award ID: ASST_NON_B-20-MC-72-0010_8620 (Request 328/507)
[2024-11-24T22:40:45.176+0000] {usa_spending_extraction_script.py:71} INFO - Fetching data for award ID: ASST_NON_B-16-MC-72-0011_8620 (Request 329/507)
[2024-11-24T22:40:47.739+0000] {usa_spending_extraction_script.py:71} INFO - Fetching data for award ID: ASST_NON_B-20-MC-72-0017_8620 (Request 330/507)
[2024-11-24T22:40:50.176+0000] {usa_spending_extraction_script.py:71} INFO - Fetching data for award ID: ASST_NON_B-15-MC-72-0013_8620 (Request 331/507)
[2024-11-24T22:40:52.582+0000] {usa_spending_extraction_script.py:71} INFO - Fetching data for award ID: ASST_NON_B-19-MC-72-0017_8620 (Request 332/507)
[2024-11-24T22:40:55.142+0000] {usa_spending_extraction_script.py:71} INFO - Fetching data for award ID: ASST_NON_B-21-MC-72-0014_8620 (Request 333/507)
[2024-11-24T22:40:58.223+0000] {usa_spending_extraction_script.py:71} INFO - Fetching data for award ID: ASST_NON_B-18-MC-72-0010_8620 (Request 334/507)
[2024-11-24T22:41:00.674+0000] {usa_spending_extraction_script.py:71} INFO - Fetching data for award ID: ASST_NON_B-14-MC-72-0022_8620 (Request 335/507)
[2024-11-24T22:41:03.055+0000] {usa_spending_extraction_script.py:71} INFO - Fetching data for award ID: ASST_NON_B-22-MC-72-0014_8620 (Request 336/507)
[2024-11-24T22:41:05.824+0000] {usa_spending_extraction_script.py:71} INFO - Fetching data for award ID: ASST_NON_B-18-MC-72-0013_8620 (Request 337/507)
[2024-11-24T22:41:08.258+0000] {usa_spending_extraction_script.py:71} INFO - Fetching data for award ID: ASST_NON_B-23-MC-72-0017_8620 (Request 338/507)
[2024-11-24T22:41:10.968+0000] {usa_spending_extraction_script.py:71} INFO - Fetching data for award ID: ASST_NON_B-12-MC-72-0023_8620 (Request 339/507)
[2024-11-24T22:41:13.400+0000] {usa_spending_extraction_script.py:71} INFO - Fetching data for award ID: ASST_NON_B-18-MC-72-0020_8620 (Request 340/507)
[2024-11-24T22:41:15.873+0000] {usa_spending_extraction_script.py:71} INFO - Fetching data for award ID: ASST_NON_B-19-MC-72-0010_8620 (Request 341/507)
[2024-11-24T22:41:18.351+0000] {usa_spending_extraction_script.py:71} INFO - Fetching data for award ID: ASST_NON_B-22-MC-72-0013_8620 (Request 342/507)
[2024-11-24T22:41:20.747+0000] {usa_spending_extraction_script.py:71} INFO - Fetching data for award ID: ASST_NON_B-21-MC-72-0017_8620 (Request 343/507)
[2024-11-24T22:41:23.164+0000] {usa_spending_extraction_script.py:71} INFO - Fetching data for award ID: ASST_NON_B-14-MC-72-0016_8620 (Request 344/507)
[2024-11-24T22:41:25.522+0000] {usa_spending_extraction_script.py:71} INFO - Fetching data for award ID: ASST_NON_B-19-MC-72-0014_8620 (Request 345/507)
[2024-11-24T22:41:28.057+0000] {usa_spending_extraction_script.py:71} INFO - Fetching data for award ID: ASST_NON_B-17-MC-72-0011_8620 (Request 346/507)
[2024-11-24T22:41:30.928+0000] {usa_spending_extraction_script.py:71} INFO - Fetching data for award ID: ASST_NON_B-17-MC-72-0014_8620 (Request 347/507)
[2024-11-24T22:41:33.602+0000] {usa_spending_extraction_script.py:71} INFO - Fetching data for award ID: ASST_NON_B-14-MC-72-0027_8620 (Request 348/507)
[2024-11-24T22:41:36.126+0000] {usa_spending_extraction_script.py:71} INFO - Fetching data for award ID: ASST_NON_B-24-MC-72-0017_8620 (Request 349/507)
[2024-11-24T22:41:38.922+0000] {usa_spending_extraction_script.py:71} INFO - Fetching data for award ID: ASST_NON_B-18-MC-72-0022_8620 (Request 350/507)
[2024-11-24T22:41:41.373+0000] {usa_spending_extraction_script.py:71} INFO - Fetching data for award ID: ASST_NON_B-19-MC-72-0022_8620 (Request 351/507)
[2024-11-24T22:41:43.784+0000] {usa_spending_extraction_script.py:71} INFO - Fetching data for award ID: ASST_NON_B-16-MC-72-0010_8620 (Request 352/507)
[2024-11-24T22:41:46.244+0000] {usa_spending_extraction_script.py:71} INFO - Fetching data for award ID: ASST_NON_B-17-MC-72-0010_8620 (Request 353/507)
[2024-11-24T22:41:48.645+0000] {usa_spending_extraction_script.py:71} INFO - Fetching data for award ID: ASST_NON_B-22-MC-72-0017_8620 (Request 354/507)
[2024-11-24T22:41:51.115+0000] {usa_spending_extraction_script.py:71} INFO - Fetching data for award ID: ASST_NON_B-20-MW-72-0016_8620 (Request 355/507)
[2024-11-24T22:41:53.568+0000] {usa_spending_extraction_script.py:71} INFO - Fetching data for award ID: ASST_NON_B-20-MC-72-0014_8620 (Request 356/507)
[2024-11-24T22:41:57.123+0000] {usa_spending_extraction_script.py:71} INFO - Fetching data for award ID: ASST_NON_B-22-MC-72-0010_8620 (Request 357/507)
[2024-11-24T22:41:59.562+0000] {usa_spending_extraction_script.py:71} INFO - Fetching data for award ID: ASST_NON_B-16-MC-72-0013_8620 (Request 358/507)
[2024-11-24T22:42:01.957+0000] {usa_spending_extraction_script.py:71} INFO - Fetching data for award ID: ASST_NON_B-23-MC-72-0010_8620 (Request 359/507)
[2024-11-24T22:42:04.415+0000] {usa_spending_extraction_script.py:71} INFO - Fetching data for award ID: ASST_NON_B-21-MC-72-0018_8620 (Request 360/507)
[2024-11-24T22:42:06.923+0000] {usa_spending_extraction_script.py:71} INFO - Fetching data for award ID: ASST_NON_B-23-MC-72-0013_8620 (Request 361/507)
[2024-11-24T22:42:09.448+0000] {usa_spending_extraction_script.py:71} INFO - Fetching data for award ID: ASST_NON_B-12-MC-72-0015_8620 (Request 362/507)
[2024-11-24T22:42:12.041+0000] {usa_spending_extraction_script.py:71} INFO - Fetching data for award ID: ASST_NON_B-17-MC-72-0020_8620 (Request 363/507)
[2024-11-24T22:42:14.441+0000] {usa_spending_extraction_script.py:71} INFO - Fetching data for award ID: ASST_NON_B-15-MC-72-0019_8620 (Request 364/507)
[2024-11-24T22:42:16.838+0000] {usa_spending_extraction_script.py:71} INFO - Fetching data for award ID: ASST_NON_B-24-MC-72-0010_8620 (Request 365/507)
[2024-11-24T22:42:19.516+0000] {usa_spending_extraction_script.py:71} INFO - Fetching data for award ID: ASST_NON_B-19-MC-72-0020_8620 (Request 366/507)
[2024-11-24T22:42:22.083+0000] {usa_spending_extraction_script.py:71} INFO - Fetching data for award ID: ASST_NON_B-18-MC-72-0024_8620 (Request 367/507)
[2024-11-24T22:42:26.202+0000] {usa_spending_extraction_script.py:71} INFO - Fetching data for award ID: ASST_NON_B-15-MC-72-0024_8620 (Request 368/507)
[2024-11-24T22:42:28.598+0000] {usa_spending_extraction_script.py:71} INFO - Fetching data for award ID: ASST_NON_B-15-MC-72-0016_8620 (Request 369/507)
[2024-11-24T22:42:31.217+0000] {usa_spending_extraction_script.py:71} INFO - Fetching data for award ID: ASST_NON_B-17-MC-72-0013_8620 (Request 370/507)
[2024-11-24T22:42:33.748+0000] {usa_spending_extraction_script.py:71} INFO - Fetching data for award ID: ASST_NON_B-20-MW-72-0018_8620 (Request 371/507)
[2024-11-24T22:42:36.309+0000] {usa_spending_extraction_script.py:71} INFO - Fetching data for award ID: ASST_NON_B-12-MC-72-0021_8620 (Request 372/507)
[2024-11-24T22:42:38.751+0000] {usa_spending_extraction_script.py:71} INFO - Fetching data for award ID: ASST_NON_B-17-MC-72-0006_8620 (Request 373/507)
[2024-11-24T22:42:41.228+0000] {usa_spending_extraction_script.py:71} INFO - Fetching data for award ID: ASST_NON_B-14-MC-72-0026_8620 (Request 374/507)
[2024-11-24T22:42:43.737+0000] {usa_spending_extraction_script.py:71} INFO - Fetching data for award ID: ASST_NON_B-18-MC-72-0016_8620 (Request 375/507)
[2024-11-24T22:42:46.413+0000] {usa_spending_extraction_script.py:71} INFO - Fetching data for award ID: ASST_NON_B-14-MC-72-0019_8620 (Request 376/507)
[2024-11-24T22:42:49.131+0000] {usa_spending_extraction_script.py:71} INFO - Fetching data for award ID: ASST_NON_B-14-MC-72-0018_8620 (Request 377/507)
[2024-11-24T22:42:51.555+0000] {usa_spending_extraction_script.py:71} INFO - Fetching data for award ID: ASST_NON_B-24-MC-72-0013_8620 (Request 378/507)
[2024-11-24T22:42:53.947+0000] {usa_spending_extraction_script.py:71} INFO - Fetching data for award ID: ASST_NON_B-18-MC-72-0018_8620 (Request 379/507)
[2024-11-24T22:42:56.459+0000] {usa_spending_extraction_script.py:71} INFO - Fetching data for award ID: ASST_NON_B-21-MC-72-0024_8620 (Request 380/507)
[2024-11-24T22:43:00.248+0000] {usa_spending_extraction_script.py:71} INFO - Fetching data for award ID: ASST_NON_B-12-MC-72-0018_8620 (Request 381/507)
[2024-11-24T22:43:02.635+0000] {usa_spending_extraction_script.py:71} INFO - Fetching data for award ID: ASST_NON_B-19-MC-72-0018_8620 (Request 382/507)
[2024-11-24T22:43:05.233+0000] {usa_spending_extraction_script.py:71} INFO - Fetching data for award ID: ASST_NON_B-15-MC-72-0022_8620 (Request 383/507)
[2024-11-24T22:43:07.800+0000] {usa_spending_extraction_script.py:71} INFO - Fetching data for award ID: ASST_NON_B-20-MC-72-0018_8620 (Request 384/507)
[2024-11-24T22:43:10.801+0000] {usa_spending_extraction_script.py:71} INFO - Fetching data for award ID: ASST_NON_B-22-MC-72-0024_8620 (Request 385/507)
[2024-11-24T22:43:13.268+0000] {usa_spending_extraction_script.py:71} INFO - Fetching data for award ID: ASST_NON_B-20-MC-72-0024_8620 (Request 386/507)
[2024-11-24T22:43:15.695+0000] {usa_spending_extraction_script.py:71} INFO - Fetching data for award ID: ASST_NON_B-20-MC-72-0020_8620 (Request 387/507)
[2024-11-24T22:43:18.368+0000] {usa_spending_extraction_script.py:71} INFO - Fetching data for award ID: ASST_NON_B-16-MC-72-0019_8620 (Request 388/507)
[2024-11-24T22:43:20.752+0000] {usa_spending_extraction_script.py:71} INFO - Fetching data for award ID: ASST_NON_B-21-MC-72-0020_8620 (Request 389/507)
[2024-11-24T22:43:23.560+0000] {usa_spending_extraction_script.py:71} INFO - Fetching data for award ID: ASST_NON_B-16-MC-72-0022_8620 (Request 390/507)
[2024-11-24T22:43:26.073+0000] {usa_spending_extraction_script.py:71} INFO - Fetching data for award ID: ASST_NON_B-19-MC-72-0016_8620 (Request 391/507)
[2024-11-24T22:43:29.198+0000] {usa_spending_extraction_script.py:71} INFO - Fetching data for award ID: ASST_NON_B-19-MC-72-0024_8620 (Request 392/507)
[2024-11-24T22:43:31.625+0000] {usa_spending_extraction_script.py:71} INFO - Fetching data for award ID: ASST_NON_B-20-MC-72-0016_8620 (Request 393/507)
[2024-11-24T22:43:34.847+0000] {usa_spending_extraction_script.py:71} INFO - Fetching data for award ID: ASST_NON_B-17-MC-72-0022_8620 (Request 394/507)
[2024-11-24T22:43:37.239+0000] {usa_spending_extraction_script.py:71} INFO - Fetching data for award ID: ASST_NON_B-16-MC-72-0016_8620 (Request 395/507)
[2024-11-24T22:43:39.633+0000] {usa_spending_extraction_script.py:71} INFO - Fetching data for award ID: ASST_NON_B-22-MC-72-0020_8620 (Request 396/507)
[2024-11-24T22:43:42.086+0000] {usa_spending_extraction_script.py:71} INFO - Fetching data for award ID: ASST_NON_B-23-MC-72-0020_8620 (Request 397/507)
[2024-11-24T22:43:44.497+0000] {usa_spending_extraction_script.py:71} INFO - Fetching data for award ID: ASST_NON_B-16-MC-72-0024_8620 (Request 398/507)
[2024-11-24T22:43:47.181+0000] {usa_spending_extraction_script.py:71} INFO - Fetching data for award ID: ASST_NON_B-20-MW-72-0019_8620 (Request 399/507)
[2024-11-24T22:43:49.577+0000] {usa_spending_extraction_script.py:71} INFO - Fetching data for award ID: ASST_NON_B-15-MC-72-0018_8620 (Request 400/507)
[2024-11-24T22:43:52.281+0000] {usa_spending_extraction_script.py:71} INFO - Fetching data for award ID: ASST_NON_B-23-MC-72-0018_8620 (Request 401/507)
[2024-11-24T22:43:54.694+0000] {usa_spending_extraction_script.py:71} INFO - Fetching data for award ID: ASST_NON_B-21-MC-72-0016_8620 (Request 402/507)
[2024-11-24T22:43:57.289+0000] {usa_spending_extraction_script.py:71} INFO - Fetching data for award ID: ASST_NON_B-24-MC-72-0020_8620 (Request 403/507)
[2024-11-24T22:44:00.060+0000] {usa_spending_extraction_script.py:71} INFO - Fetching data for award ID: ASST_NON_B-14-MC-72-0023_8620 (Request 404/507)
[2024-11-24T22:44:02.441+0000] {usa_spending_extraction_script.py:71} INFO - Fetching data for award ID: ASST_NON_B-18-MC-72-0019_8620 (Request 405/507)
[2024-11-24T22:44:05.241+0000] {usa_spending_extraction_script.py:71} INFO - Fetching data for award ID: ASST_NON_B-21-MC-72-0019_8620 (Request 406/507)
[2024-11-24T22:44:07.874+0000] {usa_spending_extraction_script.py:71} INFO - Fetching data for award ID: ASST_NON_B-22-MC-72-0018_8620 (Request 407/507)
[2024-11-24T22:44:10.345+0000] {usa_spending_extraction_script.py:71} INFO - Fetching data for award ID: ASST_NON_B-20-MC-72-0019_8620 (Request 408/507)
[2024-11-24T22:44:13.863+0000] {usa_spending_extraction_script.py:71} INFO - Fetching data for award ID: ASST_NON_B-24-MC-72-0024_8620 (Request 409/507)
[2024-11-24T22:44:16.587+0000] {usa_spending_extraction_script.py:71} INFO - Fetching data for award ID: ASST_NON_B-20-MC-72-0023_8620 (Request 410/507)
[2024-11-24T22:44:18.965+0000] {usa_spending_extraction_script.py:71} INFO - Fetching data for award ID: ASST_NON_B-20-MW-72-0014_8620 (Request 411/507)
[2024-11-24T22:44:21.403+0000] {usa_spending_extraction_script.py:71} INFO - Fetching data for award ID: ASST_NON_B-15-MC-72-0027_8620 (Request 412/507)
[2024-11-24T22:44:23.779+0000] {usa_spending_extraction_script.py:71} INFO - Fetching data for award ID: ASST_NON_B-17-MC-72-0019_8620 (Request 413/507)
[2024-11-24T22:44:26.653+0000] {usa_spending_extraction_script.py:71} INFO - Fetching data for award ID: ASST_NON_B-17-MC-72-0024_8620 (Request 414/507)
[2024-11-24T22:44:29.177+0000] {usa_spending_extraction_script.py:71} INFO - Fetching data for award ID: ASST_NON_B-23-MC-72-0024_8620 (Request 415/507)
[2024-11-24T22:44:33.699+0000] {usa_spending_extraction_script.py:71} INFO - Fetching data for award ID: ASST_NON_B-15-MC-72-0026_8620 (Request 416/507)
[2024-11-24T22:44:36.291+0000] {usa_spending_extraction_script.py:71} INFO - Fetching data for award ID: ASST_NON_B-23-MC-72-0019_8620 (Request 417/507)
[2024-11-24T22:44:39.415+0000] {usa_spending_extraction_script.py:71} INFO - Fetching data for award ID: ASST_NON_B-22-MC-72-0019_8620 (Request 418/507)
[2024-11-24T22:44:42.501+0000] {usa_spending_extraction_script.py:71} INFO - Fetching data for award ID: ASST_NON_B-17-MC-72-0018_8620 (Request 419/507)
[2024-11-24T22:44:44.874+0000] {usa_spending_extraction_script.py:71} INFO - Fetching data for award ID: ASST_NON_B-22-MC-72-0016_8620 (Request 420/507)
[2024-11-24T22:44:47.392+0000] {usa_spending_extraction_script.py:71} INFO - Fetching data for award ID: ASST_NON_B-17-MC-72-0016_8620 (Request 421/507)
[2024-11-24T22:44:50.133+0000] {usa_spending_extraction_script.py:71} INFO - Fetching data for award ID: ASST_NON_B-20-MW-72-0024_8620 (Request 422/507)
[2024-11-24T22:44:52.597+0000] {usa_spending_extraction_script.py:71} INFO - Fetching data for award ID: ASST_NON_B-23-MC-72-0016_8620 (Request 423/507)
[2024-11-24T22:44:55.009+0000] {usa_spending_extraction_script.py:71} INFO - Fetching data for award ID: ASST_NON_B-18-MC-72-0023_8620 (Request 424/507)
[2024-11-24T22:44:57.524+0000] {usa_spending_extraction_script.py:71} INFO - Fetching data for award ID: ASST_NON_B-16-MC-72-0018_8620 (Request 425/507)
[2024-11-24T22:45:00.034+0000] {usa_spending_extraction_script.py:71} INFO - Fetching data for award ID: ASST_NON_B-19-MC-72-0019_8620 (Request 426/507)
[2024-11-24T22:45:02.470+0000] {usa_spending_extraction_script.py:71} INFO - Fetching data for award ID: ASST_NON_B-20-MW-72-0020_8620 (Request 427/507)
[2024-11-24T22:45:05.026+0000] {usa_spending_extraction_script.py:71} INFO - Fetching data for award ID: ASST_NON_B-15-MC-72-0023_8620 (Request 428/507)
[2024-11-24T22:45:07.533+0000] {usa_spending_extraction_script.py:71} INFO - Fetching data for award ID: ASST_NON_B-18-MC-72-0026_8620 (Request 429/507)
[2024-11-24T22:45:09.924+0000] {usa_spending_extraction_script.py:71} INFO - Fetching data for award ID: ASST_NON_B-19-MC-72-0023_8620 (Request 430/507)
[2024-11-24T22:45:12.482+0000] {usa_spending_extraction_script.py:71} INFO - Fetching data for award ID: ASST_NON_B-21-MC-72-0023_8620 (Request 431/507)
[2024-11-24T22:45:14.889+0000] {usa_spending_extraction_script.py:71} INFO - Fetching data for award ID: ASST_NON_B-12-MC-72-0025_8620 (Request 432/507)
[2024-11-24T22:45:17.330+0000] {usa_spending_extraction_script.py:71} INFO - Fetching data for award ID: ASST_NON_B-20-MC-72-0026_8620 (Request 433/507)
[2024-11-24T22:45:19.730+0000] {usa_spending_extraction_script.py:71} INFO - Fetching data for award ID: ASST_NON_B-19-MC-72-0026_8620 (Request 434/507)
[2024-11-24T22:45:22.221+0000] {usa_spending_extraction_script.py:71} INFO - Fetching data for award ID: ASST_NON_B-14-MC-72-0015_8620 (Request 435/507)
[2024-11-24T22:45:24.958+0000] {usa_spending_extraction_script.py:71} INFO - Fetching data for award ID: ASST_NON_B-21-MC-72-0026_8620 (Request 436/507)
[2024-11-24T22:45:27.545+0000] {usa_spending_extraction_script.py:71} INFO - Fetching data for award ID: ASST_NON_B-12-MC-72-0012_8620 (Request 437/507)
[2024-11-24T22:45:30.045+0000] {usa_spending_extraction_script.py:71} INFO - Fetching data for award ID: ASST_NON_B-24-MC-72-0026_8620 (Request 438/507)
[2024-11-24T22:45:32.508+0000] {usa_spending_extraction_script.py:71} INFO - Fetching data for award ID: ASST_NON_B-18-MC-72-0015_8620 (Request 439/507)
[2024-11-24T22:45:34.986+0000] {usa_spending_extraction_script.py:71} INFO - Fetching data for award ID: ASST_NON_B-20-MC-72-0015_8620 (Request 440/507)
[2024-11-24T22:45:37.410+0000] {usa_spending_extraction_script.py:71} INFO - Fetching data for award ID: ASST_NON_B-19-MC-72-0015_8620 (Request 441/507)
[2024-11-24T22:45:40.213+0000] {usa_spending_extraction_script.py:71} INFO - Fetching data for award ID: ASST_NON_B-24-MC-72-0019_8620 (Request 442/507)
[2024-11-24T22:45:42.887+0000] {usa_spending_extraction_script.py:71} INFO - Fetching data for award ID: ASST_NON_B-16-MC-72-0023_8620 (Request 443/507)
[2024-11-24T22:45:45.280+0000] {usa_spending_extraction_script.py:71} INFO - Fetching data for award ID: ASST_NON_B-24-MC-72-0018_8620 (Request 444/507)
[2024-11-24T22:45:47.835+0000] {usa_spending_extraction_script.py:71} INFO - Fetching data for award ID: ASST_NON_B-20-MW-72-0015_8620 (Request 445/507)
[2024-11-24T22:45:50.296+0000] {usa_spending_extraction_script.py:71} INFO - Fetching data for award ID: ASST_NON_B-21-MC-72-0015_8620 (Request 446/507)
[2024-11-24T22:45:52.716+0000] {usa_spending_extraction_script.py:71} INFO - Fetching data for award ID: ASST_NON_B-16-MC-72-0026_8620 (Request 447/507)
[2024-11-24T22:45:55.549+0000] {usa_spending_extraction_script.py:71} INFO - Fetching data for award ID: ASST_NON_B-20-MW-72-0023_8620 (Request 448/507)
[2024-11-24T22:45:58.028+0000] {usa_spending_extraction_script.py:71} INFO - Fetching data for award ID: ASST_NON_B-15-MC-72-0015_8620 (Request 449/507)
[2024-11-24T22:46:00.422+0000] {usa_spending_extraction_script.py:71} INFO - Fetching data for award ID: ASST_NON_B-22-MC-72-0023_8620 (Request 450/507)
[2024-11-24T22:46:02.826+0000] {usa_spending_extraction_script.py:71} INFO - Fetching data for award ID: ASST_NON_B-17-MC-72-0026_8620 (Request 451/507)
[2024-11-24T22:46:05.233+0000] {usa_spending_extraction_script.py:71} INFO - Fetching data for award ID: ASST_NON_B-22-MC-72-0026_8620 (Request 452/507)
[2024-11-24T22:46:07.635+0000] {usa_spending_extraction_script.py:71} INFO - Fetching data for award ID: ASST_NON_B-23-MC-72-0023_8620 (Request 453/507)
[2024-11-24T22:46:10.116+0000] {usa_spending_extraction_script.py:71} INFO - Fetching data for award ID: ASST_NON_B-16-MC-72-0027_8620 (Request 454/507)
[2024-11-24T22:46:12.561+0000] {usa_spending_extraction_script.py:71} INFO - Fetching data for award ID: ASST_NON_B-13-MC-72-0012_8620 (Request 455/507)
[2024-11-24T22:46:14.982+0000] {usa_spending_extraction_script.py:71} INFO - Fetching data for award ID: ASST_NON_B-23-MC-72-0026_8620 (Request 456/507)
[2024-11-24T22:46:17.436+0000] {usa_spending_extraction_script.py:71} INFO - Fetching data for award ID: ASST_NON_B-16-MC-72-0015_8620 (Request 457/507)
[2024-11-24T22:46:19.825+0000] {usa_spending_extraction_script.py:71} INFO - Fetching data for award ID: ASST_NON_B-14-MC-72-0021_8620 (Request 458/507)
[2024-11-24T22:46:22.258+0000] {usa_spending_extraction_script.py:71} INFO - Fetching data for award ID: ASST_NON_B-17-MC-72-0023_8620 (Request 459/507)
[2024-11-24T22:46:24.641+0000] {usa_spending_extraction_script.py:71} INFO - Fetching data for award ID: ASST_NON_B-17-MC-72-0015_8620 (Request 460/507)
[2024-11-24T22:46:27.134+0000] {usa_spending_extraction_script.py:71} INFO - Fetching data for award ID: ASST_NON_B-20-MW-72-0026_8620 (Request 461/507)
[2024-11-24T22:46:29.729+0000] {usa_spending_extraction_script.py:71} INFO - Fetching data for award ID: ASST_NON_B-22-MC-72-0015_8620 (Request 462/507)
[2024-11-24T22:46:32.116+0000] {usa_spending_extraction_script.py:71} INFO - Fetching data for award ID: ASST_NON_B-20-MC-72-0021_8620 (Request 463/507)
[2024-11-24T22:46:34.571+0000] {usa_spending_extraction_script.py:71} INFO - Fetching data for award ID: ASST_NON_B-18-MC-72-0027_8620 (Request 464/507)
[2024-11-24T22:46:37.067+0000] {usa_spending_extraction_script.py:71} INFO - Fetching data for award ID: ASST_NON_B-23-MC-72-0015_8620 (Request 465/507)
[2024-11-24T22:46:39.568+0000] {usa_spending_extraction_script.py:71} INFO - Fetching data for award ID: ASST_NON_B-20-MC-72-0027_8620 (Request 466/507)
[2024-11-24T22:46:42.010+0000] {usa_spending_extraction_script.py:71} INFO - Fetching data for award ID: ASST_NON_B-20-MW-72-0021_8620 (Request 467/507)
[2024-11-24T22:46:44.425+0000] {usa_spending_extraction_script.py:71} INFO - Fetching data for award ID: ASST_NON_B-21-MC-72-0021_8620 (Request 468/507)
[2024-11-24T22:46:46.974+0000] {usa_spending_extraction_script.py:71} INFO - Fetching data for award ID: ASST_NON_B-19-MC-72-0027_8620 (Request 469/507)
[2024-11-24T22:46:49.446+0000] {usa_spending_extraction_script.py:71} INFO - Fetching data for award ID: ASST_NON_B-14-MC-72-0012_8620 (Request 470/507)
[2024-11-24T22:46:51.861+0000] {usa_spending_extraction_script.py:71} INFO - Fetching data for award ID: ASST_NON_B-19-MC-72-0021_8620 (Request 471/507)
[2024-11-24T22:46:54.288+0000] {usa_spending_extraction_script.py:71} INFO - Fetching data for award ID: ASST_NON_B-18-MC-72-0021_8620 (Request 472/507)
[2024-11-24T22:46:56.869+0000] {usa_spending_extraction_script.py:71} INFO - Fetching data for award ID: ASST_NON_B-22-MC-72-0021_8620 (Request 473/507)
[2024-11-24T22:46:59.276+0000] {usa_spending_extraction_script.py:71} INFO - Fetching data for award ID: ASST_NON_B-23-MC-72-0021_8620 (Request 474/507)
[2024-11-24T22:47:01.667+0000] {usa_spending_extraction_script.py:71} INFO - Fetching data for award ID: ASST_NON_B-14-MC-72-0025_8620 (Request 475/507)
[2024-11-24T22:47:04.248+0000] {usa_spending_extraction_script.py:71} INFO - Fetching data for award ID: ASST_NON_B-21-MC-72-0027_8620 (Request 476/507)
[2024-11-24T22:47:06.708+0000] {usa_spending_extraction_script.py:71} INFO - Fetching data for award ID: ASST_NON_B-15-MC-72-0021_8620 (Request 477/507)
[2024-11-24T22:47:09.100+0000] {usa_spending_extraction_script.py:71} INFO - Fetching data for award ID: ASST_NON_B-17-MC-72-0027_8620 (Request 478/507)
[2024-11-24T22:47:11.611+0000] {usa_spending_extraction_script.py:71} INFO - Fetching data for award ID: ASST_NON_B-20-MW-72-0012_8620 (Request 479/507)
[2024-11-24T22:47:14.144+0000] {usa_spending_extraction_script.py:71} INFO - Fetching data for award ID: ASST_NON_B-20-MC-72-0025_8620 (Request 480/507)
[2024-11-24T22:47:16.613+0000] {usa_spending_extraction_script.py:71} INFO - Fetching data for award ID: ASST_NON_B-21-MC-72-0025_8620 (Request 481/507)
[2024-11-24T22:47:19.043+0000] {usa_spending_extraction_script.py:71} INFO - Fetching data for award ID: ASST_NON_B-16-MC-72-0021_8620 (Request 482/507)
[2024-11-24T22:47:21.448+0000] {usa_spending_extraction_script.py:71} INFO - Fetching data for award ID: ASST_NON_B-19-MC-72-0025_8620 (Request 483/507)
[2024-11-24T22:47:23.850+0000] {usa_spending_extraction_script.py:71} INFO - Fetching data for award ID: ASST_NON_B-22-MC-72-0027_8620 (Request 484/507)
[2024-11-24T22:47:26.558+0000] {usa_spending_extraction_script.py:71} INFO - Fetching data for award ID: ASST_NON_B-23-MC-72-0027_8620 (Request 485/507)
[2024-11-24T22:47:29.050+0000] {usa_spending_extraction_script.py:71} INFO - Fetching data for award ID: ASST_NON_B-18-MC-72-0025_8620 (Request 486/507)
[2024-11-24T22:47:31.526+0000] {usa_spending_extraction_script.py:71} INFO - Fetching data for award ID: ASST_NON_B-24-MC-72-0021_8620 (Request 487/507)
[2024-11-24T22:47:33.932+0000] {usa_spending_extraction_script.py:71} INFO - Fetching data for award ID: ASST_NON_B-17-MC-72-0021_8620 (Request 488/507)
[2024-11-24T22:47:36.367+0000] {usa_spending_extraction_script.py:71} INFO - Fetching data for award ID: ASST_NON_B-20-MW-72-0025_8620 (Request 489/507)
[2024-11-24T22:47:38.763+0000] {usa_spending_extraction_script.py:71} INFO - Fetching data for award ID: ASST_NON_B-18-MC-72-0012_8620 (Request 490/507)
[2024-11-24T22:47:41.312+0000] {usa_spending_extraction_script.py:71} INFO - Fetching data for award ID: ASST_NON_B-24-MC-72-0025_8620 (Request 491/507)
[2024-11-24T22:47:43.808+0000] {usa_spending_extraction_script.py:71} INFO - Fetching data for award ID: ASST_NON_B-22-MC-72-0025_8620 (Request 492/507)
[2024-11-24T22:47:46.308+0000] {usa_spending_extraction_script.py:71} INFO - Fetching data for award ID: ASST_NON_B-20-MC-72-0012_8620 (Request 493/507)
[2024-11-24T22:47:48.878+0000] {usa_spending_extraction_script.py:71} INFO - Fetching data for award ID: ASST_NON_B-21-MC-72-0012_8620 (Request 494/507)
[2024-11-24T22:47:51.332+0000] {usa_spending_extraction_script.py:71} INFO - Fetching data for award ID: ASST_NON_B-19-MC-72-0012_8620 (Request 495/507)
[2024-11-24T22:47:53.720+0000] {usa_spending_extraction_script.py:71} INFO - Fetching data for award ID: ASST_NON_B-24-MC-72-0027_8620 (Request 496/507)
[2024-11-24T22:47:56.134+0000] {usa_spending_extraction_script.py:71} INFO - Fetching data for award ID: ASST_NON_B-20-MW-72-0027_8620 (Request 497/507)
[2024-11-24T22:47:58.620+0000] {usa_spending_extraction_script.py:71} INFO - Fetching data for award ID: ASST_NON_B-15-MC-72-0025_8620 (Request 498/507)
[2024-11-24T22:48:01.090+0000] {usa_spending_extraction_script.py:71} INFO - Fetching data for award ID: ASST_NON_B-15-MC-72-0012_8620 (Request 499/507)
[2024-11-24T22:48:03.773+0000] {usa_spending_extraction_script.py:71} INFO - Fetching data for award ID: ASST_NON_B-23-MC-72-0025_8620 (Request 500/507)
[2024-11-24T22:48:06.264+0000] {usa_spending_extraction_script.py:71} INFO - Fetching data for award ID: ASST_NON_B-17-MC-72-0012_8620 (Request 501/507)
[2024-11-24T22:48:08.722+0000] {usa_spending_extraction_script.py:71} INFO - Fetching data for award ID: ASST_NON_B-23-MC-72-0012_8620 (Request 502/507)
[2024-11-24T22:48:11.209+0000] {usa_spending_extraction_script.py:71} INFO - Fetching data for award ID: ASST_NON_B-17-MC-72-0025_8620 (Request 503/507)
[2024-11-24T22:48:13.679+0000] {usa_spending_extraction_script.py:71} INFO - Fetching data for award ID: ASST_NON_B-16-MC-72-0025_8620 (Request 504/507)
[2024-11-24T22:48:16.143+0000] {usa_spending_extraction_script.py:71} INFO - Fetching data for award ID: ASST_NON_B-22-MC-72-0012_8620 (Request 505/507)
[2024-11-24T22:48:18.578+0000] {usa_spending_extraction_script.py:71} INFO - Fetching data for award ID: ASST_NON_B-24-MC-72-0012_8620 (Request 506/507)
[2024-11-24T22:48:20.986+0000] {usa_spending_extraction_script.py:71} INFO - Fetching data for award ID: ASST_NON_B-16-MC-72-0012_8620 (Request 507/507)
[2024-11-24T22:48:27.170+0000] {logging_mixin.py:190} INFO - File saved to S3: s3://project-raw-data-files/usa_spending_data/other_data_11_24_2024.csv
[2024-11-24T22:48:27.173+0000] {logging_mixin.py:190} INFO - Extracting Funding Data
[2024-11-24T22:48:27.175+0000] {taskinstance.py:3311} ERROR - Task failed with exception
Traceback (most recent call last):
  File "/home/airflow/.local/lib/python3.12/site-packages/airflow/models/taskinstance.py", line 767, in _execute_task
    result = _execute_callable(context=context, **execute_callable_kwargs)
             ^^^^^^^^^^^^^^^^^^^^^^^^^^^^^^^^^^^^^^^^^^^^^^^^^^^^^^^^^^^^^
  File "/home/airflow/.local/lib/python3.12/site-packages/airflow/models/taskinstance.py", line 733, in _execute_callable
    return ExecutionCallableRunner(
           ^^^^^^^^^^^^^^^^^^^^^^^^
  File "/home/airflow/.local/lib/python3.12/site-packages/airflow/utils/operator_helpers.py", line 252, in run
    return self.func(*args, **kwargs)
           ^^^^^^^^^^^^^^^^^^^^^^^^^^
  File "/home/airflow/.local/lib/python3.12/site-packages/airflow/models/baseoperator.py", line 417, in wrapper
    return func(self, *args, **kwargs)
           ^^^^^^^^^^^^^^^^^^^^^^^^^^^
  File "/home/airflow/.local/lib/python3.12/site-packages/airflow/operators/python.py", line 238, in execute
    return_value = self.execute_callable()
                   ^^^^^^^^^^^^^^^^^^^^^^^
  File "/home/airflow/.local/lib/python3.12/site-packages/airflow/operators/python.py", line 256, in execute_callable
    return runner.run(*self.op_args, **self.op_kwargs)
           ^^^^^^^^^^^^^^^^^^^^^^^^^^^^^^^^^^^^^^^^^^^
  File "/home/airflow/.local/lib/python3.12/site-packages/airflow/utils/operator_helpers.py", line 252, in run
    return self.func(*args, **kwargs)
           ^^^^^^^^^^^^^^^^^^^^^^^^^^
  File "/opt/airflow/dags/data_extraction/usa_spending_extraction_script.py", line 435, in extract_usa_spending_data
    df_funding_data = get_all_funding_data(df_spending_by_award)
                      ^^^^^^^^^^^^^^^^^^^^^^^^^^^^^^^^^^^^^^^^^^
TypeError: get_all_funding_data() missing 1 required positional argument: 'df_spending_by_award'
[2024-11-24T22:48:27.210+0000] {taskinstance.py:1225} INFO - Marking task as FAILED. dag_id=ETL_usa_spending, task_id=extract_usa_spending_data_task, run_id=manual__2024-11-24T22:24:42.151283+00:00, execution_date=20241124T222442, start_date=20241124T222447, end_date=20241124T224827
[2024-11-24T22:48:27.252+0000] {taskinstance.py:340} INFO - ::group::Post task execution logs
[2024-11-24T22:48:27.253+0000] {standard_task_runner.py:124} ERROR - Failed to execute job 222 for task extract_usa_spending_data_task (get_all_funding_data() missing 1 required positional argument: 'df_spending_by_award'; 2074)
Traceback (most recent call last):
  File "/home/airflow/.local/lib/python3.12/site-packages/airflow/task/task_runner/standard_task_runner.py", line 117, in _start_by_fork
    ret = args.func(args, dag=self.dag)
          ^^^^^^^^^^^^^^^^^^^^^^^^^^^^^
  File "/home/airflow/.local/lib/python3.12/site-packages/airflow/cli/cli_config.py", line 49, in command
    return func(*args, **kwargs)
           ^^^^^^^^^^^^^^^^^^^^^
  File "/home/airflow/.local/lib/python3.12/site-packages/airflow/utils/cli.py", line 116, in wrapper
    return f(*args, **kwargs)
           ^^^^^^^^^^^^^^^^^^
  File "/home/airflow/.local/lib/python3.12/site-packages/airflow/cli/commands/task_command.py", line 483, in task_run
    task_return_code = _run_task_by_selected_method(args, _dag, ti)
                       ^^^^^^^^^^^^^^^^^^^^^^^^^^^^^^^^^^^^^^^^^^^^
  File "/home/airflow/.local/lib/python3.12/site-packages/airflow/cli/commands/task_command.py", line 256, in _run_task_by_selected_method
    return _run_raw_task(args, ti)
           ^^^^^^^^^^^^^^^^^^^^^^^
  File "/home/airflow/.local/lib/python3.12/site-packages/airflow/cli/commands/task_command.py", line 341, in _run_raw_task
    return ti._run_raw_task(
           ^^^^^^^^^^^^^^^^^
  File "/home/airflow/.local/lib/python3.12/site-packages/airflow/utils/session.py", line 97, in wrapper
    return func(*args, session=session, **kwargs)
           ^^^^^^^^^^^^^^^^^^^^^^^^^^^^^^^^^^^^^^
  File "/home/airflow/.local/lib/python3.12/site-packages/airflow/models/taskinstance.py", line 3005, in _run_raw_task
    return _run_raw_task(
           ^^^^^^^^^^^^^^
  File "/home/airflow/.local/lib/python3.12/site-packages/airflow/models/taskinstance.py", line 273, in _run_raw_task
    TaskInstance._execute_task_with_callbacks(
  File "/home/airflow/.local/lib/python3.12/site-packages/airflow/models/taskinstance.py", line 3159, in _execute_task_with_callbacks
    result = self._execute_task(context, task_orig)
             ^^^^^^^^^^^^^^^^^^^^^^^^^^^^^^^^^^^^^^
  File "/home/airflow/.local/lib/python3.12/site-packages/airflow/models/taskinstance.py", line 3183, in _execute_task
    return _execute_task(self, context, task_orig)
           ^^^^^^^^^^^^^^^^^^^^^^^^^^^^^^^^^^^^^^^
  File "/home/airflow/.local/lib/python3.12/site-packages/airflow/models/taskinstance.py", line 767, in _execute_task
    result = _execute_callable(context=context, **execute_callable_kwargs)
             ^^^^^^^^^^^^^^^^^^^^^^^^^^^^^^^^^^^^^^^^^^^^^^^^^^^^^^^^^^^^^
  File "/home/airflow/.local/lib/python3.12/site-packages/airflow/models/taskinstance.py", line 733, in _execute_callable
    return ExecutionCallableRunner(
           ^^^^^^^^^^^^^^^^^^^^^^^^
  File "/home/airflow/.local/lib/python3.12/site-packages/airflow/utils/operator_helpers.py", line 252, in run
    return self.func(*args, **kwargs)
           ^^^^^^^^^^^^^^^^^^^^^^^^^^
  File "/home/airflow/.local/lib/python3.12/site-packages/airflow/models/baseoperator.py", line 417, in wrapper
    return func(self, *args, **kwargs)
           ^^^^^^^^^^^^^^^^^^^^^^^^^^^
  File "/home/airflow/.local/lib/python3.12/site-packages/airflow/operators/python.py", line 238, in execute
    return_value = self.execute_callable()
                   ^^^^^^^^^^^^^^^^^^^^^^^
  File "/home/airflow/.local/lib/python3.12/site-packages/airflow/operators/python.py", line 256, in execute_callable
    return runner.run(*self.op_args, **self.op_kwargs)
           ^^^^^^^^^^^^^^^^^^^^^^^^^^^^^^^^^^^^^^^^^^^
  File "/home/airflow/.local/lib/python3.12/site-packages/airflow/utils/operator_helpers.py", line 252, in run
    return self.func(*args, **kwargs)
           ^^^^^^^^^^^^^^^^^^^^^^^^^^
  File "/opt/airflow/dags/data_extraction/usa_spending_extraction_script.py", line 435, in extract_usa_spending_data
    df_funding_data = get_all_funding_data(df_spending_by_award)
                      ^^^^^^^^^^^^^^^^^^^^^^^^^^^^^^^^^^^^^^^^^^
TypeError: get_all_funding_data() missing 1 required positional argument: 'df_spending_by_award'
[2024-11-24T22:48:27.337+0000] {local_task_job_runner.py:266} INFO - Task exited with return code 1
[2024-11-24T22:48:27.429+0000] {taskinstance.py:3895} INFO - 0 downstream tasks scheduled from follow-on schedule check
[2024-11-24T22:48:27.441+0000] {local_task_job_runner.py:245} INFO - ::endgroup::
