[2024-12-02T18:08:55.298+0000] {local_task_job_runner.py:123} INFO - ::group::Pre task execution logs
[2024-12-02T18:08:55.317+0000] {taskinstance.py:2613} INFO - Dependencies all met for dep_context=non-requeueable deps ti=<TaskInstance: ETL_history_reports.ingest_history_reports_task manual__2024-12-02T18:08:38.357953+00:00 [queued]>
[2024-12-02T18:08:55.328+0000] {taskinstance.py:2613} INFO - Dependencies all met for dep_context=requeueable deps ti=<TaskInstance: ETL_history_reports.ingest_history_reports_task manual__2024-12-02T18:08:38.357953+00:00 [queued]>
[2024-12-02T18:08:55.329+0000] {taskinstance.py:2866} INFO - Starting attempt 1 of 1
[2024-12-02T18:08:55.348+0000] {taskinstance.py:2889} INFO - Executing <Task(PythonOperator): ingest_history_reports_task> on 2024-12-02 18:08:38.357953+00:00
[2024-12-02T18:08:55.359+0000] {logging_mixin.py:190} WARNING - /home/***/.local/lib/python3.12/site-packages/***/task/task_runner/standard_task_runner.py:70 DeprecationWarning: This process (pid=62421) is multi-threaded, use of fork() may lead to deadlocks in the child.
[2024-12-02T18:08:55.358+0000] {standard_task_runner.py:104} INFO - Running: ['***', 'tasks', 'run', 'ETL_history_reports', 'ingest_history_reports_task', 'manual__2024-12-02T18:08:38.357953+00:00', '--job-id', '489', '--raw', '--subdir', 'DAGS_FOLDER/history_reports_dag.py', '--cfg-path', '/tmp/tmpibcby84p']
[2024-12-02T18:08:55.361+0000] {standard_task_runner.py:72} INFO - Started process 62423 to run task
[2024-12-02T18:08:55.361+0000] {standard_task_runner.py:105} INFO - Job 489: Subtask ingest_history_reports_task
[2024-12-02T18:08:55.414+0000] {task_command.py:467} INFO - Running <TaskInstance: ETL_history_reports.ingest_history_reports_task manual__2024-12-02T18:08:38.357953+00:00 [running]> on host 6a246d8d590f
[2024-12-02T18:08:55.726+0000] {taskinstance.py:3132} INFO - Exporting env vars: AIRFLOW_CTX_DAG_OWNER='***' AIRFLOW_CTX_DAG_ID='ETL_history_reports' AIRFLOW_CTX_TASK_ID='ingest_history_reports_task' AIRFLOW_CTX_EXECUTION_DATE='2024-12-02T18:08:38.357953+00:00' AIRFLOW_CTX_TRY_NUMBER='1' AIRFLOW_CTX_DAG_RUN_ID='manual__2024-12-02T18:08:38.357953+00:00'
[2024-12-02T18:08:55.729+0000] {taskinstance.py:731} INFO - ::endgroup::
[2024-12-02T18:08:56.125+0000] {logging_mixin.py:190} INFO - Ingesting new data into disaster
[2024-12-02T18:08:56.681+0000] {logging_mixin.py:190} INFO - Data successfully written to table disaster.
[2024-12-02T18:08:56.927+0000] {logging_mixin.py:190} INFO - File moved from s3://project-processed-data/history_reports/disaster_events_8_1_2024.csv to s3://project-processed-data/archived/history_reports/disaster_events_8_1_2024.csv
[2024-12-02T18:08:57.195+0000] {logging_mixin.py:190} INFO - Ingesting new data into grantee
[2024-12-02T18:08:57.834+0000] {logging_mixin.py:190} INFO - Data successfully written to table grantee.
[2024-12-02T18:08:58.081+0000] {logging_mixin.py:190} INFO - File moved from s3://project-processed-data/history_reports/grantee_8_1_2024.csv to s3://project-processed-data/archived/history_reports/grantee_8_1_2024.csv
[2024-12-02T18:08:58.266+0000] {logging_mixin.py:190} INFO - Ingesting new data into granthistory
[2024-12-02T18:08:59.500+0000] {logging_mixin.py:190} INFO - Data successfully written to table granthistory.
[2024-12-02T18:08:59.775+0000] {logging_mixin.py:190} INFO - File moved from s3://project-processed-data/history_reports/grant_8_1_2024.csv to s3://project-processed-data/archived/history_reports/grant_8_1_2024.csv
[2024-12-02T18:08:59.969+0000] {logging_mixin.py:190} INFO - Ingesting new data into publiclaw
[2024-12-02T18:09:00.569+0000] {logging_mixin.py:190} INFO - Data successfully written to table publiclaw.
[2024-12-02T18:09:00.848+0000] {logging_mixin.py:190} INFO - File moved from s3://project-processed-data/history_reports/public_law_numbers_8_1_2024.csv to s3://project-processed-data/archived/history_reports/public_law_numbers_8_1_2024.csv
[2024-12-02T18:09:01.029+0000] {logging_mixin.py:190} INFO - Ingesting new data into disasterpubliclaw
[2024-12-02T18:09:01.699+0000] {logging_mixin.py:190} INFO - Data successfully written to table disasterpubliclaw.
[2024-12-02T18:09:01.939+0000] {logging_mixin.py:190} INFO - File moved from s3://project-processed-data/history_reports/disaster_public_law_8_1_2024.csv to s3://project-processed-data/archived/history_reports/disaster_public_law_8_1_2024.csv
[2024-12-02T18:09:01.941+0000] {python.py:240} INFO - Done. Returned value was: None
[2024-12-02T18:09:01.953+0000] {taskinstance.py:340} INFO - ::group::Post task execution logs
[2024-12-02T18:09:01.954+0000] {taskinstance.py:352} INFO - Marking task as SUCCESS. dag_id=ETL_history_reports, task_id=ingest_history_reports_task, run_id=manual__2024-12-02T18:08:38.357953+00:00, execution_date=20241202T180838, start_date=20241202T180855, end_date=20241202T180901
[2024-12-02T18:09:02.003+0000] {local_task_job_runner.py:266} INFO - Task exited with return code 0
[2024-12-02T18:09:02.022+0000] {taskinstance.py:3895} INFO - 0 downstream tasks scheduled from follow-on schedule check
[2024-12-02T18:09:02.025+0000] {local_task_job_runner.py:245} INFO - ::endgroup::
