[2024-12-02T17:53:57.020+0000] {local_task_job_runner.py:123} INFO - ::group::Pre task execution logs
[2024-12-02T17:53:57.042+0000] {taskinstance.py:2613} INFO - Dependencies all met for dep_context=non-requeueable deps ti=<TaskInstance: ETL_history_reports.ingest_history_reports_task manual__2024-12-02T17:53:40.186835+00:00 [queued]>
[2024-12-02T17:53:57.054+0000] {taskinstance.py:2613} INFO - Dependencies all met for dep_context=requeueable deps ti=<TaskInstance: ETL_history_reports.ingest_history_reports_task manual__2024-12-02T17:53:40.186835+00:00 [queued]>
[2024-12-02T17:53:57.055+0000] {taskinstance.py:2866} INFO - Starting attempt 1 of 1
[2024-12-02T17:53:57.078+0000] {taskinstance.py:2889} INFO - Executing <Task(PythonOperator): ingest_history_reports_task> on 2024-12-02 17:53:40.186835+00:00
[2024-12-02T17:53:57.090+0000] {logging_mixin.py:190} WARNING - /home/***/.local/lib/python3.12/site-packages/***/task/task_runner/standard_task_runner.py:70 DeprecationWarning: This process (pid=61530) is multi-threaded, use of fork() may lead to deadlocks in the child.
[2024-12-02T17:53:57.092+0000] {standard_task_runner.py:72} INFO - Started process 61535 to run task
[2024-12-02T17:53:57.090+0000] {standard_task_runner.py:104} INFO - Running: ['***', 'tasks', 'run', 'ETL_history_reports', 'ingest_history_reports_task', 'manual__2024-12-02T17:53:40.186835+00:00', '--job-id', '480', '--raw', '--subdir', 'DAGS_FOLDER/history_reports_dag.py', '--cfg-path', '/tmp/tmppx59oyxq']
[2024-12-02T17:53:57.093+0000] {standard_task_runner.py:105} INFO - Job 480: Subtask ingest_history_reports_task
[2024-12-02T17:53:57.155+0000] {task_command.py:467} INFO - Running <TaskInstance: ETL_history_reports.ingest_history_reports_task manual__2024-12-02T17:53:40.186835+00:00 [running]> on host 6a246d8d590f
[2024-12-02T17:53:57.534+0000] {taskinstance.py:3132} INFO - Exporting env vars: AIRFLOW_CTX_DAG_OWNER='***' AIRFLOW_CTX_DAG_ID='ETL_history_reports' AIRFLOW_CTX_TASK_ID='ingest_history_reports_task' AIRFLOW_CTX_EXECUTION_DATE='2024-12-02T17:53:40.186835+00:00' AIRFLOW_CTX_TRY_NUMBER='1' AIRFLOW_CTX_DAG_RUN_ID='manual__2024-12-02T17:53:40.186835+00:00'
[2024-12-02T17:53:57.535+0000] {taskinstance.py:731} INFO - ::endgroup::
[2024-12-02T17:53:58.033+0000] {logging_mixin.py:190} INFO - Ingesting new data into disaster
[2024-12-02T17:53:58.604+0000] {logging_mixin.py:190} INFO - Data successfully written to table disaster.
[2024-12-02T17:53:58.894+0000] {logging_mixin.py:190} INFO - File moved from s3://project-processed-data/history_reports/disaster_events_10_1_2024.csv to s3://project-processed-data/archived/history_reports/disaster_events_10_1_2024.csv
[2024-12-02T17:53:59.100+0000] {logging_mixin.py:190} INFO - Ingesting new data into grantee
[2024-12-02T17:53:59.699+0000] {logging_mixin.py:190} INFO - Data successfully written to table grantee.
[2024-12-02T17:53:59.932+0000] {logging_mixin.py:190} INFO - File moved from s3://project-processed-data/history_reports/grantee_10_1_2024.csv to s3://project-processed-data/archived/history_reports/grantee_10_1_2024.csv
[2024-12-02T17:54:00.200+0000] {logging_mixin.py:190} INFO - Ingesting new data into granthistory
[2024-12-02T17:54:02.840+0000] {logging_mixin.py:190} INFO - Data successfully written to table granthistory.
[2024-12-02T17:54:03.106+0000] {logging_mixin.py:190} INFO - File moved from s3://project-processed-data/history_reports/grant_10_1_2024.csv to s3://project-processed-data/archived/history_reports/grant_10_1_2024.csv
[2024-12-02T17:54:03.397+0000] {logging_mixin.py:190} INFO - Ingesting new data into publiclaw
[2024-12-02T17:54:04.109+0000] {logging_mixin.py:190} INFO - Data successfully written to table publiclaw.
[2024-12-02T17:54:04.359+0000] {logging_mixin.py:190} INFO - File moved from s3://project-processed-data/history_reports/public_law_numbers_10_1_2024.csv to s3://project-processed-data/archived/history_reports/public_law_numbers_10_1_2024.csv
[2024-12-02T17:54:04.607+0000] {logging_mixin.py:190} INFO - Ingesting new data into disasterpubliclaw
[2024-12-02T17:54:05.270+0000] {logging_mixin.py:190} INFO - Data successfully written to table disasterpubliclaw.
[2024-12-02T17:54:05.505+0000] {logging_mixin.py:190} INFO - File moved from s3://project-processed-data/history_reports/disaster_public_law_10_1_2024.csv to s3://project-processed-data/archived/history_reports/disaster_public_law_10_1_2024.csv
[2024-12-02T17:54:05.509+0000] {python.py:240} INFO - Done. Returned value was: None
[2024-12-02T17:54:05.529+0000] {taskinstance.py:340} INFO - ::group::Post task execution logs
[2024-12-02T17:54:05.530+0000] {taskinstance.py:352} INFO - Marking task as SUCCESS. dag_id=ETL_history_reports, task_id=ingest_history_reports_task, run_id=manual__2024-12-02T17:53:40.186835+00:00, execution_date=20241202T175340, start_date=20241202T175357, end_date=20241202T175405
[2024-12-02T17:54:05.606+0000] {local_task_job_runner.py:266} INFO - Task exited with return code 0
[2024-12-02T17:54:05.638+0000] {taskinstance.py:3895} INFO - 0 downstream tasks scheduled from follow-on schedule check
[2024-12-02T17:54:05.644+0000] {local_task_job_runner.py:245} INFO - ::endgroup::
