[2024-11-19T03:31:59.036+0000] {local_task_job_runner.py:123} INFO - ::group::Pre task execution logs
[2024-11-19T03:31:59.059+0000] {taskinstance.py:2613} INFO - Dependencies all met for dep_context=non-requeueable deps ti=<TaskInstance: ETL_financial_reports.ingest_financial_reports_task manual__2024-11-19T03:31:24.246765+00:00 [queued]>
[2024-11-19T03:31:59.073+0000] {taskinstance.py:2613} INFO - Dependencies all met for dep_context=requeueable deps ti=<TaskInstance: ETL_financial_reports.ingest_financial_reports_task manual__2024-11-19T03:31:24.246765+00:00 [queued]>
[2024-11-19T03:31:59.074+0000] {taskinstance.py:2866} INFO - Starting attempt 1 of 1
[2024-11-19T03:31:59.097+0000] {taskinstance.py:2889} INFO - Executing <Task(PythonOperator): ingest_financial_reports_task> on 2024-11-19 03:31:24.246765+00:00
[2024-11-19T03:31:59.114+0000] {standard_task_runner.py:104} INFO - Running: ['***', 'tasks', 'run', 'ETL_financial_reports', 'ingest_financial_reports_task', 'manual__2024-11-19T03:31:24.246765+00:00', '--job-id', '112', '--raw', '--subdir', 'DAGS_FOLDER/project_dag.py', '--cfg-path', '/tmp/tmpht6phvdi']
[2024-11-19T03:31:59.122+0000] {logging_mixin.py:190} WARNING - /home/***/.local/lib/python3.12/site-packages/***/task/task_runner/standard_task_runner.py:70 DeprecationWarning: This process (pid=30683) is multi-threaded, use of fork() may lead to deadlocks in the child.
[2024-11-19T03:31:59.125+0000] {standard_task_runner.py:105} INFO - Job 112: Subtask ingest_financial_reports_task
[2024-11-19T03:31:59.126+0000] {standard_task_runner.py:72} INFO - Started process 30685 to run task
[2024-11-19T03:31:59.214+0000] {task_command.py:467} INFO - Running <TaskInstance: ETL_financial_reports.ingest_financial_reports_task manual__2024-11-19T03:31:24.246765+00:00 [running]> on host 7da4b16cbed4
[2024-11-19T03:31:59.338+0000] {taskinstance.py:3132} INFO - Exporting env vars: AIRFLOW_CTX_DAG_OWNER='***' AIRFLOW_CTX_DAG_ID='ETL_financial_reports' AIRFLOW_CTX_TASK_ID='ingest_financial_reports_task' AIRFLOW_CTX_EXECUTION_DATE='2024-11-19T03:31:24.246765+00:00' AIRFLOW_CTX_TRY_NUMBER='1' AIRFLOW_CTX_DAG_RUN_ID='manual__2024-11-19T03:31:24.246765+00:00'
[2024-11-19T03:31:59.340+0000] {taskinstance.py:731} INFO - ::endgroup::
[2024-11-19T03:32:00.523+0000] {logging_mixin.py:190} INFO - Error: invalid input syntax for type numeric: " 1.950.362"
LINE 1: ...449536.0, 2008, 164, 95.0, 88.5, 'Slow Spender ', ' 1.950.36...
                                                             ^
[2024-11-19T03:32:01.471+0000] {logging_mixin.py:190} INFO - Error: invalid input syntax for type numeric: " 1.950.362"
LINE 1: ...449536.0, 2008, 166, 95.0, 88.5, 'Slow Spender ', ' 1.950.36...
                                                             ^
[2024-11-19T03:32:01.997+0000] {logging_mixin.py:190} INFO - Error: invalid input syntax for type numeric: " 1.950.362"
LINE 1: ...449536.0, 2008, 167, 95.0, 88.5, 'Slow Spender ', ' 1.950.36...
                                                             ^
[2024-11-19T03:32:02.485+0000] {logging_mixin.py:190} INFO - Error: invalid input syntax for type numeric: " 1.950.362"
LINE 1: ...449536.0, 2008, 168, 95.0, 88.5, 'Slow Spender ', ' 1.950.36...
                                                             ^
[2024-11-19T03:32:03.098+0000] {logging_mixin.py:190} INFO - Error: invalid input syntax for type numeric: " 1.946.862"
LINE 1: ...446036.0, 2008, 169, 95.0, 88.5, 'Slow Spender ', ' 1.946.86...
                                                             ^
[2024-11-19T03:32:03.710+0000] {logging_mixin.py:190} INFO - Error: numeric field overflow
DETAIL:  A field with precision 18, scale 2 must round to an absolute value less than 10^16.
[2024-11-19T03:32:03.711+0000] {python.py:240} INFO - Done. Returned value was: None
[2024-11-19T03:32:03.730+0000] {taskinstance.py:340} INFO - ::group::Post task execution logs
[2024-11-19T03:32:03.731+0000] {taskinstance.py:352} INFO - Marking task as SUCCESS. dag_id=ETL_financial_reports, task_id=ingest_financial_reports_task, run_id=manual__2024-11-19T03:31:24.246765+00:00, execution_date=20241119T033124, start_date=20241119T033159, end_date=20241119T033203
[2024-11-19T03:32:03.765+0000] {local_task_job_runner.py:266} INFO - Task exited with return code 0
[2024-11-19T03:32:03.784+0000] {taskinstance.py:3895} INFO - 0 downstream tasks scheduled from follow-on schedule check
[2024-11-19T03:32:03.787+0000] {local_task_job_runner.py:245} INFO - ::endgroup::
