[2024-11-26T04:47:36.582+0000] {local_task_job_runner.py:123} INFO - ::group::Pre task execution logs
[2024-11-26T04:47:36.601+0000] {taskinstance.py:2613} INFO - Dependencies all met for dep_context=non-requeueable deps ti=<TaskInstance: ETL_usa_spending.ingest_usa_spending_data_task manual__2024-11-26T04:47:28.169731+00:00 [queued]>
[2024-11-26T04:47:36.610+0000] {taskinstance.py:2613} INFO - Dependencies all met for dep_context=requeueable deps ti=<TaskInstance: ETL_usa_spending.ingest_usa_spending_data_task manual__2024-11-26T04:47:28.169731+00:00 [queued]>
[2024-11-26T04:47:36.611+0000] {taskinstance.py:2866} INFO - Starting attempt 1 of 1
[2024-11-26T04:47:36.627+0000] {taskinstance.py:2889} INFO - Executing <Task(PythonOperator): ingest_usa_spending_data_task> on 2024-11-26 04:47:28.169731+00:00
[2024-11-26T04:47:36.636+0000] {standard_task_runner.py:104} INFO - Running: ['***', 'tasks', 'run', 'ETL_usa_spending', 'ingest_usa_spending_data_task', 'manual__2024-11-26T04:47:28.169731+00:00', '--job-id', '349', '--raw', '--subdir', 'DAGS_FOLDER/project_dag.py', '--cfg-path', '/tmp/tmpx8ydyr8q']
[2024-11-26T04:47:36.637+0000] {logging_mixin.py:190} WARNING - /home/***/.local/lib/python3.12/site-packages/***/task/task_runner/standard_task_runner.py:70 DeprecationWarning: This process (pid=11591) is multi-threaded, use of fork() may lead to deadlocks in the child.
[2024-11-26T04:47:36.638+0000] {standard_task_runner.py:105} INFO - Job 349: Subtask ingest_usa_spending_data_task
[2024-11-26T04:47:36.639+0000] {standard_task_runner.py:72} INFO - Started process 11593 to run task
[2024-11-26T04:47:36.688+0000] {task_command.py:467} INFO - Running <TaskInstance: ETL_usa_spending.ingest_usa_spending_data_task manual__2024-11-26T04:47:28.169731+00:00 [running]> on host 6a246d8d590f
[2024-11-26T04:47:36.984+0000] {taskinstance.py:3132} INFO - Exporting env vars: AIRFLOW_CTX_DAG_OWNER='***' AIRFLOW_CTX_DAG_ID='ETL_usa_spending' AIRFLOW_CTX_TASK_ID='ingest_usa_spending_data_task' AIRFLOW_CTX_EXECUTION_DATE='2024-11-26T04:47:28.169731+00:00' AIRFLOW_CTX_TRY_NUMBER='1' AIRFLOW_CTX_DAG_RUN_ID='manual__2024-11-26T04:47:28.169731+00:00'
[2024-11-26T04:47:36.985+0000] {taskinstance.py:731} INFO - ::endgroup::
[2024-11-26T04:47:37.489+0000] {logging_mixin.py:190} INFO - Checking for new data to ingest into subagency
[2024-11-26T04:47:37.820+0000] {logging_mixin.py:190} INFO - Ingesting new data into subagency
[2024-11-26T04:47:38.111+0000] {logging_mixin.py:190} INFO - Error: value too long for type character varying(20)
[2024-11-26T04:47:38.434+0000] {logging_mixin.py:190} INFO - Checking for new data to ingest into grants
[2024-11-26T04:47:38.702+0000] {logging_mixin.py:190} INFO - Ingesting new data into grants
[2024-11-26T04:47:39.008+0000] {logging_mixin.py:190} INFO - Error: insert or update on table "grants" violates foreign key constraint "grants_awarding_sub_agency_code_fkey"
DETAIL:  Key (awarding_sub_agency_code)=(8620) is not present in table "subagency".
[2024-11-26T04:47:39.468+0000] {logging_mixin.py:190} INFO - Checking for new data to ingest into funding
[2024-11-26T04:47:39.737+0000] {logging_mixin.py:190} INFO - Ingesting new data into funding
[2024-11-26T04:47:40.018+0000] {logging_mixin.py:190} INFO - Error: insert or update on table "funding" violates foreign key constraint "funding_grant_id_fkey"
DETAIL:  Key (grant_id)=(B-18-DP-72-0002) is not present in table "grants".
[2024-11-26T04:47:40.353+0000] {logging_mixin.py:190} INFO - Checking for new data to ingest into federalawards
[2024-11-26T04:47:40.632+0000] {logging_mixin.py:190} INFO - Ingesting new data into federalawards
[2024-11-26T04:47:40.900+0000] {logging_mixin.py:190} INFO - Error: insert or update on table "federalawards" violates foreign key constraint "federalawards_grant_id_fkey"
DETAIL:  Key (grant_id)=(B-18-DP-72-0002) is not present in table "grants".
[2024-11-26T04:47:41.228+0000] {logging_mixin.py:190} INFO - Checking for new data to ingest into transactions
[2024-11-26T04:47:41.547+0000] {logging_mixin.py:190} INFO - Ingesting new data into transactions
[2024-11-26T04:47:41.821+0000] {logging_mixin.py:190} INFO - Error: insert or update on table "transactions" violates foreign key constraint "transactions_grant_id_fkey"
DETAIL:  Key (grant_id)=(B-18-DP-72-0002) is not present in table "grants".
[2024-11-26T04:47:42.130+0000] {logging_mixin.py:190} INFO - Checking for new data to ingest into subawards
[2024-11-26T04:47:42.430+0000] {logging_mixin.py:190} INFO - Ingesting new data into subawards
[2024-11-26T04:47:42.741+0000] {logging_mixin.py:190} INFO - Error: insert or update on table "subawards" violates foreign key constraint "subawards_grant_id_fkey"
DETAIL:  Key (grant_id)=(B-18-DP-72-0002) is not present in table "grants".
[2024-11-26T04:47:42.743+0000] {python.py:240} INFO - Done. Returned value was: None
[2024-11-26T04:47:42.753+0000] {taskinstance.py:340} INFO - ::group::Post task execution logs
[2024-11-26T04:47:42.754+0000] {taskinstance.py:352} INFO - Marking task as SUCCESS. dag_id=ETL_usa_spending, task_id=ingest_usa_spending_data_task, run_id=manual__2024-11-26T04:47:28.169731+00:00, execution_date=20241126T044728, start_date=20241126T044736, end_date=20241126T044742
[2024-11-26T04:47:42.797+0000] {local_task_job_runner.py:266} INFO - Task exited with return code 0
[2024-11-26T04:47:42.813+0000] {taskinstance.py:3895} INFO - 0 downstream tasks scheduled from follow-on schedule check
[2024-11-26T04:47:42.816+0000] {local_task_job_runner.py:245} INFO - ::endgroup::
