[2024-11-25T09:05:36.252+0000] {local_task_job_runner.py:123} INFO - ::group::Pre task execution logs
[2024-11-25T09:05:36.270+0000] {taskinstance.py:2613} INFO - Dependencies all met for dep_context=non-requeueable deps ti=<TaskInstance: ETL_history_reports.process_history_reports_task manual__2024-11-25T09:05:27.728921+00:00 [queued]>
[2024-11-25T09:05:36.280+0000] {taskinstance.py:2613} INFO - Dependencies all met for dep_context=requeueable deps ti=<TaskInstance: ETL_history_reports.process_history_reports_task manual__2024-11-25T09:05:27.728921+00:00 [queued]>
[2024-11-25T09:05:36.281+0000] {taskinstance.py:2866} INFO - Starting attempt 1 of 1
[2024-11-25T09:05:36.296+0000] {taskinstance.py:2889} INFO - Executing <Task(PythonOperator): process_history_reports_task> on 2024-11-25 09:05:27.728921+00:00
[2024-11-25T09:05:36.305+0000] {logging_mixin.py:190} WARNING - /home/***/.local/lib/python3.12/site-packages/***/task/task_runner/standard_task_runner.py:70 DeprecationWarning: This process (pid=3367) is multi-threaded, use of fork() may lead to deadlocks in the child.
[2024-11-25T09:05:36.307+0000] {standard_task_runner.py:72} INFO - Started process 3369 to run task
[2024-11-25T09:05:36.305+0000] {standard_task_runner.py:104} INFO - Running: ['***', 'tasks', 'run', 'ETL_history_reports', 'process_history_reports_task', 'manual__2024-11-25T09:05:27.728921+00:00', '--job-id', '292', '--raw', '--subdir', 'DAGS_FOLDER/project_dag.py', '--cfg-path', '/tmp/tmp25z9uymo']
[2024-11-25T09:05:36.309+0000] {standard_task_runner.py:105} INFO - Job 292: Subtask process_history_reports_task
[2024-11-25T09:05:36.359+0000] {task_command.py:467} INFO - Running <TaskInstance: ETL_history_reports.process_history_reports_task manual__2024-11-25T09:05:27.728921+00:00 [running]> on host 6a246d8d590f
[2024-11-25T09:05:36.661+0000] {taskinstance.py:3132} INFO - Exporting env vars: AIRFLOW_CTX_DAG_OWNER='***' AIRFLOW_CTX_DAG_ID='ETL_history_reports' AIRFLOW_CTX_TASK_ID='process_history_reports_task' AIRFLOW_CTX_EXECUTION_DATE='2024-11-25T09:05:27.728921+00:00' AIRFLOW_CTX_TRY_NUMBER='1' AIRFLOW_CTX_DAG_RUN_ID='manual__2024-11-25T09:05:27.728921+00:00'
[2024-11-25T09:05:36.662+0000] {taskinstance.py:731} INFO - ::endgroup::
[2024-11-25T09:05:40.504+0000] {logging_mixin.py:190} INFO - File saved to S3: s3://project-processed-data/history_reports/disaster_events_8_1_2024.csv
[2024-11-25T09:05:40.910+0000] {logging_mixin.py:190} INFO - File saved to S3: s3://project-processed-data/history_reports/grantee_8_1_2024.csv
[2024-11-25T09:05:41.120+0000] {logging_mixin.py:190} INFO - File saved to S3: s3://project-processed-data/history_reports/grant_8_1_2024.csv
[2024-11-25T09:05:41.316+0000] {logging_mixin.py:190} INFO - File saved to S3: s3://project-processed-data/history_reports/public_law_numbers_8_1_2024.csv
[2024-11-25T09:05:41.529+0000] {logging_mixin.py:190} INFO - File saved to S3: s3://project-processed-data/history_reports/disaster_public_law_8_1_2024.csv
[2024-11-25T09:05:41.773+0000] {logging_mixin.py:190} INFO - File moved from s3://project-raw-data-files/history_reports/CDBG_DR_Grant_History_8_1_2024.pdf to s3://project-raw-data-files/archived/history_reports/CDBG_DR_Grant_History_8_1_2024.pdf
[2024-11-25T09:05:41.776+0000] {logging_mixin.py:190} INFO - Processed file saved to S3: s3://project-processed-data/CDBG_DR_Grant_History_8_1_2024.pdf
[2024-11-25T09:05:45.623+0000] {logging_mixin.py:190} INFO - File saved to S3: s3://project-processed-data/history_reports/disaster_events_9_1_2024.csv
[2024-11-25T09:05:45.835+0000] {logging_mixin.py:190} INFO - File saved to S3: s3://project-processed-data/history_reports/grantee_9_1_2024.csv
[2024-11-25T09:05:46.121+0000] {logging_mixin.py:190} INFO - File saved to S3: s3://project-processed-data/history_reports/grant_9_1_2024.csv
[2024-11-25T09:05:46.373+0000] {logging_mixin.py:190} INFO - File saved to S3: s3://project-processed-data/history_reports/public_law_numbers_9_1_2024.csv
[2024-11-25T09:05:46.569+0000] {logging_mixin.py:190} INFO - File saved to S3: s3://project-processed-data/history_reports/disaster_public_law_9_1_2024.csv
[2024-11-25T09:05:46.945+0000] {logging_mixin.py:190} INFO - File moved from s3://project-raw-data-files/history_reports/CDBG_DR_Grant_History_9_1_2024.pdf to s3://project-raw-data-files/archived/history_reports/CDBG_DR_Grant_History_9_1_2024.pdf
[2024-11-25T09:05:46.947+0000] {logging_mixin.py:190} INFO - Processed file saved to S3: s3://project-processed-data/CDBG_DR_Grant_History_9_1_2024.pdf
[2024-11-25T09:05:46.950+0000] {python.py:240} INFO - Done. Returned value was: None
[2024-11-25T09:05:46.960+0000] {taskinstance.py:340} INFO - ::group::Post task execution logs
[2024-11-25T09:05:46.961+0000] {taskinstance.py:352} INFO - Marking task as SUCCESS. dag_id=ETL_history_reports, task_id=process_history_reports_task, run_id=manual__2024-11-25T09:05:27.728921+00:00, execution_date=20241125T090527, start_date=20241125T090536, end_date=20241125T090546
[2024-11-25T09:05:46.992+0000] {local_task_job_runner.py:266} INFO - Task exited with return code 0
[2024-11-25T09:05:47.008+0000] {taskinstance.py:3895} INFO - 0 downstream tasks scheduled from follow-on schedule check
[2024-11-25T09:05:47.011+0000] {local_task_job_runner.py:245} INFO - ::endgroup::
