[2024-11-29T04:55:42.861+0000] {local_task_job_runner.py:123} INFO - ::group::Pre task execution logs
[2024-11-29T04:55:42.881+0000] {taskinstance.py:2613} INFO - Dependencies all met for dep_context=non-requeueable deps ti=<TaskInstance: ETL_quarterly_performance_reports.ingest_performance_reports_task manual__2024-11-29T04:55:36.501325+00:00 [queued]>
[2024-11-29T04:55:42.892+0000] {taskinstance.py:2613} INFO - Dependencies all met for dep_context=requeueable deps ti=<TaskInstance: ETL_quarterly_performance_reports.ingest_performance_reports_task manual__2024-11-29T04:55:36.501325+00:00 [queued]>
[2024-11-29T04:55:42.893+0000] {taskinstance.py:2866} INFO - Starting attempt 1 of 1
[2024-11-29T04:55:42.910+0000] {taskinstance.py:2889} INFO - Executing <Task(PythonOperator): ingest_performance_reports_task> on 2024-11-29 04:55:36.501325+00:00
[2024-11-29T04:55:42.922+0000] {logging_mixin.py:190} WARNING - /home/***/.local/lib/python3.12/site-packages/***/task/task_runner/standard_task_runner.py:70 DeprecationWarning: This process (pid=46207) is multi-threaded, use of fork() may lead to deadlocks in the child.
[2024-11-29T04:55:42.924+0000] {standard_task_runner.py:72} INFO - Started process 46209 to run task
[2024-11-29T04:55:42.922+0000] {standard_task_runner.py:104} INFO - Running: ['***', 'tasks', 'run', 'ETL_quarterly_performance_reports', 'ingest_performance_reports_task', 'manual__2024-11-29T04:55:36.501325+00:00', '--job-id', '468', '--raw', '--subdir', 'DAGS_FOLDER/project_dag.py', '--cfg-path', '/tmp/tmp928psc7a']
[2024-11-29T04:55:42.926+0000] {standard_task_runner.py:105} INFO - Job 468: Subtask ingest_performance_reports_task
[2024-11-29T04:55:42.978+0000] {task_command.py:467} INFO - Running <TaskInstance: ETL_quarterly_performance_reports.ingest_performance_reports_task manual__2024-11-29T04:55:36.501325+00:00 [running]> on host 6a246d8d590f
[2024-11-29T04:55:43.276+0000] {taskinstance.py:3132} INFO - Exporting env vars: AIRFLOW_CTX_DAG_OWNER='***' AIRFLOW_CTX_DAG_ID='ETL_quarterly_performance_reports' AIRFLOW_CTX_TASK_ID='ingest_performance_reports_task' AIRFLOW_CTX_EXECUTION_DATE='2024-11-29T04:55:36.501325+00:00' AIRFLOW_CTX_TRY_NUMBER='1' AIRFLOW_CTX_DAG_RUN_ID='manual__2024-11-29T04:55:36.501325+00:00'
[2024-11-29T04:55:43.278+0000] {taskinstance.py:731} INFO - ::endgroup::
[2024-11-29T04:55:49.484+0000] {logging_mixin.py:190} INFO - Data successfully written to table AmountDescriptions.
[2024-11-29T04:55:49.735+0000] {logging_mixin.py:190} INFO - File moved from s3://project-processed-data/quarterly_performance_reports/amount_description_20241129_044948.csv to s3://project-processed-data/archived/quarterly_performance_reports/amount_description_20241129_044948.csv
[2024-11-29T04:55:51.878+0000] {logging_mixin.py:190} INFO - Data successfully written to table Activities.
[2024-11-29T04:55:52.124+0000] {logging_mixin.py:190} INFO - File moved from s3://project-processed-data/quarterly_performance_reports/activity_20241129_044948.csv to s3://project-processed-data/archived/quarterly_performance_reports/activity_20241129_044948.csv
[2024-11-29T04:56:01.533+0000] {logging_mixin.py:190} INFO - Data successfully written to table PerformanceReports.
[2024-11-29T04:56:01.788+0000] {logging_mixin.py:190} INFO - File moved from s3://project-processed-data/quarterly_performance_reports/performance_reports_20241129_044948.csv to s3://project-processed-data/archived/quarterly_performance_reports/performance_reports_20241129_044948.csv
[2024-11-29T04:56:01.791+0000] {python.py:240} INFO - Done. Returned value was: None
[2024-11-29T04:56:01.800+0000] {taskinstance.py:340} INFO - ::group::Post task execution logs
[2024-11-29T04:56:01.801+0000] {taskinstance.py:352} INFO - Marking task as SUCCESS. dag_id=ETL_quarterly_performance_reports, task_id=ingest_performance_reports_task, run_id=manual__2024-11-29T04:55:36.501325+00:00, execution_date=20241129T045536, start_date=20241129T045542, end_date=20241129T045601
[2024-11-29T04:56:01.846+0000] {local_task_job_runner.py:266} INFO - Task exited with return code 0
[2024-11-29T04:56:01.862+0000] {taskinstance.py:3895} INFO - 0 downstream tasks scheduled from follow-on schedule check
[2024-11-29T04:56:01.865+0000] {local_task_job_runner.py:245} INFO - ::endgroup::
