[2024-11-25T06:47:12.061+0000] {local_task_job_runner.py:123} INFO - ::group::Pre task execution logs
[2024-11-25T06:47:12.078+0000] {taskinstance.py:2613} INFO - Dependencies all met for dep_context=non-requeueable deps ti=<TaskInstance: ETL_usa_spending.extract_usa_spending_data_task scheduled__2024-11-24T00:00:00+00:00 [queued]>
[2024-11-25T06:47:12.088+0000] {taskinstance.py:2613} INFO - Dependencies all met for dep_context=requeueable deps ti=<TaskInstance: ETL_usa_spending.extract_usa_spending_data_task scheduled__2024-11-24T00:00:00+00:00 [queued]>
[2024-11-25T06:47:12.089+0000] {taskinstance.py:2866} INFO - Starting attempt 2 of 1
[2024-11-25T06:47:12.105+0000] {taskinstance.py:2889} INFO - Executing <Task(PythonOperator): extract_usa_spending_data_task> on 2024-11-24 00:00:00+00:00
[2024-11-25T06:47:12.113+0000] {logging_mixin.py:190} WARNING - /home/***/.local/lib/python3.12/site-packages/***/task/task_runner/standard_task_runner.py:70 DeprecationWarning: This process (pid=172) is multi-threaded, use of fork() may lead to deadlocks in the child.
[2024-11-25T06:47:12.115+0000] {standard_task_runner.py:72} INFO - Started process 180 to run task
[2024-11-25T06:47:12.113+0000] {standard_task_runner.py:104} INFO - Running: ['***', 'tasks', 'run', 'ETL_usa_spending', 'extract_usa_spending_data_task', 'scheduled__2024-11-24T00:00:00+00:00', '--job-id', '252', '--raw', '--subdir', 'DAGS_FOLDER/project_dag.py', '--cfg-path', '/tmp/tmp_sby3ed2']
[2024-11-25T06:47:12.116+0000] {standard_task_runner.py:105} INFO - Job 252: Subtask extract_usa_spending_data_task
[2024-11-25T06:47:12.168+0000] {task_command.py:467} INFO - Running <TaskInstance: ETL_usa_spending.extract_usa_spending_data_task scheduled__2024-11-24T00:00:00+00:00 [running]> on host c38f41c7f3f7
[2024-11-25T06:47:12.497+0000] {taskinstance.py:3132} INFO - Exporting env vars: AIRFLOW_CTX_DAG_OWNER='***' AIRFLOW_CTX_DAG_ID='ETL_usa_spending' AIRFLOW_CTX_TASK_ID='extract_usa_spending_data_task' AIRFLOW_CTX_EXECUTION_DATE='2024-11-24T00:00:00+00:00' AIRFLOW_CTX_TRY_NUMBER='2' AIRFLOW_CTX_DAG_RUN_ID='scheduled__2024-11-24T00:00:00+00:00'
[2024-11-25T06:47:12.499+0000] {taskinstance.py:731} INFO - ::endgroup::
[2024-11-25T06:47:12.523+0000] {logging_mixin.py:190} INFO - Extracting Spending Data
[2024-11-25T06:47:17.699+0000] {logging_mixin.py:190} INFO - File saved to S3: s3://project-raw-data-files/usa_spending_data/spending_by_award_11_25_2024.csv
[2024-11-25T06:47:17.701+0000] {logging_mixin.py:190} INFO - Extracting Awards Data
[2024-11-25T06:47:17.708+0000] {usa_spending_extraction_script.py:71} INFO - Fetching data for award ID: ASST_NON_B-18-DP-72-0002_8620 (Request 1/507)
[2024-11-25T06:47:20.054+0000] {usa_spending_extraction_script.py:71} INFO - Fetching data for award ID: ASST_NON_B-18-DP-72-0001_8620 (Request 2/507)
[2024-11-25T06:47:22.420+0000] {usa_spending_extraction_script.py:71} INFO - Fetching data for award ID: ASST_NON_B-18-DE-72-0001_8620 (Request 3/507)
[2024-11-25T06:47:24.839+0000] {usa_spending_extraction_script.py:71} INFO - Fetching data for award ID: ASST_NON_B-17-DM-72-0001_8620 (Request 4/507)
[2024-11-25T06:47:27.298+0000] {usa_spending_extraction_script.py:71} INFO - Fetching data for award ID: ASST_NON_B-19-DP-72-0001_8620 (Request 5/507)
[2024-11-25T06:47:29.653+0000] {usa_spending_extraction_script.py:71} INFO - Fetching data for award ID: ASST_NON_B-21-DZ-72-0001_8620 (Request 6/507)
[2024-11-25T06:47:32.043+0000] {usa_spending_extraction_script.py:71} INFO - Fetching data for award ID: ASST_NON_B-10-DC-72-0001_8620 (Request 7/507)
[2024-11-25T06:47:34.409+0000] {usa_spending_extraction_script.py:71} INFO - Fetching data for award ID: ASST_NON_B-09-DC-72-0001_8620 (Request 8/507)
[2024-11-25T06:47:36.749+0000] {usa_spending_extraction_script.py:71} INFO - Fetching data for award ID: ASST_NON_B-08-DC-72-0001_8620 (Request 9/507)
[2024-11-25T06:47:39.114+0000] {usa_spending_extraction_script.py:71} INFO - Fetching data for award ID: ASST_NON_B-11-DC-72-0001_8620 (Request 10/507)
[2024-11-25T06:47:41.448+0000] {usa_spending_extraction_script.py:71} INFO - Fetching data for award ID: ASST_NON_B-19-DF-72-0001_8620 (Request 11/507)
[2024-11-25T06:47:44.117+0000] {usa_spending_extraction_script.py:71} INFO - Fetching data for award ID: ASST_NON_B-20-DW-72-0001_8620 (Request 12/507)
[2024-11-25T06:47:46.428+0000] {usa_spending_extraction_script.py:71} INFO - Fetching data for award ID: ASST_NON_B-08-DI-72-0001_8620 (Request 13/507)
[2024-11-25T06:47:48.786+0000] {usa_spending_extraction_script.py:71} INFO - Fetching data for award ID: ASST_NON_B-12-DC-72-0001_8620 (Request 14/507)
[2024-11-25T06:47:51.121+0000] {usa_spending_extraction_script.py:71} INFO - Fetching data for award ID: ASST_NON_B-13-DC-72-0001_8620 (Request 15/507)
[2024-11-25T06:47:53.449+0000] {usa_spending_extraction_script.py:71} INFO - Fetching data for award ID: ASST_NON_B-14-DC-72-0001_8620 (Request 16/507)
[2024-11-25T06:47:55.810+0000] {usa_spending_extraction_script.py:71} INFO - Fetching data for award ID: ASST_NON_B-18-DC-72-0001_8620 (Request 17/507)
[2024-11-25T06:47:58.143+0000] {usa_spending_extraction_script.py:71} INFO - Fetching data for award ID: ASST_NON_B-15-DC-72-0001_8620 (Request 18/507)
[2024-11-25T06:48:00.508+0000] {usa_spending_extraction_script.py:71} INFO - Fetching data for award ID: ASST_NON_B-20-DC-72-0001_8620 (Request 19/507)
[2024-11-25T06:48:02.841+0000] {usa_spending_extraction_script.py:71} INFO - Fetching data for award ID: ASST_NON_B-21-DC-72-0001_8620 (Request 20/507)
[2024-11-25T06:48:05.175+0000] {usa_spending_extraction_script.py:71} INFO - Fetching data for award ID: ASST_NON_B-19-DC-72-0001_8620 (Request 21/507)
[2024-11-25T06:48:07.782+0000] {usa_spending_extraction_script.py:71} INFO - Fetching data for award ID: ASST_NON_B-16-DC-72-0001_8620 (Request 22/507)
[2024-11-25T06:48:10.520+0000] {usa_spending_extraction_script.py:71} INFO - Fetching data for award ID: ASST_NON_B-17-DC-72-0001_8620 (Request 23/507)
[2024-11-25T06:48:12.884+0000] {usa_spending_extraction_script.py:71} INFO - Fetching data for award ID: ASST_NON_B-22-DC-72-0001_8620 (Request 24/507)
[2024-11-25T06:48:15.226+0000] {usa_spending_extraction_script.py:71} INFO - Fetching data for award ID: ASST_NON_B-23-DC-72-0001_8620 (Request 25/507)
[2024-11-25T06:48:17.565+0000] {usa_spending_extraction_script.py:71} INFO - Fetching data for award ID: ASST_NON_B-24-DC-72-0001_8620 (Request 26/507)
[2024-11-25T06:48:19.930+0000] {usa_spending_extraction_script.py:71} INFO - Fetching data for award ID: ASST_NON_B-08-DN-72-0001_8620 (Request 27/507)
[2024-11-25T06:48:22.267+0000] {usa_spending_extraction_script.py:71} INFO - Fetching data for award ID: ASST_NON_B-10-MC-72-0007_8620 (Request 28/507)
[2024-11-25T06:48:24.634+0000] {usa_spending_extraction_script.py:71} INFO - Fetching data for award ID: ASST_NON_B-09-MC-72-0007_8620 (Request 29/507)
[2024-11-25T06:48:26.982+0000] {usa_spending_extraction_script.py:71} INFO - Fetching data for award ID: ASST_NON_B-08-MC-72-0007_8620 (Request 30/507)
[2024-11-25T06:48:29.314+0000] {usa_spending_extraction_script.py:71} INFO - Fetching data for award ID: ASST_NON_B-11-MC-72-0007_8620 (Request 31/507)
[2024-11-25T06:48:31.649+0000] {usa_spending_extraction_script.py:71} INFO - Fetching data for award ID: ASST_NON_B-05-DJ-72-0001_8620 (Request 32/507)
[2024-11-25T06:48:33.992+0000] {usa_spending_extraction_script.py:71} INFO - Fetching data for award ID: ASST_NON_B-21-MC-72-0007_8620 (Request 33/507)
[2024-11-25T06:48:36.389+0000] {usa_spending_extraction_script.py:71} INFO - Fetching data for award ID: ASST_NON_B-20-MC-72-0007_8620 (Request 34/507)
[2024-11-25T06:48:38.875+0000] {usa_spending_extraction_script.py:71} INFO - Fetching data for award ID: ASST_NON_B-19-MC-72-0007_8620 (Request 35/507)
[2024-11-25T06:48:41.215+0000] {usa_spending_extraction_script.py:71} INFO - Fetching data for award ID: ASST_NON_B-24-MC-72-0007_8620 (Request 36/507)
[2024-11-25T06:48:43.544+0000] {usa_spending_extraction_script.py:71} INFO - Fetching data for award ID: ASST_NON_B-18-MC-72-0007_8620 (Request 37/507)
[2024-11-25T06:48:45.871+0000] {usa_spending_extraction_script.py:71} INFO - Fetching data for award ID: ASST_NON_B-23-MC-72-0007_8620 (Request 38/507)
[2024-11-25T06:48:48.205+0000] {usa_spending_extraction_script.py:71} INFO - Fetching data for award ID: ASST_NON_B-22-MC-72-0007_8620 (Request 39/507)
[2024-11-25T06:48:50.544+0000] {usa_spending_extraction_script.py:71} INFO - Fetching data for award ID: ASST_NON_B-20-MW-72-0007_8620 (Request 40/507)
[2024-11-25T06:48:52.915+0000] {usa_spending_extraction_script.py:71} INFO - Fetching data for award ID: ASST_NON_B-13-MC-72-0007_8620 (Request 41/507)
[2024-11-25T06:48:55.225+0000] {usa_spending_extraction_script.py:71} INFO - Fetching data for award ID: ASST_NON_B-14-MC-72-0007_8620 (Request 42/507)
[2024-11-25T06:48:57.587+0000] {usa_spending_extraction_script.py:71} INFO - Fetching data for award ID: ASST_NON_B-17-MC-72-0007_8620 (Request 43/507)
[2024-11-25T06:48:59.939+0000] {usa_spending_extraction_script.py:71} INFO - Fetching data for award ID: ASST_NON_B-15-MC-72-0007_8620 (Request 44/507)
[2024-11-25T06:49:02.261+0000] {usa_spending_extraction_script.py:71} INFO - Fetching data for award ID: ASST_NON_B-16-MC-72-0007_8620 (Request 45/507)
[2024-11-25T06:49:04.621+0000] {usa_spending_extraction_script.py:71} INFO - Fetching data for award ID: ASST_NON_B-12-MC-72-0007_8620 (Request 46/507)
[2024-11-25T06:49:07.035+0000] {usa_spending_extraction_script.py:71} INFO - Fetching data for award ID: ASST_NON_B-13-MC-72-0003_8620 (Request 47/507)
[2024-11-25T06:49:09.393+0000] {usa_spending_extraction_script.py:71} INFO - Fetching data for award ID: ASST_NON_B-10-MC-72-0003_8620 (Request 48/507)
[2024-11-25T06:49:11.776+0000] {usa_spending_extraction_script.py:71} INFO - Fetching data for award ID: ASST_NON_B-13-MC-72-0004_8620 (Request 49/507)
[2024-11-25T06:49:14.381+0000] {usa_spending_extraction_script.py:71} INFO - Fetching data for award ID: ASST_NON_B-09-MC-72-0003_8620 (Request 50/507)
[2024-11-25T06:49:16.734+0000] {usa_spending_extraction_script.py:71} INFO - Fetching data for award ID: ASST_NON_B-08-MC-72-0003_8620 (Request 51/507)
[2024-11-25T06:49:19.082+0000] {usa_spending_extraction_script.py:71} INFO - Fetching data for award ID: ASST_NON_B-10-MC-72-0004_8620 (Request 52/507)
[2024-11-25T06:49:21.424+0000] {usa_spending_extraction_script.py:71} INFO - Fetching data for award ID: ASST_NON_B-13-MC-72-0005_8620 (Request 53/507)
[2024-11-25T06:49:23.763+0000] {usa_spending_extraction_script.py:71} INFO - Fetching data for award ID: ASST_NON_B-11-MC-72-0003_8620 (Request 54/507)
[2024-11-25T06:49:26.101+0000] {usa_spending_extraction_script.py:71} INFO - Fetching data for award ID: ASST_NON_B-09-MC-72-0004_8620 (Request 55/507)
[2024-11-25T06:49:28.441+0000] {usa_spending_extraction_script.py:71} INFO - Fetching data for award ID: ASST_NON_B-08-MC-72-0004_8620 (Request 56/507)
[2024-11-25T06:49:30.795+0000] {usa_spending_extraction_script.py:71} INFO - Fetching data for award ID: ASST_NON_B-10-MC-72-0005_8620 (Request 57/507)
[2024-11-25T06:49:33.138+0000] {usa_spending_extraction_script.py:71} INFO - Fetching data for award ID: ASST_NON_B-11-MC-72-0004_8620 (Request 58/507)
[2024-11-25T06:49:36.466+0000] {usa_spending_extraction_script.py:71} INFO - Fetching data for award ID: ASST_NON_B-13-MC-72-0001_8620 (Request 59/507)
[2024-11-25T06:49:38.891+0000] {usa_spending_extraction_script.py:71} INFO - Fetching data for award ID: ASST_NON_B-09-MC-72-0005_8620 (Request 60/507)
[2024-11-25T06:49:41.237+0000] {usa_spending_extraction_script.py:71} INFO - Fetching data for award ID: ASST_NON_B-08-MC-72-0005_8620 (Request 61/507)
[2024-11-25T06:49:43.566+0000] {usa_spending_extraction_script.py:71} INFO - Fetching data for award ID: ASST_NON_B-10-MC-72-0001_8620 (Request 62/507)
[2024-11-25T06:49:45.910+0000] {usa_spending_extraction_script.py:71} INFO - Fetching data for award ID: ASST_NON_B-11-MC-72-0005_8620 (Request 63/507)
[2024-11-25T06:49:48.223+0000] {usa_spending_extraction_script.py:71} INFO - Fetching data for award ID: ASST_NON_B-09-MC-72-0001_8620 (Request 64/507)
[2024-11-25T06:49:50.564+0000] {usa_spending_extraction_script.py:71} INFO - Fetching data for award ID: ASST_NON_B-08-MC-72-0001_8620 (Request 65/507)
[2024-11-25T06:49:52.906+0000] {usa_spending_extraction_script.py:71} INFO - Fetching data for award ID: ASST_NON_B-13-MC-72-0002_8620 (Request 66/507)
[2024-11-25T06:49:55.217+0000] {usa_spending_extraction_script.py:71} INFO - Fetching data for award ID: ASST_NON_B-10-MC-72-0002_8620 (Request 67/507)
[2024-11-25T06:49:57.539+0000] {usa_spending_extraction_script.py:71} INFO - Fetching data for award ID: ASST_NON_B-13-MC-72-0009_8620 (Request 68/507)
[2024-11-25T06:49:59.865+0000] {usa_spending_extraction_script.py:71} INFO - Fetching data for award ID: ASST_NON_B-12-MC-72-0003_8620 (Request 69/507)
[2024-11-25T06:50:02.192+0000] {usa_spending_extraction_script.py:71} INFO - Fetching data for award ID: ASST_NON_B-11-MC-72-0001_8620 (Request 70/507)
[2024-11-25T06:50:04.516+0000] {usa_spending_extraction_script.py:71} INFO - Fetching data for award ID: ASST_NON_B-10-MC-72-0009_8620 (Request 71/507)
[2024-11-25T06:50:06.889+0000] {usa_spending_extraction_script.py:71} INFO - Fetching data for award ID: ASST_NON_B-09-MC-72-0002_8620 (Request 72/507)
[2024-11-25T06:50:09.210+0000] {usa_spending_extraction_script.py:71} INFO - Fetching data for award ID: ASST_NON_B-08-MC-72-0002_8620 (Request 73/507)
[2024-11-25T06:50:11.524+0000] {usa_spending_extraction_script.py:71} INFO - Fetching data for award ID: ASST_NON_B-14-MC-72-0003_8620 (Request 74/507)
[2024-11-25T06:50:13.870+0000] {usa_spending_extraction_script.py:71} INFO - Fetching data for award ID: ASST_NON_B-09-MC-72-0009_8620 (Request 75/507)
[2024-11-25T06:50:16.198+0000] {usa_spending_extraction_script.py:71} INFO - Fetching data for award ID: ASST_NON_B-13-MC-72-0008_8620 (Request 76/507)
[2024-11-25T06:50:18.526+0000] {usa_spending_extraction_script.py:71} INFO - Fetching data for award ID: ASST_NON_B-08-MC-72-0009_8620 (Request 77/507)
[2024-11-25T06:50:20.927+0000] {usa_spending_extraction_script.py:71} INFO - Fetching data for award ID: ASST_NON_B-12-MC-72-0004_8620 (Request 78/507)
[2024-11-25T06:50:23.248+0000] {usa_spending_extraction_script.py:71} INFO - Fetching data for award ID: ASST_NON_B-15-MC-72-0003_8620 (Request 79/507)
[2024-11-25T06:50:25.589+0000] {usa_spending_extraction_script.py:71} INFO - Fetching data for award ID: ASST_NON_B-11-MC-72-0002_8620 (Request 80/507)
[2024-11-25T06:50:27.923+0000] {usa_spending_extraction_script.py:71} INFO - Fetching data for award ID: ASST_NON_B-14-MC-72-0004_8620 (Request 81/507)
[2024-11-25T06:50:30.281+0000] {usa_spending_extraction_script.py:71} INFO - Fetching data for award ID: ASST_NON_B-18-MC-72-0003_8620 (Request 82/507)
[2024-11-25T06:50:32.650+0000] {usa_spending_extraction_script.py:71} INFO - Fetching data for award ID: ASST_NON_B-20-MC-72-0003_8620 (Request 83/507)
[2024-11-25T06:50:34.976+0000] {usa_spending_extraction_script.py:71} INFO - Fetching data for award ID: ASST_NON_B-16-MC-72-0003_8620 (Request 84/507)
[2024-11-25T06:50:37.305+0000] {usa_spending_extraction_script.py:71} INFO - Fetching data for award ID: ASST_NON_B-21-MC-72-0003_8620 (Request 85/507)
[2024-11-25T06:50:39.638+0000] {usa_spending_extraction_script.py:71} INFO - Fetching data for award ID: ASST_NON_B-12-MC-72-0005_8620 (Request 86/507)
[2024-11-25T06:50:42.011+0000] {usa_spending_extraction_script.py:71} INFO - Fetching data for award ID: ASST_NON_B-20-MW-72-0003_8620 (Request 87/507)
[2024-11-25T06:50:44.339+0000] {usa_spending_extraction_script.py:71} INFO - Fetching data for award ID: ASST_NON_B-19-MC-72-0003_8620 (Request 88/507)
[2024-11-25T06:50:46.661+0000] {usa_spending_extraction_script.py:71} INFO - Fetching data for award ID: ASST_NON_B-20-MW-72-0004_8620 (Request 89/507)
[2024-11-25T06:50:49.000+0000] {usa_spending_extraction_script.py:71} INFO - Fetching data for award ID: ASST_NON_B-24-MC-72-0003_8620 (Request 90/507)
[2024-11-25T06:50:51.317+0000] {usa_spending_extraction_script.py:71} INFO - Fetching data for award ID: ASST_NON_B-15-MC-72-0004_8620 (Request 91/507)
[2024-11-25T06:50:53.668+0000] {usa_spending_extraction_script.py:71} INFO - Fetching data for award ID: ASST_NON_B-23-MC-72-0003_8620 (Request 92/507)
[2024-11-25T06:50:56.070+0000] {usa_spending_extraction_script.py:71} INFO - Fetching data for award ID: ASST_NON_B-17-MC-72-0003_8620 (Request 93/507)
[2024-11-25T06:50:58.676+0000] {usa_spending_extraction_script.py:71} INFO - Fetching data for award ID: ASST_NON_B-22-MC-72-0003_8620 (Request 94/507)
[2024-11-25T06:51:01.030+0000] {usa_spending_extraction_script.py:71} INFO - Fetching data for award ID: ASST_NON_B-18-MC-72-0004_8620 (Request 95/507)
[2024-11-25T06:51:03.417+0000] {usa_spending_extraction_script.py:71} INFO - Fetching data for award ID: ASST_NON_B-10-MC-72-0008_8620 (Request 96/507)
[2024-11-25T06:51:05.772+0000] {usa_spending_extraction_script.py:71} INFO - Fetching data for award ID: ASST_NON_B-13-MC-72-0017_8620 (Request 97/507)
[2024-11-25T06:51:08.120+0000] {usa_spending_extraction_script.py:71} INFO - Fetching data for award ID: ASST_NON_B-13-MC-72-0011_8620 (Request 98/507)
[2024-11-25T06:51:10.436+0000] {usa_spending_extraction_script.py:71} INFO - Fetching data for award ID: ASST_NON_B-21-MC-72-0004_8620 (Request 99/507)
[2024-11-25T06:51:12.778+0000] {usa_spending_extraction_script.py:71} INFO - Fetching data for award ID: ASST_NON_B-16-MC-72-0004_8620 (Request 100/507)
[2024-11-25T06:51:15.110+0000] {usa_spending_extraction_script.py:71} INFO - Fetching data for award ID: ASST_NON_B-20-MC-72-0004_8620 (Request 101/507)
[2024-11-25T06:51:17.427+0000] {usa_spending_extraction_script.py:71} INFO - Fetching data for award ID: ASST_NON_B-19-MC-72-0004_8620 (Request 102/507)
[2024-11-25T06:51:19.776+0000] {usa_spending_extraction_script.py:71} INFO - Fetching data for award ID: ASST_NON_B-24-MC-72-0004_8620 (Request 103/507)
[2024-11-25T06:51:22.109+0000] {usa_spending_extraction_script.py:71} INFO - Fetching data for award ID: ASST_NON_B-14-MC-72-0005_8620 (Request 104/507)
[2024-11-25T06:51:24.431+0000] {usa_spending_extraction_script.py:71} INFO - Fetching data for award ID: ASST_NON_B-22-MC-72-0004_8620 (Request 105/507)
[2024-11-25T06:51:26.772+0000] {usa_spending_extraction_script.py:71} INFO - Fetching data for award ID: ASST_NON_B-17-MC-72-0004_8620 (Request 106/507)
[2024-11-25T06:51:29.157+0000] {usa_spending_extraction_script.py:71} INFO - Fetching data for award ID: ASST_NON_B-23-MC-72-0004_8620 (Request 107/507)
[2024-11-25T06:51:31.526+0000] {usa_spending_extraction_script.py:71} INFO - Fetching data for award ID: ASST_NON_B-09-MC-72-0008_8620 (Request 108/507)
[2024-11-25T06:51:33.877+0000] {usa_spending_extraction_script.py:71} INFO - Fetching data for award ID: ASST_NON_B-08-MC-72-0008_8620 (Request 109/507)
[2024-11-25T06:51:36.224+0000] {usa_spending_extraction_script.py:71} INFO - Fetching data for award ID: ASST_NON_B-13-MC-72-0014_8620 (Request 110/507)
[2024-11-25T06:51:38.546+0000] {usa_spending_extraction_script.py:71} INFO - Fetching data for award ID: ASST_NON_B-10-MC-72-0006_8620 (Request 111/507)
[2024-11-25T06:51:40.948+0000] {usa_spending_extraction_script.py:71} INFO - Fetching data for award ID: ASST_NON_B-13-MC-72-0020_8620 (Request 112/507)
[2024-11-25T06:51:43.279+0000] {usa_spending_extraction_script.py:71} INFO - Fetching data for award ID: ASST_NON_B-13-MC-72-0013_8620 (Request 113/507)
[2024-11-25T06:51:45.590+0000] {usa_spending_extraction_script.py:71} INFO - Fetching data for award ID: ASST_NON_B-10-MC-72-0011_8620 (Request 114/507)
[2024-11-25T06:51:47.938+0000] {usa_spending_extraction_script.py:71} INFO - Fetching data for award ID: ASST_NON_B-12-MC-72-0001_8620 (Request 115/507)
[2024-11-25T06:51:50.264+0000] {usa_spending_extraction_script.py:71} INFO - Fetching data for award ID: ASST_NON_B-15-MC-72-0005_8620 (Request 116/507)
[2024-11-25T06:51:52.582+0000] {usa_spending_extraction_script.py:71} INFO - Fetching data for award ID: ASST_NON_B-20-MW-72-0005_8620 (Request 117/507)
[2024-11-25T06:51:54.962+0000] {usa_spending_extraction_script.py:71} INFO - Fetching data for award ID: ASST_NON_B-09-MC-72-0006_8620 (Request 118/507)
[2024-11-25T06:51:57.355+0000] {usa_spending_extraction_script.py:71} INFO - Fetching data for award ID: ASST_NON_B-11-MC-72-0008_8620 (Request 119/507)
[2024-11-25T06:51:59.759+0000] {usa_spending_extraction_script.py:71} INFO - Fetching data for award ID: ASST_NON_B-08-MC-72-0006_8620 (Request 120/507)
[2024-11-25T06:52:02.092+0000] {usa_spending_extraction_script.py:71} INFO - Fetching data for award ID: ASST_NON_B-13-MC-72-0010_8620 (Request 121/507)
[2024-11-25T06:52:04.421+0000] {usa_spending_extraction_script.py:71} INFO - Fetching data for award ID: ASST_NON_B-18-MC-72-0005_8620 (Request 122/507)
[2024-11-25T06:52:06.746+0000] {usa_spending_extraction_script.py:71} INFO - Fetching data for award ID: ASST_NON_B-09-MC-72-0011_8620 (Request 123/507)
[2024-11-25T06:52:09.100+0000] {usa_spending_extraction_script.py:71} INFO - Fetching data for award ID: ASST_NON_B-10-MC-72-0014_8620 (Request 124/507)
[2024-11-25T06:52:11.420+0000] {usa_spending_extraction_script.py:71} INFO - Fetching data for award ID: ASST_NON_B-16-MC-72-0005_8620 (Request 125/507)
[2024-11-25T06:52:13.758+0000] {usa_spending_extraction_script.py:71} INFO - Fetching data for award ID: ASST_NON_B-08-MC-72-0011_8620 (Request 126/507)
[2024-11-25T06:52:16.090+0000] {usa_spending_extraction_script.py:71} INFO - Fetching data for award ID: ASST_NON_B-14-MC-72-0001_8620 (Request 127/507)
[2024-11-25T06:52:18.424+0000] {usa_spending_extraction_script.py:71} INFO - Fetching data for award ID: ASST_NON_B-13-MC-72-0019_8620 (Request 128/507)
[2024-11-25T06:52:20.773+0000] {usa_spending_extraction_script.py:71} INFO - Fetching data for award ID: ASST_NON_B-20-MW-72-0001_8620 (Request 129/507)
[2024-11-25T06:52:23.121+0000] {usa_spending_extraction_script.py:71} INFO - Fetching data for award ID: ASST_NON_B-19-MC-72-0005_8620 (Request 130/507)
[2024-11-25T06:52:25.428+0000] {usa_spending_extraction_script.py:71} INFO - Fetching data for award ID: ASST_NON_B-23-MC-72-0005_8620 (Request 131/507)
[2024-11-25T06:52:27.759+0000] {usa_spending_extraction_script.py:71} INFO - Fetching data for award ID: ASST_NON_B-24-MC-72-0005_8620 (Request 132/507)
[2024-11-25T06:52:30.151+0000] {usa_spending_extraction_script.py:71} INFO - Fetching data for award ID: ASST_NON_B-21-MC-72-0005_8620 (Request 133/507)
[2024-11-25T06:52:32.496+0000] {usa_spending_extraction_script.py:71} INFO - Fetching data for award ID: ASST_NON_B-17-MC-72-0005_8620 (Request 134/507)
[2024-11-25T06:52:34.831+0000] {usa_spending_extraction_script.py:71} INFO - Fetching data for award ID: ASST_NON_B-13-MC-72-0024_8620 (Request 135/507)
[2024-11-25T06:52:37.223+0000] {usa_spending_extraction_script.py:71} INFO - Fetching data for award ID: ASST_NON_B-20-MC-72-0001_8620 (Request 136/507)
[2024-11-25T06:52:39.565+0000] {usa_spending_extraction_script.py:71} INFO - Fetching data for award ID: ASST_NON_B-22-MC-72-0005_8620 (Request 137/507)
[2024-11-25T06:52:41.936+0000] {usa_spending_extraction_script.py:71} INFO - Fetching data for award ID: ASST_NON_B-20-MC-72-0005_8620 (Request 138/507)
[2024-11-25T06:52:44.276+0000] {usa_spending_extraction_script.py:71} INFO - Fetching data for award ID: ASST_NON_B-13-MC-72-0022_8620 (Request 139/507)
[2024-11-25T06:52:46.621+0000] {usa_spending_extraction_script.py:71} INFO - Fetching data for award ID: ASST_NON_B-18-MC-72-0001_8620 (Request 140/507)
[2024-11-25T06:52:49.007+0000] {usa_spending_extraction_script.py:71} INFO - Fetching data for award ID: ASST_NON_B-21-MC-72-0001_8620 (Request 141/507)
[2024-11-25T06:52:51.337+0000] {usa_spending_extraction_script.py:71} INFO - Fetching data for award ID: ASST_NON_B-11-MC-72-0006_8620 (Request 142/507)
[2024-11-25T06:52:53.697+0000] {usa_spending_extraction_script.py:71} INFO - Fetching data for award ID: ASST_NON_B-13-MC-72-0027_8620 (Request 143/507)
[2024-11-25T06:52:56.052+0000] {usa_spending_extraction_script.py:71} INFO - Fetching data for award ID: ASST_NON_B-13-MC-72-0016_8620 (Request 144/507)
[2024-11-25T06:52:58.392+0000] {usa_spending_extraction_script.py:71} INFO - Fetching data for award ID: ASST_NON_B-09-MC-72-0014_8620 (Request 145/507)
[2024-11-25T06:53:00.823+0000] {usa_spending_extraction_script.py:71} INFO - Fetching data for award ID: ASST_NON_B-10-MC-72-0020_8620 (Request 146/507)
[2024-11-25T06:53:03.168+0000] {usa_spending_extraction_script.py:71} INFO - Fetching data for award ID: ASST_NON_B-22-MC-72-0001_8620 (Request 147/507)
[2024-11-25T06:53:05.608+0000] {usa_spending_extraction_script.py:71} INFO - Fetching data for award ID: ASST_NON_B-19-MC-72-0001_8620 (Request 148/507)
[2024-11-25T06:53:08.053+0000] {usa_spending_extraction_script.py:71} INFO - Fetching data for award ID: ASST_NON_B-08-MC-72-0014_8620 (Request 149/507)
[2024-11-25T06:53:10.382+0000] {usa_spending_extraction_script.py:71} INFO - Fetching data for award ID: ASST_NON_B-10-MC-72-0010_8620 (Request 150/507)
[2024-11-25T06:53:12.807+0000] {usa_spending_extraction_script.py:71} INFO - Fetching data for award ID: ASST_NON_B-23-MC-72-0001_8620 (Request 151/507)
[2024-11-25T06:53:15.187+0000] {usa_spending_extraction_script.py:71} INFO - Fetching data for award ID: ASST_NON_B-24-MC-72-0001_8620 (Request 152/507)
[2024-11-25T06:53:17.523+0000] {usa_spending_extraction_script.py:71} INFO - Fetching data for award ID: ASST_NON_B-10-MC-72-0013_8620 (Request 153/507)
[2024-11-25T06:53:19.875+0000] {usa_spending_extraction_script.py:71} INFO - Fetching data for award ID: ASST_NON_B-13-MC-72-0026_8620 (Request 154/507)
[2024-11-25T06:53:22.204+0000] {usa_spending_extraction_script.py:71} INFO - Fetching data for award ID: ASST_NON_B-10-MC-72-0017_8620 (Request 155/507)
[2024-11-25T06:53:24.556+0000] {usa_spending_extraction_script.py:71} INFO - Fetching data for award ID: ASST_NON_B-11-MC-72-0011_8620 (Request 156/507)
[2024-11-25T06:53:26.937+0000] {usa_spending_extraction_script.py:71} INFO - Fetching data for award ID: ASST_NON_B-12-MC-72-0002_8620 (Request 157/507)
[2024-11-25T06:53:29.282+0000] {usa_spending_extraction_script.py:71} INFO - Fetching data for award ID: ASST_NON_B-15-MC-72-0001_8620 (Request 158/507)
[2024-11-25T06:53:31.664+0000] {usa_spending_extraction_script.py:71} INFO - Fetching data for award ID: ASST_NON_B-16-MC-72-0001_8620 (Request 159/507)
[2024-11-25T06:53:34.018+0000] {usa_spending_extraction_script.py:71} INFO - Fetching data for award ID: ASST_NON_B-12-MC-72-0009_8620 (Request 160/507)
[2024-11-25T06:53:36.835+0000] {usa_spending_extraction_script.py:71} INFO - Fetching data for award ID: ASST_NON_B-13-MC-72-0023_8620 (Request 161/507)
[2024-11-25T06:53:39.205+0000] {usa_spending_extraction_script.py:71} INFO - Fetching data for award ID: ASST_NON_B-09-MC-72-0020_8620 (Request 162/507)
[2024-11-25T06:53:41.558+0000] {usa_spending_extraction_script.py:71} INFO - Fetching data for award ID: ASST_NON_B-17-MC-72-0001_8620 (Request 163/507)
[2024-11-25T06:53:43.930+0000] {usa_spending_extraction_script.py:71} INFO - Fetching data for award ID: ASST_NON_B-10-MC-72-0027_8620 (Request 164/507)
[2024-11-25T06:53:46.274+0000] {usa_spending_extraction_script.py:71} INFO - Fetching data for award ID: ASST_NON_B-09-MC-72-0010_8620 (Request 165/507)
[2024-11-25T06:53:48.596+0000] {usa_spending_extraction_script.py:71} INFO - Fetching data for award ID: ASST_NON_B-08-MC-72-0020_8620 (Request 166/507)
[2024-11-25T06:53:51.175+0000] {usa_spending_extraction_script.py:71} INFO - Fetching data for award ID: ASST_NON_B-09-MC-72-0013_8620 (Request 167/507)
[2024-11-25T06:53:53.535+0000] {usa_spending_extraction_script.py:71} INFO - Fetching data for award ID: ASST_NON_B-11-MC-72-0014_8620 (Request 168/507)
[2024-11-25T06:53:55.904+0000] {usa_spending_extraction_script.py:71} INFO - Fetching data for award ID: ASST_NON_B-09-MC-72-0017_8620 (Request 169/507)
[2024-11-25T06:53:58.237+0000] {usa_spending_extraction_script.py:71} INFO - Fetching data for award ID: ASST_NON_B-08-MC-72-0010_8620 (Request 170/507)
[2024-11-25T06:54:00.576+0000] {usa_spending_extraction_script.py:71} INFO - Fetching data for award ID: ASST_NON_B-10-MC-72-0019_8620 (Request 171/507)
[2024-11-25T06:54:02.934+0000] {usa_spending_extraction_script.py:71} INFO - Fetching data for award ID: ASST_NON_B-08-MC-72-0013_8620 (Request 172/507)
[2024-11-25T06:54:03.261+0000] {usa_spending_extraction_script.py:128} ERROR - Error fetching data for award ID ASST_NON_B-08-MC-72-0013_8620: ('Connection aborted.', RemoteDisconnected('Remote end closed connection without response')). Retry 1/3
[2024-11-25T06:54:07.262+0000] {usa_spending_extraction_script.py:71} INFO - Fetching data for award ID: ASST_NON_B-08-MC-72-0013_8620 (Request 172/507)
[2024-11-25T06:54:09.666+0000] {usa_spending_extraction_script.py:71} INFO - Fetching data for award ID: ASST_NON_B-13-MC-72-0018_8620 (Request 173/507)
[2024-11-25T06:54:11.970+0000] {usa_spending_extraction_script.py:71} INFO - Fetching data for award ID: ASST_NON_B-13-MC-72-0015_8620 (Request 174/507)
[2024-11-25T06:54:14.384+0000] {usa_spending_extraction_script.py:71} INFO - Fetching data for award ID: ASST_NON_B-08-MC-72-0017_8620 (Request 175/507)
[2024-11-25T06:54:16.772+0000] {usa_spending_extraction_script.py:71} INFO - Fetching data for award ID: ASST_NON_B-14-MC-72-0002_8620 (Request 176/507)
[2024-11-25T06:54:19.175+0000] {usa_spending_extraction_script.py:71} INFO - Fetching data for award ID: ASST_NON_B-10-MC-72-0026_8620 (Request 177/507)
[2024-11-25T06:54:21.783+0000] {usa_spending_extraction_script.py:71} INFO - Fetching data for award ID: ASST_NON_B-09-MC-72-0027_8620 (Request 178/507)
[2024-11-25T06:54:24.130+0000] {usa_spending_extraction_script.py:71} INFO - Fetching data for award ID: ASST_NON_B-21-MC-72-0002_8620 (Request 179/507)
[2024-11-25T06:54:26.454+0000] {usa_spending_extraction_script.py:71} INFO - Fetching data for award ID: ASST_NON_B-08-MC-72-0027_8620 (Request 180/507)
[2024-11-25T06:54:28.797+0000] {usa_spending_extraction_script.py:71} INFO - Fetching data for award ID: ASST_NON_B-10-MC-72-0018_8620 (Request 181/507)
[2024-11-25T06:54:31.136+0000] {usa_spending_extraction_script.py:71} INFO - Fetching data for award ID: ASST_NON_B-14-MC-72-0009_8620 (Request 182/507)
[2024-11-25T06:54:33.469+0000] {usa_spending_extraction_script.py:71} INFO - Fetching data for award ID: ASST_NON_B-11-MC-72-0020_8620 (Request 183/507)
[2024-11-25T06:54:35.826+0000] {usa_spending_extraction_script.py:71} INFO - Fetching data for award ID: ASST_NON_B-09-MC-72-0019_8620 (Request 184/507)
[2024-11-25T06:54:38.046+0000] {local_task_job_runner.py:127} ERROR - Received SIGTERM. Terminating subprocesses
[2024-11-25T06:54:38.057+0000] {process_utils.py:132} INFO - Sending 15 to group 180. PIDs of all processes in the group: [180]
[2024-11-25T06:54:38.058+0000] {process_utils.py:87} INFO - Sending the signal 15 to group 180
[2024-11-25T06:54:38.060+0000] {taskinstance.py:3093} ERROR - Received SIGTERM. Terminating subprocesses.
[2024-11-25T06:54:38.101+0000] {taskinstance.py:3311} ERROR - Task failed with exception
Traceback (most recent call last):
  File "/home/airflow/.local/lib/python3.12/site-packages/airflow/models/taskinstance.py", line 767, in _execute_task
    result = _execute_callable(context=context, **execute_callable_kwargs)
             ^^^^^^^^^^^^^^^^^^^^^^^^^^^^^^^^^^^^^^^^^^^^^^^^^^^^^^^^^^^^^
  File "/home/airflow/.local/lib/python3.12/site-packages/airflow/models/taskinstance.py", line 733, in _execute_callable
    return ExecutionCallableRunner(
           ^^^^^^^^^^^^^^^^^^^^^^^^
  File "/home/airflow/.local/lib/python3.12/site-packages/airflow/utils/operator_helpers.py", line 252, in run
    return self.func(*args, **kwargs)
           ^^^^^^^^^^^^^^^^^^^^^^^^^^
  File "/home/airflow/.local/lib/python3.12/site-packages/airflow/models/baseoperator.py", line 417, in wrapper
    return func(self, *args, **kwargs)
           ^^^^^^^^^^^^^^^^^^^^^^^^^^^
  File "/home/airflow/.local/lib/python3.12/site-packages/airflow/operators/python.py", line 238, in execute
    return_value = self.execute_callable()
                   ^^^^^^^^^^^^^^^^^^^^^^^
  File "/home/airflow/.local/lib/python3.12/site-packages/airflow/operators/python.py", line 256, in execute_callable
    return runner.run(*self.op_args, **self.op_kwargs)
           ^^^^^^^^^^^^^^^^^^^^^^^^^^^^^^^^^^^^^^^^^^^
  File "/home/airflow/.local/lib/python3.12/site-packages/airflow/utils/operator_helpers.py", line 252, in run
    return self.func(*args, **kwargs)
           ^^^^^^^^^^^^^^^^^^^^^^^^^^
  File "/opt/airflow/dags/data_extraction/usa_spending_extraction_script.py", line 429, in extract_usa_spending_data
    df_award_data = fetch_award_data(df_spending_by_award)
                    ^^^^^^^^^^^^^^^^^^^^^^^^^^^^^^^^^^^^^^
  File "/opt/airflow/dags/data_extraction/usa_spending_extraction_script.py", line 115, in fetch_award_data
    time.sleep(sleep_time)
  File "/home/airflow/.local/lib/python3.12/site-packages/airflow/models/taskinstance.py", line 3095, in signal_handler
    raise AirflowTaskTerminated("Task received SIGTERM signal")
airflow.exceptions.AirflowTaskTerminated: Task received SIGTERM signal
[2024-11-25T06:54:38.122+0000] {taskinstance.py:1225} INFO - Marking task as FAILED. dag_id=ETL_usa_spending, task_id=extract_usa_spending_data_task, run_id=scheduled__2024-11-24T00:00:00+00:00, execution_date=20241124T000000, start_date=20241125T064712, end_date=20241125T065438
[2024-11-25T06:54:38.150+0000] {taskinstance.py:340} INFO - ::group::Post task execution logs
[2024-11-25T06:54:38.175+0000] {process_utils.py:80} INFO - Process psutil.Process(pid=180, status='terminated', exitcode=2, started='06:47:11') (180) terminated with exit code 2
[2024-11-25T06:54:38.176+0000] {local_task_job_runner.py:266} INFO - Task exited with return code 143
[2024-11-25T06:54:38.200+0000] {taskinstance.py:3895} INFO - 0 downstream tasks scheduled from follow-on schedule check
[2024-11-25T06:54:42.155+0000] {local_task_job_runner.py:245} INFO - ::endgroup::
[2024-11-25T06:54:42.155+0000] {standard_task_runner.py:217} INFO - Process not found (most likely exited), stop collecting metrics
