[2024-11-26T03:43:54.074+0000] {local_task_job_runner.py:123} INFO - ::group::Pre task execution logs
[2024-11-26T03:43:54.093+0000] {taskinstance.py:2613} INFO - Dependencies all met for dep_context=non-requeueable deps ti=<TaskInstance: ETL_usa_spending.ingest_usa_spending_data_task manual__2024-11-26T03:43:44.172732+00:00 [queued]>
[2024-11-26T03:43:54.106+0000] {taskinstance.py:2613} INFO - Dependencies all met for dep_context=requeueable deps ti=<TaskInstance: ETL_usa_spending.ingest_usa_spending_data_task manual__2024-11-26T03:43:44.172732+00:00 [queued]>
[2024-11-26T03:43:54.107+0000] {taskinstance.py:2866} INFO - Starting attempt 1 of 1
[2024-11-26T03:43:54.127+0000] {taskinstance.py:2889} INFO - Executing <Task(PythonOperator): ingest_usa_spending_data_task> on 2024-11-26 03:43:44.172732+00:00
[2024-11-26T03:43:54.137+0000] {standard_task_runner.py:104} INFO - Running: ['***', 'tasks', 'run', 'ETL_usa_spending', 'ingest_usa_spending_data_task', 'manual__2024-11-26T03:43:44.172732+00:00', '--job-id', '337', '--raw', '--subdir', 'DAGS_FOLDER/project_dag.py', '--cfg-path', '/tmp/tmp8n74pfa3']
[2024-11-26T03:43:54.138+0000] {logging_mixin.py:190} WARNING - /home/***/.local/lib/python3.12/site-packages/***/task/task_runner/standard_task_runner.py:70 DeprecationWarning: This process (pid=10067) is multi-threaded, use of fork() may lead to deadlocks in the child.
[2024-11-26T03:43:54.141+0000] {standard_task_runner.py:105} INFO - Job 337: Subtask ingest_usa_spending_data_task
[2024-11-26T03:43:54.141+0000] {standard_task_runner.py:72} INFO - Started process 10069 to run task
[2024-11-26T03:43:54.200+0000] {task_command.py:467} INFO - Running <TaskInstance: ETL_usa_spending.ingest_usa_spending_data_task manual__2024-11-26T03:43:44.172732+00:00 [running]> on host 6a246d8d590f
[2024-11-26T03:43:54.735+0000] {taskinstance.py:3132} INFO - Exporting env vars: AIRFLOW_CTX_DAG_OWNER='***' AIRFLOW_CTX_DAG_ID='ETL_usa_spending' AIRFLOW_CTX_TASK_ID='ingest_usa_spending_data_task' AIRFLOW_CTX_EXECUTION_DATE='2024-11-26T03:43:44.172732+00:00' AIRFLOW_CTX_TRY_NUMBER='1' AIRFLOW_CTX_DAG_RUN_ID='manual__2024-11-26T03:43:44.172732+00:00'
[2024-11-26T03:43:54.737+0000] {taskinstance.py:731} INFO - ::endgroup::
[2024-11-26T03:43:55.128+0000] {logging_mixin.py:190} INFO - Checking for new data to ingest into states
[2024-11-26T03:43:55.509+0000] {logging_mixin.py:190} INFO - No new data to ingest for states
[2024-11-26T03:43:55.787+0000] {logging_mixin.py:190} INFO - File moved from s3://project-processed-data/usa_spending_data/states_20241123_083458.csv to s3://project-processed-data/archived/usa_spending_data/states_20241123_083458.csv
[2024-11-26T03:43:55.977+0000] {logging_mixin.py:190} INFO - Checking for new data to ingest into cfdaprograms
[2024-11-26T03:43:56.266+0000] {logging_mixin.py:190} INFO - Ingesting new data into cfdaprograms
[2024-11-26T03:43:56.588+0000] {logging_mixin.py:190} INFO - Data successfully written to table cfdaprograms.
[2024-11-26T03:43:56.825+0000] {logging_mixin.py:190} INFO - File moved from s3://project-processed-data/usa_spending_data/cfda_20241123_083458.csv to s3://project-processed-data/archived/usa_spending_data/cfda_20241123_083458.csv
[2024-11-26T03:43:57.007+0000] {logging_mixin.py:190} INFO - Checking for new data to ingest into recipients
[2024-11-26T03:43:57.282+0000] {logging_mixin.py:190} INFO - Ingesting new data into recipients
[2024-11-26T03:44:04.102+0000] {logging_mixin.py:190} INFO - Data successfully written to table recipients.
[2024-11-26T03:44:04.348+0000] {logging_mixin.py:190} INFO - File moved from s3://project-processed-data/usa_spending_data/recipients_20241123_083458.csv to s3://project-processed-data/archived/usa_spending_data/recipients_20241123_083458.csv
[2024-11-26T03:44:04.520+0000] {logging_mixin.py:190} INFO - Checking for new data to ingest into agencies
[2024-11-26T03:44:04.799+0000] {logging_mixin.py:190} INFO - Ingesting new data into agencies
[2024-11-26T03:44:05.065+0000] {logging_mixin.py:190} INFO - Error: column "agency_slug" of relation "agencies" does not exist
LINE 1: ..._name, agency_code, agency_id, toptier_agency_id, agency_slu...
                                                             ^
[2024-11-26T03:44:05.262+0000] {logging_mixin.py:190} INFO - Checking for new data to ingest into subagency
[2024-11-26T03:44:05.547+0000] {logging_mixin.py:190} INFO - Ingesting new data into subagency
[2024-11-26T03:44:05.822+0000] {logging_mixin.py:190} INFO - Error: value too long for type character varying(20)
[2024-11-26T03:44:06.161+0000] {logging_mixin.py:190} INFO - Checking for new data to ingest into grants
[2024-11-26T03:44:06.470+0000] {logging_mixin.py:190} INFO - Ingesting new data into grants
[2024-11-26T03:44:06.750+0000] {logging_mixin.py:190} INFO - Error: column "awarding_agency_code" of relation "grants" does not exist
LINE 1: ..._of_performance_state_code, recipient_state_code, awarding_a...
                                                             ^
[2024-11-26T03:44:07.166+0000] {logging_mixin.py:190} INFO - Checking for new data to ingest into funding
[2024-11-26T03:44:07.425+0000] {logging_mixin.py:190} INFO - Ingesting new data into funding
[2024-11-26T03:44:07.685+0000] {logging_mixin.py:190} INFO - Error: insert or update on table "funding" violates foreign key constraint "funding_grant_id_fkey"
DETAIL:  Key (grant_id)=(B-18-DP-72-0002) is not present in table "grants".
[2024-11-26T03:44:08.062+0000] {logging_mixin.py:190} INFO - Checking for new data to ingest into federalawards
[2024-11-26T03:44:08.359+0000] {logging_mixin.py:190} INFO - Ingesting new data into federalawards
[2024-11-26T03:44:08.750+0000] {logging_mixin.py:190} INFO - Error: insert or update on table "federalawards" violates foreign key constraint "federalawards_grant_id_fkey"
DETAIL:  Key (grant_id)=(B-18-DP-72-0002) is not present in table "grants".
[2024-11-26T03:44:09.333+0000] {logging_mixin.py:190} INFO - Checking for new data to ingest into transactions
[2024-11-26T03:44:09.634+0000] {logging_mixin.py:190} INFO - Ingesting new data into transactions
[2024-11-26T03:44:09.918+0000] {logging_mixin.py:190} INFO - Error: insert or update on table "transactions" violates foreign key constraint "transactions_grant_id_fkey"
DETAIL:  Key (grant_id)=(B-18-DP-72-0002) is not present in table "grants".
[2024-11-26T03:44:10.198+0000] {logging_mixin.py:190} INFO - Checking for new data to ingest into subawards
[2024-11-26T03:44:10.469+0000] {logging_mixin.py:190} INFO - Ingesting new data into subawards
[2024-11-26T03:44:10.732+0000] {logging_mixin.py:190} INFO - Error: insert or update on table "subawards" violates foreign key constraint "subawards_grant_id_fkey"
DETAIL:  Key (grant_id)=(B-18-DP-72-0002) is not present in table "grants".
[2024-11-26T03:44:10.733+0000] {python.py:240} INFO - Done. Returned value was: None
[2024-11-26T03:44:10.744+0000] {taskinstance.py:340} INFO - ::group::Post task execution logs
[2024-11-26T03:44:10.744+0000] {taskinstance.py:352} INFO - Marking task as SUCCESS. dag_id=ETL_usa_spending, task_id=ingest_usa_spending_data_task, run_id=manual__2024-11-26T03:43:44.172732+00:00, execution_date=20241126T034344, start_date=20241126T034354, end_date=20241126T034410
[2024-11-26T03:44:10.798+0000] {local_task_job_runner.py:266} INFO - Task exited with return code 0
[2024-11-26T03:44:10.814+0000] {taskinstance.py:3895} INFO - 0 downstream tasks scheduled from follow-on schedule check
[2024-11-26T03:44:10.818+0000] {local_task_job_runner.py:245} INFO - ::endgroup::
