[2024-11-19T04:32:52.208+0000] {local_task_job_runner.py:123} INFO - ::group::Pre task execution logs
[2024-11-19T04:32:52.226+0000] {taskinstance.py:2613} INFO - Dependencies all met for dep_context=non-requeueable deps ti=<TaskInstance: ETL_financial_reports.process_financial_reports_task manual__2024-11-19T04:30:47.686528+00:00 [queued]>
[2024-11-19T04:32:52.235+0000] {taskinstance.py:2613} INFO - Dependencies all met for dep_context=requeueable deps ti=<TaskInstance: ETL_financial_reports.process_financial_reports_task manual__2024-11-19T04:30:47.686528+00:00 [queued]>
[2024-11-19T04:32:52.236+0000] {taskinstance.py:2866} INFO - Starting attempt 2 of 2
[2024-11-19T04:32:52.251+0000] {taskinstance.py:2889} INFO - Executing <Task(PythonOperator): process_financial_reports_task> on 2024-11-19 04:30:47.686528+00:00
[2024-11-19T04:32:52.266+0000] {logging_mixin.py:190} WARNING - /home/***/.local/lib/python3.12/site-packages/***/task/task_runner/standard_task_runner.py:70 DeprecationWarning: This process (pid=32118) is multi-threaded, use of fork() may lead to deadlocks in the child.
[2024-11-19T04:32:52.267+0000] {standard_task_runner.py:72} INFO - Started process 32126 to run task
[2024-11-19T04:32:52.266+0000] {standard_task_runner.py:104} INFO - Running: ['***', 'tasks', 'run', 'ETL_financial_reports', 'process_financial_reports_task', 'manual__2024-11-19T04:30:47.686528+00:00', '--job-id', '114', '--raw', '--subdir', 'DAGS_FOLDER/project_dag.py', '--cfg-path', '/tmp/tmp6jl1ssx9']
[2024-11-19T04:32:52.269+0000] {standard_task_runner.py:105} INFO - Job 114: Subtask process_financial_reports_task
[2024-11-19T04:32:52.322+0000] {task_command.py:467} INFO - Running <TaskInstance: ETL_financial_reports.process_financial_reports_task manual__2024-11-19T04:30:47.686528+00:00 [running]> on host 7da4b16cbed4
[2024-11-19T04:32:52.427+0000] {taskinstance.py:3132} INFO - Exporting env vars: AIRFLOW_CTX_DAG_OWNER='***' AIRFLOW_CTX_DAG_ID='ETL_financial_reports' AIRFLOW_CTX_TASK_ID='process_financial_reports_task' AIRFLOW_CTX_EXECUTION_DATE='2024-11-19T04:30:47.686528+00:00' AIRFLOW_CTX_TRY_NUMBER='2' AIRFLOW_CTX_DAG_RUN_ID='manual__2024-11-19T04:30:47.686528+00:00'
[2024-11-19T04:32:52.429+0000] {taskinstance.py:731} INFO - ::endgroup::
[2024-11-19T04:32:52.699+0000] {logging_mixin.py:190} INFO - Processing file: CDBG-DR_Grants_Financial_Report_2022-01.pdf
[2024-11-19T04:33:06.145+0000] {logging_mixin.py:190} WARNING - /opt/***/dags/data_extraction/financial_reports_extraction_script.py:101 FutureWarning: Series.fillna with 'method' is deprecated and will raise in a future version. Use obj.ffill() or obj.bfill() instead.
[2024-11-19T04:33:06.617+0000] {logging_mixin.py:190} INFO - File saved to S3: s3://project-processed-data/financial_reports/processed_CDBG-DR_Grants_Financial_Report_2022-01.csv
[2024-11-19T04:33:07.100+0000] {logging_mixin.py:190} INFO - File moved from s3://project-raw-data-files/financial_reports/CDBG-DR_Grants_Financial_Report_2022-01.pdf to s3://project-raw-data-files/archived/financial_reports/CDBG-DR_Grants_Financial_Report_2022-01.pdf
[2024-11-19T04:33:07.104+0000] {logging_mixin.py:190} INFO - Processed file saved to S3: s3://project-processed-data/financial_reports/processed_CDBG-DR_Grants_Financial_Report_2022-01.csv
[2024-11-19T04:33:07.126+0000] {python.py:240} INFO - Done. Returned value was: None
[2024-11-19T04:33:07.147+0000] {taskinstance.py:340} INFO - ::group::Post task execution logs
[2024-11-19T04:33:07.149+0000] {taskinstance.py:352} INFO - Marking task as SUCCESS. dag_id=ETL_financial_reports, task_id=process_financial_reports_task, run_id=manual__2024-11-19T04:30:47.686528+00:00, execution_date=20241119T043047, start_date=20241119T043252, end_date=20241119T043307
[2024-11-19T04:33:07.227+0000] {local_task_job_runner.py:266} INFO - Task exited with return code 0
[2024-11-19T04:33:07.277+0000] {standard_task_runner.py:217} INFO - Process not found (most likely exited), stop collecting metrics
[2024-11-19T04:33:07.314+0000] {taskinstance.py:3895} INFO - 1 downstream tasks scheduled from follow-on schedule check
[2024-11-19T04:33:07.318+0000] {local_task_job_runner.py:245} INFO - ::endgroup::
