[2024-11-23T20:47:11.234+0000] {local_task_job_runner.py:123} INFO - ::group::Pre task execution logs
[2024-11-23T20:47:11.254+0000] {taskinstance.py:2613} INFO - Dependencies all met for dep_context=non-requeueable deps ti=<TaskInstance: ETL_usa_spending.extract_usa_spending_data_task manual__2024-11-23T20:47:04.812538+00:00 [queued]>
[2024-11-23T20:47:11.265+0000] {taskinstance.py:2613} INFO - Dependencies all met for dep_context=requeueable deps ti=<TaskInstance: ETL_usa_spending.extract_usa_spending_data_task manual__2024-11-23T20:47:04.812538+00:00 [queued]>
[2024-11-23T20:47:11.266+0000] {taskinstance.py:2866} INFO - Starting attempt 1 of 1
[2024-11-23T20:47:11.283+0000] {taskinstance.py:2889} INFO - Executing <Task(PythonOperator): extract_usa_spending_data_task> on 2024-11-23 20:47:04.812538+00:00
[2024-11-23T20:47:11.301+0000] {logging_mixin.py:190} WARNING - /home/***/.local/lib/python3.12/site-packages/***/task/task_runner/standard_task_runner.py:70 DeprecationWarning: This process (pid=93119) is multi-threaded, use of fork() may lead to deadlocks in the child.
[2024-11-23T20:47:11.303+0000] {standard_task_runner.py:72} INFO - Started process 93121 to run task
[2024-11-23T20:47:11.301+0000] {standard_task_runner.py:104} INFO - Running: ['***', 'tasks', 'run', 'ETL_usa_spending', 'extract_usa_spending_data_task', 'manual__2024-11-23T20:47:04.812538+00:00', '--job-id', '211', '--raw', '--subdir', 'DAGS_FOLDER/project_dag.py', '--cfg-path', '/tmp/tmp38gsg69o']
[2024-11-23T20:47:11.305+0000] {standard_task_runner.py:105} INFO - Job 211: Subtask extract_usa_spending_data_task
[2024-11-23T20:47:11.368+0000] {task_command.py:467} INFO - Running <TaskInstance: ETL_usa_spending.extract_usa_spending_data_task manual__2024-11-23T20:47:04.812538+00:00 [running]> on host 7da4b16cbed4
[2024-11-23T20:47:11.485+0000] {taskinstance.py:3132} INFO - Exporting env vars: AIRFLOW_CTX_DAG_OWNER='***' AIRFLOW_CTX_DAG_ID='ETL_usa_spending' AIRFLOW_CTX_TASK_ID='extract_usa_spending_data_task' AIRFLOW_CTX_EXECUTION_DATE='2024-11-23T20:47:04.812538+00:00' AIRFLOW_CTX_TRY_NUMBER='1' AIRFLOW_CTX_DAG_RUN_ID='manual__2024-11-23T20:47:04.812538+00:00'
[2024-11-23T20:47:11.487+0000] {taskinstance.py:731} INFO - ::endgroup::
[2024-11-23T20:47:24.014+0000] {logging_mixin.py:190} INFO - File saved to S3: s3://project-raw-data-files/usa_spending_data/df_spending_by_award_11_23_2024.csv
[2024-11-23T20:50:10.393+0000] {usa_spending_extraction_script.py:73} ERROR - Error fetching award data: ('Connection aborted.', RemoteDisconnected('Remote end closed connection without response')). Retry 1/3
[2024-11-23T20:50:14.746+0000] {usa_spending_extraction_script.py:73} ERROR - Error fetching award data: ('Connection aborted.', RemoteDisconnected('Remote end closed connection without response')). Retry 2/3
[2024-11-23T21:08:34.818+0000] {logging_mixin.py:190} INFO - File saved to S3: s3://project-raw-data-files/usa_spending_data/award_data_11_23_2024.csv
[2024-11-23T21:13:19.690+0000] {usa_spending_extraction_script.py:39} ERROR - Error fetching page 1: 500 Server Error: Internal Server Error for url: https://api.usaspending.gov/api/v2/awards/funding/
[2024-11-23T21:13:21.097+0000] {usa_spending_extraction_script.py:39} ERROR - Error fetching page 1: ('Connection aborted.', RemoteDisconnected('Remote end closed connection without response'))
[2024-11-23T21:13:21.431+0000] {usa_spending_extraction_script.py:39} ERROR - Error fetching page 1: ('Connection aborted.', RemoteDisconnected('Remote end closed connection without response'))
[2024-11-23T21:13:21.744+0000] {usa_spending_extraction_script.py:39} ERROR - Error fetching page 1: ('Connection aborted.', RemoteDisconnected('Remote end closed connection without response'))
[2024-11-23T21:13:22.050+0000] {usa_spending_extraction_script.py:39} ERROR - Error fetching page 1: ('Connection aborted.', RemoteDisconnected('Remote end closed connection without response'))
[2024-11-23T21:13:22.379+0000] {usa_spending_extraction_script.py:39} ERROR - Error fetching page 1: ('Connection aborted.', RemoteDisconnected('Remote end closed connection without response'))
[2024-11-23T21:13:22.761+0000] {usa_spending_extraction_script.py:39} ERROR - Error fetching page 1: ('Connection aborted.', RemoteDisconnected('Remote end closed connection without response'))
[2024-11-23T21:13:23.076+0000] {usa_spending_extraction_script.py:39} ERROR - Error fetching page 1: ('Connection aborted.', RemoteDisconnected('Remote end closed connection without response'))
[2024-11-23T21:13:24.057+0000] {usa_spending_extraction_script.py:39} ERROR - Error fetching page 2: ('Connection aborted.', RemoteDisconnected('Remote end closed connection without response'))
[2024-11-23T21:13:25.020+0000] {usa_spending_extraction_script.py:39} ERROR - Error fetching page 2: ('Connection aborted.', RemoteDisconnected('Remote end closed connection without response'))
[2024-11-23T21:13:25.965+0000] {usa_spending_extraction_script.py:39} ERROR - Error fetching page 2: ('Connection aborted.', RemoteDisconnected('Remote end closed connection without response'))
[2024-11-23T21:13:27.198+0000] {usa_spending_extraction_script.py:39} ERROR - Error fetching page 1: ('Connection aborted.', RemoteDisconnected('Remote end closed connection without response'))
[2024-11-23T21:13:28.123+0000] {usa_spending_extraction_script.py:39} ERROR - Error fetching page 2: ('Connection aborted.', RemoteDisconnected('Remote end closed connection without response'))
[2024-11-23T21:13:29.007+0000] {usa_spending_extraction_script.py:39} ERROR - Error fetching page 2: ('Connection aborted.', RemoteDisconnected('Remote end closed connection without response'))
[2024-11-23T21:13:30.040+0000] {usa_spending_extraction_script.py:39} ERROR - Error fetching page 2: 500 Server Error: Internal Server Error for url: https://api.usaspending.gov/api/v2/awards/funding/
[2024-11-23T21:13:30.350+0000] {usa_spending_extraction_script.py:39} ERROR - Error fetching page 1: ('Connection aborted.', RemoteDisconnected('Remote end closed connection without response'))
[2024-11-23T21:13:30.674+0000] {usa_spending_extraction_script.py:39} ERROR - Error fetching page 1: ('Connection aborted.', RemoteDisconnected('Remote end closed connection without response'))
[2024-11-23T21:13:30.986+0000] {usa_spending_extraction_script.py:39} ERROR - Error fetching page 1: ('Connection aborted.', RemoteDisconnected('Remote end closed connection without response'))
[2024-11-23T21:13:31.305+0000] {usa_spending_extraction_script.py:39} ERROR - Error fetching page 1: ('Connection aborted.', RemoteDisconnected('Remote end closed connection without response'))
[2024-11-23T21:13:31.610+0000] {usa_spending_extraction_script.py:39} ERROR - Error fetching page 1: ('Connection aborted.', RemoteDisconnected('Remote end closed connection without response'))
[2024-11-23T21:13:31.931+0000] {usa_spending_extraction_script.py:39} ERROR - Error fetching page 1: ('Connection aborted.', RemoteDisconnected('Remote end closed connection without response'))
[2024-11-23T21:13:32.235+0000] {usa_spending_extraction_script.py:39} ERROR - Error fetching page 1: ('Connection aborted.', RemoteDisconnected('Remote end closed connection without response'))
[2024-11-23T21:13:32.560+0000] {usa_spending_extraction_script.py:39} ERROR - Error fetching page 1: ('Connection aborted.', RemoteDisconnected('Remote end closed connection without response'))
[2024-11-23T21:13:32.866+0000] {usa_spending_extraction_script.py:39} ERROR - Error fetching page 1: ('Connection aborted.', RemoteDisconnected('Remote end closed connection without response'))
[2024-11-23T21:13:33.215+0000] {usa_spending_extraction_script.py:39} ERROR - Error fetching page 1: ('Connection aborted.', RemoteDisconnected('Remote end closed connection without response'))
[2024-11-23T21:13:33.540+0000] {usa_spending_extraction_script.py:39} ERROR - Error fetching page 1: ('Connection aborted.', RemoteDisconnected('Remote end closed connection without response'))
[2024-11-23T21:13:33.867+0000] {usa_spending_extraction_script.py:39} ERROR - Error fetching page 1: ('Connection aborted.', RemoteDisconnected('Remote end closed connection without response'))
[2024-11-23T21:13:34.221+0000] {usa_spending_extraction_script.py:39} ERROR - Error fetching page 1: ('Connection aborted.', RemoteDisconnected('Remote end closed connection without response'))
[2024-11-23T21:13:34.524+0000] {usa_spending_extraction_script.py:39} ERROR - Error fetching page 1: ('Connection aborted.', RemoteDisconnected('Remote end closed connection without response'))
[2024-11-23T21:13:34.851+0000] {usa_spending_extraction_script.py:39} ERROR - Error fetching page 1: ('Connection aborted.', RemoteDisconnected('Remote end closed connection without response'))
[2024-11-23T21:13:35.160+0000] {usa_spending_extraction_script.py:39} ERROR - Error fetching page 1: ('Connection aborted.', RemoteDisconnected('Remote end closed connection without response'))
[2024-11-23T21:13:35.477+0000] {usa_spending_extraction_script.py:39} ERROR - Error fetching page 1: ('Connection aborted.', RemoteDisconnected('Remote end closed connection without response'))
[2024-11-23T21:13:35.796+0000] {usa_spending_extraction_script.py:39} ERROR - Error fetching page 1: ('Connection aborted.', RemoteDisconnected('Remote end closed connection without response'))
[2024-11-23T21:13:36.127+0000] {usa_spending_extraction_script.py:39} ERROR - Error fetching page 1: ('Connection aborted.', RemoteDisconnected('Remote end closed connection without response'))
[2024-11-23T21:13:36.454+0000] {usa_spending_extraction_script.py:39} ERROR - Error fetching page 1: ('Connection aborted.', RemoteDisconnected('Remote end closed connection without response'))
[2024-11-23T21:13:36.768+0000] {usa_spending_extraction_script.py:39} ERROR - Error fetching page 1: ('Connection aborted.', RemoteDisconnected('Remote end closed connection without response'))
[2024-11-23T21:13:37.088+0000] {usa_spending_extraction_script.py:39} ERROR - Error fetching page 1: ('Connection aborted.', RemoteDisconnected('Remote end closed connection without response'))
[2024-11-23T21:13:37.413+0000] {usa_spending_extraction_script.py:39} ERROR - Error fetching page 1: ('Connection aborted.', RemoteDisconnected('Remote end closed connection without response'))
[2024-11-23T21:13:37.720+0000] {usa_spending_extraction_script.py:39} ERROR - Error fetching page 1: ('Connection aborted.', RemoteDisconnected('Remote end closed connection without response'))
[2024-11-23T21:13:38.050+0000] {usa_spending_extraction_script.py:39} ERROR - Error fetching page 1: ('Connection aborted.', RemoteDisconnected('Remote end closed connection without response'))
[2024-11-23T21:13:38.355+0000] {usa_spending_extraction_script.py:39} ERROR - Error fetching page 1: ('Connection aborted.', RemoteDisconnected('Remote end closed connection without response'))
[2024-11-23T21:13:38.672+0000] {usa_spending_extraction_script.py:39} ERROR - Error fetching page 1: ('Connection aborted.', RemoteDisconnected('Remote end closed connection without response'))
[2024-11-23T21:13:38.991+0000] {usa_spending_extraction_script.py:39} ERROR - Error fetching page 1: ('Connection aborted.', RemoteDisconnected('Remote end closed connection without response'))
[2024-11-23T21:13:39.316+0000] {usa_spending_extraction_script.py:39} ERROR - Error fetching page 1: ('Connection aborted.', RemoteDisconnected('Remote end closed connection without response'))
[2024-11-23T21:13:39.646+0000] {usa_spending_extraction_script.py:39} ERROR - Error fetching page 1: ('Connection aborted.', RemoteDisconnected('Remote end closed connection without response'))
[2024-11-23T21:13:39.957+0000] {usa_spending_extraction_script.py:39} ERROR - Error fetching page 1: ('Connection aborted.', RemoteDisconnected('Remote end closed connection without response'))
[2024-11-23T21:13:40.265+0000] {usa_spending_extraction_script.py:39} ERROR - Error fetching page 1: ('Connection aborted.', RemoteDisconnected('Remote end closed connection without response'))
[2024-11-23T21:13:40.606+0000] {usa_spending_extraction_script.py:39} ERROR - Error fetching page 1: ('Connection aborted.', RemoteDisconnected('Remote end closed connection without response'))
[2024-11-23T21:13:40.936+0000] {usa_spending_extraction_script.py:39} ERROR - Error fetching page 1: ('Connection aborted.', RemoteDisconnected('Remote end closed connection without response'))
[2024-11-23T21:13:41.245+0000] {usa_spending_extraction_script.py:39} ERROR - Error fetching page 1: ('Connection aborted.', RemoteDisconnected('Remote end closed connection without response'))
[2024-11-23T21:13:41.557+0000] {usa_spending_extraction_script.py:39} ERROR - Error fetching page 1: ('Connection aborted.', RemoteDisconnected('Remote end closed connection without response'))
[2024-11-23T21:13:41.876+0000] {usa_spending_extraction_script.py:39} ERROR - Error fetching page 1: ('Connection aborted.', RemoteDisconnected('Remote end closed connection without response'))
[2024-11-23T21:13:42.185+0000] {usa_spending_extraction_script.py:39} ERROR - Error fetching page 1: ('Connection aborted.', RemoteDisconnected('Remote end closed connection without response'))
[2024-11-23T21:13:42.512+0000] {usa_spending_extraction_script.py:39} ERROR - Error fetching page 1: ('Connection aborted.', RemoteDisconnected('Remote end closed connection without response'))
[2024-11-23T21:13:42.848+0000] {usa_spending_extraction_script.py:39} ERROR - Error fetching page 1: ('Connection aborted.', RemoteDisconnected('Remote end closed connection without response'))
[2024-11-23T21:13:43.172+0000] {usa_spending_extraction_script.py:39} ERROR - Error fetching page 1: ('Connection aborted.', RemoteDisconnected('Remote end closed connection without response'))
[2024-11-23T21:13:43.480+0000] {usa_spending_extraction_script.py:39} ERROR - Error fetching page 1: ('Connection aborted.', RemoteDisconnected('Remote end closed connection without response'))
[2024-11-23T21:13:43.809+0000] {usa_spending_extraction_script.py:39} ERROR - Error fetching page 1: ('Connection aborted.', RemoteDisconnected('Remote end closed connection without response'))
[2024-11-23T21:13:44.139+0000] {usa_spending_extraction_script.py:39} ERROR - Error fetching page 1: ('Connection aborted.', RemoteDisconnected('Remote end closed connection without response'))
[2024-11-23T21:13:44.457+0000] {usa_spending_extraction_script.py:39} ERROR - Error fetching page 1: ('Connection aborted.', RemoteDisconnected('Remote end closed connection without response'))
[2024-11-23T21:13:44.780+0000] {usa_spending_extraction_script.py:39} ERROR - Error fetching page 1: ('Connection aborted.', RemoteDisconnected('Remote end closed connection without response'))
[2024-11-23T21:13:45.117+0000] {usa_spending_extraction_script.py:39} ERROR - Error fetching page 1: ('Connection aborted.', RemoteDisconnected('Remote end closed connection without response'))
[2024-11-23T21:13:45.432+0000] {usa_spending_extraction_script.py:39} ERROR - Error fetching page 1: ('Connection aborted.', RemoteDisconnected('Remote end closed connection without response'))
[2024-11-23T21:13:45.763+0000] {usa_spending_extraction_script.py:39} ERROR - Error fetching page 1: ('Connection aborted.', RemoteDisconnected('Remote end closed connection without response'))
[2024-11-23T21:13:46.060+0000] {usa_spending_extraction_script.py:39} ERROR - Error fetching page 1: ('Connection aborted.', RemoteDisconnected('Remote end closed connection without response'))
[2024-11-23T21:13:46.380+0000] {usa_spending_extraction_script.py:39} ERROR - Error fetching page 1: ('Connection aborted.', RemoteDisconnected('Remote end closed connection without response'))
[2024-11-23T21:13:46.702+0000] {usa_spending_extraction_script.py:39} ERROR - Error fetching page 1: ('Connection aborted.', RemoteDisconnected('Remote end closed connection without response'))
[2024-11-23T21:13:47.036+0000] {usa_spending_extraction_script.py:39} ERROR - Error fetching page 1: ('Connection aborted.', RemoteDisconnected('Remote end closed connection without response'))
[2024-11-23T21:13:47.359+0000] {usa_spending_extraction_script.py:39} ERROR - Error fetching page 1: ('Connection aborted.', RemoteDisconnected('Remote end closed connection without response'))
[2024-11-23T21:13:47.660+0000] {usa_spending_extraction_script.py:39} ERROR - Error fetching page 1: ('Connection aborted.', RemoteDisconnected('Remote end closed connection without response'))
[2024-11-23T21:13:47.981+0000] {usa_spending_extraction_script.py:39} ERROR - Error fetching page 1: ('Connection aborted.', RemoteDisconnected('Remote end closed connection without response'))
[2024-11-23T21:13:48.327+0000] {usa_spending_extraction_script.py:39} ERROR - Error fetching page 1: ('Connection aborted.', RemoteDisconnected('Remote end closed connection without response'))
[2024-11-23T21:13:48.631+0000] {usa_spending_extraction_script.py:39} ERROR - Error fetching page 1: ('Connection aborted.', RemoteDisconnected('Remote end closed connection without response'))
[2024-11-23T21:13:48.948+0000] {usa_spending_extraction_script.py:39} ERROR - Error fetching page 1: ('Connection aborted.', RemoteDisconnected('Remote end closed connection without response'))
[2024-11-23T21:13:49.267+0000] {usa_spending_extraction_script.py:39} ERROR - Error fetching page 1: ('Connection aborted.', RemoteDisconnected('Remote end closed connection without response'))
[2024-11-23T21:13:49.591+0000] {usa_spending_extraction_script.py:39} ERROR - Error fetching page 1: ('Connection aborted.', RemoteDisconnected('Remote end closed connection without response'))
[2024-11-23T21:13:49.899+0000] {usa_spending_extraction_script.py:39} ERROR - Error fetching page 1: ('Connection aborted.', RemoteDisconnected('Remote end closed connection without response'))
[2024-11-23T21:13:50.207+0000] {usa_spending_extraction_script.py:39} ERROR - Error fetching page 1: ('Connection aborted.', RemoteDisconnected('Remote end closed connection without response'))
[2024-11-23T21:13:50.535+0000] {usa_spending_extraction_script.py:39} ERROR - Error fetching page 1: ('Connection aborted.', RemoteDisconnected('Remote end closed connection without response'))
[2024-11-23T21:13:50.852+0000] {usa_spending_extraction_script.py:39} ERROR - Error fetching page 1: ('Connection aborted.', RemoteDisconnected('Remote end closed connection without response'))
[2024-11-23T21:13:51.183+0000] {usa_spending_extraction_script.py:39} ERROR - Error fetching page 1: ('Connection aborted.', RemoteDisconnected('Remote end closed connection without response'))
[2024-11-23T21:13:51.528+0000] {usa_spending_extraction_script.py:39} ERROR - Error fetching page 1: ('Connection aborted.', RemoteDisconnected('Remote end closed connection without response'))
[2024-11-23T21:13:51.858+0000] {usa_spending_extraction_script.py:39} ERROR - Error fetching page 1: ('Connection aborted.', RemoteDisconnected('Remote end closed connection without response'))
[2024-11-23T21:13:52.402+0000] {usa_spending_extraction_script.py:39} ERROR - Error fetching page 1: ('Connection aborted.', RemoteDisconnected('Remote end closed connection without response'))
[2024-11-23T21:14:57.794+0000] {usa_spending_extraction_script.py:39} ERROR - Error fetching page 1: ('Connection aborted.', RemoteDisconnected('Remote end closed connection without response'))
[2024-11-23T21:14:58.103+0000] {usa_spending_extraction_script.py:39} ERROR - Error fetching page 1: ('Connection aborted.', RemoteDisconnected('Remote end closed connection without response'))
[2024-11-23T21:14:58.430+0000] {usa_spending_extraction_script.py:39} ERROR - Error fetching page 1: ('Connection aborted.', RemoteDisconnected('Remote end closed connection without response'))
[2024-11-23T21:14:58.731+0000] {usa_spending_extraction_script.py:39} ERROR - Error fetching page 1: ('Connection aborted.', RemoteDisconnected('Remote end closed connection without response'))
[2024-11-23T21:14:59.048+0000] {usa_spending_extraction_script.py:39} ERROR - Error fetching page 1: ('Connection aborted.', RemoteDisconnected('Remote end closed connection without response'))
[2024-11-23T21:14:59.354+0000] {usa_spending_extraction_script.py:39} ERROR - Error fetching page 1: ('Connection aborted.', RemoteDisconnected('Remote end closed connection without response'))
[2024-11-23T21:14:59.670+0000] {usa_spending_extraction_script.py:39} ERROR - Error fetching page 1: ('Connection aborted.', RemoteDisconnected('Remote end closed connection without response'))
[2024-11-23T21:14:59.988+0000] {usa_spending_extraction_script.py:39} ERROR - Error fetching page 1: ('Connection aborted.', RemoteDisconnected('Remote end closed connection without response'))
[2024-11-23T21:15:00.290+0000] {usa_spending_extraction_script.py:39} ERROR - Error fetching page 1: ('Connection aborted.', RemoteDisconnected('Remote end closed connection without response'))
[2024-11-23T21:15:00.605+0000] {usa_spending_extraction_script.py:39} ERROR - Error fetching page 1: ('Connection aborted.', RemoteDisconnected('Remote end closed connection without response'))
[2024-11-23T21:15:00.923+0000] {usa_spending_extraction_script.py:39} ERROR - Error fetching page 1: ('Connection aborted.', RemoteDisconnected('Remote end closed connection without response'))
[2024-11-23T21:15:01.244+0000] {usa_spending_extraction_script.py:39} ERROR - Error fetching page 1: ('Connection aborted.', RemoteDisconnected('Remote end closed connection without response'))
[2024-11-23T21:15:01.565+0000] {usa_spending_extraction_script.py:39} ERROR - Error fetching page 1: ('Connection aborted.', RemoteDisconnected('Remote end closed connection without response'))
[2024-11-23T21:15:01.881+0000] {usa_spending_extraction_script.py:39} ERROR - Error fetching page 1: ('Connection aborted.', RemoteDisconnected('Remote end closed connection without response'))
[2024-11-23T21:15:02.182+0000] {usa_spending_extraction_script.py:39} ERROR - Error fetching page 1: ('Connection aborted.', RemoteDisconnected('Remote end closed connection without response'))
[2024-11-23T21:15:03.054+0000] {usa_spending_extraction_script.py:39} ERROR - Error fetching page 1: ('Connection aborted.', RemoteDisconnected('Remote end closed connection without response'))
[2024-11-23T21:15:03.366+0000] {usa_spending_extraction_script.py:39} ERROR - Error fetching page 1: ('Connection aborted.', RemoteDisconnected('Remote end closed connection without response'))
[2024-11-23T21:15:03.726+0000] {usa_spending_extraction_script.py:39} ERROR - Error fetching page 1: ('Connection aborted.', RemoteDisconnected('Remote end closed connection without response'))
[2024-11-23T21:15:04.043+0000] {usa_spending_extraction_script.py:39} ERROR - Error fetching page 1: ('Connection aborted.', RemoteDisconnected('Remote end closed connection without response'))
[2024-11-23T21:15:04.345+0000] {usa_spending_extraction_script.py:39} ERROR - Error fetching page 1: ('Connection aborted.', RemoteDisconnected('Remote end closed connection without response'))
[2024-11-23T21:15:04.665+0000] {usa_spending_extraction_script.py:39} ERROR - Error fetching page 1: ('Connection aborted.', RemoteDisconnected('Remote end closed connection without response'))
[2024-11-23T21:15:04.960+0000] {usa_spending_extraction_script.py:39} ERROR - Error fetching page 1: ('Connection aborted.', RemoteDisconnected('Remote end closed connection without response'))
[2024-11-23T21:15:05.280+0000] {usa_spending_extraction_script.py:39} ERROR - Error fetching page 1: ('Connection aborted.', RemoteDisconnected('Remote end closed connection without response'))
[2024-11-23T21:15:05.609+0000] {usa_spending_extraction_script.py:39} ERROR - Error fetching page 1: ('Connection aborted.', RemoteDisconnected('Remote end closed connection without response'))
[2024-11-23T21:15:05.918+0000] {usa_spending_extraction_script.py:39} ERROR - Error fetching page 1: ('Connection aborted.', RemoteDisconnected('Remote end closed connection without response'))
[2024-11-23T21:15:06.236+0000] {usa_spending_extraction_script.py:39} ERROR - Error fetching page 1: ('Connection aborted.', RemoteDisconnected('Remote end closed connection without response'))
[2024-11-23T21:15:06.552+0000] {usa_spending_extraction_script.py:39} ERROR - Error fetching page 1: ('Connection aborted.', RemoteDisconnected('Remote end closed connection without response'))
[2024-11-23T21:15:06.884+0000] {usa_spending_extraction_script.py:39} ERROR - Error fetching page 1: ('Connection aborted.', RemoteDisconnected('Remote end closed connection without response'))
[2024-11-23T21:15:07.188+0000] {usa_spending_extraction_script.py:39} ERROR - Error fetching page 1: ('Connection aborted.', RemoteDisconnected('Remote end closed connection without response'))
[2024-11-23T21:15:07.500+0000] {usa_spending_extraction_script.py:39} ERROR - Error fetching page 1: ('Connection aborted.', RemoteDisconnected('Remote end closed connection without response'))
[2024-11-23T21:15:07.817+0000] {usa_spending_extraction_script.py:39} ERROR - Error fetching page 1: ('Connection aborted.', RemoteDisconnected('Remote end closed connection without response'))
[2024-11-23T21:15:08.155+0000] {usa_spending_extraction_script.py:39} ERROR - Error fetching page 1: ('Connection aborted.', RemoteDisconnected('Remote end closed connection without response'))
[2024-11-23T21:15:08.469+0000] {usa_spending_extraction_script.py:39} ERROR - Error fetching page 1: ('Connection aborted.', RemoteDisconnected('Remote end closed connection without response'))
[2024-11-23T21:15:08.782+0000] {usa_spending_extraction_script.py:39} ERROR - Error fetching page 1: ('Connection aborted.', RemoteDisconnected('Remote end closed connection without response'))
[2024-11-23T21:15:09.100+0000] {usa_spending_extraction_script.py:39} ERROR - Error fetching page 1: ('Connection aborted.', RemoteDisconnected('Remote end closed connection without response'))
[2024-11-23T21:15:09.412+0000] {usa_spending_extraction_script.py:39} ERROR - Error fetching page 1: ('Connection aborted.', RemoteDisconnected('Remote end closed connection without response'))
[2024-11-23T21:15:10.223+0000] {logging_mixin.py:190} INFO - File saved to S3: s3://project-raw-data-files/usa_spending_data/funding_data_11_23_2024.csv
[2024-11-23T21:15:10.554+0000] {usa_spending_extraction_script.py:39} ERROR - Error fetching page 1: ('Connection aborted.', RemoteDisconnected('Remote end closed connection without response'))
[2024-11-23T21:15:10.872+0000] {usa_spending_extraction_script.py:39} ERROR - Error fetching page 1: ('Connection aborted.', RemoteDisconnected('Remote end closed connection without response'))
[2024-11-23T21:15:11.201+0000] {usa_spending_extraction_script.py:39} ERROR - Error fetching page 1: ('Connection aborted.', RemoteDisconnected('Remote end closed connection without response'))
[2024-11-23T21:15:11.526+0000] {usa_spending_extraction_script.py:39} ERROR - Error fetching page 1: ('Connection aborted.', RemoteDisconnected('Remote end closed connection without response'))
[2024-11-23T21:15:11.864+0000] {usa_spending_extraction_script.py:39} ERROR - Error fetching page 1: ('Connection aborted.', RemoteDisconnected('Remote end closed connection without response'))
[2024-11-23T21:15:12.187+0000] {usa_spending_extraction_script.py:39} ERROR - Error fetching page 1: ('Connection aborted.', RemoteDisconnected('Remote end closed connection without response'))
[2024-11-23T21:15:12.501+0000] {usa_spending_extraction_script.py:39} ERROR - Error fetching page 1: ('Connection aborted.', RemoteDisconnected('Remote end closed connection without response'))
[2024-11-23T21:15:12.810+0000] {usa_spending_extraction_script.py:39} ERROR - Error fetching page 1: ('Connection aborted.', RemoteDisconnected('Remote end closed connection without response'))
[2024-11-23T21:15:13.149+0000] {usa_spending_extraction_script.py:39} ERROR - Error fetching page 1: ('Connection aborted.', RemoteDisconnected('Remote end closed connection without response'))
[2024-11-23T21:15:13.480+0000] {usa_spending_extraction_script.py:39} ERROR - Error fetching page 1: ('Connection aborted.', RemoteDisconnected('Remote end closed connection without response'))
[2024-11-23T21:15:13.794+0000] {usa_spending_extraction_script.py:39} ERROR - Error fetching page 1: ('Connection aborted.', RemoteDisconnected('Remote end closed connection without response'))
[2024-11-23T21:15:14.126+0000] {usa_spending_extraction_script.py:39} ERROR - Error fetching page 1: ('Connection aborted.', RemoteDisconnected('Remote end closed connection without response'))
[2024-11-23T21:15:14.452+0000] {usa_spending_extraction_script.py:39} ERROR - Error fetching page 1: ('Connection aborted.', RemoteDisconnected('Remote end closed connection without response'))
[2024-11-23T21:15:14.771+0000] {usa_spending_extraction_script.py:39} ERROR - Error fetching page 1: ('Connection aborted.', RemoteDisconnected('Remote end closed connection without response'))
[2024-11-23T21:15:15.085+0000] {usa_spending_extraction_script.py:39} ERROR - Error fetching page 1: ('Connection aborted.', RemoteDisconnected('Remote end closed connection without response'))
[2024-11-23T21:15:15.451+0000] {usa_spending_extraction_script.py:39} ERROR - Error fetching page 1: ('Connection aborted.', RemoteDisconnected('Remote end closed connection without response'))
[2024-11-23T21:15:15.758+0000] {usa_spending_extraction_script.py:39} ERROR - Error fetching page 1: ('Connection aborted.', RemoteDisconnected('Remote end closed connection without response'))
[2024-11-23T21:15:16.078+0000] {usa_spending_extraction_script.py:39} ERROR - Error fetching page 1: ('Connection aborted.', RemoteDisconnected('Remote end closed connection without response'))
[2024-11-23T21:15:16.388+0000] {usa_spending_extraction_script.py:39} ERROR - Error fetching page 1: ('Connection aborted.', RemoteDisconnected('Remote end closed connection without response'))
[2024-11-23T21:15:16.690+0000] {usa_spending_extraction_script.py:39} ERROR - Error fetching page 1: ('Connection aborted.', RemoteDisconnected('Remote end closed connection without response'))
[2024-11-23T21:15:17.011+0000] {usa_spending_extraction_script.py:39} ERROR - Error fetching page 1: ('Connection aborted.', RemoteDisconnected('Remote end closed connection without response'))
[2024-11-23T21:15:17.342+0000] {usa_spending_extraction_script.py:39} ERROR - Error fetching page 1: ('Connection aborted.', RemoteDisconnected('Remote end closed connection without response'))
[2024-11-23T21:15:17.655+0000] {usa_spending_extraction_script.py:39} ERROR - Error fetching page 1: ('Connection aborted.', RemoteDisconnected('Remote end closed connection without response'))
[2024-11-23T21:15:18.004+0000] {usa_spending_extraction_script.py:39} ERROR - Error fetching page 1: ('Connection aborted.', RemoteDisconnected('Remote end closed connection without response'))
[2024-11-23T21:15:18.357+0000] {usa_spending_extraction_script.py:39} ERROR - Error fetching page 1: ('Connection aborted.', RemoteDisconnected('Remote end closed connection without response'))
[2024-11-23T21:15:18.685+0000] {usa_spending_extraction_script.py:39} ERROR - Error fetching page 1: ('Connection aborted.', RemoteDisconnected('Remote end closed connection without response'))
[2024-11-23T21:15:19.023+0000] {usa_spending_extraction_script.py:39} ERROR - Error fetching page 1: ('Connection aborted.', RemoteDisconnected('Remote end closed connection without response'))
[2024-11-23T21:15:19.369+0000] {usa_spending_extraction_script.py:39} ERROR - Error fetching page 1: ('Connection aborted.', RemoteDisconnected('Remote end closed connection without response'))
[2024-11-23T21:15:19.692+0000] {usa_spending_extraction_script.py:39} ERROR - Error fetching page 1: ('Connection aborted.', RemoteDisconnected('Remote end closed connection without response'))
[2024-11-23T21:15:20.037+0000] {usa_spending_extraction_script.py:39} ERROR - Error fetching page 1: ('Connection aborted.', RemoteDisconnected('Remote end closed connection without response'))
[2024-11-23T21:15:20.401+0000] {usa_spending_extraction_script.py:39} ERROR - Error fetching page 1: ('Connection aborted.', RemoteDisconnected('Remote end closed connection without response'))
[2024-11-23T21:15:20.737+0000] {usa_spending_extraction_script.py:39} ERROR - Error fetching page 1: ('Connection aborted.', RemoteDisconnected('Remote end closed connection without response'))
[2024-11-23T21:15:21.055+0000] {usa_spending_extraction_script.py:39} ERROR - Error fetching page 1: ('Connection aborted.', RemoteDisconnected('Remote end closed connection without response'))
[2024-11-23T21:15:21.362+0000] {usa_spending_extraction_script.py:39} ERROR - Error fetching page 1: ('Connection aborted.', RemoteDisconnected('Remote end closed connection without response'))
[2024-11-23T21:15:21.679+0000] {usa_spending_extraction_script.py:39} ERROR - Error fetching page 1: ('Connection aborted.', RemoteDisconnected('Remote end closed connection without response'))
[2024-11-23T21:15:21.994+0000] {usa_spending_extraction_script.py:39} ERROR - Error fetching page 1: ('Connection aborted.', RemoteDisconnected('Remote end closed connection without response'))
[2024-11-23T21:15:22.308+0000] {usa_spending_extraction_script.py:39} ERROR - Error fetching page 1: ('Connection aborted.', RemoteDisconnected('Remote end closed connection without response'))
[2024-11-23T21:15:22.622+0000] {usa_spending_extraction_script.py:39} ERROR - Error fetching page 1: ('Connection aborted.', RemoteDisconnected('Remote end closed connection without response'))
[2024-11-23T21:15:22.941+0000] {usa_spending_extraction_script.py:39} ERROR - Error fetching page 1: ('Connection aborted.', RemoteDisconnected('Remote end closed connection without response'))
[2024-11-23T21:15:23.274+0000] {usa_spending_extraction_script.py:39} ERROR - Error fetching page 1: ('Connection aborted.', RemoteDisconnected('Remote end closed connection without response'))
[2024-11-23T21:15:23.582+0000] {usa_spending_extraction_script.py:39} ERROR - Error fetching page 1: ('Connection aborted.', RemoteDisconnected('Remote end closed connection without response'))
[2024-11-23T21:15:23.901+0000] {usa_spending_extraction_script.py:39} ERROR - Error fetching page 1: ('Connection aborted.', RemoteDisconnected('Remote end closed connection without response'))
[2024-11-23T21:15:24.221+0000] {usa_spending_extraction_script.py:39} ERROR - Error fetching page 1: ('Connection aborted.', RemoteDisconnected('Remote end closed connection without response'))
[2024-11-23T21:15:24.539+0000] {usa_spending_extraction_script.py:39} ERROR - Error fetching page 1: ('Connection aborted.', RemoteDisconnected('Remote end closed connection without response'))
[2024-11-23T21:15:24.865+0000] {usa_spending_extraction_script.py:39} ERROR - Error fetching page 1: ('Connection aborted.', RemoteDisconnected('Remote end closed connection without response'))
[2024-11-23T21:15:25.177+0000] {usa_spending_extraction_script.py:39} ERROR - Error fetching page 1: ('Connection aborted.', RemoteDisconnected('Remote end closed connection without response'))
[2024-11-23T21:15:25.489+0000] {usa_spending_extraction_script.py:39} ERROR - Error fetching page 1: ('Connection aborted.', RemoteDisconnected('Remote end closed connection without response'))
[2024-11-23T21:15:25.807+0000] {usa_spending_extraction_script.py:39} ERROR - Error fetching page 1: ('Connection aborted.', RemoteDisconnected('Remote end closed connection without response'))
[2024-11-23T21:15:26.132+0000] {usa_spending_extraction_script.py:39} ERROR - Error fetching page 1: ('Connection aborted.', RemoteDisconnected('Remote end closed connection without response'))
[2024-11-23T21:15:26.467+0000] {usa_spending_extraction_script.py:39} ERROR - Error fetching page 1: ('Connection aborted.', RemoteDisconnected('Remote end closed connection without response'))
[2024-11-23T21:15:26.787+0000] {usa_spending_extraction_script.py:39} ERROR - Error fetching page 1: ('Connection aborted.', RemoteDisconnected('Remote end closed connection without response'))
[2024-11-23T21:15:27.098+0000] {usa_spending_extraction_script.py:39} ERROR - Error fetching page 1: ('Connection aborted.', RemoteDisconnected('Remote end closed connection without response'))
[2024-11-23T21:15:27.417+0000] {usa_spending_extraction_script.py:39} ERROR - Error fetching page 1: ('Connection aborted.', RemoteDisconnected('Remote end closed connection without response'))
[2024-11-23T21:15:27.734+0000] {usa_spending_extraction_script.py:39} ERROR - Error fetching page 1: ('Connection aborted.', RemoteDisconnected('Remote end closed connection without response'))
[2024-11-23T21:15:28.063+0000] {usa_spending_extraction_script.py:39} ERROR - Error fetching page 1: ('Connection aborted.', RemoteDisconnected('Remote end closed connection without response'))
[2024-11-23T21:15:28.375+0000] {usa_spending_extraction_script.py:39} ERROR - Error fetching page 1: ('Connection aborted.', RemoteDisconnected('Remote end closed connection without response'))
[2024-11-23T21:15:28.692+0000] {usa_spending_extraction_script.py:39} ERROR - Error fetching page 1: ('Connection aborted.', RemoteDisconnected('Remote end closed connection without response'))
[2024-11-23T21:15:29.012+0000] {usa_spending_extraction_script.py:39} ERROR - Error fetching page 1: ('Connection aborted.', RemoteDisconnected('Remote end closed connection without response'))
[2024-11-23T21:15:29.331+0000] {usa_spending_extraction_script.py:39} ERROR - Error fetching page 1: ('Connection aborted.', RemoteDisconnected('Remote end closed connection without response'))
[2024-11-23T21:15:29.647+0000] {usa_spending_extraction_script.py:39} ERROR - Error fetching page 1: ('Connection aborted.', RemoteDisconnected('Remote end closed connection without response'))
[2024-11-23T21:15:29.964+0000] {usa_spending_extraction_script.py:39} ERROR - Error fetching page 1: ('Connection aborted.', RemoteDisconnected('Remote end closed connection without response'))
[2024-11-23T21:15:30.285+0000] {usa_spending_extraction_script.py:39} ERROR - Error fetching page 1: ('Connection aborted.', RemoteDisconnected('Remote end closed connection without response'))
[2024-11-23T21:15:30.587+0000] {usa_spending_extraction_script.py:39} ERROR - Error fetching page 1: ('Connection aborted.', RemoteDisconnected('Remote end closed connection without response'))
[2024-11-23T21:15:30.902+0000] {usa_spending_extraction_script.py:39} ERROR - Error fetching page 1: ('Connection aborted.', RemoteDisconnected('Remote end closed connection without response'))
[2024-11-23T21:15:31.223+0000] {usa_spending_extraction_script.py:39} ERROR - Error fetching page 1: ('Connection aborted.', RemoteDisconnected('Remote end closed connection without response'))
[2024-11-23T21:15:31.548+0000] {usa_spending_extraction_script.py:39} ERROR - Error fetching page 1: ('Connection aborted.', RemoteDisconnected('Remote end closed connection without response'))
[2024-11-23T21:15:31.861+0000] {usa_spending_extraction_script.py:39} ERROR - Error fetching page 1: ('Connection aborted.', RemoteDisconnected('Remote end closed connection without response'))
[2024-11-23T21:15:32.177+0000] {usa_spending_extraction_script.py:39} ERROR - Error fetching page 1: ('Connection aborted.', RemoteDisconnected('Remote end closed connection without response'))
[2024-11-23T21:15:32.483+0000] {usa_spending_extraction_script.py:39} ERROR - Error fetching page 1: ('Connection aborted.', RemoteDisconnected('Remote end closed connection without response'))
[2024-11-23T21:15:32.781+0000] {usa_spending_extraction_script.py:39} ERROR - Error fetching page 1: ('Connection aborted.', RemoteDisconnected('Remote end closed connection without response'))
[2024-11-23T21:15:33.118+0000] {usa_spending_extraction_script.py:39} ERROR - Error fetching page 1: ('Connection aborted.', RemoteDisconnected('Remote end closed connection without response'))
[2024-11-23T21:15:33.469+0000] {usa_spending_extraction_script.py:39} ERROR - Error fetching page 1: ('Connection aborted.', RemoteDisconnected('Remote end closed connection without response'))
[2024-11-23T21:15:33.788+0000] {usa_spending_extraction_script.py:39} ERROR - Error fetching page 1: ('Connection aborted.', RemoteDisconnected('Remote end closed connection without response'))
[2024-11-23T21:15:34.117+0000] {usa_spending_extraction_script.py:39} ERROR - Error fetching page 1: ('Connection aborted.', RemoteDisconnected('Remote end closed connection without response'))
[2024-11-23T21:15:34.448+0000] {usa_spending_extraction_script.py:39} ERROR - Error fetching page 1: ('Connection aborted.', RemoteDisconnected('Remote end closed connection without response'))
[2024-11-23T21:15:34.766+0000] {usa_spending_extraction_script.py:39} ERROR - Error fetching page 1: ('Connection aborted.', RemoteDisconnected('Remote end closed connection without response'))
[2024-11-23T21:15:35.097+0000] {usa_spending_extraction_script.py:39} ERROR - Error fetching page 1: ('Connection aborted.', RemoteDisconnected('Remote end closed connection without response'))
[2024-11-23T21:15:35.403+0000] {usa_spending_extraction_script.py:39} ERROR - Error fetching page 1: ('Connection aborted.', RemoteDisconnected('Remote end closed connection without response'))
[2024-11-23T21:15:35.709+0000] {usa_spending_extraction_script.py:39} ERROR - Error fetching page 1: ('Connection aborted.', RemoteDisconnected('Remote end closed connection without response'))
[2024-11-23T21:15:36.039+0000] {usa_spending_extraction_script.py:39} ERROR - Error fetching page 1: ('Connection aborted.', RemoteDisconnected('Remote end closed connection without response'))
[2024-11-23T21:15:36.375+0000] {usa_spending_extraction_script.py:39} ERROR - Error fetching page 1: ('Connection aborted.', RemoteDisconnected('Remote end closed connection without response'))
[2024-11-23T21:15:36.706+0000] {usa_spending_extraction_script.py:39} ERROR - Error fetching page 1: ('Connection aborted.', RemoteDisconnected('Remote end closed connection without response'))
[2024-11-23T21:15:37.014+0000] {usa_spending_extraction_script.py:39} ERROR - Error fetching page 1: ('Connection aborted.', RemoteDisconnected('Remote end closed connection without response'))
[2024-11-23T21:15:37.341+0000] {usa_spending_extraction_script.py:39} ERROR - Error fetching page 1: ('Connection aborted.', RemoteDisconnected('Remote end closed connection without response'))
[2024-11-23T21:15:37.655+0000] {usa_spending_extraction_script.py:39} ERROR - Error fetching page 1: ('Connection aborted.', RemoteDisconnected('Remote end closed connection without response'))
[2024-11-23T21:15:37.980+0000] {usa_spending_extraction_script.py:39} ERROR - Error fetching page 1: ('Connection aborted.', RemoteDisconnected('Remote end closed connection without response'))
[2024-11-23T21:15:38.314+0000] {usa_spending_extraction_script.py:39} ERROR - Error fetching page 1: ('Connection aborted.', RemoteDisconnected('Remote end closed connection without response'))
[2024-11-23T21:15:38.629+0000] {usa_spending_extraction_script.py:39} ERROR - Error fetching page 1: ('Connection aborted.', RemoteDisconnected('Remote end closed connection without response'))
[2024-11-23T21:15:38.939+0000] {usa_spending_extraction_script.py:39} ERROR - Error fetching page 1: ('Connection aborted.', RemoteDisconnected('Remote end closed connection without response'))
[2024-11-23T21:15:39.251+0000] {usa_spending_extraction_script.py:39} ERROR - Error fetching page 1: ('Connection aborted.', RemoteDisconnected('Remote end closed connection without response'))
[2024-11-23T21:15:39.564+0000] {usa_spending_extraction_script.py:39} ERROR - Error fetching page 1: ('Connection aborted.', RemoteDisconnected('Remote end closed connection without response'))
[2024-11-23T21:15:39.906+0000] {usa_spending_extraction_script.py:39} ERROR - Error fetching page 1: ('Connection aborted.', RemoteDisconnected('Remote end closed connection without response'))
[2024-11-23T21:15:40.218+0000] {usa_spending_extraction_script.py:39} ERROR - Error fetching page 1: ('Connection aborted.', RemoteDisconnected('Remote end closed connection without response'))
[2024-11-23T21:15:40.530+0000] {usa_spending_extraction_script.py:39} ERROR - Error fetching page 1: ('Connection aborted.', RemoteDisconnected('Remote end closed connection without response'))
[2024-11-23T21:15:40.845+0000] {usa_spending_extraction_script.py:39} ERROR - Error fetching page 1: ('Connection aborted.', RemoteDisconnected('Remote end closed connection without response'))
[2024-11-23T21:15:41.166+0000] {usa_spending_extraction_script.py:39} ERROR - Error fetching page 1: ('Connection aborted.', RemoteDisconnected('Remote end closed connection without response'))
[2024-11-23T21:15:41.487+0000] {usa_spending_extraction_script.py:39} ERROR - Error fetching page 1: ('Connection aborted.', RemoteDisconnected('Remote end closed connection without response'))
[2024-11-23T21:15:41.815+0000] {usa_spending_extraction_script.py:39} ERROR - Error fetching page 1: ('Connection aborted.', RemoteDisconnected('Remote end closed connection without response'))
[2024-11-23T21:15:42.148+0000] {usa_spending_extraction_script.py:39} ERROR - Error fetching page 1: ('Connection aborted.', RemoteDisconnected('Remote end closed connection without response'))
[2024-11-23T21:15:42.468+0000] {usa_spending_extraction_script.py:39} ERROR - Error fetching page 1: ('Connection aborted.', RemoteDisconnected('Remote end closed connection without response'))
[2024-11-23T21:15:42.802+0000] {usa_spending_extraction_script.py:39} ERROR - Error fetching page 1: ('Connection aborted.', RemoteDisconnected('Remote end closed connection without response'))
[2024-11-23T21:15:43.140+0000] {usa_spending_extraction_script.py:39} ERROR - Error fetching page 1: ('Connection aborted.', RemoteDisconnected('Remote end closed connection without response'))
[2024-11-23T21:15:43.467+0000] {usa_spending_extraction_script.py:39} ERROR - Error fetching page 1: ('Connection aborted.', RemoteDisconnected('Remote end closed connection without response'))
[2024-11-23T21:15:43.791+0000] {usa_spending_extraction_script.py:39} ERROR - Error fetching page 1: ('Connection aborted.', RemoteDisconnected('Remote end closed connection without response'))
[2024-11-23T21:15:44.130+0000] {usa_spending_extraction_script.py:39} ERROR - Error fetching page 1: ('Connection aborted.', RemoteDisconnected('Remote end closed connection without response'))
[2024-11-23T21:15:44.451+0000] {usa_spending_extraction_script.py:39} ERROR - Error fetching page 1: ('Connection aborted.', RemoteDisconnected('Remote end closed connection without response'))
[2024-11-23T21:15:44.835+0000] {usa_spending_extraction_script.py:39} ERROR - Error fetching page 1: ('Connection aborted.', RemoteDisconnected('Remote end closed connection without response'))
[2024-11-23T21:15:45.157+0000] {usa_spending_extraction_script.py:39} ERROR - Error fetching page 1: ('Connection aborted.', RemoteDisconnected('Remote end closed connection without response'))
[2024-11-23T21:15:45.471+0000] {usa_spending_extraction_script.py:39} ERROR - Error fetching page 1: ('Connection aborted.', RemoteDisconnected('Remote end closed connection without response'))
[2024-11-23T21:15:45.787+0000] {usa_spending_extraction_script.py:39} ERROR - Error fetching page 1: ('Connection aborted.', RemoteDisconnected('Remote end closed connection without response'))
[2024-11-23T21:15:46.103+0000] {usa_spending_extraction_script.py:39} ERROR - Error fetching page 1: ('Connection aborted.', RemoteDisconnected('Remote end closed connection without response'))
[2024-11-23T21:15:46.404+0000] {usa_spending_extraction_script.py:39} ERROR - Error fetching page 1: ('Connection aborted.', RemoteDisconnected('Remote end closed connection without response'))
[2024-11-23T21:15:46.724+0000] {usa_spending_extraction_script.py:39} ERROR - Error fetching page 1: ('Connection aborted.', RemoteDisconnected('Remote end closed connection without response'))
[2024-11-23T21:15:47.018+0000] {usa_spending_extraction_script.py:39} ERROR - Error fetching page 1: ('Connection aborted.', RemoteDisconnected('Remote end closed connection without response'))
[2024-11-23T21:15:47.333+0000] {usa_spending_extraction_script.py:39} ERROR - Error fetching page 1: ('Connection aborted.', RemoteDisconnected('Remote end closed connection without response'))
[2024-11-23T21:15:47.655+0000] {usa_spending_extraction_script.py:39} ERROR - Error fetching page 1: ('Connection aborted.', RemoteDisconnected('Remote end closed connection without response'))
[2024-11-23T21:15:47.976+0000] {usa_spending_extraction_script.py:39} ERROR - Error fetching page 1: ('Connection aborted.', RemoteDisconnected('Remote end closed connection without response'))
[2024-11-23T21:15:48.310+0000] {usa_spending_extraction_script.py:39} ERROR - Error fetching page 1: ('Connection aborted.', RemoteDisconnected('Remote end closed connection without response'))
[2024-11-23T21:15:48.608+0000] {usa_spending_extraction_script.py:39} ERROR - Error fetching page 1: ('Connection aborted.', RemoteDisconnected('Remote end closed connection without response'))
[2024-11-23T21:15:48.923+0000] {usa_spending_extraction_script.py:39} ERROR - Error fetching page 1: ('Connection aborted.', RemoteDisconnected('Remote end closed connection without response'))
[2024-11-23T21:15:49.233+0000] {usa_spending_extraction_script.py:39} ERROR - Error fetching page 1: ('Connection aborted.', RemoteDisconnected('Remote end closed connection without response'))
[2024-11-23T21:15:49.550+0000] {usa_spending_extraction_script.py:39} ERROR - Error fetching page 1: ('Connection aborted.', RemoteDisconnected('Remote end closed connection without response'))
[2024-11-23T21:15:49.870+0000] {usa_spending_extraction_script.py:39} ERROR - Error fetching page 1: ('Connection aborted.', RemoteDisconnected('Remote end closed connection without response'))
[2024-11-23T21:15:50.189+0000] {usa_spending_extraction_script.py:39} ERROR - Error fetching page 1: ('Connection aborted.', RemoteDisconnected('Remote end closed connection without response'))
[2024-11-23T21:15:50.503+0000] {usa_spending_extraction_script.py:39} ERROR - Error fetching page 1: ('Connection aborted.', RemoteDisconnected('Remote end closed connection without response'))
[2024-11-23T21:15:50.802+0000] {usa_spending_extraction_script.py:39} ERROR - Error fetching page 1: ('Connection aborted.', RemoteDisconnected('Remote end closed connection without response'))
[2024-11-23T21:15:51.118+0000] {usa_spending_extraction_script.py:39} ERROR - Error fetching page 1: ('Connection aborted.', RemoteDisconnected('Remote end closed connection without response'))
[2024-11-23T21:15:51.447+0000] {usa_spending_extraction_script.py:39} ERROR - Error fetching page 1: ('Connection aborted.', RemoteDisconnected('Remote end closed connection without response'))
[2024-11-23T21:15:51.791+0000] {usa_spending_extraction_script.py:39} ERROR - Error fetching page 1: ('Connection aborted.', RemoteDisconnected('Remote end closed connection without response'))
[2024-11-23T21:15:52.095+0000] {usa_spending_extraction_script.py:39} ERROR - Error fetching page 1: ('Connection aborted.', RemoteDisconnected('Remote end closed connection without response'))
[2024-11-23T21:15:52.402+0000] {usa_spending_extraction_script.py:39} ERROR - Error fetching page 1: ('Connection aborted.', RemoteDisconnected('Remote end closed connection without response'))
[2024-11-23T21:15:52.709+0000] {usa_spending_extraction_script.py:39} ERROR - Error fetching page 1: ('Connection aborted.', RemoteDisconnected('Remote end closed connection without response'))
[2024-11-23T21:15:53.054+0000] {usa_spending_extraction_script.py:39} ERROR - Error fetching page 1: ('Connection aborted.', RemoteDisconnected('Remote end closed connection without response'))
[2024-11-23T21:15:53.380+0000] {usa_spending_extraction_script.py:39} ERROR - Error fetching page 1: ('Connection aborted.', RemoteDisconnected('Remote end closed connection without response'))
[2024-11-23T21:15:53.832+0000] {usa_spending_extraction_script.py:39} ERROR - Error fetching page 1: ('Connection aborted.', RemoteDisconnected('Remote end closed connection without response'))
[2024-11-23T21:15:55.552+0000] {usa_spending_extraction_script.py:39} ERROR - Error fetching page 1: ('Connection aborted.', RemoteDisconnected('Remote end closed connection without response'))
[2024-11-23T21:15:57.215+0000] {usa_spending_extraction_script.py:39} ERROR - Error fetching page 1: ('Connection aborted.', RemoteDisconnected('Remote end closed connection without response'))
[2024-11-23T21:15:58.442+0000] {usa_spending_extraction_script.py:39} ERROR - Error fetching page 1: ('Connection aborted.', RemoteDisconnected('Remote end closed connection without response'))
[2024-11-23T21:15:59.377+0000] {usa_spending_extraction_script.py:39} ERROR - Error fetching page 1: ('Connection aborted.', RemoteDisconnected('Remote end closed connection without response'))
[2024-11-23T21:16:00.861+0000] {usa_spending_extraction_script.py:39} ERROR - Error fetching page 1: ('Connection aborted.', RemoteDisconnected('Remote end closed connection without response'))
[2024-11-23T21:16:02.833+0000] {usa_spending_extraction_script.py:39} ERROR - Error fetching page 1: ('Connection aborted.', RemoteDisconnected('Remote end closed connection without response'))
[2024-11-23T21:16:04.820+0000] {usa_spending_extraction_script.py:39} ERROR - Error fetching page 1: ('Connection aborted.', RemoteDisconnected('Remote end closed connection without response'))
[2024-11-23T21:16:06.620+0000] {usa_spending_extraction_script.py:39} ERROR - Error fetching page 1: ('Connection aborted.', RemoteDisconnected('Remote end closed connection without response'))
[2024-11-23T21:16:07.926+0000] {usa_spending_extraction_script.py:39} ERROR - Error fetching page 1: ('Connection aborted.', RemoteDisconnected('Remote end closed connection without response'))
[2024-11-23T21:16:09.491+0000] {usa_spending_extraction_script.py:39} ERROR - Error fetching page 1: ('Connection aborted.', RemoteDisconnected('Remote end closed connection without response'))
[2024-11-23T21:16:10.639+0000] {usa_spending_extraction_script.py:39} ERROR - Error fetching page 1: ('Connection aborted.', RemoteDisconnected('Remote end closed connection without response'))
[2024-11-23T21:16:12.183+0000] {usa_spending_extraction_script.py:39} ERROR - Error fetching page 1: ('Connection aborted.', RemoteDisconnected('Remote end closed connection without response'))
[2024-11-23T21:16:13.908+0000] {usa_spending_extraction_script.py:39} ERROR - Error fetching page 1: ('Connection aborted.', RemoteDisconnected('Remote end closed connection without response'))
[2024-11-23T21:16:15.774+0000] {usa_spending_extraction_script.py:39} ERROR - Error fetching page 1: ('Connection aborted.', RemoteDisconnected('Remote end closed connection without response'))
[2024-11-23T21:16:17.576+0000] {usa_spending_extraction_script.py:39} ERROR - Error fetching page 1: ('Connection aborted.', RemoteDisconnected('Remote end closed connection without response'))
[2024-11-23T21:16:18.590+0000] {usa_spending_extraction_script.py:39} ERROR - Error fetching page 1: ('Connection aborted.', RemoteDisconnected('Remote end closed connection without response'))
[2024-11-23T21:16:19.676+0000] {usa_spending_extraction_script.py:39} ERROR - Error fetching page 1: ('Connection aborted.', RemoteDisconnected('Remote end closed connection without response'))
[2024-11-23T21:16:20.809+0000] {usa_spending_extraction_script.py:39} ERROR - Error fetching page 1: ('Connection aborted.', RemoteDisconnected('Remote end closed connection without response'))
[2024-11-23T21:16:21.955+0000] {usa_spending_extraction_script.py:39} ERROR - Error fetching page 1: ('Connection aborted.', RemoteDisconnected('Remote end closed connection without response'))
[2024-11-23T21:16:22.815+0000] {usa_spending_extraction_script.py:39} ERROR - Error fetching page 1: ('Connection aborted.', RemoteDisconnected('Remote end closed connection without response'))
[2024-11-23T21:16:23.798+0000] {usa_spending_extraction_script.py:39} ERROR - Error fetching page 1: ('Connection aborted.', RemoteDisconnected('Remote end closed connection without response'))
[2024-11-23T21:16:24.703+0000] {usa_spending_extraction_script.py:39} ERROR - Error fetching page 1: ('Connection aborted.', RemoteDisconnected('Remote end closed connection without response'))
[2024-11-23T21:16:25.651+0000] {usa_spending_extraction_script.py:39} ERROR - Error fetching page 1: ('Connection aborted.', RemoteDisconnected('Remote end closed connection without response'))
[2024-11-23T21:16:26.458+0000] {usa_spending_extraction_script.py:39} ERROR - Error fetching page 1: ('Connection aborted.', RemoteDisconnected('Remote end closed connection without response'))
[2024-11-23T21:16:27.028+0000] {usa_spending_extraction_script.py:39} ERROR - Error fetching page 1: ('Connection aborted.', RemoteDisconnected('Remote end closed connection without response'))
[2024-11-23T21:16:27.471+0000] {usa_spending_extraction_script.py:39} ERROR - Error fetching page 1: ('Connection aborted.', RemoteDisconnected('Remote end closed connection without response'))
[2024-11-23T21:17:32.776+0000] {usa_spending_extraction_script.py:39} ERROR - Error fetching page 1: ('Connection aborted.', RemoteDisconnected('Remote end closed connection without response'))
[2024-11-23T21:17:33.160+0000] {usa_spending_extraction_script.py:39} ERROR - Error fetching page 1: ('Connection aborted.', RemoteDisconnected('Remote end closed connection without response'))
[2024-11-23T21:17:33.512+0000] {usa_spending_extraction_script.py:39} ERROR - Error fetching page 1: ('Connection aborted.', RemoteDisconnected('Remote end closed connection without response'))
[2024-11-23T21:17:33.894+0000] {usa_spending_extraction_script.py:39} ERROR - Error fetching page 1: ('Connection aborted.', RemoteDisconnected('Remote end closed connection without response'))
[2024-11-23T21:17:34.234+0000] {usa_spending_extraction_script.py:39} ERROR - Error fetching page 1: ('Connection aborted.', RemoteDisconnected('Remote end closed connection without response'))
[2024-11-23T21:17:34.632+0000] {usa_spending_extraction_script.py:39} ERROR - Error fetching page 1: ('Connection aborted.', RemoteDisconnected('Remote end closed connection without response'))
[2024-11-23T21:17:34.973+0000] {usa_spending_extraction_script.py:39} ERROR - Error fetching page 1: ('Connection aborted.', RemoteDisconnected('Remote end closed connection without response'))
[2024-11-23T21:17:35.311+0000] {usa_spending_extraction_script.py:39} ERROR - Error fetching page 1: ('Connection aborted.', RemoteDisconnected('Remote end closed connection without response'))
[2024-11-23T21:17:35.658+0000] {usa_spending_extraction_script.py:39} ERROR - Error fetching page 1: ('Connection aborted.', RemoteDisconnected('Remote end closed connection without response'))
[2024-11-23T21:17:36.005+0000] {usa_spending_extraction_script.py:39} ERROR - Error fetching page 1: ('Connection aborted.', RemoteDisconnected('Remote end closed connection without response'))
[2024-11-23T21:17:36.332+0000] {usa_spending_extraction_script.py:39} ERROR - Error fetching page 1: ('Connection aborted.', RemoteDisconnected('Remote end closed connection without response'))
[2024-11-23T21:17:36.671+0000] {usa_spending_extraction_script.py:39} ERROR - Error fetching page 1: ('Connection aborted.', RemoteDisconnected('Remote end closed connection without response'))
[2024-11-23T21:17:37.020+0000] {usa_spending_extraction_script.py:39} ERROR - Error fetching page 1: ('Connection aborted.', RemoteDisconnected('Remote end closed connection without response'))
[2024-11-23T21:17:37.371+0000] {usa_spending_extraction_script.py:39} ERROR - Error fetching page 1: ('Connection aborted.', RemoteDisconnected('Remote end closed connection without response'))
[2024-11-23T21:17:37.709+0000] {usa_spending_extraction_script.py:39} ERROR - Error fetching page 1: ('Connection aborted.', RemoteDisconnected('Remote end closed connection without response'))
[2024-11-23T21:17:38.078+0000] {usa_spending_extraction_script.py:39} ERROR - Error fetching page 1: ('Connection aborted.', RemoteDisconnected('Remote end closed connection without response'))
[2024-11-23T21:17:38.427+0000] {usa_spending_extraction_script.py:39} ERROR - Error fetching page 1: ('Connection aborted.', RemoteDisconnected('Remote end closed connection without response'))
[2024-11-23T21:17:38.772+0000] {usa_spending_extraction_script.py:39} ERROR - Error fetching page 1: ('Connection aborted.', RemoteDisconnected('Remote end closed connection without response'))
[2024-11-23T21:17:39.127+0000] {usa_spending_extraction_script.py:39} ERROR - Error fetching page 1: ('Connection aborted.', RemoteDisconnected('Remote end closed connection without response'))
[2024-11-23T21:17:39.469+0000] {usa_spending_extraction_script.py:39} ERROR - Error fetching page 1: ('Connection aborted.', RemoteDisconnected('Remote end closed connection without response'))
[2024-11-23T21:17:39.819+0000] {usa_spending_extraction_script.py:39} ERROR - Error fetching page 1: ('Connection aborted.', RemoteDisconnected('Remote end closed connection without response'))
[2024-11-23T21:17:40.165+0000] {usa_spending_extraction_script.py:39} ERROR - Error fetching page 1: ('Connection aborted.', RemoteDisconnected('Remote end closed connection without response'))
[2024-11-23T21:17:40.495+0000] {usa_spending_extraction_script.py:39} ERROR - Error fetching page 1: ('Connection aborted.', RemoteDisconnected('Remote end closed connection without response'))
[2024-11-23T21:17:40.869+0000] {usa_spending_extraction_script.py:39} ERROR - Error fetching page 1: ('Connection aborted.', RemoteDisconnected('Remote end closed connection without response'))
[2024-11-23T21:17:41.217+0000] {usa_spending_extraction_script.py:39} ERROR - Error fetching page 1: ('Connection aborted.', RemoteDisconnected('Remote end closed connection without response'))
[2024-11-23T21:17:41.556+0000] {usa_spending_extraction_script.py:39} ERROR - Error fetching page 1: ('Connection aborted.', RemoteDisconnected('Remote end closed connection without response'))
[2024-11-23T21:17:41.903+0000] {usa_spending_extraction_script.py:39} ERROR - Error fetching page 1: ('Connection aborted.', RemoteDisconnected('Remote end closed connection without response'))
[2024-11-23T21:17:42.248+0000] {usa_spending_extraction_script.py:39} ERROR - Error fetching page 1: ('Connection aborted.', RemoteDisconnected('Remote end closed connection without response'))
[2024-11-23T21:17:42.587+0000] {usa_spending_extraction_script.py:39} ERROR - Error fetching page 1: ('Connection aborted.', RemoteDisconnected('Remote end closed connection without response'))
[2024-11-23T21:17:42.934+0000] {usa_spending_extraction_script.py:39} ERROR - Error fetching page 1: ('Connection aborted.', RemoteDisconnected('Remote end closed connection without response'))
[2024-11-23T21:17:43.285+0000] {usa_spending_extraction_script.py:39} ERROR - Error fetching page 1: ('Connection aborted.', RemoteDisconnected('Remote end closed connection without response'))
[2024-11-23T21:17:43.621+0000] {usa_spending_extraction_script.py:39} ERROR - Error fetching page 1: ('Connection aborted.', RemoteDisconnected('Remote end closed connection without response'))
[2024-11-23T21:17:43.970+0000] {usa_spending_extraction_script.py:39} ERROR - Error fetching page 1: ('Connection aborted.', RemoteDisconnected('Remote end closed connection without response'))
[2024-11-23T21:17:44.313+0000] {usa_spending_extraction_script.py:39} ERROR - Error fetching page 1: ('Connection aborted.', RemoteDisconnected('Remote end closed connection without response'))
[2024-11-23T21:17:44.664+0000] {usa_spending_extraction_script.py:39} ERROR - Error fetching page 1: ('Connection aborted.', RemoteDisconnected('Remote end closed connection without response'))
[2024-11-23T21:17:45.014+0000] {usa_spending_extraction_script.py:39} ERROR - Error fetching page 1: ('Connection aborted.', RemoteDisconnected('Remote end closed connection without response'))
[2024-11-23T21:17:45.377+0000] {usa_spending_extraction_script.py:39} ERROR - Error fetching page 1: ('Connection aborted.', RemoteDisconnected('Remote end closed connection without response'))
[2024-11-23T21:17:45.708+0000] {usa_spending_extraction_script.py:39} ERROR - Error fetching page 1: ('Connection aborted.', RemoteDisconnected('Remote end closed connection without response'))
[2024-11-23T21:17:46.061+0000] {usa_spending_extraction_script.py:39} ERROR - Error fetching page 1: ('Connection aborted.', RemoteDisconnected('Remote end closed connection without response'))
[2024-11-23T21:17:46.391+0000] {usa_spending_extraction_script.py:39} ERROR - Error fetching page 1: ('Connection aborted.', RemoteDisconnected('Remote end closed connection without response'))
[2024-11-23T21:17:46.732+0000] {usa_spending_extraction_script.py:39} ERROR - Error fetching page 1: ('Connection aborted.', RemoteDisconnected('Remote end closed connection without response'))
[2024-11-23T21:17:47.073+0000] {usa_spending_extraction_script.py:39} ERROR - Error fetching page 1: ('Connection aborted.', RemoteDisconnected('Remote end closed connection without response'))
[2024-11-23T21:17:47.413+0000] {usa_spending_extraction_script.py:39} ERROR - Error fetching page 1: ('Connection aborted.', RemoteDisconnected('Remote end closed connection without response'))
[2024-11-23T21:17:47.746+0000] {usa_spending_extraction_script.py:39} ERROR - Error fetching page 1: ('Connection aborted.', RemoteDisconnected('Remote end closed connection without response'))
[2024-11-23T21:17:48.110+0000] {usa_spending_extraction_script.py:39} ERROR - Error fetching page 1: ('Connection aborted.', RemoteDisconnected('Remote end closed connection without response'))
[2024-11-23T21:17:48.452+0000] {usa_spending_extraction_script.py:39} ERROR - Error fetching page 1: ('Connection aborted.', RemoteDisconnected('Remote end closed connection without response'))
[2024-11-23T21:17:48.792+0000] {usa_spending_extraction_script.py:39} ERROR - Error fetching page 1: ('Connection aborted.', RemoteDisconnected('Remote end closed connection without response'))
[2024-11-23T21:17:49.151+0000] {usa_spending_extraction_script.py:39} ERROR - Error fetching page 1: ('Connection aborted.', RemoteDisconnected('Remote end closed connection without response'))
[2024-11-23T21:17:49.511+0000] {usa_spending_extraction_script.py:39} ERROR - Error fetching page 1: ('Connection aborted.', RemoteDisconnected('Remote end closed connection without response'))
[2024-11-23T21:17:49.855+0000] {usa_spending_extraction_script.py:39} ERROR - Error fetching page 1: ('Connection aborted.', RemoteDisconnected('Remote end closed connection without response'))
[2024-11-23T21:17:50.211+0000] {usa_spending_extraction_script.py:39} ERROR - Error fetching page 1: ('Connection aborted.', RemoteDisconnected('Remote end closed connection without response'))
[2024-11-23T21:17:50.560+0000] {usa_spending_extraction_script.py:39} ERROR - Error fetching page 1: ('Connection aborted.', RemoteDisconnected('Remote end closed connection without response'))
[2024-11-23T21:17:50.903+0000] {usa_spending_extraction_script.py:39} ERROR - Error fetching page 1: ('Connection aborted.', RemoteDisconnected('Remote end closed connection without response'))
[2024-11-23T21:17:51.243+0000] {usa_spending_extraction_script.py:39} ERROR - Error fetching page 1: ('Connection aborted.', RemoteDisconnected('Remote end closed connection without response'))
[2024-11-23T21:17:51.593+0000] {usa_spending_extraction_script.py:39} ERROR - Error fetching page 1: ('Connection aborted.', RemoteDisconnected('Remote end closed connection without response'))
[2024-11-23T21:17:52.000+0000] {usa_spending_extraction_script.py:39} ERROR - Error fetching page 1: ('Connection aborted.', RemoteDisconnected('Remote end closed connection without response'))
[2024-11-23T21:17:52.352+0000] {usa_spending_extraction_script.py:39} ERROR - Error fetching page 1: ('Connection aborted.', RemoteDisconnected('Remote end closed connection without response'))
[2024-11-23T21:17:52.727+0000] {usa_spending_extraction_script.py:39} ERROR - Error fetching page 1: ('Connection aborted.', RemoteDisconnected('Remote end closed connection without response'))
[2024-11-23T21:17:53.104+0000] {usa_spending_extraction_script.py:39} ERROR - Error fetching page 1: ('Connection aborted.', RemoteDisconnected('Remote end closed connection without response'))
[2024-11-23T21:17:53.441+0000] {usa_spending_extraction_script.py:39} ERROR - Error fetching page 1: ('Connection aborted.', RemoteDisconnected('Remote end closed connection without response'))
[2024-11-23T21:17:53.771+0000] {usa_spending_extraction_script.py:39} ERROR - Error fetching page 1: ('Connection aborted.', RemoteDisconnected('Remote end closed connection without response'))
[2024-11-23T21:17:54.184+0000] {usa_spending_extraction_script.py:39} ERROR - Error fetching page 1: ('Connection aborted.', RemoteDisconnected('Remote end closed connection without response'))
[2024-11-23T21:17:54.536+0000] {usa_spending_extraction_script.py:39} ERROR - Error fetching page 1: ('Connection aborted.', RemoteDisconnected('Remote end closed connection without response'))
[2024-11-23T21:17:54.876+0000] {usa_spending_extraction_script.py:39} ERROR - Error fetching page 1: ('Connection aborted.', RemoteDisconnected('Remote end closed connection without response'))
[2024-11-23T21:17:55.220+0000] {usa_spending_extraction_script.py:39} ERROR - Error fetching page 1: ('Connection aborted.', RemoteDisconnected('Remote end closed connection without response'))
[2024-11-23T21:17:55.549+0000] {usa_spending_extraction_script.py:39} ERROR - Error fetching page 1: ('Connection aborted.', RemoteDisconnected('Remote end closed connection without response'))
[2024-11-23T21:17:55.901+0000] {usa_spending_extraction_script.py:39} ERROR - Error fetching page 1: ('Connection aborted.', RemoteDisconnected('Remote end closed connection without response'))
[2024-11-23T21:17:56.254+0000] {usa_spending_extraction_script.py:39} ERROR - Error fetching page 1: ('Connection aborted.', RemoteDisconnected('Remote end closed connection without response'))
[2024-11-23T21:17:56.609+0000] {usa_spending_extraction_script.py:39} ERROR - Error fetching page 1: ('Connection aborted.', RemoteDisconnected('Remote end closed connection without response'))
[2024-11-23T21:17:56.950+0000] {usa_spending_extraction_script.py:39} ERROR - Error fetching page 1: ('Connection aborted.', RemoteDisconnected('Remote end closed connection without response'))
[2024-11-23T21:17:57.298+0000] {usa_spending_extraction_script.py:39} ERROR - Error fetching page 1: ('Connection aborted.', RemoteDisconnected('Remote end closed connection without response'))
[2024-11-23T21:17:57.645+0000] {usa_spending_extraction_script.py:39} ERROR - Error fetching page 1: ('Connection aborted.', RemoteDisconnected('Remote end closed connection without response'))
[2024-11-23T21:17:57.994+0000] {usa_spending_extraction_script.py:39} ERROR - Error fetching page 1: ('Connection aborted.', RemoteDisconnected('Remote end closed connection without response'))
[2024-11-23T21:17:58.352+0000] {usa_spending_extraction_script.py:39} ERROR - Error fetching page 1: ('Connection aborted.', RemoteDisconnected('Remote end closed connection without response'))
[2024-11-23T21:17:58.693+0000] {usa_spending_extraction_script.py:39} ERROR - Error fetching page 1: ('Connection aborted.', RemoteDisconnected('Remote end closed connection without response'))
[2024-11-23T21:17:59.028+0000] {usa_spending_extraction_script.py:39} ERROR - Error fetching page 1: ('Connection aborted.', RemoteDisconnected('Remote end closed connection without response'))
[2024-11-23T21:17:59.370+0000] {usa_spending_extraction_script.py:39} ERROR - Error fetching page 1: ('Connection aborted.', RemoteDisconnected('Remote end closed connection without response'))
[2024-11-23T21:17:59.708+0000] {usa_spending_extraction_script.py:39} ERROR - Error fetching page 1: ('Connection aborted.', RemoteDisconnected('Remote end closed connection without response'))
[2024-11-23T21:18:00.067+0000] {usa_spending_extraction_script.py:39} ERROR - Error fetching page 1: ('Connection aborted.', RemoteDisconnected('Remote end closed connection without response'))
[2024-11-23T21:18:00.444+0000] {usa_spending_extraction_script.py:39} ERROR - Error fetching page 1: ('Connection aborted.', RemoteDisconnected('Remote end closed connection without response'))
[2024-11-23T21:18:00.781+0000] {usa_spending_extraction_script.py:39} ERROR - Error fetching page 1: ('Connection aborted.', RemoteDisconnected('Remote end closed connection without response'))
[2024-11-23T21:18:01.128+0000] {usa_spending_extraction_script.py:39} ERROR - Error fetching page 1: ('Connection aborted.', RemoteDisconnected('Remote end closed connection without response'))
[2024-11-23T21:18:01.488+0000] {usa_spending_extraction_script.py:39} ERROR - Error fetching page 1: ('Connection aborted.', RemoteDisconnected('Remote end closed connection without response'))
[2024-11-23T21:18:01.823+0000] {usa_spending_extraction_script.py:39} ERROR - Error fetching page 1: ('Connection aborted.', RemoteDisconnected('Remote end closed connection without response'))
[2024-11-23T21:18:02.168+0000] {usa_spending_extraction_script.py:39} ERROR - Error fetching page 1: ('Connection aborted.', RemoteDisconnected('Remote end closed connection without response'))
[2024-11-23T21:18:02.513+0000] {usa_spending_extraction_script.py:39} ERROR - Error fetching page 1: ('Connection aborted.', RemoteDisconnected('Remote end closed connection without response'))
[2024-11-23T21:18:02.874+0000] {usa_spending_extraction_script.py:39} ERROR - Error fetching page 1: ('Connection aborted.', RemoteDisconnected('Remote end closed connection without response'))
[2024-11-23T21:18:03.228+0000] {usa_spending_extraction_script.py:39} ERROR - Error fetching page 1: ('Connection aborted.', RemoteDisconnected('Remote end closed connection without response'))
[2024-11-23T21:18:03.556+0000] {usa_spending_extraction_script.py:39} ERROR - Error fetching page 1: ('Connection aborted.', RemoteDisconnected('Remote end closed connection without response'))
[2024-11-23T21:18:03.887+0000] {usa_spending_extraction_script.py:39} ERROR - Error fetching page 1: ('Connection aborted.', RemoteDisconnected('Remote end closed connection without response'))
[2024-11-23T21:18:04.263+0000] {usa_spending_extraction_script.py:39} ERROR - Error fetching page 1: ('Connection aborted.', RemoteDisconnected('Remote end closed connection without response'))
[2024-11-23T21:18:04.593+0000] {usa_spending_extraction_script.py:39} ERROR - Error fetching page 1: ('Connection aborted.', RemoteDisconnected('Remote end closed connection without response'))
[2024-11-23T21:18:04.985+0000] {usa_spending_extraction_script.py:39} ERROR - Error fetching page 1: ('Connection aborted.', RemoteDisconnected('Remote end closed connection without response'))
[2024-11-23T21:18:05.389+0000] {usa_spending_extraction_script.py:39} ERROR - Error fetching page 1: ('Connection aborted.', RemoteDisconnected('Remote end closed connection without response'))
[2024-11-23T21:18:05.773+0000] {usa_spending_extraction_script.py:39} ERROR - Error fetching page 1: ('Connection aborted.', RemoteDisconnected('Remote end closed connection without response'))
[2024-11-23T21:18:06.110+0000] {usa_spending_extraction_script.py:39} ERROR - Error fetching page 1: ('Connection aborted.', RemoteDisconnected('Remote end closed connection without response'))
[2024-11-23T21:18:06.445+0000] {usa_spending_extraction_script.py:39} ERROR - Error fetching page 1: ('Connection aborted.', RemoteDisconnected('Remote end closed connection without response'))
[2024-11-23T21:18:06.791+0000] {usa_spending_extraction_script.py:39} ERROR - Error fetching page 1: ('Connection aborted.', RemoteDisconnected('Remote end closed connection without response'))
[2024-11-23T21:18:07.138+0000] {usa_spending_extraction_script.py:39} ERROR - Error fetching page 1: ('Connection aborted.', RemoteDisconnected('Remote end closed connection without response'))
[2024-11-23T21:18:07.489+0000] {usa_spending_extraction_script.py:39} ERROR - Error fetching page 1: ('Connection aborted.', RemoteDisconnected('Remote end closed connection without response'))
[2024-11-23T21:18:07.832+0000] {usa_spending_extraction_script.py:39} ERROR - Error fetching page 1: ('Connection aborted.', RemoteDisconnected('Remote end closed connection without response'))
[2024-11-23T21:18:08.186+0000] {usa_spending_extraction_script.py:39} ERROR - Error fetching page 1: ('Connection aborted.', RemoteDisconnected('Remote end closed connection without response'))
[2024-11-23T21:18:08.534+0000] {usa_spending_extraction_script.py:39} ERROR - Error fetching page 1: ('Connection aborted.', RemoteDisconnected('Remote end closed connection without response'))
[2024-11-23T21:18:08.880+0000] {usa_spending_extraction_script.py:39} ERROR - Error fetching page 1: ('Connection aborted.', RemoteDisconnected('Remote end closed connection without response'))
[2024-11-23T21:18:09.227+0000] {usa_spending_extraction_script.py:39} ERROR - Error fetching page 1: ('Connection aborted.', RemoteDisconnected('Remote end closed connection without response'))
[2024-11-23T21:18:09.561+0000] {usa_spending_extraction_script.py:39} ERROR - Error fetching page 1: ('Connection aborted.', RemoteDisconnected('Remote end closed connection without response'))
[2024-11-23T21:18:09.903+0000] {usa_spending_extraction_script.py:39} ERROR - Error fetching page 1: ('Connection aborted.', RemoteDisconnected('Remote end closed connection without response'))
[2024-11-23T21:18:10.242+0000] {usa_spending_extraction_script.py:39} ERROR - Error fetching page 1: ('Connection aborted.', RemoteDisconnected('Remote end closed connection without response'))
[2024-11-23T21:18:10.599+0000] {usa_spending_extraction_script.py:39} ERROR - Error fetching page 1: ('Connection aborted.', RemoteDisconnected('Remote end closed connection without response'))
[2024-11-23T21:18:10.940+0000] {usa_spending_extraction_script.py:39} ERROR - Error fetching page 1: ('Connection aborted.', RemoteDisconnected('Remote end closed connection without response'))
[2024-11-23T21:18:11.295+0000] {usa_spending_extraction_script.py:39} ERROR - Error fetching page 1: ('Connection aborted.', RemoteDisconnected('Remote end closed connection without response'))
[2024-11-23T21:18:11.648+0000] {usa_spending_extraction_script.py:39} ERROR - Error fetching page 1: ('Connection aborted.', RemoteDisconnected('Remote end closed connection without response'))
[2024-11-23T21:18:11.995+0000] {usa_spending_extraction_script.py:39} ERROR - Error fetching page 1: ('Connection aborted.', RemoteDisconnected('Remote end closed connection without response'))
[2024-11-23T21:18:12.331+0000] {usa_spending_extraction_script.py:39} ERROR - Error fetching page 1: ('Connection aborted.', RemoteDisconnected('Remote end closed connection without response'))
[2024-11-23T21:18:12.671+0000] {usa_spending_extraction_script.py:39} ERROR - Error fetching page 1: ('Connection aborted.', RemoteDisconnected('Remote end closed connection without response'))
[2024-11-23T21:18:13.014+0000] {usa_spending_extraction_script.py:39} ERROR - Error fetching page 1: ('Connection aborted.', RemoteDisconnected('Remote end closed connection without response'))
[2024-11-23T21:18:13.366+0000] {usa_spending_extraction_script.py:39} ERROR - Error fetching page 1: ('Connection aborted.', RemoteDisconnected('Remote end closed connection without response'))
[2024-11-23T21:18:13.696+0000] {usa_spending_extraction_script.py:39} ERROR - Error fetching page 1: ('Connection aborted.', RemoteDisconnected('Remote end closed connection without response'))
[2024-11-23T21:18:14.049+0000] {usa_spending_extraction_script.py:39} ERROR - Error fetching page 1: ('Connection aborted.', RemoteDisconnected('Remote end closed connection without response'))
[2024-11-23T21:18:14.410+0000] {usa_spending_extraction_script.py:39} ERROR - Error fetching page 1: ('Connection aborted.', RemoteDisconnected('Remote end closed connection without response'))
[2024-11-23T21:18:14.742+0000] {usa_spending_extraction_script.py:39} ERROR - Error fetching page 1: ('Connection aborted.', RemoteDisconnected('Remote end closed connection without response'))
[2024-11-23T21:18:15.105+0000] {usa_spending_extraction_script.py:39} ERROR - Error fetching page 1: ('Connection aborted.', RemoteDisconnected('Remote end closed connection without response'))
[2024-11-23T21:18:15.435+0000] {usa_spending_extraction_script.py:39} ERROR - Error fetching page 1: ('Connection aborted.', RemoteDisconnected('Remote end closed connection without response'))
[2024-11-23T21:18:15.806+0000] {usa_spending_extraction_script.py:39} ERROR - Error fetching page 1: ('Connection aborted.', RemoteDisconnected('Remote end closed connection without response'))
[2024-11-23T21:18:16.166+0000] {usa_spending_extraction_script.py:39} ERROR - Error fetching page 1: ('Connection aborted.', RemoteDisconnected('Remote end closed connection without response'))
[2024-11-23T21:18:16.516+0000] {usa_spending_extraction_script.py:39} ERROR - Error fetching page 1: ('Connection aborted.', RemoteDisconnected('Remote end closed connection without response'))
[2024-11-23T21:18:16.863+0000] {usa_spending_extraction_script.py:39} ERROR - Error fetching page 1: ('Connection aborted.', RemoteDisconnected('Remote end closed connection without response'))
[2024-11-23T21:18:17.231+0000] {usa_spending_extraction_script.py:39} ERROR - Error fetching page 1: ('Connection aborted.', RemoteDisconnected('Remote end closed connection without response'))
[2024-11-23T21:18:17.585+0000] {usa_spending_extraction_script.py:39} ERROR - Error fetching page 1: ('Connection aborted.', RemoteDisconnected('Remote end closed connection without response'))
[2024-11-23T21:18:17.948+0000] {usa_spending_extraction_script.py:39} ERROR - Error fetching page 1: ('Connection aborted.', RemoteDisconnected('Remote end closed connection without response'))
[2024-11-23T21:18:18.337+0000] {usa_spending_extraction_script.py:39} ERROR - Error fetching page 1: ('Connection aborted.', RemoteDisconnected('Remote end closed connection without response'))
[2024-11-23T21:18:18.681+0000] {usa_spending_extraction_script.py:39} ERROR - Error fetching page 1: ('Connection aborted.', RemoteDisconnected('Remote end closed connection without response'))
[2024-11-23T21:18:19.018+0000] {usa_spending_extraction_script.py:39} ERROR - Error fetching page 1: ('Connection aborted.', RemoteDisconnected('Remote end closed connection without response'))
[2024-11-23T21:18:19.362+0000] {usa_spending_extraction_script.py:39} ERROR - Error fetching page 1: ('Connection aborted.', RemoteDisconnected('Remote end closed connection without response'))
[2024-11-23T21:18:19.724+0000] {usa_spending_extraction_script.py:39} ERROR - Error fetching page 1: ('Connection aborted.', RemoteDisconnected('Remote end closed connection without response'))
[2024-11-23T21:18:20.070+0000] {usa_spending_extraction_script.py:39} ERROR - Error fetching page 1: ('Connection aborted.', RemoteDisconnected('Remote end closed connection without response'))
[2024-11-23T21:18:20.419+0000] {usa_spending_extraction_script.py:39} ERROR - Error fetching page 1: ('Connection aborted.', RemoteDisconnected('Remote end closed connection without response'))
[2024-11-23T21:18:20.751+0000] {usa_spending_extraction_script.py:39} ERROR - Error fetching page 1: ('Connection aborted.', RemoteDisconnected('Remote end closed connection without response'))
[2024-11-23T21:18:21.856+0000] {usa_spending_extraction_script.py:39} ERROR - Error fetching page 1: ('Connection aborted.', RemoteDisconnected('Remote end closed connection without response'))
[2024-11-23T21:18:22.195+0000] {usa_spending_extraction_script.py:39} ERROR - Error fetching page 1: ('Connection aborted.', RemoteDisconnected('Remote end closed connection without response'))
[2024-11-23T21:18:23.999+0000] {usa_spending_extraction_script.py:39} ERROR - Error fetching page 1: ('Connection aborted.', RemoteDisconnected('Remote end closed connection without response'))
[2024-11-23T21:18:24.394+0000] {usa_spending_extraction_script.py:39} ERROR - Error fetching page 1: ('Connection aborted.', RemoteDisconnected('Remote end closed connection without response'))
[2024-11-23T21:18:24.745+0000] {usa_spending_extraction_script.py:39} ERROR - Error fetching page 1: ('Connection aborted.', RemoteDisconnected('Remote end closed connection without response'))
[2024-11-23T21:18:25.094+0000] {usa_spending_extraction_script.py:39} ERROR - Error fetching page 1: ('Connection aborted.', RemoteDisconnected('Remote end closed connection without response'))
[2024-11-23T21:18:26.301+0000] {usa_spending_extraction_script.py:39} ERROR - Error fetching page 1: ('Connection aborted.', RemoteDisconnected('Remote end closed connection without response'))
[2024-11-23T21:18:26.643+0000] {usa_spending_extraction_script.py:39} ERROR - Error fetching page 1: ('Connection aborted.', RemoteDisconnected('Remote end closed connection without response'))
[2024-11-23T21:18:27.343+0000] {usa_spending_extraction_script.py:39} ERROR - Error fetching page 1: ('Connection aborted.', RemoteDisconnected('Remote end closed connection without response'))
[2024-11-23T21:18:28.044+0000] {usa_spending_extraction_script.py:39} ERROR - Error fetching page 1: ('Connection aborted.', RemoteDisconnected('Remote end closed connection without response'))
[2024-11-23T21:18:28.750+0000] {usa_spending_extraction_script.py:39} ERROR - Error fetching page 1: ('Connection aborted.', RemoteDisconnected('Remote end closed connection without response'))
[2024-11-23T21:18:29.113+0000] {usa_spending_extraction_script.py:39} ERROR - Error fetching page 1: ('Connection aborted.', RemoteDisconnected('Remote end closed connection without response'))
[2024-11-23T21:18:29.460+0000] {usa_spending_extraction_script.py:39} ERROR - Error fetching page 1: ('Connection aborted.', RemoteDisconnected('Remote end closed connection without response'))
[2024-11-23T21:20:51.704+0000] {logging_mixin.py:190} INFO - File saved to S3: s3://project-raw-data-files/usa_spending_data/subawards_11_23_2024.csv
[2024-11-23T21:29:32.880+0000] {logging_mixin.py:190} INFO - File saved to S3: s3://project-raw-data-files/usa_spending_data/transactions_11_23_2024.csv
[2024-11-23T21:29:32.883+0000] {python.py:240} INFO - Done. Returned value was: None
[2024-11-23T21:29:32.916+0000] {taskinstance.py:340} INFO - ::group::Post task execution logs
[2024-11-23T21:29:32.917+0000] {taskinstance.py:352} INFO - Marking task as SUCCESS. dag_id=ETL_usa_spending, task_id=extract_usa_spending_data_task, run_id=manual__2024-11-23T20:47:04.812538+00:00, execution_date=20241123T204704, start_date=20241123T204711, end_date=20241123T212932
[2024-11-23T21:29:33.018+0000] {local_task_job_runner.py:266} INFO - Task exited with return code 0
[2024-11-23T21:29:33.319+0000] {taskinstance.py:3895} INFO - 1 downstream tasks scheduled from follow-on schedule check
[2024-11-23T21:29:33.323+0000] {local_task_job_runner.py:245} INFO - ::endgroup::
