[2024-11-25T09:27:36.044+0000] {local_task_job_runner.py:123} INFO - ::group::Pre task execution logs
[2024-11-25T09:27:36.062+0000] {taskinstance.py:2613} INFO - Dependencies all met for dep_context=non-requeueable deps ti=<TaskInstance: ETL_history_reports.ingest_history_reports_task manual__2024-11-25T09:27:20.838622+00:00 [queued]>
[2024-11-25T09:27:36.072+0000] {taskinstance.py:2613} INFO - Dependencies all met for dep_context=requeueable deps ti=<TaskInstance: ETL_history_reports.ingest_history_reports_task manual__2024-11-25T09:27:20.838622+00:00 [queued]>
[2024-11-25T09:27:36.073+0000] {taskinstance.py:2866} INFO - Starting attempt 1 of 1
[2024-11-25T09:27:36.088+0000] {taskinstance.py:2889} INFO - Executing <Task(PythonOperator): ingest_history_reports_task> on 2024-11-25 09:27:20.838622+00:00
[2024-11-25T09:27:36.097+0000] {logging_mixin.py:190} WARNING - /home/***/.local/lib/python3.12/site-packages/***/task/task_runner/standard_task_runner.py:70 DeprecationWarning: This process (pid=3963) is multi-threaded, use of fork() may lead to deadlocks in the child.
[2024-11-25T09:27:36.098+0000] {standard_task_runner.py:72} INFO - Started process 3965 to run task
[2024-11-25T09:27:36.097+0000] {standard_task_runner.py:104} INFO - Running: ['***', 'tasks', 'run', 'ETL_history_reports', 'ingest_history_reports_task', 'manual__2024-11-25T09:27:20.838622+00:00', '--job-id', '300', '--raw', '--subdir', 'DAGS_FOLDER/project_dag.py', '--cfg-path', '/tmp/tmpgvugnm5x']
[2024-11-25T09:27:36.100+0000] {standard_task_runner.py:105} INFO - Job 300: Subtask ingest_history_reports_task
[2024-11-25T09:27:36.148+0000] {task_command.py:467} INFO - Running <TaskInstance: ETL_history_reports.ingest_history_reports_task manual__2024-11-25T09:27:20.838622+00:00 [running]> on host 6a246d8d590f
[2024-11-25T09:27:36.465+0000] {taskinstance.py:3132} INFO - Exporting env vars: AIRFLOW_CTX_DAG_OWNER='***' AIRFLOW_CTX_DAG_ID='ETL_history_reports' AIRFLOW_CTX_TASK_ID='ingest_history_reports_task' AIRFLOW_CTX_EXECUTION_DATE='2024-11-25T09:27:20.838622+00:00' AIRFLOW_CTX_TRY_NUMBER='1' AIRFLOW_CTX_DAG_RUN_ID='manual__2024-11-25T09:27:20.838622+00:00'
[2024-11-25T09:27:36.467+0000] {taskinstance.py:731} INFO - ::endgroup::
[2024-11-25T09:27:36.862+0000] {logging_mixin.py:190} INFO - Ingesting new data into disaster
[2024-11-25T09:27:37.900+0000] {logging_mixin.py:190} INFO - Data successfully written to table disaster.
[2024-11-25T09:27:38.120+0000] {logging_mixin.py:190} INFO - File moved from s3://project-processed-data/history_reports/disaster_events_8_1_2024.csv to s3://project-processed-data/archived/history_reports/disaster_events_8_1_2024.csv
[2024-11-25T09:27:38.282+0000] {logging_mixin.py:190} INFO - Ingesting new data into grantee
[2024-11-25T09:27:38.860+0000] {logging_mixin.py:190} INFO - Data successfully written to table grantee.
[2024-11-25T09:27:39.076+0000] {logging_mixin.py:190} INFO - File moved from s3://project-processed-data/history_reports/grantee_8_1_2024.csv to s3://project-processed-data/archived/history_reports/grantee_8_1_2024.csv
[2024-11-25T09:27:39.238+0000] {logging_mixin.py:190} INFO - Ingesting new data into granthistory
[2024-11-25T09:27:41.192+0000] {logging_mixin.py:190} INFO - Data successfully written to table granthistory.
[2024-11-25T09:27:41.413+0000] {logging_mixin.py:190} INFO - File moved from s3://project-processed-data/history_reports/grant_8_1_2024.csv to s3://project-processed-data/archived/history_reports/grant_8_1_2024.csv
[2024-11-25T09:27:41.615+0000] {logging_mixin.py:190} INFO - Ingesting new data into publiclaw
[2024-11-25T09:27:42.884+0000] {logging_mixin.py:190} INFO - Data successfully written to table publiclaw.
[2024-11-25T09:27:43.109+0000] {logging_mixin.py:190} INFO - File moved from s3://project-processed-data/history_reports/public_law_numbers_8_1_2024.csv to s3://project-processed-data/archived/history_reports/public_law_numbers_8_1_2024.csv
[2024-11-25T09:27:43.296+0000] {logging_mixin.py:190} INFO - Ingesting new data into disasterpubliclaw
[2024-11-25T09:27:45.302+0000] {logging_mixin.py:190} INFO - Data successfully written to table disasterpubliclaw.
[2024-11-25T09:27:45.535+0000] {logging_mixin.py:190} INFO - File moved from s3://project-processed-data/history_reports/disaster_public_law_8_1_2024.csv to s3://project-processed-data/archived/history_reports/disaster_public_law_8_1_2024.csv
[2024-11-25T09:27:45.537+0000] {python.py:240} INFO - Done. Returned value was: None
[2024-11-25T09:27:45.545+0000] {taskinstance.py:340} INFO - ::group::Post task execution logs
[2024-11-25T09:27:45.546+0000] {taskinstance.py:352} INFO - Marking task as SUCCESS. dag_id=ETL_history_reports, task_id=ingest_history_reports_task, run_id=manual__2024-11-25T09:27:20.838622+00:00, execution_date=20241125T092720, start_date=20241125T092736, end_date=20241125T092745
[2024-11-25T09:27:45.588+0000] {local_task_job_runner.py:266} INFO - Task exited with return code 0
[2024-11-25T09:27:45.604+0000] {taskinstance.py:3895} INFO - 0 downstream tasks scheduled from follow-on schedule check
[2024-11-25T09:27:45.606+0000] {local_task_job_runner.py:245} INFO - ::endgroup::
