[2024-11-19T03:00:48.164+0000] {local_task_job_runner.py:123} INFO - ::group::Pre task execution logs
[2024-11-19T03:00:48.197+0000] {taskinstance.py:2613} INFO - Dependencies all met for dep_context=non-requeueable deps ti=<TaskInstance: ETL_financial_reports.fetch_financial_reports_task scheduled__2024-11-18T00:00:00+00:00 [queued]>
[2024-11-19T03:00:48.218+0000] {taskinstance.py:2613} INFO - Dependencies all met for dep_context=requeueable deps ti=<TaskInstance: ETL_financial_reports.fetch_financial_reports_task scheduled__2024-11-18T00:00:00+00:00 [queued]>
[2024-11-19T03:00:48.219+0000] {taskinstance.py:2866} INFO - Starting attempt 1 of 1
[2024-11-19T03:00:48.250+0000] {taskinstance.py:2889} INFO - Executing <Task(PythonOperator): fetch_financial_reports_task> on 2024-11-18 00:00:00+00:00
[2024-11-19T03:00:48.288+0000] {logging_mixin.py:190} WARNING - /home/***/.local/lib/python3.12/site-packages/***/task/task_runner/standard_task_runner.py:70 DeprecationWarning: This process (pid=29930) is multi-threaded, use of fork() may lead to deadlocks in the child.
[2024-11-19T03:00:48.284+0000] {standard_task_runner.py:104} INFO - Running: ['***', 'tasks', 'run', 'ETL_financial_reports', 'fetch_financial_reports_task', 'scheduled__2024-11-18T00:00:00+00:00', '--job-id', '108', '--raw', '--subdir', 'DAGS_FOLDER/project_dag.py', '--cfg-path', '/tmp/tmpm2u5_u2c']
[2024-11-19T03:00:48.296+0000] {standard_task_runner.py:72} INFO - Started process 29938 to run task
[2024-11-19T03:00:48.297+0000] {standard_task_runner.py:105} INFO - Job 108: Subtask fetch_financial_reports_task
[2024-11-19T03:00:48.400+0000] {task_command.py:467} INFO - Running <TaskInstance: ETL_financial_reports.fetch_financial_reports_task scheduled__2024-11-18T00:00:00+00:00 [running]> on host 7da4b16cbed4
[2024-11-19T03:00:48.604+0000] {taskinstance.py:3132} INFO - Exporting env vars: AIRFLOW_CTX_DAG_OWNER='***' AIRFLOW_CTX_DAG_ID='ETL_financial_reports' AIRFLOW_CTX_TASK_ID='fetch_financial_reports_task' AIRFLOW_CTX_EXECUTION_DATE='2024-11-18T00:00:00+00:00' AIRFLOW_CTX_TRY_NUMBER='1' AIRFLOW_CTX_DAG_RUN_ID='scheduled__2024-11-18T00:00:00+00:00'
[2024-11-19T03:00:48.606+0000] {taskinstance.py:731} INFO - ::endgroup::
[2024-11-19T03:00:50.826+0000] {logging_mixin.py:190} INFO - File CDBG_DR_Grant_Expenditure_Report_11_2024.pdf already exists in S3. Skipping upload.
[2024-11-19T03:00:50.903+0000] {logging_mixin.py:190} INFO - File CDBG_DR_Grant_Expenditure_Report_10_2024.pdf already exists in S3. Skipping upload.
[2024-11-19T03:00:50.994+0000] {logging_mixin.py:190} INFO - File CDBG_DR_Grant_Expenditure_Report_9_2024.pdf already exists in S3. Skipping upload.
[2024-11-19T03:00:51.083+0000] {logging_mixin.py:190} INFO - File CDBG_DR_Grant_Expenditure_Report_8_2024.pdf already exists in S3. Skipping upload.
[2024-11-19T03:00:51.160+0000] {logging_mixin.py:190} INFO - File CDBG_DR_Grant_Expenditure_Report_7_2024.pdf already exists in S3. Skipping upload.
[2024-11-19T03:00:51.244+0000] {logging_mixin.py:190} INFO - File CDBG_DR_Grant_Expenditure_Report_6_2024.pdf already exists in S3. Skipping upload.
[2024-11-19T03:00:51.328+0000] {logging_mixin.py:190} INFO - File CDBG_DR_Grant_Expenditure_Report_5_2024.pdf already exists in S3. Skipping upload.
[2024-11-19T03:00:51.422+0000] {logging_mixin.py:190} INFO - File CDBG-DR_Grant_Expenditure_Report-4-1-2024.pdf already exists in S3. Skipping upload.
[2024-11-19T03:00:51.510+0000] {logging_mixin.py:190} INFO - File CDBG-DR-Grant-Expenditure-Report-2024-03.pdf already exists in S3. Skipping upload.
[2024-11-19T03:00:51.596+0000] {logging_mixin.py:190} INFO - File CDBG-DR-Grant-Expenditure-Report-2024-02.pdf already exists in S3. Skipping upload.
[2024-11-19T03:00:51.681+0000] {logging_mixin.py:190} INFO - File CDBG-DR-Grant-Expenditure-Report-2024-01.pdf already exists in S3. Skipping upload.
[2024-11-19T03:00:51.766+0000] {logging_mixin.py:190} INFO - File CDBG-DR-Grant-Expenditure-Report-2023-12.pdf already exists in S3. Skipping upload.
[2024-11-19T03:00:51.850+0000] {logging_mixin.py:190} INFO - File CDBG-DR_Grant_Expenditure_Report-11-1-2023.pdf already exists in S3. Skipping upload.
[2024-11-19T03:00:51.934+0000] {logging_mixin.py:190} INFO - File CDBG-DR-Grants-Financial-Report-2023-10.pdf already exists in S3. Skipping upload.
[2024-11-19T03:00:52.023+0000] {logging_mixin.py:190} INFO - File CDBG-DR-Grants-Financial-Report-2023-09.pdf already exists in S3. Skipping upload.
[2024-11-19T03:00:52.111+0000] {logging_mixin.py:190} INFO - File CDBG-DR-Grants-Financial-Report-2023-08.pdf already exists in S3. Skipping upload.
[2024-11-19T03:00:52.189+0000] {logging_mixin.py:190} INFO - File CDBG-DR-Grants-Financial-Report-2023-07.pdf already exists in S3. Skipping upload.
[2024-11-19T03:00:52.276+0000] {logging_mixin.py:190} INFO - File CDBG-DR-Grants-Financial-Report-2023-06.pdf already exists in S3. Skipping upload.
[2024-11-19T03:00:52.365+0000] {logging_mixin.py:190} INFO - File CDBG-DR-Grants-Financial-Report-2023-05.pdf already exists in S3. Skipping upload.
[2024-11-19T03:00:52.447+0000] {logging_mixin.py:190} INFO - File CDBG-DR-Grants-Financial-Report-2023-04.pdf already exists in S3. Skipping upload.
[2024-11-19T03:00:52.533+0000] {logging_mixin.py:190} INFO - File CDBG-DR-Grants-Financial-Report-2023-03.pdf already exists in S3. Skipping upload.
[2024-11-19T03:00:52.618+0000] {logging_mixin.py:190} INFO - File CDBG-DR-Grants-Financial-Report-2023-02.pdf already exists in S3. Skipping upload.
[2024-11-19T03:00:52.700+0000] {logging_mixin.py:190} INFO - File CDBG-DR-Grants-Financial-Report-2022-12.pdf already exists in S3. Skipping upload.
[2024-11-19T03:00:52.809+0000] {logging_mixin.py:190} INFO - File CDBG-DR-Grants-Financial-Report-2022-12.pdf already exists in S3. Skipping upload.
[2024-11-19T03:00:52.893+0000] {logging_mixin.py:190} INFO - File CDBG-DR-Grants-Financial-Report-2022-11.pdf already exists in S3. Skipping upload.
[2024-11-19T03:00:52.983+0000] {logging_mixin.py:190} INFO - File CDBG-DR-Grants-Financial-Report-2022-10.pdf already exists in S3. Skipping upload.
[2024-11-19T03:00:53.077+0000] {logging_mixin.py:190} INFO - File CDBG-DR-Grants-Financial-Report-2022-9.pdf already exists in S3. Skipping upload.
[2024-11-19T03:00:53.164+0000] {logging_mixin.py:190} INFO - File CDBG-DR-Grants-Financial-Report-2022-8.pdf already exists in S3. Skipping upload.
[2024-11-19T03:00:53.255+0000] {logging_mixin.py:190} INFO - File CDBG-DR-Grants-Financial-Report-2022-7.pdf already exists in S3. Skipping upload.
[2024-11-19T03:00:53.343+0000] {logging_mixin.py:190} INFO - File CDBG-DR-Grants-Financial-Report-2022-6.pdf already exists in S3. Skipping upload.
[2024-11-19T03:00:53.429+0000] {logging_mixin.py:190} INFO - File CDBG-DR-Grants-Financial-Report-2022-5.pdf already exists in S3. Skipping upload.
[2024-11-19T03:00:53.518+0000] {logging_mixin.py:190} INFO - File CDBG-DR-Grants-Financial-Report-2022-4.pdf already exists in S3. Skipping upload.
[2024-11-19T03:00:53.599+0000] {logging_mixin.py:190} INFO - File CDBG%20DR%20Grants%20Financial%20Report%202022%203%201.pdf already exists in S3. Skipping upload.
[2024-11-19T03:00:53.696+0000] {logging_mixin.py:190} INFO - File CDBG-DR_Grants_Financial_Report_2022-02.pdf already exists in S3. Skipping upload.
[2024-11-19T03:00:53.781+0000] {logging_mixin.py:190} INFO - File CDBG-DR_Grants_Financial_Report_2022-01.pdf already exists in S3. Skipping upload.
[2024-11-19T03:00:53.865+0000] {logging_mixin.py:190} INFO - File CDBG-DR-Financial-Report-2020-03-01.pdf already exists in S3. Skipping upload.
[2024-11-19T03:00:53.944+0000] {logging_mixin.py:190} INFO - File CDBG-DR-Financial-Report-2020-02-01.pdf already exists in S3. Skipping upload.
[2024-11-19T03:00:54.025+0000] {logging_mixin.py:190} INFO - File CDBG-DR-Financial-Report-2020-01-01.pdf already exists in S3. Skipping upload.
[2024-11-19T03:00:54.125+0000] {logging_mixin.py:190} INFO - File CDBG-DR-Financial-Report-2019-12-01.pdf already exists in S3. Skipping upload.
[2024-11-19T03:00:54.226+0000] {logging_mixin.py:190} INFO - File CDBG-DR-Financial-Report-2019-11-01.pdf already exists in S3. Skipping upload.
[2024-11-19T03:00:54.314+0000] {logging_mixin.py:190} INFO - File CDBG-DR-Financial-Report-2019-10-01.pdf already exists in S3. Skipping upload.
[2024-11-19T03:00:54.402+0000] {logging_mixin.py:190} INFO - File CDBG-DR-Financial-Report-2019-09-01.pdf already exists in S3. Skipping upload.
[2024-11-19T03:00:54.494+0000] {logging_mixin.py:190} INFO - File CDBG-DR-Financial-Report-2019-08-01.pdf already exists in S3. Skipping upload.
[2024-11-19T03:00:54.580+0000] {logging_mixin.py:190} INFO - File CDBG-DR-Financial-Report-2019-07-01.pdf already exists in S3. Skipping upload.
[2024-11-19T03:00:54.663+0000] {logging_mixin.py:190} INFO - File CDBG-DR-Financial-Report-2019-06-01.pdf already exists in S3. Skipping upload.
[2024-11-19T03:00:54.754+0000] {logging_mixin.py:190} INFO - File CDBG-DR-Financial-Report-2019-05-01.pdf already exists in S3. Skipping upload.
[2024-11-19T03:00:54.837+0000] {logging_mixin.py:190} INFO - File CDBG-DR-Financial-Report-2019-04-01.pdf already exists in S3. Skipping upload.
[2024-11-19T03:00:54.919+0000] {logging_mixin.py:190} INFO - File CDBG-DR-Financial-Report-2019-03-01.pdf already exists in S3. Skipping upload.
[2024-11-19T03:00:55.006+0000] {logging_mixin.py:190} INFO - File CDBG-DR-Financial-Report-2019-02-01.pdf already exists in S3. Skipping upload.
[2024-11-19T03:00:55.092+0000] {logging_mixin.py:190} INFO - File CDBG-DR-Financial-Report-2019-01-01.pdf already exists in S3. Skipping upload.
[2024-11-19T03:00:55.377+0000] {logging_mixin.py:190} INFO - File CDBG-DR-Financial-Report-2018-12-01.pdf already exists in S3. Skipping upload.
[2024-11-19T03:00:55.465+0000] {logging_mixin.py:190} INFO - File CDBG-DR-Financial-Report-2018-11-01.pdf already exists in S3. Skipping upload.
[2024-11-19T03:00:55.550+0000] {logging_mixin.py:190} INFO - File CDBG-DR-Financial-Report-2018-10-01.pdf already exists in S3. Skipping upload.
[2024-11-19T03:00:55.639+0000] {logging_mixin.py:190} INFO - File CDBG-DR-Financial-Report-2018-09-01.pdf already exists in S3. Skipping upload.
[2024-11-19T03:00:55.724+0000] {logging_mixin.py:190} INFO - File CDBG-DR-Financial-Report-2018-08-01.pdf already exists in S3. Skipping upload.
[2024-11-19T03:00:55.813+0000] {logging_mixin.py:190} INFO - File CDBG-DR-Financial-Report-2018-07-01.pdf already exists in S3. Skipping upload.
[2024-11-19T03:00:55.911+0000] {logging_mixin.py:190} INFO - File CDBG-DR-Financial-Report-2018-06-01.pdf already exists in S3. Skipping upload.
[2024-11-19T03:00:55.999+0000] {logging_mixin.py:190} INFO - File CDBG-DR-Financial-Report-2018-05-01.pdf already exists in S3. Skipping upload.
[2024-11-19T03:00:56.130+0000] {logging_mixin.py:190} INFO - File CDBG-DR-Financial-Report-2018-04-01.pdf already exists in S3. Skipping upload.
[2024-11-19T03:00:56.227+0000] {logging_mixin.py:190} INFO - File CDBG-DR-Financial-Report-2018-03-01.pdf already exists in S3. Skipping upload.
[2024-11-19T03:00:56.338+0000] {logging_mixin.py:190} INFO - File CDBG-DR-Financial-Report-2018-02-01.pdf already exists in S3. Skipping upload.
[2024-11-19T03:00:56.455+0000] {logging_mixin.py:190} INFO - File CDBG-DR-Financial-Report-2018-01-01.pdf already exists in S3. Skipping upload.
[2024-11-19T03:00:56.566+0000] {logging_mixin.py:190} INFO - File CDBG-DR-Financial-Report-2017-12-01.pdf already exists in S3. Skipping upload.
[2024-11-19T03:00:56.714+0000] {logging_mixin.py:190} INFO - File CDBG-DR-Financial-Report-2017-11-01.pdf already exists in S3. Skipping upload.
[2024-11-19T03:00:56.903+0000] {logging_mixin.py:190} INFO - File CDBG-DR-Financial-Report-2017-10-01.pdf already exists in S3. Skipping upload.
[2024-11-19T03:00:57.050+0000] {logging_mixin.py:190} INFO - File CDBG-DR-Financial-Report-2017-09-01.pdf already exists in S3. Skipping upload.
[2024-11-19T03:00:57.184+0000] {logging_mixin.py:190} INFO - File CDBG-DR-Financial-Report-2017-08-01.pdf already exists in S3. Skipping upload.
[2024-11-19T03:00:57.327+0000] {logging_mixin.py:190} INFO - File CDBG-DR-Financial-Report-2017-05-01.pdf already exists in S3. Skipping upload.
[2024-11-19T03:00:57.461+0000] {logging_mixin.py:190} INFO - File CDBG-DR-Financial-Report-2017-04-01.pdf already exists in S3. Skipping upload.
[2024-11-19T03:00:57.605+0000] {logging_mixin.py:190} INFO - File CDBG-DR-Financial-Report-2017-03-01.pdf already exists in S3. Skipping upload.
[2024-11-19T03:00:57.721+0000] {logging_mixin.py:190} INFO - File CDBG-DR-Financial-Report-2017-02-01.pdf already exists in S3. Skipping upload.
[2024-11-19T03:00:57.873+0000] {logging_mixin.py:190} INFO - File CDBG-DR-Financial-Report-2017-01-01.pdf already exists in S3. Skipping upload.
[2024-11-19T03:00:57.874+0000] {python.py:240} INFO - Done. Returned value was: None
[2024-11-19T03:00:57.884+0000] {taskinstance.py:340} INFO - ::group::Post task execution logs
[2024-11-19T03:00:57.886+0000] {taskinstance.py:352} INFO - Marking task as SUCCESS. dag_id=ETL_financial_reports, task_id=fetch_financial_reports_task, run_id=scheduled__2024-11-18T00:00:00+00:00, execution_date=20241118T000000, start_date=20241119T030048, end_date=20241119T030057
[2024-11-19T03:00:57.952+0000] {local_task_job_runner.py:266} INFO - Task exited with return code 0
[2024-11-19T03:00:57.979+0000] {taskinstance.py:3895} INFO - 1 downstream tasks scheduled from follow-on schedule check
[2024-11-19T03:00:57.982+0000] {local_task_job_runner.py:245} INFO - ::endgroup::
