[2024-11-25T07:18:49.089+0000] {local_task_job_runner.py:123} INFO - ::group::Pre task execution logs
[2024-11-25T07:18:49.112+0000] {taskinstance.py:2613} INFO - Dependencies all met for dep_context=non-requeueable deps ti=<TaskInstance: ETL_history_reports.fetch_history_reports_task manual__2024-11-25T07:18:46.679796+00:00 [queued]>
[2024-11-25T07:18:49.124+0000] {taskinstance.py:2613} INFO - Dependencies all met for dep_context=requeueable deps ti=<TaskInstance: ETL_history_reports.fetch_history_reports_task manual__2024-11-25T07:18:46.679796+00:00 [queued]>
[2024-11-25T07:18:49.126+0000] {taskinstance.py:2866} INFO - Starting attempt 1 of 1
[2024-11-25T07:18:49.148+0000] {taskinstance.py:2889} INFO - Executing <Task(PythonOperator): fetch_history_reports_task> on 2024-11-25 07:18:46.679796+00:00
[2024-11-25T07:18:49.162+0000] {logging_mixin.py:190} WARNING - /home/***/.local/lib/python3.12/site-packages/***/task/task_runner/standard_task_runner.py:70 DeprecationWarning: This process (pid=760) is multi-threaded, use of fork() may lead to deadlocks in the child.
[2024-11-25T07:18:49.159+0000] {standard_task_runner.py:104} INFO - Running: ['***', 'tasks', 'run', 'ETL_history_reports', 'fetch_history_reports_task', 'manual__2024-11-25T07:18:46.679796+00:00', '--job-id', '265', '--raw', '--subdir', 'DAGS_FOLDER/project_dag.py', '--cfg-path', '/tmp/tmpxzvzdtqn']
[2024-11-25T07:18:49.165+0000] {standard_task_runner.py:72} INFO - Started process 762 to run task
[2024-11-25T07:18:49.165+0000] {standard_task_runner.py:105} INFO - Job 265: Subtask fetch_history_reports_task
[2024-11-25T07:18:49.248+0000] {task_command.py:467} INFO - Running <TaskInstance: ETL_history_reports.fetch_history_reports_task manual__2024-11-25T07:18:46.679796+00:00 [running]> on host 6a246d8d590f
[2024-11-25T07:18:49.681+0000] {taskinstance.py:3132} INFO - Exporting env vars: AIRFLOW_CTX_DAG_OWNER='***' AIRFLOW_CTX_DAG_ID='ETL_history_reports' AIRFLOW_CTX_TASK_ID='fetch_history_reports_task' AIRFLOW_CTX_EXECUTION_DATE='2024-11-25T07:18:46.679796+00:00' AIRFLOW_CTX_TRY_NUMBER='1' AIRFLOW_CTX_DAG_RUN_ID='manual__2024-11-25T07:18:46.679796+00:00'
[2024-11-25T07:18:49.683+0000] {taskinstance.py:731} INFO - ::endgroup::
[2024-11-25T07:18:50.654+0000] {logging_mixin.py:190} INFO - File CDBG_DR_Grant_History_11_1_2024.pdf already exists in S3. Skipping upload.
[2024-11-25T07:18:50.738+0000] {logging_mixin.py:190} INFO - File CDBG_DR_Grant_History_10_1_2024.pdf already exists in S3. Skipping upload.
[2024-11-25T07:18:50.829+0000] {logging_mixin.py:190} INFO - File CDBG_DR_Grant_History_9_1_2024.pdf already exists in S3. Skipping upload.
[2024-11-25T07:18:50.951+0000] {logging_mixin.py:190} INFO - File CDBG_DR_Grant_History_8_1_2024.pdf already exists in S3. Skipping upload.
[2024-11-25T07:18:51.057+0000] {logging_mixin.py:190} INFO - File CDBG_DR_Grant_History_7_1_2024.pdf already exists in S3. Skipping upload.
[2024-11-25T07:18:51.156+0000] {logging_mixin.py:190} INFO - File CDBG_DR_Grant_History_6_1_2024.pdf already exists in S3. Skipping upload.
[2024-11-25T07:18:51.248+0000] {logging_mixin.py:190} INFO - File CDBG_DR_Grant_History_5_1_2024.pdf already exists in S3. Skipping upload.
[2024-11-25T07:18:51.333+0000] {logging_mixin.py:190} INFO - File CDBG_DR_Grant_History-4-1-2024.pdf already exists in S3. Skipping upload.
[2024-11-25T07:18:51.420+0000] {logging_mixin.py:190} INFO - File CDBG-DR-Grant-History-2024-03.pdf already exists in S3. Skipping upload.
[2024-11-25T07:18:51.517+0000] {logging_mixin.py:190} INFO - File CDBG-DR-Grant-History-2024-02.pdf already exists in S3. Skipping upload.
[2024-11-25T07:18:51.600+0000] {logging_mixin.py:190} INFO - File CDBG-DR-Grant-History-2024-01.pdf already exists in S3. Skipping upload.
[2024-11-25T07:18:51.693+0000] {logging_mixin.py:190} INFO - File CDBG-DR-Grant-History-2023-12.pdf already exists in S3. Skipping upload.
[2024-11-25T07:18:51.777+0000] {logging_mixin.py:190} INFO - File CDBG_DR_Grant_History-11-1-2023.pdf already exists in S3. Skipping upload.
[2024-11-25T07:18:51.884+0000] {logging_mixin.py:190} INFO - File CDBG-DR-Grant-History-2023-10.pdf already exists in S3. Skipping upload.
[2024-11-25T07:18:51.968+0000] {logging_mixin.py:190} INFO - File CDBG-DR-Grant-History-2023-04.pdf already exists in S3. Skipping upload.
[2024-11-25T07:18:52.055+0000] {logging_mixin.py:190} INFO - File CDBG-DR-Grant-History-2023-01.pdf already exists in S3. Skipping upload.
[2024-11-25T07:18:52.145+0000] {logging_mixin.py:190} INFO - File CDBG-DR-Grant-History-2022-10.pdf already exists in S3. Skipping upload.
[2024-11-25T07:18:52.234+0000] {logging_mixin.py:190} INFO - File CDBG-DR-Grant-History-2022-07.pdf already exists in S3. Skipping upload.
[2024-11-25T07:18:52.321+0000] {logging_mixin.py:190} INFO - File CDBG-DR-Grant-History-2022-04.pdf already exists in S3. Skipping upload.
[2024-11-25T07:18:52.406+0000] {logging_mixin.py:190} INFO - File CDBG-DR-Grant-History-2022-01.pdf already exists in S3. Skipping upload.
[2024-11-25T07:18:52.502+0000] {logging_mixin.py:190} INFO - File CDBG-DR-Grant-History-2021-10.pdf already exists in S3. Skipping upload.
[2024-11-25T07:18:52.503+0000] {python.py:240} INFO - Done. Returned value was: None
[2024-11-25T07:18:52.514+0000] {taskinstance.py:340} INFO - ::group::Post task execution logs
[2024-11-25T07:18:52.515+0000] {taskinstance.py:352} INFO - Marking task as SUCCESS. dag_id=ETL_history_reports, task_id=fetch_history_reports_task, run_id=manual__2024-11-25T07:18:46.679796+00:00, execution_date=20241125T071846, start_date=20241125T071849, end_date=20241125T071852
[2024-11-25T07:18:52.556+0000] {local_task_job_runner.py:266} INFO - Task exited with return code 0
[2024-11-25T07:18:52.581+0000] {taskinstance.py:3895} INFO - 1 downstream tasks scheduled from follow-on schedule check
[2024-11-25T07:18:52.584+0000] {local_task_job_runner.py:245} INFO - ::endgroup::
