[2024-11-28T00:00:16.253+0000] {local_task_job_runner.py:123} INFO - ::group::Pre task execution logs
[2024-11-28T00:00:16.271+0000] {taskinstance.py:2613} INFO - Dependencies all met for dep_context=non-requeueable deps ti=<TaskInstance: ETL_history_reports.ingest_history_reports_task scheduled__2024-11-27T00:00:00+00:00 [queued]>
[2024-11-28T00:00:16.283+0000] {taskinstance.py:2613} INFO - Dependencies all met for dep_context=requeueable deps ti=<TaskInstance: ETL_history_reports.ingest_history_reports_task scheduled__2024-11-27T00:00:00+00:00 [queued]>
[2024-11-28T00:00:16.284+0000] {taskinstance.py:2866} INFO - Starting attempt 1 of 1
[2024-11-28T00:00:16.299+0000] {taskinstance.py:2889} INFO - Executing <Task(PythonOperator): ingest_history_reports_task> on 2024-11-27 00:00:00+00:00
[2024-11-28T00:00:16.312+0000] {logging_mixin.py:190} WARNING - /home/***/.local/lib/python3.12/site-packages/***/task/task_runner/standard_task_runner.py:70 DeprecationWarning: This process (pid=31981) is multi-threaded, use of fork() may lead to deadlocks in the child.
[2024-11-28T00:00:16.311+0000] {standard_task_runner.py:104} INFO - Running: ['***', 'tasks', 'run', 'ETL_history_reports', 'ingest_history_reports_task', 'scheduled__2024-11-27T00:00:00+00:00', '--job-id', '448', '--raw', '--subdir', 'DAGS_FOLDER/project_dag.py', '--cfg-path', '/tmp/tmp5cjm77ct']
[2024-11-28T00:00:16.314+0000] {standard_task_runner.py:72} INFO - Started process 31986 to run task
[2024-11-28T00:00:16.314+0000] {standard_task_runner.py:105} INFO - Job 448: Subtask ingest_history_reports_task
[2024-11-28T00:00:16.368+0000] {task_command.py:467} INFO - Running <TaskInstance: ETL_history_reports.ingest_history_reports_task scheduled__2024-11-27T00:00:00+00:00 [running]> on host 6a246d8d590f
[2024-11-28T00:00:16.680+0000] {taskinstance.py:3132} INFO - Exporting env vars: AIRFLOW_CTX_DAG_OWNER='***' AIRFLOW_CTX_DAG_ID='ETL_history_reports' AIRFLOW_CTX_TASK_ID='ingest_history_reports_task' AIRFLOW_CTX_EXECUTION_DATE='2024-11-27T00:00:00+00:00' AIRFLOW_CTX_TRY_NUMBER='1' AIRFLOW_CTX_DAG_RUN_ID='scheduled__2024-11-27T00:00:00+00:00'
[2024-11-28T00:00:16.681+0000] {taskinstance.py:731} INFO - ::endgroup::
[2024-11-28T00:00:17.038+0000] {logging_mixin.py:190} INFO - Ingesting new data into disaster
[2024-11-28T00:00:17.564+0000] {logging_mixin.py:190} INFO - Data successfully written to table disaster.
[2024-11-28T00:00:17.828+0000] {logging_mixin.py:190} INFO - File moved from s3://project-processed-data/history_reports/disaster_events_5_1_2024.csv to s3://project-processed-data/archived/history_reports/disaster_events_5_1_2024.csv
[2024-11-28T00:00:18.017+0000] {logging_mixin.py:190} INFO - Ingesting new data into grantee
[2024-11-28T00:00:18.615+0000] {logging_mixin.py:190} INFO - Data successfully written to table grantee.
[2024-11-28T00:00:18.864+0000] {logging_mixin.py:190} INFO - File moved from s3://project-processed-data/history_reports/grantee_5_1_2024.csv to s3://project-processed-data/archived/history_reports/grantee_5_1_2024.csv
[2024-11-28T00:00:19.038+0000] {logging_mixin.py:190} INFO - Ingesting new data into granthistory
[2024-11-28T00:00:21.193+0000] {logging_mixin.py:190} INFO - Data successfully written to table granthistory.
[2024-11-28T00:00:21.437+0000] {logging_mixin.py:190} INFO - File moved from s3://project-processed-data/history_reports/grant_5_1_2024.csv to s3://project-processed-data/archived/history_reports/grant_5_1_2024.csv
[2024-11-28T00:00:21.614+0000] {logging_mixin.py:190} INFO - Ingesting new data into publiclaw
[2024-11-28T00:00:22.301+0000] {logging_mixin.py:190} INFO - Data successfully written to table publiclaw.
[2024-11-28T00:00:22.528+0000] {logging_mixin.py:190} INFO - File moved from s3://project-processed-data/history_reports/public_law_numbers_5_1_2024.csv to s3://project-processed-data/archived/history_reports/public_law_numbers_5_1_2024.csv
[2024-11-28T00:00:22.715+0000] {logging_mixin.py:190} INFO - Ingesting new data into disasterpubliclaw
[2024-11-28T00:00:23.402+0000] {logging_mixin.py:190} INFO - Data successfully written to table disasterpubliclaw.
[2024-11-28T00:00:23.638+0000] {logging_mixin.py:190} INFO - File moved from s3://project-processed-data/history_reports/disaster_public_law_5_1_2024.csv to s3://project-processed-data/archived/history_reports/disaster_public_law_5_1_2024.csv
[2024-11-28T00:00:23.640+0000] {python.py:240} INFO - Done. Returned value was: None
[2024-11-28T00:00:23.648+0000] {taskinstance.py:340} INFO - ::group::Post task execution logs
[2024-11-28T00:00:23.649+0000] {taskinstance.py:352} INFO - Marking task as SUCCESS. dag_id=ETL_history_reports, task_id=ingest_history_reports_task, run_id=scheduled__2024-11-27T00:00:00+00:00, execution_date=20241127T000000, start_date=20241128T000016, end_date=20241128T000023
[2024-11-28T00:00:23.711+0000] {local_task_job_runner.py:266} INFO - Task exited with return code 0
[2024-11-28T00:00:23.724+0000] {taskinstance.py:3895} INFO - 0 downstream tasks scheduled from follow-on schedule check
[2024-11-28T00:00:23.727+0000] {local_task_job_runner.py:245} INFO - ::endgroup::
