[2024-11-21T05:59:38.540+0000] {local_task_job_runner.py:123} INFO - ::group::Pre task execution logs
[2024-11-21T05:59:38.569+0000] {taskinstance.py:2613} INFO - Dependencies all met for dep_context=non-requeueable deps ti=<TaskInstance: ETL_usa_spending.process_usa_spending_data_task scheduled__2024-11-20T00:00:00+00:00 [queued]>
[2024-11-21T05:59:38.584+0000] {taskinstance.py:2613} INFO - Dependencies all met for dep_context=requeueable deps ti=<TaskInstance: ETL_usa_spending.process_usa_spending_data_task scheduled__2024-11-20T00:00:00+00:00 [queued]>
[2024-11-21T05:59:38.585+0000] {taskinstance.py:2866} INFO - Starting attempt 1 of 1
[2024-11-21T05:59:38.608+0000] {taskinstance.py:2889} INFO - Executing <Task(PythonOperator): process_usa_spending_data_task> on 2024-11-20 00:00:00+00:00
[2024-11-21T05:59:38.634+0000] {logging_mixin.py:190} WARNING - /home/***/.local/lib/python3.12/site-packages/***/task/task_runner/standard_task_runner.py:70 DeprecationWarning: This process (pid=59673) is multi-threaded, use of fork() may lead to deadlocks in the child.
[2024-11-21T05:59:38.637+0000] {standard_task_runner.py:72} INFO - Started process 59682 to run task
[2024-11-21T05:59:38.635+0000] {standard_task_runner.py:104} INFO - Running: ['***', 'tasks', 'run', 'ETL_usa_spending', 'process_usa_spending_data_task', 'scheduled__2024-11-20T00:00:00+00:00', '--job-id', '153', '--raw', '--subdir', 'DAGS_FOLDER/project_dag.py', '--cfg-path', '/tmp/tmp_ahzkvdu']
[2024-11-21T05:59:38.639+0000] {standard_task_runner.py:105} INFO - Job 153: Subtask process_usa_spending_data_task
[2024-11-21T05:59:38.711+0000] {task_command.py:467} INFO - Running <TaskInstance: ETL_usa_spending.process_usa_spending_data_task scheduled__2024-11-20T00:00:00+00:00 [running]> on host 7da4b16cbed4
[2024-11-21T05:59:38.856+0000] {taskinstance.py:3132} INFO - Exporting env vars: AIRFLOW_CTX_DAG_OWNER='***' AIRFLOW_CTX_DAG_ID='ETL_usa_spending' AIRFLOW_CTX_TASK_ID='process_usa_spending_data_task' AIRFLOW_CTX_EXECUTION_DATE='2024-11-20T00:00:00+00:00' AIRFLOW_CTX_TRY_NUMBER='1' AIRFLOW_CTX_DAG_RUN_ID='scheduled__2024-11-20T00:00:00+00:00'
[2024-11-21T05:59:38.858+0000] {taskinstance.py:731} INFO - ::endgroup::
[2024-11-21T05:59:39.313+0000] {logging_mixin.py:190} INFO - Processing file: df_spending_by_award_11_17_2024.csv
[2024-11-21T05:59:39.749+0000] {logging_mixin.py:190} INFO - Processing file: federal_account_funding_df_2024-11-17.csv
[2024-11-21T05:59:42.637+0000] {logging_mixin.py:190} INFO - Processing file: other_variables_11_17_2024.csv
[2024-11-21T05:59:42.945+0000] {logging_mixin.py:190} INFO - Processing file: sub_award_df_2024-11-17.csv
[2024-11-21T05:59:43.235+0000] {logging_mixin.py:190} INFO - Processing file: transactions_df_2024-11-17.csv
[2024-11-21T06:00:04.530+0000] {logging_mixin.py:190} INFO - File saved to S3: s3://project-processed-data/usa_spending_data/states_20241121_060004.csv
[2024-11-21T06:00:04.768+0000] {logging_mixin.py:190} INFO - File saved to S3: s3://project-processed-data/usa_spending_data/cfda_20241121_060004.csv
[2024-11-21T06:00:04.997+0000] {logging_mixin.py:190} INFO - File saved to S3: s3://project-processed-data/usa_spending_data/agency_20241121_060004.csv
[2024-11-21T06:00:05.254+0000] {logging_mixin.py:190} INFO - File saved to S3: s3://project-processed-data/usa_spending_data/sub_agency_20241121_060004.csv
[2024-11-21T06:00:05.634+0000] {logging_mixin.py:190} INFO - File saved to S3: s3://project-processed-data/usa_spending_data/recipients_20241121_060004.csv
[2024-11-21T06:00:06.255+0000] {logging_mixin.py:190} INFO - File saved to S3: s3://project-processed-data/usa_spending_data/grants_20241121_060004.csv
[2024-11-21T06:00:06.701+0000] {logging_mixin.py:190} INFO - File saved to S3: s3://project-processed-data/usa_spending_data/federal_awards_20241121_060004.csv
[2024-11-21T06:00:08.024+0000] {logging_mixin.py:190} INFO - File saved to S3: s3://project-processed-data/usa_spending_data/funding_20241121_060004.csv
[2024-11-21T06:00:08.518+0000] {logging_mixin.py:190} INFO - File saved to S3: s3://project-processed-data/usa_spending_data/transactions_20241121_060004.csv
[2024-11-21T06:00:09.019+0000] {logging_mixin.py:190} INFO - File saved to S3: s3://project-processed-data/usa_spending_data/sub_awards_20241121_060004.csv
[2024-11-21T06:00:09.270+0000] {logging_mixin.py:190} INFO - File moved from s3://project-raw-data-files/usa_spending_data/ to s3://project-raw-data-files/archived/usa_spending_data/
[2024-11-21T06:00:09.578+0000] {logging_mixin.py:190} INFO - File moved from s3://project-raw-data-files/usa_spending_data/df_spending_by_award_11_17_2024.csv to s3://project-raw-data-files/archived/usa_spending_data/df_spending_by_award_11_17_2024.csv
[2024-11-21T06:00:10.065+0000] {logging_mixin.py:190} INFO - File moved from s3://project-raw-data-files/usa_spending_data/federal_account_funding_df_2024-11-17.csv to s3://project-raw-data-files/archived/usa_spending_data/federal_account_funding_df_2024-11-17.csv
[2024-11-21T06:00:10.402+0000] {logging_mixin.py:190} INFO - File moved from s3://project-raw-data-files/usa_spending_data/other_variables_11_17_2024.csv to s3://project-raw-data-files/archived/usa_spending_data/other_variables_11_17_2024.csv
[2024-11-21T06:00:10.715+0000] {logging_mixin.py:190} INFO - File moved from s3://project-raw-data-files/usa_spending_data/sub_award_df_2024-11-17.csv to s3://project-raw-data-files/archived/usa_spending_data/sub_award_df_2024-11-17.csv
[2024-11-21T06:00:11.047+0000] {logging_mixin.py:190} INFO - File moved from s3://project-raw-data-files/usa_spending_data/transactions_df_2024-11-17.csv to s3://project-raw-data-files/archived/usa_spending_data/transactions_df_2024-11-17.csv
[2024-11-21T06:00:11.068+0000] {python.py:240} INFO - Done. Returned value was: None
[2024-11-21T06:00:11.114+0000] {taskinstance.py:340} INFO - ::group::Post task execution logs
[2024-11-21T06:00:11.116+0000] {taskinstance.py:352} INFO - Marking task as SUCCESS. dag_id=ETL_usa_spending, task_id=process_usa_spending_data_task, run_id=scheduled__2024-11-20T00:00:00+00:00, execution_date=20241120T000000, start_date=20241121T055938, end_date=20241121T060011
[2024-11-21T06:00:11.197+0000] {local_task_job_runner.py:266} INFO - Task exited with return code 0
[2024-11-21T06:00:11.239+0000] {taskinstance.py:3895} INFO - 0 downstream tasks scheduled from follow-on schedule check
[2024-11-21T06:00:11.243+0000] {local_task_job_runner.py:245} INFO - ::endgroup::
