[2024-11-17T01:36:44.212+0000] {local_task_job_runner.py:123} INFO - ::group::Pre task execution logs
[2024-11-17T01:36:44.234+0000] {taskinstance.py:2613} INFO - Dependencies all met for dep_context=non-requeueable deps ti=<TaskInstance: ETL_financial_reports.process_financial_reports_task manual__2024-11-17T01:36:29.422910+00:00 [queued]>
[2024-11-17T01:36:44.247+0000] {taskinstance.py:2613} INFO - Dependencies all met for dep_context=requeueable deps ti=<TaskInstance: ETL_financial_reports.process_financial_reports_task manual__2024-11-17T01:36:29.422910+00:00 [queued]>
[2024-11-17T01:36:44.248+0000] {taskinstance.py:2866} INFO - Starting attempt 1 of 1
[2024-11-17T01:36:44.268+0000] {taskinstance.py:2889} INFO - Executing <Task(PythonOperator): process_financial_reports_task> on 2024-11-17 01:36:29.422910+00:00
[2024-11-17T01:36:44.280+0000] {logging_mixin.py:190} WARNING - /home/***/.local/lib/python3.12/site-packages/***/task/task_runner/standard_task_runner.py:70 DeprecationWarning: This process (pid=2638) is multi-threaded, use of fork() may lead to deadlocks in the child.
[2024-11-17T01:36:44.281+0000] {standard_task_runner.py:72} INFO - Started process 2640 to run task
[2024-11-17T01:36:44.279+0000] {standard_task_runner.py:104} INFO - Running: ['***', 'tasks', 'run', 'ETL_financial_reports', 'process_financial_reports_task', 'manual__2024-11-17T01:36:29.422910+00:00', '--job-id', '74', '--raw', '--subdir', 'DAGS_FOLDER/project_dag.py', '--cfg-path', '/tmp/tmpv3dq6m41']
[2024-11-17T01:36:44.283+0000] {standard_task_runner.py:105} INFO - Job 74: Subtask process_financial_reports_task
[2024-11-17T01:36:44.343+0000] {task_command.py:467} INFO - Running <TaskInstance: ETL_financial_reports.process_financial_reports_task manual__2024-11-17T01:36:29.422910+00:00 [running]> on host 8ba3bfc837e2
[2024-11-17T01:36:44.468+0000] {taskinstance.py:3132} INFO - Exporting env vars: AIRFLOW_CTX_DAG_OWNER='***' AIRFLOW_CTX_DAG_ID='ETL_financial_reports' AIRFLOW_CTX_TASK_ID='process_financial_reports_task' AIRFLOW_CTX_EXECUTION_DATE='2024-11-17T01:36:29.422910+00:00' AIRFLOW_CTX_TRY_NUMBER='1' AIRFLOW_CTX_DAG_RUN_ID='manual__2024-11-17T01:36:29.422910+00:00'
[2024-11-17T01:36:44.470+0000] {taskinstance.py:731} INFO - ::endgroup::
[2024-11-17T01:36:44.732+0000] {logging_mixin.py:190} INFO - Processing file: CDBG-DR-Financial-Report-2018-01-01.pdf
[2024-11-17T01:36:51.837+0000] {logging_mixin.py:190} WARNING - /opt/***/dags/data_extraction/financial_reports_extraction_script.py:97 FutureWarning: Series.fillna with 'method' is deprecated and will raise in a future version. Use obj.ffill() or obj.bfill() instead.
[2024-11-17T01:36:52.153+0000] {logging_mixin.py:190} INFO - File saved to S3: s3://project-processed-data/financial_reports/processed_CDBG-DR-Financial-Report-2018-01-01.csv
[2024-11-17T01:36:52.465+0000] {logging_mixin.py:190} INFO - File moved from s3://project-raw-data-files/financial_reports/CDBG-DR-Financial-Report-2018-01-01.pdf to s3://project-raw-data-files/archived/financial_reports/CDBG-DR-Financial-Report-2018-01-01.pdf
[2024-11-17T01:36:52.468+0000] {logging_mixin.py:190} INFO - Processed file saved to S3: s3://project-processed-data/financial_reports/processed_CDBG-DR-Financial-Report-2018-01-01.csv
[2024-11-17T01:36:52.477+0000] {python.py:240} INFO - Done. Returned value was: None
[2024-11-17T01:36:52.489+0000] {taskinstance.py:340} INFO - ::group::Post task execution logs
[2024-11-17T01:36:52.490+0000] {taskinstance.py:352} INFO - Marking task as SUCCESS. dag_id=ETL_financial_reports, task_id=process_financial_reports_task, run_id=manual__2024-11-17T01:36:29.422910+00:00, execution_date=20241117T013629, start_date=20241117T013644, end_date=20241117T013652
[2024-11-17T01:36:52.538+0000] {local_task_job_runner.py:266} INFO - Task exited with return code 0
[2024-11-17T01:36:52.556+0000] {taskinstance.py:3895} INFO - 0 downstream tasks scheduled from follow-on schedule check
[2024-11-17T01:36:52.560+0000] {local_task_job_runner.py:245} INFO - ::endgroup::
