[2024-11-19T05:20:29.977+0000] {local_task_job_runner.py:123} INFO - ::group::Pre task execution logs
[2024-11-19T05:20:29.995+0000] {taskinstance.py:2613} INFO - Dependencies all met for dep_context=non-requeueable deps ti=<TaskInstance: ETL_financial_reports.ingest_financial_reports_task manual__2024-11-19T05:20:13.031609+00:00 [queued]>
[2024-11-19T05:20:30.006+0000] {taskinstance.py:2613} INFO - Dependencies all met for dep_context=requeueable deps ti=<TaskInstance: ETL_financial_reports.ingest_financial_reports_task manual__2024-11-19T05:20:13.031609+00:00 [queued]>
[2024-11-19T05:20:30.006+0000] {taskinstance.py:2866} INFO - Starting attempt 1 of 1
[2024-11-19T05:20:30.023+0000] {taskinstance.py:2889} INFO - Executing <Task(PythonOperator): ingest_financial_reports_task> on 2024-11-19 05:20:13.031609+00:00
[2024-11-19T05:20:30.035+0000] {logging_mixin.py:190} WARNING - /home/***/.local/lib/python3.12/site-packages/***/task/task_runner/standard_task_runner.py:70 DeprecationWarning: This process (pid=33336) is multi-threaded, use of fork() may lead to deadlocks in the child.
[2024-11-19T05:20:30.034+0000] {standard_task_runner.py:104} INFO - Running: ['***', 'tasks', 'run', 'ETL_financial_reports', 'ingest_financial_reports_task', 'manual__2024-11-19T05:20:13.031609+00:00', '--job-id', '133', '--raw', '--subdir', 'DAGS_FOLDER/project_dag.py', '--cfg-path', '/tmp/tmpiqf7d01a']
[2024-11-19T05:20:30.037+0000] {standard_task_runner.py:72} INFO - Started process 33338 to run task
[2024-11-19T05:20:30.038+0000] {standard_task_runner.py:105} INFO - Job 133: Subtask ingest_financial_reports_task
[2024-11-19T05:20:30.091+0000] {task_command.py:467} INFO - Running <TaskInstance: ETL_financial_reports.ingest_financial_reports_task manual__2024-11-19T05:20:13.031609+00:00 [running]> on host 7da4b16cbed4
[2024-11-19T05:20:30.202+0000] {taskinstance.py:3132} INFO - Exporting env vars: AIRFLOW_CTX_DAG_OWNER='***' AIRFLOW_CTX_DAG_ID='ETL_financial_reports' AIRFLOW_CTX_TASK_ID='ingest_financial_reports_task' AIRFLOW_CTX_EXECUTION_DATE='2024-11-19T05:20:13.031609+00:00' AIRFLOW_CTX_TRY_NUMBER='1' AIRFLOW_CTX_DAG_RUN_ID='manual__2024-11-19T05:20:13.031609+00:00'
[2024-11-19T05:20:30.204+0000] {taskinstance.py:731} INFO - ::endgroup::
[2024-11-19T05:20:30.805+0000] {logging_mixin.py:190} INFO - Processing file: financial_reports/processed_CDBG-DR-Grants-Financial-Report-2023-05.csv
[2024-11-19T05:20:30.806+0000] {logging_mixin.py:190} INFO - before report_id: 1
[2024-11-19T05:20:30.998+0000] {logging_mixin.py:190} INFO - len 7
[2024-11-19T05:20:30.999+0000] {logging_mixin.py:190} INFO - after report_id: 1
[2024-11-19T05:20:31.286+0000] {logging_mixin.py:190} INFO - Error: invalid input syntax for type numeric: " 1.950.362"
LINE 1: ...449536.0, 2008, 164, 95.0, 88.5, 'Slow Spender ', ' 1.950.36...
                                                             ^
[2024-11-19T05:20:32.571+0000] {logging_mixin.py:190} INFO - Processing file: financial_reports/processed_CDBG-DR-Grants-Financial-Report-2023-07.csv
[2024-11-19T05:20:32.572+0000] {logging_mixin.py:190} INFO - before report_id: 1
[2024-11-19T05:20:32.979+0000] {logging_mixin.py:190} INFO - len 7
[2024-11-19T05:20:32.980+0000] {logging_mixin.py:190} INFO - after report_id: 1
[2024-11-19T05:20:33.299+0000] {logging_mixin.py:190} INFO - Error: invalid input syntax for type numeric: " 1.950.362"
LINE 1: ...449536.0, 2008, 166, 95.0, 88.5, 'Slow Spender ', ' 1.950.36...
                                                             ^
[2024-11-19T05:20:34.598+0000] {logging_mixin.py:190} INFO - Processing file: financial_reports/processed_CDBG-DR-Grants-Financial-Report-2023-08.csv
[2024-11-19T05:20:34.600+0000] {logging_mixin.py:190} INFO - before report_id: 1
[2024-11-19T05:20:34.869+0000] {logging_mixin.py:190} INFO - len 7
[2024-11-19T05:20:34.870+0000] {logging_mixin.py:190} INFO - after report_id: 1
[2024-11-19T05:20:35.173+0000] {logging_mixin.py:190} INFO - Error: invalid input syntax for type numeric: " 1.950.362"
LINE 1: ...449536.0, 2008, 167, 95.0, 88.5, 'Slow Spender ', ' 1.950.36...
                                                             ^
[2024-11-19T05:20:36.470+0000] {logging_mixin.py:190} INFO - Processing file: financial_reports/processed_CDBG-DR-Grants-Financial-Report-2023-09.csv
[2024-11-19T05:20:36.471+0000] {logging_mixin.py:190} INFO - before report_id: 1
[2024-11-19T05:20:36.668+0000] {logging_mixin.py:190} INFO - len 7
[2024-11-19T05:20:36.668+0000] {logging_mixin.py:190} INFO - after report_id: 1
[2024-11-19T05:20:36.973+0000] {logging_mixin.py:190} INFO - Error: invalid input syntax for type numeric: " 1.950.362"
LINE 1: ...449536.0, 2008, 168, 95.0, 88.5, 'Slow Spender ', ' 1.950.36...
                                                             ^
[2024-11-19T05:20:38.246+0000] {logging_mixin.py:190} INFO - Processing file: financial_reports/processed_CDBG-DR-Grants-Financial-Report-2023-10.csv
[2024-11-19T05:20:38.247+0000] {logging_mixin.py:190} INFO - before report_id: 1
[2024-11-19T05:20:38.431+0000] {logging_mixin.py:190} INFO - len 7
[2024-11-19T05:20:38.432+0000] {logging_mixin.py:190} INFO - after report_id: 1
[2024-11-19T05:20:38.712+0000] {logging_mixin.py:190} INFO - Error: invalid input syntax for type numeric: " 1.946.862"
LINE 1: ...446036.0, 2008, 169, 95.0, 88.5, 'Slow Spender ', ' 1.946.86...
                                                             ^
[2024-11-19T05:20:40.011+0000] {logging_mixin.py:190} INFO - Processing file: financial_reports/processed_CDBG_DR_Grant_Expenditure_Report_10_2024.csv
[2024-11-19T05:20:40.012+0000] {logging_mixin.py:190} INFO - before report_id: 1
[2024-11-19T05:20:40.295+0000] {logging_mixin.py:190} INFO - len 7
[2024-11-19T05:20:40.296+0000] {logging_mixin.py:190} INFO - after report_id: 1
[2024-11-19T05:20:40.614+0000] {logging_mixin.py:190} INFO - Data successfully written to table grantfinancialreports.
[2024-11-19T05:20:40.925+0000] {logging_mixin.py:190} INFO - File moved from s3://project-processed-data/financial_reports/processed_CDBG_DR_Grant_Expenditure_Report_10_2024.csv to s3://project-processed-data/archived/financial_reports/processed_CDBG_DR_Grant_Expenditure_Report_10_2024.csv
[2024-11-19T05:20:42.250+0000] {logging_mixin.py:190} INFO - Processing file: financial_reports/processed_CDBG_DR_Grant_Expenditure_Report_11_2024.csv
[2024-11-19T05:20:42.251+0000] {logging_mixin.py:190} INFO - before report_id: 8
[2024-11-19T05:20:42.460+0000] {logging_mixin.py:190} INFO - len 7
[2024-11-19T05:20:42.460+0000] {logging_mixin.py:190} INFO - after report_id: 8
[2024-11-19T05:20:42.759+0000] {logging_mixin.py:190} INFO - Data successfully written to table grantfinancialreports.
[2024-11-19T05:20:43.026+0000] {logging_mixin.py:190} INFO - File moved from s3://project-processed-data/financial_reports/processed_CDBG_DR_Grant_Expenditure_Report_11_2024.csv to s3://project-processed-data/archived/financial_reports/processed_CDBG_DR_Grant_Expenditure_Report_11_2024.csv
[2024-11-19T05:20:44.316+0000] {logging_mixin.py:190} INFO - Processing file: financial_reports/processed_CDBG_DR_Grant_Expenditure_Report_5_2024.csv
[2024-11-19T05:20:44.317+0000] {logging_mixin.py:190} INFO - before report_id: 15
[2024-11-19T05:20:44.532+0000] {logging_mixin.py:190} INFO - len 7
[2024-11-19T05:20:44.533+0000] {logging_mixin.py:190} INFO - after report_id: 15
[2024-11-19T05:20:44.850+0000] {logging_mixin.py:190} INFO - Data successfully written to table grantfinancialreports.
[2024-11-19T05:20:45.105+0000] {logging_mixin.py:190} INFO - File moved from s3://project-processed-data/financial_reports/processed_CDBG_DR_Grant_Expenditure_Report_5_2024.csv to s3://project-processed-data/archived/financial_reports/processed_CDBG_DR_Grant_Expenditure_Report_5_2024.csv
[2024-11-19T05:20:46.406+0000] {logging_mixin.py:190} INFO - Processing file: financial_reports/processed_CDBG_DR_Grant_Expenditure_Report_6_2024.csv
[2024-11-19T05:20:46.407+0000] {logging_mixin.py:190} INFO - before report_id: 22
[2024-11-19T05:20:46.583+0000] {logging_mixin.py:190} INFO - len 7
[2024-11-19T05:20:46.584+0000] {logging_mixin.py:190} INFO - after report_id: 22
[2024-11-19T05:20:46.901+0000] {logging_mixin.py:190} INFO - Data successfully written to table grantfinancialreports.
[2024-11-19T05:20:47.114+0000] {logging_mixin.py:190} INFO - File moved from s3://project-processed-data/financial_reports/processed_CDBG_DR_Grant_Expenditure_Report_6_2024.csv to s3://project-processed-data/archived/financial_reports/processed_CDBG_DR_Grant_Expenditure_Report_6_2024.csv
[2024-11-19T05:20:48.419+0000] {logging_mixin.py:190} INFO - Processing file: financial_reports/processed_CDBG_DR_Grant_Expenditure_Report_7_2024.csv
[2024-11-19T05:20:48.419+0000] {logging_mixin.py:190} INFO - before report_id: 29
[2024-11-19T05:20:48.594+0000] {logging_mixin.py:190} INFO - len 7
[2024-11-19T05:20:48.594+0000] {logging_mixin.py:190} INFO - after report_id: 29
[2024-11-19T05:20:48.908+0000] {logging_mixin.py:190} INFO - Data successfully written to table grantfinancialreports.
[2024-11-19T05:20:49.137+0000] {logging_mixin.py:190} INFO - File moved from s3://project-processed-data/financial_reports/processed_CDBG_DR_Grant_Expenditure_Report_7_2024.csv to s3://project-processed-data/archived/financial_reports/processed_CDBG_DR_Grant_Expenditure_Report_7_2024.csv
[2024-11-19T05:20:50.440+0000] {logging_mixin.py:190} INFO - Processing file: financial_reports/processed_CDBG_DR_Grant_Expenditure_Report_8_2024.csv
[2024-11-19T05:20:50.443+0000] {logging_mixin.py:190} INFO - before report_id: 36
[2024-11-19T05:20:50.794+0000] {logging_mixin.py:190} INFO - len 7
[2024-11-19T05:20:50.796+0000] {logging_mixin.py:190} INFO - after report_id: 36
[2024-11-19T05:20:51.129+0000] {logging_mixin.py:190} INFO - Data successfully written to table grantfinancialreports.
[2024-11-19T05:20:51.377+0000] {logging_mixin.py:190} INFO - File moved from s3://project-processed-data/financial_reports/processed_CDBG_DR_Grant_Expenditure_Report_8_2024.csv to s3://project-processed-data/archived/financial_reports/processed_CDBG_DR_Grant_Expenditure_Report_8_2024.csv
[2024-11-19T05:20:52.685+0000] {logging_mixin.py:190} INFO - Processing file: financial_reports/processed_CDBG_DR_Grant_Expenditure_Report_9_2024.csv
[2024-11-19T05:20:52.686+0000] {logging_mixin.py:190} INFO - before report_id: 43
[2024-11-19T05:20:52.863+0000] {logging_mixin.py:190} INFO - len 7
[2024-11-19T05:20:52.864+0000] {logging_mixin.py:190} INFO - after report_id: 43
[2024-11-19T05:20:53.183+0000] {logging_mixin.py:190} INFO - Data successfully written to table grantfinancialreports.
[2024-11-19T05:20:53.402+0000] {logging_mixin.py:190} INFO - File moved from s3://project-processed-data/financial_reports/processed_CDBG_DR_Grant_Expenditure_Report_9_2024.csv to s3://project-processed-data/archived/financial_reports/processed_CDBG_DR_Grant_Expenditure_Report_9_2024.csv
[2024-11-19T05:20:54.404+0000] {python.py:240} INFO - Done. Returned value was: None
[2024-11-19T05:20:54.418+0000] {taskinstance.py:340} INFO - ::group::Post task execution logs
[2024-11-19T05:20:54.419+0000] {taskinstance.py:352} INFO - Marking task as SUCCESS. dag_id=ETL_financial_reports, task_id=ingest_financial_reports_task, run_id=manual__2024-11-19T05:20:13.031609+00:00, execution_date=20241119T052013, start_date=20241119T052029, end_date=20241119T052054
[2024-11-19T05:20:54.468+0000] {local_task_job_runner.py:266} INFO - Task exited with return code 0
[2024-11-19T05:20:54.492+0000] {taskinstance.py:3895} INFO - 0 downstream tasks scheduled from follow-on schedule check
[2024-11-19T05:20:54.495+0000] {local_task_job_runner.py:245} INFO - ::endgroup::
