[2024-12-03T21:37:37.493+0000] {processor.py:186} INFO - Started process (PID=67177) to work on /opt/airflow/dags/quarterly_performance_reports_dag.py
[2024-12-03T21:37:37.494+0000] {processor.py:914} INFO - Processing file /opt/airflow/dags/quarterly_performance_reports_dag.py for tasks to queue
[2024-12-03T21:37:37.505+0000] {logging_mixin.py:190} INFO - [2024-12-03T21:37:37.496+0000] {dagbag.py:588} INFO - Filling up the DagBag from /opt/airflow/dags/quarterly_performance_reports_dag.py
[2024-12-03T21:37:41.257+0000] {processor.py:925} INFO - DAG(s) 'ETL_quarterly_performance_reports' retrieved from /opt/airflow/dags/quarterly_performance_reports_dag.py
[2024-12-03T21:37:42.070+0000] {logging_mixin.py:190} INFO - [2024-12-03T21:37:42.069+0000] {dag.py:3239} INFO - Sync 1 DAGs
[2024-12-03T21:37:42.177+0000] {logging_mixin.py:190} INFO - [2024-12-03T21:37:42.177+0000] {dag.py:4180} INFO - Setting next_dagrun for ETL_quarterly_performance_reports to 2024-12-02 00:00:00+00:00, run_after=2024-12-03 00:00:00+00:00
[2024-12-03T21:37:42.267+0000] {processor.py:208} INFO - Processing /opt/airflow/dags/quarterly_performance_reports_dag.py took 4.806 seconds
[2024-12-03T21:38:13.393+0000] {processor.py:186} INFO - Started process (PID=67210) to work on /opt/airflow/dags/quarterly_performance_reports_dag.py
[2024-12-03T21:38:13.403+0000] {processor.py:914} INFO - Processing file /opt/airflow/dags/quarterly_performance_reports_dag.py for tasks to queue
[2024-12-03T21:38:13.417+0000] {logging_mixin.py:190} INFO - [2024-12-03T21:38:13.413+0000] {dagbag.py:588} INFO - Filling up the DagBag from /opt/airflow/dags/quarterly_performance_reports_dag.py
[2024-12-03T21:38:16.217+0000] {processor.py:925} INFO - DAG(s) 'ETL_quarterly_performance_reports' retrieved from /opt/airflow/dags/quarterly_performance_reports_dag.py
[2024-12-03T21:38:16.285+0000] {logging_mixin.py:190} INFO - [2024-12-03T21:38:16.285+0000] {dag.py:3239} INFO - Sync 1 DAGs
[2024-12-03T21:38:16.357+0000] {logging_mixin.py:190} INFO - [2024-12-03T21:38:16.357+0000] {dag.py:4180} INFO - Setting next_dagrun for ETL_quarterly_performance_reports to 2024-12-02 00:00:00+00:00, run_after=2024-12-03 00:00:00+00:00
[2024-12-03T21:38:16.414+0000] {processor.py:208} INFO - Processing /opt/airflow/dags/quarterly_performance_reports_dag.py took 3.157 seconds
[2024-12-03T21:38:46.821+0000] {processor.py:186} INFO - Started process (PID=67246) to work on /opt/airflow/dags/quarterly_performance_reports_dag.py
[2024-12-03T21:38:46.822+0000] {processor.py:914} INFO - Processing file /opt/airflow/dags/quarterly_performance_reports_dag.py for tasks to queue
[2024-12-03T21:38:46.824+0000] {logging_mixin.py:190} INFO - [2024-12-03T21:38:46.824+0000] {dagbag.py:588} INFO - Filling up the DagBag from /opt/airflow/dags/quarterly_performance_reports_dag.py
[2024-12-03T21:38:47.838+0000] {processor.py:925} INFO - DAG(s) 'ETL_quarterly_performance_reports' retrieved from /opt/airflow/dags/quarterly_performance_reports_dag.py
[2024-12-03T21:38:47.854+0000] {logging_mixin.py:190} INFO - [2024-12-03T21:38:47.853+0000] {dag.py:3239} INFO - Sync 1 DAGs
[2024-12-03T21:38:47.885+0000] {logging_mixin.py:190} INFO - [2024-12-03T21:38:47.884+0000] {dag.py:4180} INFO - Setting next_dagrun for ETL_quarterly_performance_reports to 2024-12-02 00:00:00+00:00, run_after=2024-12-03 00:00:00+00:00
[2024-12-03T21:38:47.911+0000] {processor.py:208} INFO - Processing /opt/airflow/dags/quarterly_performance_reports_dag.py took 1.172 seconds
[2024-12-03T21:39:18.495+0000] {processor.py:186} INFO - Started process (PID=67276) to work on /opt/airflow/dags/quarterly_performance_reports_dag.py
[2024-12-03T21:39:18.497+0000] {processor.py:914} INFO - Processing file /opt/airflow/dags/quarterly_performance_reports_dag.py for tasks to queue
[2024-12-03T21:39:18.500+0000] {logging_mixin.py:190} INFO - [2024-12-03T21:39:18.499+0000] {dagbag.py:588} INFO - Filling up the DagBag from /opt/airflow/dags/quarterly_performance_reports_dag.py
[2024-12-03T21:39:19.486+0000] {processor.py:925} INFO - DAG(s) 'ETL_quarterly_performance_reports' retrieved from /opt/airflow/dags/quarterly_performance_reports_dag.py
[2024-12-03T21:39:19.625+0000] {logging_mixin.py:190} INFO - [2024-12-03T21:39:19.625+0000] {dag.py:3239} INFO - Sync 1 DAGs
[2024-12-03T21:39:19.649+0000] {logging_mixin.py:190} INFO - [2024-12-03T21:39:19.649+0000] {dag.py:4180} INFO - Setting next_dagrun for ETL_quarterly_performance_reports to 2024-12-02 00:00:00+00:00, run_after=2024-12-03 00:00:00+00:00
[2024-12-03T21:39:19.679+0000] {processor.py:208} INFO - Processing /opt/airflow/dags/quarterly_performance_reports_dag.py took 1.204 seconds
[2024-12-03T21:39:50.301+0000] {processor.py:186} INFO - Started process (PID=67306) to work on /opt/airflow/dags/quarterly_performance_reports_dag.py
[2024-12-03T21:39:50.303+0000] {processor.py:914} INFO - Processing file /opt/airflow/dags/quarterly_performance_reports_dag.py for tasks to queue
[2024-12-03T21:39:50.305+0000] {logging_mixin.py:190} INFO - [2024-12-03T21:39:50.304+0000] {dagbag.py:588} INFO - Filling up the DagBag from /opt/airflow/dags/quarterly_performance_reports_dag.py
[2024-12-03T21:39:51.295+0000] {processor.py:925} INFO - DAG(s) 'ETL_quarterly_performance_reports' retrieved from /opt/airflow/dags/quarterly_performance_reports_dag.py
[2024-12-03T21:39:51.329+0000] {logging_mixin.py:190} INFO - [2024-12-03T21:39:51.329+0000] {dag.py:3239} INFO - Sync 1 DAGs
[2024-12-03T21:39:51.368+0000] {logging_mixin.py:190} INFO - [2024-12-03T21:39:51.368+0000] {dag.py:4180} INFO - Setting next_dagrun for ETL_quarterly_performance_reports to 2024-12-02 00:00:00+00:00, run_after=2024-12-03 00:00:00+00:00
[2024-12-03T21:39:51.402+0000] {processor.py:208} INFO - Processing /opt/airflow/dags/quarterly_performance_reports_dag.py took 1.118 seconds
[2024-12-03T21:40:21.980+0000] {processor.py:186} INFO - Started process (PID=67336) to work on /opt/airflow/dags/quarterly_performance_reports_dag.py
[2024-12-03T21:40:21.983+0000] {processor.py:914} INFO - Processing file /opt/airflow/dags/quarterly_performance_reports_dag.py for tasks to queue
[2024-12-03T21:40:21.987+0000] {logging_mixin.py:190} INFO - [2024-12-03T21:40:21.986+0000] {dagbag.py:588} INFO - Filling up the DagBag from /opt/airflow/dags/quarterly_performance_reports_dag.py
[2024-12-03T21:40:22.947+0000] {processor.py:925} INFO - DAG(s) 'ETL_quarterly_performance_reports' retrieved from /opt/airflow/dags/quarterly_performance_reports_dag.py
[2024-12-03T21:40:22.963+0000] {logging_mixin.py:190} INFO - [2024-12-03T21:40:22.962+0000] {dag.py:3239} INFO - Sync 1 DAGs
[2024-12-03T21:40:22.998+0000] {logging_mixin.py:190} INFO - [2024-12-03T21:40:22.998+0000] {dag.py:4180} INFO - Setting next_dagrun for ETL_quarterly_performance_reports to 2024-12-02 00:00:00+00:00, run_after=2024-12-03 00:00:00+00:00
[2024-12-03T21:40:23.029+0000] {processor.py:208} INFO - Processing /opt/airflow/dags/quarterly_performance_reports_dag.py took 1.071 seconds
[2024-12-03T21:40:53.916+0000] {processor.py:186} INFO - Started process (PID=67366) to work on /opt/airflow/dags/quarterly_performance_reports_dag.py
[2024-12-03T21:40:53.918+0000] {processor.py:914} INFO - Processing file /opt/airflow/dags/quarterly_performance_reports_dag.py for tasks to queue
[2024-12-03T21:40:53.919+0000] {logging_mixin.py:190} INFO - [2024-12-03T21:40:53.919+0000] {dagbag.py:588} INFO - Filling up the DagBag from /opt/airflow/dags/quarterly_performance_reports_dag.py
[2024-12-03T21:40:54.712+0000] {processor.py:925} INFO - DAG(s) 'ETL_quarterly_performance_reports' retrieved from /opt/airflow/dags/quarterly_performance_reports_dag.py
[2024-12-03T21:40:54.856+0000] {logging_mixin.py:190} INFO - [2024-12-03T21:40:54.856+0000] {dag.py:3239} INFO - Sync 1 DAGs
[2024-12-03T21:40:54.880+0000] {logging_mixin.py:190} INFO - [2024-12-03T21:40:54.880+0000] {dag.py:4180} INFO - Setting next_dagrun for ETL_quarterly_performance_reports to 2024-12-02 00:00:00+00:00, run_after=2024-12-03 00:00:00+00:00
[2024-12-03T21:40:54.906+0000] {processor.py:208} INFO - Processing /opt/airflow/dags/quarterly_performance_reports_dag.py took 1.013 seconds
[2024-12-03T21:41:25.824+0000] {processor.py:186} INFO - Started process (PID=67396) to work on /opt/airflow/dags/quarterly_performance_reports_dag.py
[2024-12-03T21:41:25.825+0000] {processor.py:914} INFO - Processing file /opt/airflow/dags/quarterly_performance_reports_dag.py for tasks to queue
[2024-12-03T21:41:25.827+0000] {logging_mixin.py:190} INFO - [2024-12-03T21:41:25.826+0000] {dagbag.py:588} INFO - Filling up the DagBag from /opt/airflow/dags/quarterly_performance_reports_dag.py
[2024-12-03T21:41:26.534+0000] {processor.py:925} INFO - DAG(s) 'ETL_quarterly_performance_reports' retrieved from /opt/airflow/dags/quarterly_performance_reports_dag.py
[2024-12-03T21:41:26.560+0000] {logging_mixin.py:190} INFO - [2024-12-03T21:41:26.560+0000] {dag.py:3239} INFO - Sync 1 DAGs
[2024-12-03T21:41:26.584+0000] {logging_mixin.py:190} INFO - [2024-12-03T21:41:26.584+0000] {dag.py:4180} INFO - Setting next_dagrun for ETL_quarterly_performance_reports to 2024-12-02 00:00:00+00:00, run_after=2024-12-03 00:00:00+00:00
[2024-12-03T21:41:26.609+0000] {processor.py:208} INFO - Processing /opt/airflow/dags/quarterly_performance_reports_dag.py took 0.802 seconds
[2024-12-03T21:41:57.046+0000] {processor.py:186} INFO - Started process (PID=67426) to work on /opt/airflow/dags/quarterly_performance_reports_dag.py
[2024-12-03T21:41:57.050+0000] {processor.py:914} INFO - Processing file /opt/airflow/dags/quarterly_performance_reports_dag.py for tasks to queue
[2024-12-03T21:41:57.055+0000] {logging_mixin.py:190} INFO - [2024-12-03T21:41:57.054+0000] {dagbag.py:588} INFO - Filling up the DagBag from /opt/airflow/dags/quarterly_performance_reports_dag.py
[2024-12-03T21:41:57.878+0000] {processor.py:925} INFO - DAG(s) 'ETL_quarterly_performance_reports' retrieved from /opt/airflow/dags/quarterly_performance_reports_dag.py
[2024-12-03T21:41:57.888+0000] {logging_mixin.py:190} INFO - [2024-12-03T21:41:57.888+0000] {dag.py:3239} INFO - Sync 1 DAGs
[2024-12-03T21:41:57.911+0000] {logging_mixin.py:190} INFO - [2024-12-03T21:41:57.911+0000] {dag.py:4180} INFO - Setting next_dagrun for ETL_quarterly_performance_reports to 2024-12-02 00:00:00+00:00, run_after=2024-12-03 00:00:00+00:00
[2024-12-03T21:41:57.930+0000] {processor.py:208} INFO - Processing /opt/airflow/dags/quarterly_performance_reports_dag.py took 0.933 seconds
[2024-12-03T21:42:28.301+0000] {processor.py:186} INFO - Started process (PID=67456) to work on /opt/airflow/dags/quarterly_performance_reports_dag.py
[2024-12-03T21:42:28.302+0000] {processor.py:914} INFO - Processing file /opt/airflow/dags/quarterly_performance_reports_dag.py for tasks to queue
[2024-12-03T21:42:28.305+0000] {logging_mixin.py:190} INFO - [2024-12-03T21:42:28.305+0000] {dagbag.py:588} INFO - Filling up the DagBag from /opt/airflow/dags/quarterly_performance_reports_dag.py
[2024-12-03T21:42:29.028+0000] {processor.py:925} INFO - DAG(s) 'ETL_quarterly_performance_reports' retrieved from /opt/airflow/dags/quarterly_performance_reports_dag.py
[2024-12-03T21:42:29.148+0000] {logging_mixin.py:190} INFO - [2024-12-03T21:42:29.148+0000] {dag.py:3239} INFO - Sync 1 DAGs
[2024-12-03T21:42:29.172+0000] {logging_mixin.py:190} INFO - [2024-12-03T21:42:29.171+0000] {dag.py:4180} INFO - Setting next_dagrun for ETL_quarterly_performance_reports to 2024-12-02 00:00:00+00:00, run_after=2024-12-03 00:00:00+00:00
[2024-12-03T21:42:29.196+0000] {processor.py:208} INFO - Processing /opt/airflow/dags/quarterly_performance_reports_dag.py took 0.910 seconds
[2024-12-03T21:42:59.380+0000] {processor.py:186} INFO - Started process (PID=67486) to work on /opt/airflow/dags/quarterly_performance_reports_dag.py
[2024-12-03T21:42:59.381+0000] {processor.py:914} INFO - Processing file /opt/airflow/dags/quarterly_performance_reports_dag.py for tasks to queue
[2024-12-03T21:42:59.383+0000] {logging_mixin.py:190} INFO - [2024-12-03T21:42:59.383+0000] {dagbag.py:588} INFO - Filling up the DagBag from /opt/airflow/dags/quarterly_performance_reports_dag.py
[2024-12-03T21:43:00.131+0000] {processor.py:925} INFO - DAG(s) 'ETL_quarterly_performance_reports' retrieved from /opt/airflow/dags/quarterly_performance_reports_dag.py
[2024-12-03T21:43:00.155+0000] {logging_mixin.py:190} INFO - [2024-12-03T21:43:00.154+0000] {dag.py:3239} INFO - Sync 1 DAGs
[2024-12-03T21:43:00.178+0000] {logging_mixin.py:190} INFO - [2024-12-03T21:43:00.178+0000] {dag.py:4180} INFO - Setting next_dagrun for ETL_quarterly_performance_reports to 2024-12-02 00:00:00+00:00, run_after=2024-12-03 00:00:00+00:00
[2024-12-03T21:43:00.198+0000] {processor.py:208} INFO - Processing /opt/airflow/dags/quarterly_performance_reports_dag.py took 0.836 seconds
[2024-12-03T21:43:30.791+0000] {processor.py:186} INFO - Started process (PID=67516) to work on /opt/airflow/dags/quarterly_performance_reports_dag.py
[2024-12-03T21:43:30.792+0000] {processor.py:914} INFO - Processing file /opt/airflow/dags/quarterly_performance_reports_dag.py for tasks to queue
[2024-12-03T21:43:30.795+0000] {logging_mixin.py:190} INFO - [2024-12-03T21:43:30.795+0000] {dagbag.py:588} INFO - Filling up the DagBag from /opt/airflow/dags/quarterly_performance_reports_dag.py
[2024-12-03T21:43:31.547+0000] {processor.py:925} INFO - DAG(s) 'ETL_quarterly_performance_reports' retrieved from /opt/airflow/dags/quarterly_performance_reports_dag.py
[2024-12-03T21:43:31.558+0000] {logging_mixin.py:190} INFO - [2024-12-03T21:43:31.558+0000] {dag.py:3239} INFO - Sync 1 DAGs
[2024-12-03T21:43:31.581+0000] {logging_mixin.py:190} INFO - [2024-12-03T21:43:31.581+0000] {dag.py:4180} INFO - Setting next_dagrun for ETL_quarterly_performance_reports to 2024-12-02 00:00:00+00:00, run_after=2024-12-03 00:00:00+00:00
[2024-12-03T21:43:31.600+0000] {processor.py:208} INFO - Processing /opt/airflow/dags/quarterly_performance_reports_dag.py took 0.826 seconds
[2024-12-03T21:44:02.250+0000] {processor.py:186} INFO - Started process (PID=67552) to work on /opt/airflow/dags/quarterly_performance_reports_dag.py
[2024-12-03T21:44:02.251+0000] {processor.py:914} INFO - Processing file /opt/airflow/dags/quarterly_performance_reports_dag.py for tasks to queue
[2024-12-03T21:44:02.253+0000] {logging_mixin.py:190} INFO - [2024-12-03T21:44:02.253+0000] {dagbag.py:588} INFO - Filling up the DagBag from /opt/airflow/dags/quarterly_performance_reports_dag.py
[2024-12-03T21:44:02.994+0000] {processor.py:925} INFO - DAG(s) 'ETL_quarterly_performance_reports' retrieved from /opt/airflow/dags/quarterly_performance_reports_dag.py
[2024-12-03T21:44:03.115+0000] {logging_mixin.py:190} INFO - [2024-12-03T21:44:03.115+0000] {dag.py:3239} INFO - Sync 1 DAGs
[2024-12-03T21:44:03.134+0000] {logging_mixin.py:190} INFO - [2024-12-03T21:44:03.134+0000] {dag.py:4180} INFO - Setting next_dagrun for ETL_quarterly_performance_reports to 2024-12-02 00:00:00+00:00, run_after=2024-12-03 00:00:00+00:00
[2024-12-03T21:44:03.155+0000] {processor.py:208} INFO - Processing /opt/airflow/dags/quarterly_performance_reports_dag.py took 0.925 seconds
[2024-12-03T21:44:33.759+0000] {processor.py:186} INFO - Started process (PID=67582) to work on /opt/airflow/dags/quarterly_performance_reports_dag.py
[2024-12-03T21:44:33.761+0000] {processor.py:914} INFO - Processing file /opt/airflow/dags/quarterly_performance_reports_dag.py for tasks to queue
[2024-12-03T21:44:33.764+0000] {logging_mixin.py:190} INFO - [2024-12-03T21:44:33.763+0000] {dagbag.py:588} INFO - Filling up the DagBag from /opt/airflow/dags/quarterly_performance_reports_dag.py
[2024-12-03T21:44:34.510+0000] {processor.py:925} INFO - DAG(s) 'ETL_quarterly_performance_reports' retrieved from /opt/airflow/dags/quarterly_performance_reports_dag.py
[2024-12-03T21:44:34.535+0000] {logging_mixin.py:190} INFO - [2024-12-03T21:44:34.534+0000] {dag.py:3239} INFO - Sync 1 DAGs
[2024-12-03T21:44:34.557+0000] {logging_mixin.py:190} INFO - [2024-12-03T21:44:34.557+0000] {dag.py:4180} INFO - Setting next_dagrun for ETL_quarterly_performance_reports to 2024-12-02 00:00:00+00:00, run_after=2024-12-03 00:00:00+00:00
[2024-12-03T21:44:34.579+0000] {processor.py:208} INFO - Processing /opt/airflow/dags/quarterly_performance_reports_dag.py took 0.836 seconds
[2024-12-03T21:45:04.744+0000] {processor.py:186} INFO - Started process (PID=67612) to work on /opt/airflow/dags/quarterly_performance_reports_dag.py
[2024-12-03T21:45:04.745+0000] {processor.py:914} INFO - Processing file /opt/airflow/dags/quarterly_performance_reports_dag.py for tasks to queue
[2024-12-03T21:45:04.747+0000] {logging_mixin.py:190} INFO - [2024-12-03T21:45:04.747+0000] {dagbag.py:588} INFO - Filling up the DagBag from /opt/airflow/dags/quarterly_performance_reports_dag.py
[2024-12-03T21:45:05.479+0000] {processor.py:925} INFO - DAG(s) 'ETL_quarterly_performance_reports' retrieved from /opt/airflow/dags/quarterly_performance_reports_dag.py
[2024-12-03T21:45:05.490+0000] {logging_mixin.py:190} INFO - [2024-12-03T21:45:05.489+0000] {dag.py:3239} INFO - Sync 1 DAGs
[2024-12-03T21:45:05.512+0000] {logging_mixin.py:190} INFO - [2024-12-03T21:45:05.512+0000] {dag.py:4180} INFO - Setting next_dagrun for ETL_quarterly_performance_reports to 2024-12-02 00:00:00+00:00, run_after=2024-12-03 00:00:00+00:00
[2024-12-03T21:45:05.530+0000] {processor.py:208} INFO - Processing /opt/airflow/dags/quarterly_performance_reports_dag.py took 0.802 seconds
[2024-12-03T21:45:36.423+0000] {processor.py:186} INFO - Started process (PID=67642) to work on /opt/airflow/dags/quarterly_performance_reports_dag.py
[2024-12-03T21:45:36.424+0000] {processor.py:914} INFO - Processing file /opt/airflow/dags/quarterly_performance_reports_dag.py for tasks to queue
[2024-12-03T21:45:36.426+0000] {logging_mixin.py:190} INFO - [2024-12-03T21:45:36.425+0000] {dagbag.py:588} INFO - Filling up the DagBag from /opt/airflow/dags/quarterly_performance_reports_dag.py
[2024-12-03T21:45:37.188+0000] {processor.py:925} INFO - DAG(s) 'ETL_quarterly_performance_reports' retrieved from /opt/airflow/dags/quarterly_performance_reports_dag.py
[2024-12-03T21:45:37.327+0000] {logging_mixin.py:190} INFO - [2024-12-03T21:45:37.326+0000] {dag.py:3239} INFO - Sync 1 DAGs
[2024-12-03T21:45:37.355+0000] {logging_mixin.py:190} INFO - [2024-12-03T21:45:37.354+0000] {dag.py:4180} INFO - Setting next_dagrun for ETL_quarterly_performance_reports to 2024-12-02 00:00:00+00:00, run_after=2024-12-03 00:00:00+00:00
[2024-12-03T21:45:37.380+0000] {processor.py:208} INFO - Processing /opt/airflow/dags/quarterly_performance_reports_dag.py took 0.973 seconds
[2024-12-03T21:46:08.049+0000] {processor.py:186} INFO - Started process (PID=67675) to work on /opt/airflow/dags/quarterly_performance_reports_dag.py
[2024-12-03T21:46:08.051+0000] {processor.py:914} INFO - Processing file /opt/airflow/dags/quarterly_performance_reports_dag.py for tasks to queue
[2024-12-03T21:46:08.053+0000] {logging_mixin.py:190} INFO - [2024-12-03T21:46:08.052+0000] {dagbag.py:588} INFO - Filling up the DagBag from /opt/airflow/dags/quarterly_performance_reports_dag.py
[2024-12-03T21:46:08.785+0000] {processor.py:925} INFO - DAG(s) 'ETL_quarterly_performance_reports' retrieved from /opt/airflow/dags/quarterly_performance_reports_dag.py
[2024-12-03T21:46:08.823+0000] {logging_mixin.py:190} INFO - [2024-12-03T21:46:08.822+0000] {dag.py:3239} INFO - Sync 1 DAGs
[2024-12-03T21:46:08.852+0000] {logging_mixin.py:190} INFO - [2024-12-03T21:46:08.852+0000] {dag.py:4180} INFO - Setting next_dagrun for ETL_quarterly_performance_reports to 2024-12-02 00:00:00+00:00, run_after=2024-12-03 00:00:00+00:00
[2024-12-03T21:46:08.878+0000] {processor.py:208} INFO - Processing /opt/airflow/dags/quarterly_performance_reports_dag.py took 0.843 seconds
[2024-12-03T21:46:39.082+0000] {processor.py:186} INFO - Started process (PID=67705) to work on /opt/airflow/dags/quarterly_performance_reports_dag.py
[2024-12-03T21:46:39.084+0000] {processor.py:914} INFO - Processing file /opt/airflow/dags/quarterly_performance_reports_dag.py for tasks to queue
[2024-12-03T21:46:39.086+0000] {logging_mixin.py:190} INFO - [2024-12-03T21:46:39.086+0000] {dagbag.py:588} INFO - Filling up the DagBag from /opt/airflow/dags/quarterly_performance_reports_dag.py
[2024-12-03T21:46:39.853+0000] {processor.py:925} INFO - DAG(s) 'ETL_quarterly_performance_reports' retrieved from /opt/airflow/dags/quarterly_performance_reports_dag.py
[2024-12-03T21:46:39.864+0000] {logging_mixin.py:190} INFO - [2024-12-03T21:46:39.863+0000] {dag.py:3239} INFO - Sync 1 DAGs
[2024-12-03T21:46:39.885+0000] {logging_mixin.py:190} INFO - [2024-12-03T21:46:39.885+0000] {dag.py:4180} INFO - Setting next_dagrun for ETL_quarterly_performance_reports to 2024-12-02 00:00:00+00:00, run_after=2024-12-03 00:00:00+00:00
[2024-12-03T21:46:39.902+0000] {processor.py:208} INFO - Processing /opt/airflow/dags/quarterly_performance_reports_dag.py took 0.837 seconds
[2024-12-03T21:47:10.230+0000] {processor.py:186} INFO - Started process (PID=67735) to work on /opt/airflow/dags/quarterly_performance_reports_dag.py
[2024-12-03T21:47:10.233+0000] {processor.py:914} INFO - Processing file /opt/airflow/dags/quarterly_performance_reports_dag.py for tasks to queue
[2024-12-03T21:47:10.237+0000] {logging_mixin.py:190} INFO - [2024-12-03T21:47:10.236+0000] {dagbag.py:588} INFO - Filling up the DagBag from /opt/airflow/dags/quarterly_performance_reports_dag.py
[2024-12-03T21:47:11.890+0000] {processor.py:925} INFO - DAG(s) 'ETL_quarterly_performance_reports' retrieved from /opt/airflow/dags/quarterly_performance_reports_dag.py
[2024-12-03T21:47:12.331+0000] {logging_mixin.py:190} INFO - [2024-12-03T21:47:12.330+0000] {dag.py:3239} INFO - Sync 1 DAGs
[2024-12-03T21:47:12.414+0000] {logging_mixin.py:190} INFO - [2024-12-03T21:47:12.414+0000] {dag.py:4180} INFO - Setting next_dagrun for ETL_quarterly_performance_reports to 2024-12-02 00:00:00+00:00, run_after=2024-12-03 00:00:00+00:00
[2024-12-03T21:47:12.547+0000] {processor.py:208} INFO - Processing /opt/airflow/dags/quarterly_performance_reports_dag.py took 2.346 seconds
[2024-12-03T21:47:46.285+0000] {processor.py:186} INFO - Started process (PID=67767) to work on /opt/airflow/dags/quarterly_performance_reports_dag.py
[2024-12-03T21:47:46.291+0000] {processor.py:914} INFO - Processing file /opt/airflow/dags/quarterly_performance_reports_dag.py for tasks to queue
[2024-12-03T21:47:46.300+0000] {logging_mixin.py:190} INFO - [2024-12-03T21:47:46.298+0000] {dagbag.py:588} INFO - Filling up the DagBag from /opt/airflow/dags/quarterly_performance_reports_dag.py
[2024-12-03T21:47:49.252+0000] {processor.py:925} INFO - DAG(s) 'ETL_quarterly_performance_reports' retrieved from /opt/airflow/dags/quarterly_performance_reports_dag.py
[2024-12-03T21:47:49.291+0000] {logging_mixin.py:190} INFO - [2024-12-03T21:47:49.290+0000] {dag.py:3239} INFO - Sync 1 DAGs
[2024-12-03T21:47:49.389+0000] {logging_mixin.py:190} INFO - [2024-12-03T21:47:49.387+0000] {dag.py:4180} INFO - Setting next_dagrun for ETL_quarterly_performance_reports to 2024-12-02 00:00:00+00:00, run_after=2024-12-03 00:00:00+00:00
[2024-12-03T21:47:49.462+0000] {processor.py:208} INFO - Processing /opt/airflow/dags/quarterly_performance_reports_dag.py took 3.240 seconds
[2024-12-03T21:48:20.642+0000] {processor.py:186} INFO - Started process (PID=67797) to work on /opt/airflow/dags/quarterly_performance_reports_dag.py
[2024-12-03T21:48:20.647+0000] {processor.py:914} INFO - Processing file /opt/airflow/dags/quarterly_performance_reports_dag.py for tasks to queue
[2024-12-03T21:48:20.655+0000] {logging_mixin.py:190} INFO - [2024-12-03T21:48:20.653+0000] {dagbag.py:588} INFO - Filling up the DagBag from /opt/airflow/dags/quarterly_performance_reports_dag.py
[2024-12-03T21:48:23.358+0000] {processor.py:925} INFO - DAG(s) 'ETL_quarterly_performance_reports' retrieved from /opt/airflow/dags/quarterly_performance_reports_dag.py
[2024-12-03T21:48:23.927+0000] {logging_mixin.py:190} INFO - [2024-12-03T21:48:23.924+0000] {dag.py:3239} INFO - Sync 1 DAGs
[2024-12-03T21:48:24.034+0000] {logging_mixin.py:190} INFO - [2024-12-03T21:48:24.033+0000] {dag.py:4180} INFO - Setting next_dagrun for ETL_quarterly_performance_reports to 2024-12-02 00:00:00+00:00, run_after=2024-12-03 00:00:00+00:00
[2024-12-03T21:48:24.113+0000] {processor.py:208} INFO - Processing /opt/airflow/dags/quarterly_performance_reports_dag.py took 3.528 seconds
[2024-12-03T21:48:55.276+0000] {processor.py:186} INFO - Started process (PID=67827) to work on /opt/airflow/dags/quarterly_performance_reports_dag.py
[2024-12-03T21:48:55.280+0000] {processor.py:914} INFO - Processing file /opt/airflow/dags/quarterly_performance_reports_dag.py for tasks to queue
[2024-12-03T21:48:55.286+0000] {logging_mixin.py:190} INFO - [2024-12-03T21:48:55.285+0000] {dagbag.py:588} INFO - Filling up the DagBag from /opt/airflow/dags/quarterly_performance_reports_dag.py
[2024-12-03T21:48:58.566+0000] {processor.py:925} INFO - DAG(s) 'ETL_quarterly_performance_reports' retrieved from /opt/airflow/dags/quarterly_performance_reports_dag.py
[2024-12-03T21:48:58.606+0000] {logging_mixin.py:190} INFO - [2024-12-03T21:48:58.604+0000] {dag.py:3239} INFO - Sync 1 DAGs
[2024-12-03T21:48:58.706+0000] {logging_mixin.py:190} INFO - [2024-12-03T21:48:58.705+0000] {dag.py:4180} INFO - Setting next_dagrun for ETL_quarterly_performance_reports to 2024-12-02 00:00:00+00:00, run_after=2024-12-03 00:00:00+00:00
[2024-12-03T21:48:58.777+0000] {processor.py:208} INFO - Processing /opt/airflow/dags/quarterly_performance_reports_dag.py took 3.557 seconds
[2024-12-03T21:49:29.110+0000] {processor.py:186} INFO - Started process (PID=67856) to work on /opt/airflow/dags/quarterly_performance_reports_dag.py
[2024-12-03T21:49:29.114+0000] {processor.py:914} INFO - Processing file /opt/airflow/dags/quarterly_performance_reports_dag.py for tasks to queue
[2024-12-03T21:49:29.123+0000] {logging_mixin.py:190} INFO - [2024-12-03T21:49:29.121+0000] {dagbag.py:588} INFO - Filling up the DagBag from /opt/airflow/dags/quarterly_performance_reports_dag.py
[2024-12-03T21:49:31.947+0000] {processor.py:925} INFO - DAG(s) 'ETL_quarterly_performance_reports' retrieved from /opt/airflow/dags/quarterly_performance_reports_dag.py
[2024-12-03T21:49:32.749+0000] {logging_mixin.py:190} INFO - [2024-12-03T21:49:32.744+0000] {dag.py:3239} INFO - Sync 1 DAGs
[2024-12-03T21:49:32.912+0000] {logging_mixin.py:190} INFO - [2024-12-03T21:49:32.910+0000] {dag.py:4180} INFO - Setting next_dagrun for ETL_quarterly_performance_reports to 2024-12-02 00:00:00+00:00, run_after=2024-12-03 00:00:00+00:00
[2024-12-03T21:49:33.052+0000] {processor.py:208} INFO - Processing /opt/airflow/dags/quarterly_performance_reports_dag.py took 3.998 seconds
[2024-12-03T21:50:03.981+0000] {processor.py:186} INFO - Started process (PID=67888) to work on /opt/airflow/dags/quarterly_performance_reports_dag.py
[2024-12-03T21:50:03.988+0000] {processor.py:914} INFO - Processing file /opt/airflow/dags/quarterly_performance_reports_dag.py for tasks to queue
[2024-12-03T21:50:03.995+0000] {logging_mixin.py:190} INFO - [2024-12-03T21:50:03.993+0000] {dagbag.py:588} INFO - Filling up the DagBag from /opt/airflow/dags/quarterly_performance_reports_dag.py
[2024-12-03T21:50:06.983+0000] {processor.py:925} INFO - DAG(s) 'ETL_quarterly_performance_reports' retrieved from /opt/airflow/dags/quarterly_performance_reports_dag.py
[2024-12-03T21:50:07.074+0000] {logging_mixin.py:190} INFO - [2024-12-03T21:50:07.072+0000] {dag.py:3239} INFO - Sync 1 DAGs
[2024-12-03T21:50:07.181+0000] {logging_mixin.py:190} INFO - [2024-12-03T21:50:07.181+0000] {dag.py:4180} INFO - Setting next_dagrun for ETL_quarterly_performance_reports to 2024-12-02 00:00:00+00:00, run_after=2024-12-03 00:00:00+00:00
[2024-12-03T21:50:07.263+0000] {processor.py:208} INFO - Processing /opt/airflow/dags/quarterly_performance_reports_dag.py took 3.350 seconds
[2024-12-03T21:50:37.738+0000] {processor.py:186} INFO - Started process (PID=67916) to work on /opt/airflow/dags/quarterly_performance_reports_dag.py
[2024-12-03T21:50:37.743+0000] {processor.py:914} INFO - Processing file /opt/airflow/dags/quarterly_performance_reports_dag.py for tasks to queue
[2024-12-03T21:50:37.751+0000] {logging_mixin.py:190} INFO - [2024-12-03T21:50:37.749+0000] {dagbag.py:588} INFO - Filling up the DagBag from /opt/airflow/dags/quarterly_performance_reports_dag.py
[2024-12-03T21:50:40.616+0000] {processor.py:925} INFO - DAG(s) 'ETL_quarterly_performance_reports' retrieved from /opt/airflow/dags/quarterly_performance_reports_dag.py
[2024-12-03T21:50:41.166+0000] {logging_mixin.py:190} INFO - [2024-12-03T21:50:41.164+0000] {dag.py:3239} INFO - Sync 1 DAGs
[2024-12-03T21:50:41.263+0000] {logging_mixin.py:190} INFO - [2024-12-03T21:50:41.262+0000] {dag.py:4180} INFO - Setting next_dagrun for ETL_quarterly_performance_reports to 2024-12-02 00:00:00+00:00, run_after=2024-12-03 00:00:00+00:00
[2024-12-03T21:50:41.346+0000] {processor.py:208} INFO - Processing /opt/airflow/dags/quarterly_performance_reports_dag.py took 3.668 seconds
[2024-12-03T21:51:11.951+0000] {processor.py:186} INFO - Started process (PID=67945) to work on /opt/airflow/dags/quarterly_performance_reports_dag.py
[2024-12-03T21:51:11.956+0000] {processor.py:914} INFO - Processing file /opt/airflow/dags/quarterly_performance_reports_dag.py for tasks to queue
[2024-12-03T21:51:11.963+0000] {logging_mixin.py:190} INFO - [2024-12-03T21:51:11.961+0000] {dagbag.py:588} INFO - Filling up the DagBag from /opt/airflow/dags/quarterly_performance_reports_dag.py
[2024-12-03T21:51:14.768+0000] {processor.py:925} INFO - DAG(s) 'ETL_quarterly_performance_reports' retrieved from /opt/airflow/dags/quarterly_performance_reports_dag.py
[2024-12-03T21:51:14.865+0000] {logging_mixin.py:190} INFO - [2024-12-03T21:51:14.863+0000] {dag.py:3239} INFO - Sync 1 DAGs
[2024-12-03T21:51:14.968+0000] {logging_mixin.py:190} INFO - [2024-12-03T21:51:14.967+0000] {dag.py:4180} INFO - Setting next_dagrun for ETL_quarterly_performance_reports to 2024-12-02 00:00:00+00:00, run_after=2024-12-03 00:00:00+00:00
[2024-12-03T21:51:15.038+0000] {processor.py:208} INFO - Processing /opt/airflow/dags/quarterly_performance_reports_dag.py took 3.142 seconds
[2024-12-03T21:51:45.289+0000] {processor.py:186} INFO - Started process (PID=67972) to work on /opt/airflow/dags/quarterly_performance_reports_dag.py
[2024-12-03T21:51:45.293+0000] {processor.py:914} INFO - Processing file /opt/airflow/dags/quarterly_performance_reports_dag.py for tasks to queue
[2024-12-03T21:51:45.300+0000] {logging_mixin.py:190} INFO - [2024-12-03T21:51:45.298+0000] {dagbag.py:588} INFO - Filling up the DagBag from /opt/airflow/dags/quarterly_performance_reports_dag.py
[2024-12-03T21:51:48.272+0000] {processor.py:925} INFO - DAG(s) 'ETL_quarterly_performance_reports' retrieved from /opt/airflow/dags/quarterly_performance_reports_dag.py
[2024-12-03T21:51:48.316+0000] {logging_mixin.py:190} INFO - [2024-12-03T21:51:48.314+0000] {dag.py:3239} INFO - Sync 1 DAGs
[2024-12-03T21:51:48.410+0000] {logging_mixin.py:190} INFO - [2024-12-03T21:51:48.409+0000] {dag.py:4180} INFO - Setting next_dagrun for ETL_quarterly_performance_reports to 2024-12-02 00:00:00+00:00, run_after=2024-12-03 00:00:00+00:00
[2024-12-03T21:51:48.486+0000] {processor.py:208} INFO - Processing /opt/airflow/dags/quarterly_performance_reports_dag.py took 3.255 seconds
[2024-12-03T21:52:18.837+0000] {processor.py:186} INFO - Started process (PID=68002) to work on /opt/airflow/dags/quarterly_performance_reports_dag.py
[2024-12-03T21:52:18.841+0000] {processor.py:914} INFO - Processing file /opt/airflow/dags/quarterly_performance_reports_dag.py for tasks to queue
[2024-12-03T21:52:18.848+0000] {logging_mixin.py:190} INFO - [2024-12-03T21:52:18.846+0000] {dagbag.py:588} INFO - Filling up the DagBag from /opt/airflow/dags/quarterly_performance_reports_dag.py
[2024-12-03T21:52:21.494+0000] {processor.py:925} INFO - DAG(s) 'ETL_quarterly_performance_reports' retrieved from /opt/airflow/dags/quarterly_performance_reports_dag.py
[2024-12-03T21:52:22.013+0000] {logging_mixin.py:190} INFO - [2024-12-03T21:52:22.011+0000] {dag.py:3239} INFO - Sync 1 DAGs
[2024-12-03T21:52:22.111+0000] {logging_mixin.py:190} INFO - [2024-12-03T21:52:22.110+0000] {dag.py:4180} INFO - Setting next_dagrun for ETL_quarterly_performance_reports to 2024-12-02 00:00:00+00:00, run_after=2024-12-03 00:00:00+00:00
[2024-12-03T21:52:22.186+0000] {processor.py:208} INFO - Processing /opt/airflow/dags/quarterly_performance_reports_dag.py took 3.403 seconds
[2024-12-03T21:52:52.523+0000] {processor.py:186} INFO - Started process (PID=68032) to work on /opt/airflow/dags/quarterly_performance_reports_dag.py
[2024-12-03T21:52:52.530+0000] {processor.py:914} INFO - Processing file /opt/airflow/dags/quarterly_performance_reports_dag.py for tasks to queue
[2024-12-03T21:52:52.542+0000] {logging_mixin.py:190} INFO - [2024-12-03T21:52:52.540+0000] {dagbag.py:588} INFO - Filling up the DagBag from /opt/airflow/dags/quarterly_performance_reports_dag.py
[2024-12-03T21:52:55.615+0000] {processor.py:925} INFO - DAG(s) 'ETL_quarterly_performance_reports' retrieved from /opt/airflow/dags/quarterly_performance_reports_dag.py
[2024-12-03T21:52:55.738+0000] {logging_mixin.py:190} INFO - [2024-12-03T21:52:55.737+0000] {dag.py:3239} INFO - Sync 1 DAGs
[2024-12-03T21:52:55.831+0000] {logging_mixin.py:190} INFO - [2024-12-03T21:52:55.830+0000] {dag.py:4180} INFO - Setting next_dagrun for ETL_quarterly_performance_reports to 2024-12-02 00:00:00+00:00, run_after=2024-12-03 00:00:00+00:00
[2024-12-03T21:52:55.921+0000] {processor.py:208} INFO - Processing /opt/airflow/dags/quarterly_performance_reports_dag.py took 3.464 seconds
[2024-12-03T21:53:26.279+0000] {processor.py:186} INFO - Started process (PID=68062) to work on /opt/airflow/dags/quarterly_performance_reports_dag.py
[2024-12-03T21:53:26.283+0000] {processor.py:914} INFO - Processing file /opt/airflow/dags/quarterly_performance_reports_dag.py for tasks to queue
[2024-12-03T21:53:26.291+0000] {logging_mixin.py:190} INFO - [2024-12-03T21:53:26.289+0000] {dagbag.py:588} INFO - Filling up the DagBag from /opt/airflow/dags/quarterly_performance_reports_dag.py
[2024-12-03T21:53:29.034+0000] {processor.py:925} INFO - DAG(s) 'ETL_quarterly_performance_reports' retrieved from /opt/airflow/dags/quarterly_performance_reports_dag.py
[2024-12-03T21:53:29.070+0000] {logging_mixin.py:190} INFO - [2024-12-03T21:53:29.068+0000] {dag.py:3239} INFO - Sync 1 DAGs
[2024-12-03T21:53:29.162+0000] {logging_mixin.py:190} INFO - [2024-12-03T21:53:29.162+0000] {dag.py:4180} INFO - Setting next_dagrun for ETL_quarterly_performance_reports to 2024-12-02 00:00:00+00:00, run_after=2024-12-03 00:00:00+00:00
[2024-12-03T21:53:29.235+0000] {processor.py:208} INFO - Processing /opt/airflow/dags/quarterly_performance_reports_dag.py took 3.010 seconds
[2024-12-03T21:53:59.993+0000] {processor.py:186} INFO - Started process (PID=68090) to work on /opt/airflow/dags/quarterly_performance_reports_dag.py
[2024-12-03T21:53:59.999+0000] {processor.py:914} INFO - Processing file /opt/airflow/dags/quarterly_performance_reports_dag.py for tasks to queue
[2024-12-03T21:54:00.008+0000] {logging_mixin.py:190} INFO - [2024-12-03T21:54:00.006+0000] {dagbag.py:588} INFO - Filling up the DagBag from /opt/airflow/dags/quarterly_performance_reports_dag.py
[2024-12-03T21:54:04.421+0000] {processor.py:925} INFO - DAG(s) 'ETL_quarterly_performance_reports' retrieved from /opt/airflow/dags/quarterly_performance_reports_dag.py
[2024-12-03T21:54:05.104+0000] {logging_mixin.py:190} INFO - [2024-12-03T21:54:05.102+0000] {dag.py:3239} INFO - Sync 1 DAGs
[2024-12-03T21:54:05.233+0000] {logging_mixin.py:190} INFO - [2024-12-03T21:54:05.233+0000] {dag.py:4180} INFO - Setting next_dagrun for ETL_quarterly_performance_reports to 2024-12-02 00:00:00+00:00, run_after=2024-12-03 00:00:00+00:00
[2024-12-03T21:54:05.326+0000] {processor.py:208} INFO - Processing /opt/airflow/dags/quarterly_performance_reports_dag.py took 5.406 seconds
[2024-12-03T21:54:35.597+0000] {processor.py:186} INFO - Started process (PID=68126) to work on /opt/airflow/dags/quarterly_performance_reports_dag.py
[2024-12-03T21:54:35.601+0000] {processor.py:914} INFO - Processing file /opt/airflow/dags/quarterly_performance_reports_dag.py for tasks to queue
[2024-12-03T21:54:35.610+0000] {logging_mixin.py:190} INFO - [2024-12-03T21:54:35.608+0000] {dagbag.py:588} INFO - Filling up the DagBag from /opt/airflow/dags/quarterly_performance_reports_dag.py
[2024-12-03T21:54:38.573+0000] {processor.py:925} INFO - DAG(s) 'ETL_quarterly_performance_reports' retrieved from /opt/airflow/dags/quarterly_performance_reports_dag.py
[2024-12-03T21:54:38.671+0000] {logging_mixin.py:190} INFO - [2024-12-03T21:54:38.669+0000] {dag.py:3239} INFO - Sync 1 DAGs
[2024-12-03T21:54:38.760+0000] {logging_mixin.py:190} INFO - [2024-12-03T21:54:38.759+0000] {dag.py:4180} INFO - Setting next_dagrun for ETL_quarterly_performance_reports to 2024-12-02 00:00:00+00:00, run_after=2024-12-03 00:00:00+00:00
[2024-12-03T21:54:38.844+0000] {processor.py:208} INFO - Processing /opt/airflow/dags/quarterly_performance_reports_dag.py took 3.312 seconds
[2024-12-03T21:55:09.202+0000] {processor.py:186} INFO - Started process (PID=68156) to work on /opt/airflow/dags/quarterly_performance_reports_dag.py
[2024-12-03T21:55:09.208+0000] {processor.py:914} INFO - Processing file /opt/airflow/dags/quarterly_performance_reports_dag.py for tasks to queue
[2024-12-03T21:55:09.216+0000] {logging_mixin.py:190} INFO - [2024-12-03T21:55:09.214+0000] {dagbag.py:588} INFO - Filling up the DagBag from /opt/airflow/dags/quarterly_performance_reports_dag.py
[2024-12-03T21:55:12.452+0000] {processor.py:925} INFO - DAG(s) 'ETL_quarterly_performance_reports' retrieved from /opt/airflow/dags/quarterly_performance_reports_dag.py
[2024-12-03T21:55:12.496+0000] {logging_mixin.py:190} INFO - [2024-12-03T21:55:12.494+0000] {dag.py:3239} INFO - Sync 1 DAGs
[2024-12-03T21:55:12.597+0000] {logging_mixin.py:190} INFO - [2024-12-03T21:55:12.596+0000] {dag.py:4180} INFO - Setting next_dagrun for ETL_quarterly_performance_reports to 2024-12-02 00:00:00+00:00, run_after=2024-12-03 00:00:00+00:00
[2024-12-03T21:55:12.680+0000] {processor.py:208} INFO - Processing /opt/airflow/dags/quarterly_performance_reports_dag.py took 3.550 seconds
[2024-12-03T21:55:43.002+0000] {processor.py:186} INFO - Started process (PID=68186) to work on /opt/airflow/dags/quarterly_performance_reports_dag.py
[2024-12-03T21:55:43.008+0000] {processor.py:914} INFO - Processing file /opt/airflow/dags/quarterly_performance_reports_dag.py for tasks to queue
[2024-12-03T21:55:43.023+0000] {logging_mixin.py:190} INFO - [2024-12-03T21:55:43.020+0000] {dagbag.py:588} INFO - Filling up the DagBag from /opt/airflow/dags/quarterly_performance_reports_dag.py
[2024-12-03T21:55:45.810+0000] {processor.py:925} INFO - DAG(s) 'ETL_quarterly_performance_reports' retrieved from /opt/airflow/dags/quarterly_performance_reports_dag.py
[2024-12-03T21:55:46.290+0000] {logging_mixin.py:190} INFO - [2024-12-03T21:55:46.288+0000] {dag.py:3239} INFO - Sync 1 DAGs
[2024-12-03T21:55:46.372+0000] {logging_mixin.py:190} INFO - [2024-12-03T21:55:46.371+0000] {dag.py:4180} INFO - Setting next_dagrun for ETL_quarterly_performance_reports to 2024-12-02 00:00:00+00:00, run_after=2024-12-03 00:00:00+00:00
[2024-12-03T21:55:46.446+0000] {processor.py:208} INFO - Processing /opt/airflow/dags/quarterly_performance_reports_dag.py took 3.507 seconds
[2024-12-03T21:56:16.760+0000] {processor.py:186} INFO - Started process (PID=68216) to work on /opt/airflow/dags/quarterly_performance_reports_dag.py
[2024-12-03T21:56:16.764+0000] {processor.py:914} INFO - Processing file /opt/airflow/dags/quarterly_performance_reports_dag.py for tasks to queue
[2024-12-03T21:56:16.772+0000] {logging_mixin.py:190} INFO - [2024-12-03T21:56:16.771+0000] {dagbag.py:588} INFO - Filling up the DagBag from /opt/airflow/dags/quarterly_performance_reports_dag.py
[2024-12-03T21:56:19.518+0000] {processor.py:925} INFO - DAG(s) 'ETL_quarterly_performance_reports' retrieved from /opt/airflow/dags/quarterly_performance_reports_dag.py
[2024-12-03T21:56:19.607+0000] {logging_mixin.py:190} INFO - [2024-12-03T21:56:19.605+0000] {dag.py:3239} INFO - Sync 1 DAGs
[2024-12-03T21:56:19.697+0000] {logging_mixin.py:190} INFO - [2024-12-03T21:56:19.696+0000] {dag.py:4180} INFO - Setting next_dagrun for ETL_quarterly_performance_reports to 2024-12-02 00:00:00+00:00, run_after=2024-12-03 00:00:00+00:00
[2024-12-03T21:56:19.771+0000] {processor.py:208} INFO - Processing /opt/airflow/dags/quarterly_performance_reports_dag.py took 3.065 seconds
[2024-12-03T21:56:50.281+0000] {processor.py:186} INFO - Started process (PID=68246) to work on /opt/airflow/dags/quarterly_performance_reports_dag.py
[2024-12-03T21:56:50.285+0000] {processor.py:914} INFO - Processing file /opt/airflow/dags/quarterly_performance_reports_dag.py for tasks to queue
[2024-12-03T21:56:50.291+0000] {logging_mixin.py:190} INFO - [2024-12-03T21:56:50.289+0000] {dagbag.py:588} INFO - Filling up the DagBag from /opt/airflow/dags/quarterly_performance_reports_dag.py
[2024-12-03T21:56:52.937+0000] {processor.py:925} INFO - DAG(s) 'ETL_quarterly_performance_reports' retrieved from /opt/airflow/dags/quarterly_performance_reports_dag.py
[2024-12-03T21:56:52.973+0000] {logging_mixin.py:190} INFO - [2024-12-03T21:56:52.971+0000] {dag.py:3239} INFO - Sync 1 DAGs
[2024-12-03T21:56:53.056+0000] {logging_mixin.py:190} INFO - [2024-12-03T21:56:53.056+0000] {dag.py:4180} INFO - Setting next_dagrun for ETL_quarterly_performance_reports to 2024-12-02 00:00:00+00:00, run_after=2024-12-03 00:00:00+00:00
[2024-12-03T21:56:53.124+0000] {processor.py:208} INFO - Processing /opt/airflow/dags/quarterly_performance_reports_dag.py took 2.897 seconds
[2024-12-03T21:57:26.197+0000] {processor.py:186} INFO - Started process (PID=68276) to work on /opt/airflow/dags/quarterly_performance_reports_dag.py
[2024-12-03T21:57:26.201+0000] {processor.py:914} INFO - Processing file /opt/airflow/dags/quarterly_performance_reports_dag.py for tasks to queue
[2024-12-03T21:57:26.208+0000] {logging_mixin.py:190} INFO - [2024-12-03T21:57:26.207+0000] {dagbag.py:588} INFO - Filling up the DagBag from /opt/airflow/dags/quarterly_performance_reports_dag.py
[2024-12-03T21:57:28.891+0000] {processor.py:925} INFO - DAG(s) 'ETL_quarterly_performance_reports' retrieved from /opt/airflow/dags/quarterly_performance_reports_dag.py
[2024-12-03T21:57:29.378+0000] {logging_mixin.py:190} INFO - [2024-12-03T21:57:29.376+0000] {dag.py:3239} INFO - Sync 1 DAGs
[2024-12-03T21:57:29.461+0000] {logging_mixin.py:190} INFO - [2024-12-03T21:57:29.460+0000] {dag.py:4180} INFO - Setting next_dagrun for ETL_quarterly_performance_reports to 2024-12-02 00:00:00+00:00, run_after=2024-12-03 00:00:00+00:00
[2024-12-03T21:57:29.542+0000] {processor.py:208} INFO - Processing /opt/airflow/dags/quarterly_performance_reports_dag.py took 3.402 seconds
[2024-12-03T21:58:01.389+0000] {processor.py:186} INFO - Started process (PID=68306) to work on /opt/airflow/dags/quarterly_performance_reports_dag.py
[2024-12-03T21:58:01.395+0000] {processor.py:914} INFO - Processing file /opt/airflow/dags/quarterly_performance_reports_dag.py for tasks to queue
[2024-12-03T21:58:01.404+0000] {logging_mixin.py:190} INFO - [2024-12-03T21:58:01.401+0000] {dagbag.py:588} INFO - Filling up the DagBag from /opt/airflow/dags/quarterly_performance_reports_dag.py
[2024-12-03T21:58:05.530+0000] {processor.py:925} INFO - DAG(s) 'ETL_quarterly_performance_reports' retrieved from /opt/airflow/dags/quarterly_performance_reports_dag.py
[2024-12-03T21:58:05.572+0000] {logging_mixin.py:190} INFO - [2024-12-03T21:58:05.570+0000] {dag.py:3239} INFO - Sync 1 DAGs
[2024-12-03T21:58:05.705+0000] {logging_mixin.py:190} INFO - [2024-12-03T21:58:05.705+0000] {dag.py:4180} INFO - Setting next_dagrun for ETL_quarterly_performance_reports to 2024-12-02 00:00:00+00:00, run_after=2024-12-03 00:00:00+00:00
[2024-12-03T21:58:05.791+0000] {processor.py:208} INFO - Processing /opt/airflow/dags/quarterly_performance_reports_dag.py took 4.467 seconds
[2024-12-03T21:58:36.089+0000] {processor.py:186} INFO - Started process (PID=68336) to work on /opt/airflow/dags/quarterly_performance_reports_dag.py
[2024-12-03T21:58:36.095+0000] {processor.py:914} INFO - Processing file /opt/airflow/dags/quarterly_performance_reports_dag.py for tasks to queue
[2024-12-03T21:58:36.104+0000] {logging_mixin.py:190} INFO - [2024-12-03T21:58:36.102+0000] {dagbag.py:588} INFO - Filling up the DagBag from /opt/airflow/dags/quarterly_performance_reports_dag.py
[2024-12-03T21:58:39.285+0000] {processor.py:925} INFO - DAG(s) 'ETL_quarterly_performance_reports' retrieved from /opt/airflow/dags/quarterly_performance_reports_dag.py
[2024-12-03T21:58:39.812+0000] {logging_mixin.py:190} INFO - [2024-12-03T21:58:39.810+0000] {dag.py:3239} INFO - Sync 1 DAGs
[2024-12-03T21:58:39.902+0000] {logging_mixin.py:190} INFO - [2024-12-03T21:58:39.901+0000] {dag.py:4180} INFO - Setting next_dagrun for ETL_quarterly_performance_reports to 2024-12-02 00:00:00+00:00, run_after=2024-12-03 00:00:00+00:00
[2024-12-03T21:58:39.998+0000] {processor.py:208} INFO - Processing /opt/airflow/dags/quarterly_performance_reports_dag.py took 3.977 seconds
[2024-12-03T21:59:10.626+0000] {processor.py:186} INFO - Started process (PID=68369) to work on /opt/airflow/dags/quarterly_performance_reports_dag.py
[2024-12-03T21:59:10.630+0000] {processor.py:914} INFO - Processing file /opt/airflow/dags/quarterly_performance_reports_dag.py for tasks to queue
[2024-12-03T21:59:10.636+0000] {logging_mixin.py:190} INFO - [2024-12-03T21:59:10.635+0000] {dagbag.py:588} INFO - Filling up the DagBag from /opt/airflow/dags/quarterly_performance_reports_dag.py
[2024-12-03T21:59:13.203+0000] {processor.py:925} INFO - DAG(s) 'ETL_quarterly_performance_reports' retrieved from /opt/airflow/dags/quarterly_performance_reports_dag.py
[2024-12-03T21:59:13.291+0000] {logging_mixin.py:190} INFO - [2024-12-03T21:59:13.290+0000] {dag.py:3239} INFO - Sync 1 DAGs
[2024-12-03T21:59:13.385+0000] {logging_mixin.py:190} INFO - [2024-12-03T21:59:13.385+0000] {dag.py:4180} INFO - Setting next_dagrun for ETL_quarterly_performance_reports to 2024-12-02 00:00:00+00:00, run_after=2024-12-03 00:00:00+00:00
[2024-12-03T21:59:13.468+0000] {processor.py:208} INFO - Processing /opt/airflow/dags/quarterly_performance_reports_dag.py took 2.892 seconds
[2024-12-03T21:59:44.515+0000] {processor.py:186} INFO - Started process (PID=68399) to work on /opt/airflow/dags/quarterly_performance_reports_dag.py
[2024-12-03T21:59:44.519+0000] {processor.py:914} INFO - Processing file /opt/airflow/dags/quarterly_performance_reports_dag.py for tasks to queue
[2024-12-03T21:59:44.525+0000] {logging_mixin.py:190} INFO - [2024-12-03T21:59:44.524+0000] {dagbag.py:588} INFO - Filling up the DagBag from /opt/airflow/dags/quarterly_performance_reports_dag.py
[2024-12-03T21:59:47.153+0000] {processor.py:925} INFO - DAG(s) 'ETL_quarterly_performance_reports' retrieved from /opt/airflow/dags/quarterly_performance_reports_dag.py
[2024-12-03T21:59:47.614+0000] {logging_mixin.py:190} INFO - [2024-12-03T21:59:47.612+0000] {dag.py:3239} INFO - Sync 1 DAGs
[2024-12-03T21:59:47.710+0000] {logging_mixin.py:190} INFO - [2024-12-03T21:59:47.709+0000] {dag.py:4180} INFO - Setting next_dagrun for ETL_quarterly_performance_reports to 2024-12-02 00:00:00+00:00, run_after=2024-12-03 00:00:00+00:00
[2024-12-03T21:59:47.793+0000] {processor.py:208} INFO - Processing /opt/airflow/dags/quarterly_performance_reports_dag.py took 3.328 seconds
[2024-12-03T22:00:18.709+0000] {processor.py:186} INFO - Started process (PID=68429) to work on /opt/airflow/dags/quarterly_performance_reports_dag.py
[2024-12-03T22:00:18.713+0000] {processor.py:914} INFO - Processing file /opt/airflow/dags/quarterly_performance_reports_dag.py for tasks to queue
[2024-12-03T22:00:18.720+0000] {logging_mixin.py:190} INFO - [2024-12-03T22:00:18.718+0000] {dagbag.py:588} INFO - Filling up the DagBag from /opt/airflow/dags/quarterly_performance_reports_dag.py
[2024-12-03T22:00:21.167+0000] {processor.py:925} INFO - DAG(s) 'ETL_quarterly_performance_reports' retrieved from /opt/airflow/dags/quarterly_performance_reports_dag.py
[2024-12-03T22:00:21.252+0000] {logging_mixin.py:190} INFO - [2024-12-03T22:00:21.250+0000] {dag.py:3239} INFO - Sync 1 DAGs
[2024-12-03T22:00:21.341+0000] {logging_mixin.py:190} INFO - [2024-12-03T22:00:21.340+0000] {dag.py:4180} INFO - Setting next_dagrun for ETL_quarterly_performance_reports to 2024-12-02 00:00:00+00:00, run_after=2024-12-03 00:00:00+00:00
[2024-12-03T22:00:21.407+0000] {processor.py:208} INFO - Processing /opt/airflow/dags/quarterly_performance_reports_dag.py took 2.750 seconds
[2024-12-03T22:00:52.036+0000] {processor.py:186} INFO - Started process (PID=68459) to work on /opt/airflow/dags/quarterly_performance_reports_dag.py
[2024-12-03T22:00:52.040+0000] {processor.py:914} INFO - Processing file /opt/airflow/dags/quarterly_performance_reports_dag.py for tasks to queue
[2024-12-03T22:00:52.046+0000] {logging_mixin.py:190} INFO - [2024-12-03T22:00:52.045+0000] {dagbag.py:588} INFO - Filling up the DagBag from /opt/airflow/dags/quarterly_performance_reports_dag.py
[2024-12-03T22:00:54.488+0000] {processor.py:925} INFO - DAG(s) 'ETL_quarterly_performance_reports' retrieved from /opt/airflow/dags/quarterly_performance_reports_dag.py
[2024-12-03T22:00:54.525+0000] {logging_mixin.py:190} INFO - [2024-12-03T22:00:54.524+0000] {dag.py:3239} INFO - Sync 1 DAGs
[2024-12-03T22:00:54.623+0000] {logging_mixin.py:190} INFO - [2024-12-03T22:00:54.622+0000] {dag.py:4180} INFO - Setting next_dagrun for ETL_quarterly_performance_reports to 2024-12-02 00:00:00+00:00, run_after=2024-12-03 00:00:00+00:00
[2024-12-03T22:00:54.695+0000] {processor.py:208} INFO - Processing /opt/airflow/dags/quarterly_performance_reports_dag.py took 2.711 seconds
[2024-12-03T22:01:25.634+0000] {processor.py:186} INFO - Started process (PID=68489) to work on /opt/airflow/dags/quarterly_performance_reports_dag.py
[2024-12-03T22:01:25.638+0000] {processor.py:914} INFO - Processing file /opt/airflow/dags/quarterly_performance_reports_dag.py for tasks to queue
[2024-12-03T22:01:25.644+0000] {logging_mixin.py:190} INFO - [2024-12-03T22:01:25.643+0000] {dagbag.py:588} INFO - Filling up the DagBag from /opt/airflow/dags/quarterly_performance_reports_dag.py
[2024-12-03T22:01:28.309+0000] {processor.py:925} INFO - DAG(s) 'ETL_quarterly_performance_reports' retrieved from /opt/airflow/dags/quarterly_performance_reports_dag.py
[2024-12-03T22:01:28.766+0000] {logging_mixin.py:190} INFO - [2024-12-03T22:01:28.764+0000] {dag.py:3239} INFO - Sync 1 DAGs
[2024-12-03T22:01:28.850+0000] {logging_mixin.py:190} INFO - [2024-12-03T22:01:28.850+0000] {dag.py:4180} INFO - Setting next_dagrun for ETL_quarterly_performance_reports to 2024-12-02 00:00:00+00:00, run_after=2024-12-03 00:00:00+00:00
[2024-12-03T22:01:28.925+0000] {processor.py:208} INFO - Processing /opt/airflow/dags/quarterly_performance_reports_dag.py took 3.342 seconds
[2024-12-03T22:01:59.192+0000] {processor.py:186} INFO - Started process (PID=68519) to work on /opt/airflow/dags/quarterly_performance_reports_dag.py
[2024-12-03T22:01:59.197+0000] {processor.py:914} INFO - Processing file /opt/airflow/dags/quarterly_performance_reports_dag.py for tasks to queue
[2024-12-03T22:01:59.203+0000] {logging_mixin.py:190} INFO - [2024-12-03T22:01:59.202+0000] {dagbag.py:588} INFO - Filling up the DagBag from /opt/airflow/dags/quarterly_performance_reports_dag.py
[2024-12-03T22:02:01.977+0000] {processor.py:925} INFO - DAG(s) 'ETL_quarterly_performance_reports' retrieved from /opt/airflow/dags/quarterly_performance_reports_dag.py
[2024-12-03T22:02:02.061+0000] {logging_mixin.py:190} INFO - [2024-12-03T22:02:02.060+0000] {dag.py:3239} INFO - Sync 1 DAGs
[2024-12-03T22:02:02.149+0000] {logging_mixin.py:190} INFO - [2024-12-03T22:02:02.148+0000] {dag.py:4180} INFO - Setting next_dagrun for ETL_quarterly_performance_reports to 2024-12-02 00:00:00+00:00, run_after=2024-12-03 00:00:00+00:00
[2024-12-03T22:02:02.230+0000] {processor.py:208} INFO - Processing /opt/airflow/dags/quarterly_performance_reports_dag.py took 3.098 seconds
[2024-12-03T22:02:32.553+0000] {processor.py:186} INFO - Started process (PID=68549) to work on /opt/airflow/dags/quarterly_performance_reports_dag.py
[2024-12-03T22:02:32.557+0000] {processor.py:914} INFO - Processing file /opt/airflow/dags/quarterly_performance_reports_dag.py for tasks to queue
[2024-12-03T22:02:32.567+0000] {logging_mixin.py:190} INFO - [2024-12-03T22:02:32.566+0000] {dagbag.py:588} INFO - Filling up the DagBag from /opt/airflow/dags/quarterly_performance_reports_dag.py
[2024-12-03T22:02:35.329+0000] {processor.py:925} INFO - DAG(s) 'ETL_quarterly_performance_reports' retrieved from /opt/airflow/dags/quarterly_performance_reports_dag.py
[2024-12-03T22:02:35.367+0000] {logging_mixin.py:190} INFO - [2024-12-03T22:02:35.366+0000] {dag.py:3239} INFO - Sync 1 DAGs
[2024-12-03T22:02:35.465+0000] {logging_mixin.py:190} INFO - [2024-12-03T22:02:35.465+0000] {dag.py:4180} INFO - Setting next_dagrun for ETL_quarterly_performance_reports to 2024-12-02 00:00:00+00:00, run_after=2024-12-03 00:00:00+00:00
[2024-12-03T22:02:35.537+0000] {processor.py:208} INFO - Processing /opt/airflow/dags/quarterly_performance_reports_dag.py took 3.040 seconds
[2024-12-03T22:03:05.923+0000] {processor.py:186} INFO - Started process (PID=68579) to work on /opt/airflow/dags/quarterly_performance_reports_dag.py
[2024-12-03T22:03:05.927+0000] {processor.py:914} INFO - Processing file /opt/airflow/dags/quarterly_performance_reports_dag.py for tasks to queue
[2024-12-03T22:03:05.934+0000] {logging_mixin.py:190} INFO - [2024-12-03T22:03:05.932+0000] {dagbag.py:588} INFO - Filling up the DagBag from /opt/airflow/dags/quarterly_performance_reports_dag.py
[2024-12-03T22:03:08.473+0000] {processor.py:925} INFO - DAG(s) 'ETL_quarterly_performance_reports' retrieved from /opt/airflow/dags/quarterly_performance_reports_dag.py
[2024-12-03T22:03:08.937+0000] {logging_mixin.py:190} INFO - [2024-12-03T22:03:08.936+0000] {dag.py:3239} INFO - Sync 1 DAGs
[2024-12-03T22:03:09.016+0000] {logging_mixin.py:190} INFO - [2024-12-03T22:03:09.015+0000] {dag.py:4180} INFO - Setting next_dagrun for ETL_quarterly_performance_reports to 2024-12-02 00:00:00+00:00, run_after=2024-12-03 00:00:00+00:00
[2024-12-03T22:03:09.090+0000] {processor.py:208} INFO - Processing /opt/airflow/dags/quarterly_performance_reports_dag.py took 3.220 seconds
[2024-12-03T22:03:39.457+0000] {processor.py:186} INFO - Started process (PID=68613) to work on /opt/airflow/dags/quarterly_performance_reports_dag.py
[2024-12-03T22:03:39.462+0000] {processor.py:914} INFO - Processing file /opt/airflow/dags/quarterly_performance_reports_dag.py for tasks to queue
[2024-12-03T22:03:39.468+0000] {logging_mixin.py:190} INFO - [2024-12-03T22:03:39.467+0000] {dagbag.py:588} INFO - Filling up the DagBag from /opt/airflow/dags/quarterly_performance_reports_dag.py
[2024-12-03T22:03:41.925+0000] {processor.py:925} INFO - DAG(s) 'ETL_quarterly_performance_reports' retrieved from /opt/airflow/dags/quarterly_performance_reports_dag.py
[2024-12-03T22:03:42.010+0000] {logging_mixin.py:190} INFO - [2024-12-03T22:03:42.008+0000] {dag.py:3239} INFO - Sync 1 DAGs
[2024-12-03T22:03:42.091+0000] {logging_mixin.py:190} INFO - [2024-12-03T22:03:42.091+0000] {dag.py:4180} INFO - Setting next_dagrun for ETL_quarterly_performance_reports to 2024-12-02 00:00:00+00:00, run_after=2024-12-03 00:00:00+00:00
[2024-12-03T22:03:42.159+0000] {processor.py:208} INFO - Processing /opt/airflow/dags/quarterly_performance_reports_dag.py took 2.754 seconds
[2024-12-03T22:04:12.878+0000] {processor.py:186} INFO - Started process (PID=68644) to work on /opt/airflow/dags/quarterly_performance_reports_dag.py
[2024-12-03T22:04:12.882+0000] {processor.py:914} INFO - Processing file /opt/airflow/dags/quarterly_performance_reports_dag.py for tasks to queue
[2024-12-03T22:04:12.888+0000] {logging_mixin.py:190} INFO - [2024-12-03T22:04:12.887+0000] {dagbag.py:588} INFO - Filling up the DagBag from /opt/airflow/dags/quarterly_performance_reports_dag.py
[2024-12-03T22:04:15.528+0000] {processor.py:925} INFO - DAG(s) 'ETL_quarterly_performance_reports' retrieved from /opt/airflow/dags/quarterly_performance_reports_dag.py
[2024-12-03T22:04:15.567+0000] {logging_mixin.py:190} INFO - [2024-12-03T22:04:15.565+0000] {dag.py:3239} INFO - Sync 1 DAGs
[2024-12-03T22:04:15.659+0000] {logging_mixin.py:190} INFO - [2024-12-03T22:04:15.658+0000] {dag.py:4180} INFO - Setting next_dagrun for ETL_quarterly_performance_reports to 2024-12-02 00:00:00+00:00, run_after=2024-12-03 00:00:00+00:00
[2024-12-03T22:04:15.738+0000] {processor.py:208} INFO - Processing /opt/airflow/dags/quarterly_performance_reports_dag.py took 2.913 seconds
[2024-12-03T22:04:46.334+0000] {processor.py:186} INFO - Started process (PID=68673) to work on /opt/airflow/dags/quarterly_performance_reports_dag.py
[2024-12-03T22:04:46.338+0000] {processor.py:914} INFO - Processing file /opt/airflow/dags/quarterly_performance_reports_dag.py for tasks to queue
[2024-12-03T22:04:46.344+0000] {logging_mixin.py:190} INFO - [2024-12-03T22:04:46.343+0000] {dagbag.py:588} INFO - Filling up the DagBag from /opt/airflow/dags/quarterly_performance_reports_dag.py
[2024-12-03T22:04:49.037+0000] {processor.py:925} INFO - DAG(s) 'ETL_quarterly_performance_reports' retrieved from /opt/airflow/dags/quarterly_performance_reports_dag.py
[2024-12-03T22:04:49.477+0000] {logging_mixin.py:190} INFO - [2024-12-03T22:04:49.476+0000] {dag.py:3239} INFO - Sync 1 DAGs
[2024-12-03T22:04:49.558+0000] {logging_mixin.py:190} INFO - [2024-12-03T22:04:49.557+0000] {dag.py:4180} INFO - Setting next_dagrun for ETL_quarterly_performance_reports to 2024-12-02 00:00:00+00:00, run_after=2024-12-03 00:00:00+00:00
[2024-12-03T22:04:49.630+0000] {processor.py:208} INFO - Processing /opt/airflow/dags/quarterly_performance_reports_dag.py took 3.352 seconds
[2024-12-03T22:05:20.049+0000] {processor.py:186} INFO - Started process (PID=68700) to work on /opt/airflow/dags/quarterly_performance_reports_dag.py
[2024-12-03T22:05:20.060+0000] {processor.py:914} INFO - Processing file /opt/airflow/dags/quarterly_performance_reports_dag.py for tasks to queue
[2024-12-03T22:05:20.067+0000] {logging_mixin.py:190} INFO - [2024-12-03T22:05:20.066+0000] {dagbag.py:588} INFO - Filling up the DagBag from /opt/airflow/dags/quarterly_performance_reports_dag.py
[2024-12-03T22:05:22.714+0000] {processor.py:925} INFO - DAG(s) 'ETL_quarterly_performance_reports' retrieved from /opt/airflow/dags/quarterly_performance_reports_dag.py
[2024-12-03T22:05:22.806+0000] {logging_mixin.py:190} INFO - [2024-12-03T22:05:22.804+0000] {dag.py:3239} INFO - Sync 1 DAGs
[2024-12-03T22:05:22.898+0000] {logging_mixin.py:190} INFO - [2024-12-03T22:05:22.897+0000] {dag.py:4180} INFO - Setting next_dagrun for ETL_quarterly_performance_reports to 2024-12-02 00:00:00+00:00, run_after=2024-12-03 00:00:00+00:00
[2024-12-03T22:05:22.971+0000] {processor.py:208} INFO - Processing /opt/airflow/dags/quarterly_performance_reports_dag.py took 2.983 seconds
[2024-12-03T22:05:53.568+0000] {processor.py:186} INFO - Started process (PID=68730) to work on /opt/airflow/dags/quarterly_performance_reports_dag.py
[2024-12-03T22:05:53.572+0000] {processor.py:914} INFO - Processing file /opt/airflow/dags/quarterly_performance_reports_dag.py for tasks to queue
[2024-12-03T22:05:53.582+0000] {logging_mixin.py:190} INFO - [2024-12-03T22:05:53.580+0000] {dagbag.py:588} INFO - Filling up the DagBag from /opt/airflow/dags/quarterly_performance_reports_dag.py
[2024-12-03T22:05:56.291+0000] {processor.py:925} INFO - DAG(s) 'ETL_quarterly_performance_reports' retrieved from /opt/airflow/dags/quarterly_performance_reports_dag.py
[2024-12-03T22:05:56.331+0000] {logging_mixin.py:190} INFO - [2024-12-03T22:05:56.329+0000] {dag.py:3239} INFO - Sync 1 DAGs
[2024-12-03T22:05:56.442+0000] {logging_mixin.py:190} INFO - [2024-12-03T22:05:56.441+0000] {dag.py:4180} INFO - Setting next_dagrun for ETL_quarterly_performance_reports to 2024-12-02 00:00:00+00:00, run_after=2024-12-03 00:00:00+00:00
[2024-12-03T22:05:56.523+0000] {processor.py:208} INFO - Processing /opt/airflow/dags/quarterly_performance_reports_dag.py took 3.018 seconds
[2024-12-03T22:06:27.539+0000] {processor.py:186} INFO - Started process (PID=68760) to work on /opt/airflow/dags/quarterly_performance_reports_dag.py
[2024-12-03T22:06:27.543+0000] {processor.py:914} INFO - Processing file /opt/airflow/dags/quarterly_performance_reports_dag.py for tasks to queue
[2024-12-03T22:06:27.550+0000] {logging_mixin.py:190} INFO - [2024-12-03T22:06:27.549+0000] {dagbag.py:588} INFO - Filling up the DagBag from /opt/airflow/dags/quarterly_performance_reports_dag.py
[2024-12-03T22:06:30.079+0000] {processor.py:925} INFO - DAG(s) 'ETL_quarterly_performance_reports' retrieved from /opt/airflow/dags/quarterly_performance_reports_dag.py
[2024-12-03T22:06:30.536+0000] {logging_mixin.py:190} INFO - [2024-12-03T22:06:30.534+0000] {dag.py:3239} INFO - Sync 1 DAGs
[2024-12-03T22:06:30.613+0000] {logging_mixin.py:190} INFO - [2024-12-03T22:06:30.612+0000] {dag.py:4180} INFO - Setting next_dagrun for ETL_quarterly_performance_reports to 2024-12-02 00:00:00+00:00, run_after=2024-12-03 00:00:00+00:00
[2024-12-03T22:06:30.689+0000] {processor.py:208} INFO - Processing /opt/airflow/dags/quarterly_performance_reports_dag.py took 3.202 seconds
[2024-12-03T22:07:00.914+0000] {processor.py:186} INFO - Started process (PID=68788) to work on /opt/airflow/dags/quarterly_performance_reports_dag.py
[2024-12-03T22:07:00.918+0000] {processor.py:914} INFO - Processing file /opt/airflow/dags/quarterly_performance_reports_dag.py for tasks to queue
[2024-12-03T22:07:00.924+0000] {logging_mixin.py:190} INFO - [2024-12-03T22:07:00.923+0000] {dagbag.py:588} INFO - Filling up the DagBag from /opt/airflow/dags/quarterly_performance_reports_dag.py
[2024-12-03T22:07:03.631+0000] {processor.py:925} INFO - DAG(s) 'ETL_quarterly_performance_reports' retrieved from /opt/airflow/dags/quarterly_performance_reports_dag.py
[2024-12-03T22:07:03.669+0000] {logging_mixin.py:190} INFO - [2024-12-03T22:07:03.667+0000] {dag.py:3239} INFO - Sync 1 DAGs
[2024-12-03T22:07:03.752+0000] {logging_mixin.py:190} INFO - [2024-12-03T22:07:03.751+0000] {dag.py:4180} INFO - Setting next_dagrun for ETL_quarterly_performance_reports to 2024-12-02 00:00:00+00:00, run_after=2024-12-03 00:00:00+00:00
[2024-12-03T22:07:03.821+0000] {processor.py:208} INFO - Processing /opt/airflow/dags/quarterly_performance_reports_dag.py took 2.959 seconds
[2024-12-03T22:07:35.891+0000] {processor.py:186} INFO - Started process (PID=68818) to work on /opt/airflow/dags/quarterly_performance_reports_dag.py
[2024-12-03T22:07:35.896+0000] {processor.py:914} INFO - Processing file /opt/airflow/dags/quarterly_performance_reports_dag.py for tasks to queue
[2024-12-03T22:07:35.903+0000] {logging_mixin.py:190} INFO - [2024-12-03T22:07:35.901+0000] {dagbag.py:588} INFO - Filling up the DagBag from /opt/airflow/dags/quarterly_performance_reports_dag.py
[2024-12-03T22:07:38.839+0000] {processor.py:925} INFO - DAG(s) 'ETL_quarterly_performance_reports' retrieved from /opt/airflow/dags/quarterly_performance_reports_dag.py
[2024-12-03T22:07:39.306+0000] {logging_mixin.py:190} INFO - [2024-12-03T22:07:39.305+0000] {dag.py:3239} INFO - Sync 1 DAGs
[2024-12-03T22:07:39.398+0000] {logging_mixin.py:190} INFO - [2024-12-03T22:07:39.397+0000] {dag.py:4180} INFO - Setting next_dagrun for ETL_quarterly_performance_reports to 2024-12-02 00:00:00+00:00, run_after=2024-12-03 00:00:00+00:00
[2024-12-03T22:07:39.482+0000] {processor.py:208} INFO - Processing /opt/airflow/dags/quarterly_performance_reports_dag.py took 3.640 seconds
[2024-12-03T22:08:10.509+0000] {processor.py:186} INFO - Started process (PID=68854) to work on /opt/airflow/dags/quarterly_performance_reports_dag.py
[2024-12-03T22:08:10.513+0000] {processor.py:914} INFO - Processing file /opt/airflow/dags/quarterly_performance_reports_dag.py for tasks to queue
[2024-12-03T22:08:10.521+0000] {logging_mixin.py:190} INFO - [2024-12-03T22:08:10.519+0000] {dagbag.py:588} INFO - Filling up the DagBag from /opt/airflow/dags/quarterly_performance_reports_dag.py
[2024-12-03T22:08:13.112+0000] {processor.py:925} INFO - DAG(s) 'ETL_quarterly_performance_reports' retrieved from /opt/airflow/dags/quarterly_performance_reports_dag.py
[2024-12-03T22:08:13.213+0000] {logging_mixin.py:190} INFO - [2024-12-03T22:08:13.212+0000] {dag.py:3239} INFO - Sync 1 DAGs
[2024-12-03T22:08:13.305+0000] {logging_mixin.py:190} INFO - [2024-12-03T22:08:13.303+0000] {dag.py:4180} INFO - Setting next_dagrun for ETL_quarterly_performance_reports to 2024-12-02 00:00:00+00:00, run_after=2024-12-03 00:00:00+00:00
[2024-12-03T22:08:13.386+0000] {processor.py:208} INFO - Processing /opt/airflow/dags/quarterly_performance_reports_dag.py took 2.930 seconds
[2024-12-03T22:08:44.110+0000] {processor.py:186} INFO - Started process (PID=68880) to work on /opt/airflow/dags/quarterly_performance_reports_dag.py
[2024-12-03T22:08:44.115+0000] {processor.py:914} INFO - Processing file /opt/airflow/dags/quarterly_performance_reports_dag.py for tasks to queue
[2024-12-03T22:08:44.123+0000] {logging_mixin.py:190} INFO - [2024-12-03T22:08:44.121+0000] {dagbag.py:588} INFO - Filling up the DagBag from /opt/airflow/dags/quarterly_performance_reports_dag.py
[2024-12-03T22:08:47.096+0000] {processor.py:925} INFO - DAG(s) 'ETL_quarterly_performance_reports' retrieved from /opt/airflow/dags/quarterly_performance_reports_dag.py
[2024-12-03T22:08:47.569+0000] {logging_mixin.py:190} INFO - [2024-12-03T22:08:47.567+0000] {dag.py:3239} INFO - Sync 1 DAGs
[2024-12-03T22:08:47.656+0000] {logging_mixin.py:190} INFO - [2024-12-03T22:08:47.655+0000] {dag.py:4180} INFO - Setting next_dagrun for ETL_quarterly_performance_reports to 2024-12-02 00:00:00+00:00, run_after=2024-12-03 00:00:00+00:00
[2024-12-03T22:08:47.739+0000] {processor.py:208} INFO - Processing /opt/airflow/dags/quarterly_performance_reports_dag.py took 3.684 seconds
[2024-12-03T22:09:18.104+0000] {processor.py:186} INFO - Started process (PID=68910) to work on /opt/airflow/dags/quarterly_performance_reports_dag.py
[2024-12-03T22:09:18.108+0000] {processor.py:914} INFO - Processing file /opt/airflow/dags/quarterly_performance_reports_dag.py for tasks to queue
[2024-12-03T22:09:18.114+0000] {logging_mixin.py:190} INFO - [2024-12-03T22:09:18.112+0000] {dagbag.py:588} INFO - Filling up the DagBag from /opt/airflow/dags/quarterly_performance_reports_dag.py
[2024-12-03T22:09:20.879+0000] {processor.py:925} INFO - DAG(s) 'ETL_quarterly_performance_reports' retrieved from /opt/airflow/dags/quarterly_performance_reports_dag.py
[2024-12-03T22:09:20.987+0000] {logging_mixin.py:190} INFO - [2024-12-03T22:09:20.985+0000] {dag.py:3239} INFO - Sync 1 DAGs
[2024-12-03T22:09:21.092+0000] {logging_mixin.py:190} INFO - [2024-12-03T22:09:21.091+0000] {dag.py:4180} INFO - Setting next_dagrun for ETL_quarterly_performance_reports to 2024-12-02 00:00:00+00:00, run_after=2024-12-03 00:00:00+00:00
[2024-12-03T22:09:21.177+0000] {processor.py:208} INFO - Processing /opt/airflow/dags/quarterly_performance_reports_dag.py took 3.126 seconds
[2024-12-03T22:09:51.502+0000] {processor.py:186} INFO - Started process (PID=68940) to work on /opt/airflow/dags/quarterly_performance_reports_dag.py
[2024-12-03T22:09:51.506+0000] {processor.py:914} INFO - Processing file /opt/airflow/dags/quarterly_performance_reports_dag.py for tasks to queue
[2024-12-03T22:09:51.512+0000] {logging_mixin.py:190} INFO - [2024-12-03T22:09:51.511+0000] {dagbag.py:588} INFO - Filling up the DagBag from /opt/airflow/dags/quarterly_performance_reports_dag.py
[2024-12-03T22:09:54.213+0000] {processor.py:925} INFO - DAG(s) 'ETL_quarterly_performance_reports' retrieved from /opt/airflow/dags/quarterly_performance_reports_dag.py
[2024-12-03T22:09:54.260+0000] {logging_mixin.py:190} INFO - [2024-12-03T22:09:54.258+0000] {dag.py:3239} INFO - Sync 1 DAGs
[2024-12-03T22:09:54.372+0000] {logging_mixin.py:190} INFO - [2024-12-03T22:09:54.371+0000] {dag.py:4180} INFO - Setting next_dagrun for ETL_quarterly_performance_reports to 2024-12-02 00:00:00+00:00, run_after=2024-12-03 00:00:00+00:00
[2024-12-03T22:09:54.458+0000] {processor.py:208} INFO - Processing /opt/airflow/dags/quarterly_performance_reports_dag.py took 3.010 seconds
[2024-12-03T22:10:25.571+0000] {processor.py:186} INFO - Started process (PID=68970) to work on /opt/airflow/dags/quarterly_performance_reports_dag.py
[2024-12-03T22:10:25.577+0000] {processor.py:914} INFO - Processing file /opt/airflow/dags/quarterly_performance_reports_dag.py for tasks to queue
[2024-12-03T22:10:25.585+0000] {logging_mixin.py:190} INFO - [2024-12-03T22:10:25.583+0000] {dagbag.py:588} INFO - Filling up the DagBag from /opt/airflow/dags/quarterly_performance_reports_dag.py
[2024-12-03T22:10:28.803+0000] {processor.py:925} INFO - DAG(s) 'ETL_quarterly_performance_reports' retrieved from /opt/airflow/dags/quarterly_performance_reports_dag.py
[2024-12-03T22:10:29.337+0000] {logging_mixin.py:190} INFO - [2024-12-03T22:10:29.335+0000] {dag.py:3239} INFO - Sync 1 DAGs
[2024-12-03T22:10:29.414+0000] {logging_mixin.py:190} INFO - [2024-12-03T22:10:29.414+0000] {dag.py:4180} INFO - Setting next_dagrun for ETL_quarterly_performance_reports to 2024-12-02 00:00:00+00:00, run_after=2024-12-03 00:00:00+00:00
[2024-12-03T22:10:29.490+0000] {processor.py:208} INFO - Processing /opt/airflow/dags/quarterly_performance_reports_dag.py took 3.985 seconds
[2024-12-03T22:10:59.805+0000] {processor.py:186} INFO - Started process (PID=69001) to work on /opt/airflow/dags/quarterly_performance_reports_dag.py
[2024-12-03T22:10:59.809+0000] {processor.py:914} INFO - Processing file /opt/airflow/dags/quarterly_performance_reports_dag.py for tasks to queue
[2024-12-03T22:10:59.815+0000] {logging_mixin.py:190} INFO - [2024-12-03T22:10:59.814+0000] {dagbag.py:588} INFO - Filling up the DagBag from /opt/airflow/dags/quarterly_performance_reports_dag.py
[2024-12-03T22:11:03.132+0000] {processor.py:925} INFO - DAG(s) 'ETL_quarterly_performance_reports' retrieved from /opt/airflow/dags/quarterly_performance_reports_dag.py
[2024-12-03T22:11:03.228+0000] {logging_mixin.py:190} INFO - [2024-12-03T22:11:03.226+0000] {dag.py:3239} INFO - Sync 1 DAGs
[2024-12-03T22:11:03.318+0000] {logging_mixin.py:190} INFO - [2024-12-03T22:11:03.317+0000] {dag.py:4180} INFO - Setting next_dagrun for ETL_quarterly_performance_reports to 2024-12-02 00:00:00+00:00, run_after=2024-12-03 00:00:00+00:00
[2024-12-03T22:11:03.398+0000] {processor.py:208} INFO - Processing /opt/airflow/dags/quarterly_performance_reports_dag.py took 3.644 seconds
[2024-12-03T22:11:34.039+0000] {processor.py:186} INFO - Started process (PID=69031) to work on /opt/airflow/dags/quarterly_performance_reports_dag.py
[2024-12-03T22:11:34.044+0000] {processor.py:914} INFO - Processing file /opt/airflow/dags/quarterly_performance_reports_dag.py for tasks to queue
[2024-12-03T22:11:34.054+0000] {logging_mixin.py:190} INFO - [2024-12-03T22:11:34.052+0000] {dagbag.py:588} INFO - Filling up the DagBag from /opt/airflow/dags/quarterly_performance_reports_dag.py
[2024-12-03T22:11:36.855+0000] {processor.py:925} INFO - DAG(s) 'ETL_quarterly_performance_reports' retrieved from /opt/airflow/dags/quarterly_performance_reports_dag.py
[2024-12-03T22:11:36.891+0000] {logging_mixin.py:190} INFO - [2024-12-03T22:11:36.889+0000] {dag.py:3239} INFO - Sync 1 DAGs
[2024-12-03T22:11:36.977+0000] {logging_mixin.py:190} INFO - [2024-12-03T22:11:36.976+0000] {dag.py:4180} INFO - Setting next_dagrun for ETL_quarterly_performance_reports to 2024-12-02 00:00:00+00:00, run_after=2024-12-03 00:00:00+00:00
[2024-12-03T22:11:37.045+0000] {processor.py:208} INFO - Processing /opt/airflow/dags/quarterly_performance_reports_dag.py took 3.087 seconds
