[2024-11-25T07:07:28.711+0000] {local_task_job_runner.py:123} INFO - ::group::Pre task execution logs
[2024-11-25T07:07:28.739+0000] {taskinstance.py:2613} INFO - Dependencies all met for dep_context=non-requeueable deps ti=<TaskInstance: ETL_history_reports.fetch_history_reports_task manual__2024-11-25T07:07:26.371416+00:00 [queued]>
[2024-11-25T07:07:28.755+0000] {taskinstance.py:2613} INFO - Dependencies all met for dep_context=requeueable deps ti=<TaskInstance: ETL_history_reports.fetch_history_reports_task manual__2024-11-25T07:07:26.371416+00:00 [queued]>
[2024-11-25T07:07:28.756+0000] {taskinstance.py:2866} INFO - Starting attempt 1 of 1
[2024-11-25T07:07:28.779+0000] {taskinstance.py:2889} INFO - Executing <Task(PythonOperator): fetch_history_reports_task> on 2024-11-25 07:07:26.371416+00:00
[2024-11-25T07:07:28.794+0000] {logging_mixin.py:190} WARNING - /home/***/.local/lib/python3.12/site-packages/***/task/task_runner/standard_task_runner.py:70 DeprecationWarning: This process (pid=479) is multi-threaded, use of fork() may lead to deadlocks in the child.
[2024-11-25T07:07:28.792+0000] {standard_task_runner.py:104} INFO - Running: ['***', 'tasks', 'run', 'ETL_history_reports', 'fetch_history_reports_task', 'manual__2024-11-25T07:07:26.371416+00:00', '--job-id', '261', '--raw', '--subdir', 'DAGS_FOLDER/project_dag.py', '--cfg-path', '/tmp/tmpvfwekbt0']
[2024-11-25T07:07:28.796+0000] {standard_task_runner.py:72} INFO - Started process 481 to run task
[2024-11-25T07:07:28.796+0000] {standard_task_runner.py:105} INFO - Job 261: Subtask fetch_history_reports_task
[2024-11-25T07:07:28.874+0000] {task_command.py:467} INFO - Running <TaskInstance: ETL_history_reports.fetch_history_reports_task manual__2024-11-25T07:07:26.371416+00:00 [running]> on host 6a246d8d590f
[2024-11-25T07:07:29.269+0000] {taskinstance.py:3132} INFO - Exporting env vars: AIRFLOW_CTX_DAG_OWNER='***' AIRFLOW_CTX_DAG_ID='ETL_history_reports' AIRFLOW_CTX_TASK_ID='fetch_history_reports_task' AIRFLOW_CTX_EXECUTION_DATE='2024-11-25T07:07:26.371416+00:00' AIRFLOW_CTX_TRY_NUMBER='1' AIRFLOW_CTX_DAG_RUN_ID='manual__2024-11-25T07:07:26.371416+00:00'
[2024-11-25T07:07:29.272+0000] {taskinstance.py:731} INFO - ::endgroup::
[2024-11-25T07:07:30.270+0000] {logging_mixin.py:190} INFO - File CDBG_DR_Grant_History_11_1_2024.pdf already exists in S3. Skipping upload.
[2024-11-25T07:07:30.354+0000] {logging_mixin.py:190} INFO - File CDBG_DR_Grant_History_10_1_2024.pdf already exists in S3. Skipping upload.
[2024-11-25T07:07:30.445+0000] {logging_mixin.py:190} INFO - File CDBG_DR_Grant_History_9_1_2024.pdf already exists in S3. Skipping upload.
[2024-11-25T07:07:30.522+0000] {logging_mixin.py:190} INFO - File CDBG_DR_Grant_History_8_1_2024.pdf already exists in S3. Skipping upload.
[2024-11-25T07:07:30.600+0000] {logging_mixin.py:190} INFO - File CDBG_DR_Grant_History_7_1_2024.pdf already exists in S3. Skipping upload.
[2024-11-25T07:07:30.672+0000] {logging_mixin.py:190} INFO - File CDBG_DR_Grant_History_6_1_2024.pdf already exists in S3. Skipping upload.
[2024-11-25T07:07:30.746+0000] {logging_mixin.py:190} INFO - File CDBG_DR_Grant_History_5_1_2024.pdf already exists in S3. Skipping upload.
[2024-11-25T07:07:30.826+0000] {logging_mixin.py:190} INFO - File CDBG_DR_Grant_History-4-1-2024.pdf already exists in S3. Skipping upload.
[2024-11-25T07:07:30.899+0000] {logging_mixin.py:190} INFO - File CDBG-DR-Grant-History-2024-03.pdf already exists in S3. Skipping upload.
[2024-11-25T07:07:31.019+0000] {logging_mixin.py:190} INFO - File CDBG-DR-Grant-History-2024-02.pdf already exists in S3. Skipping upload.
[2024-11-25T07:07:31.115+0000] {logging_mixin.py:190} INFO - File CDBG-DR-Grant-History-2024-01.pdf already exists in S3. Skipping upload.
[2024-11-25T07:07:31.191+0000] {logging_mixin.py:190} INFO - File CDBG-DR-Grant-History-2023-12.pdf already exists in S3. Skipping upload.
[2024-11-25T07:07:31.267+0000] {logging_mixin.py:190} INFO - File CDBG_DR_Grant_History-11-1-2023.pdf already exists in S3. Skipping upload.
[2024-11-25T07:07:31.349+0000] {logging_mixin.py:190} INFO - File CDBG-DR-Grant-History-2023-10.pdf already exists in S3. Skipping upload.
[2024-11-25T07:07:31.423+0000] {logging_mixin.py:190} INFO - File CDBG-DR-Grant-History-2023-04.pdf already exists in S3. Skipping upload.
[2024-11-25T07:07:31.504+0000] {logging_mixin.py:190} INFO - File CDBG-DR-Grant-History-2023-01.pdf already exists in S3. Skipping upload.
[2024-11-25T07:07:31.584+0000] {logging_mixin.py:190} INFO - File CDBG-DR-Grant-History-2022-10.pdf already exists in S3. Skipping upload.
[2024-11-25T07:07:31.659+0000] {logging_mixin.py:190} INFO - File CDBG-DR-Grant-History-2022-07.pdf already exists in S3. Skipping upload.
[2024-11-25T07:07:31.731+0000] {logging_mixin.py:190} INFO - File CDBG-DR-Grant-History-2022-04.pdf already exists in S3. Skipping upload.
[2024-11-25T07:07:31.811+0000] {logging_mixin.py:190} INFO - File CDBG-DR-Grant-History-2022-01.pdf already exists in S3. Skipping upload.
[2024-11-25T07:07:31.892+0000] {logging_mixin.py:190} INFO - File CDBG-DR-Grant-History-2021-10.pdf already exists in S3. Skipping upload.
[2024-11-25T07:07:31.895+0000] {python.py:240} INFO - Done. Returned value was: None
[2024-11-25T07:07:31.908+0000] {taskinstance.py:340} INFO - ::group::Post task execution logs
[2024-11-25T07:07:31.908+0000] {taskinstance.py:352} INFO - Marking task as SUCCESS. dag_id=ETL_history_reports, task_id=fetch_history_reports_task, run_id=manual__2024-11-25T07:07:26.371416+00:00, execution_date=20241125T070726, start_date=20241125T070728, end_date=20241125T070731
[2024-11-25T07:07:31.945+0000] {local_task_job_runner.py:266} INFO - Task exited with return code 0
[2024-11-25T07:07:31.970+0000] {taskinstance.py:3895} INFO - 1 downstream tasks scheduled from follow-on schedule check
[2024-11-25T07:07:31.972+0000] {local_task_job_runner.py:245} INFO - ::endgroup::
