[2024-12-02T17:53:46.520+0000] {local_task_job_runner.py:123} INFO - ::group::Pre task execution logs
[2024-12-02T17:53:46.542+0000] {taskinstance.py:2613} INFO - Dependencies all met for dep_context=non-requeueable deps ti=<TaskInstance: ETL_history_reports.fetch_history_reports_task manual__2024-12-02T17:53:40.186835+00:00 [queued]>
[2024-12-02T17:53:46.554+0000] {taskinstance.py:2613} INFO - Dependencies all met for dep_context=requeueable deps ti=<TaskInstance: ETL_history_reports.fetch_history_reports_task manual__2024-12-02T17:53:40.186835+00:00 [queued]>
[2024-12-02T17:53:46.555+0000] {taskinstance.py:2866} INFO - Starting attempt 1 of 1
[2024-12-02T17:53:46.575+0000] {taskinstance.py:2889} INFO - Executing <Task(PythonOperator): fetch_history_reports_task> on 2024-12-02 17:53:40.186835+00:00
[2024-12-02T17:53:46.596+0000] {standard_task_runner.py:104} INFO - Running: ['***', 'tasks', 'run', 'ETL_history_reports', 'fetch_history_reports_task', 'manual__2024-12-02T17:53:40.186835+00:00', '--job-id', '475', '--raw', '--subdir', 'DAGS_FOLDER/financial_reports_dag.py', '--cfg-path', '/tmp/tmprveii1m2']
[2024-12-02T17:53:46.599+0000] {logging_mixin.py:190} WARNING - /home/***/.local/lib/python3.12/site-packages/***/task/task_runner/standard_task_runner.py:70 DeprecationWarning: This process (pid=61490) is multi-threaded, use of fork() may lead to deadlocks in the child.
[2024-12-02T17:53:46.601+0000] {standard_task_runner.py:105} INFO - Job 475: Subtask fetch_history_reports_task
[2024-12-02T17:53:46.602+0000] {standard_task_runner.py:72} INFO - Started process 61500 to run task
[2024-12-02T17:53:46.671+0000] {task_command.py:467} INFO - Running <TaskInstance: ETL_history_reports.fetch_history_reports_task manual__2024-12-02T17:53:40.186835+00:00 [running]> on host 6a246d8d590f
[2024-12-02T17:53:47.195+0000] {taskinstance.py:3132} INFO - Exporting env vars: AIRFLOW_CTX_DAG_OWNER='***' AIRFLOW_CTX_DAG_ID='ETL_history_reports' AIRFLOW_CTX_TASK_ID='fetch_history_reports_task' AIRFLOW_CTX_EXECUTION_DATE='2024-12-02T17:53:40.186835+00:00' AIRFLOW_CTX_TRY_NUMBER='1' AIRFLOW_CTX_DAG_RUN_ID='manual__2024-12-02T17:53:40.186835+00:00'
[2024-12-02T17:53:47.197+0000] {taskinstance.py:731} INFO - ::endgroup::
[2024-12-02T17:53:48.251+0000] {logging_mixin.py:190} INFO - File CDBG_DR_Grant_History_11_1_2024.pdf already exists in S3. Skipping upload.
[2024-12-02T17:53:48.339+0000] {logging_mixin.py:190} INFO - File CDBG_DR_Grant_History_10_1_2024.pdf already exists in S3. Skipping upload.
[2024-12-02T17:53:48.424+0000] {logging_mixin.py:190} INFO - File CDBG_DR_Grant_History_9_1_2024.pdf already exists in S3. Skipping upload.
[2024-12-02T17:53:48.507+0000] {logging_mixin.py:190} INFO - File CDBG_DR_Grant_History_8_1_2024.pdf already exists in S3. Skipping upload.
[2024-12-02T17:53:48.599+0000] {logging_mixin.py:190} INFO - File CDBG_DR_Grant_History_7_1_2024.pdf already exists in S3. Skipping upload.
[2024-12-02T17:53:48.691+0000] {logging_mixin.py:190} INFO - File CDBG_DR_Grant_History_6_1_2024.pdf already exists in S3. Skipping upload.
[2024-12-02T17:53:48.779+0000] {logging_mixin.py:190} INFO - File CDBG_DR_Grant_History_5_1_2024.pdf already exists in S3. Skipping upload.
[2024-12-02T17:53:48.866+0000] {logging_mixin.py:190} INFO - File CDBG_DR_Grant_History-4-1-2024.pdf already exists in S3. Skipping upload.
[2024-12-02T17:53:48.953+0000] {logging_mixin.py:190} INFO - File CDBG-DR-Grant-History-2024-03.pdf already exists in S3. Skipping upload.
[2024-12-02T17:53:49.036+0000] {logging_mixin.py:190} INFO - File CDBG-DR-Grant-History-2024-02.pdf already exists in S3. Skipping upload.
[2024-12-02T17:53:49.116+0000] {logging_mixin.py:190} INFO - File CDBG-DR-Grant-History-2024-01.pdf already exists in S3. Skipping upload.
[2024-12-02T17:53:49.195+0000] {logging_mixin.py:190} INFO - File CDBG-DR-Grant-History-2023-12.pdf already exists in S3. Skipping upload.
[2024-12-02T17:53:49.285+0000] {logging_mixin.py:190} INFO - File CDBG_DR_Grant_History-11-1-2023.pdf already exists in S3. Skipping upload.
[2024-12-02T17:53:49.369+0000] {logging_mixin.py:190} INFO - File CDBG-DR-Grant-History-2023-10.pdf already exists in S3. Skipping upload.
[2024-12-02T17:53:49.453+0000] {logging_mixin.py:190} INFO - File CDBG-DR-Grant-History-2023-04.pdf already exists in S3. Skipping upload.
[2024-12-02T17:53:49.532+0000] {logging_mixin.py:190} INFO - File CDBG-DR-Grant-History-2023-01.pdf already exists in S3. Skipping upload.
[2024-12-02T17:53:49.614+0000] {logging_mixin.py:190} INFO - File CDBG-DR-Grant-History-2022-10.pdf already exists in S3. Skipping upload.
[2024-12-02T17:53:49.699+0000] {logging_mixin.py:190} INFO - File CDBG-DR-Grant-History-2022-07.pdf already exists in S3. Skipping upload.
[2024-12-02T17:53:49.782+0000] {logging_mixin.py:190} INFO - File CDBG-DR-Grant-History-2022-04.pdf already exists in S3. Skipping upload.
[2024-12-02T17:53:49.869+0000] {logging_mixin.py:190} INFO - File CDBG-DR-Grant-History-2022-01.pdf already exists in S3. Skipping upload.
[2024-12-02T17:53:49.955+0000] {logging_mixin.py:190} INFO - File CDBG-DR-Grant-History-2021-10.pdf already exists in S3. Skipping upload.
[2024-12-02T17:53:49.959+0000] {python.py:240} INFO - Done. Returned value was: None
[2024-12-02T17:53:49.978+0000] {taskinstance.py:340} INFO - ::group::Post task execution logs
[2024-12-02T17:53:49.979+0000] {taskinstance.py:352} INFO - Marking task as SUCCESS. dag_id=ETL_history_reports, task_id=fetch_history_reports_task, run_id=manual__2024-12-02T17:53:40.186835+00:00, execution_date=20241202T175340, start_date=20241202T175346, end_date=20241202T175349
[2024-12-02T17:53:50.037+0000] {local_task_job_runner.py:266} INFO - Task exited with return code 0
[2024-12-02T17:53:50.083+0000] {taskinstance.py:3895} INFO - 1 downstream tasks scheduled from follow-on schedule check
[2024-12-02T17:53:50.086+0000] {local_task_job_runner.py:245} INFO - ::endgroup::
