[2024-11-27T19:53:28.803+0000] {local_task_job_runner.py:123} INFO - ::group::Pre task execution logs
[2024-11-27T19:53:28.824+0000] {taskinstance.py:2613} INFO - Dependencies all met for dep_context=non-requeueable deps ti=<TaskInstance: ETL_quarterly_performance_reports.process_performance_reports_task manual__2024-11-27T19:53:25.680258+00:00 [queued]>
[2024-11-27T19:53:28.836+0000] {taskinstance.py:2613} INFO - Dependencies all met for dep_context=requeueable deps ti=<TaskInstance: ETL_quarterly_performance_reports.process_performance_reports_task manual__2024-11-27T19:53:25.680258+00:00 [queued]>
[2024-11-27T19:53:28.837+0000] {taskinstance.py:2866} INFO - Starting attempt 1 of 1
[2024-11-27T19:53:28.854+0000] {taskinstance.py:2889} INFO - Executing <Task(PythonOperator): process_performance_reports_task> on 2024-11-27 19:53:25.680258+00:00
[2024-11-27T19:53:28.865+0000] {logging_mixin.py:190} WARNING - /home/***/.local/lib/python3.12/site-packages/***/task/task_runner/standard_task_runner.py:70 DeprecationWarning: This process (pid=26558) is multi-threaded, use of fork() may lead to deadlocks in the child.
[2024-11-27T19:53:28.864+0000] {standard_task_runner.py:104} INFO - Running: ['***', 'tasks', 'run', 'ETL_quarterly_performance_reports', 'process_performance_reports_task', 'manual__2024-11-27T19:53:25.680258+00:00', '--job-id', '429', '--raw', '--subdir', 'DAGS_FOLDER/project_dag.py', '--cfg-path', '/tmp/tmpochafexj']
[2024-11-27T19:53:28.867+0000] {standard_task_runner.py:72} INFO - Started process 26560 to run task
[2024-11-27T19:53:28.868+0000] {standard_task_runner.py:105} INFO - Job 429: Subtask process_performance_reports_task
[2024-11-27T19:53:28.924+0000] {task_command.py:467} INFO - Running <TaskInstance: ETL_quarterly_performance_reports.process_performance_reports_task manual__2024-11-27T19:53:25.680258+00:00 [running]> on host 6a246d8d590f
[2024-11-27T19:53:29.286+0000] {taskinstance.py:3132} INFO - Exporting env vars: AIRFLOW_CTX_DAG_OWNER='***' AIRFLOW_CTX_DAG_ID='ETL_quarterly_performance_reports' AIRFLOW_CTX_TASK_ID='process_performance_reports_task' AIRFLOW_CTX_EXECUTION_DATE='2024-11-27T19:53:25.680258+00:00' AIRFLOW_CTX_TRY_NUMBER='1' AIRFLOW_CTX_DAG_RUN_ID='manual__2024-11-27T19:53:25.680258+00:00'
[2024-11-27T19:53:29.288+0000] {taskinstance.py:731} INFO - ::endgroup::
[2024-11-27T19:53:30.352+0000] {logging_mixin.py:190} INFO - Processing file: source-4.pdf
[2024-11-27T19:54:06.180+0000] {logging_mixin.py:190} WARNING - /opt/***/dags/data_processing/quarterly_performance_reports_processing_script.py:121 FutureWarning: Series.__getitem__ treating keys as positions is deprecated. In a future version, integer keys will always be treated as labels (consistent with DataFrame behavior). To access a value by position, use `ser.iloc[pos]`
[2024-11-27T19:54:06.182+0000] {logging_mixin.py:190} WARNING - /opt/***/dags/data_processing/quarterly_performance_reports_processing_script.py:122 FutureWarning: Series.__getitem__ treating keys as positions is deprecated. In a future version, integer keys will always be treated as labels (consistent with DataFrame behavior). To access a value by position, use `ser.iloc[pos]`
[2024-11-27T19:54:06.189+0000] {logging_mixin.py:190} WARNING - /opt/***/dags/data_processing/quarterly_performance_reports_processing_script.py:123 FutureWarning: Series.__getitem__ treating keys as positions is deprecated. In a future version, integer keys will always be treated as labels (consistent with DataFrame behavior). To access a value by position, use `ser.iloc[pos]`
[2024-11-27T19:54:10.869+0000] {logging_mixin.py:190} INFO - Processing file: source-5_page-11.pdf
[2024-11-27T19:54:31.590+0000] {logging_mixin.py:190} WARNING - /opt/***/dags/data_processing/quarterly_performance_reports_processing_script.py:121 FutureWarning: Series.__getitem__ treating keys as positions is deprecated. In a future version, integer keys will always be treated as labels (consistent with DataFrame behavior). To access a value by position, use `ser.iloc[pos]`
[2024-11-27T19:54:31.592+0000] {logging_mixin.py:190} WARNING - /opt/***/dags/data_processing/quarterly_performance_reports_processing_script.py:122 FutureWarning: Series.__getitem__ treating keys as positions is deprecated. In a future version, integer keys will always be treated as labels (consistent with DataFrame behavior). To access a value by position, use `ser.iloc[pos]`
[2024-11-27T19:54:31.594+0000] {logging_mixin.py:190} WARNING - /opt/***/dags/data_processing/quarterly_performance_reports_processing_script.py:123 FutureWarning: Series.__getitem__ treating keys as positions is deprecated. In a future version, integer keys will always be treated as labels (consistent with DataFrame behavior). To access a value by position, use `ser.iloc[pos]`
[2024-11-27T19:54:36.196+0000] {logging_mixin.py:190} INFO - Processing file: source-5_page-13.pdf
[2024-11-27T19:54:57.029+0000] {logging_mixin.py:190} WARNING - /opt/***/dags/data_processing/quarterly_performance_reports_processing_script.py:121 FutureWarning: Series.__getitem__ treating keys as positions is deprecated. In a future version, integer keys will always be treated as labels (consistent with DataFrame behavior). To access a value by position, use `ser.iloc[pos]`
[2024-11-27T19:54:57.031+0000] {logging_mixin.py:190} WARNING - /opt/***/dags/data_processing/quarterly_performance_reports_processing_script.py:122 FutureWarning: Series.__getitem__ treating keys as positions is deprecated. In a future version, integer keys will always be treated as labels (consistent with DataFrame behavior). To access a value by position, use `ser.iloc[pos]`
[2024-11-27T19:54:57.034+0000] {logging_mixin.py:190} WARNING - /opt/***/dags/data_processing/quarterly_performance_reports_processing_script.py:123 FutureWarning: Series.__getitem__ treating keys as positions is deprecated. In a future version, integer keys will always be treated as labels (consistent with DataFrame behavior). To access a value by position, use `ser.iloc[pos]`
[2024-11-27T19:55:01.352+0000] {logging_mixin.py:190} INFO - Processing file: source-5_page-21.pdf
[2024-11-27T19:55:06.811+0000] {logging_mixin.py:190} WARNING - /opt/***/dags/data_processing/quarterly_performance_reports_processing_script.py:121 FutureWarning: Series.__getitem__ treating keys as positions is deprecated. In a future version, integer keys will always be treated as labels (consistent with DataFrame behavior). To access a value by position, use `ser.iloc[pos]`
[2024-11-27T19:55:06.813+0000] {logging_mixin.py:190} WARNING - /opt/***/dags/data_processing/quarterly_performance_reports_processing_script.py:122 FutureWarning: Series.__getitem__ treating keys as positions is deprecated. In a future version, integer keys will always be treated as labels (consistent with DataFrame behavior). To access a value by position, use `ser.iloc[pos]`
[2024-11-27T19:55:06.815+0000] {logging_mixin.py:190} WARNING - /opt/***/dags/data_processing/quarterly_performance_reports_processing_script.py:123 FutureWarning: Series.__getitem__ treating keys as positions is deprecated. In a future version, integer keys will always be treated as labels (consistent with DataFrame behavior). To access a value by position, use `ser.iloc[pos]`
[2024-11-27T19:55:10.966+0000] {logging_mixin.py:190} INFO - Processing file: source-5_page-23.pdf
[2024-11-27T19:55:51.888+0000] {logging_mixin.py:190} WARNING - /opt/***/dags/data_processing/quarterly_performance_reports_processing_script.py:121 FutureWarning: Series.__getitem__ treating keys as positions is deprecated. In a future version, integer keys will always be treated as labels (consistent with DataFrame behavior). To access a value by position, use `ser.iloc[pos]`
[2024-11-27T19:55:51.890+0000] {logging_mixin.py:190} WARNING - /opt/***/dags/data_processing/quarterly_performance_reports_processing_script.py:122 FutureWarning: Series.__getitem__ treating keys as positions is deprecated. In a future version, integer keys will always be treated as labels (consistent with DataFrame behavior). To access a value by position, use `ser.iloc[pos]`
[2024-11-27T19:55:51.892+0000] {logging_mixin.py:190} WARNING - /opt/***/dags/data_processing/quarterly_performance_reports_processing_script.py:123 FutureWarning: Series.__getitem__ treating keys as positions is deprecated. In a future version, integer keys will always be treated as labels (consistent with DataFrame behavior). To access a value by position, use `ser.iloc[pos]`
[2024-11-27T19:55:55.742+0000] {logging_mixin.py:190} INFO - Processing file: source-5_page-25.pdf
[2024-11-27T19:57:01.954+0000] {logging_mixin.py:190} WARNING - /opt/***/dags/data_processing/quarterly_performance_reports_processing_script.py:121 FutureWarning: Series.__getitem__ treating keys as positions is deprecated. In a future version, integer keys will always be treated as labels (consistent with DataFrame behavior). To access a value by position, use `ser.iloc[pos]`
[2024-11-27T19:57:01.956+0000] {logging_mixin.py:190} WARNING - /opt/***/dags/data_processing/quarterly_performance_reports_processing_script.py:122 FutureWarning: Series.__getitem__ treating keys as positions is deprecated. In a future version, integer keys will always be treated as labels (consistent with DataFrame behavior). To access a value by position, use `ser.iloc[pos]`
[2024-11-27T19:57:01.957+0000] {logging_mixin.py:190} WARNING - /opt/***/dags/data_processing/quarterly_performance_reports_processing_script.py:123 FutureWarning: Series.__getitem__ treating keys as positions is deprecated. In a future version, integer keys will always be treated as labels (consistent with DataFrame behavior). To access a value by position, use `ser.iloc[pos]`
[2024-11-27T19:57:05.974+0000] {logging_mixin.py:190} INFO - Processing file: source-5_page-27.pdf
[2024-11-27T19:57:26.696+0000] {logging_mixin.py:190} WARNING - /opt/***/dags/data_processing/quarterly_performance_reports_processing_script.py:121 FutureWarning: Series.__getitem__ treating keys as positions is deprecated. In a future version, integer keys will always be treated as labels (consistent with DataFrame behavior). To access a value by position, use `ser.iloc[pos]`
[2024-11-27T19:57:26.698+0000] {logging_mixin.py:190} WARNING - /opt/***/dags/data_processing/quarterly_performance_reports_processing_script.py:122 FutureWarning: Series.__getitem__ treating keys as positions is deprecated. In a future version, integer keys will always be treated as labels (consistent with DataFrame behavior). To access a value by position, use `ser.iloc[pos]`
[2024-11-27T19:57:26.700+0000] {logging_mixin.py:190} WARNING - /opt/***/dags/data_processing/quarterly_performance_reports_processing_script.py:123 FutureWarning: Series.__getitem__ treating keys as positions is deprecated. In a future version, integer keys will always be treated as labels (consistent with DataFrame behavior). To access a value by position, use `ser.iloc[pos]`
[2024-11-27T19:57:30.921+0000] {logging_mixin.py:190} INFO - Processing file: source-5_page-29.pdf
[2024-11-27T19:57:41.370+0000] {logging_mixin.py:190} WARNING - /opt/***/dags/data_processing/quarterly_performance_reports_processing_script.py:121 FutureWarning: Series.__getitem__ treating keys as positions is deprecated. In a future version, integer keys will always be treated as labels (consistent with DataFrame behavior). To access a value by position, use `ser.iloc[pos]`
[2024-11-27T19:57:41.372+0000] {logging_mixin.py:190} WARNING - /opt/***/dags/data_processing/quarterly_performance_reports_processing_script.py:122 FutureWarning: Series.__getitem__ treating keys as positions is deprecated. In a future version, integer keys will always be treated as labels (consistent with DataFrame behavior). To access a value by position, use `ser.iloc[pos]`
[2024-11-27T19:57:41.373+0000] {logging_mixin.py:190} WARNING - /opt/***/dags/data_processing/quarterly_performance_reports_processing_script.py:123 FutureWarning: Series.__getitem__ treating keys as positions is deprecated. In a future version, integer keys will always be treated as labels (consistent with DataFrame behavior). To access a value by position, use `ser.iloc[pos]`
[2024-11-27T19:57:45.299+0000] {logging_mixin.py:190} INFO - Processing file: source-5_page-31.pdf
[2024-11-27T19:57:50.710+0000] {logging_mixin.py:190} WARNING - /opt/***/dags/data_processing/quarterly_performance_reports_processing_script.py:121 FutureWarning: Series.__getitem__ treating keys as positions is deprecated. In a future version, integer keys will always be treated as labels (consistent with DataFrame behavior). To access a value by position, use `ser.iloc[pos]`
[2024-11-27T19:57:50.712+0000] {logging_mixin.py:190} WARNING - /opt/***/dags/data_processing/quarterly_performance_reports_processing_script.py:122 FutureWarning: Series.__getitem__ treating keys as positions is deprecated. In a future version, integer keys will always be treated as labels (consistent with DataFrame behavior). To access a value by position, use `ser.iloc[pos]`
[2024-11-27T19:57:50.714+0000] {logging_mixin.py:190} WARNING - /opt/***/dags/data_processing/quarterly_performance_reports_processing_script.py:123 FutureWarning: Series.__getitem__ treating keys as positions is deprecated. In a future version, integer keys will always be treated as labels (consistent with DataFrame behavior). To access a value by position, use `ser.iloc[pos]`
[2024-11-27T19:57:54.714+0000] {logging_mixin.py:190} INFO - Processing file: source-5_page-33.pdf
[2024-11-27T19:58:00.108+0000] {logging_mixin.py:190} WARNING - /opt/***/dags/data_processing/quarterly_performance_reports_processing_script.py:121 FutureWarning: Series.__getitem__ treating keys as positions is deprecated. In a future version, integer keys will always be treated as labels (consistent with DataFrame behavior). To access a value by position, use `ser.iloc[pos]`
[2024-11-27T19:58:00.111+0000] {logging_mixin.py:190} WARNING - /opt/***/dags/data_processing/quarterly_performance_reports_processing_script.py:122 FutureWarning: Series.__getitem__ treating keys as positions is deprecated. In a future version, integer keys will always be treated as labels (consistent with DataFrame behavior). To access a value by position, use `ser.iloc[pos]`
[2024-11-27T19:58:00.112+0000] {logging_mixin.py:190} WARNING - /opt/***/dags/data_processing/quarterly_performance_reports_processing_script.py:123 FutureWarning: Series.__getitem__ treating keys as positions is deprecated. In a future version, integer keys will always be treated as labels (consistent with DataFrame behavior). To access a value by position, use `ser.iloc[pos]`
[2024-11-27T19:58:03.969+0000] {logging_mixin.py:190} INFO - Processing file: source-5_page-35.pdf
[2024-11-27T19:58:09.373+0000] {logging_mixin.py:190} WARNING - /opt/***/dags/data_processing/quarterly_performance_reports_processing_script.py:121 FutureWarning: Series.__getitem__ treating keys as positions is deprecated. In a future version, integer keys will always be treated as labels (consistent with DataFrame behavior). To access a value by position, use `ser.iloc[pos]`
[2024-11-27T19:58:09.375+0000] {logging_mixin.py:190} WARNING - /opt/***/dags/data_processing/quarterly_performance_reports_processing_script.py:122 FutureWarning: Series.__getitem__ treating keys as positions is deprecated. In a future version, integer keys will always be treated as labels (consistent with DataFrame behavior). To access a value by position, use `ser.iloc[pos]`
[2024-11-27T19:58:09.377+0000] {logging_mixin.py:190} WARNING - /opt/***/dags/data_processing/quarterly_performance_reports_processing_script.py:123 FutureWarning: Series.__getitem__ treating keys as positions is deprecated. In a future version, integer keys will always be treated as labels (consistent with DataFrame behavior). To access a value by position, use `ser.iloc[pos]`
[2024-11-27T19:58:13.326+0000] {logging_mixin.py:190} INFO - File saved to S3: s3://project-processed-data/quarterly_performance_reports/performance_reports_20241127_195330.csv
[2024-11-27T19:58:13.524+0000] {logging_mixin.py:190} INFO - File saved to S3: s3://project-processed-data/quarterly_performance_reports/amount_description_20241127_195330.csv
[2024-11-27T19:58:13.766+0000] {logging_mixin.py:190} INFO - File saved to S3: s3://project-processed-data/quarterly_performance_reports/activity_20241127_195330.csv
[2024-11-27T19:58:14.139+0000] {logging_mixin.py:190} INFO - File moved from s3://project-raw-data-files/quarterly_performance_reports/source-4.pdf to s3://project-raw-data-files/archived/quarterly_performance_reports/source-4.pdf
[2024-11-27T19:58:14.567+0000] {logging_mixin.py:190} INFO - File moved from s3://project-raw-data-files/quarterly_performance_reports/source-5_page-11.pdf to s3://project-raw-data-files/archived/quarterly_performance_reports/source-5_page-11.pdf
[2024-11-27T19:58:14.938+0000] {logging_mixin.py:190} INFO - File moved from s3://project-raw-data-files/quarterly_performance_reports/source-5_page-13.pdf to s3://project-raw-data-files/archived/quarterly_performance_reports/source-5_page-13.pdf
[2024-11-27T19:58:15.316+0000] {logging_mixin.py:190} INFO - File moved from s3://project-raw-data-files/quarterly_performance_reports/source-5_page-21.pdf to s3://project-raw-data-files/archived/quarterly_performance_reports/source-5_page-21.pdf
[2024-11-27T19:58:15.664+0000] {logging_mixin.py:190} INFO - File moved from s3://project-raw-data-files/quarterly_performance_reports/source-5_page-23.pdf to s3://project-raw-data-files/archived/quarterly_performance_reports/source-5_page-23.pdf
[2024-11-27T19:58:15.947+0000] {logging_mixin.py:190} INFO - File moved from s3://project-raw-data-files/quarterly_performance_reports/source-5_page-25.pdf to s3://project-raw-data-files/archived/quarterly_performance_reports/source-5_page-25.pdf
[2024-11-27T19:58:16.282+0000] {logging_mixin.py:190} INFO - File moved from s3://project-raw-data-files/quarterly_performance_reports/source-5_page-27.pdf to s3://project-raw-data-files/archived/quarterly_performance_reports/source-5_page-27.pdf
[2024-11-27T19:58:16.551+0000] {logging_mixin.py:190} INFO - File moved from s3://project-raw-data-files/quarterly_performance_reports/source-5_page-29.pdf to s3://project-raw-data-files/archived/quarterly_performance_reports/source-5_page-29.pdf
[2024-11-27T19:58:16.863+0000] {logging_mixin.py:190} INFO - File moved from s3://project-raw-data-files/quarterly_performance_reports/source-5_page-31.pdf to s3://project-raw-data-files/archived/quarterly_performance_reports/source-5_page-31.pdf
[2024-11-27T19:58:17.156+0000] {logging_mixin.py:190} INFO - File moved from s3://project-raw-data-files/quarterly_performance_reports/source-5_page-33.pdf to s3://project-raw-data-files/archived/quarterly_performance_reports/source-5_page-33.pdf
[2024-11-27T19:58:17.463+0000] {logging_mixin.py:190} INFO - File moved from s3://project-raw-data-files/quarterly_performance_reports/source-5_page-35.pdf to s3://project-raw-data-files/archived/quarterly_performance_reports/source-5_page-35.pdf
[2024-11-27T19:58:17.469+0000] {python.py:240} INFO - Done. Returned value was: None
[2024-11-27T19:58:17.482+0000] {taskinstance.py:340} INFO - ::group::Post task execution logs
[2024-11-27T19:58:17.483+0000] {taskinstance.py:352} INFO - Marking task as SUCCESS. dag_id=ETL_quarterly_performance_reports, task_id=process_performance_reports_task, run_id=manual__2024-11-27T19:53:25.680258+00:00, execution_date=20241127T195325, start_date=20241127T195328, end_date=20241127T195817
[2024-11-27T19:58:17.546+0000] {local_task_job_runner.py:266} INFO - Task exited with return code 0
[2024-11-27T19:58:17.571+0000] {taskinstance.py:3895} INFO - 1 downstream tasks scheduled from follow-on schedule check
[2024-11-27T19:58:17.574+0000] {local_task_job_runner.py:245} INFO - ::endgroup::
