[2024-11-27T23:59:48.529+0000] {local_task_job_runner.py:123} INFO - ::group::Pre task execution logs
[2024-11-27T23:59:48.545+0000] {taskinstance.py:2613} INFO - Dependencies all met for dep_context=non-requeueable deps ti=<TaskInstance: ETL_usa_spending.ingest_usa_spending_data_task manual__2024-11-27T23:26:29.335859+00:00 [queued]>
[2024-11-27T23:59:48.555+0000] {taskinstance.py:2613} INFO - Dependencies all met for dep_context=requeueable deps ti=<TaskInstance: ETL_usa_spending.ingest_usa_spending_data_task manual__2024-11-27T23:26:29.335859+00:00 [queued]>
[2024-11-27T23:59:48.556+0000] {taskinstance.py:2866} INFO - Starting attempt 1 of 1
[2024-11-27T23:59:48.570+0000] {taskinstance.py:2889} INFO - Executing <Task(PythonOperator): ingest_usa_spending_data_task> on 2024-11-27 23:26:29.335859+00:00
[2024-11-27T23:59:48.580+0000] {logging_mixin.py:190} WARNING - /home/***/.local/lib/python3.12/site-packages/***/task/task_runner/standard_task_runner.py:70 DeprecationWarning: This process (pid=31937) is multi-threaded, use of fork() may lead to deadlocks in the child.
[2024-11-27T23:59:48.581+0000] {standard_task_runner.py:72} INFO - Started process 31939 to run task
[2024-11-27T23:59:48.580+0000] {standard_task_runner.py:104} INFO - Running: ['***', 'tasks', 'run', 'ETL_usa_spending', 'ingest_usa_spending_data_task', 'manual__2024-11-27T23:26:29.335859+00:00', '--job-id', '439', '--raw', '--subdir', 'DAGS_FOLDER/project_dag.py', '--cfg-path', '/tmp/tmp8sl96t_y']
[2024-11-27T23:59:48.583+0000] {standard_task_runner.py:105} INFO - Job 439: Subtask ingest_usa_spending_data_task
[2024-11-27T23:59:48.631+0000] {task_command.py:467} INFO - Running <TaskInstance: ETL_usa_spending.ingest_usa_spending_data_task manual__2024-11-27T23:26:29.335859+00:00 [running]> on host 6a246d8d590f
[2024-11-27T23:59:48.908+0000] {taskinstance.py:3132} INFO - Exporting env vars: AIRFLOW_CTX_DAG_OWNER='***' AIRFLOW_CTX_DAG_ID='ETL_usa_spending' AIRFLOW_CTX_TASK_ID='ingest_usa_spending_data_task' AIRFLOW_CTX_EXECUTION_DATE='2024-11-27T23:26:29.335859+00:00' AIRFLOW_CTX_TRY_NUMBER='1' AIRFLOW_CTX_DAG_RUN_ID='manual__2024-11-27T23:26:29.335859+00:00'
[2024-11-27T23:59:48.910+0000] {taskinstance.py:731} INFO - ::endgroup::
[2024-11-27T23:59:49.287+0000] {logging_mixin.py:190} INFO - Checking for new data to ingest into states
[2024-11-27T23:59:49.625+0000] {logging_mixin.py:190} INFO - No new data to ingest for states
[2024-11-27T23:59:49.836+0000] {logging_mixin.py:190} INFO - File moved from s3://project-processed-data/usa_spending_data/states_20241127_235941.csv to s3://project-processed-data/archived/usa_spending_data/states_20241127_235941.csv
[2024-11-27T23:59:50.013+0000] {logging_mixin.py:190} INFO - Checking for new data to ingest into cfdaprograms
[2024-11-27T23:59:50.286+0000] {logging_mixin.py:190} INFO - No new data to ingest for cfdaprograms
[2024-11-27T23:59:50.506+0000] {logging_mixin.py:190} INFO - File moved from s3://project-processed-data/usa_spending_data/cfda_20241127_235941.csv to s3://project-processed-data/archived/usa_spending_data/cfda_20241127_235941.csv
[2024-11-27T23:59:50.684+0000] {logging_mixin.py:190} INFO - Checking for new data to ingest into recipients
[2024-11-27T23:59:51.170+0000] {logging_mixin.py:190} INFO - Ingesting new data into recipients
[2024-11-27T23:59:58.376+0000] {logging_mixin.py:190} INFO - Data successfully written to table recipients.
[2024-11-27T23:59:58.624+0000] {logging_mixin.py:190} INFO - File moved from s3://project-processed-data/usa_spending_data/recipients_20241127_235941.csv to s3://project-processed-data/archived/usa_spending_data/recipients_20241127_235941.csv
[2024-11-27T23:59:58.780+0000] {logging_mixin.py:190} INFO - Checking for new data to ingest into agencies
[2024-11-27T23:59:59.085+0000] {logging_mixin.py:190} INFO - No new data to ingest for agencies
[2024-11-27T23:59:59.315+0000] {logging_mixin.py:190} INFO - File moved from s3://project-processed-data/usa_spending_data/agency_data_20241127_235941.csv to s3://project-processed-data/archived/usa_spending_data/agency_data_20241127_235941.csv
[2024-11-27T23:59:59.542+0000] {logging_mixin.py:190} INFO - Checking for new data to ingest into subagency
[2024-11-27T23:59:59.818+0000] {logging_mixin.py:190} INFO - No new data to ingest for subagency
[2024-11-28T00:00:00.064+0000] {logging_mixin.py:190} INFO - File moved from s3://project-processed-data/usa_spending_data/sub_agency_20241127_235941.csv to s3://project-processed-data/archived/usa_spending_data/sub_agency_20241127_235941.csv
[2024-11-28T00:00:00.398+0000] {logging_mixin.py:190} INFO - Checking for new data to ingest into grants
[2024-11-28T00:00:00.849+0000] {logging_mixin.py:190} INFO - No new data to ingest for grants
[2024-11-28T00:00:01.186+0000] {logging_mixin.py:190} INFO - File moved from s3://project-processed-data/usa_spending_data/grants_20241127_235941.csv to s3://project-processed-data/archived/usa_spending_data/grants_20241127_235941.csv
[2024-11-28T00:00:01.617+0000] {logging_mixin.py:190} INFO - Checking for new data to ingest into funding
[2024-11-28T00:00:02.326+0000] {logging_mixin.py:190} INFO - No new data to ingest for funding
[2024-11-28T00:00:02.717+0000] {logging_mixin.py:190} INFO - File moved from s3://project-processed-data/usa_spending_data/funding_20241127_235941.csv to s3://project-processed-data/archived/usa_spending_data/funding_20241127_235941.csv
[2024-11-28T00:00:03.161+0000] {logging_mixin.py:190} INFO - Checking for new data to ingest into federalawards
[2024-11-28T00:00:03.664+0000] {logging_mixin.py:190} INFO - Ingesting new data into federalawards
[2024-11-28T00:00:17.961+0000] {logging_mixin.py:190} INFO - Data successfully written to table federalawards.
[2024-11-28T00:00:18.278+0000] {logging_mixin.py:190} INFO - File moved from s3://project-processed-data/usa_spending_data/federal_awards_20241127_235941.csv to s3://project-processed-data/archived/usa_spending_data/federal_awards_20241127_235941.csv
[2024-11-28T00:00:18.704+0000] {logging_mixin.py:190} INFO - Checking for new data to ingest into transactions
[2024-11-28T00:00:19.154+0000] {logging_mixin.py:190} INFO - No new data to ingest for transactions
[2024-11-28T00:00:19.455+0000] {logging_mixin.py:190} INFO - File moved from s3://project-processed-data/usa_spending_data/transactions_20241127_235941.csv to s3://project-processed-data/archived/usa_spending_data/transactions_20241127_235941.csv
[2024-11-28T00:00:19.836+0000] {logging_mixin.py:190} INFO - Checking for new data to ingest into subawards
[2024-11-28T00:00:20.228+0000] {logging_mixin.py:190} INFO - Ingesting new data into subawards
[2024-11-28T00:00:59.096+0000] {logging_mixin.py:190} INFO - Data successfully written to table subawards.
[2024-11-28T00:00:59.456+0000] {logging_mixin.py:190} INFO - File moved from s3://project-processed-data/usa_spending_data/sub_awards_20241127_235941.csv to s3://project-processed-data/archived/usa_spending_data/sub_awards_20241127_235941.csv
[2024-11-28T00:00:59.463+0000] {python.py:240} INFO - Done. Returned value was: None
[2024-11-28T00:00:59.493+0000] {taskinstance.py:340} INFO - ::group::Post task execution logs
[2024-11-28T00:00:59.495+0000] {taskinstance.py:352} INFO - Marking task as SUCCESS. dag_id=ETL_usa_spending, task_id=ingest_usa_spending_data_task, run_id=manual__2024-11-27T23:26:29.335859+00:00, execution_date=20241127T232629, start_date=20241127T235948, end_date=20241128T000059
[2024-11-28T00:00:59.567+0000] {local_task_job_runner.py:266} INFO - Task exited with return code 0
[2024-11-28T00:00:59.611+0000] {taskinstance.py:3895} INFO - 0 downstream tasks scheduled from follow-on schedule check
[2024-11-28T00:00:59.616+0000] {local_task_job_runner.py:245} INFO - ::endgroup::
