[2024-11-11T07:22:16.748+0000] {local_task_job_runner.py:123} INFO - ::group::Pre task execution logs
[2024-11-11T07:22:16.771+0000] {taskinstance.py:2613} INFO - Dependencies all met for dep_context=non-requeueable deps ti=<TaskInstance: fetch_financial_reports.fetch_history_reports_task manual__2024-11-11T07:22:13.555023+00:00 [queued]>
[2024-11-11T07:22:16.788+0000] {taskinstance.py:2613} INFO - Dependencies all met for dep_context=requeueable deps ti=<TaskInstance: fetch_financial_reports.fetch_history_reports_task manual__2024-11-11T07:22:13.555023+00:00 [queued]>
[2024-11-11T07:22:16.788+0000] {taskinstance.py:2866} INFO - Starting attempt 1 of 1
[2024-11-11T07:22:16.811+0000] {taskinstance.py:2889} INFO - Executing <Task(PythonOperator): fetch_history_reports_task> on 2024-11-11 07:22:13.555023+00:00
[2024-11-11T07:22:16.823+0000] {logging_mixin.py:190} WARNING - /home/***/.local/lib/python3.12/site-packages/***/task/task_runner/standard_task_runner.py:70 DeprecationWarning: This process (pid=797) is multi-threaded, use of fork() may lead to deadlocks in the child.
[2024-11-11T07:22:16.826+0000] {standard_task_runner.py:72} INFO - Started process 804 to run task
[2024-11-11T07:22:16.822+0000] {standard_task_runner.py:104} INFO - Running: ['***', 'tasks', 'run', 'fetch_financial_reports', 'fetch_history_reports_task', 'manual__2024-11-11T07:22:13.555023+00:00', '--job-id', '12', '--raw', '--subdir', 'DAGS_FOLDER/web_scraper.py', '--cfg-path', '/tmp/tmpz9p08sc3']
[2024-11-11T07:22:16.828+0000] {standard_task_runner.py:105} INFO - Job 12: Subtask fetch_history_reports_task
[2024-11-11T07:22:16.909+0000] {task_command.py:467} INFO - Running <TaskInstance: fetch_financial_reports.fetch_history_reports_task manual__2024-11-11T07:22:13.555023+00:00 [running]> on host d6783a5c6023
[2024-11-11T07:22:17.059+0000] {taskinstance.py:3132} INFO - Exporting env vars: AIRFLOW_CTX_DAG_OWNER='***' AIRFLOW_CTX_DAG_ID='fetch_financial_reports' AIRFLOW_CTX_TASK_ID='fetch_history_reports_task' AIRFLOW_CTX_EXECUTION_DATE='2024-11-11T07:22:13.555023+00:00' AIRFLOW_CTX_TRY_NUMBER='1' AIRFLOW_CTX_DAG_RUN_ID='manual__2024-11-11T07:22:13.555023+00:00'
[2024-11-11T07:22:17.061+0000] {taskinstance.py:731} INFO - ::endgroup::
[2024-11-11T07:22:18.912+0000] {logging_mixin.py:190} INFO - Downloading: CDBG_DR_Grant_History_11_1_2024.pdf
[2024-11-11T07:22:20.412+0000] {logging_mixin.py:190} INFO - Uploaded: history_reports/CDBG_DR_Grant_History_11_1_2024.pdf to bucket project-raw-data-files
[2024-11-11T07:22:20.458+0000] {logging_mixin.py:190} INFO - Downloading: CDBG_DR_Grant_History_10_1_2024.pdf
[2024-11-11T07:22:22.548+0000] {logging_mixin.py:190} INFO - Uploaded: history_reports/CDBG_DR_Grant_History_10_1_2024.pdf to bucket project-raw-data-files
[2024-11-11T07:22:22.584+0000] {logging_mixin.py:190} INFO - Downloading: CDBG_DR_Grant_History_9_1_2024.pdf
[2024-11-11T07:22:24.204+0000] {logging_mixin.py:190} INFO - Uploaded: history_reports/CDBG_DR_Grant_History_9_1_2024.pdf to bucket project-raw-data-files
[2024-11-11T07:22:24.243+0000] {logging_mixin.py:190} INFO - Downloading: CDBG_DR_Grant_History_8_1_2024.pdf
[2024-11-11T07:22:25.786+0000] {logging_mixin.py:190} INFO - Uploaded: history_reports/CDBG_DR_Grant_History_8_1_2024.pdf to bucket project-raw-data-files
[2024-11-11T07:22:25.824+0000] {logging_mixin.py:190} INFO - Downloading: CDBG_DR_Grant_History_7_1_2024.pdf
[2024-11-11T07:22:27.446+0000] {logging_mixin.py:190} INFO - Uploaded: history_reports/CDBG_DR_Grant_History_7_1_2024.pdf to bucket project-raw-data-files
[2024-11-11T07:22:27.494+0000] {logging_mixin.py:190} INFO - Downloading: CDBG_DR_Grant_History_6_1_2024.pdf
[2024-11-11T07:22:29.241+0000] {logging_mixin.py:190} INFO - Uploaded: history_reports/CDBG_DR_Grant_History_6_1_2024.pdf to bucket project-raw-data-files
[2024-11-11T07:22:29.283+0000] {logging_mixin.py:190} INFO - Downloading: CDBG_DR_Grant_History_5_1_2024.pdf
[2024-11-11T07:22:30.303+0000] {logging_mixin.py:190} INFO - Uploaded: history_reports/CDBG_DR_Grant_History_5_1_2024.pdf to bucket project-raw-data-files
[2024-11-11T07:22:30.345+0000] {logging_mixin.py:190} INFO - Downloading: CDBG_DR_Grant_History-4-1-2024.pdf
[2024-11-11T07:22:31.362+0000] {logging_mixin.py:190} INFO - Uploaded: history_reports/CDBG_DR_Grant_History-4-1-2024.pdf to bucket project-raw-data-files
[2024-11-11T07:22:31.427+0000] {logging_mixin.py:190} INFO - Downloading: CDBG-DR-Grant-History-2024-03.pdf
[2024-11-11T07:22:33.554+0000] {logging_mixin.py:190} INFO - Uploaded: history_reports/CDBG-DR-Grant-History-2024-03.pdf to bucket project-raw-data-files
[2024-11-11T07:22:33.591+0000] {logging_mixin.py:190} INFO - Downloading: CDBG-DR-Grant-History-2024-02.pdf
[2024-11-11T07:22:36.505+0000] {logging_mixin.py:190} INFO - Uploaded: history_reports/CDBG-DR-Grant-History-2024-02.pdf to bucket project-raw-data-files
[2024-11-11T07:22:36.544+0000] {logging_mixin.py:190} INFO - Downloading: CDBG-DR-Grant-History-2024-01.pdf
[2024-11-11T07:22:40.947+0000] {logging_mixin.py:190} INFO - Uploaded: history_reports/CDBG-DR-Grant-History-2024-01.pdf to bucket project-raw-data-files
[2024-11-11T07:22:40.988+0000] {logging_mixin.py:190} INFO - Downloading: CDBG-DR-Grant-History-2023-12.pdf
[2024-11-11T07:22:43.286+0000] {logging_mixin.py:190} INFO - Uploaded: history_reports/CDBG-DR-Grant-History-2023-12.pdf to bucket project-raw-data-files
[2024-11-11T07:22:43.327+0000] {logging_mixin.py:190} INFO - Downloading: CDBG_DR_Grant_History-11-1-2023.pdf
[2024-11-11T07:22:44.365+0000] {logging_mixin.py:190} INFO - Uploaded: history_reports/CDBG_DR_Grant_History-11-1-2023.pdf to bucket project-raw-data-files
[2024-11-11T07:22:44.436+0000] {logging_mixin.py:190} INFO - Downloading: CDBG-DR-Grant-History-2023-10.pdf
[2024-11-11T07:22:46.826+0000] {logging_mixin.py:190} INFO - Uploaded: history_reports/CDBG-DR-Grant-History-2023-10.pdf to bucket project-raw-data-files
[2024-11-11T07:22:46.863+0000] {logging_mixin.py:190} INFO - Downloading: CDBG-DR-Grant-History-2023-04.pdf
[2024-11-11T07:22:48.439+0000] {logging_mixin.py:190} INFO - Uploaded: history_reports/CDBG-DR-Grant-History-2023-04.pdf to bucket project-raw-data-files
[2024-11-11T07:22:48.478+0000] {logging_mixin.py:190} INFO - Downloading: CDBG-DR-Grant-History-2023-01.pdf
[2024-11-11T07:22:49.811+0000] {logging_mixin.py:190} INFO - Uploaded: history_reports/CDBG-DR-Grant-History-2023-01.pdf to bucket project-raw-data-files
[2024-11-11T07:22:49.846+0000] {logging_mixin.py:190} INFO - Downloading: CDBG-DR-Grant-History-2022-10.pdf
[2024-11-11T07:22:51.749+0000] {logging_mixin.py:190} INFO - Uploaded: history_reports/CDBG-DR-Grant-History-2022-10.pdf to bucket project-raw-data-files
[2024-11-11T07:22:51.790+0000] {logging_mixin.py:190} INFO - Downloading: CDBG-DR-Grant-History-2022-07.pdf
[2024-11-11T07:22:52.814+0000] {logging_mixin.py:190} INFO - Uploaded: history_reports/CDBG-DR-Grant-History-2022-07.pdf to bucket project-raw-data-files
[2024-11-11T07:22:52.854+0000] {logging_mixin.py:190} INFO - Downloading: CDBG-DR-Grant-History-2022-04.pdf
[2024-11-11T07:22:54.071+0000] {logging_mixin.py:190} INFO - Uploaded: history_reports/CDBG-DR-Grant-History-2022-04.pdf to bucket project-raw-data-files
[2024-11-11T07:22:54.106+0000] {logging_mixin.py:190} INFO - Downloading: CDBG-DR-Grant-History-2022-01.pdf
[2024-11-11T07:22:55.382+0000] {logging_mixin.py:190} INFO - Uploaded: history_reports/CDBG-DR-Grant-History-2022-01.pdf to bucket project-raw-data-files
[2024-11-11T07:22:55.419+0000] {logging_mixin.py:190} INFO - Downloading: CDBG-DR-Grant-History-2021-10.pdf
[2024-11-11T07:22:56.967+0000] {logging_mixin.py:190} INFO - Uploaded: history_reports/CDBG-DR-Grant-History-2021-10.pdf to bucket project-raw-data-files
[2024-11-11T07:22:56.970+0000] {python.py:240} INFO - Done. Returned value was: None
[2024-11-11T07:22:56.982+0000] {taskinstance.py:340} INFO - ::group::Post task execution logs
[2024-11-11T07:22:56.982+0000] {taskinstance.py:352} INFO - Marking task as SUCCESS. dag_id=fetch_financial_reports, task_id=fetch_history_reports_task, run_id=manual__2024-11-11T07:22:13.555023+00:00, execution_date=20241111T072213, start_date=20241111T072216, end_date=20241111T072256
[2024-11-11T07:22:57.027+0000] {local_task_job_runner.py:266} INFO - Task exited with return code 0
[2024-11-11T07:22:57.043+0000] {taskinstance.py:3895} INFO - 0 downstream tasks scheduled from follow-on schedule check
[2024-11-11T07:22:57.045+0000] {local_task_job_runner.py:245} INFO - ::endgroup::
