[2024-11-26T05:53:05.280+0000] {local_task_job_runner.py:123} INFO - ::group::Pre task execution logs
[2024-11-26T05:53:05.298+0000] {taskinstance.py:2613} INFO - Dependencies all met for dep_context=non-requeueable deps ti=<TaskInstance: ETL_quarterly_performance_reports.ingest_performance_reports_task manual__2024-11-26T05:52:58.513574+00:00 [queued]>
[2024-11-26T05:53:05.308+0000] {taskinstance.py:2613} INFO - Dependencies all met for dep_context=requeueable deps ti=<TaskInstance: ETL_quarterly_performance_reports.ingest_performance_reports_task manual__2024-11-26T05:52:58.513574+00:00 [queued]>
[2024-11-26T05:53:05.309+0000] {taskinstance.py:2866} INFO - Starting attempt 1 of 1
[2024-11-26T05:53:05.325+0000] {taskinstance.py:2889} INFO - Executing <Task(PythonOperator): ingest_performance_reports_task> on 2024-11-26 05:52:58.513574+00:00
[2024-11-26T05:53:05.335+0000] {logging_mixin.py:190} WARNING - /home/***/.local/lib/python3.12/site-packages/***/task/task_runner/standard_task_runner.py:70 DeprecationWarning: This process (pid=13221) is multi-threaded, use of fork() may lead to deadlocks in the child.
[2024-11-26T05:53:05.337+0000] {standard_task_runner.py:72} INFO - Started process 13223 to run task
[2024-11-26T05:53:05.335+0000] {standard_task_runner.py:104} INFO - Running: ['***', 'tasks', 'run', 'ETL_quarterly_performance_reports', 'ingest_performance_reports_task', 'manual__2024-11-26T05:52:58.513574+00:00', '--job-id', '373', '--raw', '--subdir', 'DAGS_FOLDER/project_dag.py', '--cfg-path', '/tmp/tmplxpyu971']
[2024-11-26T05:53:05.338+0000] {standard_task_runner.py:105} INFO - Job 373: Subtask ingest_performance_reports_task
[2024-11-26T05:53:05.400+0000] {task_command.py:467} INFO - Running <TaskInstance: ETL_quarterly_performance_reports.ingest_performance_reports_task manual__2024-11-26T05:52:58.513574+00:00 [running]> on host 6a246d8d590f
[2024-11-26T05:53:05.741+0000] {taskinstance.py:3132} INFO - Exporting env vars: AIRFLOW_CTX_DAG_OWNER='***' AIRFLOW_CTX_DAG_ID='ETL_quarterly_performance_reports' AIRFLOW_CTX_TASK_ID='ingest_performance_reports_task' AIRFLOW_CTX_EXECUTION_DATE='2024-11-26T05:52:58.513574+00:00' AIRFLOW_CTX_TRY_NUMBER='1' AIRFLOW_CTX_DAG_RUN_ID='manual__2024-11-26T05:52:58.513574+00:00'
[2024-11-26T05:53:05.743+0000] {taskinstance.py:731} INFO - ::endgroup::
[2024-11-26T05:53:11.501+0000] {logging_mixin.py:190} INFO - Data successfully written to table PerformanceReports.
[2024-11-26T05:53:11.780+0000] {logging_mixin.py:190} INFO - File moved from s3://project-processed-data/quarterly_performance_reports/performance_reports_20241111_225350.csv to s3://project-processed-data/archived/quarterly_performance_reports/performance_reports_20241111_225350.csv
[2024-11-26T05:53:11.782+0000] {python.py:240} INFO - Done. Returned value was: None
[2024-11-26T05:53:11.794+0000] {taskinstance.py:340} INFO - ::group::Post task execution logs
[2024-11-26T05:53:11.795+0000] {taskinstance.py:352} INFO - Marking task as SUCCESS. dag_id=ETL_quarterly_performance_reports, task_id=ingest_performance_reports_task, run_id=manual__2024-11-26T05:52:58.513574+00:00, execution_date=20241126T055258, start_date=20241126T055305, end_date=20241126T055311
[2024-11-26T05:53:11.863+0000] {local_task_job_runner.py:266} INFO - Task exited with return code 0
[2024-11-26T05:53:11.878+0000] {taskinstance.py:3895} INFO - 0 downstream tasks scheduled from follow-on schedule check
[2024-11-26T05:53:11.883+0000] {local_task_job_runner.py:245} INFO - ::endgroup::
