[2024-11-28T00:30:49.218+0000] {local_task_job_runner.py:123} INFO - ::group::Pre task execution logs
[2024-11-28T00:30:49.235+0000] {taskinstance.py:2613} INFO - Dependencies all met for dep_context=non-requeueable deps ti=<TaskInstance: ETL_usa_spending.ingest_usa_spending_data_task scheduled__2024-11-27T00:00:00+00:00 [queued]>
[2024-11-28T00:30:49.244+0000] {taskinstance.py:2613} INFO - Dependencies all met for dep_context=requeueable deps ti=<TaskInstance: ETL_usa_spending.ingest_usa_spending_data_task scheduled__2024-11-27T00:00:00+00:00 [queued]>
[2024-11-28T00:30:49.245+0000] {taskinstance.py:2866} INFO - Starting attempt 1 of 1
[2024-11-28T00:30:49.258+0000] {taskinstance.py:2889} INFO - Executing <Task(PythonOperator): ingest_usa_spending_data_task> on 2024-11-27 00:00:00+00:00
[2024-11-28T00:30:49.268+0000] {logging_mixin.py:190} WARNING - /home/***/.local/lib/python3.12/site-packages/***/task/task_runner/standard_task_runner.py:70 DeprecationWarning: This process (pid=32707) is multi-threaded, use of fork() may lead to deadlocks in the child.
[2024-11-28T00:30:49.267+0000] {standard_task_runner.py:104} INFO - Running: ['***', 'tasks', 'run', 'ETL_usa_spending', 'ingest_usa_spending_data_task', 'scheduled__2024-11-27T00:00:00+00:00', '--job-id', '450', '--raw', '--subdir', 'DAGS_FOLDER/project_dag.py', '--cfg-path', '/tmp/tmpfdcam9ba']
[2024-11-28T00:30:49.270+0000] {standard_task_runner.py:72} INFO - Started process 32709 to run task
[2024-11-28T00:30:49.270+0000] {standard_task_runner.py:105} INFO - Job 450: Subtask ingest_usa_spending_data_task
[2024-11-28T00:30:49.321+0000] {task_command.py:467} INFO - Running <TaskInstance: ETL_usa_spending.ingest_usa_spending_data_task scheduled__2024-11-27T00:00:00+00:00 [running]> on host 6a246d8d590f
[2024-11-28T00:30:49.619+0000] {taskinstance.py:3132} INFO - Exporting env vars: AIRFLOW_CTX_DAG_OWNER='***' AIRFLOW_CTX_DAG_ID='ETL_usa_spending' AIRFLOW_CTX_TASK_ID='ingest_usa_spending_data_task' AIRFLOW_CTX_EXECUTION_DATE='2024-11-27T00:00:00+00:00' AIRFLOW_CTX_TRY_NUMBER='1' AIRFLOW_CTX_DAG_RUN_ID='scheduled__2024-11-27T00:00:00+00:00'
[2024-11-28T00:30:49.620+0000] {taskinstance.py:731} INFO - ::endgroup::
[2024-11-28T00:30:50.025+0000] {logging_mixin.py:190} INFO - Checking for new data to ingest into states
[2024-11-28T00:30:50.362+0000] {logging_mixin.py:190} INFO - No new data to ingest for states
[2024-11-28T00:30:50.618+0000] {logging_mixin.py:190} INFO - File moved from s3://project-processed-data/usa_spending_data/states_20241128_003042.csv to s3://project-processed-data/archived/usa_spending_data/states_20241128_003042.csv
[2024-11-28T00:30:50.826+0000] {logging_mixin.py:190} INFO - Checking for new data to ingest into cfdaprograms
[2024-11-28T00:30:51.091+0000] {logging_mixin.py:190} INFO - No new data to ingest for cfdaprograms
[2024-11-28T00:30:51.305+0000] {logging_mixin.py:190} INFO - File moved from s3://project-processed-data/usa_spending_data/cfda_20241128_003042.csv to s3://project-processed-data/archived/usa_spending_data/cfda_20241128_003042.csv
[2024-11-28T00:30:51.461+0000] {logging_mixin.py:190} INFO - Checking for new data to ingest into recipients
[2024-11-28T00:30:51.882+0000] {logging_mixin.py:190} INFO - Ingesting new data into recipients
[2024-11-28T00:30:59.288+0000] {logging_mixin.py:190} INFO - Data successfully written to table recipients.
[2024-11-28T00:30:59.530+0000] {logging_mixin.py:190} INFO - File moved from s3://project-processed-data/usa_spending_data/recipients_20241128_003042.csv to s3://project-processed-data/archived/usa_spending_data/recipients_20241128_003042.csv
[2024-11-28T00:30:59.695+0000] {logging_mixin.py:190} INFO - Checking for new data to ingest into agencies
[2024-11-28T00:31:00.020+0000] {logging_mixin.py:190} INFO - No new data to ingest for agencies
[2024-11-28T00:31:00.225+0000] {logging_mixin.py:190} INFO - File moved from s3://project-processed-data/usa_spending_data/agency_data_20241128_003042.csv to s3://project-processed-data/archived/usa_spending_data/agency_data_20241128_003042.csv
[2024-11-28T00:31:00.386+0000] {logging_mixin.py:190} INFO - Checking for new data to ingest into subagency
[2024-11-28T00:31:00.714+0000] {logging_mixin.py:190} INFO - No new data to ingest for subagency
[2024-11-28T00:31:01.017+0000] {logging_mixin.py:190} INFO - File moved from s3://project-processed-data/usa_spending_data/sub_agency_20241128_003042.csv to s3://project-processed-data/archived/usa_spending_data/sub_agency_20241128_003042.csv
[2024-11-28T00:31:01.430+0000] {logging_mixin.py:190} INFO - Checking for new data to ingest into grants
[2024-11-28T00:31:01.910+0000] {logging_mixin.py:190} INFO - No new data to ingest for grants
[2024-11-28T00:31:02.177+0000] {logging_mixin.py:190} INFO - File moved from s3://project-processed-data/usa_spending_data/grants_20241128_003042.csv to s3://project-processed-data/archived/usa_spending_data/grants_20241128_003042.csv
[2024-11-28T00:31:02.577+0000] {logging_mixin.py:190} INFO - Checking for new data to ingest into funding
[2024-11-28T00:31:03.355+0000] {logging_mixin.py:190} INFO - No new data to ingest for funding
[2024-11-28T00:31:03.735+0000] {logging_mixin.py:190} INFO - File moved from s3://project-processed-data/usa_spending_data/funding_20241128_003042.csv to s3://project-processed-data/archived/usa_spending_data/funding_20241128_003042.csv
[2024-11-28T00:31:04.157+0000] {logging_mixin.py:190} INFO - Checking for new data to ingest into federalawards
[2024-11-28T00:31:04.688+0000] {logging_mixin.py:190} INFO - Ingesting new data into federalawards
[2024-11-28T00:31:19.275+0000] {logging_mixin.py:190} INFO - Data successfully written to table federalawards.
[2024-11-28T00:31:19.586+0000] {logging_mixin.py:190} INFO - File moved from s3://project-processed-data/usa_spending_data/federal_awards_20241128_003042.csv to s3://project-processed-data/archived/usa_spending_data/federal_awards_20241128_003042.csv
[2024-11-28T00:31:19.910+0000] {logging_mixin.py:190} INFO - Checking for new data to ingest into transactions
[2024-11-28T00:31:20.462+0000] {logging_mixin.py:190} INFO - No new data to ingest for transactions
[2024-11-28T00:31:20.746+0000] {logging_mixin.py:190} INFO - File moved from s3://project-processed-data/usa_spending_data/transactions_20241128_003042.csv to s3://project-processed-data/archived/usa_spending_data/transactions_20241128_003042.csv
[2024-11-28T00:31:21.160+0000] {logging_mixin.py:190} INFO - Checking for new data to ingest into subawards
[2024-11-28T00:31:21.578+0000] {logging_mixin.py:190} INFO - Ingesting new data into subawards
[2024-11-28T00:32:01.614+0000] {logging_mixin.py:190} INFO - Data successfully written to table subawards.
[2024-11-28T00:32:01.919+0000] {logging_mixin.py:190} INFO - File moved from s3://project-processed-data/usa_spending_data/sub_awards_20241128_003042.csv to s3://project-processed-data/archived/usa_spending_data/sub_awards_20241128_003042.csv
[2024-11-28T00:32:01.923+0000] {python.py:240} INFO - Done. Returned value was: None
[2024-11-28T00:32:01.934+0000] {taskinstance.py:340} INFO - ::group::Post task execution logs
[2024-11-28T00:32:01.935+0000] {taskinstance.py:352} INFO - Marking task as SUCCESS. dag_id=ETL_usa_spending, task_id=ingest_usa_spending_data_task, run_id=scheduled__2024-11-27T00:00:00+00:00, execution_date=20241127T000000, start_date=20241128T003049, end_date=20241128T003201
[2024-11-28T00:32:01.967+0000] {local_task_job_runner.py:266} INFO - Task exited with return code 0
[2024-11-28T00:32:01.984+0000] {taskinstance.py:3895} INFO - 0 downstream tasks scheduled from follow-on schedule check
[2024-11-28T00:32:01.987+0000] {local_task_job_runner.py:245} INFO - ::endgroup::
