[2024-11-26T01:22:33.902+0000] {local_task_job_runner.py:123} INFO - ::group::Pre task execution logs
[2024-11-26T01:22:33.919+0000] {taskinstance.py:2613} INFO - Dependencies all met for dep_context=non-requeueable deps ti=<TaskInstance: ETL_financial_reports.process_financial_reports_task scheduled__2024-11-25T00:00:00+00:00 [queued]>
[2024-11-26T01:22:33.928+0000] {taskinstance.py:2613} INFO - Dependencies all met for dep_context=requeueable deps ti=<TaskInstance: ETL_financial_reports.process_financial_reports_task scheduled__2024-11-25T00:00:00+00:00 [queued]>
[2024-11-26T01:22:33.929+0000] {taskinstance.py:2866} INFO - Starting attempt 1 of 1
[2024-11-26T01:22:33.943+0000] {taskinstance.py:2889} INFO - Executing <Task(PythonOperator): process_financial_reports_task> on 2024-11-25 00:00:00+00:00
[2024-11-26T01:22:33.952+0000] {logging_mixin.py:190} WARNING - /home/***/.local/lib/python3.12/site-packages/***/task/task_runner/standard_task_runner.py:70 DeprecationWarning: This process (pid=6660) is multi-threaded, use of fork() may lead to deadlocks in the child.
[2024-11-26T01:22:33.953+0000] {standard_task_runner.py:72} INFO - Started process 6664 to run task
[2024-11-26T01:22:33.952+0000] {standard_task_runner.py:104} INFO - Running: ['***', 'tasks', 'run', 'ETL_financial_reports', 'process_financial_reports_task', 'scheduled__2024-11-25T00:00:00+00:00', '--job-id', '310', '--raw', '--subdir', 'DAGS_FOLDER/project_dag.py', '--cfg-path', '/tmp/tmpyx18f31u']
[2024-11-26T01:22:33.955+0000] {standard_task_runner.py:105} INFO - Job 310: Subtask process_financial_reports_task
[2024-11-26T01:22:34.010+0000] {task_command.py:467} INFO - Running <TaskInstance: ETL_financial_reports.process_financial_reports_task scheduled__2024-11-25T00:00:00+00:00 [running]> on host 6a246d8d590f
[2024-11-26T01:22:34.367+0000] {taskinstance.py:3132} INFO - Exporting env vars: AIRFLOW_CTX_DAG_OWNER='***' AIRFLOW_CTX_DAG_ID='ETL_financial_reports' AIRFLOW_CTX_TASK_ID='process_financial_reports_task' AIRFLOW_CTX_EXECUTION_DATE='2024-11-25T00:00:00+00:00' AIRFLOW_CTX_TRY_NUMBER='1' AIRFLOW_CTX_DAG_RUN_ID='scheduled__2024-11-25T00:00:00+00:00'
[2024-11-26T01:22:34.368+0000] {taskinstance.py:731} INFO - ::endgroup::
[2024-11-26T01:22:34.672+0000] {logging_mixin.py:190} INFO - Processing file: CDBG-DR-Grants-Financial-Report-2023-03.pdf
[2024-11-26T01:22:47.654+0000] {logging_mixin.py:190} WARNING - /opt/***/dags/data_processing/financial_reports_processing_script.py:101 FutureWarning: Series.fillna with 'method' is deprecated and will raise in a future version. Use obj.ffill() or obj.bfill() instead.
[2024-11-26T01:22:47.917+0000] {logging_mixin.py:190} INFO - File saved to S3: s3://project-processed-data/financial_reports/processed_CDBG-DR-Grants-Financial-Report-2023-03.csv
[2024-11-26T01:22:48.198+0000] {logging_mixin.py:190} INFO - File moved from s3://project-raw-data-files/financial_reports/CDBG-DR-Grants-Financial-Report-2023-03.pdf to s3://project-raw-data-files/archived/financial_reports/CDBG-DR-Grants-Financial-Report-2023-03.pdf
[2024-11-26T01:22:48.200+0000] {logging_mixin.py:190} INFO - Processed file saved to S3: s3://project-processed-data/financial_reports/processed_CDBG-DR-Grants-Financial-Report-2023-03.csv
[2024-11-26T01:22:48.200+0000] {logging_mixin.py:190} INFO - Processing file: CDBG-DR-Grants-Financial-Report-2023-04.pdf
[2024-11-26T01:23:00.799+0000] {logging_mixin.py:190} WARNING - /opt/***/dags/data_processing/financial_reports_processing_script.py:101 FutureWarning: Series.fillna with 'method' is deprecated and will raise in a future version. Use obj.ffill() or obj.bfill() instead.
[2024-11-26T01:23:01.094+0000] {logging_mixin.py:190} INFO - File saved to S3: s3://project-processed-data/financial_reports/processed_CDBG-DR-Grants-Financial-Report-2023-04.csv
[2024-11-26T01:23:01.415+0000] {logging_mixin.py:190} INFO - File moved from s3://project-raw-data-files/financial_reports/CDBG-DR-Grants-Financial-Report-2023-04.pdf to s3://project-raw-data-files/archived/financial_reports/CDBG-DR-Grants-Financial-Report-2023-04.pdf
[2024-11-26T01:23:01.417+0000] {logging_mixin.py:190} INFO - Processed file saved to S3: s3://project-processed-data/financial_reports/processed_CDBG-DR-Grants-Financial-Report-2023-04.csv
[2024-11-26T01:23:01.432+0000] {python.py:240} INFO - Done. Returned value was: None
[2024-11-26T01:23:01.446+0000] {taskinstance.py:340} INFO - ::group::Post task execution logs
[2024-11-26T01:23:01.447+0000] {taskinstance.py:352} INFO - Marking task as SUCCESS. dag_id=ETL_financial_reports, task_id=process_financial_reports_task, run_id=scheduled__2024-11-25T00:00:00+00:00, execution_date=20241125T000000, start_date=20241126T012233, end_date=20241126T012301
[2024-11-26T01:23:01.520+0000] {local_task_job_runner.py:266} INFO - Task exited with return code 0
[2024-11-26T01:23:01.545+0000] {taskinstance.py:3895} INFO - 1 downstream tasks scheduled from follow-on schedule check
[2024-11-26T01:23:01.549+0000] {local_task_job_runner.py:245} INFO - ::endgroup::
