[2024-12-03T21:38:13.542+0000] {local_task_job_runner.py:123} INFO - ::group::Pre task execution logs
[2024-12-03T21:38:13.608+0000] {taskinstance.py:2613} INFO - Dependencies all met for dep_context=non-requeueable deps ti=<TaskInstance: ETL_history_reports.process_history_reports_task scheduled__2024-12-02T00:00:00+00:00 [queued]>
[2024-12-03T21:38:13.643+0000] {taskinstance.py:2613} INFO - Dependencies all met for dep_context=requeueable deps ti=<TaskInstance: ETL_history_reports.process_history_reports_task scheduled__2024-12-02T00:00:00+00:00 [queued]>
[2024-12-03T21:38:13.645+0000] {taskinstance.py:2866} INFO - Starting attempt 1 of 1
[2024-12-03T21:38:13.710+0000] {taskinstance.py:2889} INFO - Executing <Task(PythonOperator): process_history_reports_task> on 2024-12-02 00:00:00+00:00
[2024-12-03T21:38:13.754+0000] {standard_task_runner.py:104} INFO - Running: ['***', 'tasks', 'run', 'ETL_history_reports', 'process_history_reports_task', 'scheduled__2024-12-02T00:00:00+00:00', '--job-id', '506', '--raw', '--subdir', 'DAGS_FOLDER/history_reports_dag.py', '--cfg-path', '/tmp/tmp4vtp8p2x']
[2024-12-03T21:38:13.759+0000] {logging_mixin.py:190} WARNING - /home/***/.local/lib/python3.12/site-packages/***/task/task_runner/standard_task_runner.py:70 DeprecationWarning: This process (pid=67208) is multi-threaded, use of fork() may lead to deadlocks in the child.
[2024-12-03T21:38:13.760+0000] {standard_task_runner.py:105} INFO - Job 506: Subtask process_history_reports_task
[2024-12-03T21:38:13.764+0000] {standard_task_runner.py:72} INFO - Started process 67213 to run task
[2024-12-03T21:38:13.883+0000] {task_command.py:467} INFO - Running <TaskInstance: ETL_history_reports.process_history_reports_task scheduled__2024-12-02T00:00:00+00:00 [running]> on host 6a246d8d590f
[2024-12-03T21:38:14.537+0000] {taskinstance.py:3132} INFO - Exporting env vars: AIRFLOW_CTX_DAG_OWNER='***' AIRFLOW_CTX_DAG_ID='ETL_history_reports' AIRFLOW_CTX_TASK_ID='process_history_reports_task' AIRFLOW_CTX_EXECUTION_DATE='2024-12-02T00:00:00+00:00' AIRFLOW_CTX_TRY_NUMBER='1' AIRFLOW_CTX_DAG_RUN_ID='scheduled__2024-12-02T00:00:00+00:00'
[2024-12-03T21:38:14.539+0000] {taskinstance.py:731} INFO - ::endgroup::
[2024-12-03T21:38:22.780+0000] {logging_mixin.py:190} INFO - File saved to S3: s3://project-processed-data/history_reports/disaster_events_4_1_2024.csv
[2024-12-03T21:38:22.995+0000] {logging_mixin.py:190} INFO - File saved to S3: s3://project-processed-data/history_reports/grantee_4_1_2024.csv
[2024-12-03T21:38:23.237+0000] {logging_mixin.py:190} INFO - File saved to S3: s3://project-processed-data/history_reports/grant_4_1_2024.csv
[2024-12-03T21:38:23.648+0000] {logging_mixin.py:190} INFO - File saved to S3: s3://project-processed-data/history_reports/public_law_numbers_4_1_2024.csv
[2024-12-03T21:38:23.990+0000] {logging_mixin.py:190} INFO - File saved to S3: s3://project-processed-data/history_reports/disaster_public_law_4_1_2024.csv
[2024-12-03T21:38:24.436+0000] {logging_mixin.py:190} INFO - File moved from s3://project-raw-data-files/history_reports/CDBG_DR_Grant_History-4-1-2024.pdf to s3://project-raw-data-files/archived/history_reports/CDBG_DR_Grant_History-4-1-2024.pdf
[2024-12-03T21:38:24.439+0000] {logging_mixin.py:190} INFO - Processed file saved to S3: s3://project-processed-data/CDBG_DR_Grant_History-4-1-2024.pdf
[2024-12-03T21:38:24.442+0000] {python.py:240} INFO - Done. Returned value was: None
[2024-12-03T21:38:24.456+0000] {taskinstance.py:340} INFO - ::group::Post task execution logs
[2024-12-03T21:38:24.457+0000] {taskinstance.py:352} INFO - Marking task as SUCCESS. dag_id=ETL_history_reports, task_id=process_history_reports_task, run_id=scheduled__2024-12-02T00:00:00+00:00, execution_date=20241202T000000, start_date=20241203T213813, end_date=20241203T213824
[2024-12-03T21:38:24.608+0000] {local_task_job_runner.py:266} INFO - Task exited with return code 0
[2024-12-03T21:38:24.757+0000] {taskinstance.py:3895} INFO - 1 downstream tasks scheduled from follow-on schedule check
[2024-12-03T21:38:24.809+0000] {local_task_job_runner.py:245} INFO - ::endgroup::
