[2024-11-28T00:30:39.292+0000] {local_task_job_runner.py:123} INFO - ::group::Pre task execution logs
[2024-11-28T00:30:39.312+0000] {taskinstance.py:2613} INFO - Dependencies all met for dep_context=non-requeueable deps ti=<TaskInstance: ETL_usa_spending.process_usa_spending_data_task scheduled__2024-11-27T00:00:00+00:00 [queued]>
[2024-11-28T00:30:39.323+0000] {taskinstance.py:2613} INFO - Dependencies all met for dep_context=requeueable deps ti=<TaskInstance: ETL_usa_spending.process_usa_spending_data_task scheduled__2024-11-27T00:00:00+00:00 [queued]>
[2024-11-28T00:30:39.324+0000] {taskinstance.py:2866} INFO - Starting attempt 1 of 1
[2024-11-28T00:30:39.342+0000] {taskinstance.py:2889} INFO - Executing <Task(PythonOperator): process_usa_spending_data_task> on 2024-11-27 00:00:00+00:00
[2024-11-28T00:30:39.353+0000] {standard_task_runner.py:104} INFO - Running: ['***', 'tasks', 'run', 'ETL_usa_spending', 'process_usa_spending_data_task', 'scheduled__2024-11-27T00:00:00+00:00', '--job-id', '449', '--raw', '--subdir', 'DAGS_FOLDER/project_dag.py', '--cfg-path', '/tmp/tmpcha9bbl9']
[2024-11-28T00:30:39.356+0000] {logging_mixin.py:190} WARNING - /home/***/.local/lib/python3.12/site-packages/***/task/task_runner/standard_task_runner.py:70 DeprecationWarning: This process (pid=32691) is multi-threaded, use of fork() may lead to deadlocks in the child.
[2024-11-28T00:30:39.357+0000] {standard_task_runner.py:105} INFO - Job 449: Subtask process_usa_spending_data_task
[2024-11-28T00:30:39.358+0000] {standard_task_runner.py:72} INFO - Started process 32703 to run task
[2024-11-28T00:30:39.429+0000] {task_command.py:467} INFO - Running <TaskInstance: ETL_usa_spending.process_usa_spending_data_task scheduled__2024-11-27T00:00:00+00:00 [running]> on host 6a246d8d590f
[2024-11-28T00:30:39.756+0000] {taskinstance.py:3132} INFO - Exporting env vars: AIRFLOW_CTX_DAG_OWNER='***' AIRFLOW_CTX_DAG_ID='ETL_usa_spending' AIRFLOW_CTX_TASK_ID='process_usa_spending_data_task' AIRFLOW_CTX_EXECUTION_DATE='2024-11-27T00:00:00+00:00' AIRFLOW_CTX_TRY_NUMBER='1' AIRFLOW_CTX_DAG_RUN_ID='scheduled__2024-11-27T00:00:00+00:00'
[2024-11-28T00:30:39.758+0000] {taskinstance.py:731} INFO - ::endgroup::
[2024-11-28T00:30:40.148+0000] {logging_mixin.py:190} INFO - Processing file: funding_data_11_28_2024.csv
[2024-11-28T00:30:40.656+0000] {logging_mixin.py:190} INFO - Processing file: other_data_11_28_2024.csv
[2024-11-28T00:30:40.936+0000] {logging_mixin.py:190} INFO - Processing file: spending_by_award_11_28_2024.csv
[2024-11-28T00:30:41.258+0000] {logging_mixin.py:190} INFO - Processing file: subawards_11_28_2024.csv
[2024-11-28T00:30:41.601+0000] {logging_mixin.py:190} INFO - Processing file: transactions_11_28_2024.csv
[2024-11-28T00:30:42.243+0000] {logging_mixin.py:190} INFO - File saved to S3: s3://project-processed-data/usa_spending_data/states_20241128_003042.csv
[2024-11-28T00:30:42.428+0000] {logging_mixin.py:190} INFO - File saved to S3: s3://project-processed-data/usa_spending_data/cfda_20241128_003042.csv
[2024-11-28T00:30:42.626+0000] {logging_mixin.py:190} INFO - File saved to S3: s3://project-processed-data/usa_spending_data/agency_data_20241128_003042.csv
[2024-11-28T00:30:42.840+0000] {logging_mixin.py:190} INFO - File saved to S3: s3://project-processed-data/usa_spending_data/sub_agency_20241128_003042.csv
[2024-11-28T00:30:43.124+0000] {logging_mixin.py:190} INFO - File saved to S3: s3://project-processed-data/usa_spending_data/recipients_20241128_003042.csv
[2024-11-28T00:30:43.540+0000] {logging_mixin.py:190} INFO - File saved to S3: s3://project-processed-data/usa_spending_data/grants_20241128_003042.csv
[2024-11-28T00:30:44.031+0000] {logging_mixin.py:190} INFO - File saved to S3: s3://project-processed-data/usa_spending_data/federal_awards_20241128_003042.csv
[2024-11-28T00:30:44.657+0000] {logging_mixin.py:190} INFO - File saved to S3: s3://project-processed-data/usa_spending_data/funding_20241128_003042.csv
[2024-11-28T00:30:45.094+0000] {logging_mixin.py:190} INFO - File saved to S3: s3://project-processed-data/usa_spending_data/transactions_20241128_003042.csv
[2024-11-28T00:30:45.531+0000] {logging_mixin.py:190} INFO - File saved to S3: s3://project-processed-data/usa_spending_data/sub_awards_20241128_003042.csv
[2024-11-28T00:30:45.878+0000] {logging_mixin.py:190} INFO - File moved from s3://project-raw-data-files/usa_spending_data/funding_data_11_28_2024.csv to s3://project-raw-data-files/archived/usa_spending_data/funding_data_11_28_2024.csv
[2024-11-28T00:30:46.256+0000] {logging_mixin.py:190} INFO - File moved from s3://project-raw-data-files/usa_spending_data/other_data_11_28_2024.csv to s3://project-raw-data-files/archived/usa_spending_data/other_data_11_28_2024.csv
[2024-11-28T00:30:46.621+0000] {logging_mixin.py:190} INFO - File moved from s3://project-raw-data-files/usa_spending_data/spending_by_award_11_28_2024.csv to s3://project-raw-data-files/archived/usa_spending_data/spending_by_award_11_28_2024.csv
[2024-11-28T00:30:47.112+0000] {logging_mixin.py:190} INFO - File moved from s3://project-raw-data-files/usa_spending_data/subawards_11_28_2024.csv to s3://project-raw-data-files/archived/usa_spending_data/subawards_11_28_2024.csv
[2024-11-28T00:30:47.503+0000] {logging_mixin.py:190} INFO - File moved from s3://project-raw-data-files/usa_spending_data/transactions_11_28_2024.csv to s3://project-raw-data-files/archived/usa_spending_data/transactions_11_28_2024.csv
[2024-11-28T00:30:47.518+0000] {python.py:240} INFO - Done. Returned value was: None
[2024-11-28T00:30:47.550+0000] {taskinstance.py:340} INFO - ::group::Post task execution logs
[2024-11-28T00:30:47.552+0000] {taskinstance.py:352} INFO - Marking task as SUCCESS. dag_id=ETL_usa_spending, task_id=process_usa_spending_data_task, run_id=scheduled__2024-11-27T00:00:00+00:00, execution_date=20241127T000000, start_date=20241128T003039, end_date=20241128T003047
[2024-11-28T00:30:47.652+0000] {local_task_job_runner.py:266} INFO - Task exited with return code 0
[2024-11-28T00:30:47.692+0000] {taskinstance.py:3895} INFO - 0 downstream tasks scheduled from follow-on schedule check
[2024-11-28T00:30:47.697+0000] {local_task_job_runner.py:245} INFO - ::endgroup::
