[2024-11-26T05:52:17.137+0000] {local_task_job_runner.py:123} INFO - ::group::Pre task execution logs
[2024-11-26T05:52:17.156+0000] {taskinstance.py:2613} INFO - Dependencies all met for dep_context=non-requeueable deps ti=<TaskInstance: ETL_financial_reports.ingest_financial_reports_task manual__2024-11-26T05:52:00.684523+00:00 [queued]>
[2024-11-26T05:52:17.166+0000] {taskinstance.py:2613} INFO - Dependencies all met for dep_context=requeueable deps ti=<TaskInstance: ETL_financial_reports.ingest_financial_reports_task manual__2024-11-26T05:52:00.684523+00:00 [queued]>
[2024-11-26T05:52:17.166+0000] {taskinstance.py:2866} INFO - Starting attempt 1 of 1
[2024-11-26T05:52:17.183+0000] {taskinstance.py:2889} INFO - Executing <Task(PythonOperator): ingest_financial_reports_task> on 2024-11-26 05:52:00.684523+00:00
[2024-11-26T05:52:17.192+0000] {logging_mixin.py:190} WARNING - /home/***/.local/lib/python3.12/site-packages/***/task/task_runner/standard_task_runner.py:70 DeprecationWarning: This process (pid=13195) is multi-threaded, use of fork() may lead to deadlocks in the child.
[2024-11-26T05:52:17.194+0000] {standard_task_runner.py:72} INFO - Started process 13197 to run task
[2024-11-26T05:52:17.192+0000] {standard_task_runner.py:104} INFO - Running: ['***', 'tasks', 'run', 'ETL_financial_reports', 'ingest_financial_reports_task', 'manual__2024-11-26T05:52:00.684523+00:00', '--job-id', '371', '--raw', '--subdir', 'DAGS_FOLDER/project_dag.py', '--cfg-path', '/tmp/tmpc6s0q3ml']
[2024-11-26T05:52:17.195+0000] {standard_task_runner.py:105} INFO - Job 371: Subtask ingest_financial_reports_task
[2024-11-26T05:52:17.245+0000] {task_command.py:467} INFO - Running <TaskInstance: ETL_financial_reports.ingest_financial_reports_task manual__2024-11-26T05:52:00.684523+00:00 [running]> on host 6a246d8d590f
[2024-11-26T05:52:17.539+0000] {taskinstance.py:3132} INFO - Exporting env vars: AIRFLOW_CTX_DAG_OWNER='***' AIRFLOW_CTX_DAG_ID='ETL_financial_reports' AIRFLOW_CTX_TASK_ID='ingest_financial_reports_task' AIRFLOW_CTX_EXECUTION_DATE='2024-11-26T05:52:00.684523+00:00' AIRFLOW_CTX_TRY_NUMBER='1' AIRFLOW_CTX_DAG_RUN_ID='manual__2024-11-26T05:52:00.684523+00:00'
[2024-11-26T05:52:17.540+0000] {taskinstance.py:731} INFO - ::endgroup::
[2024-11-26T05:52:18.064+0000] {logging_mixin.py:190} INFO - Processing file: financial_reports/processed_CDBG_DR_Grant_Expenditure_Report_10_2024.csv
[2024-11-26T05:52:18.723+0000] {logging_mixin.py:190} INFO - Data successfully written to table grantfinancialreports.
[2024-11-26T05:52:18.948+0000] {logging_mixin.py:190} INFO - File moved from s3://project-processed-data/financial_reports/processed_CDBG_DR_Grant_Expenditure_Report_10_2024.csv to s3://project-processed-data/archived/financial_reports/processed_CDBG_DR_Grant_Expenditure_Report_10_2024.csv
[2024-11-26T05:52:20.227+0000] {logging_mixin.py:190} INFO - Processing file: financial_reports/processed_CDBG_DR_Grant_Expenditure_Report_11_2024.csv
[2024-11-26T05:52:21.003+0000] {logging_mixin.py:190} INFO - Data successfully written to table grantfinancialreports.
[2024-11-26T05:52:21.235+0000] {logging_mixin.py:190} INFO - File moved from s3://project-processed-data/financial_reports/processed_CDBG_DR_Grant_Expenditure_Report_11_2024.csv to s3://project-processed-data/archived/financial_reports/processed_CDBG_DR_Grant_Expenditure_Report_11_2024.csv
[2024-11-26T05:52:22.677+0000] {logging_mixin.py:190} INFO - Processing file: financial_reports/processed_CDBG_DR_Grant_Expenditure_Report_5_2024.csv
[2024-11-26T05:52:23.629+0000] {logging_mixin.py:190} INFO - Data successfully written to table grantfinancialreports.
[2024-11-26T05:52:23.914+0000] {logging_mixin.py:190} INFO - File moved from s3://project-processed-data/financial_reports/processed_CDBG_DR_Grant_Expenditure_Report_5_2024.csv to s3://project-processed-data/archived/financial_reports/processed_CDBG_DR_Grant_Expenditure_Report_5_2024.csv
[2024-11-26T05:52:25.307+0000] {logging_mixin.py:190} INFO - Processing file: financial_reports/processed_CDBG_DR_Grant_Expenditure_Report_6_2024.csv
[2024-11-26T05:52:26.192+0000] {logging_mixin.py:190} INFO - Data successfully written to table grantfinancialreports.
[2024-11-26T05:52:26.501+0000] {logging_mixin.py:190} INFO - File moved from s3://project-processed-data/financial_reports/processed_CDBG_DR_Grant_Expenditure_Report_6_2024.csv to s3://project-processed-data/archived/financial_reports/processed_CDBG_DR_Grant_Expenditure_Report_6_2024.csv
[2024-11-26T05:52:27.893+0000] {logging_mixin.py:190} INFO - Processing file: financial_reports/processed_CDBG_DR_Grant_Expenditure_Report_7_2024.csv
[2024-11-26T05:52:28.778+0000] {logging_mixin.py:190} INFO - Data successfully written to table grantfinancialreports.
[2024-11-26T05:52:29.143+0000] {logging_mixin.py:190} INFO - File moved from s3://project-processed-data/financial_reports/processed_CDBG_DR_Grant_Expenditure_Report_7_2024.csv to s3://project-processed-data/archived/financial_reports/processed_CDBG_DR_Grant_Expenditure_Report_7_2024.csv
[2024-11-26T05:52:30.427+0000] {logging_mixin.py:190} INFO - Processing file: financial_reports/processed_CDBG_DR_Grant_Expenditure_Report_8_2024.csv
[2024-11-26T05:52:31.174+0000] {logging_mixin.py:190} INFO - Data successfully written to table grantfinancialreports.
[2024-11-26T05:52:31.408+0000] {logging_mixin.py:190} INFO - File moved from s3://project-processed-data/financial_reports/processed_CDBG_DR_Grant_Expenditure_Report_8_2024.csv to s3://project-processed-data/archived/financial_reports/processed_CDBG_DR_Grant_Expenditure_Report_8_2024.csv
[2024-11-26T05:52:32.690+0000] {logging_mixin.py:190} INFO - Processing file: financial_reports/processed_CDBG_DR_Grant_Expenditure_Report_9_2024.csv
[2024-11-26T05:52:33.342+0000] {logging_mixin.py:190} INFO - Data successfully written to table grantfinancialreports.
[2024-11-26T05:52:33.591+0000] {logging_mixin.py:190} INFO - File moved from s3://project-processed-data/financial_reports/processed_CDBG_DR_Grant_Expenditure_Report_9_2024.csv to s3://project-processed-data/archived/financial_reports/processed_CDBG_DR_Grant_Expenditure_Report_9_2024.csv
[2024-11-26T05:52:34.595+0000] {python.py:240} INFO - Done. Returned value was: None
[2024-11-26T05:52:34.610+0000] {taskinstance.py:340} INFO - ::group::Post task execution logs
[2024-11-26T05:52:34.611+0000] {taskinstance.py:352} INFO - Marking task as SUCCESS. dag_id=ETL_financial_reports, task_id=ingest_financial_reports_task, run_id=manual__2024-11-26T05:52:00.684523+00:00, execution_date=20241126T055200, start_date=20241126T055217, end_date=20241126T055234
[2024-11-26T05:52:34.669+0000] {local_task_job_runner.py:266} INFO - Task exited with return code 0
[2024-11-26T05:52:34.692+0000] {taskinstance.py:3895} INFO - 0 downstream tasks scheduled from follow-on schedule check
[2024-11-26T05:52:34.694+0000] {local_task_job_runner.py:245} INFO - ::endgroup::
