[2024-11-29T04:19:44.078+0000] {local_task_job_runner.py:123} INFO - ::group::Pre task execution logs
[2024-11-29T04:19:44.100+0000] {taskinstance.py:2613} INFO - Dependencies all met for dep_context=non-requeueable deps ti=<TaskInstance: ETL_usa_spending.process_usa_spending_data_task scheduled__2024-11-28T00:00:00+00:00 [queued]>
[2024-11-29T04:19:44.111+0000] {taskinstance.py:2613} INFO - Dependencies all met for dep_context=requeueable deps ti=<TaskInstance: ETL_usa_spending.process_usa_spending_data_task scheduled__2024-11-28T00:00:00+00:00 [queued]>
[2024-11-29T04:19:44.112+0000] {taskinstance.py:2866} INFO - Starting attempt 1 of 1
[2024-11-29T04:19:44.129+0000] {taskinstance.py:2889} INFO - Executing <Task(PythonOperator): process_usa_spending_data_task> on 2024-11-28 00:00:00+00:00
[2024-11-29T04:19:44.144+0000] {logging_mixin.py:190} WARNING - /home/***/.local/lib/python3.12/site-packages/***/task/task_runner/standard_task_runner.py:70 DeprecationWarning: This process (pid=45339) is multi-threaded, use of fork() may lead to deadlocks in the child.
[2024-11-29T04:19:44.149+0000] {standard_task_runner.py:72} INFO - Started process 45350 to run task
[2024-11-29T04:19:44.142+0000] {standard_task_runner.py:104} INFO - Running: ['***', 'tasks', 'run', 'ETL_usa_spending', 'process_usa_spending_data_task', 'scheduled__2024-11-28T00:00:00+00:00', '--job-id', '461', '--raw', '--subdir', 'DAGS_FOLDER/project_dag.py', '--cfg-path', '/tmp/tmp9o468bmr']
[2024-11-29T04:19:44.155+0000] {standard_task_runner.py:105} INFO - Job 461: Subtask process_usa_spending_data_task
[2024-11-29T04:19:44.288+0000] {task_command.py:467} INFO - Running <TaskInstance: ETL_usa_spending.process_usa_spending_data_task scheduled__2024-11-28T00:00:00+00:00 [running]> on host 6a246d8d590f
[2024-11-29T04:19:44.933+0000] {taskinstance.py:3132} INFO - Exporting env vars: AIRFLOW_CTX_DAG_OWNER='***' AIRFLOW_CTX_DAG_ID='ETL_usa_spending' AIRFLOW_CTX_TASK_ID='process_usa_spending_data_task' AIRFLOW_CTX_EXECUTION_DATE='2024-11-28T00:00:00+00:00' AIRFLOW_CTX_TRY_NUMBER='1' AIRFLOW_CTX_DAG_RUN_ID='scheduled__2024-11-28T00:00:00+00:00'
[2024-11-29T04:19:44.935+0000] {taskinstance.py:731} INFO - ::endgroup::
[2024-11-29T04:19:45.432+0000] {logging_mixin.py:190} INFO - Processing file: funding_data_11_29_2024.csv
[2024-11-29T04:19:46.032+0000] {logging_mixin.py:190} INFO - Processing file: other_data_11_29_2024.csv
[2024-11-29T04:19:46.363+0000] {logging_mixin.py:190} INFO - Processing file: spending_by_award_11_29_2024.csv
[2024-11-29T04:19:46.671+0000] {logging_mixin.py:190} INFO - Processing file: subawards_11_29_2024.csv
[2024-11-29T04:19:47.003+0000] {logging_mixin.py:190} INFO - Processing file: transactions_11_29_2024.csv
[2024-11-29T04:19:47.702+0000] {logging_mixin.py:190} INFO - File saved to S3: s3://project-processed-data/usa_spending_data/states_20241129_041947.csv
[2024-11-29T04:19:47.921+0000] {logging_mixin.py:190} INFO - File saved to S3: s3://project-processed-data/usa_spending_data/cfda_20241129_041947.csv
[2024-11-29T04:19:48.120+0000] {logging_mixin.py:190} INFO - File saved to S3: s3://project-processed-data/usa_spending_data/agency_data_20241129_041947.csv
[2024-11-29T04:19:48.353+0000] {logging_mixin.py:190} INFO - File saved to S3: s3://project-processed-data/usa_spending_data/sub_agency_20241129_041947.csv
[2024-11-29T04:19:48.610+0000] {logging_mixin.py:190} INFO - File saved to S3: s3://project-processed-data/usa_spending_data/recipients_20241129_041947.csv
[2024-11-29T04:19:49.115+0000] {logging_mixin.py:190} INFO - File saved to S3: s3://project-processed-data/usa_spending_data/grants_20241129_041947.csv
[2024-11-29T04:19:49.502+0000] {logging_mixin.py:190} INFO - File saved to S3: s3://project-processed-data/usa_spending_data/federal_awards_20241129_041947.csv
[2024-11-29T04:19:50.167+0000] {logging_mixin.py:190} INFO - File saved to S3: s3://project-processed-data/usa_spending_data/funding_20241129_041947.csv
[2024-11-29T04:19:50.747+0000] {logging_mixin.py:190} INFO - File saved to S3: s3://project-processed-data/usa_spending_data/transactions_20241129_041947.csv
[2024-11-29T04:19:51.061+0000] {logging_mixin.py:190} INFO - File saved to S3: s3://project-processed-data/usa_spending_data/sub_awards_20241129_041947.csv
[2024-11-29T04:19:51.435+0000] {logging_mixin.py:190} INFO - File moved from s3://project-raw-data-files/usa_spending_data/funding_data_11_29_2024.csv to s3://project-raw-data-files/archived/usa_spending_data/funding_data_11_29_2024.csv
[2024-11-29T04:19:51.728+0000] {logging_mixin.py:190} INFO - File moved from s3://project-raw-data-files/usa_spending_data/other_data_11_29_2024.csv to s3://project-raw-data-files/archived/usa_spending_data/other_data_11_29_2024.csv
[2024-11-29T04:19:52.091+0000] {logging_mixin.py:190} INFO - File moved from s3://project-raw-data-files/usa_spending_data/spending_by_award_11_29_2024.csv to s3://project-raw-data-files/archived/usa_spending_data/spending_by_award_11_29_2024.csv
[2024-11-29T04:19:52.388+0000] {logging_mixin.py:190} INFO - File moved from s3://project-raw-data-files/usa_spending_data/subawards_11_29_2024.csv to s3://project-raw-data-files/archived/usa_spending_data/subawards_11_29_2024.csv
[2024-11-29T04:19:52.665+0000] {logging_mixin.py:190} INFO - File moved from s3://project-raw-data-files/usa_spending_data/transactions_11_29_2024.csv to s3://project-raw-data-files/archived/usa_spending_data/transactions_11_29_2024.csv
[2024-11-29T04:19:52.683+0000] {python.py:240} INFO - Done. Returned value was: None
[2024-11-29T04:19:52.711+0000] {taskinstance.py:340} INFO - ::group::Post task execution logs
[2024-11-29T04:19:52.712+0000] {taskinstance.py:352} INFO - Marking task as SUCCESS. dag_id=ETL_usa_spending, task_id=process_usa_spending_data_task, run_id=scheduled__2024-11-28T00:00:00+00:00, execution_date=20241128T000000, start_date=20241129T041944, end_date=20241129T041952
[2024-11-29T04:19:52.773+0000] {local_task_job_runner.py:266} INFO - Task exited with return code 0
[2024-11-29T04:19:52.801+0000] {taskinstance.py:3895} INFO - 1 downstream tasks scheduled from follow-on schedule check
[2024-11-29T04:19:52.805+0000] {local_task_job_runner.py:245} INFO - ::endgroup::
