[2024-11-22T06:52:08.550+0000] {local_task_job_runner.py:123} INFO - ::group::Pre task execution logs
[2024-11-22T06:52:08.569+0000] {taskinstance.py:2613} INFO - Dependencies all met for dep_context=non-requeueable deps ti=<TaskInstance: ETL_usa_spending.ingest_usa_spending_data_task manual__2024-11-22T06:52:02.507771+00:00 [queued]>
[2024-11-22T06:52:08.583+0000] {taskinstance.py:2613} INFO - Dependencies all met for dep_context=requeueable deps ti=<TaskInstance: ETL_usa_spending.ingest_usa_spending_data_task manual__2024-11-22T06:52:02.507771+00:00 [queued]>
[2024-11-22T06:52:08.584+0000] {taskinstance.py:2866} INFO - Starting attempt 1 of 1
[2024-11-22T06:52:08.609+0000] {taskinstance.py:2889} INFO - Executing <Task(PythonOperator): ingest_usa_spending_data_task> on 2024-11-22 06:52:02.507771+00:00
[2024-11-22T06:52:08.626+0000] {logging_mixin.py:190} WARNING - /home/***/.local/lib/python3.12/site-packages/***/task/task_runner/standard_task_runner.py:70 DeprecationWarning: This process (pid=73283) is multi-threaded, use of fork() may lead to deadlocks in the child.
[2024-11-22T06:52:08.628+0000] {standard_task_runner.py:72} INFO - Started process 73285 to run task
[2024-11-22T06:52:08.626+0000] {standard_task_runner.py:104} INFO - Running: ['***', 'tasks', 'run', 'ETL_usa_spending', 'ingest_usa_spending_data_task', 'manual__2024-11-22T06:52:02.507771+00:00', '--job-id', '176', '--raw', '--subdir', 'DAGS_FOLDER/project_dag.py', '--cfg-path', '/tmp/tmp_gwb3zjs']
[2024-11-22T06:52:08.630+0000] {standard_task_runner.py:105} INFO - Job 176: Subtask ingest_usa_spending_data_task
[2024-11-22T06:52:08.703+0000] {task_command.py:467} INFO - Running <TaskInstance: ETL_usa_spending.ingest_usa_spending_data_task manual__2024-11-22T06:52:02.507771+00:00 [running]> on host 7da4b16cbed4
[2024-11-22T06:52:08.822+0000] {taskinstance.py:3132} INFO - Exporting env vars: AIRFLOW_CTX_DAG_OWNER='***' AIRFLOW_CTX_DAG_ID='ETL_usa_spending' AIRFLOW_CTX_TASK_ID='ingest_usa_spending_data_task' AIRFLOW_CTX_EXECUTION_DATE='2024-11-22T06:52:02.507771+00:00' AIRFLOW_CTX_TRY_NUMBER='1' AIRFLOW_CTX_DAG_RUN_ID='manual__2024-11-22T06:52:02.507771+00:00'
[2024-11-22T06:52:08.824+0000] {taskinstance.py:731} INFO - ::endgroup::
[2024-11-22T06:52:09.703+0000] {logging_mixin.py:190} INFO - Data successfully written to table states.
[2024-11-22T06:52:10.134+0000] {logging_mixin.py:190} INFO - File moved from s3://project-processed-data/usa_spending_data/states_20241122_065003.csv to s3://project-processed-data/archived/usa_spending_data/states_20241122_065003.csv
[2024-11-22T06:52:10.674+0000] {logging_mixin.py:190} INFO - Data successfully written to table cfdaprograms.
[2024-11-22T06:52:10.907+0000] {logging_mixin.py:190} INFO - File moved from s3://project-processed-data/usa_spending_data/cfda_20241122_065003.csv to s3://project-processed-data/archived/usa_spending_data/cfda_20241122_065003.csv
[2024-11-22T06:52:13.442+0000] {logging_mixin.py:190} INFO - Data successfully written to table recipients.
[2024-11-22T06:52:13.725+0000] {logging_mixin.py:190} INFO - File moved from s3://project-processed-data/usa_spending_data/recipients_20241122_065003.csv to s3://project-processed-data/archived/usa_spending_data/recipients_20241122_065003.csv
[2024-11-22T06:52:14.244+0000] {logging_mixin.py:190} INFO - Data successfully written to table agencies.
[2024-11-22T06:52:14.487+0000] {logging_mixin.py:190} INFO - File moved from s3://project-processed-data/usa_spending_data/agency_20241122_065003.csv to s3://project-processed-data/archived/usa_spending_data/agency_20241122_065003.csv
[2024-11-22T06:52:14.997+0000] {logging_mixin.py:190} INFO - Data successfully written to table subagency.
[2024-11-22T06:52:15.237+0000] {logging_mixin.py:190} INFO - File moved from s3://project-processed-data/usa_spending_data/sub_agency_20241122_065003.csv to s3://project-processed-data/archived/usa_spending_data/sub_agency_20241122_065003.csv
[2024-11-22T06:52:30.433+0000] {logging_mixin.py:190} INFO - Data successfully written to table grants.
[2024-11-22T06:52:30.738+0000] {logging_mixin.py:190} INFO - File moved from s3://project-processed-data/usa_spending_data/grants_20241122_065003.csv to s3://project-processed-data/archived/usa_spending_data/grants_20241122_065003.csv
[2024-11-22T06:56:58.811+0000] {logging_mixin.py:190} INFO - Data successfully written to table funding.
[2024-11-22T06:56:59.275+0000] {logging_mixin.py:190} INFO - File moved from s3://project-processed-data/usa_spending_data/funding_20241122_065003.csv to s3://project-processed-data/archived/usa_spending_data/funding_20241122_065003.csv
[2024-11-22T06:57:00.117+0000] {logging_mixin.py:190} INFO - Error: insert or update on table "federalawards" violates foreign key constraint "federalawards_awarding_agency_id_fkey"
DETAIL:  Key (awarding_agency_id)=(882) is not present in table "agencies".
[2024-11-22T06:57:23.004+0000] {logging_mixin.py:190} INFO - Data successfully written to table transactions.
[2024-11-22T06:57:23.395+0000] {logging_mixin.py:190} INFO - File moved from s3://project-processed-data/usa_spending_data/transactions_20241122_065003.csv to s3://project-processed-data/archived/usa_spending_data/transactions_20241122_065003.csv
[2024-11-22T06:58:04.722+0000] {logging_mixin.py:190} INFO - Data successfully written to table subawards.
[2024-11-22T06:58:05.048+0000] {logging_mixin.py:190} INFO - File moved from s3://project-processed-data/usa_spending_data/sub_awards_20241122_065003.csv to s3://project-processed-data/archived/usa_spending_data/sub_awards_20241122_065003.csv
[2024-11-22T06:58:05.051+0000] {python.py:240} INFO - Done. Returned value was: None
[2024-11-22T06:58:05.064+0000] {taskinstance.py:340} INFO - ::group::Post task execution logs
[2024-11-22T06:58:05.065+0000] {taskinstance.py:352} INFO - Marking task as SUCCESS. dag_id=ETL_usa_spending, task_id=ingest_usa_spending_data_task, run_id=manual__2024-11-22T06:52:02.507771+00:00, execution_date=20241122T065202, start_date=20241122T065208, end_date=20241122T065805
[2024-11-22T06:58:05.117+0000] {local_task_job_runner.py:266} INFO - Task exited with return code 0
[2024-11-22T06:58:05.137+0000] {taskinstance.py:3895} INFO - 0 downstream tasks scheduled from follow-on schedule check
[2024-11-22T06:58:05.140+0000] {local_task_job_runner.py:245} INFO - ::endgroup::
