[2024-11-11T06:44:28.935+0000] {processor.py:186} INFO - Started process (PID=292) to work on /home/airflow/.local/lib/python3.12/site-packages/airflow/example_dags/example_params_trigger_ui.py
[2024-11-11T06:44:28.937+0000] {processor.py:914} INFO - Processing file /home/airflow/.local/lib/python3.12/site-packages/airflow/example_dags/example_params_trigger_ui.py for tasks to queue
[2024-11-11T06:44:28.945+0000] {logging_mixin.py:190} INFO - [2024-11-11T06:44:28.944+0000] {dagbag.py:588} INFO - Filling up the DagBag from /home/airflow/.local/lib/python3.12/site-packages/airflow/example_dags/example_params_trigger_ui.py
[2024-11-11T06:44:28.999+0000] {processor.py:925} INFO - DAG(s) 'example_params_trigger_ui' retrieved from /home/airflow/.local/lib/python3.12/site-packages/airflow/example_dags/example_params_trigger_ui.py
[2024-11-11T06:44:29.407+0000] {logging_mixin.py:190} INFO - [2024-11-11T06:44:29.406+0000] {override.py:1911} INFO - Created Permission View: can delete on DAG:example_params_trigger_ui
[2024-11-11T06:44:29.432+0000] {logging_mixin.py:190} INFO - [2024-11-11T06:44:29.431+0000] {override.py:1911} INFO - Created Permission View: can edit on DAG:example_params_trigger_ui
[2024-11-11T06:44:29.450+0000] {logging_mixin.py:190} INFO - [2024-11-11T06:44:29.449+0000] {override.py:1911} INFO - Created Permission View: can read on DAG:example_params_trigger_ui
[2024-11-11T06:44:29.469+0000] {logging_mixin.py:190} INFO - [2024-11-11T06:44:29.469+0000] {override.py:1911} INFO - Created Permission View: menu access on DAG Run:example_params_trigger_ui
[2024-11-11T06:44:29.497+0000] {logging_mixin.py:190} INFO - [2024-11-11T06:44:29.495+0000] {override.py:1911} INFO - Created Permission View: can delete on DAG Run:example_params_trigger_ui
[2024-11-11T06:44:29.515+0000] {logging_mixin.py:190} INFO - [2024-11-11T06:44:29.514+0000] {override.py:1911} INFO - Created Permission View: can create on DAG Run:example_params_trigger_ui
[2024-11-11T06:44:29.544+0000] {logging_mixin.py:190} INFO - [2024-11-11T06:44:29.544+0000] {override.py:1911} INFO - Created Permission View: can read on DAG Run:example_params_trigger_ui
[2024-11-11T06:44:29.546+0000] {logging_mixin.py:190} INFO - [2024-11-11T06:44:29.545+0000] {dag.py:3239} INFO - Sync 1 DAGs
[2024-11-11T06:44:29.580+0000] {logging_mixin.py:190} INFO - [2024-11-11T06:44:29.580+0000] {dag.py:3262} INFO - Creating ORM DAG for example_params_trigger_ui
[2024-11-11T06:44:29.583+0000] {logging_mixin.py:190} INFO - [2024-11-11T06:44:29.582+0000] {dag.py:4180} INFO - Setting next_dagrun for example_params_trigger_ui to None, run_after=None
[2024-11-11T06:44:29.653+0000] {processor.py:208} INFO - Processing /home/airflow/.local/lib/python3.12/site-packages/airflow/example_dags/example_params_trigger_ui.py took 0.732 seconds
[2024-11-11T06:45:09.268+0000] {processor.py:186} INFO - Started process (PID=590) to work on /home/airflow/.local/lib/python3.12/site-packages/airflow/example_dags/example_params_trigger_ui.py
[2024-11-11T06:45:09.278+0000] {processor.py:914} INFO - Processing file /home/airflow/.local/lib/python3.12/site-packages/airflow/example_dags/example_params_trigger_ui.py for tasks to queue
[2024-11-11T06:45:09.285+0000] {logging_mixin.py:190} INFO - [2024-11-11T06:45:09.285+0000] {dagbag.py:588} INFO - Filling up the DagBag from /home/airflow/.local/lib/python3.12/site-packages/airflow/example_dags/example_params_trigger_ui.py
[2024-11-11T06:45:09.321+0000] {processor.py:925} INFO - DAG(s) 'example_params_trigger_ui' retrieved from /home/airflow/.local/lib/python3.12/site-packages/airflow/example_dags/example_params_trigger_ui.py
[2024-11-11T06:45:09.550+0000] {logging_mixin.py:190} INFO - [2024-11-11T06:45:09.549+0000] {dag.py:3239} INFO - Sync 1 DAGs
[2024-11-11T06:45:09.654+0000] {logging_mixin.py:190} INFO - [2024-11-11T06:45:09.653+0000] {dag.py:4180} INFO - Setting next_dagrun for example_params_trigger_ui to None, run_after=None
[2024-11-11T06:45:09.771+0000] {processor.py:208} INFO - Processing /home/airflow/.local/lib/python3.12/site-packages/airflow/example_dags/example_params_trigger_ui.py took 0.525 seconds
[2024-11-11T06:45:54.500+0000] {processor.py:186} INFO - Started process (PID=906) to work on /home/airflow/.local/lib/python3.12/site-packages/airflow/example_dags/example_params_trigger_ui.py
[2024-11-11T06:45:54.544+0000] {processor.py:914} INFO - Processing file /home/airflow/.local/lib/python3.12/site-packages/airflow/example_dags/example_params_trigger_ui.py for tasks to queue
[2024-11-11T06:45:54.550+0000] {logging_mixin.py:190} INFO - [2024-11-11T06:45:54.549+0000] {dagbag.py:588} INFO - Filling up the DagBag from /home/airflow/.local/lib/python3.12/site-packages/airflow/example_dags/example_params_trigger_ui.py
[2024-11-11T06:45:54.587+0000] {processor.py:925} INFO - DAG(s) 'example_params_trigger_ui' retrieved from /home/airflow/.local/lib/python3.12/site-packages/airflow/example_dags/example_params_trigger_ui.py
[2024-11-11T06:45:54.789+0000] {logging_mixin.py:190} INFO - [2024-11-11T06:45:54.788+0000] {dag.py:3239} INFO - Sync 1 DAGs
[2024-11-11T06:45:54.864+0000] {logging_mixin.py:190} INFO - [2024-11-11T06:45:54.863+0000] {dag.py:4180} INFO - Setting next_dagrun for example_params_trigger_ui to None, run_after=None
[2024-11-11T06:45:54.968+0000] {processor.py:208} INFO - Processing /home/airflow/.local/lib/python3.12/site-packages/airflow/example_dags/example_params_trigger_ui.py took 0.503 seconds
[2024-11-11T06:46:25.409+0000] {processor.py:186} INFO - Started process (PID=1192) to work on /home/airflow/.local/lib/python3.12/site-packages/airflow/example_dags/example_params_trigger_ui.py
[2024-11-11T06:46:25.413+0000] {processor.py:914} INFO - Processing file /home/airflow/.local/lib/python3.12/site-packages/airflow/example_dags/example_params_trigger_ui.py for tasks to queue
[2024-11-11T06:46:25.422+0000] {logging_mixin.py:190} INFO - [2024-11-11T06:46:25.421+0000] {dagbag.py:588} INFO - Filling up the DagBag from /home/airflow/.local/lib/python3.12/site-packages/airflow/example_dags/example_params_trigger_ui.py
[2024-11-11T06:46:25.481+0000] {processor.py:925} INFO - DAG(s) 'example_params_trigger_ui' retrieved from /home/airflow/.local/lib/python3.12/site-packages/airflow/example_dags/example_params_trigger_ui.py
[2024-11-11T06:46:25.641+0000] {logging_mixin.py:190} INFO - [2024-11-11T06:46:25.637+0000] {dag.py:3239} INFO - Sync 1 DAGs
[2024-11-11T06:46:25.680+0000] {logging_mixin.py:190} INFO - [2024-11-11T06:46:25.679+0000] {dag.py:4180} INFO - Setting next_dagrun for example_params_trigger_ui to None, run_after=None
[2024-11-11T06:46:25.718+0000] {processor.py:208} INFO - Processing /home/airflow/.local/lib/python3.12/site-packages/airflow/example_dags/example_params_trigger_ui.py took 0.323 seconds
[2024-11-11T06:46:56.528+0000] {processor.py:186} INFO - Started process (PID=1483) to work on /home/airflow/.local/lib/python3.12/site-packages/airflow/example_dags/example_params_trigger_ui.py
[2024-11-11T06:46:56.530+0000] {processor.py:914} INFO - Processing file /home/airflow/.local/lib/python3.12/site-packages/airflow/example_dags/example_params_trigger_ui.py for tasks to queue
[2024-11-11T06:46:56.535+0000] {logging_mixin.py:190} INFO - [2024-11-11T06:46:56.534+0000] {dagbag.py:588} INFO - Filling up the DagBag from /home/airflow/.local/lib/python3.12/site-packages/airflow/example_dags/example_params_trigger_ui.py
[2024-11-11T06:46:56.559+0000] {processor.py:925} INFO - DAG(s) 'example_params_trigger_ui' retrieved from /home/airflow/.local/lib/python3.12/site-packages/airflow/example_dags/example_params_trigger_ui.py
[2024-11-11T06:46:56.651+0000] {logging_mixin.py:190} INFO - [2024-11-11T06:46:56.650+0000] {dag.py:3239} INFO - Sync 1 DAGs
[2024-11-11T06:46:56.693+0000] {logging_mixin.py:190} INFO - [2024-11-11T06:46:56.692+0000] {dag.py:4180} INFO - Setting next_dagrun for example_params_trigger_ui to None, run_after=None
[2024-11-11T06:46:56.766+0000] {processor.py:208} INFO - Processing /home/airflow/.local/lib/python3.12/site-packages/airflow/example_dags/example_params_trigger_ui.py took 0.252 seconds
[2024-11-11T06:47:27.367+0000] {processor.py:186} INFO - Started process (PID=1769) to work on /home/airflow/.local/lib/python3.12/site-packages/airflow/example_dags/example_params_trigger_ui.py
[2024-11-11T06:47:27.369+0000] {processor.py:914} INFO - Processing file /home/airflow/.local/lib/python3.12/site-packages/airflow/example_dags/example_params_trigger_ui.py for tasks to queue
[2024-11-11T06:47:27.378+0000] {logging_mixin.py:190} INFO - [2024-11-11T06:47:27.377+0000] {dagbag.py:588} INFO - Filling up the DagBag from /home/airflow/.local/lib/python3.12/site-packages/airflow/example_dags/example_params_trigger_ui.py
[2024-11-11T06:47:27.404+0000] {processor.py:925} INFO - DAG(s) 'example_params_trigger_ui' retrieved from /home/airflow/.local/lib/python3.12/site-packages/airflow/example_dags/example_params_trigger_ui.py
[2024-11-11T06:47:27.496+0000] {logging_mixin.py:190} INFO - [2024-11-11T06:47:27.495+0000] {dag.py:3239} INFO - Sync 1 DAGs
[2024-11-11T06:47:27.528+0000] {logging_mixin.py:190} INFO - [2024-11-11T06:47:27.528+0000] {dag.py:4180} INFO - Setting next_dagrun for example_params_trigger_ui to None, run_after=None
[2024-11-11T06:47:27.572+0000] {processor.py:208} INFO - Processing /home/airflow/.local/lib/python3.12/site-packages/airflow/example_dags/example_params_trigger_ui.py took 0.228 seconds
[2024-11-11T06:47:59.260+0000] {processor.py:186} INFO - Started process (PID=2055) to work on /home/airflow/.local/lib/python3.12/site-packages/airflow/example_dags/example_params_trigger_ui.py
[2024-11-11T06:47:59.262+0000] {processor.py:914} INFO - Processing file /home/airflow/.local/lib/python3.12/site-packages/airflow/example_dags/example_params_trigger_ui.py for tasks to queue
[2024-11-11T06:47:59.269+0000] {logging_mixin.py:190} INFO - [2024-11-11T06:47:59.268+0000] {dagbag.py:588} INFO - Filling up the DagBag from /home/airflow/.local/lib/python3.12/site-packages/airflow/example_dags/example_params_trigger_ui.py
[2024-11-11T06:47:59.306+0000] {processor.py:925} INFO - DAG(s) 'example_params_trigger_ui' retrieved from /home/airflow/.local/lib/python3.12/site-packages/airflow/example_dags/example_params_trigger_ui.py
[2024-11-11T06:47:59.475+0000] {logging_mixin.py:190} INFO - [2024-11-11T06:47:59.474+0000] {dag.py:3239} INFO - Sync 1 DAGs
[2024-11-11T06:47:59.516+0000] {logging_mixin.py:190} INFO - [2024-11-11T06:47:59.515+0000] {dag.py:4180} INFO - Setting next_dagrun for example_params_trigger_ui to None, run_after=None
[2024-11-11T06:47:59.588+0000] {processor.py:208} INFO - Processing /home/airflow/.local/lib/python3.12/site-packages/airflow/example_dags/example_params_trigger_ui.py took 0.348 seconds
[2024-11-11T06:48:29.876+0000] {processor.py:186} INFO - Started process (PID=2348) to work on /home/airflow/.local/lib/python3.12/site-packages/airflow/example_dags/example_params_trigger_ui.py
[2024-11-11T06:48:29.878+0000] {processor.py:914} INFO - Processing file /home/airflow/.local/lib/python3.12/site-packages/airflow/example_dags/example_params_trigger_ui.py for tasks to queue
[2024-11-11T06:48:29.883+0000] {logging_mixin.py:190} INFO - [2024-11-11T06:48:29.882+0000] {dagbag.py:588} INFO - Filling up the DagBag from /home/airflow/.local/lib/python3.12/site-packages/airflow/example_dags/example_params_trigger_ui.py
[2024-11-11T06:48:29.902+0000] {processor.py:925} INFO - DAG(s) 'example_params_trigger_ui' retrieved from /home/airflow/.local/lib/python3.12/site-packages/airflow/example_dags/example_params_trigger_ui.py
[2024-11-11T06:48:29.975+0000] {logging_mixin.py:190} INFO - [2024-11-11T06:48:29.975+0000] {dag.py:3239} INFO - Sync 1 DAGs
[2024-11-11T06:48:30.000+0000] {logging_mixin.py:190} INFO - [2024-11-11T06:48:29.999+0000] {dag.py:4180} INFO - Setting next_dagrun for example_params_trigger_ui to None, run_after=None
[2024-11-11T06:48:30.047+0000] {processor.py:208} INFO - Processing /home/airflow/.local/lib/python3.12/site-packages/airflow/example_dags/example_params_trigger_ui.py took 0.180 seconds
[2024-11-11T06:49:01.133+0000] {processor.py:186} INFO - Started process (PID=2637) to work on /home/airflow/.local/lib/python3.12/site-packages/airflow/example_dags/example_params_trigger_ui.py
[2024-11-11T06:49:01.135+0000] {processor.py:914} INFO - Processing file /home/airflow/.local/lib/python3.12/site-packages/airflow/example_dags/example_params_trigger_ui.py for tasks to queue
[2024-11-11T06:49:01.140+0000] {logging_mixin.py:190} INFO - [2024-11-11T06:49:01.139+0000] {dagbag.py:588} INFO - Filling up the DagBag from /home/airflow/.local/lib/python3.12/site-packages/airflow/example_dags/example_params_trigger_ui.py
[2024-11-11T06:49:01.161+0000] {processor.py:925} INFO - DAG(s) 'example_params_trigger_ui' retrieved from /home/airflow/.local/lib/python3.12/site-packages/airflow/example_dags/example_params_trigger_ui.py
[2024-11-11T06:49:01.235+0000] {logging_mixin.py:190} INFO - [2024-11-11T06:49:01.235+0000] {dag.py:3239} INFO - Sync 1 DAGs
[2024-11-11T06:49:01.260+0000] {logging_mixin.py:190} INFO - [2024-11-11T06:49:01.259+0000] {dag.py:4180} INFO - Setting next_dagrun for example_params_trigger_ui to None, run_after=None
[2024-11-11T06:49:01.315+0000] {processor.py:208} INFO - Processing /home/airflow/.local/lib/python3.12/site-packages/airflow/example_dags/example_params_trigger_ui.py took 0.194 seconds
[2024-11-11T06:49:32.343+0000] {processor.py:186} INFO - Started process (PID=2928) to work on /home/airflow/.local/lib/python3.12/site-packages/airflow/example_dags/example_params_trigger_ui.py
[2024-11-11T06:49:32.345+0000] {processor.py:914} INFO - Processing file /home/airflow/.local/lib/python3.12/site-packages/airflow/example_dags/example_params_trigger_ui.py for tasks to queue
[2024-11-11T06:49:32.350+0000] {logging_mixin.py:190} INFO - [2024-11-11T06:49:32.349+0000] {dagbag.py:588} INFO - Filling up the DagBag from /home/airflow/.local/lib/python3.12/site-packages/airflow/example_dags/example_params_trigger_ui.py
[2024-11-11T06:49:32.369+0000] {processor.py:925} INFO - DAG(s) 'example_params_trigger_ui' retrieved from /home/airflow/.local/lib/python3.12/site-packages/airflow/example_dags/example_params_trigger_ui.py
[2024-11-11T06:49:32.442+0000] {logging_mixin.py:190} INFO - [2024-11-11T06:49:32.441+0000] {dag.py:3239} INFO - Sync 1 DAGs
[2024-11-11T06:49:32.473+0000] {logging_mixin.py:190} INFO - [2024-11-11T06:49:32.473+0000] {dag.py:4180} INFO - Setting next_dagrun for example_params_trigger_ui to None, run_after=None
[2024-11-11T06:49:32.503+0000] {processor.py:208} INFO - Processing /home/airflow/.local/lib/python3.12/site-packages/airflow/example_dags/example_params_trigger_ui.py took 0.174 seconds
[2024-11-11T06:50:05.532+0000] {processor.py:186} INFO - Started process (PID=3221) to work on /home/airflow/.local/lib/python3.12/site-packages/airflow/example_dags/example_params_trigger_ui.py
[2024-11-11T06:50:05.534+0000] {processor.py:914} INFO - Processing file /home/airflow/.local/lib/python3.12/site-packages/airflow/example_dags/example_params_trigger_ui.py for tasks to queue
[2024-11-11T06:50:05.540+0000] {logging_mixin.py:190} INFO - [2024-11-11T06:50:05.539+0000] {dagbag.py:588} INFO - Filling up the DagBag from /home/airflow/.local/lib/python3.12/site-packages/airflow/example_dags/example_params_trigger_ui.py
[2024-11-11T06:50:05.575+0000] {processor.py:925} INFO - DAG(s) 'example_params_trigger_ui' retrieved from /home/airflow/.local/lib/python3.12/site-packages/airflow/example_dags/example_params_trigger_ui.py
[2024-11-11T06:50:05.711+0000] {logging_mixin.py:190} INFO - [2024-11-11T06:50:05.710+0000] {dag.py:3239} INFO - Sync 1 DAGs
[2024-11-11T06:50:05.756+0000] {logging_mixin.py:190} INFO - [2024-11-11T06:50:05.755+0000] {dag.py:4180} INFO - Setting next_dagrun for example_params_trigger_ui to None, run_after=None
[2024-11-11T06:50:05.803+0000] {processor.py:208} INFO - Processing /home/airflow/.local/lib/python3.12/site-packages/airflow/example_dags/example_params_trigger_ui.py took 0.287 seconds
[2024-11-11T06:50:36.834+0000] {processor.py:186} INFO - Started process (PID=3512) to work on /home/airflow/.local/lib/python3.12/site-packages/airflow/example_dags/example_params_trigger_ui.py
[2024-11-11T06:50:36.835+0000] {processor.py:914} INFO - Processing file /home/airflow/.local/lib/python3.12/site-packages/airflow/example_dags/example_params_trigger_ui.py for tasks to queue
[2024-11-11T06:50:36.839+0000] {logging_mixin.py:190} INFO - [2024-11-11T06:50:36.838+0000] {dagbag.py:588} INFO - Filling up the DagBag from /home/airflow/.local/lib/python3.12/site-packages/airflow/example_dags/example_params_trigger_ui.py
[2024-11-11T06:50:36.862+0000] {processor.py:925} INFO - DAG(s) 'example_params_trigger_ui' retrieved from /home/airflow/.local/lib/python3.12/site-packages/airflow/example_dags/example_params_trigger_ui.py
[2024-11-11T06:50:36.939+0000] {logging_mixin.py:190} INFO - [2024-11-11T06:50:36.938+0000] {dag.py:3239} INFO - Sync 1 DAGs
[2024-11-11T06:50:36.963+0000] {logging_mixin.py:190} INFO - [2024-11-11T06:50:36.962+0000] {dag.py:4180} INFO - Setting next_dagrun for example_params_trigger_ui to None, run_after=None
[2024-11-11T06:50:36.999+0000] {processor.py:208} INFO - Processing /home/airflow/.local/lib/python3.12/site-packages/airflow/example_dags/example_params_trigger_ui.py took 0.174 seconds
[2024-11-11T06:51:07.604+0000] {processor.py:186} INFO - Started process (PID=3801) to work on /home/airflow/.local/lib/python3.12/site-packages/airflow/example_dags/example_params_trigger_ui.py
[2024-11-11T06:51:07.608+0000] {processor.py:914} INFO - Processing file /home/airflow/.local/lib/python3.12/site-packages/airflow/example_dags/example_params_trigger_ui.py for tasks to queue
[2024-11-11T06:51:07.612+0000] {logging_mixin.py:190} INFO - [2024-11-11T06:51:07.611+0000] {dagbag.py:588} INFO - Filling up the DagBag from /home/airflow/.local/lib/python3.12/site-packages/airflow/example_dags/example_params_trigger_ui.py
[2024-11-11T06:51:07.636+0000] {processor.py:925} INFO - DAG(s) 'example_params_trigger_ui' retrieved from /home/airflow/.local/lib/python3.12/site-packages/airflow/example_dags/example_params_trigger_ui.py
[2024-11-11T06:51:07.727+0000] {logging_mixin.py:190} INFO - [2024-11-11T06:51:07.727+0000] {dag.py:3239} INFO - Sync 1 DAGs
[2024-11-11T06:51:07.754+0000] {logging_mixin.py:190} INFO - [2024-11-11T06:51:07.754+0000] {dag.py:4180} INFO - Setting next_dagrun for example_params_trigger_ui to None, run_after=None
[2024-11-11T06:51:07.795+0000] {processor.py:208} INFO - Processing /home/airflow/.local/lib/python3.12/site-packages/airflow/example_dags/example_params_trigger_ui.py took 0.202 seconds
[2024-11-11T06:51:39.129+0000] {processor.py:186} INFO - Started process (PID=4092) to work on /home/airflow/.local/lib/python3.12/site-packages/airflow/example_dags/example_params_trigger_ui.py
[2024-11-11T06:51:39.131+0000] {processor.py:914} INFO - Processing file /home/airflow/.local/lib/python3.12/site-packages/airflow/example_dags/example_params_trigger_ui.py for tasks to queue
[2024-11-11T06:51:39.135+0000] {logging_mixin.py:190} INFO - [2024-11-11T06:51:39.134+0000] {dagbag.py:588} INFO - Filling up the DagBag from /home/airflow/.local/lib/python3.12/site-packages/airflow/example_dags/example_params_trigger_ui.py
[2024-11-11T06:51:39.155+0000] {processor.py:925} INFO - DAG(s) 'example_params_trigger_ui' retrieved from /home/airflow/.local/lib/python3.12/site-packages/airflow/example_dags/example_params_trigger_ui.py
[2024-11-11T06:51:39.229+0000] {logging_mixin.py:190} INFO - [2024-11-11T06:51:39.229+0000] {dag.py:3239} INFO - Sync 1 DAGs
[2024-11-11T06:51:39.256+0000] {logging_mixin.py:190} INFO - [2024-11-11T06:51:39.255+0000] {dag.py:4180} INFO - Setting next_dagrun for example_params_trigger_ui to None, run_after=None
[2024-11-11T06:51:39.288+0000] {processor.py:208} INFO - Processing /home/airflow/.local/lib/python3.12/site-packages/airflow/example_dags/example_params_trigger_ui.py took 0.173 seconds
[2024-11-11T06:52:09.936+0000] {processor.py:186} INFO - Started process (PID=4378) to work on /home/airflow/.local/lib/python3.12/site-packages/airflow/example_dags/example_params_trigger_ui.py
[2024-11-11T06:52:09.938+0000] {processor.py:914} INFO - Processing file /home/airflow/.local/lib/python3.12/site-packages/airflow/example_dags/example_params_trigger_ui.py for tasks to queue
[2024-11-11T06:52:09.945+0000] {logging_mixin.py:190} INFO - [2024-11-11T06:52:09.944+0000] {dagbag.py:588} INFO - Filling up the DagBag from /home/airflow/.local/lib/python3.12/site-packages/airflow/example_dags/example_params_trigger_ui.py
[2024-11-11T06:52:09.970+0000] {processor.py:925} INFO - DAG(s) 'example_params_trigger_ui' retrieved from /home/airflow/.local/lib/python3.12/site-packages/airflow/example_dags/example_params_trigger_ui.py
[2024-11-11T06:52:10.082+0000] {logging_mixin.py:190} INFO - [2024-11-11T06:52:10.082+0000] {dag.py:3239} INFO - Sync 1 DAGs
[2024-11-11T06:52:10.114+0000] {logging_mixin.py:190} INFO - [2024-11-11T06:52:10.113+0000] {dag.py:4180} INFO - Setting next_dagrun for example_params_trigger_ui to None, run_after=None
[2024-11-11T06:52:10.149+0000] {processor.py:208} INFO - Processing /home/airflow/.local/lib/python3.12/site-packages/airflow/example_dags/example_params_trigger_ui.py took 0.227 seconds
[2024-11-11T06:52:40.268+0000] {processor.py:186} INFO - Started process (PID=4666) to work on /home/airflow/.local/lib/python3.12/site-packages/airflow/example_dags/example_params_trigger_ui.py
[2024-11-11T06:52:40.269+0000] {processor.py:914} INFO - Processing file /home/airflow/.local/lib/python3.12/site-packages/airflow/example_dags/example_params_trigger_ui.py for tasks to queue
[2024-11-11T06:52:40.272+0000] {logging_mixin.py:190} INFO - [2024-11-11T06:52:40.272+0000] {dagbag.py:588} INFO - Filling up the DagBag from /home/airflow/.local/lib/python3.12/site-packages/airflow/example_dags/example_params_trigger_ui.py
[2024-11-11T06:52:40.285+0000] {processor.py:925} INFO - DAG(s) 'example_params_trigger_ui' retrieved from /home/airflow/.local/lib/python3.12/site-packages/airflow/example_dags/example_params_trigger_ui.py
[2024-11-11T06:52:40.335+0000] {logging_mixin.py:190} INFO - [2024-11-11T06:52:40.334+0000] {dag.py:3239} INFO - Sync 1 DAGs
[2024-11-11T06:52:40.353+0000] {logging_mixin.py:190} INFO - [2024-11-11T06:52:40.353+0000] {dag.py:4180} INFO - Setting next_dagrun for example_params_trigger_ui to None, run_after=None
[2024-11-11T06:52:40.378+0000] {processor.py:208} INFO - Processing /home/airflow/.local/lib/python3.12/site-packages/airflow/example_dags/example_params_trigger_ui.py took 0.116 seconds
