[2024-11-11T06:44:35.248+0000] {processor.py:186} INFO - Started process (PID=389) to work on /home/airflow/.local/lib/python3.12/site-packages/airflow/example_dags/example_task_group_decorator.py
[2024-11-11T06:44:35.250+0000] {processor.py:914} INFO - Processing file /home/airflow/.local/lib/python3.12/site-packages/airflow/example_dags/example_task_group_decorator.py for tasks to queue
[2024-11-11T06:44:35.254+0000] {logging_mixin.py:190} INFO - [2024-11-11T06:44:35.254+0000] {dagbag.py:588} INFO - Filling up the DagBag from /home/airflow/.local/lib/python3.12/site-packages/airflow/example_dags/example_task_group_decorator.py
[2024-11-11T06:44:35.287+0000] {processor.py:925} INFO - DAG(s) 'example_task_group_decorator' retrieved from /home/airflow/.local/lib/python3.12/site-packages/airflow/example_dags/example_task_group_decorator.py
[2024-11-11T06:44:35.556+0000] {logging_mixin.py:190} INFO - [2024-11-11T06:44:35.547+0000] {override.py:1911} INFO - Created Permission View: can delete on DAG:example_task_group_decorator
[2024-11-11T06:44:35.591+0000] {logging_mixin.py:190} INFO - [2024-11-11T06:44:35.591+0000] {override.py:1911} INFO - Created Permission View: can edit on DAG:example_task_group_decorator
[2024-11-11T06:44:35.612+0000] {logging_mixin.py:190} INFO - [2024-11-11T06:44:35.611+0000] {override.py:1911} INFO - Created Permission View: can read on DAG:example_task_group_decorator
[2024-11-11T06:44:35.657+0000] {logging_mixin.py:190} INFO - [2024-11-11T06:44:35.657+0000] {override.py:1911} INFO - Created Permission View: menu access on DAG Run:example_task_group_decorator
[2024-11-11T06:44:35.673+0000] {logging_mixin.py:190} INFO - [2024-11-11T06:44:35.672+0000] {override.py:1911} INFO - Created Permission View: can delete on DAG Run:example_task_group_decorator
[2024-11-11T06:44:35.693+0000] {logging_mixin.py:190} INFO - [2024-11-11T06:44:35.693+0000] {override.py:1911} INFO - Created Permission View: can create on DAG Run:example_task_group_decorator
[2024-11-11T06:44:35.708+0000] {logging_mixin.py:190} INFO - [2024-11-11T06:44:35.707+0000] {override.py:1911} INFO - Created Permission View: can read on DAG Run:example_task_group_decorator
[2024-11-11T06:44:35.709+0000] {logging_mixin.py:190} INFO - [2024-11-11T06:44:35.709+0000] {dag.py:3239} INFO - Sync 1 DAGs
[2024-11-11T06:44:35.759+0000] {logging_mixin.py:190} INFO - [2024-11-11T06:44:35.757+0000] {dag.py:3262} INFO - Creating ORM DAG for example_task_group_decorator
[2024-11-11T06:44:35.761+0000] {logging_mixin.py:190} INFO - [2024-11-11T06:44:35.761+0000] {dag.py:4180} INFO - Setting next_dagrun for example_task_group_decorator to None, run_after=None
[2024-11-11T06:44:35.818+0000] {processor.py:208} INFO - Processing /home/airflow/.local/lib/python3.12/site-packages/airflow/example_dags/example_task_group_decorator.py took 0.582 seconds
[2024-11-11T06:45:17.159+0000] {processor.py:186} INFO - Started process (PID=705) to work on /home/airflow/.local/lib/python3.12/site-packages/airflow/example_dags/example_task_group_decorator.py
[2024-11-11T06:45:17.162+0000] {processor.py:914} INFO - Processing file /home/airflow/.local/lib/python3.12/site-packages/airflow/example_dags/example_task_group_decorator.py for tasks to queue
[2024-11-11T06:45:17.169+0000] {logging_mixin.py:190} INFO - [2024-11-11T06:45:17.169+0000] {dagbag.py:588} INFO - Filling up the DagBag from /home/airflow/.local/lib/python3.12/site-packages/airflow/example_dags/example_task_group_decorator.py
[2024-11-11T06:45:17.225+0000] {processor.py:925} INFO - DAG(s) 'example_task_group_decorator' retrieved from /home/airflow/.local/lib/python3.12/site-packages/airflow/example_dags/example_task_group_decorator.py
[2024-11-11T06:45:17.340+0000] {logging_mixin.py:190} INFO - [2024-11-11T06:45:17.339+0000] {dag.py:3239} INFO - Sync 1 DAGs
[2024-11-11T06:45:17.391+0000] {logging_mixin.py:190} INFO - [2024-11-11T06:45:17.391+0000] {dag.py:4180} INFO - Setting next_dagrun for example_task_group_decorator to None, run_after=None
[2024-11-11T06:45:17.461+0000] {processor.py:208} INFO - Processing /home/airflow/.local/lib/python3.12/site-packages/airflow/example_dags/example_task_group_decorator.py took 0.327 seconds
[2024-11-11T06:46:00.973+0000] {processor.py:186} INFO - Started process (PID=996) to work on /home/airflow/.local/lib/python3.12/site-packages/airflow/example_dags/example_task_group_decorator.py
[2024-11-11T06:46:00.986+0000] {processor.py:914} INFO - Processing file /home/airflow/.local/lib/python3.12/site-packages/airflow/example_dags/example_task_group_decorator.py for tasks to queue
[2024-11-11T06:46:00.998+0000] {logging_mixin.py:190} INFO - [2024-11-11T06:46:00.990+0000] {dagbag.py:588} INFO - Filling up the DagBag from /home/airflow/.local/lib/python3.12/site-packages/airflow/example_dags/example_task_group_decorator.py
[2024-11-11T06:46:01.083+0000] {processor.py:925} INFO - DAG(s) 'example_task_group_decorator' retrieved from /home/airflow/.local/lib/python3.12/site-packages/airflow/example_dags/example_task_group_decorator.py
[2024-11-11T06:46:01.221+0000] {logging_mixin.py:190} INFO - [2024-11-11T06:46:01.221+0000] {dag.py:3239} INFO - Sync 1 DAGs
[2024-11-11T06:46:01.284+0000] {logging_mixin.py:190} INFO - [2024-11-11T06:46:01.283+0000] {dag.py:4180} INFO - Setting next_dagrun for example_task_group_decorator to None, run_after=None
[2024-11-11T06:46:01.354+0000] {processor.py:208} INFO - Processing /home/airflow/.local/lib/python3.12/site-packages/airflow/example_dags/example_task_group_decorator.py took 0.415 seconds
[2024-11-11T06:46:31.606+0000] {processor.py:186} INFO - Started process (PID=1287) to work on /home/airflow/.local/lib/python3.12/site-packages/airflow/example_dags/example_task_group_decorator.py
[2024-11-11T06:46:31.609+0000] {processor.py:914} INFO - Processing file /home/airflow/.local/lib/python3.12/site-packages/airflow/example_dags/example_task_group_decorator.py for tasks to queue
[2024-11-11T06:46:31.624+0000] {logging_mixin.py:190} INFO - [2024-11-11T06:46:31.623+0000] {dagbag.py:588} INFO - Filling up the DagBag from /home/airflow/.local/lib/python3.12/site-packages/airflow/example_dags/example_task_group_decorator.py
[2024-11-11T06:46:31.689+0000] {processor.py:925} INFO - DAG(s) 'example_task_group_decorator' retrieved from /home/airflow/.local/lib/python3.12/site-packages/airflow/example_dags/example_task_group_decorator.py
[2024-11-11T06:46:31.765+0000] {logging_mixin.py:190} INFO - [2024-11-11T06:46:31.764+0000] {dag.py:3239} INFO - Sync 1 DAGs
[2024-11-11T06:46:31.831+0000] {logging_mixin.py:190} INFO - [2024-11-11T06:46:31.831+0000] {dag.py:4180} INFO - Setting next_dagrun for example_task_group_decorator to None, run_after=None
[2024-11-11T06:46:31.894+0000] {processor.py:208} INFO - Processing /home/airflow/.local/lib/python3.12/site-packages/airflow/example_dags/example_task_group_decorator.py took 0.316 seconds
[2024-11-11T06:47:02.060+0000] {processor.py:186} INFO - Started process (PID=1578) to work on /home/airflow/.local/lib/python3.12/site-packages/airflow/example_dags/example_task_group_decorator.py
[2024-11-11T06:47:02.062+0000] {processor.py:914} INFO - Processing file /home/airflow/.local/lib/python3.12/site-packages/airflow/example_dags/example_task_group_decorator.py for tasks to queue
[2024-11-11T06:47:02.066+0000] {logging_mixin.py:190} INFO - [2024-11-11T06:47:02.065+0000] {dagbag.py:588} INFO - Filling up the DagBag from /home/airflow/.local/lib/python3.12/site-packages/airflow/example_dags/example_task_group_decorator.py
[2024-11-11T06:47:02.097+0000] {processor.py:925} INFO - DAG(s) 'example_task_group_decorator' retrieved from /home/airflow/.local/lib/python3.12/site-packages/airflow/example_dags/example_task_group_decorator.py
[2024-11-11T06:47:02.139+0000] {logging_mixin.py:190} INFO - [2024-11-11T06:47:02.138+0000] {dag.py:3239} INFO - Sync 1 DAGs
[2024-11-11T06:47:02.168+0000] {logging_mixin.py:190} INFO - [2024-11-11T06:47:02.167+0000] {dag.py:4180} INFO - Setting next_dagrun for example_task_group_decorator to None, run_after=None
[2024-11-11T06:47:02.201+0000] {processor.py:208} INFO - Processing /home/airflow/.local/lib/python3.12/site-packages/airflow/example_dags/example_task_group_decorator.py took 0.158 seconds
[2024-11-11T06:47:32.434+0000] {processor.py:186} INFO - Started process (PID=1869) to work on /home/airflow/.local/lib/python3.12/site-packages/airflow/example_dags/example_task_group_decorator.py
[2024-11-11T06:47:32.435+0000] {processor.py:914} INFO - Processing file /home/airflow/.local/lib/python3.12/site-packages/airflow/example_dags/example_task_group_decorator.py for tasks to queue
[2024-11-11T06:47:32.440+0000] {logging_mixin.py:190} INFO - [2024-11-11T06:47:32.440+0000] {dagbag.py:588} INFO - Filling up the DagBag from /home/airflow/.local/lib/python3.12/site-packages/airflow/example_dags/example_task_group_decorator.py
[2024-11-11T06:47:32.467+0000] {processor.py:925} INFO - DAG(s) 'example_task_group_decorator' retrieved from /home/airflow/.local/lib/python3.12/site-packages/airflow/example_dags/example_task_group_decorator.py
[2024-11-11T06:47:32.510+0000] {logging_mixin.py:190} INFO - [2024-11-11T06:47:32.510+0000] {dag.py:3239} INFO - Sync 1 DAGs
[2024-11-11T06:47:32.540+0000] {logging_mixin.py:190} INFO - [2024-11-11T06:47:32.539+0000] {dag.py:4180} INFO - Setting next_dagrun for example_task_group_decorator to None, run_after=None
[2024-11-11T06:47:32.581+0000] {processor.py:208} INFO - Processing /home/airflow/.local/lib/python3.12/site-packages/airflow/example_dags/example_task_group_decorator.py took 0.158 seconds
[2024-11-11T06:48:05.471+0000] {processor.py:186} INFO - Started process (PID=2160) to work on /home/airflow/.local/lib/python3.12/site-packages/airflow/example_dags/example_task_group_decorator.py
[2024-11-11T06:48:05.472+0000] {processor.py:914} INFO - Processing file /home/airflow/.local/lib/python3.12/site-packages/airflow/example_dags/example_task_group_decorator.py for tasks to queue
[2024-11-11T06:48:05.481+0000] {logging_mixin.py:190} INFO - [2024-11-11T06:48:05.480+0000] {dagbag.py:588} INFO - Filling up the DagBag from /home/airflow/.local/lib/python3.12/site-packages/airflow/example_dags/example_task_group_decorator.py
[2024-11-11T06:48:05.533+0000] {processor.py:925} INFO - DAG(s) 'example_task_group_decorator' retrieved from /home/airflow/.local/lib/python3.12/site-packages/airflow/example_dags/example_task_group_decorator.py
[2024-11-11T06:48:05.591+0000] {logging_mixin.py:190} INFO - [2024-11-11T06:48:05.590+0000] {dag.py:3239} INFO - Sync 1 DAGs
[2024-11-11T06:48:05.627+0000] {logging_mixin.py:190} INFO - [2024-11-11T06:48:05.627+0000] {dag.py:4180} INFO - Setting next_dagrun for example_task_group_decorator to None, run_after=None
[2024-11-11T06:48:05.683+0000] {processor.py:208} INFO - Processing /home/airflow/.local/lib/python3.12/site-packages/airflow/example_dags/example_task_group_decorator.py took 0.225 seconds
[2024-11-11T06:48:36.293+0000] {processor.py:186} INFO - Started process (PID=2451) to work on /home/airflow/.local/lib/python3.12/site-packages/airflow/example_dags/example_task_group_decorator.py
[2024-11-11T06:48:36.294+0000] {processor.py:914} INFO - Processing file /home/airflow/.local/lib/python3.12/site-packages/airflow/example_dags/example_task_group_decorator.py for tasks to queue
[2024-11-11T06:48:36.300+0000] {logging_mixin.py:190} INFO - [2024-11-11T06:48:36.300+0000] {dagbag.py:588} INFO - Filling up the DagBag from /home/airflow/.local/lib/python3.12/site-packages/airflow/example_dags/example_task_group_decorator.py
[2024-11-11T06:48:36.336+0000] {processor.py:925} INFO - DAG(s) 'example_task_group_decorator' retrieved from /home/airflow/.local/lib/python3.12/site-packages/airflow/example_dags/example_task_group_decorator.py
[2024-11-11T06:48:36.391+0000] {logging_mixin.py:190} INFO - [2024-11-11T06:48:36.390+0000] {dag.py:3239} INFO - Sync 1 DAGs
[2024-11-11T06:48:36.421+0000] {logging_mixin.py:190} INFO - [2024-11-11T06:48:36.420+0000] {dag.py:4180} INFO - Setting next_dagrun for example_task_group_decorator to None, run_after=None
[2024-11-11T06:48:36.478+0000] {processor.py:208} INFO - Processing /home/airflow/.local/lib/python3.12/site-packages/airflow/example_dags/example_task_group_decorator.py took 0.200 seconds
[2024-11-11T06:49:07.888+0000] {processor.py:186} INFO - Started process (PID=2742) to work on /home/airflow/.local/lib/python3.12/site-packages/airflow/example_dags/example_task_group_decorator.py
[2024-11-11T06:49:07.890+0000] {processor.py:914} INFO - Processing file /home/airflow/.local/lib/python3.12/site-packages/airflow/example_dags/example_task_group_decorator.py for tasks to queue
[2024-11-11T06:49:07.896+0000] {logging_mixin.py:190} INFO - [2024-11-11T06:49:07.895+0000] {dagbag.py:588} INFO - Filling up the DagBag from /home/airflow/.local/lib/python3.12/site-packages/airflow/example_dags/example_task_group_decorator.py
[2024-11-11T06:49:07.923+0000] {processor.py:925} INFO - DAG(s) 'example_task_group_decorator' retrieved from /home/airflow/.local/lib/python3.12/site-packages/airflow/example_dags/example_task_group_decorator.py
[2024-11-11T06:49:07.992+0000] {logging_mixin.py:190} INFO - [2024-11-11T06:49:07.991+0000] {dag.py:3239} INFO - Sync 1 DAGs
[2024-11-11T06:49:08.026+0000] {logging_mixin.py:190} INFO - [2024-11-11T06:49:08.025+0000] {dag.py:4180} INFO - Setting next_dagrun for example_task_group_decorator to None, run_after=None
[2024-11-11T06:49:08.088+0000] {processor.py:208} INFO - Processing /home/airflow/.local/lib/python3.12/site-packages/airflow/example_dags/example_task_group_decorator.py took 0.216 seconds
[2024-11-11T06:49:39.174+0000] {processor.py:186} INFO - Started process (PID=3033) to work on /home/airflow/.local/lib/python3.12/site-packages/airflow/example_dags/example_task_group_decorator.py
[2024-11-11T06:49:39.176+0000] {processor.py:914} INFO - Processing file /home/airflow/.local/lib/python3.12/site-packages/airflow/example_dags/example_task_group_decorator.py for tasks to queue
[2024-11-11T06:49:39.182+0000] {logging_mixin.py:190} INFO - [2024-11-11T06:49:39.182+0000] {dagbag.py:588} INFO - Filling up the DagBag from /home/airflow/.local/lib/python3.12/site-packages/airflow/example_dags/example_task_group_decorator.py
[2024-11-11T06:49:39.223+0000] {processor.py:925} INFO - DAG(s) 'example_task_group_decorator' retrieved from /home/airflow/.local/lib/python3.12/site-packages/airflow/example_dags/example_task_group_decorator.py
[2024-11-11T06:49:39.277+0000] {logging_mixin.py:190} INFO - [2024-11-11T06:49:39.276+0000] {dag.py:3239} INFO - Sync 1 DAGs
[2024-11-11T06:49:39.310+0000] {logging_mixin.py:190} INFO - [2024-11-11T06:49:39.309+0000] {dag.py:4180} INFO - Setting next_dagrun for example_task_group_decorator to None, run_after=None
[2024-11-11T06:49:39.351+0000] {processor.py:208} INFO - Processing /home/airflow/.local/lib/python3.12/site-packages/airflow/example_dags/example_task_group_decorator.py took 0.192 seconds
[2024-11-11T06:50:10.541+0000] {processor.py:186} INFO - Started process (PID=3324) to work on /home/airflow/.local/lib/python3.12/site-packages/airflow/example_dags/example_task_group_decorator.py
[2024-11-11T06:50:10.543+0000] {processor.py:914} INFO - Processing file /home/airflow/.local/lib/python3.12/site-packages/airflow/example_dags/example_task_group_decorator.py for tasks to queue
[2024-11-11T06:50:10.547+0000] {logging_mixin.py:190} INFO - [2024-11-11T06:50:10.546+0000] {dagbag.py:588} INFO - Filling up the DagBag from /home/airflow/.local/lib/python3.12/site-packages/airflow/example_dags/example_task_group_decorator.py
[2024-11-11T06:50:10.577+0000] {processor.py:925} INFO - DAG(s) 'example_task_group_decorator' retrieved from /home/airflow/.local/lib/python3.12/site-packages/airflow/example_dags/example_task_group_decorator.py
[2024-11-11T06:50:10.629+0000] {logging_mixin.py:190} INFO - [2024-11-11T06:50:10.629+0000] {dag.py:3239} INFO - Sync 1 DAGs
[2024-11-11T06:50:10.654+0000] {logging_mixin.py:190} INFO - [2024-11-11T06:50:10.653+0000] {dag.py:4180} INFO - Setting next_dagrun for example_task_group_decorator to None, run_after=None
[2024-11-11T06:50:10.690+0000] {processor.py:208} INFO - Processing /home/airflow/.local/lib/python3.12/site-packages/airflow/example_dags/example_task_group_decorator.py took 0.163 seconds
[2024-11-11T06:50:43.618+0000] {processor.py:186} INFO - Started process (PID=3615) to work on /home/airflow/.local/lib/python3.12/site-packages/airflow/example_dags/example_task_group_decorator.py
[2024-11-11T06:50:43.620+0000] {processor.py:914} INFO - Processing file /home/airflow/.local/lib/python3.12/site-packages/airflow/example_dags/example_task_group_decorator.py for tasks to queue
[2024-11-11T06:50:43.630+0000] {logging_mixin.py:190} INFO - [2024-11-11T06:50:43.629+0000] {dagbag.py:588} INFO - Filling up the DagBag from /home/airflow/.local/lib/python3.12/site-packages/airflow/example_dags/example_task_group_decorator.py
[2024-11-11T06:50:43.671+0000] {processor.py:925} INFO - DAG(s) 'example_task_group_decorator' retrieved from /home/airflow/.local/lib/python3.12/site-packages/airflow/example_dags/example_task_group_decorator.py
[2024-11-11T06:50:43.750+0000] {logging_mixin.py:190} INFO - [2024-11-11T06:50:43.749+0000] {dag.py:3239} INFO - Sync 1 DAGs
[2024-11-11T06:50:43.790+0000] {logging_mixin.py:190} INFO - [2024-11-11T06:50:43.789+0000] {dag.py:4180} INFO - Setting next_dagrun for example_task_group_decorator to None, run_after=None
[2024-11-11T06:50:43.847+0000] {processor.py:208} INFO - Processing /home/airflow/.local/lib/python3.12/site-packages/airflow/example_dags/example_task_group_decorator.py took 0.247 seconds
[2024-11-11T06:51:14.949+0000] {processor.py:186} INFO - Started process (PID=3906) to work on /home/airflow/.local/lib/python3.12/site-packages/airflow/example_dags/example_task_group_decorator.py
[2024-11-11T06:51:14.950+0000] {processor.py:914} INFO - Processing file /home/airflow/.local/lib/python3.12/site-packages/airflow/example_dags/example_task_group_decorator.py for tasks to queue
[2024-11-11T06:51:14.954+0000] {logging_mixin.py:190} INFO - [2024-11-11T06:51:14.953+0000] {dagbag.py:588} INFO - Filling up the DagBag from /home/airflow/.local/lib/python3.12/site-packages/airflow/example_dags/example_task_group_decorator.py
[2024-11-11T06:51:14.983+0000] {processor.py:925} INFO - DAG(s) 'example_task_group_decorator' retrieved from /home/airflow/.local/lib/python3.12/site-packages/airflow/example_dags/example_task_group_decorator.py
[2024-11-11T06:51:15.024+0000] {logging_mixin.py:190} INFO - [2024-11-11T06:51:15.024+0000] {dag.py:3239} INFO - Sync 1 DAGs
[2024-11-11T06:51:15.051+0000] {logging_mixin.py:190} INFO - [2024-11-11T06:51:15.051+0000] {dag.py:4180} INFO - Setting next_dagrun for example_task_group_decorator to None, run_after=None
[2024-11-11T06:51:15.088+0000] {processor.py:208} INFO - Processing /home/airflow/.local/lib/python3.12/site-packages/airflow/example_dags/example_task_group_decorator.py took 0.149 seconds
[2024-11-11T06:51:46.041+0000] {processor.py:186} INFO - Started process (PID=4197) to work on /home/airflow/.local/lib/python3.12/site-packages/airflow/example_dags/example_task_group_decorator.py
[2024-11-11T06:51:46.043+0000] {processor.py:914} INFO - Processing file /home/airflow/.local/lib/python3.12/site-packages/airflow/example_dags/example_task_group_decorator.py for tasks to queue
[2024-11-11T06:51:46.049+0000] {logging_mixin.py:190} INFO - [2024-11-11T06:51:46.048+0000] {dagbag.py:588} INFO - Filling up the DagBag from /home/airflow/.local/lib/python3.12/site-packages/airflow/example_dags/example_task_group_decorator.py
[2024-11-11T06:51:46.083+0000] {processor.py:925} INFO - DAG(s) 'example_task_group_decorator' retrieved from /home/airflow/.local/lib/python3.12/site-packages/airflow/example_dags/example_task_group_decorator.py
[2024-11-11T06:51:46.130+0000] {logging_mixin.py:190} INFO - [2024-11-11T06:51:46.129+0000] {dag.py:3239} INFO - Sync 1 DAGs
[2024-11-11T06:51:46.153+0000] {logging_mixin.py:190} INFO - [2024-11-11T06:51:46.152+0000] {dag.py:4180} INFO - Setting next_dagrun for example_task_group_decorator to None, run_after=None
[2024-11-11T06:51:46.187+0000] {processor.py:208} INFO - Processing /home/airflow/.local/lib/python3.12/site-packages/airflow/example_dags/example_task_group_decorator.py took 0.157 seconds
[2024-11-11T06:52:18.177+0000] {processor.py:186} INFO - Started process (PID=4488) to work on /home/airflow/.local/lib/python3.12/site-packages/airflow/example_dags/example_task_group_decorator.py
[2024-11-11T06:52:18.179+0000] {processor.py:914} INFO - Processing file /home/airflow/.local/lib/python3.12/site-packages/airflow/example_dags/example_task_group_decorator.py for tasks to queue
[2024-11-11T06:52:18.184+0000] {logging_mixin.py:190} INFO - [2024-11-11T06:52:18.184+0000] {dagbag.py:588} INFO - Filling up the DagBag from /home/airflow/.local/lib/python3.12/site-packages/airflow/example_dags/example_task_group_decorator.py
[2024-11-11T06:52:18.214+0000] {processor.py:925} INFO - DAG(s) 'example_task_group_decorator' retrieved from /home/airflow/.local/lib/python3.12/site-packages/airflow/example_dags/example_task_group_decorator.py
[2024-11-11T06:52:18.264+0000] {logging_mixin.py:190} INFO - [2024-11-11T06:52:18.263+0000] {dag.py:3239} INFO - Sync 1 DAGs
[2024-11-11T06:52:18.295+0000] {logging_mixin.py:190} INFO - [2024-11-11T06:52:18.294+0000] {dag.py:4180} INFO - Setting next_dagrun for example_task_group_decorator to None, run_after=None
[2024-11-11T06:52:18.337+0000] {processor.py:208} INFO - Processing /home/airflow/.local/lib/python3.12/site-packages/airflow/example_dags/example_task_group_decorator.py took 0.173 seconds
