[2024-11-11T06:44:23.241+0000] {processor.py:186} INFO - Started process (PID=264) to work on /home/airflow/.local/lib/python3.12/site-packages/airflow/example_dags/example_datasets.py
[2024-11-11T06:44:23.243+0000] {processor.py:914} INFO - Processing file /home/airflow/.local/lib/python3.12/site-packages/airflow/example_dags/example_datasets.py for tasks to queue
[2024-11-11T06:44:23.247+0000] {logging_mixin.py:190} INFO - [2024-11-11T06:44:23.247+0000] {dagbag.py:588} INFO - Filling up the DagBag from /home/airflow/.local/lib/python3.12/site-packages/airflow/example_dags/example_datasets.py
[2024-11-11T06:44:25.003+0000] {processor.py:925} INFO - DAG(s) 'dataset_consumes_1_never_scheduled', 'dataset_consumes_1', 'consume_1_and_2_with_dataset_expressions', 'conditional_dataset_and_time_based_timetable', 'consume_1_or_2_with_dataset_expressions', 'consume_1_or_both_2_and_3_with_dataset_expressions', 'dataset_consumes_unknown_never_scheduled', 'dataset_consumes_1_and_2', 'dataset_produces_2', 'dataset_produces_1' retrieved from /home/airflow/.local/lib/python3.12/site-packages/airflow/example_dags/example_datasets.py
[2024-11-11T06:44:25.287+0000] {logging_mixin.py:190} INFO - [2024-11-11T06:44:25.286+0000] {override.py:1911} INFO - Created Permission View: can delete on DAG:dataset_consumes_1_never_scheduled
[2024-11-11T06:44:25.306+0000] {logging_mixin.py:190} INFO - [2024-11-11T06:44:25.305+0000] {override.py:1911} INFO - Created Permission View: can edit on DAG:dataset_consumes_1_never_scheduled
[2024-11-11T06:44:25.317+0000] {logging_mixin.py:190} INFO - [2024-11-11T06:44:25.317+0000] {override.py:1911} INFO - Created Permission View: can read on DAG:dataset_consumes_1_never_scheduled
[2024-11-11T06:44:25.330+0000] {logging_mixin.py:190} INFO - [2024-11-11T06:44:25.330+0000] {override.py:1911} INFO - Created Permission View: menu access on DAG Run:dataset_consumes_1_never_scheduled
[2024-11-11T06:44:25.341+0000] {logging_mixin.py:190} INFO - [2024-11-11T06:44:25.341+0000] {override.py:1911} INFO - Created Permission View: can delete on DAG Run:dataset_consumes_1_never_scheduled
[2024-11-11T06:44:25.351+0000] {logging_mixin.py:190} INFO - [2024-11-11T06:44:25.351+0000] {override.py:1911} INFO - Created Permission View: can create on DAG Run:dataset_consumes_1_never_scheduled
[2024-11-11T06:44:25.364+0000] {logging_mixin.py:190} INFO - [2024-11-11T06:44:25.363+0000] {override.py:1911} INFO - Created Permission View: can read on DAG Run:dataset_consumes_1_never_scheduled
[2024-11-11T06:44:25.382+0000] {logging_mixin.py:190} INFO - [2024-11-11T06:44:25.382+0000] {override.py:1911} INFO - Created Permission View: can delete on DAG:dataset_consumes_1
[2024-11-11T06:44:25.393+0000] {logging_mixin.py:190} INFO - [2024-11-11T06:44:25.392+0000] {override.py:1911} INFO - Created Permission View: can edit on DAG:dataset_consumes_1
[2024-11-11T06:44:25.404+0000] {logging_mixin.py:190} INFO - [2024-11-11T06:44:25.404+0000] {override.py:1911} INFO - Created Permission View: can read on DAG:dataset_consumes_1
[2024-11-11T06:44:25.417+0000] {logging_mixin.py:190} INFO - [2024-11-11T06:44:25.416+0000] {override.py:1911} INFO - Created Permission View: menu access on DAG Run:dataset_consumes_1
[2024-11-11T06:44:25.429+0000] {logging_mixin.py:190} INFO - [2024-11-11T06:44:25.429+0000] {override.py:1911} INFO - Created Permission View: can delete on DAG Run:dataset_consumes_1
[2024-11-11T06:44:25.442+0000] {logging_mixin.py:190} INFO - [2024-11-11T06:44:25.441+0000] {override.py:1911} INFO - Created Permission View: can create on DAG Run:dataset_consumes_1
[2024-11-11T06:44:25.453+0000] {logging_mixin.py:190} INFO - [2024-11-11T06:44:25.452+0000] {override.py:1911} INFO - Created Permission View: can read on DAG Run:dataset_consumes_1
[2024-11-11T06:44:25.472+0000] {logging_mixin.py:190} INFO - [2024-11-11T06:44:25.472+0000] {override.py:1911} INFO - Created Permission View: can delete on DAG:consume_1_and_2_with_dataset_expressions
[2024-11-11T06:44:25.483+0000] {logging_mixin.py:190} INFO - [2024-11-11T06:44:25.482+0000] {override.py:1911} INFO - Created Permission View: can edit on DAG:consume_1_and_2_with_dataset_expressions
[2024-11-11T06:44:25.494+0000] {logging_mixin.py:190} INFO - [2024-11-11T06:44:25.494+0000] {override.py:1911} INFO - Created Permission View: can read on DAG:consume_1_and_2_with_dataset_expressions
[2024-11-11T06:44:25.506+0000] {logging_mixin.py:190} INFO - [2024-11-11T06:44:25.505+0000] {override.py:1911} INFO - Created Permission View: menu access on DAG Run:consume_1_and_2_with_dataset_expressions
[2024-11-11T06:44:25.517+0000] {logging_mixin.py:190} INFO - [2024-11-11T06:44:25.515+0000] {override.py:1911} INFO - Created Permission View: can delete on DAG Run:consume_1_and_2_with_dataset_expressions
[2024-11-11T06:44:25.527+0000] {logging_mixin.py:190} INFO - [2024-11-11T06:44:25.526+0000] {override.py:1911} INFO - Created Permission View: can create on DAG Run:consume_1_and_2_with_dataset_expressions
[2024-11-11T06:44:25.537+0000] {logging_mixin.py:190} INFO - [2024-11-11T06:44:25.536+0000] {override.py:1911} INFO - Created Permission View: can read on DAG Run:consume_1_and_2_with_dataset_expressions
[2024-11-11T06:44:25.555+0000] {logging_mixin.py:190} INFO - [2024-11-11T06:44:25.554+0000] {override.py:1911} INFO - Created Permission View: can delete on DAG:conditional_dataset_and_time_based_timetable
[2024-11-11T06:44:25.565+0000] {logging_mixin.py:190} INFO - [2024-11-11T06:44:25.565+0000] {override.py:1911} INFO - Created Permission View: can edit on DAG:conditional_dataset_and_time_based_timetable
[2024-11-11T06:44:25.573+0000] {logging_mixin.py:190} INFO - [2024-11-11T06:44:25.573+0000] {override.py:1911} INFO - Created Permission View: can read on DAG:conditional_dataset_and_time_based_timetable
[2024-11-11T06:44:25.585+0000] {logging_mixin.py:190} INFO - [2024-11-11T06:44:25.584+0000] {override.py:1911} INFO - Created Permission View: menu access on DAG Run:conditional_dataset_and_time_based_timetable
[2024-11-11T06:44:25.596+0000] {logging_mixin.py:190} INFO - [2024-11-11T06:44:25.595+0000] {override.py:1911} INFO - Created Permission View: can delete on DAG Run:conditional_dataset_and_time_based_timetable
[2024-11-11T06:44:25.605+0000] {logging_mixin.py:190} INFO - [2024-11-11T06:44:25.604+0000] {override.py:1911} INFO - Created Permission View: can create on DAG Run:conditional_dataset_and_time_based_timetable
[2024-11-11T06:44:25.615+0000] {logging_mixin.py:190} INFO - [2024-11-11T06:44:25.614+0000] {override.py:1911} INFO - Created Permission View: can read on DAG Run:conditional_dataset_and_time_based_timetable
[2024-11-11T06:44:25.633+0000] {logging_mixin.py:190} INFO - [2024-11-11T06:44:25.633+0000] {override.py:1911} INFO - Created Permission View: can delete on DAG:consume_1_or_2_with_dataset_expressions
[2024-11-11T06:44:25.645+0000] {logging_mixin.py:190} INFO - [2024-11-11T06:44:25.645+0000] {override.py:1911} INFO - Created Permission View: can edit on DAG:consume_1_or_2_with_dataset_expressions
[2024-11-11T06:44:25.655+0000] {logging_mixin.py:190} INFO - [2024-11-11T06:44:25.654+0000] {override.py:1911} INFO - Created Permission View: can read on DAG:consume_1_or_2_with_dataset_expressions
[2024-11-11T06:44:25.666+0000] {logging_mixin.py:190} INFO - [2024-11-11T06:44:25.665+0000] {override.py:1911} INFO - Created Permission View: menu access on DAG Run:consume_1_or_2_with_dataset_expressions
[2024-11-11T06:44:25.674+0000] {logging_mixin.py:190} INFO - [2024-11-11T06:44:25.674+0000] {override.py:1911} INFO - Created Permission View: can delete on DAG Run:consume_1_or_2_with_dataset_expressions
[2024-11-11T06:44:25.686+0000] {logging_mixin.py:190} INFO - [2024-11-11T06:44:25.686+0000] {override.py:1911} INFO - Created Permission View: can create on DAG Run:consume_1_or_2_with_dataset_expressions
[2024-11-11T06:44:25.697+0000] {logging_mixin.py:190} INFO - [2024-11-11T06:44:25.696+0000] {override.py:1911} INFO - Created Permission View: can read on DAG Run:consume_1_or_2_with_dataset_expressions
[2024-11-11T06:44:25.714+0000] {logging_mixin.py:190} INFO - [2024-11-11T06:44:25.714+0000] {override.py:1911} INFO - Created Permission View: can delete on DAG:consume_1_or_both_2_and_3_with_dataset_expressions
[2024-11-11T06:44:25.724+0000] {logging_mixin.py:190} INFO - [2024-11-11T06:44:25.724+0000] {override.py:1911} INFO - Created Permission View: can edit on DAG:consume_1_or_both_2_and_3_with_dataset_expressions
[2024-11-11T06:44:25.737+0000] {logging_mixin.py:190} INFO - [2024-11-11T06:44:25.736+0000] {override.py:1911} INFO - Created Permission View: can read on DAG:consume_1_or_both_2_and_3_with_dataset_expressions
[2024-11-11T06:44:25.752+0000] {logging_mixin.py:190} INFO - [2024-11-11T06:44:25.751+0000] {override.py:1911} INFO - Created Permission View: menu access on DAG Run:consume_1_or_both_2_and_3_with_dataset_expressions
[2024-11-11T06:44:25.764+0000] {logging_mixin.py:190} INFO - [2024-11-11T06:44:25.763+0000] {override.py:1911} INFO - Created Permission View: can delete on DAG Run:consume_1_or_both_2_and_3_with_dataset_expressions
[2024-11-11T06:44:25.777+0000] {logging_mixin.py:190} INFO - [2024-11-11T06:44:25.777+0000] {override.py:1911} INFO - Created Permission View: can create on DAG Run:consume_1_or_both_2_and_3_with_dataset_expressions
[2024-11-11T06:44:25.792+0000] {logging_mixin.py:190} INFO - [2024-11-11T06:44:25.791+0000] {override.py:1911} INFO - Created Permission View: can read on DAG Run:consume_1_or_both_2_and_3_with_dataset_expressions
[2024-11-11T06:44:25.814+0000] {logging_mixin.py:190} INFO - [2024-11-11T06:44:25.814+0000] {override.py:1911} INFO - Created Permission View: can delete on DAG:dataset_consumes_unknown_never_scheduled
[2024-11-11T06:44:25.826+0000] {logging_mixin.py:190} INFO - [2024-11-11T06:44:25.825+0000] {override.py:1911} INFO - Created Permission View: can edit on DAG:dataset_consumes_unknown_never_scheduled
[2024-11-11T06:44:25.838+0000] {logging_mixin.py:190} INFO - [2024-11-11T06:44:25.838+0000] {override.py:1911} INFO - Created Permission View: can read on DAG:dataset_consumes_unknown_never_scheduled
[2024-11-11T06:44:25.851+0000] {logging_mixin.py:190} INFO - [2024-11-11T06:44:25.851+0000] {override.py:1911} INFO - Created Permission View: menu access on DAG Run:dataset_consumes_unknown_never_scheduled
[2024-11-11T06:44:25.862+0000] {logging_mixin.py:190} INFO - [2024-11-11T06:44:25.861+0000] {override.py:1911} INFO - Created Permission View: can delete on DAG Run:dataset_consumes_unknown_never_scheduled
[2024-11-11T06:44:25.872+0000] {logging_mixin.py:190} INFO - [2024-11-11T06:44:25.872+0000] {override.py:1911} INFO - Created Permission View: can create on DAG Run:dataset_consumes_unknown_never_scheduled
[2024-11-11T06:44:25.885+0000] {logging_mixin.py:190} INFO - [2024-11-11T06:44:25.884+0000] {override.py:1911} INFO - Created Permission View: can read on DAG Run:dataset_consumes_unknown_never_scheduled
[2024-11-11T06:44:25.903+0000] {logging_mixin.py:190} INFO - [2024-11-11T06:44:25.902+0000] {override.py:1911} INFO - Created Permission View: can delete on DAG:dataset_consumes_1_and_2
[2024-11-11T06:44:25.911+0000] {logging_mixin.py:190} INFO - [2024-11-11T06:44:25.910+0000] {override.py:1911} INFO - Created Permission View: can edit on DAG:dataset_consumes_1_and_2
[2024-11-11T06:44:25.920+0000] {logging_mixin.py:190} INFO - [2024-11-11T06:44:25.919+0000] {override.py:1911} INFO - Created Permission View: can read on DAG:dataset_consumes_1_and_2
[2024-11-11T06:44:25.933+0000] {logging_mixin.py:190} INFO - [2024-11-11T06:44:25.932+0000] {override.py:1911} INFO - Created Permission View: menu access on DAG Run:dataset_consumes_1_and_2
[2024-11-11T06:44:25.942+0000] {logging_mixin.py:190} INFO - [2024-11-11T06:44:25.941+0000] {override.py:1911} INFO - Created Permission View: can delete on DAG Run:dataset_consumes_1_and_2
[2024-11-11T06:44:25.951+0000] {logging_mixin.py:190} INFO - [2024-11-11T06:44:25.951+0000] {override.py:1911} INFO - Created Permission View: can create on DAG Run:dataset_consumes_1_and_2
[2024-11-11T06:44:25.959+0000] {logging_mixin.py:190} INFO - [2024-11-11T06:44:25.959+0000] {override.py:1911} INFO - Created Permission View: can read on DAG Run:dataset_consumes_1_and_2
[2024-11-11T06:44:25.978+0000] {logging_mixin.py:190} INFO - [2024-11-11T06:44:25.977+0000] {override.py:1911} INFO - Created Permission View: can delete on DAG:dataset_produces_2
[2024-11-11T06:44:25.986+0000] {logging_mixin.py:190} INFO - [2024-11-11T06:44:25.986+0000] {override.py:1911} INFO - Created Permission View: can edit on DAG:dataset_produces_2
[2024-11-11T06:44:25.996+0000] {logging_mixin.py:190} INFO - [2024-11-11T06:44:25.995+0000] {override.py:1911} INFO - Created Permission View: can read on DAG:dataset_produces_2
[2024-11-11T06:44:26.005+0000] {logging_mixin.py:190} INFO - [2024-11-11T06:44:26.004+0000] {override.py:1911} INFO - Created Permission View: menu access on DAG Run:dataset_produces_2
[2024-11-11T06:44:26.014+0000] {logging_mixin.py:190} INFO - [2024-11-11T06:44:26.013+0000] {override.py:1911} INFO - Created Permission View: can delete on DAG Run:dataset_produces_2
[2024-11-11T06:44:26.022+0000] {logging_mixin.py:190} INFO - [2024-11-11T06:44:26.022+0000] {override.py:1911} INFO - Created Permission View: can create on DAG Run:dataset_produces_2
[2024-11-11T06:44:26.037+0000] {logging_mixin.py:190} INFO - [2024-11-11T06:44:26.036+0000] {override.py:1911} INFO - Created Permission View: can read on DAG Run:dataset_produces_2
[2024-11-11T06:44:26.057+0000] {logging_mixin.py:190} INFO - [2024-11-11T06:44:26.057+0000] {override.py:1911} INFO - Created Permission View: can delete on DAG:dataset_produces_1
[2024-11-11T06:44:26.071+0000] {logging_mixin.py:190} INFO - [2024-11-11T06:44:26.070+0000] {override.py:1911} INFO - Created Permission View: can edit on DAG:dataset_produces_1
[2024-11-11T06:44:26.082+0000] {logging_mixin.py:190} INFO - [2024-11-11T06:44:26.082+0000] {override.py:1911} INFO - Created Permission View: can read on DAG:dataset_produces_1
[2024-11-11T06:44:26.097+0000] {logging_mixin.py:190} INFO - [2024-11-11T06:44:26.097+0000] {override.py:1911} INFO - Created Permission View: menu access on DAG Run:dataset_produces_1
[2024-11-11T06:44:26.110+0000] {logging_mixin.py:190} INFO - [2024-11-11T06:44:26.109+0000] {override.py:1911} INFO - Created Permission View: can delete on DAG Run:dataset_produces_1
[2024-11-11T06:44:26.121+0000] {logging_mixin.py:190} INFO - [2024-11-11T06:44:26.120+0000] {override.py:1911} INFO - Created Permission View: can create on DAG Run:dataset_produces_1
[2024-11-11T06:44:26.132+0000] {logging_mixin.py:190} INFO - [2024-11-11T06:44:26.132+0000] {override.py:1911} INFO - Created Permission View: can read on DAG Run:dataset_produces_1
[2024-11-11T06:44:26.133+0000] {logging_mixin.py:190} INFO - [2024-11-11T06:44:26.133+0000] {dag.py:3239} INFO - Sync 10 DAGs
[2024-11-11T06:44:26.207+0000] {logging_mixin.py:190} INFO - [2024-11-11T06:44:26.203+0000] {dag.py:3262} INFO - Creating ORM DAG for dataset_consumes_1_and_2
[2024-11-11T06:44:26.208+0000] {logging_mixin.py:190} INFO - [2024-11-11T06:44:26.208+0000] {dag.py:3262} INFO - Creating ORM DAG for dataset_consumes_1
[2024-11-11T06:44:26.210+0000] {logging_mixin.py:190} INFO - [2024-11-11T06:44:26.209+0000] {dag.py:3262} INFO - Creating ORM DAG for consume_1_or_both_2_and_3_with_dataset_expressions
[2024-11-11T06:44:26.211+0000] {logging_mixin.py:190} INFO - [2024-11-11T06:44:26.211+0000] {dag.py:3262} INFO - Creating ORM DAG for consume_1_or_2_with_dataset_expressions
[2024-11-11T06:44:26.213+0000] {logging_mixin.py:190} INFO - [2024-11-11T06:44:26.212+0000] {dag.py:3262} INFO - Creating ORM DAG for dataset_produces_1
[2024-11-11T06:44:26.215+0000] {logging_mixin.py:190} INFO - [2024-11-11T06:44:26.214+0000] {dag.py:3262} INFO - Creating ORM DAG for dataset_produces_2
[2024-11-11T06:44:26.216+0000] {logging_mixin.py:190} INFO - [2024-11-11T06:44:26.216+0000] {dag.py:3262} INFO - Creating ORM DAG for consume_1_and_2_with_dataset_expressions
[2024-11-11T06:44:26.217+0000] {logging_mixin.py:190} INFO - [2024-11-11T06:44:26.217+0000] {dag.py:3262} INFO - Creating ORM DAG for conditional_dataset_and_time_based_timetable
[2024-11-11T06:44:26.218+0000] {logging_mixin.py:190} INFO - [2024-11-11T06:44:26.218+0000] {dag.py:3262} INFO - Creating ORM DAG for dataset_consumes_1_never_scheduled
[2024-11-11T06:44:26.220+0000] {logging_mixin.py:190} INFO - [2024-11-11T06:44:26.219+0000] {dag.py:3262} INFO - Creating ORM DAG for dataset_consumes_unknown_never_scheduled
[2024-11-11T06:44:26.254+0000] {logging_mixin.py:190} INFO - [2024-11-11T06:44:26.253+0000] {dag.py:4180} INFO - Setting next_dagrun for conditional_dataset_and_time_based_timetable to 2024-11-06 01:00:00+00:00, run_after=2024-11-06 01:00:00+00:00
[2024-11-11T06:44:26.256+0000] {logging_mixin.py:190} INFO - [2024-11-11T06:44:26.255+0000] {dag.py:4180} INFO - Setting next_dagrun for consume_1_and_2_with_dataset_expressions to None, run_after=None
[2024-11-11T06:44:26.257+0000] {logging_mixin.py:190} INFO - [2024-11-11T06:44:26.256+0000] {dag.py:4180} INFO - Setting next_dagrun for consume_1_or_2_with_dataset_expressions to None, run_after=None
[2024-11-11T06:44:26.259+0000] {logging_mixin.py:190} INFO - [2024-11-11T06:44:26.258+0000] {dag.py:4180} INFO - Setting next_dagrun for consume_1_or_both_2_and_3_with_dataset_expressions to None, run_after=None
[2024-11-11T06:44:26.261+0000] {logging_mixin.py:190} INFO - [2024-11-11T06:44:26.260+0000] {dag.py:4180} INFO - Setting next_dagrun for dataset_consumes_1 to None, run_after=None
[2024-11-11T06:44:26.262+0000] {logging_mixin.py:190} INFO - [2024-11-11T06:44:26.262+0000] {dag.py:4180} INFO - Setting next_dagrun for dataset_consumes_1_and_2 to None, run_after=None
[2024-11-11T06:44:26.265+0000] {logging_mixin.py:190} INFO - [2024-11-11T06:44:26.265+0000] {dag.py:4180} INFO - Setting next_dagrun for dataset_consumes_1_never_scheduled to None, run_after=None
[2024-11-11T06:44:26.266+0000] {logging_mixin.py:190} INFO - [2024-11-11T06:44:26.266+0000] {dag.py:4180} INFO - Setting next_dagrun for dataset_consumes_unknown_never_scheduled to None, run_after=None
[2024-11-11T06:44:26.269+0000] {logging_mixin.py:190} INFO - [2024-11-11T06:44:26.269+0000] {dag.py:4180} INFO - Setting next_dagrun for dataset_produces_1 to 2024-11-10 00:00:00+00:00, run_after=2024-11-11 00:00:00+00:00
[2024-11-11T06:44:26.270+0000] {logging_mixin.py:190} INFO - [2024-11-11T06:44:26.270+0000] {dag.py:4180} INFO - Setting next_dagrun for dataset_produces_2 to None, run_after=None
[2024-11-11T06:44:26.361+0000] {processor.py:208} INFO - Processing /home/airflow/.local/lib/python3.12/site-packages/airflow/example_dags/example_datasets.py took 3.130 seconds
[2024-11-11T06:45:05.032+0000] {processor.py:186} INFO - Started process (PID=560) to work on /home/airflow/.local/lib/python3.12/site-packages/airflow/example_dags/example_datasets.py
[2024-11-11T06:45:05.034+0000] {processor.py:914} INFO - Processing file /home/airflow/.local/lib/python3.12/site-packages/airflow/example_dags/example_datasets.py for tasks to queue
[2024-11-11T06:45:05.047+0000] {logging_mixin.py:190} INFO - [2024-11-11T06:45:05.045+0000] {dagbag.py:588} INFO - Filling up the DagBag from /home/airflow/.local/lib/python3.12/site-packages/airflow/example_dags/example_datasets.py
[2024-11-11T06:45:06.952+0000] {processor.py:925} INFO - DAG(s) 'dataset_produces_2', 'consume_1_or_both_2_and_3_with_dataset_expressions', 'dataset_consumes_1', 'dataset_consumes_1_never_scheduled', 'consume_1_and_2_with_dataset_expressions', 'dataset_produces_1', 'dataset_consumes_1_and_2', 'dataset_consumes_unknown_never_scheduled', 'conditional_dataset_and_time_based_timetable', 'consume_1_or_2_with_dataset_expressions' retrieved from /home/airflow/.local/lib/python3.12/site-packages/airflow/example_dags/example_datasets.py
[2024-11-11T06:45:07.480+0000] {logging_mixin.py:190} INFO - [2024-11-11T06:45:07.480+0000] {dag.py:3239} INFO - Sync 10 DAGs
[2024-11-11T06:45:07.547+0000] {logging_mixin.py:190} INFO - [2024-11-11T06:45:07.547+0000] {dag.py:4180} INFO - Setting next_dagrun for conditional_dataset_and_time_based_timetable to 2024-11-06 01:00:00+00:00, run_after=2024-11-06 01:00:00+00:00
[2024-11-11T06:45:07.554+0000] {logging_mixin.py:190} INFO - [2024-11-11T06:45:07.553+0000] {dag.py:4180} INFO - Setting next_dagrun for consume_1_and_2_with_dataset_expressions to None, run_after=None
[2024-11-11T06:45:07.556+0000] {logging_mixin.py:190} INFO - [2024-11-11T06:45:07.556+0000] {dag.py:4180} INFO - Setting next_dagrun for consume_1_or_2_with_dataset_expressions to None, run_after=None
[2024-11-11T06:45:07.558+0000] {logging_mixin.py:190} INFO - [2024-11-11T06:45:07.558+0000] {dag.py:4180} INFO - Setting next_dagrun for consume_1_or_both_2_and_3_with_dataset_expressions to None, run_after=None
[2024-11-11T06:45:07.560+0000] {logging_mixin.py:190} INFO - [2024-11-11T06:45:07.560+0000] {dag.py:4180} INFO - Setting next_dagrun for dataset_consumes_1 to None, run_after=None
[2024-11-11T06:45:07.562+0000] {logging_mixin.py:190} INFO - [2024-11-11T06:45:07.562+0000] {dag.py:4180} INFO - Setting next_dagrun for dataset_consumes_1_and_2 to None, run_after=None
[2024-11-11T06:45:07.564+0000] {logging_mixin.py:190} INFO - [2024-11-11T06:45:07.564+0000] {dag.py:4180} INFO - Setting next_dagrun for dataset_consumes_1_never_scheduled to None, run_after=None
[2024-11-11T06:45:07.566+0000] {logging_mixin.py:190} INFO - [2024-11-11T06:45:07.566+0000] {dag.py:4180} INFO - Setting next_dagrun for dataset_consumes_unknown_never_scheduled to None, run_after=None
[2024-11-11T06:45:07.569+0000] {logging_mixin.py:190} INFO - [2024-11-11T06:45:07.569+0000] {dag.py:4180} INFO - Setting next_dagrun for dataset_produces_1 to 2024-11-10 00:00:00+00:00, run_after=2024-11-11 00:00:00+00:00
[2024-11-11T06:45:07.571+0000] {logging_mixin.py:190} INFO - [2024-11-11T06:45:07.571+0000] {dag.py:4180} INFO - Setting next_dagrun for dataset_produces_2 to None, run_after=None
[2024-11-11T06:45:07.736+0000] {processor.py:208} INFO - Processing /home/airflow/.local/lib/python3.12/site-packages/airflow/example_dags/example_datasets.py took 2.725 seconds
[2024-11-11T06:45:48.843+0000] {processor.py:186} INFO - Started process (PID=876) to work on /home/airflow/.local/lib/python3.12/site-packages/airflow/example_dags/example_datasets.py
[2024-11-11T06:45:48.857+0000] {processor.py:914} INFO - Processing file /home/airflow/.local/lib/python3.12/site-packages/airflow/example_dags/example_datasets.py for tasks to queue
[2024-11-11T06:45:48.867+0000] {logging_mixin.py:190} INFO - [2024-11-11T06:45:48.866+0000] {dagbag.py:588} INFO - Filling up the DagBag from /home/airflow/.local/lib/python3.12/site-packages/airflow/example_dags/example_datasets.py
[2024-11-11T06:45:50.923+0000] {processor.py:925} INFO - DAG(s) 'conditional_dataset_and_time_based_timetable', 'consume_1_or_2_with_dataset_expressions', 'dataset_consumes_1_and_2', 'dataset_consumes_unknown_never_scheduled', 'consume_1_and_2_with_dataset_expressions', 'dataset_produces_1', 'dataset_consumes_1', 'consume_1_or_both_2_and_3_with_dataset_expressions', 'dataset_produces_2', 'dataset_consumes_1_never_scheduled' retrieved from /home/airflow/.local/lib/python3.12/site-packages/airflow/example_dags/example_datasets.py
[2024-11-11T06:45:51.155+0000] {logging_mixin.py:190} INFO - [2024-11-11T06:45:51.154+0000] {dag.py:3239} INFO - Sync 10 DAGs
[2024-11-11T06:45:51.282+0000] {logging_mixin.py:190} INFO - [2024-11-11T06:45:51.282+0000] {dag.py:4180} INFO - Setting next_dagrun for conditional_dataset_and_time_based_timetable to 2024-11-06 01:00:00+00:00, run_after=2024-11-06 01:00:00+00:00
[2024-11-11T06:45:51.302+0000] {logging_mixin.py:190} INFO - [2024-11-11T06:45:51.301+0000] {dag.py:4180} INFO - Setting next_dagrun for consume_1_and_2_with_dataset_expressions to None, run_after=None
[2024-11-11T06:45:51.310+0000] {logging_mixin.py:190} INFO - [2024-11-11T06:45:51.310+0000] {dag.py:4180} INFO - Setting next_dagrun for consume_1_or_2_with_dataset_expressions to None, run_after=None
[2024-11-11T06:45:51.317+0000] {logging_mixin.py:190} INFO - [2024-11-11T06:45:51.317+0000] {dag.py:4180} INFO - Setting next_dagrun for consume_1_or_both_2_and_3_with_dataset_expressions to None, run_after=None
[2024-11-11T06:45:51.332+0000] {logging_mixin.py:190} INFO - [2024-11-11T06:45:51.322+0000] {dag.py:4180} INFO - Setting next_dagrun for dataset_consumes_1 to None, run_after=None
[2024-11-11T06:45:51.381+0000] {logging_mixin.py:190} INFO - [2024-11-11T06:45:51.380+0000] {dag.py:4180} INFO - Setting next_dagrun for dataset_consumes_1_and_2 to None, run_after=None
[2024-11-11T06:45:51.386+0000] {logging_mixin.py:190} INFO - [2024-11-11T06:45:51.385+0000] {dag.py:4180} INFO - Setting next_dagrun for dataset_consumes_1_never_scheduled to None, run_after=None
[2024-11-11T06:45:51.391+0000] {logging_mixin.py:190} INFO - [2024-11-11T06:45:51.390+0000] {dag.py:4180} INFO - Setting next_dagrun for dataset_consumes_unknown_never_scheduled to None, run_after=None
[2024-11-11T06:45:51.403+0000] {logging_mixin.py:190} INFO - [2024-11-11T06:45:51.402+0000] {dag.py:4180} INFO - Setting next_dagrun for dataset_produces_1 to 2024-11-10 00:00:00+00:00, run_after=2024-11-11 00:00:00+00:00
[2024-11-11T06:45:51.408+0000] {logging_mixin.py:190} INFO - [2024-11-11T06:45:51.407+0000] {dag.py:4180} INFO - Setting next_dagrun for dataset_produces_2 to None, run_after=None
[2024-11-11T06:45:51.573+0000] {processor.py:208} INFO - Processing /home/airflow/.local/lib/python3.12/site-packages/airflow/example_dags/example_datasets.py took 2.744 seconds
[2024-11-11T06:46:22.150+0000] {processor.py:186} INFO - Started process (PID=1169) to work on /home/airflow/.local/lib/python3.12/site-packages/airflow/example_dags/example_datasets.py
[2024-11-11T06:46:22.153+0000] {processor.py:914} INFO - Processing file /home/airflow/.local/lib/python3.12/site-packages/airflow/example_dags/example_datasets.py for tasks to queue
[2024-11-11T06:46:22.159+0000] {logging_mixin.py:190} INFO - [2024-11-11T06:46:22.158+0000] {dagbag.py:588} INFO - Filling up the DagBag from /home/airflow/.local/lib/python3.12/site-packages/airflow/example_dags/example_datasets.py
[2024-11-11T06:46:23.801+0000] {processor.py:925} INFO - DAG(s) 'dataset_consumes_1_never_scheduled', 'dataset_produces_2', 'dataset_consumes_unknown_never_scheduled', 'consume_1_or_both_2_and_3_with_dataset_expressions', 'dataset_consumes_1_and_2', 'consume_1_or_2_with_dataset_expressions', 'conditional_dataset_and_time_based_timetable', 'dataset_produces_1', 'consume_1_and_2_with_dataset_expressions', 'dataset_consumes_1' retrieved from /home/airflow/.local/lib/python3.12/site-packages/airflow/example_dags/example_datasets.py
[2024-11-11T06:46:23.944+0000] {logging_mixin.py:190} INFO - [2024-11-11T06:46:23.944+0000] {dag.py:3239} INFO - Sync 10 DAGs
[2024-11-11T06:46:24.037+0000] {logging_mixin.py:190} INFO - [2024-11-11T06:46:24.037+0000] {dag.py:4180} INFO - Setting next_dagrun for conditional_dataset_and_time_based_timetable to 2024-11-06 01:00:00+00:00, run_after=2024-11-06 01:00:00+00:00
[2024-11-11T06:46:24.052+0000] {logging_mixin.py:190} INFO - [2024-11-11T06:46:24.052+0000] {dag.py:4180} INFO - Setting next_dagrun for consume_1_and_2_with_dataset_expressions to None, run_after=None
[2024-11-11T06:46:24.056+0000] {logging_mixin.py:190} INFO - [2024-11-11T06:46:24.056+0000] {dag.py:4180} INFO - Setting next_dagrun for consume_1_or_2_with_dataset_expressions to None, run_after=None
[2024-11-11T06:46:24.060+0000] {logging_mixin.py:190} INFO - [2024-11-11T06:46:24.060+0000] {dag.py:4180} INFO - Setting next_dagrun for consume_1_or_both_2_and_3_with_dataset_expressions to None, run_after=None
[2024-11-11T06:46:24.064+0000] {logging_mixin.py:190} INFO - [2024-11-11T06:46:24.063+0000] {dag.py:4180} INFO - Setting next_dagrun for dataset_consumes_1 to None, run_after=None
[2024-11-11T06:46:24.071+0000] {logging_mixin.py:190} INFO - [2024-11-11T06:46:24.067+0000] {dag.py:4180} INFO - Setting next_dagrun for dataset_consumes_1_and_2 to None, run_after=None
[2024-11-11T06:46:24.080+0000] {logging_mixin.py:190} INFO - [2024-11-11T06:46:24.079+0000] {dag.py:4180} INFO - Setting next_dagrun for dataset_consumes_1_never_scheduled to None, run_after=None
[2024-11-11T06:46:24.084+0000] {logging_mixin.py:190} INFO - [2024-11-11T06:46:24.084+0000] {dag.py:4180} INFO - Setting next_dagrun for dataset_consumes_unknown_never_scheduled to None, run_after=None
[2024-11-11T06:46:24.096+0000] {logging_mixin.py:190} INFO - [2024-11-11T06:46:24.094+0000] {dag.py:4180} INFO - Setting next_dagrun for dataset_produces_1 to 2024-11-10 00:00:00+00:00, run_after=2024-11-11 00:00:00+00:00
[2024-11-11T06:46:24.101+0000] {logging_mixin.py:190} INFO - [2024-11-11T06:46:24.101+0000] {dag.py:4180} INFO - Setting next_dagrun for dataset_produces_2 to None, run_after=None
[2024-11-11T06:46:24.222+0000] {processor.py:208} INFO - Processing /home/airflow/.local/lib/python3.12/site-packages/airflow/example_dags/example_datasets.py took 2.093 seconds
[2024-11-11T06:46:54.421+0000] {processor.py:186} INFO - Started process (PID=1460) to work on /home/airflow/.local/lib/python3.12/site-packages/airflow/example_dags/example_datasets.py
[2024-11-11T06:46:54.423+0000] {processor.py:914} INFO - Processing file /home/airflow/.local/lib/python3.12/site-packages/airflow/example_dags/example_datasets.py for tasks to queue
[2024-11-11T06:46:54.428+0000] {logging_mixin.py:190} INFO - [2024-11-11T06:46:54.427+0000] {dagbag.py:588} INFO - Filling up the DagBag from /home/airflow/.local/lib/python3.12/site-packages/airflow/example_dags/example_datasets.py
[2024-11-11T06:46:55.882+0000] {processor.py:925} INFO - DAG(s) 'conditional_dataset_and_time_based_timetable', 'dataset_produces_2', 'dataset_consumes_1', 'dataset_consumes_1_and_2', 'dataset_consumes_unknown_never_scheduled', 'consume_1_or_both_2_and_3_with_dataset_expressions', 'dataset_produces_1', 'dataset_consumes_1_never_scheduled', 'consume_1_and_2_with_dataset_expressions', 'consume_1_or_2_with_dataset_expressions' retrieved from /home/airflow/.local/lib/python3.12/site-packages/airflow/example_dags/example_datasets.py
[2024-11-11T06:46:56.001+0000] {logging_mixin.py:190} INFO - [2024-11-11T06:46:56.000+0000] {dag.py:3239} INFO - Sync 10 DAGs
[2024-11-11T06:46:56.069+0000] {logging_mixin.py:190} INFO - [2024-11-11T06:46:56.068+0000] {dag.py:4180} INFO - Setting next_dagrun for conditional_dataset_and_time_based_timetable to 2024-11-06 01:00:00+00:00, run_after=2024-11-06 01:00:00+00:00
[2024-11-11T06:46:56.084+0000] {logging_mixin.py:190} INFO - [2024-11-11T06:46:56.084+0000] {dag.py:4180} INFO - Setting next_dagrun for consume_1_and_2_with_dataset_expressions to None, run_after=None
[2024-11-11T06:46:56.088+0000] {logging_mixin.py:190} INFO - [2024-11-11T06:46:56.088+0000] {dag.py:4180} INFO - Setting next_dagrun for consume_1_or_2_with_dataset_expressions to None, run_after=None
[2024-11-11T06:46:56.093+0000] {logging_mixin.py:190} INFO - [2024-11-11T06:46:56.092+0000] {dag.py:4180} INFO - Setting next_dagrun for consume_1_or_both_2_and_3_with_dataset_expressions to None, run_after=None
[2024-11-11T06:46:56.096+0000] {logging_mixin.py:190} INFO - [2024-11-11T06:46:56.096+0000] {dag.py:4180} INFO - Setting next_dagrun for dataset_consumes_1 to None, run_after=None
[2024-11-11T06:46:56.101+0000] {logging_mixin.py:190} INFO - [2024-11-11T06:46:56.100+0000] {dag.py:4180} INFO - Setting next_dagrun for dataset_consumes_1_and_2 to None, run_after=None
[2024-11-11T06:46:56.108+0000] {logging_mixin.py:190} INFO - [2024-11-11T06:46:56.108+0000] {dag.py:4180} INFO - Setting next_dagrun for dataset_consumes_1_never_scheduled to None, run_after=None
[2024-11-11T06:46:56.113+0000] {logging_mixin.py:190} INFO - [2024-11-11T06:46:56.112+0000] {dag.py:4180} INFO - Setting next_dagrun for dataset_consumes_unknown_never_scheduled to None, run_after=None
[2024-11-11T06:46:56.120+0000] {logging_mixin.py:190} INFO - [2024-11-11T06:46:56.119+0000] {dag.py:4180} INFO - Setting next_dagrun for dataset_produces_1 to 2024-11-10 00:00:00+00:00, run_after=2024-11-11 00:00:00+00:00
[2024-11-11T06:46:56.124+0000] {logging_mixin.py:190} INFO - [2024-11-11T06:46:56.123+0000] {dag.py:4180} INFO - Setting next_dagrun for dataset_produces_2 to None, run_after=None
[2024-11-11T06:46:56.219+0000] {processor.py:208} INFO - Processing /home/airflow/.local/lib/python3.12/site-packages/airflow/example_dags/example_datasets.py took 1.811 seconds
[2024-11-11T06:47:27.098+0000] {processor.py:186} INFO - Started process (PID=1761) to work on /home/airflow/.local/lib/python3.12/site-packages/airflow/example_dags/example_datasets.py
[2024-11-11T06:47:27.100+0000] {processor.py:914} INFO - Processing file /home/airflow/.local/lib/python3.12/site-packages/airflow/example_dags/example_datasets.py for tasks to queue
[2024-11-11T06:47:27.106+0000] {logging_mixin.py:190} INFO - [2024-11-11T06:47:27.105+0000] {dagbag.py:588} INFO - Filling up the DagBag from /home/airflow/.local/lib/python3.12/site-packages/airflow/example_dags/example_datasets.py
[2024-11-11T06:47:28.228+0000] {processor.py:925} INFO - DAG(s) 'consume_1_or_2_with_dataset_expressions', 'dataset_consumes_1', 'conditional_dataset_and_time_based_timetable', 'consume_1_and_2_with_dataset_expressions', 'consume_1_or_both_2_and_3_with_dataset_expressions', 'dataset_consumes_1_never_scheduled', 'dataset_produces_1', 'dataset_consumes_1_and_2', 'dataset_consumes_unknown_never_scheduled', 'dataset_produces_2' retrieved from /home/airflow/.local/lib/python3.12/site-packages/airflow/example_dags/example_datasets.py
[2024-11-11T06:47:28.336+0000] {logging_mixin.py:190} INFO - [2024-11-11T06:47:28.334+0000] {dag.py:3239} INFO - Sync 10 DAGs
[2024-11-11T06:47:28.394+0000] {logging_mixin.py:190} INFO - [2024-11-11T06:47:28.393+0000] {dag.py:4180} INFO - Setting next_dagrun for conditional_dataset_and_time_based_timetable to 2024-11-06 01:00:00+00:00, run_after=2024-11-06 01:00:00+00:00
[2024-11-11T06:47:28.406+0000] {logging_mixin.py:190} INFO - [2024-11-11T06:47:28.406+0000] {dag.py:4180} INFO - Setting next_dagrun for consume_1_and_2_with_dataset_expressions to None, run_after=None
[2024-11-11T06:47:28.409+0000] {logging_mixin.py:190} INFO - [2024-11-11T06:47:28.409+0000] {dag.py:4180} INFO - Setting next_dagrun for consume_1_or_2_with_dataset_expressions to None, run_after=None
[2024-11-11T06:47:28.413+0000] {logging_mixin.py:190} INFO - [2024-11-11T06:47:28.412+0000] {dag.py:4180} INFO - Setting next_dagrun for consume_1_or_both_2_and_3_with_dataset_expressions to None, run_after=None
[2024-11-11T06:47:28.417+0000] {logging_mixin.py:190} INFO - [2024-11-11T06:47:28.417+0000] {dag.py:4180} INFO - Setting next_dagrun for dataset_consumes_1 to None, run_after=None
[2024-11-11T06:47:28.426+0000] {logging_mixin.py:190} INFO - [2024-11-11T06:47:28.425+0000] {dag.py:4180} INFO - Setting next_dagrun for dataset_consumes_1_and_2 to None, run_after=None
[2024-11-11T06:47:28.433+0000] {logging_mixin.py:190} INFO - [2024-11-11T06:47:28.432+0000] {dag.py:4180} INFO - Setting next_dagrun for dataset_consumes_1_never_scheduled to None, run_after=None
[2024-11-11T06:47:28.435+0000] {logging_mixin.py:190} INFO - [2024-11-11T06:47:28.435+0000] {dag.py:4180} INFO - Setting next_dagrun for dataset_consumes_unknown_never_scheduled to None, run_after=None
[2024-11-11T06:47:28.442+0000] {logging_mixin.py:190} INFO - [2024-11-11T06:47:28.442+0000] {dag.py:4180} INFO - Setting next_dagrun for dataset_produces_1 to 2024-11-10 00:00:00+00:00, run_after=2024-11-11 00:00:00+00:00
[2024-11-11T06:47:28.445+0000] {logging_mixin.py:190} INFO - [2024-11-11T06:47:28.445+0000] {dag.py:4180} INFO - Setting next_dagrun for dataset_produces_2 to None, run_after=None
[2024-11-11T06:47:28.517+0000] {processor.py:208} INFO - Processing /home/airflow/.local/lib/python3.12/site-packages/airflow/example_dags/example_datasets.py took 1.430 seconds
[2024-11-11T06:47:59.477+0000] {processor.py:186} INFO - Started process (PID=2060) to work on /home/airflow/.local/lib/python3.12/site-packages/airflow/example_dags/example_datasets.py
[2024-11-11T06:47:59.483+0000] {processor.py:914} INFO - Processing file /home/airflow/.local/lib/python3.12/site-packages/airflow/example_dags/example_datasets.py for tasks to queue
[2024-11-11T06:47:59.489+0000] {logging_mixin.py:190} INFO - [2024-11-11T06:47:59.488+0000] {dagbag.py:588} INFO - Filling up the DagBag from /home/airflow/.local/lib/python3.12/site-packages/airflow/example_dags/example_datasets.py
[2024-11-11T06:48:00.962+0000] {processor.py:925} INFO - DAG(s) 'consume_1_or_both_2_and_3_with_dataset_expressions', 'dataset_consumes_1_and_2', 'conditional_dataset_and_time_based_timetable', 'consume_1_or_2_with_dataset_expressions', 'dataset_produces_1', 'consume_1_and_2_with_dataset_expressions', 'dataset_produces_2', 'dataset_consumes_1_never_scheduled', 'dataset_consumes_1', 'dataset_consumes_unknown_never_scheduled' retrieved from /home/airflow/.local/lib/python3.12/site-packages/airflow/example_dags/example_datasets.py
[2024-11-11T06:48:01.207+0000] {logging_mixin.py:190} INFO - [2024-11-11T06:48:01.206+0000] {dag.py:3239} INFO - Sync 10 DAGs
[2024-11-11T06:48:01.329+0000] {logging_mixin.py:190} INFO - [2024-11-11T06:48:01.328+0000] {dag.py:4180} INFO - Setting next_dagrun for conditional_dataset_and_time_based_timetable to 2024-11-06 01:00:00+00:00, run_after=2024-11-06 01:00:00+00:00
[2024-11-11T06:48:01.351+0000] {logging_mixin.py:190} INFO - [2024-11-11T06:48:01.350+0000] {dag.py:4180} INFO - Setting next_dagrun for consume_1_and_2_with_dataset_expressions to None, run_after=None
[2024-11-11T06:48:01.361+0000] {logging_mixin.py:190} INFO - [2024-11-11T06:48:01.360+0000] {dag.py:4180} INFO - Setting next_dagrun for consume_1_or_2_with_dataset_expressions to None, run_after=None
[2024-11-11T06:48:01.368+0000] {logging_mixin.py:190} INFO - [2024-11-11T06:48:01.367+0000] {dag.py:4180} INFO - Setting next_dagrun for consume_1_or_both_2_and_3_with_dataset_expressions to None, run_after=None
[2024-11-11T06:48:01.374+0000] {logging_mixin.py:190} INFO - [2024-11-11T06:48:01.374+0000] {dag.py:4180} INFO - Setting next_dagrun for dataset_consumes_1 to None, run_after=None
[2024-11-11T06:48:01.379+0000] {logging_mixin.py:190} INFO - [2024-11-11T06:48:01.379+0000] {dag.py:4180} INFO - Setting next_dagrun for dataset_consumes_1_and_2 to None, run_after=None
[2024-11-11T06:48:01.384+0000] {logging_mixin.py:190} INFO - [2024-11-11T06:48:01.383+0000] {dag.py:4180} INFO - Setting next_dagrun for dataset_consumes_1_never_scheduled to None, run_after=None
[2024-11-11T06:48:01.391+0000] {logging_mixin.py:190} INFO - [2024-11-11T06:48:01.391+0000] {dag.py:4180} INFO - Setting next_dagrun for dataset_consumes_unknown_never_scheduled to None, run_after=None
[2024-11-11T06:48:01.404+0000] {logging_mixin.py:190} INFO - [2024-11-11T06:48:01.403+0000] {dag.py:4180} INFO - Setting next_dagrun for dataset_produces_1 to 2024-11-10 00:00:00+00:00, run_after=2024-11-11 00:00:00+00:00
[2024-11-11T06:48:01.409+0000] {logging_mixin.py:190} INFO - [2024-11-11T06:48:01.408+0000] {dag.py:4180} INFO - Setting next_dagrun for dataset_produces_2 to None, run_after=None
[2024-11-11T06:48:01.511+0000] {processor.py:208} INFO - Processing /home/airflow/.local/lib/python3.12/site-packages/airflow/example_dags/example_datasets.py took 2.049 seconds
[2024-11-11T06:48:31.993+0000] {processor.py:186} INFO - Started process (PID=2353) to work on /home/airflow/.local/lib/python3.12/site-packages/airflow/example_dags/example_datasets.py
[2024-11-11T06:48:31.995+0000] {processor.py:914} INFO - Processing file /home/airflow/.local/lib/python3.12/site-packages/airflow/example_dags/example_datasets.py for tasks to queue
[2024-11-11T06:48:32.000+0000] {logging_mixin.py:190} INFO - [2024-11-11T06:48:32.000+0000] {dagbag.py:588} INFO - Filling up the DagBag from /home/airflow/.local/lib/python3.12/site-packages/airflow/example_dags/example_datasets.py
[2024-11-11T06:48:32.963+0000] {processor.py:925} INFO - DAG(s) 'dataset_consumes_1', 'dataset_produces_1', 'dataset_consumes_1_and_2', 'conditional_dataset_and_time_based_timetable', 'dataset_consumes_unknown_never_scheduled', 'dataset_consumes_1_never_scheduled', 'consume_1_or_both_2_and_3_with_dataset_expressions', 'consume_1_or_2_with_dataset_expressions', 'dataset_produces_2', 'consume_1_and_2_with_dataset_expressions' retrieved from /home/airflow/.local/lib/python3.12/site-packages/airflow/example_dags/example_datasets.py
[2024-11-11T06:48:33.043+0000] {logging_mixin.py:190} INFO - [2024-11-11T06:48:33.043+0000] {dag.py:3239} INFO - Sync 10 DAGs
[2024-11-11T06:48:33.145+0000] {logging_mixin.py:190} INFO - [2024-11-11T06:48:33.144+0000] {dag.py:4180} INFO - Setting next_dagrun for conditional_dataset_and_time_based_timetable to 2024-11-06 01:00:00+00:00, run_after=2024-11-06 01:00:00+00:00
[2024-11-11T06:48:33.175+0000] {logging_mixin.py:190} INFO - [2024-11-11T06:48:33.174+0000] {dag.py:4180} INFO - Setting next_dagrun for consume_1_and_2_with_dataset_expressions to None, run_after=None
[2024-11-11T06:48:33.198+0000] {logging_mixin.py:190} INFO - [2024-11-11T06:48:33.197+0000] {dag.py:4180} INFO - Setting next_dagrun for consume_1_or_2_with_dataset_expressions to None, run_after=None
[2024-11-11T06:48:33.217+0000] {logging_mixin.py:190} INFO - [2024-11-11T06:48:33.216+0000] {dag.py:4180} INFO - Setting next_dagrun for consume_1_or_both_2_and_3_with_dataset_expressions to None, run_after=None
[2024-11-11T06:48:33.232+0000] {logging_mixin.py:190} INFO - [2024-11-11T06:48:33.230+0000] {dag.py:4180} INFO - Setting next_dagrun for dataset_consumes_1 to None, run_after=None
[2024-11-11T06:48:33.240+0000] {logging_mixin.py:190} INFO - [2024-11-11T06:48:33.240+0000] {dag.py:4180} INFO - Setting next_dagrun for dataset_consumes_1_and_2 to None, run_after=None
[2024-11-11T06:48:33.244+0000] {logging_mixin.py:190} INFO - [2024-11-11T06:48:33.243+0000] {dag.py:4180} INFO - Setting next_dagrun for dataset_consumes_1_never_scheduled to None, run_after=None
[2024-11-11T06:48:33.247+0000] {logging_mixin.py:190} INFO - [2024-11-11T06:48:33.247+0000] {dag.py:4180} INFO - Setting next_dagrun for dataset_consumes_unknown_never_scheduled to None, run_after=None
[2024-11-11T06:48:33.253+0000] {logging_mixin.py:190} INFO - [2024-11-11T06:48:33.252+0000] {dag.py:4180} INFO - Setting next_dagrun for dataset_produces_1 to 2024-11-10 00:00:00+00:00, run_after=2024-11-11 00:00:00+00:00
[2024-11-11T06:48:33.255+0000] {logging_mixin.py:190} INFO - [2024-11-11T06:48:33.255+0000] {dag.py:4180} INFO - Setting next_dagrun for dataset_produces_2 to None, run_after=None
[2024-11-11T06:48:33.310+0000] {processor.py:208} INFO - Processing /home/airflow/.local/lib/python3.12/site-packages/airflow/example_dags/example_datasets.py took 1.331 seconds
[2024-11-11T06:49:03.536+0000] {processor.py:186} INFO - Started process (PID=2644) to work on /home/airflow/.local/lib/python3.12/site-packages/airflow/example_dags/example_datasets.py
[2024-11-11T06:49:03.539+0000] {processor.py:914} INFO - Processing file /home/airflow/.local/lib/python3.12/site-packages/airflow/example_dags/example_datasets.py for tasks to queue
[2024-11-11T06:49:03.546+0000] {logging_mixin.py:190} INFO - [2024-11-11T06:49:03.545+0000] {dagbag.py:588} INFO - Filling up the DagBag from /home/airflow/.local/lib/python3.12/site-packages/airflow/example_dags/example_datasets.py
[2024-11-11T06:49:04.553+0000] {processor.py:925} INFO - DAG(s) 'dataset_consumes_unknown_never_scheduled', 'dataset_produces_2', 'dataset_consumes_1_never_scheduled', 'dataset_consumes_1_and_2', 'consume_1_or_both_2_and_3_with_dataset_expressions', 'conditional_dataset_and_time_based_timetable', 'consume_1_or_2_with_dataset_expressions', 'dataset_consumes_1', 'consume_1_and_2_with_dataset_expressions', 'dataset_produces_1' retrieved from /home/airflow/.local/lib/python3.12/site-packages/airflow/example_dags/example_datasets.py
[2024-11-11T06:49:04.629+0000] {logging_mixin.py:190} INFO - [2024-11-11T06:49:04.628+0000] {dag.py:3239} INFO - Sync 10 DAGs
[2024-11-11T06:49:04.683+0000] {logging_mixin.py:190} INFO - [2024-11-11T06:49:04.683+0000] {dag.py:4180} INFO - Setting next_dagrun for conditional_dataset_and_time_based_timetable to 2024-11-06 01:00:00+00:00, run_after=2024-11-06 01:00:00+00:00
[2024-11-11T06:49:04.692+0000] {logging_mixin.py:190} INFO - [2024-11-11T06:49:04.691+0000] {dag.py:4180} INFO - Setting next_dagrun for consume_1_and_2_with_dataset_expressions to None, run_after=None
[2024-11-11T06:49:04.694+0000] {logging_mixin.py:190} INFO - [2024-11-11T06:49:04.694+0000] {dag.py:4180} INFO - Setting next_dagrun for consume_1_or_2_with_dataset_expressions to None, run_after=None
[2024-11-11T06:49:04.698+0000] {logging_mixin.py:190} INFO - [2024-11-11T06:49:04.697+0000] {dag.py:4180} INFO - Setting next_dagrun for consume_1_or_both_2_and_3_with_dataset_expressions to None, run_after=None
[2024-11-11T06:49:04.702+0000] {logging_mixin.py:190} INFO - [2024-11-11T06:49:04.702+0000] {dag.py:4180} INFO - Setting next_dagrun for dataset_consumes_1 to None, run_after=None
[2024-11-11T06:49:04.705+0000] {logging_mixin.py:190} INFO - [2024-11-11T06:49:04.705+0000] {dag.py:4180} INFO - Setting next_dagrun for dataset_consumes_1_and_2 to None, run_after=None
[2024-11-11T06:49:04.709+0000] {logging_mixin.py:190} INFO - [2024-11-11T06:49:04.709+0000] {dag.py:4180} INFO - Setting next_dagrun for dataset_consumes_1_never_scheduled to None, run_after=None
[2024-11-11T06:49:04.712+0000] {logging_mixin.py:190} INFO - [2024-11-11T06:49:04.712+0000] {dag.py:4180} INFO - Setting next_dagrun for dataset_consumes_unknown_never_scheduled to None, run_after=None
[2024-11-11T06:49:04.717+0000] {logging_mixin.py:190} INFO - [2024-11-11T06:49:04.717+0000] {dag.py:4180} INFO - Setting next_dagrun for dataset_produces_1 to 2024-11-10 00:00:00+00:00, run_after=2024-11-11 00:00:00+00:00
[2024-11-11T06:49:04.720+0000] {logging_mixin.py:190} INFO - [2024-11-11T06:49:04.720+0000] {dag.py:4180} INFO - Setting next_dagrun for dataset_produces_2 to None, run_after=None
[2024-11-11T06:49:04.798+0000] {processor.py:208} INFO - Processing /home/airflow/.local/lib/python3.12/site-packages/airflow/example_dags/example_datasets.py took 1.287 seconds
[2024-11-11T06:49:35.550+0000] {processor.py:186} INFO - Started process (PID=2935) to work on /home/airflow/.local/lib/python3.12/site-packages/airflow/example_dags/example_datasets.py
[2024-11-11T06:49:35.552+0000] {processor.py:914} INFO - Processing file /home/airflow/.local/lib/python3.12/site-packages/airflow/example_dags/example_datasets.py for tasks to queue
[2024-11-11T06:49:35.556+0000] {logging_mixin.py:190} INFO - [2024-11-11T06:49:35.555+0000] {dagbag.py:588} INFO - Filling up the DagBag from /home/airflow/.local/lib/python3.12/site-packages/airflow/example_dags/example_datasets.py
[2024-11-11T06:49:36.643+0000] {processor.py:925} INFO - DAG(s) 'dataset_produces_2', 'conditional_dataset_and_time_based_timetable', 'dataset_consumes_unknown_never_scheduled', 'dataset_consumes_1', 'consume_1_or_both_2_and_3_with_dataset_expressions', 'dataset_consumes_1_never_scheduled', 'consume_1_and_2_with_dataset_expressions', 'dataset_consumes_1_and_2', 'consume_1_or_2_with_dataset_expressions', 'dataset_produces_1' retrieved from /home/airflow/.local/lib/python3.12/site-packages/airflow/example_dags/example_datasets.py
[2024-11-11T06:49:36.742+0000] {logging_mixin.py:190} INFO - [2024-11-11T06:49:36.741+0000] {dag.py:3239} INFO - Sync 10 DAGs
[2024-11-11T06:49:36.802+0000] {logging_mixin.py:190} INFO - [2024-11-11T06:49:36.801+0000] {dag.py:4180} INFO - Setting next_dagrun for conditional_dataset_and_time_based_timetable to 2024-11-06 01:00:00+00:00, run_after=2024-11-06 01:00:00+00:00
[2024-11-11T06:49:36.811+0000] {logging_mixin.py:190} INFO - [2024-11-11T06:49:36.810+0000] {dag.py:4180} INFO - Setting next_dagrun for consume_1_and_2_with_dataset_expressions to None, run_after=None
[2024-11-11T06:49:36.815+0000] {logging_mixin.py:190} INFO - [2024-11-11T06:49:36.815+0000] {dag.py:4180} INFO - Setting next_dagrun for consume_1_or_2_with_dataset_expressions to None, run_after=None
[2024-11-11T06:49:36.818+0000] {logging_mixin.py:190} INFO - [2024-11-11T06:49:36.818+0000] {dag.py:4180} INFO - Setting next_dagrun for consume_1_or_both_2_and_3_with_dataset_expressions to None, run_after=None
[2024-11-11T06:49:36.821+0000] {logging_mixin.py:190} INFO - [2024-11-11T06:49:36.821+0000] {dag.py:4180} INFO - Setting next_dagrun for dataset_consumes_1 to None, run_after=None
[2024-11-11T06:49:36.824+0000] {logging_mixin.py:190} INFO - [2024-11-11T06:49:36.824+0000] {dag.py:4180} INFO - Setting next_dagrun for dataset_consumes_1_and_2 to None, run_after=None
[2024-11-11T06:49:36.827+0000] {logging_mixin.py:190} INFO - [2024-11-11T06:49:36.827+0000] {dag.py:4180} INFO - Setting next_dagrun for dataset_consumes_1_never_scheduled to None, run_after=None
[2024-11-11T06:49:36.831+0000] {logging_mixin.py:190} INFO - [2024-11-11T06:49:36.831+0000] {dag.py:4180} INFO - Setting next_dagrun for dataset_consumes_unknown_never_scheduled to None, run_after=None
[2024-11-11T06:49:36.836+0000] {logging_mixin.py:190} INFO - [2024-11-11T06:49:36.836+0000] {dag.py:4180} INFO - Setting next_dagrun for dataset_produces_1 to 2024-11-10 00:00:00+00:00, run_after=2024-11-11 00:00:00+00:00
[2024-11-11T06:49:36.840+0000] {logging_mixin.py:190} INFO - [2024-11-11T06:49:36.840+0000] {dag.py:4180} INFO - Setting next_dagrun for dataset_produces_2 to None, run_after=None
[2024-11-11T06:49:36.909+0000] {processor.py:208} INFO - Processing /home/airflow/.local/lib/python3.12/site-packages/airflow/example_dags/example_datasets.py took 1.370 seconds
[2024-11-11T06:50:07.185+0000] {processor.py:186} INFO - Started process (PID=3236) to work on /home/airflow/.local/lib/python3.12/site-packages/airflow/example_dags/example_datasets.py
[2024-11-11T06:50:07.187+0000] {processor.py:914} INFO - Processing file /home/airflow/.local/lib/python3.12/site-packages/airflow/example_dags/example_datasets.py for tasks to queue
[2024-11-11T06:50:07.192+0000] {logging_mixin.py:190} INFO - [2024-11-11T06:50:07.191+0000] {dagbag.py:588} INFO - Filling up the DagBag from /home/airflow/.local/lib/python3.12/site-packages/airflow/example_dags/example_datasets.py
[2024-11-11T06:50:08.182+0000] {processor.py:925} INFO - DAG(s) 'consume_1_or_both_2_and_3_with_dataset_expressions', 'dataset_consumes_1_and_2', 'consume_1_or_2_with_dataset_expressions', 'dataset_consumes_unknown_never_scheduled', 'consume_1_and_2_with_dataset_expressions', 'dataset_produces_2', 'conditional_dataset_and_time_based_timetable', 'dataset_consumes_1', 'dataset_consumes_1_never_scheduled', 'dataset_produces_1' retrieved from /home/airflow/.local/lib/python3.12/site-packages/airflow/example_dags/example_datasets.py
[2024-11-11T06:50:08.263+0000] {logging_mixin.py:190} INFO - [2024-11-11T06:50:08.262+0000] {dag.py:3239} INFO - Sync 10 DAGs
[2024-11-11T06:50:08.302+0000] {logging_mixin.py:190} INFO - [2024-11-11T06:50:08.301+0000] {dag.py:4180} INFO - Setting next_dagrun for conditional_dataset_and_time_based_timetable to 2024-11-06 01:00:00+00:00, run_after=2024-11-06 01:00:00+00:00
[2024-11-11T06:50:08.309+0000] {logging_mixin.py:190} INFO - [2024-11-11T06:50:08.309+0000] {dag.py:4180} INFO - Setting next_dagrun for consume_1_and_2_with_dataset_expressions to None, run_after=None
[2024-11-11T06:50:08.314+0000] {logging_mixin.py:190} INFO - [2024-11-11T06:50:08.314+0000] {dag.py:4180} INFO - Setting next_dagrun for consume_1_or_2_with_dataset_expressions to None, run_after=None
[2024-11-11T06:50:08.317+0000] {logging_mixin.py:190} INFO - [2024-11-11T06:50:08.316+0000] {dag.py:4180} INFO - Setting next_dagrun for consume_1_or_both_2_and_3_with_dataset_expressions to None, run_after=None
[2024-11-11T06:50:08.321+0000] {logging_mixin.py:190} INFO - [2024-11-11T06:50:08.320+0000] {dag.py:4180} INFO - Setting next_dagrun for dataset_consumes_1 to None, run_after=None
[2024-11-11T06:50:08.323+0000] {logging_mixin.py:190} INFO - [2024-11-11T06:50:08.323+0000] {dag.py:4180} INFO - Setting next_dagrun for dataset_consumes_1_and_2 to None, run_after=None
[2024-11-11T06:50:08.327+0000] {logging_mixin.py:190} INFO - [2024-11-11T06:50:08.326+0000] {dag.py:4180} INFO - Setting next_dagrun for dataset_consumes_1_never_scheduled to None, run_after=None
[2024-11-11T06:50:08.329+0000] {logging_mixin.py:190} INFO - [2024-11-11T06:50:08.329+0000] {dag.py:4180} INFO - Setting next_dagrun for dataset_consumes_unknown_never_scheduled to None, run_after=None
[2024-11-11T06:50:08.334+0000] {logging_mixin.py:190} INFO - [2024-11-11T06:50:08.333+0000] {dag.py:4180} INFO - Setting next_dagrun for dataset_produces_1 to 2024-11-10 00:00:00+00:00, run_after=2024-11-11 00:00:00+00:00
[2024-11-11T06:50:08.337+0000] {logging_mixin.py:190} INFO - [2024-11-11T06:50:08.336+0000] {dag.py:4180} INFO - Setting next_dagrun for dataset_produces_2 to None, run_after=None
[2024-11-11T06:50:08.405+0000] {processor.py:208} INFO - Processing /home/airflow/.local/lib/python3.12/site-packages/airflow/example_dags/example_datasets.py took 1.231 seconds
[2024-11-11T06:50:39.324+0000] {processor.py:186} INFO - Started process (PID=3527) to work on /home/airflow/.local/lib/python3.12/site-packages/airflow/example_dags/example_datasets.py
[2024-11-11T06:50:39.326+0000] {processor.py:914} INFO - Processing file /home/airflow/.local/lib/python3.12/site-packages/airflow/example_dags/example_datasets.py for tasks to queue
[2024-11-11T06:50:39.331+0000] {logging_mixin.py:190} INFO - [2024-11-11T06:50:39.330+0000] {dagbag.py:588} INFO - Filling up the DagBag from /home/airflow/.local/lib/python3.12/site-packages/airflow/example_dags/example_datasets.py
[2024-11-11T06:50:40.607+0000] {processor.py:925} INFO - DAG(s) 'dataset_consumes_unknown_never_scheduled', 'dataset_produces_2', 'dataset_consumes_1_and_2', 'dataset_produces_1', 'consume_1_and_2_with_dataset_expressions', 'dataset_consumes_1_never_scheduled', 'consume_1_or_2_with_dataset_expressions', 'dataset_consumes_1', 'conditional_dataset_and_time_based_timetable', 'consume_1_or_both_2_and_3_with_dataset_expressions' retrieved from /home/airflow/.local/lib/python3.12/site-packages/airflow/example_dags/example_datasets.py
[2024-11-11T06:50:40.710+0000] {logging_mixin.py:190} INFO - [2024-11-11T06:50:40.709+0000] {dag.py:3239} INFO - Sync 10 DAGs
[2024-11-11T06:50:40.760+0000] {logging_mixin.py:190} INFO - [2024-11-11T06:50:40.759+0000] {dag.py:4180} INFO - Setting next_dagrun for conditional_dataset_and_time_based_timetable to 2024-11-06 01:00:00+00:00, run_after=2024-11-06 01:00:00+00:00
[2024-11-11T06:50:40.771+0000] {logging_mixin.py:190} INFO - [2024-11-11T06:50:40.770+0000] {dag.py:4180} INFO - Setting next_dagrun for consume_1_and_2_with_dataset_expressions to None, run_after=None
[2024-11-11T06:50:40.774+0000] {logging_mixin.py:190} INFO - [2024-11-11T06:50:40.774+0000] {dag.py:4180} INFO - Setting next_dagrun for consume_1_or_2_with_dataset_expressions to None, run_after=None
[2024-11-11T06:50:40.780+0000] {logging_mixin.py:190} INFO - [2024-11-11T06:50:40.780+0000] {dag.py:4180} INFO - Setting next_dagrun for consume_1_or_both_2_and_3_with_dataset_expressions to None, run_after=None
[2024-11-11T06:50:40.785+0000] {logging_mixin.py:190} INFO - [2024-11-11T06:50:40.784+0000] {dag.py:4180} INFO - Setting next_dagrun for dataset_consumes_1 to None, run_after=None
[2024-11-11T06:50:40.790+0000] {logging_mixin.py:190} INFO - [2024-11-11T06:50:40.789+0000] {dag.py:4180} INFO - Setting next_dagrun for dataset_consumes_1_and_2 to None, run_after=None
[2024-11-11T06:50:40.795+0000] {logging_mixin.py:190} INFO - [2024-11-11T06:50:40.794+0000] {dag.py:4180} INFO - Setting next_dagrun for dataset_consumes_1_never_scheduled to None, run_after=None
[2024-11-11T06:50:40.800+0000] {logging_mixin.py:190} INFO - [2024-11-11T06:50:40.800+0000] {dag.py:4180} INFO - Setting next_dagrun for dataset_consumes_unknown_never_scheduled to None, run_after=None
[2024-11-11T06:50:40.809+0000] {logging_mixin.py:190} INFO - [2024-11-11T06:50:40.806+0000] {dag.py:4180} INFO - Setting next_dagrun for dataset_produces_1 to 2024-11-10 00:00:00+00:00, run_after=2024-11-11 00:00:00+00:00
[2024-11-11T06:50:40.813+0000] {logging_mixin.py:190} INFO - [2024-11-11T06:50:40.812+0000] {dag.py:4180} INFO - Setting next_dagrun for dataset_produces_2 to None, run_after=None
[2024-11-11T06:50:40.899+0000] {processor.py:208} INFO - Processing /home/airflow/.local/lib/python3.12/site-packages/airflow/example_dags/example_datasets.py took 1.586 seconds
[2024-11-11T06:51:11.417+0000] {processor.py:186} INFO - Started process (PID=3818) to work on /home/airflow/.local/lib/python3.12/site-packages/airflow/example_dags/example_datasets.py
[2024-11-11T06:51:11.420+0000] {processor.py:914} INFO - Processing file /home/airflow/.local/lib/python3.12/site-packages/airflow/example_dags/example_datasets.py for tasks to queue
[2024-11-11T06:51:11.431+0000] {logging_mixin.py:190} INFO - [2024-11-11T06:51:11.430+0000] {dagbag.py:588} INFO - Filling up the DagBag from /home/airflow/.local/lib/python3.12/site-packages/airflow/example_dags/example_datasets.py
[2024-11-11T06:51:12.431+0000] {processor.py:925} INFO - DAG(s) 'dataset_produces_2', 'dataset_consumes_1_and_2', 'dataset_consumes_1', 'dataset_consumes_1_never_scheduled', 'consume_1_and_2_with_dataset_expressions', 'dataset_produces_1', 'consume_1_or_both_2_and_3_with_dataset_expressions', 'dataset_consumes_unknown_never_scheduled', 'consume_1_or_2_with_dataset_expressions', 'conditional_dataset_and_time_based_timetable' retrieved from /home/airflow/.local/lib/python3.12/site-packages/airflow/example_dags/example_datasets.py
[2024-11-11T06:51:12.519+0000] {logging_mixin.py:190} INFO - [2024-11-11T06:51:12.518+0000] {dag.py:3239} INFO - Sync 10 DAGs
[2024-11-11T06:51:12.564+0000] {logging_mixin.py:190} INFO - [2024-11-11T06:51:12.564+0000] {dag.py:4180} INFO - Setting next_dagrun for conditional_dataset_and_time_based_timetable to 2024-11-06 01:00:00+00:00, run_after=2024-11-06 01:00:00+00:00
[2024-11-11T06:51:12.572+0000] {logging_mixin.py:190} INFO - [2024-11-11T06:51:12.571+0000] {dag.py:4180} INFO - Setting next_dagrun for consume_1_and_2_with_dataset_expressions to None, run_after=None
[2024-11-11T06:51:12.574+0000] {logging_mixin.py:190} INFO - [2024-11-11T06:51:12.574+0000] {dag.py:4180} INFO - Setting next_dagrun for consume_1_or_2_with_dataset_expressions to None, run_after=None
[2024-11-11T06:51:12.578+0000] {logging_mixin.py:190} INFO - [2024-11-11T06:51:12.577+0000] {dag.py:4180} INFO - Setting next_dagrun for consume_1_or_both_2_and_3_with_dataset_expressions to None, run_after=None
[2024-11-11T06:51:12.580+0000] {logging_mixin.py:190} INFO - [2024-11-11T06:51:12.580+0000] {dag.py:4180} INFO - Setting next_dagrun for dataset_consumes_1 to None, run_after=None
[2024-11-11T06:51:12.583+0000] {logging_mixin.py:190} INFO - [2024-11-11T06:51:12.583+0000] {dag.py:4180} INFO - Setting next_dagrun for dataset_consumes_1_and_2 to None, run_after=None
[2024-11-11T06:51:12.589+0000] {logging_mixin.py:190} INFO - [2024-11-11T06:51:12.589+0000] {dag.py:4180} INFO - Setting next_dagrun for dataset_consumes_1_never_scheduled to None, run_after=None
[2024-11-11T06:51:12.592+0000] {logging_mixin.py:190} INFO - [2024-11-11T06:51:12.592+0000] {dag.py:4180} INFO - Setting next_dagrun for dataset_consumes_unknown_never_scheduled to None, run_after=None
[2024-11-11T06:51:12.598+0000] {logging_mixin.py:190} INFO - [2024-11-11T06:51:12.598+0000] {dag.py:4180} INFO - Setting next_dagrun for dataset_produces_1 to 2024-11-10 00:00:00+00:00, run_after=2024-11-11 00:00:00+00:00
[2024-11-11T06:51:12.601+0000] {logging_mixin.py:190} INFO - [2024-11-11T06:51:12.600+0000] {dag.py:4180} INFO - Setting next_dagrun for dataset_produces_2 to None, run_after=None
[2024-11-11T06:51:12.696+0000] {processor.py:208} INFO - Processing /home/airflow/.local/lib/python3.12/site-packages/airflow/example_dags/example_datasets.py took 1.301 seconds
[2024-11-11T06:51:42.862+0000] {processor.py:186} INFO - Started process (PID=4109) to work on /home/airflow/.local/lib/python3.12/site-packages/airflow/example_dags/example_datasets.py
[2024-11-11T06:51:42.864+0000] {processor.py:914} INFO - Processing file /home/airflow/.local/lib/python3.12/site-packages/airflow/example_dags/example_datasets.py for tasks to queue
[2024-11-11T06:51:42.868+0000] {logging_mixin.py:190} INFO - [2024-11-11T06:51:42.867+0000] {dagbag.py:588} INFO - Filling up the DagBag from /home/airflow/.local/lib/python3.12/site-packages/airflow/example_dags/example_datasets.py
[2024-11-11T06:51:43.841+0000] {processor.py:925} INFO - DAG(s) 'dataset_consumes_unknown_never_scheduled', 'conditional_dataset_and_time_based_timetable', 'dataset_produces_1', 'dataset_consumes_1_never_scheduled', 'consume_1_or_2_with_dataset_expressions', 'dataset_consumes_1', 'consume_1_or_both_2_and_3_with_dataset_expressions', 'dataset_produces_2', 'dataset_consumes_1_and_2', 'consume_1_and_2_with_dataset_expressions' retrieved from /home/airflow/.local/lib/python3.12/site-packages/airflow/example_dags/example_datasets.py
[2024-11-11T06:51:43.916+0000] {logging_mixin.py:190} INFO - [2024-11-11T06:51:43.916+0000] {dag.py:3239} INFO - Sync 10 DAGs
[2024-11-11T06:51:43.961+0000] {logging_mixin.py:190} INFO - [2024-11-11T06:51:43.960+0000] {dag.py:4180} INFO - Setting next_dagrun for conditional_dataset_and_time_based_timetable to 2024-11-06 01:00:00+00:00, run_after=2024-11-06 01:00:00+00:00
[2024-11-11T06:51:43.968+0000] {logging_mixin.py:190} INFO - [2024-11-11T06:51:43.968+0000] {dag.py:4180} INFO - Setting next_dagrun for consume_1_and_2_with_dataset_expressions to None, run_after=None
[2024-11-11T06:51:43.971+0000] {logging_mixin.py:190} INFO - [2024-11-11T06:51:43.971+0000] {dag.py:4180} INFO - Setting next_dagrun for consume_1_or_2_with_dataset_expressions to None, run_after=None
[2024-11-11T06:51:43.974+0000] {logging_mixin.py:190} INFO - [2024-11-11T06:51:43.973+0000] {dag.py:4180} INFO - Setting next_dagrun for consume_1_or_both_2_and_3_with_dataset_expressions to None, run_after=None
[2024-11-11T06:51:43.978+0000] {logging_mixin.py:190} INFO - [2024-11-11T06:51:43.978+0000] {dag.py:4180} INFO - Setting next_dagrun for dataset_consumes_1 to None, run_after=None
[2024-11-11T06:51:43.981+0000] {logging_mixin.py:190} INFO - [2024-11-11T06:51:43.980+0000] {dag.py:4180} INFO - Setting next_dagrun for dataset_consumes_1_and_2 to None, run_after=None
[2024-11-11T06:51:43.985+0000] {logging_mixin.py:190} INFO - [2024-11-11T06:51:43.985+0000] {dag.py:4180} INFO - Setting next_dagrun for dataset_consumes_1_never_scheduled to None, run_after=None
[2024-11-11T06:51:43.988+0000] {logging_mixin.py:190} INFO - [2024-11-11T06:51:43.988+0000] {dag.py:4180} INFO - Setting next_dagrun for dataset_consumes_unknown_never_scheduled to None, run_after=None
[2024-11-11T06:51:43.993+0000] {logging_mixin.py:190} INFO - [2024-11-11T06:51:43.992+0000] {dag.py:4180} INFO - Setting next_dagrun for dataset_produces_1 to 2024-11-10 00:00:00+00:00, run_after=2024-11-11 00:00:00+00:00
[2024-11-11T06:51:43.996+0000] {logging_mixin.py:190} INFO - [2024-11-11T06:51:43.996+0000] {dag.py:4180} INFO - Setting next_dagrun for dataset_produces_2 to None, run_after=None
[2024-11-11T06:51:44.065+0000] {processor.py:208} INFO - Processing /home/airflow/.local/lib/python3.12/site-packages/airflow/example_dags/example_datasets.py took 1.212 seconds
[2024-11-11T06:52:14.728+0000] {processor.py:186} INFO - Started process (PID=4400) to work on /home/airflow/.local/lib/python3.12/site-packages/airflow/example_dags/example_datasets.py
[2024-11-11T06:52:14.730+0000] {processor.py:914} INFO - Processing file /home/airflow/.local/lib/python3.12/site-packages/airflow/example_dags/example_datasets.py for tasks to queue
[2024-11-11T06:52:14.734+0000] {logging_mixin.py:190} INFO - [2024-11-11T06:52:14.733+0000] {dagbag.py:588} INFO - Filling up the DagBag from /home/airflow/.local/lib/python3.12/site-packages/airflow/example_dags/example_datasets.py
[2024-11-11T06:52:15.709+0000] {processor.py:925} INFO - DAG(s) 'consume_1_or_both_2_and_3_with_dataset_expressions', 'consume_1_or_2_with_dataset_expressions', 'dataset_consumes_1_and_2', 'dataset_produces_1', 'conditional_dataset_and_time_based_timetable', 'consume_1_and_2_with_dataset_expressions', 'dataset_consumes_unknown_never_scheduled', 'dataset_consumes_1', 'dataset_produces_2', 'dataset_consumes_1_never_scheduled' retrieved from /home/airflow/.local/lib/python3.12/site-packages/airflow/example_dags/example_datasets.py
[2024-11-11T06:52:15.889+0000] {logging_mixin.py:190} INFO - [2024-11-11T06:52:15.889+0000] {dag.py:3239} INFO - Sync 10 DAGs
[2024-11-11T06:52:15.934+0000] {logging_mixin.py:190} INFO - [2024-11-11T06:52:15.933+0000] {dag.py:4180} INFO - Setting next_dagrun for conditional_dataset_and_time_based_timetable to 2024-11-06 01:00:00+00:00, run_after=2024-11-06 01:00:00+00:00
[2024-11-11T06:52:15.939+0000] {logging_mixin.py:190} INFO - [2024-11-11T06:52:15.939+0000] {dag.py:4180} INFO - Setting next_dagrun for consume_1_and_2_with_dataset_expressions to None, run_after=None
[2024-11-11T06:52:15.942+0000] {logging_mixin.py:190} INFO - [2024-11-11T06:52:15.942+0000] {dag.py:4180} INFO - Setting next_dagrun for consume_1_or_2_with_dataset_expressions to None, run_after=None
[2024-11-11T06:52:15.945+0000] {logging_mixin.py:190} INFO - [2024-11-11T06:52:15.944+0000] {dag.py:4180} INFO - Setting next_dagrun for consume_1_or_both_2_and_3_with_dataset_expressions to None, run_after=None
[2024-11-11T06:52:15.947+0000] {logging_mixin.py:190} INFO - [2024-11-11T06:52:15.946+0000] {dag.py:4180} INFO - Setting next_dagrun for dataset_consumes_1 to None, run_after=None
[2024-11-11T06:52:15.950+0000] {logging_mixin.py:190} INFO - [2024-11-11T06:52:15.950+0000] {dag.py:4180} INFO - Setting next_dagrun for dataset_consumes_1_and_2 to None, run_after=None
[2024-11-11T06:52:15.953+0000] {logging_mixin.py:190} INFO - [2024-11-11T06:52:15.953+0000] {dag.py:4180} INFO - Setting next_dagrun for dataset_consumes_1_never_scheduled to None, run_after=None
[2024-11-11T06:52:15.955+0000] {logging_mixin.py:190} INFO - [2024-11-11T06:52:15.955+0000] {dag.py:4180} INFO - Setting next_dagrun for dataset_consumes_unknown_never_scheduled to None, run_after=None
[2024-11-11T06:52:15.961+0000] {logging_mixin.py:190} INFO - [2024-11-11T06:52:15.960+0000] {dag.py:4180} INFO - Setting next_dagrun for dataset_produces_1 to 2024-11-10 00:00:00+00:00, run_after=2024-11-11 00:00:00+00:00
[2024-11-11T06:52:15.964+0000] {logging_mixin.py:190} INFO - [2024-11-11T06:52:15.963+0000] {dag.py:4180} INFO - Setting next_dagrun for dataset_produces_2 to None, run_after=None
[2024-11-11T06:52:16.022+0000] {processor.py:208} INFO - Processing /home/airflow/.local/lib/python3.12/site-packages/airflow/example_dags/example_datasets.py took 1.309 seconds
[2024-11-11T06:52:46.968+0000] {processor.py:186} INFO - Started process (PID=4691) to work on /home/airflow/.local/lib/python3.12/site-packages/airflow/example_dags/example_datasets.py
[2024-11-11T06:52:46.979+0000] {processor.py:914} INFO - Processing file /home/airflow/.local/lib/python3.12/site-packages/airflow/example_dags/example_datasets.py for tasks to queue
[2024-11-11T06:52:47.017+0000] {logging_mixin.py:190} INFO - [2024-11-11T06:52:47.013+0000] {dagbag.py:588} INFO - Filling up the DagBag from /home/airflow/.local/lib/python3.12/site-packages/airflow/example_dags/example_datasets.py
