[2024-11-11T06:44:27.443+0000] {processor.py:186} INFO - Started process (PID=282) to work on /home/airflow/.local/lib/python3.12/site-packages/airflow/example_dags/example_skip_dag.py
[2024-11-11T06:44:27.445+0000] {processor.py:914} INFO - Processing file /home/airflow/.local/lib/python3.12/site-packages/airflow/example_dags/example_skip_dag.py for tasks to queue
[2024-11-11T06:44:27.449+0000] {logging_mixin.py:190} INFO - [2024-11-11T06:44:27.449+0000] {dagbag.py:588} INFO - Filling up the DagBag from /home/airflow/.local/lib/python3.12/site-packages/airflow/example_dags/example_skip_dag.py
[2024-11-11T06:44:27.470+0000] {processor.py:925} INFO - DAG(s) 'example_skip_dag' retrieved from /home/airflow/.local/lib/python3.12/site-packages/airflow/example_dags/example_skip_dag.py
[2024-11-11T06:44:27.712+0000] {logging_mixin.py:190} INFO - [2024-11-11T06:44:27.711+0000] {override.py:1911} INFO - Created Permission View: can delete on DAG:example_skip_dag
[2024-11-11T06:44:27.736+0000] {logging_mixin.py:190} INFO - [2024-11-11T06:44:27.735+0000] {override.py:1911} INFO - Created Permission View: can edit on DAG:example_skip_dag
[2024-11-11T06:44:27.750+0000] {logging_mixin.py:190} INFO - [2024-11-11T06:44:27.749+0000] {override.py:1911} INFO - Created Permission View: can read on DAG:example_skip_dag
[2024-11-11T06:44:27.782+0000] {logging_mixin.py:190} INFO - [2024-11-11T06:44:27.781+0000] {override.py:1911} INFO - Created Permission View: menu access on DAG Run:example_skip_dag
[2024-11-11T06:44:27.803+0000] {logging_mixin.py:190} INFO - [2024-11-11T06:44:27.802+0000] {override.py:1911} INFO - Created Permission View: can delete on DAG Run:example_skip_dag
[2024-11-11T06:44:27.821+0000] {logging_mixin.py:190} INFO - [2024-11-11T06:44:27.820+0000] {override.py:1911} INFO - Created Permission View: can create on DAG Run:example_skip_dag
[2024-11-11T06:44:27.837+0000] {logging_mixin.py:190} INFO - [2024-11-11T06:44:27.836+0000] {override.py:1911} INFO - Created Permission View: can read on DAG Run:example_skip_dag
[2024-11-11T06:44:27.838+0000] {logging_mixin.py:190} INFO - [2024-11-11T06:44:27.838+0000] {dag.py:3239} INFO - Sync 1 DAGs
[2024-11-11T06:44:27.876+0000] {logging_mixin.py:190} INFO - [2024-11-11T06:44:27.876+0000] {dag.py:3262} INFO - Creating ORM DAG for example_skip_dag
[2024-11-11T06:44:27.922+0000] {logging_mixin.py:190} INFO - [2024-11-11T06:44:27.921+0000] {dag.py:4180} INFO - Setting next_dagrun for example_skip_dag to 2024-11-10 00:00:00+00:00, run_after=2024-11-11 00:00:00+00:00
[2024-11-11T06:44:27.977+0000] {processor.py:208} INFO - Processing /home/airflow/.local/lib/python3.12/site-packages/airflow/example_dags/example_skip_dag.py took 0.548 seconds
[2024-11-11T06:45:08.181+0000] {processor.py:186} INFO - Started process (PID=580) to work on /home/airflow/.local/lib/python3.12/site-packages/airflow/example_dags/example_skip_dag.py
[2024-11-11T06:45:08.265+0000] {processor.py:914} INFO - Processing file /home/airflow/.local/lib/python3.12/site-packages/airflow/example_dags/example_skip_dag.py for tasks to queue
[2024-11-11T06:45:08.270+0000] {logging_mixin.py:190} INFO - [2024-11-11T06:45:08.270+0000] {dagbag.py:588} INFO - Filling up the DagBag from /home/airflow/.local/lib/python3.12/site-packages/airflow/example_dags/example_skip_dag.py
[2024-11-11T06:45:08.299+0000] {processor.py:925} INFO - DAG(s) 'example_skip_dag' retrieved from /home/airflow/.local/lib/python3.12/site-packages/airflow/example_dags/example_skip_dag.py
[2024-11-11T06:45:08.375+0000] {logging_mixin.py:190} INFO - [2024-11-11T06:45:08.374+0000] {dag.py:3239} INFO - Sync 1 DAGs
[2024-11-11T06:45:08.461+0000] {logging_mixin.py:190} INFO - [2024-11-11T06:45:08.460+0000] {dag.py:4180} INFO - Setting next_dagrun for example_skip_dag to 2024-11-10 00:00:00+00:00, run_after=2024-11-11 00:00:00+00:00
[2024-11-11T06:45:08.592+0000] {processor.py:208} INFO - Processing /home/airflow/.local/lib/python3.12/site-packages/airflow/example_dags/example_skip_dag.py took 0.417 seconds
[2024-11-11T06:45:53.258+0000] {processor.py:186} INFO - Started process (PID=896) to work on /home/airflow/.local/lib/python3.12/site-packages/airflow/example_dags/example_skip_dag.py
[2024-11-11T06:45:53.261+0000] {processor.py:914} INFO - Processing file /home/airflow/.local/lib/python3.12/site-packages/airflow/example_dags/example_skip_dag.py for tasks to queue
[2024-11-11T06:45:53.273+0000] {logging_mixin.py:190} INFO - [2024-11-11T06:45:53.272+0000] {dagbag.py:588} INFO - Filling up the DagBag from /home/airflow/.local/lib/python3.12/site-packages/airflow/example_dags/example_skip_dag.py
[2024-11-11T06:45:53.319+0000] {processor.py:925} INFO - DAG(s) 'example_skip_dag' retrieved from /home/airflow/.local/lib/python3.12/site-packages/airflow/example_dags/example_skip_dag.py
[2024-11-11T06:45:53.410+0000] {logging_mixin.py:190} INFO - [2024-11-11T06:45:53.409+0000] {dag.py:3239} INFO - Sync 1 DAGs
[2024-11-11T06:45:53.544+0000] {logging_mixin.py:190} INFO - [2024-11-11T06:45:53.540+0000] {dag.py:4180} INFO - Setting next_dagrun for example_skip_dag to 2024-11-10 00:00:00+00:00, run_after=2024-11-11 00:00:00+00:00
[2024-11-11T06:45:53.638+0000] {processor.py:208} INFO - Processing /home/airflow/.local/lib/python3.12/site-packages/airflow/example_dags/example_skip_dag.py took 0.411 seconds
[2024-11-11T06:46:24.656+0000] {processor.py:186} INFO - Started process (PID=1182) to work on /home/airflow/.local/lib/python3.12/site-packages/airflow/example_dags/example_skip_dag.py
[2024-11-11T06:46:24.660+0000] {processor.py:914} INFO - Processing file /home/airflow/.local/lib/python3.12/site-packages/airflow/example_dags/example_skip_dag.py for tasks to queue
[2024-11-11T06:46:24.665+0000] {logging_mixin.py:190} INFO - [2024-11-11T06:46:24.664+0000] {dagbag.py:588} INFO - Filling up the DagBag from /home/airflow/.local/lib/python3.12/site-packages/airflow/example_dags/example_skip_dag.py
[2024-11-11T06:46:24.684+0000] {processor.py:925} INFO - DAG(s) 'example_skip_dag' retrieved from /home/airflow/.local/lib/python3.12/site-packages/airflow/example_dags/example_skip_dag.py
[2024-11-11T06:46:24.740+0000] {logging_mixin.py:190} INFO - [2024-11-11T06:46:24.739+0000] {dag.py:3239} INFO - Sync 1 DAGs
[2024-11-11T06:46:24.818+0000] {logging_mixin.py:190} INFO - [2024-11-11T06:46:24.818+0000] {dag.py:4180} INFO - Setting next_dagrun for example_skip_dag to 2024-11-10 00:00:00+00:00, run_after=2024-11-11 00:00:00+00:00
[2024-11-11T06:46:24.876+0000] {processor.py:208} INFO - Processing /home/airflow/.local/lib/python3.12/site-packages/airflow/example_dags/example_skip_dag.py took 0.233 seconds
[2024-11-11T06:46:55.643+0000] {processor.py:186} INFO - Started process (PID=1468) to work on /home/airflow/.local/lib/python3.12/site-packages/airflow/example_dags/example_skip_dag.py
[2024-11-11T06:46:55.645+0000] {processor.py:914} INFO - Processing file /home/airflow/.local/lib/python3.12/site-packages/airflow/example_dags/example_skip_dag.py for tasks to queue
[2024-11-11T06:46:55.650+0000] {logging_mixin.py:190} INFO - [2024-11-11T06:46:55.650+0000] {dagbag.py:588} INFO - Filling up the DagBag from /home/airflow/.local/lib/python3.12/site-packages/airflow/example_dags/example_skip_dag.py
[2024-11-11T06:46:55.670+0000] {processor.py:925} INFO - DAG(s) 'example_skip_dag' retrieved from /home/airflow/.local/lib/python3.12/site-packages/airflow/example_dags/example_skip_dag.py
[2024-11-11T06:46:55.718+0000] {logging_mixin.py:190} INFO - [2024-11-11T06:46:55.718+0000] {dag.py:3239} INFO - Sync 1 DAGs
[2024-11-11T06:46:55.811+0000] {logging_mixin.py:190} INFO - [2024-11-11T06:46:55.811+0000] {dag.py:4180} INFO - Setting next_dagrun for example_skip_dag to 2024-11-10 00:00:00+00:00, run_after=2024-11-11 00:00:00+00:00
[2024-11-11T06:46:55.885+0000] {processor.py:208} INFO - Processing /home/airflow/.local/lib/python3.12/site-packages/airflow/example_dags/example_skip_dag.py took 0.258 seconds
[2024-11-11T06:47:25.955+0000] {processor.py:186} INFO - Started process (PID=1754) to work on /home/airflow/.local/lib/python3.12/site-packages/airflow/example_dags/example_skip_dag.py
[2024-11-11T06:47:25.956+0000] {processor.py:914} INFO - Processing file /home/airflow/.local/lib/python3.12/site-packages/airflow/example_dags/example_skip_dag.py for tasks to queue
[2024-11-11T06:47:25.959+0000] {logging_mixin.py:190} INFO - [2024-11-11T06:47:25.959+0000] {dagbag.py:588} INFO - Filling up the DagBag from /home/airflow/.local/lib/python3.12/site-packages/airflow/example_dags/example_skip_dag.py
[2024-11-11T06:47:25.970+0000] {processor.py:925} INFO - DAG(s) 'example_skip_dag' retrieved from /home/airflow/.local/lib/python3.12/site-packages/airflow/example_dags/example_skip_dag.py
[2024-11-11T06:47:25.997+0000] {logging_mixin.py:190} INFO - [2024-11-11T06:47:25.997+0000] {dag.py:3239} INFO - Sync 1 DAGs
[2024-11-11T06:47:26.024+0000] {logging_mixin.py:190} INFO - [2024-11-11T06:47:26.024+0000] {dag.py:4180} INFO - Setting next_dagrun for example_skip_dag to 2024-11-10 00:00:00+00:00, run_after=2024-11-11 00:00:00+00:00
[2024-11-11T06:47:26.053+0000] {processor.py:208} INFO - Processing /home/airflow/.local/lib/python3.12/site-packages/airflow/example_dags/example_skip_dag.py took 0.105 seconds
[2024-11-11T06:47:58.899+0000] {processor.py:186} INFO - Started process (PID=2045) to work on /home/airflow/.local/lib/python3.12/site-packages/airflow/example_dags/example_skip_dag.py
[2024-11-11T06:47:58.902+0000] {processor.py:914} INFO - Processing file /home/airflow/.local/lib/python3.12/site-packages/airflow/example_dags/example_skip_dag.py for tasks to queue
[2024-11-11T06:47:58.910+0000] {logging_mixin.py:190} INFO - [2024-11-11T06:47:58.909+0000] {dagbag.py:588} INFO - Filling up the DagBag from /home/airflow/.local/lib/python3.12/site-packages/airflow/example_dags/example_skip_dag.py
[2024-11-11T06:47:58.925+0000] {processor.py:925} INFO - DAG(s) 'example_skip_dag' retrieved from /home/airflow/.local/lib/python3.12/site-packages/airflow/example_dags/example_skip_dag.py
[2024-11-11T06:47:58.977+0000] {logging_mixin.py:190} INFO - [2024-11-11T06:47:58.976+0000] {dag.py:3239} INFO - Sync 1 DAGs
[2024-11-11T06:47:59.079+0000] {logging_mixin.py:190} INFO - [2024-11-11T06:47:59.078+0000] {dag.py:4180} INFO - Setting next_dagrun for example_skip_dag to 2024-11-10 00:00:00+00:00, run_after=2024-11-11 00:00:00+00:00
[2024-11-11T06:47:59.149+0000] {processor.py:208} INFO - Processing /home/airflow/.local/lib/python3.12/site-packages/airflow/example_dags/example_skip_dag.py took 0.263 seconds
[2024-11-11T06:48:29.410+0000] {processor.py:186} INFO - Started process (PID=2338) to work on /home/airflow/.local/lib/python3.12/site-packages/airflow/example_dags/example_skip_dag.py
[2024-11-11T06:48:29.412+0000] {processor.py:914} INFO - Processing file /home/airflow/.local/lib/python3.12/site-packages/airflow/example_dags/example_skip_dag.py for tasks to queue
[2024-11-11T06:48:29.417+0000] {logging_mixin.py:190} INFO - [2024-11-11T06:48:29.416+0000] {dagbag.py:588} INFO - Filling up the DagBag from /home/airflow/.local/lib/python3.12/site-packages/airflow/example_dags/example_skip_dag.py
[2024-11-11T06:48:29.435+0000] {processor.py:925} INFO - DAG(s) 'example_skip_dag' retrieved from /home/airflow/.local/lib/python3.12/site-packages/airflow/example_dags/example_skip_dag.py
[2024-11-11T06:48:29.477+0000] {logging_mixin.py:190} INFO - [2024-11-11T06:48:29.477+0000] {dag.py:3239} INFO - Sync 1 DAGs
[2024-11-11T06:48:29.524+0000] {logging_mixin.py:190} INFO - [2024-11-11T06:48:29.524+0000] {dag.py:4180} INFO - Setting next_dagrun for example_skip_dag to 2024-11-10 00:00:00+00:00, run_after=2024-11-11 00:00:00+00:00
[2024-11-11T06:48:29.560+0000] {processor.py:208} INFO - Processing /home/airflow/.local/lib/python3.12/site-packages/airflow/example_dags/example_skip_dag.py took 0.161 seconds
[2024-11-11T06:49:00.882+0000] {processor.py:186} INFO - Started process (PID=2627) to work on /home/airflow/.local/lib/python3.12/site-packages/airflow/example_dags/example_skip_dag.py
[2024-11-11T06:49:00.884+0000] {processor.py:914} INFO - Processing file /home/airflow/.local/lib/python3.12/site-packages/airflow/example_dags/example_skip_dag.py for tasks to queue
[2024-11-11T06:49:00.890+0000] {logging_mixin.py:190} INFO - [2024-11-11T06:49:00.889+0000] {dagbag.py:588} INFO - Filling up the DagBag from /home/airflow/.local/lib/python3.12/site-packages/airflow/example_dags/example_skip_dag.py
[2024-11-11T06:49:00.906+0000] {processor.py:925} INFO - DAG(s) 'example_skip_dag' retrieved from /home/airflow/.local/lib/python3.12/site-packages/airflow/example_dags/example_skip_dag.py
[2024-11-11T06:49:00.950+0000] {logging_mixin.py:190} INFO - [2024-11-11T06:49:00.950+0000] {dag.py:3239} INFO - Sync 1 DAGs
[2024-11-11T06:49:00.997+0000] {logging_mixin.py:190} INFO - [2024-11-11T06:49:00.997+0000] {dag.py:4180} INFO - Setting next_dagrun for example_skip_dag to 2024-11-10 00:00:00+00:00, run_after=2024-11-11 00:00:00+00:00
[2024-11-11T06:49:01.054+0000] {processor.py:208} INFO - Processing /home/airflow/.local/lib/python3.12/site-packages/airflow/example_dags/example_skip_dag.py took 0.182 seconds
[2024-11-11T06:49:32.110+0000] {processor.py:186} INFO - Started process (PID=2918) to work on /home/airflow/.local/lib/python3.12/site-packages/airflow/example_dags/example_skip_dag.py
[2024-11-11T06:49:32.112+0000] {processor.py:914} INFO - Processing file /home/airflow/.local/lib/python3.12/site-packages/airflow/example_dags/example_skip_dag.py for tasks to queue
[2024-11-11T06:49:32.117+0000] {logging_mixin.py:190} INFO - [2024-11-11T06:49:32.116+0000] {dagbag.py:588} INFO - Filling up the DagBag from /home/airflow/.local/lib/python3.12/site-packages/airflow/example_dags/example_skip_dag.py
[2024-11-11T06:49:32.132+0000] {processor.py:925} INFO - DAG(s) 'example_skip_dag' retrieved from /home/airflow/.local/lib/python3.12/site-packages/airflow/example_dags/example_skip_dag.py
[2024-11-11T06:49:32.173+0000] {logging_mixin.py:190} INFO - [2024-11-11T06:49:32.173+0000] {dag.py:3239} INFO - Sync 1 DAGs
[2024-11-11T06:49:32.224+0000] {logging_mixin.py:190} INFO - [2024-11-11T06:49:32.223+0000] {dag.py:4180} INFO - Setting next_dagrun for example_skip_dag to 2024-11-10 00:00:00+00:00, run_after=2024-11-11 00:00:00+00:00
[2024-11-11T06:49:32.262+0000] {processor.py:208} INFO - Processing /home/airflow/.local/lib/python3.12/site-packages/airflow/example_dags/example_skip_dag.py took 0.161 seconds
[2024-11-11T06:50:05.225+0000] {processor.py:186} INFO - Started process (PID=3211) to work on /home/airflow/.local/lib/python3.12/site-packages/airflow/example_dags/example_skip_dag.py
[2024-11-11T06:50:05.227+0000] {processor.py:914} INFO - Processing file /home/airflow/.local/lib/python3.12/site-packages/airflow/example_dags/example_skip_dag.py for tasks to queue
[2024-11-11T06:50:05.231+0000] {logging_mixin.py:190} INFO - [2024-11-11T06:50:05.230+0000] {dagbag.py:588} INFO - Filling up the DagBag from /home/airflow/.local/lib/python3.12/site-packages/airflow/example_dags/example_skip_dag.py
[2024-11-11T06:50:05.246+0000] {processor.py:925} INFO - DAG(s) 'example_skip_dag' retrieved from /home/airflow/.local/lib/python3.12/site-packages/airflow/example_dags/example_skip_dag.py
[2024-11-11T06:50:05.288+0000] {logging_mixin.py:190} INFO - [2024-11-11T06:50:05.287+0000] {dag.py:3239} INFO - Sync 1 DAGs
[2024-11-11T06:50:05.356+0000] {logging_mixin.py:190} INFO - [2024-11-11T06:50:05.355+0000] {dag.py:4180} INFO - Setting next_dagrun for example_skip_dag to 2024-11-10 00:00:00+00:00, run_after=2024-11-11 00:00:00+00:00
[2024-11-11T06:50:05.402+0000] {processor.py:208} INFO - Processing /home/airflow/.local/lib/python3.12/site-packages/airflow/example_dags/example_skip_dag.py took 0.187 seconds
[2024-11-11T06:50:36.405+0000] {processor.py:186} INFO - Started process (PID=3500) to work on /home/airflow/.local/lib/python3.12/site-packages/airflow/example_dags/example_skip_dag.py
[2024-11-11T06:50:36.406+0000] {processor.py:914} INFO - Processing file /home/airflow/.local/lib/python3.12/site-packages/airflow/example_dags/example_skip_dag.py for tasks to queue
[2024-11-11T06:50:36.411+0000] {logging_mixin.py:190} INFO - [2024-11-11T06:50:36.410+0000] {dagbag.py:588} INFO - Filling up the DagBag from /home/airflow/.local/lib/python3.12/site-packages/airflow/example_dags/example_skip_dag.py
[2024-11-11T06:50:36.425+0000] {processor.py:925} INFO - DAG(s) 'example_skip_dag' retrieved from /home/airflow/.local/lib/python3.12/site-packages/airflow/example_dags/example_skip_dag.py
[2024-11-11T06:50:36.466+0000] {logging_mixin.py:190} INFO - [2024-11-11T06:50:36.465+0000] {dag.py:3239} INFO - Sync 1 DAGs
[2024-11-11T06:50:36.507+0000] {logging_mixin.py:190} INFO - [2024-11-11T06:50:36.506+0000] {dag.py:4180} INFO - Setting next_dagrun for example_skip_dag to 2024-11-10 00:00:00+00:00, run_after=2024-11-11 00:00:00+00:00
[2024-11-11T06:50:36.541+0000] {processor.py:208} INFO - Processing /home/airflow/.local/lib/python3.12/site-packages/airflow/example_dags/example_skip_dag.py took 0.147 seconds
[2024-11-11T06:51:07.145+0000] {processor.py:186} INFO - Started process (PID=3786) to work on /home/airflow/.local/lib/python3.12/site-packages/airflow/example_dags/example_skip_dag.py
[2024-11-11T06:51:07.149+0000] {processor.py:914} INFO - Processing file /home/airflow/.local/lib/python3.12/site-packages/airflow/example_dags/example_skip_dag.py for tasks to queue
[2024-11-11T06:51:07.152+0000] {logging_mixin.py:190} INFO - [2024-11-11T06:51:07.152+0000] {dagbag.py:588} INFO - Filling up the DagBag from /home/airflow/.local/lib/python3.12/site-packages/airflow/example_dags/example_skip_dag.py
[2024-11-11T06:51:07.170+0000] {processor.py:925} INFO - DAG(s) 'example_skip_dag' retrieved from /home/airflow/.local/lib/python3.12/site-packages/airflow/example_dags/example_skip_dag.py
[2024-11-11T06:51:07.206+0000] {logging_mixin.py:190} INFO - [2024-11-11T06:51:07.205+0000] {dag.py:3239} INFO - Sync 1 DAGs
[2024-11-11T06:51:07.254+0000] {logging_mixin.py:190} INFO - [2024-11-11T06:51:07.254+0000] {dag.py:4180} INFO - Setting next_dagrun for example_skip_dag to 2024-11-10 00:00:00+00:00, run_after=2024-11-11 00:00:00+00:00
[2024-11-11T06:51:07.295+0000] {processor.py:208} INFO - Processing /home/airflow/.local/lib/python3.12/site-packages/airflow/example_dags/example_skip_dag.py took 0.167 seconds
[2024-11-11T06:51:38.859+0000] {processor.py:186} INFO - Started process (PID=4077) to work on /home/airflow/.local/lib/python3.12/site-packages/airflow/example_dags/example_skip_dag.py
[2024-11-11T06:51:38.860+0000] {processor.py:914} INFO - Processing file /home/airflow/.local/lib/python3.12/site-packages/airflow/example_dags/example_skip_dag.py for tasks to queue
[2024-11-11T06:51:38.866+0000] {logging_mixin.py:190} INFO - [2024-11-11T06:51:38.866+0000] {dagbag.py:588} INFO - Filling up the DagBag from /home/airflow/.local/lib/python3.12/site-packages/airflow/example_dags/example_skip_dag.py
[2024-11-11T06:51:38.880+0000] {processor.py:925} INFO - DAG(s) 'example_skip_dag' retrieved from /home/airflow/.local/lib/python3.12/site-packages/airflow/example_dags/example_skip_dag.py
[2024-11-11T06:51:38.918+0000] {logging_mixin.py:190} INFO - [2024-11-11T06:51:38.918+0000] {dag.py:3239} INFO - Sync 1 DAGs
[2024-11-11T06:51:38.968+0000] {logging_mixin.py:190} INFO - [2024-11-11T06:51:38.967+0000] {dag.py:4180} INFO - Setting next_dagrun for example_skip_dag to 2024-11-10 00:00:00+00:00, run_after=2024-11-11 00:00:00+00:00
[2024-11-11T06:51:39.001+0000] {processor.py:208} INFO - Processing /home/airflow/.local/lib/python3.12/site-packages/airflow/example_dags/example_skip_dag.py took 0.152 seconds
[2024-11-11T06:52:09.302+0000] {processor.py:186} INFO - Started process (PID=4368) to work on /home/airflow/.local/lib/python3.12/site-packages/airflow/example_dags/example_skip_dag.py
[2024-11-11T06:52:09.304+0000] {processor.py:914} INFO - Processing file /home/airflow/.local/lib/python3.12/site-packages/airflow/example_dags/example_skip_dag.py for tasks to queue
[2024-11-11T06:52:09.309+0000] {logging_mixin.py:190} INFO - [2024-11-11T06:52:09.308+0000] {dagbag.py:588} INFO - Filling up the DagBag from /home/airflow/.local/lib/python3.12/site-packages/airflow/example_dags/example_skip_dag.py
[2024-11-11T06:52:09.331+0000] {processor.py:925} INFO - DAG(s) 'example_skip_dag' retrieved from /home/airflow/.local/lib/python3.12/site-packages/airflow/example_dags/example_skip_dag.py
[2024-11-11T06:52:09.372+0000] {logging_mixin.py:190} INFO - [2024-11-11T06:52:09.371+0000] {dag.py:3239} INFO - Sync 1 DAGs
[2024-11-11T06:52:09.420+0000] {logging_mixin.py:190} INFO - [2024-11-11T06:52:09.420+0000] {dag.py:4180} INFO - Setting next_dagrun for example_skip_dag to 2024-11-10 00:00:00+00:00, run_after=2024-11-11 00:00:00+00:00
[2024-11-11T06:52:09.506+0000] {processor.py:208} INFO - Processing /home/airflow/.local/lib/python3.12/site-packages/airflow/example_dags/example_skip_dag.py took 0.214 seconds
[2024-11-11T06:52:40.079+0000] {processor.py:186} INFO - Started process (PID=4656) to work on /home/airflow/.local/lib/python3.12/site-packages/airflow/example_dags/example_skip_dag.py
[2024-11-11T06:52:40.082+0000] {processor.py:914} INFO - Processing file /home/airflow/.local/lib/python3.12/site-packages/airflow/example_dags/example_skip_dag.py for tasks to queue
[2024-11-11T06:52:40.089+0000] {logging_mixin.py:190} INFO - [2024-11-11T06:52:40.088+0000] {dagbag.py:588} INFO - Filling up the DagBag from /home/airflow/.local/lib/python3.12/site-packages/airflow/example_dags/example_skip_dag.py
[2024-11-11T06:52:40.112+0000] {processor.py:925} INFO - DAG(s) 'example_skip_dag' retrieved from /home/airflow/.local/lib/python3.12/site-packages/airflow/example_dags/example_skip_dag.py
[2024-11-11T06:52:40.154+0000] {logging_mixin.py:190} INFO - [2024-11-11T06:52:40.154+0000] {dag.py:3239} INFO - Sync 1 DAGs
[2024-11-11T06:52:40.191+0000] {logging_mixin.py:190} INFO - [2024-11-11T06:52:40.190+0000] {dag.py:4180} INFO - Setting next_dagrun for example_skip_dag to 2024-11-10 00:00:00+00:00, run_after=2024-11-11 00:00:00+00:00
[2024-11-11T06:52:40.211+0000] {processor.py:208} INFO - Processing /home/airflow/.local/lib/python3.12/site-packages/airflow/example_dags/example_skip_dag.py took 0.150 seconds
