[2024-11-11T06:44:34.598+0000] {processor.py:186} INFO - Started process (PID=379) to work on /home/airflow/.local/lib/python3.12/site-packages/airflow/example_dags/example_bash_operator.py
[2024-11-11T06:44:34.600+0000] {processor.py:914} INFO - Processing file /home/airflow/.local/lib/python3.12/site-packages/airflow/example_dags/example_bash_operator.py for tasks to queue
[2024-11-11T06:44:34.604+0000] {logging_mixin.py:190} INFO - [2024-11-11T06:44:34.603+0000] {dagbag.py:588} INFO - Filling up the DagBag from /home/airflow/.local/lib/python3.12/site-packages/airflow/example_dags/example_bash_operator.py
[2024-11-11T06:44:34.636+0000] {processor.py:925} INFO - DAG(s) 'example_bash_operator' retrieved from /home/airflow/.local/lib/python3.12/site-packages/airflow/example_dags/example_bash_operator.py
[2024-11-11T06:44:34.930+0000] {logging_mixin.py:190} INFO - [2024-11-11T06:44:34.929+0000] {override.py:1911} INFO - Created Permission View: can delete on DAG:example_bash_operator
[2024-11-11T06:44:34.952+0000] {logging_mixin.py:190} INFO - [2024-11-11T06:44:34.952+0000] {override.py:1911} INFO - Created Permission View: can edit on DAG:example_bash_operator
[2024-11-11T06:44:34.968+0000] {logging_mixin.py:190} INFO - [2024-11-11T06:44:34.967+0000] {override.py:1911} INFO - Created Permission View: can read on DAG:example_bash_operator
[2024-11-11T06:44:34.983+0000] {logging_mixin.py:190} INFO - [2024-11-11T06:44:34.983+0000] {override.py:1911} INFO - Created Permission View: menu access on DAG Run:example_bash_operator
[2024-11-11T06:44:34.995+0000] {logging_mixin.py:190} INFO - [2024-11-11T06:44:34.995+0000] {override.py:1911} INFO - Created Permission View: can delete on DAG Run:example_bash_operator
[2024-11-11T06:44:35.014+0000] {logging_mixin.py:190} INFO - [2024-11-11T06:44:35.013+0000] {override.py:1911} INFO - Created Permission View: can create on DAG Run:example_bash_operator
[2024-11-11T06:44:35.029+0000] {logging_mixin.py:190} INFO - [2024-11-11T06:44:35.029+0000] {override.py:1911} INFO - Created Permission View: can read on DAG Run:example_bash_operator
[2024-11-11T06:44:35.030+0000] {logging_mixin.py:190} INFO - [2024-11-11T06:44:35.030+0000] {dag.py:3239} INFO - Sync 1 DAGs
[2024-11-11T06:44:35.064+0000] {logging_mixin.py:190} INFO - [2024-11-11T06:44:35.064+0000] {dag.py:3262} INFO - Creating ORM DAG for example_bash_operator
[2024-11-11T06:44:35.105+0000] {logging_mixin.py:190} INFO - [2024-11-11T06:44:35.105+0000] {dag.py:4180} INFO - Setting next_dagrun for example_bash_operator to 2024-11-10 00:00:00+00:00, run_after=2024-11-11 00:00:00+00:00
[2024-11-11T06:44:35.167+0000] {processor.py:208} INFO - Processing /home/airflow/.local/lib/python3.12/site-packages/airflow/example_dags/example_bash_operator.py took 0.579 seconds
[2024-11-11T06:45:16.665+0000] {processor.py:186} INFO - Started process (PID=695) to work on /home/airflow/.local/lib/python3.12/site-packages/airflow/example_dags/example_bash_operator.py
[2024-11-11T06:45:16.668+0000] {processor.py:914} INFO - Processing file /home/airflow/.local/lib/python3.12/site-packages/airflow/example_dags/example_bash_operator.py for tasks to queue
[2024-11-11T06:45:16.673+0000] {logging_mixin.py:190} INFO - [2024-11-11T06:45:16.673+0000] {dagbag.py:588} INFO - Filling up the DagBag from /home/airflow/.local/lib/python3.12/site-packages/airflow/example_dags/example_bash_operator.py
[2024-11-11T06:45:16.734+0000] {processor.py:925} INFO - DAG(s) 'example_bash_operator' retrieved from /home/airflow/.local/lib/python3.12/site-packages/airflow/example_dags/example_bash_operator.py
[2024-11-11T06:45:16.849+0000] {logging_mixin.py:190} INFO - [2024-11-11T06:45:16.848+0000] {dag.py:3239} INFO - Sync 1 DAGs
[2024-11-11T06:45:16.971+0000] {logging_mixin.py:190} INFO - [2024-11-11T06:45:16.970+0000] {dag.py:4180} INFO - Setting next_dagrun for example_bash_operator to 2024-11-10 00:00:00+00:00, run_after=2024-11-11 00:00:00+00:00
[2024-11-11T06:45:17.040+0000] {processor.py:208} INFO - Processing /home/airflow/.local/lib/python3.12/site-packages/airflow/example_dags/example_bash_operator.py took 0.394 seconds
[2024-11-11T06:46:00.245+0000] {processor.py:186} INFO - Started process (PID=986) to work on /home/airflow/.local/lib/python3.12/site-packages/airflow/example_dags/example_bash_operator.py
[2024-11-11T06:46:00.249+0000] {processor.py:914} INFO - Processing file /home/airflow/.local/lib/python3.12/site-packages/airflow/example_dags/example_bash_operator.py for tasks to queue
[2024-11-11T06:46:00.262+0000] {logging_mixin.py:190} INFO - [2024-11-11T06:46:00.261+0000] {dagbag.py:588} INFO - Filling up the DagBag from /home/airflow/.local/lib/python3.12/site-packages/airflow/example_dags/example_bash_operator.py
[2024-11-11T06:46:00.360+0000] {processor.py:925} INFO - DAG(s) 'example_bash_operator' retrieved from /home/airflow/.local/lib/python3.12/site-packages/airflow/example_dags/example_bash_operator.py
[2024-11-11T06:46:00.522+0000] {logging_mixin.py:190} INFO - [2024-11-11T06:46:00.521+0000] {dag.py:3239} INFO - Sync 1 DAGs
[2024-11-11T06:46:00.712+0000] {logging_mixin.py:190} INFO - [2024-11-11T06:46:00.711+0000] {dag.py:4180} INFO - Setting next_dagrun for example_bash_operator to 2024-11-10 00:00:00+00:00, run_after=2024-11-11 00:00:00+00:00
[2024-11-11T06:46:00.823+0000] {processor.py:208} INFO - Processing /home/airflow/.local/lib/python3.12/site-packages/airflow/example_dags/example_bash_operator.py took 0.623 seconds
[2024-11-11T06:46:31.086+0000] {processor.py:186} INFO - Started process (PID=1277) to work on /home/airflow/.local/lib/python3.12/site-packages/airflow/example_dags/example_bash_operator.py
[2024-11-11T06:46:31.088+0000] {processor.py:914} INFO - Processing file /home/airflow/.local/lib/python3.12/site-packages/airflow/example_dags/example_bash_operator.py for tasks to queue
[2024-11-11T06:46:31.094+0000] {logging_mixin.py:190} INFO - [2024-11-11T06:46:31.093+0000] {dagbag.py:588} INFO - Filling up the DagBag from /home/airflow/.local/lib/python3.12/site-packages/airflow/example_dags/example_bash_operator.py
[2024-11-11T06:46:31.152+0000] {processor.py:925} INFO - DAG(s) 'example_bash_operator' retrieved from /home/airflow/.local/lib/python3.12/site-packages/airflow/example_dags/example_bash_operator.py
[2024-11-11T06:46:31.253+0000] {logging_mixin.py:190} INFO - [2024-11-11T06:46:31.253+0000] {dag.py:3239} INFO - Sync 1 DAGs
[2024-11-11T06:46:31.385+0000] {logging_mixin.py:190} INFO - [2024-11-11T06:46:31.385+0000] {dag.py:4180} INFO - Setting next_dagrun for example_bash_operator to 2024-11-10 00:00:00+00:00, run_after=2024-11-11 00:00:00+00:00
[2024-11-11T06:46:31.480+0000] {processor.py:208} INFO - Processing /home/airflow/.local/lib/python3.12/site-packages/airflow/example_dags/example_bash_operator.py took 0.440 seconds
[2024-11-11T06:47:01.786+0000] {processor.py:186} INFO - Started process (PID=1568) to work on /home/airflow/.local/lib/python3.12/site-packages/airflow/example_dags/example_bash_operator.py
[2024-11-11T06:47:01.790+0000] {processor.py:914} INFO - Processing file /home/airflow/.local/lib/python3.12/site-packages/airflow/example_dags/example_bash_operator.py for tasks to queue
[2024-11-11T06:47:01.794+0000] {logging_mixin.py:190} INFO - [2024-11-11T06:47:01.794+0000] {dagbag.py:588} INFO - Filling up the DagBag from /home/airflow/.local/lib/python3.12/site-packages/airflow/example_dags/example_bash_operator.py
[2024-11-11T06:47:01.821+0000] {processor.py:925} INFO - DAG(s) 'example_bash_operator' retrieved from /home/airflow/.local/lib/python3.12/site-packages/airflow/example_dags/example_bash_operator.py
[2024-11-11T06:47:01.874+0000] {logging_mixin.py:190} INFO - [2024-11-11T06:47:01.873+0000] {dag.py:3239} INFO - Sync 1 DAGs
[2024-11-11T06:47:01.930+0000] {logging_mixin.py:190} INFO - [2024-11-11T06:47:01.929+0000] {dag.py:4180} INFO - Setting next_dagrun for example_bash_operator to 2024-11-10 00:00:00+00:00, run_after=2024-11-11 00:00:00+00:00
[2024-11-11T06:47:01.981+0000] {processor.py:208} INFO - Processing /home/airflow/.local/lib/python3.12/site-packages/airflow/example_dags/example_bash_operator.py took 0.205 seconds
[2024-11-11T06:47:32.186+0000] {processor.py:186} INFO - Started process (PID=1859) to work on /home/airflow/.local/lib/python3.12/site-packages/airflow/example_dags/example_bash_operator.py
[2024-11-11T06:47:32.188+0000] {processor.py:914} INFO - Processing file /home/airflow/.local/lib/python3.12/site-packages/airflow/example_dags/example_bash_operator.py for tasks to queue
[2024-11-11T06:47:32.192+0000] {logging_mixin.py:190} INFO - [2024-11-11T06:47:32.191+0000] {dagbag.py:588} INFO - Filling up the DagBag from /home/airflow/.local/lib/python3.12/site-packages/airflow/example_dags/example_bash_operator.py
[2024-11-11T06:47:32.214+0000] {processor.py:925} INFO - DAG(s) 'example_bash_operator' retrieved from /home/airflow/.local/lib/python3.12/site-packages/airflow/example_dags/example_bash_operator.py
[2024-11-11T06:47:32.266+0000] {logging_mixin.py:190} INFO - [2024-11-11T06:47:32.266+0000] {dag.py:3239} INFO - Sync 1 DAGs
[2024-11-11T06:47:32.315+0000] {logging_mixin.py:190} INFO - [2024-11-11T06:47:32.314+0000] {dag.py:4180} INFO - Setting next_dagrun for example_bash_operator to 2024-11-10 00:00:00+00:00, run_after=2024-11-11 00:00:00+00:00
[2024-11-11T06:47:32.366+0000] {processor.py:208} INFO - Processing /home/airflow/.local/lib/python3.12/site-packages/airflow/example_dags/example_bash_operator.py took 0.194 seconds
[2024-11-11T06:48:05.093+0000] {processor.py:186} INFO - Started process (PID=2150) to work on /home/airflow/.local/lib/python3.12/site-packages/airflow/example_dags/example_bash_operator.py
[2024-11-11T06:48:05.096+0000] {processor.py:914} INFO - Processing file /home/airflow/.local/lib/python3.12/site-packages/airflow/example_dags/example_bash_operator.py for tasks to queue
[2024-11-11T06:48:05.100+0000] {logging_mixin.py:190} INFO - [2024-11-11T06:48:05.100+0000] {dagbag.py:588} INFO - Filling up the DagBag from /home/airflow/.local/lib/python3.12/site-packages/airflow/example_dags/example_bash_operator.py
[2024-11-11T06:48:05.125+0000] {processor.py:925} INFO - DAG(s) 'example_bash_operator' retrieved from /home/airflow/.local/lib/python3.12/site-packages/airflow/example_dags/example_bash_operator.py
[2024-11-11T06:48:05.190+0000] {logging_mixin.py:190} INFO - [2024-11-11T06:48:05.190+0000] {dag.py:3239} INFO - Sync 1 DAGs
[2024-11-11T06:48:05.281+0000] {logging_mixin.py:190} INFO - [2024-11-11T06:48:05.281+0000] {dag.py:4180} INFO - Setting next_dagrun for example_bash_operator to 2024-11-10 00:00:00+00:00, run_after=2024-11-11 00:00:00+00:00
[2024-11-11T06:48:05.351+0000] {processor.py:208} INFO - Processing /home/airflow/.local/lib/python3.12/site-packages/airflow/example_dags/example_bash_operator.py took 0.268 seconds
[2024-11-11T06:48:36.009+0000] {processor.py:186} INFO - Started process (PID=2441) to work on /home/airflow/.local/lib/python3.12/site-packages/airflow/example_dags/example_bash_operator.py
[2024-11-11T06:48:36.011+0000] {processor.py:914} INFO - Processing file /home/airflow/.local/lib/python3.12/site-packages/airflow/example_dags/example_bash_operator.py for tasks to queue
[2024-11-11T06:48:36.019+0000] {logging_mixin.py:190} INFO - [2024-11-11T06:48:36.018+0000] {dagbag.py:588} INFO - Filling up the DagBag from /home/airflow/.local/lib/python3.12/site-packages/airflow/example_dags/example_bash_operator.py
[2024-11-11T06:48:36.053+0000] {processor.py:925} INFO - DAG(s) 'example_bash_operator' retrieved from /home/airflow/.local/lib/python3.12/site-packages/airflow/example_dags/example_bash_operator.py
[2024-11-11T06:48:36.111+0000] {logging_mixin.py:190} INFO - [2024-11-11T06:48:36.111+0000] {dag.py:3239} INFO - Sync 1 DAGs
[2024-11-11T06:48:36.159+0000] {logging_mixin.py:190} INFO - [2024-11-11T06:48:36.159+0000] {dag.py:4180} INFO - Setting next_dagrun for example_bash_operator to 2024-11-10 00:00:00+00:00, run_after=2024-11-11 00:00:00+00:00
[2024-11-11T06:48:36.210+0000] {processor.py:208} INFO - Processing /home/airflow/.local/lib/python3.12/site-packages/airflow/example_dags/example_bash_operator.py took 0.213 seconds
[2024-11-11T06:49:07.320+0000] {processor.py:186} INFO - Started process (PID=2732) to work on /home/airflow/.local/lib/python3.12/site-packages/airflow/example_dags/example_bash_operator.py
[2024-11-11T06:49:07.322+0000] {processor.py:914} INFO - Processing file /home/airflow/.local/lib/python3.12/site-packages/airflow/example_dags/example_bash_operator.py for tasks to queue
[2024-11-11T06:49:07.326+0000] {logging_mixin.py:190} INFO - [2024-11-11T06:49:07.326+0000] {dagbag.py:588} INFO - Filling up the DagBag from /home/airflow/.local/lib/python3.12/site-packages/airflow/example_dags/example_bash_operator.py
[2024-11-11T06:49:07.360+0000] {processor.py:925} INFO - DAG(s) 'example_bash_operator' retrieved from /home/airflow/.local/lib/python3.12/site-packages/airflow/example_dags/example_bash_operator.py
[2024-11-11T06:49:07.417+0000] {logging_mixin.py:190} INFO - [2024-11-11T06:49:07.417+0000] {dag.py:3239} INFO - Sync 1 DAGs
[2024-11-11T06:49:07.477+0000] {logging_mixin.py:190} INFO - [2024-11-11T06:49:07.476+0000] {dag.py:4180} INFO - Setting next_dagrun for example_bash_operator to 2024-11-10 00:00:00+00:00, run_after=2024-11-11 00:00:00+00:00
[2024-11-11T06:49:07.524+0000] {processor.py:208} INFO - Processing /home/airflow/.local/lib/python3.12/site-packages/airflow/example_dags/example_bash_operator.py took 0.213 seconds
[2024-11-11T06:49:38.619+0000] {processor.py:186} INFO - Started process (PID=3023) to work on /home/airflow/.local/lib/python3.12/site-packages/airflow/example_dags/example_bash_operator.py
[2024-11-11T06:49:38.628+0000] {processor.py:914} INFO - Processing file /home/airflow/.local/lib/python3.12/site-packages/airflow/example_dags/example_bash_operator.py for tasks to queue
[2024-11-11T06:49:38.632+0000] {logging_mixin.py:190} INFO - [2024-11-11T06:49:38.632+0000] {dagbag.py:588} INFO - Filling up the DagBag from /home/airflow/.local/lib/python3.12/site-packages/airflow/example_dags/example_bash_operator.py
[2024-11-11T06:49:38.660+0000] {processor.py:925} INFO - DAG(s) 'example_bash_operator' retrieved from /home/airflow/.local/lib/python3.12/site-packages/airflow/example_dags/example_bash_operator.py
[2024-11-11T06:49:38.724+0000] {logging_mixin.py:190} INFO - [2024-11-11T06:49:38.724+0000] {dag.py:3239} INFO - Sync 1 DAGs
[2024-11-11T06:49:38.775+0000] {logging_mixin.py:190} INFO - [2024-11-11T06:49:38.774+0000] {dag.py:4180} INFO - Setting next_dagrun for example_bash_operator to 2024-11-10 00:00:00+00:00, run_after=2024-11-11 00:00:00+00:00
[2024-11-11T06:49:38.809+0000] {processor.py:208} INFO - Processing /home/airflow/.local/lib/python3.12/site-packages/airflow/example_dags/example_bash_operator.py took 0.203 seconds
[2024-11-11T06:50:10.069+0000] {processor.py:186} INFO - Started process (PID=3314) to work on /home/airflow/.local/lib/python3.12/site-packages/airflow/example_dags/example_bash_operator.py
[2024-11-11T06:50:10.071+0000] {processor.py:914} INFO - Processing file /home/airflow/.local/lib/python3.12/site-packages/airflow/example_dags/example_bash_operator.py for tasks to queue
[2024-11-11T06:50:10.076+0000] {logging_mixin.py:190} INFO - [2024-11-11T06:50:10.075+0000] {dagbag.py:588} INFO - Filling up the DagBag from /home/airflow/.local/lib/python3.12/site-packages/airflow/example_dags/example_bash_operator.py
[2024-11-11T06:50:10.098+0000] {processor.py:925} INFO - DAG(s) 'example_bash_operator' retrieved from /home/airflow/.local/lib/python3.12/site-packages/airflow/example_dags/example_bash_operator.py
[2024-11-11T06:50:10.147+0000] {logging_mixin.py:190} INFO - [2024-11-11T06:50:10.146+0000] {dag.py:3239} INFO - Sync 1 DAGs
[2024-11-11T06:50:10.198+0000] {logging_mixin.py:190} INFO - [2024-11-11T06:50:10.198+0000] {dag.py:4180} INFO - Setting next_dagrun for example_bash_operator to 2024-11-10 00:00:00+00:00, run_after=2024-11-11 00:00:00+00:00
[2024-11-11T06:50:10.231+0000] {processor.py:208} INFO - Processing /home/airflow/.local/lib/python3.12/site-packages/airflow/example_dags/example_bash_operator.py took 0.175 seconds
[2024-11-11T06:50:43.343+0000] {processor.py:186} INFO - Started process (PID=3605) to work on /home/airflow/.local/lib/python3.12/site-packages/airflow/example_dags/example_bash_operator.py
[2024-11-11T06:50:43.345+0000] {processor.py:914} INFO - Processing file /home/airflow/.local/lib/python3.12/site-packages/airflow/example_dags/example_bash_operator.py for tasks to queue
[2024-11-11T06:50:43.349+0000] {logging_mixin.py:190} INFO - [2024-11-11T06:50:43.348+0000] {dagbag.py:588} INFO - Filling up the DagBag from /home/airflow/.local/lib/python3.12/site-packages/airflow/example_dags/example_bash_operator.py
[2024-11-11T06:50:43.373+0000] {processor.py:925} INFO - DAG(s) 'example_bash_operator' retrieved from /home/airflow/.local/lib/python3.12/site-packages/airflow/example_dags/example_bash_operator.py
[2024-11-11T06:50:43.417+0000] {logging_mixin.py:190} INFO - [2024-11-11T06:50:43.416+0000] {dag.py:3239} INFO - Sync 1 DAGs
[2024-11-11T06:50:43.482+0000] {logging_mixin.py:190} INFO - [2024-11-11T06:50:43.481+0000] {dag.py:4180} INFO - Setting next_dagrun for example_bash_operator to 2024-11-10 00:00:00+00:00, run_after=2024-11-11 00:00:00+00:00
[2024-11-11T06:50:43.537+0000] {processor.py:208} INFO - Processing /home/airflow/.local/lib/python3.12/site-packages/airflow/example_dags/example_bash_operator.py took 0.213 seconds
[2024-11-11T06:51:14.476+0000] {processor.py:186} INFO - Started process (PID=3896) to work on /home/airflow/.local/lib/python3.12/site-packages/airflow/example_dags/example_bash_operator.py
[2024-11-11T06:51:14.480+0000] {processor.py:914} INFO - Processing file /home/airflow/.local/lib/python3.12/site-packages/airflow/example_dags/example_bash_operator.py for tasks to queue
[2024-11-11T06:51:14.483+0000] {logging_mixin.py:190} INFO - [2024-11-11T06:51:14.483+0000] {dagbag.py:588} INFO - Filling up the DagBag from /home/airflow/.local/lib/python3.12/site-packages/airflow/example_dags/example_bash_operator.py
[2024-11-11T06:51:14.511+0000] {processor.py:925} INFO - DAG(s) 'example_bash_operator' retrieved from /home/airflow/.local/lib/python3.12/site-packages/airflow/example_dags/example_bash_operator.py
[2024-11-11T06:51:14.561+0000] {logging_mixin.py:190} INFO - [2024-11-11T06:51:14.560+0000] {dag.py:3239} INFO - Sync 1 DAGs
[2024-11-11T06:51:14.609+0000] {logging_mixin.py:190} INFO - [2024-11-11T06:51:14.609+0000] {dag.py:4180} INFO - Setting next_dagrun for example_bash_operator to 2024-11-10 00:00:00+00:00, run_after=2024-11-11 00:00:00+00:00
[2024-11-11T06:51:14.642+0000] {processor.py:208} INFO - Processing /home/airflow/.local/lib/python3.12/site-packages/airflow/example_dags/example_bash_operator.py took 0.177 seconds
[2024-11-11T06:51:45.554+0000] {processor.py:186} INFO - Started process (PID=4187) to work on /home/airflow/.local/lib/python3.12/site-packages/airflow/example_dags/example_bash_operator.py
[2024-11-11T06:51:45.555+0000] {processor.py:914} INFO - Processing file /home/airflow/.local/lib/python3.12/site-packages/airflow/example_dags/example_bash_operator.py for tasks to queue
[2024-11-11T06:51:45.559+0000] {logging_mixin.py:190} INFO - [2024-11-11T06:51:45.558+0000] {dagbag.py:588} INFO - Filling up the DagBag from /home/airflow/.local/lib/python3.12/site-packages/airflow/example_dags/example_bash_operator.py
[2024-11-11T06:51:45.585+0000] {processor.py:925} INFO - DAG(s) 'example_bash_operator' retrieved from /home/airflow/.local/lib/python3.12/site-packages/airflow/example_dags/example_bash_operator.py
[2024-11-11T06:51:45.634+0000] {logging_mixin.py:190} INFO - [2024-11-11T06:51:45.632+0000] {dag.py:3239} INFO - Sync 1 DAGs
[2024-11-11T06:51:45.675+0000] {logging_mixin.py:190} INFO - [2024-11-11T06:51:45.675+0000] {dag.py:4180} INFO - Setting next_dagrun for example_bash_operator to 2024-11-10 00:00:00+00:00, run_after=2024-11-11 00:00:00+00:00
[2024-11-11T06:51:45.712+0000] {processor.py:208} INFO - Processing /home/airflow/.local/lib/python3.12/site-packages/airflow/example_dags/example_bash_operator.py took 0.166 seconds
[2024-11-11T06:52:17.955+0000] {processor.py:186} INFO - Started process (PID=4478) to work on /home/airflow/.local/lib/python3.12/site-packages/airflow/example_dags/example_bash_operator.py
[2024-11-11T06:52:17.957+0000] {processor.py:914} INFO - Processing file /home/airflow/.local/lib/python3.12/site-packages/airflow/example_dags/example_bash_operator.py for tasks to queue
[2024-11-11T06:52:17.960+0000] {logging_mixin.py:190} INFO - [2024-11-11T06:52:17.960+0000] {dagbag.py:588} INFO - Filling up the DagBag from /home/airflow/.local/lib/python3.12/site-packages/airflow/example_dags/example_bash_operator.py
[2024-11-11T06:52:17.979+0000] {processor.py:925} INFO - DAG(s) 'example_bash_operator' retrieved from /home/airflow/.local/lib/python3.12/site-packages/airflow/example_dags/example_bash_operator.py
[2024-11-11T06:52:18.020+0000] {logging_mixin.py:190} INFO - [2024-11-11T06:52:18.019+0000] {dag.py:3239} INFO - Sync 1 DAGs
[2024-11-11T06:52:18.063+0000] {logging_mixin.py:190} INFO - [2024-11-11T06:52:18.063+0000] {dag.py:4180} INFO - Setting next_dagrun for example_bash_operator to 2024-11-10 00:00:00+00:00, run_after=2024-11-11 00:00:00+00:00
[2024-11-11T06:52:18.099+0000] {processor.py:208} INFO - Processing /home/airflow/.local/lib/python3.12/site-packages/airflow/example_dags/example_bash_operator.py took 0.154 seconds
