[2024-11-11T06:44:38.744+0000] {processor.py:186} INFO - Started process (PID=434) to work on /home/airflow/.local/lib/python3.12/site-packages/airflow/example_dags/example_external_task_marker_dag.py
[2024-11-11T06:44:38.746+0000] {processor.py:914} INFO - Processing file /home/airflow/.local/lib/python3.12/site-packages/airflow/example_dags/example_external_task_marker_dag.py for tasks to queue
[2024-11-11T06:44:38.752+0000] {logging_mixin.py:190} INFO - [2024-11-11T06:44:38.750+0000] {dagbag.py:588} INFO - Filling up the DagBag from /home/airflow/.local/lib/python3.12/site-packages/airflow/example_dags/example_external_task_marker_dag.py
[2024-11-11T06:44:38.781+0000] {processor.py:925} INFO - DAG(s) 'example_external_task_marker_child', 'example_external_task_marker_parent' retrieved from /home/airflow/.local/lib/python3.12/site-packages/airflow/example_dags/example_external_task_marker_dag.py
[2024-11-11T06:44:39.121+0000] {logging_mixin.py:190} INFO - [2024-11-11T06:44:39.120+0000] {override.py:1911} INFO - Created Permission View: can delete on DAG:example_external_task_marker_child
[2024-11-11T06:44:39.144+0000] {logging_mixin.py:190} INFO - [2024-11-11T06:44:39.144+0000] {override.py:1911} INFO - Created Permission View: can edit on DAG:example_external_task_marker_child
[2024-11-11T06:44:39.162+0000] {logging_mixin.py:190} INFO - [2024-11-11T06:44:39.162+0000] {override.py:1911} INFO - Created Permission View: can read on DAG:example_external_task_marker_child
[2024-11-11T06:44:39.177+0000] {logging_mixin.py:190} INFO - [2024-11-11T06:44:39.177+0000] {override.py:1911} INFO - Created Permission View: menu access on DAG Run:example_external_task_marker_child
[2024-11-11T06:44:39.197+0000] {logging_mixin.py:190} INFO - [2024-11-11T06:44:39.196+0000] {override.py:1911} INFO - Created Permission View: can delete on DAG Run:example_external_task_marker_child
[2024-11-11T06:44:39.215+0000] {logging_mixin.py:190} INFO - [2024-11-11T06:44:39.215+0000] {override.py:1911} INFO - Created Permission View: can create on DAG Run:example_external_task_marker_child
[2024-11-11T06:44:39.233+0000] {logging_mixin.py:190} INFO - [2024-11-11T06:44:39.232+0000] {override.py:1911} INFO - Created Permission View: can read on DAG Run:example_external_task_marker_child
[2024-11-11T06:44:39.260+0000] {logging_mixin.py:190} INFO - [2024-11-11T06:44:39.260+0000] {override.py:1911} INFO - Created Permission View: can delete on DAG:example_external_task_marker_parent
[2024-11-11T06:44:39.276+0000] {logging_mixin.py:190} INFO - [2024-11-11T06:44:39.275+0000] {override.py:1911} INFO - Created Permission View: can edit on DAG:example_external_task_marker_parent
[2024-11-11T06:44:39.291+0000] {logging_mixin.py:190} INFO - [2024-11-11T06:44:39.291+0000] {override.py:1911} INFO - Created Permission View: can read on DAG:example_external_task_marker_parent
[2024-11-11T06:44:39.313+0000] {logging_mixin.py:190} INFO - [2024-11-11T06:44:39.313+0000] {override.py:1911} INFO - Created Permission View: menu access on DAG Run:example_external_task_marker_parent
[2024-11-11T06:44:39.331+0000] {logging_mixin.py:190} INFO - [2024-11-11T06:44:39.330+0000] {override.py:1911} INFO - Created Permission View: can delete on DAG Run:example_external_task_marker_parent
[2024-11-11T06:44:39.347+0000] {logging_mixin.py:190} INFO - [2024-11-11T06:44:39.347+0000] {override.py:1911} INFO - Created Permission View: can create on DAG Run:example_external_task_marker_parent
[2024-11-11T06:44:39.365+0000] {logging_mixin.py:190} INFO - [2024-11-11T06:44:39.364+0000] {override.py:1911} INFO - Created Permission View: can read on DAG Run:example_external_task_marker_parent
[2024-11-11T06:44:39.367+0000] {logging_mixin.py:190} INFO - [2024-11-11T06:44:39.366+0000] {dag.py:3239} INFO - Sync 2 DAGs
[2024-11-11T06:44:39.406+0000] {logging_mixin.py:190} INFO - [2024-11-11T06:44:39.406+0000] {dag.py:3262} INFO - Creating ORM DAG for example_external_task_marker_child
[2024-11-11T06:44:39.408+0000] {logging_mixin.py:190} INFO - [2024-11-11T06:44:39.408+0000] {dag.py:3262} INFO - Creating ORM DAG for example_external_task_marker_parent
[2024-11-11T06:44:39.410+0000] {logging_mixin.py:190} INFO - [2024-11-11T06:44:39.410+0000] {dag.py:4180} INFO - Setting next_dagrun for example_external_task_marker_child to None, run_after=None
[2024-11-11T06:44:39.419+0000] {logging_mixin.py:190} INFO - [2024-11-11T06:44:39.418+0000] {dag.py:4180} INFO - Setting next_dagrun for example_external_task_marker_parent to None, run_after=None
[2024-11-11T06:44:39.474+0000] {processor.py:208} INFO - Processing /home/airflow/.local/lib/python3.12/site-packages/airflow/example_dags/example_external_task_marker_dag.py took 0.749 seconds
[2024-11-11T06:45:19.483+0000] {processor.py:186} INFO - Started process (PID=750) to work on /home/airflow/.local/lib/python3.12/site-packages/airflow/example_dags/example_external_task_marker_dag.py
[2024-11-11T06:45:19.489+0000] {processor.py:914} INFO - Processing file /home/airflow/.local/lib/python3.12/site-packages/airflow/example_dags/example_external_task_marker_dag.py for tasks to queue
[2024-11-11T06:45:19.500+0000] {logging_mixin.py:190} INFO - [2024-11-11T06:45:19.500+0000] {dagbag.py:588} INFO - Filling up the DagBag from /home/airflow/.local/lib/python3.12/site-packages/airflow/example_dags/example_external_task_marker_dag.py
[2024-11-11T06:45:19.539+0000] {processor.py:925} INFO - DAG(s) 'example_external_task_marker_parent', 'example_external_task_marker_child' retrieved from /home/airflow/.local/lib/python3.12/site-packages/airflow/example_dags/example_external_task_marker_dag.py
[2024-11-11T06:45:19.629+0000] {logging_mixin.py:190} INFO - [2024-11-11T06:45:19.628+0000] {dag.py:3239} INFO - Sync 2 DAGs
[2024-11-11T06:45:19.703+0000] {logging_mixin.py:190} INFO - [2024-11-11T06:45:19.703+0000] {dag.py:4180} INFO - Setting next_dagrun for example_external_task_marker_child to None, run_after=None
[2024-11-11T06:45:19.723+0000] {logging_mixin.py:190} INFO - [2024-11-11T06:45:19.722+0000] {dag.py:4180} INFO - Setting next_dagrun for example_external_task_marker_parent to None, run_after=None
[2024-11-11T06:45:19.785+0000] {processor.py:208} INFO - Processing /home/airflow/.local/lib/python3.12/site-packages/airflow/example_dags/example_external_task_marker_dag.py took 0.334 seconds
[2024-11-11T06:46:03.335+0000] {processor.py:186} INFO - Started process (PID=1041) to work on /home/airflow/.local/lib/python3.12/site-packages/airflow/example_dags/example_external_task_marker_dag.py
[2024-11-11T06:46:03.338+0000] {processor.py:914} INFO - Processing file /home/airflow/.local/lib/python3.12/site-packages/airflow/example_dags/example_external_task_marker_dag.py for tasks to queue
[2024-11-11T06:46:03.350+0000] {logging_mixin.py:190} INFO - [2024-11-11T06:46:03.349+0000] {dagbag.py:588} INFO - Filling up the DagBag from /home/airflow/.local/lib/python3.12/site-packages/airflow/example_dags/example_external_task_marker_dag.py
[2024-11-11T06:46:03.372+0000] {processor.py:925} INFO - DAG(s) 'example_external_task_marker_parent', 'example_external_task_marker_child' retrieved from /home/airflow/.local/lib/python3.12/site-packages/airflow/example_dags/example_external_task_marker_dag.py
[2024-11-11T06:46:03.478+0000] {logging_mixin.py:190} INFO - [2024-11-11T06:46:03.478+0000] {dag.py:3239} INFO - Sync 2 DAGs
[2024-11-11T06:46:03.512+0000] {logging_mixin.py:190} INFO - [2024-11-11T06:46:03.511+0000] {dag.py:4180} INFO - Setting next_dagrun for example_external_task_marker_child to None, run_after=None
[2024-11-11T06:46:03.525+0000] {logging_mixin.py:190} INFO - [2024-11-11T06:46:03.525+0000] {dag.py:4180} INFO - Setting next_dagrun for example_external_task_marker_parent to None, run_after=None
[2024-11-11T06:46:03.562+0000] {processor.py:208} INFO - Processing /home/airflow/.local/lib/python3.12/site-packages/airflow/example_dags/example_external_task_marker_dag.py took 0.255 seconds
[2024-11-11T06:46:33.978+0000] {processor.py:186} INFO - Started process (PID=1332) to work on /home/airflow/.local/lib/python3.12/site-packages/airflow/example_dags/example_external_task_marker_dag.py
[2024-11-11T06:46:33.982+0000] {processor.py:914} INFO - Processing file /home/airflow/.local/lib/python3.12/site-packages/airflow/example_dags/example_external_task_marker_dag.py for tasks to queue
[2024-11-11T06:46:33.988+0000] {logging_mixin.py:190} INFO - [2024-11-11T06:46:33.987+0000] {dagbag.py:588} INFO - Filling up the DagBag from /home/airflow/.local/lib/python3.12/site-packages/airflow/example_dags/example_external_task_marker_dag.py
[2024-11-11T06:46:34.011+0000] {processor.py:925} INFO - DAG(s) 'example_external_task_marker_parent', 'example_external_task_marker_child' retrieved from /home/airflow/.local/lib/python3.12/site-packages/airflow/example_dags/example_external_task_marker_dag.py
[2024-11-11T06:46:34.088+0000] {logging_mixin.py:190} INFO - [2024-11-11T06:46:34.088+0000] {dag.py:3239} INFO - Sync 2 DAGs
[2024-11-11T06:46:34.134+0000] {logging_mixin.py:190} INFO - [2024-11-11T06:46:34.131+0000] {dag.py:4180} INFO - Setting next_dagrun for example_external_task_marker_child to None, run_after=None
[2024-11-11T06:46:34.143+0000] {logging_mixin.py:190} INFO - [2024-11-11T06:46:34.143+0000] {dag.py:4180} INFO - Setting next_dagrun for example_external_task_marker_parent to None, run_after=None
[2024-11-11T06:46:34.189+0000] {processor.py:208} INFO - Processing /home/airflow/.local/lib/python3.12/site-packages/airflow/example_dags/example_external_task_marker_dag.py took 0.229 seconds
[2024-11-11T06:47:04.321+0000] {processor.py:186} INFO - Started process (PID=1618) to work on /home/airflow/.local/lib/python3.12/site-packages/airflow/example_dags/example_external_task_marker_dag.py
[2024-11-11T06:47:04.323+0000] {processor.py:914} INFO - Processing file /home/airflow/.local/lib/python3.12/site-packages/airflow/example_dags/example_external_task_marker_dag.py for tasks to queue
[2024-11-11T06:47:04.327+0000] {logging_mixin.py:190} INFO - [2024-11-11T06:47:04.326+0000] {dagbag.py:588} INFO - Filling up the DagBag from /home/airflow/.local/lib/python3.12/site-packages/airflow/example_dags/example_external_task_marker_dag.py
[2024-11-11T06:47:04.353+0000] {processor.py:925} INFO - DAG(s) 'example_external_task_marker_parent', 'example_external_task_marker_child' retrieved from /home/airflow/.local/lib/python3.12/site-packages/airflow/example_dags/example_external_task_marker_dag.py
[2024-11-11T06:47:04.399+0000] {logging_mixin.py:190} INFO - [2024-11-11T06:47:04.399+0000] {dag.py:3239} INFO - Sync 2 DAGs
[2024-11-11T06:47:04.425+0000] {logging_mixin.py:190} INFO - [2024-11-11T06:47:04.424+0000] {dag.py:4180} INFO - Setting next_dagrun for example_external_task_marker_child to None, run_after=None
[2024-11-11T06:47:04.432+0000] {logging_mixin.py:190} INFO - [2024-11-11T06:47:04.432+0000] {dag.py:4180} INFO - Setting next_dagrun for example_external_task_marker_parent to None, run_after=None
[2024-11-11T06:47:04.474+0000] {processor.py:208} INFO - Processing /home/airflow/.local/lib/python3.12/site-packages/airflow/example_dags/example_external_task_marker_dag.py took 0.172 seconds
[2024-11-11T06:47:35.571+0000] {processor.py:186} INFO - Started process (PID=1914) to work on /home/airflow/.local/lib/python3.12/site-packages/airflow/example_dags/example_external_task_marker_dag.py
[2024-11-11T06:47:35.574+0000] {processor.py:914} INFO - Processing file /home/airflow/.local/lib/python3.12/site-packages/airflow/example_dags/example_external_task_marker_dag.py for tasks to queue
[2024-11-11T06:47:35.579+0000] {logging_mixin.py:190} INFO - [2024-11-11T06:47:35.578+0000] {dagbag.py:588} INFO - Filling up the DagBag from /home/airflow/.local/lib/python3.12/site-packages/airflow/example_dags/example_external_task_marker_dag.py
[2024-11-11T06:47:35.592+0000] {processor.py:925} INFO - DAG(s) 'example_external_task_marker_child', 'example_external_task_marker_parent' retrieved from /home/airflow/.local/lib/python3.12/site-packages/airflow/example_dags/example_external_task_marker_dag.py
[2024-11-11T06:47:35.634+0000] {logging_mixin.py:190} INFO - [2024-11-11T06:47:35.633+0000] {dag.py:3239} INFO - Sync 2 DAGs
[2024-11-11T06:47:35.664+0000] {logging_mixin.py:190} INFO - [2024-11-11T06:47:35.664+0000] {dag.py:4180} INFO - Setting next_dagrun for example_external_task_marker_child to None, run_after=None
[2024-11-11T06:47:35.673+0000] {logging_mixin.py:190} INFO - [2024-11-11T06:47:35.673+0000] {dag.py:4180} INFO - Setting next_dagrun for example_external_task_marker_parent to None, run_after=None
[2024-11-11T06:47:35.711+0000] {processor.py:208} INFO - Processing /home/airflow/.local/lib/python3.12/site-packages/airflow/example_dags/example_external_task_marker_dag.py took 0.154 seconds
[2024-11-11T06:48:06.700+0000] {processor.py:186} INFO - Started process (PID=2205) to work on /home/airflow/.local/lib/python3.12/site-packages/airflow/example_dags/example_external_task_marker_dag.py
[2024-11-11T06:48:06.703+0000] {processor.py:914} INFO - Processing file /home/airflow/.local/lib/python3.12/site-packages/airflow/example_dags/example_external_task_marker_dag.py for tasks to queue
[2024-11-11T06:48:06.712+0000] {logging_mixin.py:190} INFO - [2024-11-11T06:48:06.711+0000] {dagbag.py:588} INFO - Filling up the DagBag from /home/airflow/.local/lib/python3.12/site-packages/airflow/example_dags/example_external_task_marker_dag.py
[2024-11-11T06:48:06.731+0000] {processor.py:925} INFO - DAG(s) 'example_external_task_marker_child', 'example_external_task_marker_parent' retrieved from /home/airflow/.local/lib/python3.12/site-packages/airflow/example_dags/example_external_task_marker_dag.py
[2024-11-11T06:48:06.786+0000] {logging_mixin.py:190} INFO - [2024-11-11T06:48:06.786+0000] {dag.py:3239} INFO - Sync 2 DAGs
[2024-11-11T06:48:06.827+0000] {logging_mixin.py:190} INFO - [2024-11-11T06:48:06.826+0000] {dag.py:4180} INFO - Setting next_dagrun for example_external_task_marker_child to None, run_after=None
[2024-11-11T06:48:06.841+0000] {logging_mixin.py:190} INFO - [2024-11-11T06:48:06.840+0000] {dag.py:4180} INFO - Setting next_dagrun for example_external_task_marker_parent to None, run_after=None
[2024-11-11T06:48:06.901+0000] {processor.py:208} INFO - Processing /home/airflow/.local/lib/python3.12/site-packages/airflow/example_dags/example_external_task_marker_dag.py took 0.220 seconds
[2024-11-11T06:48:37.334+0000] {processor.py:186} INFO - Started process (PID=2496) to work on /home/airflow/.local/lib/python3.12/site-packages/airflow/example_dags/example_external_task_marker_dag.py
[2024-11-11T06:48:37.335+0000] {processor.py:914} INFO - Processing file /home/airflow/.local/lib/python3.12/site-packages/airflow/example_dags/example_external_task_marker_dag.py for tasks to queue
[2024-11-11T06:48:37.341+0000] {logging_mixin.py:190} INFO - [2024-11-11T06:48:37.340+0000] {dagbag.py:588} INFO - Filling up the DagBag from /home/airflow/.local/lib/python3.12/site-packages/airflow/example_dags/example_external_task_marker_dag.py
[2024-11-11T06:48:37.356+0000] {processor.py:925} INFO - DAG(s) 'example_external_task_marker_child', 'example_external_task_marker_parent' retrieved from /home/airflow/.local/lib/python3.12/site-packages/airflow/example_dags/example_external_task_marker_dag.py
[2024-11-11T06:48:37.400+0000] {logging_mixin.py:190} INFO - [2024-11-11T06:48:37.400+0000] {dag.py:3239} INFO - Sync 2 DAGs
[2024-11-11T06:48:37.440+0000] {logging_mixin.py:190} INFO - [2024-11-11T06:48:37.439+0000] {dag.py:4180} INFO - Setting next_dagrun for example_external_task_marker_child to None, run_after=None
[2024-11-11T06:48:37.447+0000] {logging_mixin.py:190} INFO - [2024-11-11T06:48:37.447+0000] {dag.py:4180} INFO - Setting next_dagrun for example_external_task_marker_parent to None, run_after=None
[2024-11-11T06:48:37.491+0000] {processor.py:208} INFO - Processing /home/airflow/.local/lib/python3.12/site-packages/airflow/example_dags/example_external_task_marker_dag.py took 0.167 seconds
[2024-11-11T06:49:09.200+0000] {processor.py:186} INFO - Started process (PID=2787) to work on /home/airflow/.local/lib/python3.12/site-packages/airflow/example_dags/example_external_task_marker_dag.py
[2024-11-11T06:49:09.202+0000] {processor.py:914} INFO - Processing file /home/airflow/.local/lib/python3.12/site-packages/airflow/example_dags/example_external_task_marker_dag.py for tasks to queue
[2024-11-11T06:49:09.208+0000] {logging_mixin.py:190} INFO - [2024-11-11T06:49:09.207+0000] {dagbag.py:588} INFO - Filling up the DagBag from /home/airflow/.local/lib/python3.12/site-packages/airflow/example_dags/example_external_task_marker_dag.py
[2024-11-11T06:49:09.228+0000] {processor.py:925} INFO - DAG(s) 'example_external_task_marker_child', 'example_external_task_marker_parent' retrieved from /home/airflow/.local/lib/python3.12/site-packages/airflow/example_dags/example_external_task_marker_dag.py
[2024-11-11T06:49:09.273+0000] {logging_mixin.py:190} INFO - [2024-11-11T06:49:09.273+0000] {dag.py:3239} INFO - Sync 2 DAGs
[2024-11-11T06:49:09.311+0000] {logging_mixin.py:190} INFO - [2024-11-11T06:49:09.311+0000] {dag.py:4180} INFO - Setting next_dagrun for example_external_task_marker_child to None, run_after=None
[2024-11-11T06:49:09.324+0000] {logging_mixin.py:190} INFO - [2024-11-11T06:49:09.324+0000] {dag.py:4180} INFO - Setting next_dagrun for example_external_task_marker_parent to None, run_after=None
[2024-11-11T06:49:09.380+0000] {processor.py:208} INFO - Processing /home/airflow/.local/lib/python3.12/site-packages/airflow/example_dags/example_external_task_marker_dag.py took 0.190 seconds
[2024-11-11T06:49:40.871+0000] {processor.py:186} INFO - Started process (PID=3080) to work on /home/airflow/.local/lib/python3.12/site-packages/airflow/example_dags/example_external_task_marker_dag.py
[2024-11-11T06:49:40.873+0000] {processor.py:914} INFO - Processing file /home/airflow/.local/lib/python3.12/site-packages/airflow/example_dags/example_external_task_marker_dag.py for tasks to queue
[2024-11-11T06:49:40.878+0000] {logging_mixin.py:190} INFO - [2024-11-11T06:49:40.878+0000] {dagbag.py:588} INFO - Filling up the DagBag from /home/airflow/.local/lib/python3.12/site-packages/airflow/example_dags/example_external_task_marker_dag.py
[2024-11-11T06:49:40.897+0000] {processor.py:925} INFO - DAG(s) 'example_external_task_marker_parent', 'example_external_task_marker_child' retrieved from /home/airflow/.local/lib/python3.12/site-packages/airflow/example_dags/example_external_task_marker_dag.py
[2024-11-11T06:49:40.939+0000] {logging_mixin.py:190} INFO - [2024-11-11T06:49:40.938+0000] {dag.py:3239} INFO - Sync 2 DAGs
[2024-11-11T06:49:40.967+0000] {logging_mixin.py:190} INFO - [2024-11-11T06:49:40.966+0000] {dag.py:4180} INFO - Setting next_dagrun for example_external_task_marker_child to None, run_after=None
[2024-11-11T06:49:40.975+0000] {logging_mixin.py:190} INFO - [2024-11-11T06:49:40.975+0000] {dag.py:4180} INFO - Setting next_dagrun for example_external_task_marker_parent to None, run_after=None
[2024-11-11T06:49:41.007+0000] {processor.py:208} INFO - Processing /home/airflow/.local/lib/python3.12/site-packages/airflow/example_dags/example_external_task_marker_dag.py took 0.146 seconds
[2024-11-11T06:50:12.003+0000] {processor.py:186} INFO - Started process (PID=3369) to work on /home/airflow/.local/lib/python3.12/site-packages/airflow/example_dags/example_external_task_marker_dag.py
[2024-11-11T06:50:12.005+0000] {processor.py:914} INFO - Processing file /home/airflow/.local/lib/python3.12/site-packages/airflow/example_dags/example_external_task_marker_dag.py for tasks to queue
[2024-11-11T06:50:12.008+0000] {logging_mixin.py:190} INFO - [2024-11-11T06:50:12.008+0000] {dagbag.py:588} INFO - Filling up the DagBag from /home/airflow/.local/lib/python3.12/site-packages/airflow/example_dags/example_external_task_marker_dag.py
[2024-11-11T06:50:12.023+0000] {processor.py:925} INFO - DAG(s) 'example_external_task_marker_child', 'example_external_task_marker_parent' retrieved from /home/airflow/.local/lib/python3.12/site-packages/airflow/example_dags/example_external_task_marker_dag.py
[2024-11-11T06:50:12.061+0000] {logging_mixin.py:190} INFO - [2024-11-11T06:50:12.061+0000] {dag.py:3239} INFO - Sync 2 DAGs
[2024-11-11T06:50:12.084+0000] {logging_mixin.py:190} INFO - [2024-11-11T06:50:12.084+0000] {dag.py:4180} INFO - Setting next_dagrun for example_external_task_marker_child to None, run_after=None
[2024-11-11T06:50:12.091+0000] {logging_mixin.py:190} INFO - [2024-11-11T06:50:12.091+0000] {dag.py:4180} INFO - Setting next_dagrun for example_external_task_marker_parent to None, run_after=None
[2024-11-11T06:50:12.121+0000] {processor.py:208} INFO - Processing /home/airflow/.local/lib/python3.12/site-packages/airflow/example_dags/example_external_task_marker_dag.py took 0.131 seconds
[2024-11-11T06:50:44.675+0000] {processor.py:186} INFO - Started process (PID=3660) to work on /home/airflow/.local/lib/python3.12/site-packages/airflow/example_dags/example_external_task_marker_dag.py
[2024-11-11T06:50:44.677+0000] {processor.py:914} INFO - Processing file /home/airflow/.local/lib/python3.12/site-packages/airflow/example_dags/example_external_task_marker_dag.py for tasks to queue
[2024-11-11T06:50:44.681+0000] {logging_mixin.py:190} INFO - [2024-11-11T06:50:44.681+0000] {dagbag.py:588} INFO - Filling up the DagBag from /home/airflow/.local/lib/python3.12/site-packages/airflow/example_dags/example_external_task_marker_dag.py
[2024-11-11T06:50:44.695+0000] {processor.py:925} INFO - DAG(s) 'example_external_task_marker_parent', 'example_external_task_marker_child' retrieved from /home/airflow/.local/lib/python3.12/site-packages/airflow/example_dags/example_external_task_marker_dag.py
[2024-11-11T06:50:44.737+0000] {logging_mixin.py:190} INFO - [2024-11-11T06:50:44.735+0000] {dag.py:3239} INFO - Sync 2 DAGs
[2024-11-11T06:50:44.773+0000] {logging_mixin.py:190} INFO - [2024-11-11T06:50:44.773+0000] {dag.py:4180} INFO - Setting next_dagrun for example_external_task_marker_child to None, run_after=None
[2024-11-11T06:50:44.782+0000] {logging_mixin.py:190} INFO - [2024-11-11T06:50:44.781+0000] {dag.py:4180} INFO - Setting next_dagrun for example_external_task_marker_parent to None, run_after=None
[2024-11-11T06:50:44.823+0000] {processor.py:208} INFO - Processing /home/airflow/.local/lib/python3.12/site-packages/airflow/example_dags/example_external_task_marker_dag.py took 0.159 seconds
[2024-11-11T06:51:16.080+0000] {processor.py:186} INFO - Started process (PID=3951) to work on /home/airflow/.local/lib/python3.12/site-packages/airflow/example_dags/example_external_task_marker_dag.py
[2024-11-11T06:51:16.082+0000] {processor.py:914} INFO - Processing file /home/airflow/.local/lib/python3.12/site-packages/airflow/example_dags/example_external_task_marker_dag.py for tasks to queue
[2024-11-11T06:51:16.087+0000] {logging_mixin.py:190} INFO - [2024-11-11T06:51:16.086+0000] {dagbag.py:588} INFO - Filling up the DagBag from /home/airflow/.local/lib/python3.12/site-packages/airflow/example_dags/example_external_task_marker_dag.py
[2024-11-11T06:51:16.102+0000] {processor.py:925} INFO - DAG(s) 'example_external_task_marker_parent', 'example_external_task_marker_child' retrieved from /home/airflow/.local/lib/python3.12/site-packages/airflow/example_dags/example_external_task_marker_dag.py
[2024-11-11T06:51:16.146+0000] {logging_mixin.py:190} INFO - [2024-11-11T06:51:16.146+0000] {dag.py:3239} INFO - Sync 2 DAGs
[2024-11-11T06:51:16.171+0000] {logging_mixin.py:190} INFO - [2024-11-11T06:51:16.170+0000] {dag.py:4180} INFO - Setting next_dagrun for example_external_task_marker_child to None, run_after=None
[2024-11-11T06:51:16.178+0000] {logging_mixin.py:190} INFO - [2024-11-11T06:51:16.178+0000] {dag.py:4180} INFO - Setting next_dagrun for example_external_task_marker_parent to None, run_after=None
[2024-11-11T06:51:16.206+0000] {processor.py:208} INFO - Processing /home/airflow/.local/lib/python3.12/site-packages/airflow/example_dags/example_external_task_marker_dag.py took 0.140 seconds
[2024-11-11T06:51:47.425+0000] {processor.py:186} INFO - Started process (PID=4242) to work on /home/airflow/.local/lib/python3.12/site-packages/airflow/example_dags/example_external_task_marker_dag.py
[2024-11-11T06:51:47.427+0000] {processor.py:914} INFO - Processing file /home/airflow/.local/lib/python3.12/site-packages/airflow/example_dags/example_external_task_marker_dag.py for tasks to queue
[2024-11-11T06:51:47.432+0000] {logging_mixin.py:190} INFO - [2024-11-11T06:51:47.431+0000] {dagbag.py:588} INFO - Filling up the DagBag from /home/airflow/.local/lib/python3.12/site-packages/airflow/example_dags/example_external_task_marker_dag.py
[2024-11-11T06:51:47.454+0000] {processor.py:925} INFO - DAG(s) 'example_external_task_marker_parent', 'example_external_task_marker_child' retrieved from /home/airflow/.local/lib/python3.12/site-packages/airflow/example_dags/example_external_task_marker_dag.py
[2024-11-11T06:51:47.526+0000] {logging_mixin.py:190} INFO - [2024-11-11T06:51:47.525+0000] {dag.py:3239} INFO - Sync 2 DAGs
[2024-11-11T06:51:47.578+0000] {logging_mixin.py:190} INFO - [2024-11-11T06:51:47.577+0000] {dag.py:4180} INFO - Setting next_dagrun for example_external_task_marker_child to None, run_after=None
[2024-11-11T06:51:47.584+0000] {logging_mixin.py:190} INFO - [2024-11-11T06:51:47.584+0000] {dag.py:4180} INFO - Setting next_dagrun for example_external_task_marker_parent to None, run_after=None
[2024-11-11T06:51:47.630+0000] {processor.py:208} INFO - Processing /home/airflow/.local/lib/python3.12/site-packages/airflow/example_dags/example_external_task_marker_dag.py took 0.218 seconds
[2024-11-11T06:52:19.172+0000] {processor.py:186} INFO - Started process (PID=4533) to work on /home/airflow/.local/lib/python3.12/site-packages/airflow/example_dags/example_external_task_marker_dag.py
[2024-11-11T06:52:19.173+0000] {processor.py:914} INFO - Processing file /home/airflow/.local/lib/python3.12/site-packages/airflow/example_dags/example_external_task_marker_dag.py for tasks to queue
[2024-11-11T06:52:19.178+0000] {logging_mixin.py:190} INFO - [2024-11-11T06:52:19.177+0000] {dagbag.py:588} INFO - Filling up the DagBag from /home/airflow/.local/lib/python3.12/site-packages/airflow/example_dags/example_external_task_marker_dag.py
[2024-11-11T06:52:19.190+0000] {processor.py:925} INFO - DAG(s) 'example_external_task_marker_child', 'example_external_task_marker_parent' retrieved from /home/airflow/.local/lib/python3.12/site-packages/airflow/example_dags/example_external_task_marker_dag.py
[2024-11-11T06:52:19.232+0000] {logging_mixin.py:190} INFO - [2024-11-11T06:52:19.232+0000] {dag.py:3239} INFO - Sync 2 DAGs
[2024-11-11T06:52:19.261+0000] {logging_mixin.py:190} INFO - [2024-11-11T06:52:19.260+0000] {dag.py:4180} INFO - Setting next_dagrun for example_external_task_marker_child to None, run_after=None
[2024-11-11T06:52:19.272+0000] {logging_mixin.py:190} INFO - [2024-11-11T06:52:19.272+0000] {dag.py:4180} INFO - Setting next_dagrun for example_external_task_marker_parent to None, run_after=None
[2024-11-11T06:52:19.312+0000] {processor.py:208} INFO - Processing /home/airflow/.local/lib/python3.12/site-packages/airflow/example_dags/example_external_task_marker_dag.py took 0.152 seconds
