[2024-11-11T06:44:35.723+0000] {processor.py:186} INFO - Started process (PID=394) to work on /home/airflow/.local/lib/python3.12/site-packages/airflow/example_dags/example_branch_python_dop_operator_3.py
[2024-11-11T06:44:35.730+0000] {processor.py:914} INFO - Processing file /home/airflow/.local/lib/python3.12/site-packages/airflow/example_dags/example_branch_python_dop_operator_3.py for tasks to queue
[2024-11-11T06:44:35.738+0000] {logging_mixin.py:190} INFO - [2024-11-11T06:44:35.738+0000] {dagbag.py:588} INFO - Filling up the DagBag from /home/airflow/.local/lib/python3.12/site-packages/airflow/example_dags/example_branch_python_dop_operator_3.py
[2024-11-11T06:44:35.782+0000] {processor.py:925} INFO - DAG(s) 'example_branch_dop_operator_v3' retrieved from /home/airflow/.local/lib/python3.12/site-packages/airflow/example_dags/example_branch_python_dop_operator_3.py
[2024-11-11T06:44:36.137+0000] {logging_mixin.py:190} INFO - [2024-11-11T06:44:36.135+0000] {override.py:1911} INFO - Created Permission View: can delete on DAG:example_branch_dop_operator_v3
[2024-11-11T06:44:36.188+0000] {logging_mixin.py:190} INFO - [2024-11-11T06:44:36.188+0000] {override.py:1911} INFO - Created Permission View: can edit on DAG:example_branch_dop_operator_v3
[2024-11-11T06:44:36.258+0000] {logging_mixin.py:190} INFO - [2024-11-11T06:44:36.258+0000] {override.py:1911} INFO - Created Permission View: can read on DAG:example_branch_dop_operator_v3
[2024-11-11T06:44:36.278+0000] {logging_mixin.py:190} INFO - [2024-11-11T06:44:36.278+0000] {override.py:1911} INFO - Created Permission View: menu access on DAG Run:example_branch_dop_operator_v3
[2024-11-11T06:44:36.301+0000] {logging_mixin.py:190} INFO - [2024-11-11T06:44:36.301+0000] {override.py:1911} INFO - Created Permission View: can delete on DAG Run:example_branch_dop_operator_v3
[2024-11-11T06:44:36.321+0000] {logging_mixin.py:190} INFO - [2024-11-11T06:44:36.320+0000] {override.py:1911} INFO - Created Permission View: can create on DAG Run:example_branch_dop_operator_v3
[2024-11-11T06:44:36.354+0000] {logging_mixin.py:190} INFO - [2024-11-11T06:44:36.354+0000] {override.py:1911} INFO - Created Permission View: can read on DAG Run:example_branch_dop_operator_v3
[2024-11-11T06:44:36.356+0000] {logging_mixin.py:190} INFO - [2024-11-11T06:44:36.355+0000] {dag.py:3239} INFO - Sync 1 DAGs
[2024-11-11T06:44:36.404+0000] {logging_mixin.py:190} INFO - [2024-11-11T06:44:36.404+0000] {dag.py:3262} INFO - Creating ORM DAG for example_branch_dop_operator_v3
[2024-11-11T06:44:36.457+0000] {logging_mixin.py:190} INFO - [2024-11-11T06:44:36.456+0000] {dag.py:4180} INFO - Setting next_dagrun for example_branch_dop_operator_v3 to 2024-11-11 06:43:00+00:00, run_after=2024-11-11 06:44:00+00:00
[2024-11-11T06:44:36.510+0000] {processor.py:208} INFO - Processing /home/airflow/.local/lib/python3.12/site-packages/airflow/example_dags/example_branch_python_dop_operator_3.py took 0.815 seconds
[2024-11-11T06:45:17.528+0000] {processor.py:186} INFO - Started process (PID=710) to work on /home/airflow/.local/lib/python3.12/site-packages/airflow/example_dags/example_branch_python_dop_operator_3.py
[2024-11-11T06:45:17.530+0000] {processor.py:914} INFO - Processing file /home/airflow/.local/lib/python3.12/site-packages/airflow/example_dags/example_branch_python_dop_operator_3.py for tasks to queue
[2024-11-11T06:45:17.543+0000] {logging_mixin.py:190} INFO - [2024-11-11T06:45:17.543+0000] {dagbag.py:588} INFO - Filling up the DagBag from /home/airflow/.local/lib/python3.12/site-packages/airflow/example_dags/example_branch_python_dop_operator_3.py
[2024-11-11T06:45:17.594+0000] {processor.py:925} INFO - DAG(s) 'example_branch_dop_operator_v3' retrieved from /home/airflow/.local/lib/python3.12/site-packages/airflow/example_dags/example_branch_python_dop_operator_3.py
[2024-11-11T06:45:17.692+0000] {logging_mixin.py:190} INFO - [2024-11-11T06:45:17.691+0000] {dag.py:3239} INFO - Sync 1 DAGs
[2024-11-11T06:45:17.808+0000] {logging_mixin.py:190} INFO - [2024-11-11T06:45:17.808+0000] {dag.py:4180} INFO - Setting next_dagrun for example_branch_dop_operator_v3 to 2024-11-11 06:44:00+00:00, run_after=2024-11-11 06:45:00+00:00
[2024-11-11T06:45:17.884+0000] {processor.py:208} INFO - Processing /home/airflow/.local/lib/python3.12/site-packages/airflow/example_dags/example_branch_python_dop_operator_3.py took 0.376 seconds
[2024-11-11T06:46:01.315+0000] {processor.py:186} INFO - Started process (PID=1001) to work on /home/airflow/.local/lib/python3.12/site-packages/airflow/example_dags/example_branch_python_dop_operator_3.py
[2024-11-11T06:46:01.325+0000] {processor.py:914} INFO - Processing file /home/airflow/.local/lib/python3.12/site-packages/airflow/example_dags/example_branch_python_dop_operator_3.py for tasks to queue
[2024-11-11T06:46:01.331+0000] {logging_mixin.py:190} INFO - [2024-11-11T06:46:01.330+0000] {dagbag.py:588} INFO - Filling up the DagBag from /home/airflow/.local/lib/python3.12/site-packages/airflow/example_dags/example_branch_python_dop_operator_3.py
[2024-11-11T06:46:01.382+0000] {processor.py:925} INFO - DAG(s) 'example_branch_dop_operator_v3' retrieved from /home/airflow/.local/lib/python3.12/site-packages/airflow/example_dags/example_branch_python_dop_operator_3.py
[2024-11-11T06:46:01.449+0000] {logging_mixin.py:190} INFO - [2024-11-11T06:46:01.449+0000] {dag.py:3239} INFO - Sync 1 DAGs
[2024-11-11T06:46:01.574+0000] {logging_mixin.py:190} INFO - [2024-11-11T06:46:01.574+0000] {dag.py:4180} INFO - Setting next_dagrun for example_branch_dop_operator_v3 to 2024-11-11 06:45:00+00:00, run_after=2024-11-11 06:46:00+00:00
[2024-11-11T06:46:01.658+0000] {processor.py:208} INFO - Processing /home/airflow/.local/lib/python3.12/site-packages/airflow/example_dags/example_branch_python_dop_operator_3.py took 0.367 seconds
[2024-11-11T06:46:31.906+0000] {processor.py:186} INFO - Started process (PID=1292) to work on /home/airflow/.local/lib/python3.12/site-packages/airflow/example_dags/example_branch_python_dop_operator_3.py
[2024-11-11T06:46:31.908+0000] {processor.py:914} INFO - Processing file /home/airflow/.local/lib/python3.12/site-packages/airflow/example_dags/example_branch_python_dop_operator_3.py for tasks to queue
[2024-11-11T06:46:31.920+0000] {logging_mixin.py:190} INFO - [2024-11-11T06:46:31.920+0000] {dagbag.py:588} INFO - Filling up the DagBag from /home/airflow/.local/lib/python3.12/site-packages/airflow/example_dags/example_branch_python_dop_operator_3.py
[2024-11-11T06:46:31.958+0000] {processor.py:925} INFO - DAG(s) 'example_branch_dop_operator_v3' retrieved from /home/airflow/.local/lib/python3.12/site-packages/airflow/example_dags/example_branch_python_dop_operator_3.py
[2024-11-11T06:46:32.019+0000] {logging_mixin.py:190} INFO - [2024-11-11T06:46:32.018+0000] {dag.py:3239} INFO - Sync 1 DAGs
[2024-11-11T06:46:32.115+0000] {logging_mixin.py:190} INFO - [2024-11-11T06:46:32.115+0000] {dag.py:4180} INFO - Setting next_dagrun for example_branch_dop_operator_v3 to 2024-11-11 06:45:00+00:00, run_after=2024-11-11 06:46:00+00:00
[2024-11-11T06:46:32.163+0000] {processor.py:208} INFO - Processing /home/airflow/.local/lib/python3.12/site-packages/airflow/example_dags/example_branch_python_dop_operator_3.py took 0.280 seconds
[2024-11-11T06:47:02.290+0000] {processor.py:186} INFO - Started process (PID=1585) to work on /home/airflow/.local/lib/python3.12/site-packages/airflow/example_dags/example_branch_python_dop_operator_3.py
[2024-11-11T06:47:02.292+0000] {processor.py:914} INFO - Processing file /home/airflow/.local/lib/python3.12/site-packages/airflow/example_dags/example_branch_python_dop_operator_3.py for tasks to queue
[2024-11-11T06:47:02.299+0000] {logging_mixin.py:190} INFO - [2024-11-11T06:47:02.298+0000] {dagbag.py:588} INFO - Filling up the DagBag from /home/airflow/.local/lib/python3.12/site-packages/airflow/example_dags/example_branch_python_dop_operator_3.py
[2024-11-11T06:47:02.317+0000] {processor.py:925} INFO - DAG(s) 'example_branch_dop_operator_v3' retrieved from /home/airflow/.local/lib/python3.12/site-packages/airflow/example_dags/example_branch_python_dop_operator_3.py
[2024-11-11T06:47:02.352+0000] {logging_mixin.py:190} INFO - [2024-11-11T06:47:02.351+0000] {dag.py:3239} INFO - Sync 1 DAGs
[2024-11-11T06:47:02.396+0000] {logging_mixin.py:190} INFO - [2024-11-11T06:47:02.395+0000] {dag.py:4180} INFO - Setting next_dagrun for example_branch_dop_operator_v3 to 2024-11-11 06:46:00+00:00, run_after=2024-11-11 06:47:00+00:00
[2024-11-11T06:47:02.429+0000] {processor.py:208} INFO - Processing /home/airflow/.local/lib/python3.12/site-packages/airflow/example_dags/example_branch_python_dop_operator_3.py took 0.147 seconds
[2024-11-11T06:47:32.578+0000] {processor.py:186} INFO - Started process (PID=1874) to work on /home/airflow/.local/lib/python3.12/site-packages/airflow/example_dags/example_branch_python_dop_operator_3.py
[2024-11-11T06:47:32.579+0000] {processor.py:914} INFO - Processing file /home/airflow/.local/lib/python3.12/site-packages/airflow/example_dags/example_branch_python_dop_operator_3.py for tasks to queue
[2024-11-11T06:47:32.583+0000] {logging_mixin.py:190} INFO - [2024-11-11T06:47:32.582+0000] {dagbag.py:588} INFO - Filling up the DagBag from /home/airflow/.local/lib/python3.12/site-packages/airflow/example_dags/example_branch_python_dop_operator_3.py
[2024-11-11T06:47:32.610+0000] {processor.py:925} INFO - DAG(s) 'example_branch_dop_operator_v3' retrieved from /home/airflow/.local/lib/python3.12/site-packages/airflow/example_dags/example_branch_python_dop_operator_3.py
[2024-11-11T06:47:32.644+0000] {logging_mixin.py:190} INFO - [2024-11-11T06:47:32.643+0000] {dag.py:3239} INFO - Sync 1 DAGs
[2024-11-11T06:47:32.697+0000] {logging_mixin.py:190} INFO - [2024-11-11T06:47:32.696+0000] {dag.py:4180} INFO - Setting next_dagrun for example_branch_dop_operator_v3 to 2024-11-11 06:46:00+00:00, run_after=2024-11-11 06:47:00+00:00
[2024-11-11T06:47:32.734+0000] {processor.py:208} INFO - Processing /home/airflow/.local/lib/python3.12/site-packages/airflow/example_dags/example_branch_python_dop_operator_3.py took 0.166 seconds
[2024-11-11T06:48:05.605+0000] {processor.py:186} INFO - Started process (PID=2165) to work on /home/airflow/.local/lib/python3.12/site-packages/airflow/example_dags/example_branch_python_dop_operator_3.py
[2024-11-11T06:48:05.606+0000] {processor.py:914} INFO - Processing file /home/airflow/.local/lib/python3.12/site-packages/airflow/example_dags/example_branch_python_dop_operator_3.py for tasks to queue
[2024-11-11T06:48:05.613+0000] {logging_mixin.py:190} INFO - [2024-11-11T06:48:05.612+0000] {dagbag.py:588} INFO - Filling up the DagBag from /home/airflow/.local/lib/python3.12/site-packages/airflow/example_dags/example_branch_python_dop_operator_3.py
[2024-11-11T06:48:05.637+0000] {processor.py:925} INFO - DAG(s) 'example_branch_dop_operator_v3' retrieved from /home/airflow/.local/lib/python3.12/site-packages/airflow/example_dags/example_branch_python_dop_operator_3.py
[2024-11-11T06:48:05.683+0000] {logging_mixin.py:190} INFO - [2024-11-11T06:48:05.683+0000] {dag.py:3239} INFO - Sync 1 DAGs
[2024-11-11T06:48:05.783+0000] {logging_mixin.py:190} INFO - [2024-11-11T06:48:05.782+0000] {dag.py:4180} INFO - Setting next_dagrun for example_branch_dop_operator_v3 to 2024-11-11 06:47:00+00:00, run_after=2024-11-11 06:48:00+00:00
[2024-11-11T06:48:05.849+0000] {processor.py:208} INFO - Processing /home/airflow/.local/lib/python3.12/site-packages/airflow/example_dags/example_branch_python_dop_operator_3.py took 0.259 seconds
[2024-11-11T06:48:36.470+0000] {processor.py:186} INFO - Started process (PID=2456) to work on /home/airflow/.local/lib/python3.12/site-packages/airflow/example_dags/example_branch_python_dop_operator_3.py
[2024-11-11T06:48:36.472+0000] {processor.py:914} INFO - Processing file /home/airflow/.local/lib/python3.12/site-packages/airflow/example_dags/example_branch_python_dop_operator_3.py for tasks to queue
[2024-11-11T06:48:36.477+0000] {logging_mixin.py:190} INFO - [2024-11-11T06:48:36.477+0000] {dagbag.py:588} INFO - Filling up the DagBag from /home/airflow/.local/lib/python3.12/site-packages/airflow/example_dags/example_branch_python_dop_operator_3.py
[2024-11-11T06:48:36.495+0000] {processor.py:925} INFO - DAG(s) 'example_branch_dop_operator_v3' retrieved from /home/airflow/.local/lib/python3.12/site-packages/airflow/example_dags/example_branch_python_dop_operator_3.py
[2024-11-11T06:48:36.532+0000] {logging_mixin.py:190} INFO - [2024-11-11T06:48:36.531+0000] {dag.py:3239} INFO - Sync 1 DAGs
[2024-11-11T06:48:36.579+0000] {logging_mixin.py:190} INFO - [2024-11-11T06:48:36.579+0000] {dag.py:4180} INFO - Setting next_dagrun for example_branch_dop_operator_v3 to 2024-11-11 06:47:00+00:00, run_after=2024-11-11 06:48:00+00:00
[2024-11-11T06:48:36.613+0000] {processor.py:208} INFO - Processing /home/airflow/.local/lib/python3.12/site-packages/airflow/example_dags/example_branch_python_dop_operator_3.py took 0.153 seconds
[2024-11-11T06:49:08.182+0000] {processor.py:186} INFO - Started process (PID=2747) to work on /home/airflow/.local/lib/python3.12/site-packages/airflow/example_dags/example_branch_python_dop_operator_3.py
[2024-11-11T06:49:08.184+0000] {processor.py:914} INFO - Processing file /home/airflow/.local/lib/python3.12/site-packages/airflow/example_dags/example_branch_python_dop_operator_3.py for tasks to queue
[2024-11-11T06:49:08.190+0000] {logging_mixin.py:190} INFO - [2024-11-11T06:49:08.189+0000] {dagbag.py:588} INFO - Filling up the DagBag from /home/airflow/.local/lib/python3.12/site-packages/airflow/example_dags/example_branch_python_dop_operator_3.py
[2024-11-11T06:49:08.213+0000] {processor.py:925} INFO - DAG(s) 'example_branch_dop_operator_v3' retrieved from /home/airflow/.local/lib/python3.12/site-packages/airflow/example_dags/example_branch_python_dop_operator_3.py
[2024-11-11T06:49:08.255+0000] {logging_mixin.py:190} INFO - [2024-11-11T06:49:08.255+0000] {dag.py:3239} INFO - Sync 1 DAGs
[2024-11-11T06:49:08.310+0000] {logging_mixin.py:190} INFO - [2024-11-11T06:49:08.310+0000] {dag.py:4180} INFO - Setting next_dagrun for example_branch_dop_operator_v3 to 2024-11-11 06:48:00+00:00, run_after=2024-11-11 06:49:00+00:00
[2024-11-11T06:49:08.369+0000] {processor.py:208} INFO - Processing /home/airflow/.local/lib/python3.12/site-packages/airflow/example_dags/example_branch_python_dop_operator_3.py took 0.201 seconds
[2024-11-11T06:49:39.455+0000] {processor.py:186} INFO - Started process (PID=3038) to work on /home/airflow/.local/lib/python3.12/site-packages/airflow/example_dags/example_branch_python_dop_operator_3.py
[2024-11-11T06:49:39.459+0000] {processor.py:914} INFO - Processing file /home/airflow/.local/lib/python3.12/site-packages/airflow/example_dags/example_branch_python_dop_operator_3.py for tasks to queue
[2024-11-11T06:49:39.463+0000] {logging_mixin.py:190} INFO - [2024-11-11T06:49:39.463+0000] {dagbag.py:588} INFO - Filling up the DagBag from /home/airflow/.local/lib/python3.12/site-packages/airflow/example_dags/example_branch_python_dop_operator_3.py
[2024-11-11T06:49:39.484+0000] {processor.py:925} INFO - DAG(s) 'example_branch_dop_operator_v3' retrieved from /home/airflow/.local/lib/python3.12/site-packages/airflow/example_dags/example_branch_python_dop_operator_3.py
[2024-11-11T06:49:39.525+0000] {logging_mixin.py:190} INFO - [2024-11-11T06:49:39.524+0000] {dag.py:3239} INFO - Sync 1 DAGs
[2024-11-11T06:49:39.575+0000] {logging_mixin.py:190} INFO - [2024-11-11T06:49:39.574+0000] {dag.py:4180} INFO - Setting next_dagrun for example_branch_dop_operator_v3 to 2024-11-11 06:48:00+00:00, run_after=2024-11-11 06:49:00+00:00
[2024-11-11T06:49:39.607+0000] {processor.py:208} INFO - Processing /home/airflow/.local/lib/python3.12/site-packages/airflow/example_dags/example_branch_python_dop_operator_3.py took 0.167 seconds
[2024-11-11T06:50:10.768+0000] {processor.py:186} INFO - Started process (PID=3329) to work on /home/airflow/.local/lib/python3.12/site-packages/airflow/example_dags/example_branch_python_dop_operator_3.py
[2024-11-11T06:50:10.770+0000] {processor.py:914} INFO - Processing file /home/airflow/.local/lib/python3.12/site-packages/airflow/example_dags/example_branch_python_dop_operator_3.py for tasks to queue
[2024-11-11T06:50:10.774+0000] {logging_mixin.py:190} INFO - [2024-11-11T06:50:10.773+0000] {dagbag.py:588} INFO - Filling up the DagBag from /home/airflow/.local/lib/python3.12/site-packages/airflow/example_dags/example_branch_python_dop_operator_3.py
[2024-11-11T06:50:10.795+0000] {processor.py:925} INFO - DAG(s) 'example_branch_dop_operator_v3' retrieved from /home/airflow/.local/lib/python3.12/site-packages/airflow/example_dags/example_branch_python_dop_operator_3.py
[2024-11-11T06:50:10.829+0000] {logging_mixin.py:190} INFO - [2024-11-11T06:50:10.828+0000] {dag.py:3239} INFO - Sync 1 DAGs
[2024-11-11T06:50:10.874+0000] {logging_mixin.py:190} INFO - [2024-11-11T06:50:10.874+0000] {dag.py:4180} INFO - Setting next_dagrun for example_branch_dop_operator_v3 to 2024-11-11 06:49:00+00:00, run_after=2024-11-11 06:50:00+00:00
[2024-11-11T06:50:10.907+0000] {processor.py:208} INFO - Processing /home/airflow/.local/lib/python3.12/site-packages/airflow/example_dags/example_branch_python_dop_operator_3.py took 0.151 seconds
[2024-11-11T06:50:43.706+0000] {processor.py:186} INFO - Started process (PID=3620) to work on /home/airflow/.local/lib/python3.12/site-packages/airflow/example_dags/example_branch_python_dop_operator_3.py
[2024-11-11T06:50:43.709+0000] {processor.py:914} INFO - Processing file /home/airflow/.local/lib/python3.12/site-packages/airflow/example_dags/example_branch_python_dop_operator_3.py for tasks to queue
[2024-11-11T06:50:43.725+0000] {logging_mixin.py:190} INFO - [2024-11-11T06:50:43.724+0000] {dagbag.py:588} INFO - Filling up the DagBag from /home/airflow/.local/lib/python3.12/site-packages/airflow/example_dags/example_branch_python_dop_operator_3.py
[2024-11-11T06:50:43.756+0000] {processor.py:925} INFO - DAG(s) 'example_branch_dop_operator_v3' retrieved from /home/airflow/.local/lib/python3.12/site-packages/airflow/example_dags/example_branch_python_dop_operator_3.py
[2024-11-11T06:50:43.804+0000] {logging_mixin.py:190} INFO - [2024-11-11T06:50:43.804+0000] {dag.py:3239} INFO - Sync 1 DAGs
[2024-11-11T06:50:43.875+0000] {logging_mixin.py:190} INFO - [2024-11-11T06:50:43.875+0000] {dag.py:4180} INFO - Setting next_dagrun for example_branch_dop_operator_v3 to 2024-11-11 06:49:00+00:00, run_after=2024-11-11 06:50:00+00:00
[2024-11-11T06:50:43.927+0000] {processor.py:208} INFO - Processing /home/airflow/.local/lib/python3.12/site-packages/airflow/example_dags/example_branch_python_dop_operator_3.py took 0.243 seconds
[2024-11-11T06:51:15.127+0000] {processor.py:186} INFO - Started process (PID=3911) to work on /home/airflow/.local/lib/python3.12/site-packages/airflow/example_dags/example_branch_python_dop_operator_3.py
[2024-11-11T06:51:15.131+0000] {processor.py:914} INFO - Processing file /home/airflow/.local/lib/python3.12/site-packages/airflow/example_dags/example_branch_python_dop_operator_3.py for tasks to queue
[2024-11-11T06:51:15.135+0000] {logging_mixin.py:190} INFO - [2024-11-11T06:51:15.135+0000] {dagbag.py:588} INFO - Filling up the DagBag from /home/airflow/.local/lib/python3.12/site-packages/airflow/example_dags/example_branch_python_dop_operator_3.py
[2024-11-11T06:51:15.169+0000] {processor.py:925} INFO - DAG(s) 'example_branch_dop_operator_v3' retrieved from /home/airflow/.local/lib/python3.12/site-packages/airflow/example_dags/example_branch_python_dop_operator_3.py
[2024-11-11T06:51:15.207+0000] {logging_mixin.py:190} INFO - [2024-11-11T06:51:15.206+0000] {dag.py:3239} INFO - Sync 1 DAGs
[2024-11-11T06:51:15.260+0000] {logging_mixin.py:190} INFO - [2024-11-11T06:51:15.260+0000] {dag.py:4180} INFO - Setting next_dagrun for example_branch_dop_operator_v3 to 2024-11-11 06:50:00+00:00, run_after=2024-11-11 06:51:00+00:00
[2024-11-11T06:51:15.289+0000] {processor.py:208} INFO - Processing /home/airflow/.local/lib/python3.12/site-packages/airflow/example_dags/example_branch_python_dop_operator_3.py took 0.175 seconds
[2024-11-11T06:51:46.248+0000] {processor.py:186} INFO - Started process (PID=4202) to work on /home/airflow/.local/lib/python3.12/site-packages/airflow/example_dags/example_branch_python_dop_operator_3.py
[2024-11-11T06:51:46.250+0000] {processor.py:914} INFO - Processing file /home/airflow/.local/lib/python3.12/site-packages/airflow/example_dags/example_branch_python_dop_operator_3.py for tasks to queue
[2024-11-11T06:51:46.256+0000] {logging_mixin.py:190} INFO - [2024-11-11T06:51:46.255+0000] {dagbag.py:588} INFO - Filling up the DagBag from /home/airflow/.local/lib/python3.12/site-packages/airflow/example_dags/example_branch_python_dop_operator_3.py
[2024-11-11T06:51:46.275+0000] {processor.py:925} INFO - DAG(s) 'example_branch_dop_operator_v3' retrieved from /home/airflow/.local/lib/python3.12/site-packages/airflow/example_dags/example_branch_python_dop_operator_3.py
[2024-11-11T06:51:46.314+0000] {logging_mixin.py:190} INFO - [2024-11-11T06:51:46.314+0000] {dag.py:3239} INFO - Sync 1 DAGs
[2024-11-11T06:51:46.369+0000] {logging_mixin.py:190} INFO - [2024-11-11T06:51:46.369+0000] {dag.py:4180} INFO - Setting next_dagrun for example_branch_dop_operator_v3 to 2024-11-11 06:50:00+00:00, run_after=2024-11-11 06:51:00+00:00
[2024-11-11T06:51:46.409+0000] {processor.py:208} INFO - Processing /home/airflow/.local/lib/python3.12/site-packages/airflow/example_dags/example_branch_python_dop_operator_3.py took 0.173 seconds
[2024-11-11T06:52:18.291+0000] {processor.py:186} INFO - Started process (PID=4493) to work on /home/airflow/.local/lib/python3.12/site-packages/airflow/example_dags/example_branch_python_dop_operator_3.py
[2024-11-11T06:52:18.293+0000] {processor.py:914} INFO - Processing file /home/airflow/.local/lib/python3.12/site-packages/airflow/example_dags/example_branch_python_dop_operator_3.py for tasks to queue
[2024-11-11T06:52:18.299+0000] {logging_mixin.py:190} INFO - [2024-11-11T06:52:18.299+0000] {dagbag.py:588} INFO - Filling up the DagBag from /home/airflow/.local/lib/python3.12/site-packages/airflow/example_dags/example_branch_python_dop_operator_3.py
[2024-11-11T06:52:18.317+0000] {processor.py:925} INFO - DAG(s) 'example_branch_dop_operator_v3' retrieved from /home/airflow/.local/lib/python3.12/site-packages/airflow/example_dags/example_branch_python_dop_operator_3.py
[2024-11-11T06:52:18.360+0000] {logging_mixin.py:190} INFO - [2024-11-11T06:52:18.360+0000] {dag.py:3239} INFO - Sync 1 DAGs
[2024-11-11T06:52:18.412+0000] {logging_mixin.py:190} INFO - [2024-11-11T06:52:18.412+0000] {dag.py:4180} INFO - Setting next_dagrun for example_branch_dop_operator_v3 to 2024-11-11 06:51:00+00:00, run_after=2024-11-11 06:52:00+00:00
[2024-11-11T06:52:18.451+0000] {processor.py:208} INFO - Processing /home/airflow/.local/lib/python3.12/site-packages/airflow/example_dags/example_branch_python_dop_operator_3.py took 0.171 seconds
