[2024-11-11T06:44:38.139+0000] {processor.py:186} INFO - Started process (PID=426) to work on /home/airflow/.local/lib/python3.12/site-packages/airflow/example_dags/example_python_decorator.py
[2024-11-11T06:44:38.142+0000] {processor.py:914} INFO - Processing file /home/airflow/.local/lib/python3.12/site-packages/airflow/example_dags/example_python_decorator.py for tasks to queue
[2024-11-11T06:44:38.149+0000] {logging_mixin.py:190} INFO - [2024-11-11T06:44:38.148+0000] {dagbag.py:588} INFO - Filling up the DagBag from /home/airflow/.local/lib/python3.12/site-packages/airflow/example_dags/example_python_decorator.py
[2024-11-11T06:44:38.191+0000] {processor.py:925} INFO - DAG(s) 'example_python_decorator' retrieved from /home/airflow/.local/lib/python3.12/site-packages/airflow/example_dags/example_python_decorator.py
[2024-11-11T06:44:38.369+0000] {logging_mixin.py:190} INFO - [2024-11-11T06:44:38.368+0000] {override.py:1911} INFO - Created Permission View: can delete on DAG:example_python_decorator
[2024-11-11T06:44:38.400+0000] {logging_mixin.py:190} INFO - [2024-11-11T06:44:38.400+0000] {override.py:1911} INFO - Created Permission View: can edit on DAG:example_python_decorator
[2024-11-11T06:44:38.422+0000] {logging_mixin.py:190} INFO - [2024-11-11T06:44:38.422+0000] {override.py:1911} INFO - Created Permission View: can read on DAG:example_python_decorator
[2024-11-11T06:44:38.440+0000] {logging_mixin.py:190} INFO - [2024-11-11T06:44:38.439+0000] {override.py:1911} INFO - Created Permission View: menu access on DAG Run:example_python_decorator
[2024-11-11T06:44:38.466+0000] {logging_mixin.py:190} INFO - [2024-11-11T06:44:38.465+0000] {override.py:1911} INFO - Created Permission View: can delete on DAG Run:example_python_decorator
[2024-11-11T06:44:38.487+0000] {logging_mixin.py:190} INFO - [2024-11-11T06:44:38.486+0000] {override.py:1911} INFO - Created Permission View: can create on DAG Run:example_python_decorator
[2024-11-11T06:44:38.503+0000] {logging_mixin.py:190} INFO - [2024-11-11T06:44:38.502+0000] {override.py:1911} INFO - Created Permission View: can read on DAG Run:example_python_decorator
[2024-11-11T06:44:38.504+0000] {logging_mixin.py:190} INFO - [2024-11-11T06:44:38.504+0000] {dag.py:3239} INFO - Sync 1 DAGs
[2024-11-11T06:44:38.544+0000] {logging_mixin.py:190} INFO - [2024-11-11T06:44:38.544+0000] {dag.py:3262} INFO - Creating ORM DAG for example_python_decorator
[2024-11-11T06:44:38.547+0000] {logging_mixin.py:190} INFO - [2024-11-11T06:44:38.546+0000] {dag.py:4180} INFO - Setting next_dagrun for example_python_decorator to None, run_after=None
[2024-11-11T06:44:38.592+0000] {processor.py:208} INFO - Processing /home/airflow/.local/lib/python3.12/site-packages/airflow/example_dags/example_python_decorator.py took 0.471 seconds
[2024-11-11T06:45:18.969+0000] {processor.py:186} INFO - Started process (PID=740) to work on /home/airflow/.local/lib/python3.12/site-packages/airflow/example_dags/example_python_decorator.py
[2024-11-11T06:45:18.974+0000] {processor.py:914} INFO - Processing file /home/airflow/.local/lib/python3.12/site-packages/airflow/example_dags/example_python_decorator.py for tasks to queue
[2024-11-11T06:45:18.983+0000] {logging_mixin.py:190} INFO - [2024-11-11T06:45:18.982+0000] {dagbag.py:588} INFO - Filling up the DagBag from /home/airflow/.local/lib/python3.12/site-packages/airflow/example_dags/example_python_decorator.py
[2024-11-11T06:45:19.053+0000] {processor.py:925} INFO - DAG(s) 'example_python_decorator' retrieved from /home/airflow/.local/lib/python3.12/site-packages/airflow/example_dags/example_python_decorator.py
[2024-11-11T06:45:19.140+0000] {logging_mixin.py:190} INFO - [2024-11-11T06:45:19.140+0000] {dag.py:3239} INFO - Sync 1 DAGs
[2024-11-11T06:45:19.222+0000] {logging_mixin.py:190} INFO - [2024-11-11T06:45:19.220+0000] {dag.py:4180} INFO - Setting next_dagrun for example_python_decorator to None, run_after=None
[2024-11-11T06:45:19.319+0000] {processor.py:208} INFO - Processing /home/airflow/.local/lib/python3.12/site-packages/airflow/example_dags/example_python_decorator.py took 0.368 seconds
[2024-11-11T06:46:02.946+0000] {processor.py:186} INFO - Started process (PID=1031) to work on /home/airflow/.local/lib/python3.12/site-packages/airflow/example_dags/example_python_decorator.py
[2024-11-11T06:46:02.954+0000] {processor.py:914} INFO - Processing file /home/airflow/.local/lib/python3.12/site-packages/airflow/example_dags/example_python_decorator.py for tasks to queue
[2024-11-11T06:46:02.961+0000] {logging_mixin.py:190} INFO - [2024-11-11T06:46:02.961+0000] {dagbag.py:588} INFO - Filling up the DagBag from /home/airflow/.local/lib/python3.12/site-packages/airflow/example_dags/example_python_decorator.py
[2024-11-11T06:46:03.019+0000] {processor.py:925} INFO - DAG(s) 'example_python_decorator' retrieved from /home/airflow/.local/lib/python3.12/site-packages/airflow/example_dags/example_python_decorator.py
[2024-11-11T06:46:03.106+0000] {logging_mixin.py:190} INFO - [2024-11-11T06:46:03.106+0000] {dag.py:3239} INFO - Sync 1 DAGs
[2024-11-11T06:46:03.149+0000] {logging_mixin.py:190} INFO - [2024-11-11T06:46:03.148+0000] {dag.py:4180} INFO - Setting next_dagrun for example_python_decorator to None, run_after=None
[2024-11-11T06:46:03.196+0000] {processor.py:208} INFO - Processing /home/airflow/.local/lib/python3.12/site-packages/airflow/example_dags/example_python_decorator.py took 0.293 seconds
[2024-11-11T06:46:33.596+0000] {processor.py:186} INFO - Started process (PID=1324) to work on /home/airflow/.local/lib/python3.12/site-packages/airflow/example_dags/example_python_decorator.py
[2024-11-11T06:46:33.598+0000] {processor.py:914} INFO - Processing file /home/airflow/.local/lib/python3.12/site-packages/airflow/example_dags/example_python_decorator.py for tasks to queue
[2024-11-11T06:46:33.605+0000] {logging_mixin.py:190} INFO - [2024-11-11T06:46:33.604+0000] {dagbag.py:588} INFO - Filling up the DagBag from /home/airflow/.local/lib/python3.12/site-packages/airflow/example_dags/example_python_decorator.py
[2024-11-11T06:46:33.648+0000] {processor.py:925} INFO - DAG(s) 'example_python_decorator' retrieved from /home/airflow/.local/lib/python3.12/site-packages/airflow/example_dags/example_python_decorator.py
[2024-11-11T06:46:33.700+0000] {logging_mixin.py:190} INFO - [2024-11-11T06:46:33.700+0000] {dag.py:3239} INFO - Sync 1 DAGs
[2024-11-11T06:46:33.742+0000] {logging_mixin.py:190} INFO - [2024-11-11T06:46:33.741+0000] {dag.py:4180} INFO - Setting next_dagrun for example_python_decorator to None, run_after=None
[2024-11-11T06:46:33.802+0000] {processor.py:208} INFO - Processing /home/airflow/.local/lib/python3.12/site-packages/airflow/example_dags/example_python_decorator.py took 0.226 seconds
[2024-11-11T06:47:04.312+0000] {processor.py:186} INFO - Started process (PID=1615) to work on /home/airflow/.local/lib/python3.12/site-packages/airflow/example_dags/example_python_decorator.py
[2024-11-11T06:47:04.316+0000] {processor.py:914} INFO - Processing file /home/airflow/.local/lib/python3.12/site-packages/airflow/example_dags/example_python_decorator.py for tasks to queue
[2024-11-11T06:47:04.321+0000] {logging_mixin.py:190} INFO - [2024-11-11T06:47:04.321+0000] {dagbag.py:588} INFO - Filling up the DagBag from /home/airflow/.local/lib/python3.12/site-packages/airflow/example_dags/example_python_decorator.py
[2024-11-11T06:47:04.363+0000] {processor.py:925} INFO - DAG(s) 'example_python_decorator' retrieved from /home/airflow/.local/lib/python3.12/site-packages/airflow/example_dags/example_python_decorator.py
[2024-11-11T06:47:04.404+0000] {logging_mixin.py:190} INFO - [2024-11-11T06:47:04.404+0000] {dag.py:3239} INFO - Sync 1 DAGs
[2024-11-11T06:47:04.428+0000] {logging_mixin.py:190} INFO - [2024-11-11T06:47:04.427+0000] {dag.py:4180} INFO - Setting next_dagrun for example_python_decorator to None, run_after=None
[2024-11-11T06:47:04.469+0000] {processor.py:208} INFO - Processing /home/airflow/.local/lib/python3.12/site-packages/airflow/example_dags/example_python_decorator.py took 0.172 seconds
[2024-11-11T06:47:35.343+0000] {processor.py:186} INFO - Started process (PID=1906) to work on /home/airflow/.local/lib/python3.12/site-packages/airflow/example_dags/example_python_decorator.py
[2024-11-11T06:47:35.344+0000] {processor.py:914} INFO - Processing file /home/airflow/.local/lib/python3.12/site-packages/airflow/example_dags/example_python_decorator.py for tasks to queue
[2024-11-11T06:47:35.350+0000] {logging_mixin.py:190} INFO - [2024-11-11T06:47:35.350+0000] {dagbag.py:588} INFO - Filling up the DagBag from /home/airflow/.local/lib/python3.12/site-packages/airflow/example_dags/example_python_decorator.py
[2024-11-11T06:47:35.379+0000] {processor.py:925} INFO - DAG(s) 'example_python_decorator' retrieved from /home/airflow/.local/lib/python3.12/site-packages/airflow/example_dags/example_python_decorator.py
[2024-11-11T06:47:35.418+0000] {logging_mixin.py:190} INFO - [2024-11-11T06:47:35.417+0000] {dag.py:3239} INFO - Sync 1 DAGs
[2024-11-11T06:47:35.443+0000] {logging_mixin.py:190} INFO - [2024-11-11T06:47:35.443+0000] {dag.py:4180} INFO - Setting next_dagrun for example_python_decorator to None, run_after=None
[2024-11-11T06:47:35.498+0000] {processor.py:208} INFO - Processing /home/airflow/.local/lib/python3.12/site-packages/airflow/example_dags/example_python_decorator.py took 0.165 seconds
[2024-11-11T06:48:06.404+0000] {processor.py:186} INFO - Started process (PID=2195) to work on /home/airflow/.local/lib/python3.12/site-packages/airflow/example_dags/example_python_decorator.py
[2024-11-11T06:48:06.406+0000] {processor.py:914} INFO - Processing file /home/airflow/.local/lib/python3.12/site-packages/airflow/example_dags/example_python_decorator.py for tasks to queue
[2024-11-11T06:48:06.414+0000] {logging_mixin.py:190} INFO - [2024-11-11T06:48:06.414+0000] {dagbag.py:588} INFO - Filling up the DagBag from /home/airflow/.local/lib/python3.12/site-packages/airflow/example_dags/example_python_decorator.py
[2024-11-11T06:48:06.445+0000] {processor.py:925} INFO - DAG(s) 'example_python_decorator' retrieved from /home/airflow/.local/lib/python3.12/site-packages/airflow/example_dags/example_python_decorator.py
[2024-11-11T06:48:06.515+0000] {logging_mixin.py:190} INFO - [2024-11-11T06:48:06.515+0000] {dag.py:3239} INFO - Sync 1 DAGs
[2024-11-11T06:48:06.568+0000] {logging_mixin.py:190} INFO - [2024-11-11T06:48:06.568+0000] {dag.py:4180} INFO - Setting next_dagrun for example_python_decorator to None, run_after=None
[2024-11-11T06:48:06.607+0000] {processor.py:208} INFO - Processing /home/airflow/.local/lib/python3.12/site-packages/airflow/example_dags/example_python_decorator.py took 0.215 seconds
[2024-11-11T06:48:37.128+0000] {processor.py:186} INFO - Started process (PID=2486) to work on /home/airflow/.local/lib/python3.12/site-packages/airflow/example_dags/example_python_decorator.py
[2024-11-11T06:48:37.130+0000] {processor.py:914} INFO - Processing file /home/airflow/.local/lib/python3.12/site-packages/airflow/example_dags/example_python_decorator.py for tasks to queue
[2024-11-11T06:48:37.138+0000] {logging_mixin.py:190} INFO - [2024-11-11T06:48:37.137+0000] {dagbag.py:588} INFO - Filling up the DagBag from /home/airflow/.local/lib/python3.12/site-packages/airflow/example_dags/example_python_decorator.py
[2024-11-11T06:48:37.164+0000] {processor.py:925} INFO - DAG(s) 'example_python_decorator' retrieved from /home/airflow/.local/lib/python3.12/site-packages/airflow/example_dags/example_python_decorator.py
[2024-11-11T06:48:37.201+0000] {logging_mixin.py:190} INFO - [2024-11-11T06:48:37.201+0000] {dag.py:3239} INFO - Sync 1 DAGs
[2024-11-11T06:48:37.226+0000] {logging_mixin.py:190} INFO - [2024-11-11T06:48:37.225+0000] {dag.py:4180} INFO - Setting next_dagrun for example_python_decorator to None, run_after=None
[2024-11-11T06:48:37.265+0000] {processor.py:208} INFO - Processing /home/airflow/.local/lib/python3.12/site-packages/airflow/example_dags/example_python_decorator.py took 0.148 seconds
[2024-11-11T06:49:08.971+0000] {processor.py:186} INFO - Started process (PID=2779) to work on /home/airflow/.local/lib/python3.12/site-packages/airflow/example_dags/example_python_decorator.py
[2024-11-11T06:49:08.972+0000] {processor.py:914} INFO - Processing file /home/airflow/.local/lib/python3.12/site-packages/airflow/example_dags/example_python_decorator.py for tasks to queue
[2024-11-11T06:49:08.975+0000] {logging_mixin.py:190} INFO - [2024-11-11T06:49:08.975+0000] {dagbag.py:588} INFO - Filling up the DagBag from /home/airflow/.local/lib/python3.12/site-packages/airflow/example_dags/example_python_decorator.py
[2024-11-11T06:49:09.007+0000] {processor.py:925} INFO - DAG(s) 'example_python_decorator' retrieved from /home/airflow/.local/lib/python3.12/site-packages/airflow/example_dags/example_python_decorator.py
[2024-11-11T06:49:09.048+0000] {logging_mixin.py:190} INFO - [2024-11-11T06:49:09.047+0000] {dag.py:3239} INFO - Sync 1 DAGs
[2024-11-11T06:49:09.076+0000] {logging_mixin.py:190} INFO - [2024-11-11T06:49:09.076+0000] {dag.py:4180} INFO - Setting next_dagrun for example_python_decorator to None, run_after=None
[2024-11-11T06:49:09.118+0000] {processor.py:208} INFO - Processing /home/airflow/.local/lib/python3.12/site-packages/airflow/example_dags/example_python_decorator.py took 0.156 seconds
[2024-11-11T06:49:40.375+0000] {processor.py:186} INFO - Started process (PID=3068) to work on /home/airflow/.local/lib/python3.12/site-packages/airflow/example_dags/example_python_decorator.py
[2024-11-11T06:49:40.378+0000] {processor.py:914} INFO - Processing file /home/airflow/.local/lib/python3.12/site-packages/airflow/example_dags/example_python_decorator.py for tasks to queue
[2024-11-11T06:49:40.381+0000] {logging_mixin.py:190} INFO - [2024-11-11T06:49:40.381+0000] {dagbag.py:588} INFO - Filling up the DagBag from /home/airflow/.local/lib/python3.12/site-packages/airflow/example_dags/example_python_decorator.py
[2024-11-11T06:49:40.407+0000] {processor.py:925} INFO - DAG(s) 'example_python_decorator' retrieved from /home/airflow/.local/lib/python3.12/site-packages/airflow/example_dags/example_python_decorator.py
[2024-11-11T06:49:40.450+0000] {logging_mixin.py:190} INFO - [2024-11-11T06:49:40.449+0000] {dag.py:3239} INFO - Sync 1 DAGs
[2024-11-11T06:49:40.476+0000] {logging_mixin.py:190} INFO - [2024-11-11T06:49:40.474+0000] {dag.py:4180} INFO - Setting next_dagrun for example_python_decorator to None, run_after=None
[2024-11-11T06:49:40.521+0000] {processor.py:208} INFO - Processing /home/airflow/.local/lib/python3.12/site-packages/airflow/example_dags/example_python_decorator.py took 0.155 seconds
[2024-11-11T06:50:11.793+0000] {processor.py:186} INFO - Started process (PID=3361) to work on /home/airflow/.local/lib/python3.12/site-packages/airflow/example_dags/example_python_decorator.py
[2024-11-11T06:50:11.795+0000] {processor.py:914} INFO - Processing file /home/airflow/.local/lib/python3.12/site-packages/airflow/example_dags/example_python_decorator.py for tasks to queue
[2024-11-11T06:50:11.801+0000] {logging_mixin.py:190} INFO - [2024-11-11T06:50:11.800+0000] {dagbag.py:588} INFO - Filling up the DagBag from /home/airflow/.local/lib/python3.12/site-packages/airflow/example_dags/example_python_decorator.py
[2024-11-11T06:50:11.832+0000] {processor.py:925} INFO - DAG(s) 'example_python_decorator' retrieved from /home/airflow/.local/lib/python3.12/site-packages/airflow/example_dags/example_python_decorator.py
[2024-11-11T06:50:11.876+0000] {logging_mixin.py:190} INFO - [2024-11-11T06:50:11.875+0000] {dag.py:3239} INFO - Sync 1 DAGs
[2024-11-11T06:50:11.906+0000] {logging_mixin.py:190} INFO - [2024-11-11T06:50:11.905+0000] {dag.py:4180} INFO - Setting next_dagrun for example_python_decorator to None, run_after=None
[2024-11-11T06:50:11.937+0000] {processor.py:208} INFO - Processing /home/airflow/.local/lib/python3.12/site-packages/airflow/example_dags/example_python_decorator.py took 0.159 seconds
[2024-11-11T06:50:44.446+0000] {processor.py:186} INFO - Started process (PID=3650) to work on /home/airflow/.local/lib/python3.12/site-packages/airflow/example_dags/example_python_decorator.py
[2024-11-11T06:50:44.448+0000] {processor.py:914} INFO - Processing file /home/airflow/.local/lib/python3.12/site-packages/airflow/example_dags/example_python_decorator.py for tasks to queue
[2024-11-11T06:50:44.453+0000] {logging_mixin.py:190} INFO - [2024-11-11T06:50:44.452+0000] {dagbag.py:588} INFO - Filling up the DagBag from /home/airflow/.local/lib/python3.12/site-packages/airflow/example_dags/example_python_decorator.py
[2024-11-11T06:50:44.485+0000] {processor.py:925} INFO - DAG(s) 'example_python_decorator' retrieved from /home/airflow/.local/lib/python3.12/site-packages/airflow/example_dags/example_python_decorator.py
[2024-11-11T06:50:44.528+0000] {logging_mixin.py:190} INFO - [2024-11-11T06:50:44.527+0000] {dag.py:3239} INFO - Sync 1 DAGs
[2024-11-11T06:50:44.559+0000] {logging_mixin.py:190} INFO - [2024-11-11T06:50:44.559+0000] {dag.py:4180} INFO - Setting next_dagrun for example_python_decorator to None, run_after=None
[2024-11-11T06:50:44.600+0000] {processor.py:208} INFO - Processing /home/airflow/.local/lib/python3.12/site-packages/airflow/example_dags/example_python_decorator.py took 0.166 seconds
[2024-11-11T06:51:15.844+0000] {processor.py:186} INFO - Started process (PID=3943) to work on /home/airflow/.local/lib/python3.12/site-packages/airflow/example_dags/example_python_decorator.py
[2024-11-11T06:51:15.846+0000] {processor.py:914} INFO - Processing file /home/airflow/.local/lib/python3.12/site-packages/airflow/example_dags/example_python_decorator.py for tasks to queue
[2024-11-11T06:51:15.854+0000] {logging_mixin.py:190} INFO - [2024-11-11T06:51:15.853+0000] {dagbag.py:588} INFO - Filling up the DagBag from /home/airflow/.local/lib/python3.12/site-packages/airflow/example_dags/example_python_decorator.py
[2024-11-11T06:51:15.881+0000] {processor.py:925} INFO - DAG(s) 'example_python_decorator' retrieved from /home/airflow/.local/lib/python3.12/site-packages/airflow/example_dags/example_python_decorator.py
[2024-11-11T06:51:15.931+0000] {logging_mixin.py:190} INFO - [2024-11-11T06:51:15.931+0000] {dag.py:3239} INFO - Sync 1 DAGs
[2024-11-11T06:51:15.955+0000] {logging_mixin.py:190} INFO - [2024-11-11T06:51:15.954+0000] {dag.py:4180} INFO - Setting next_dagrun for example_python_decorator to None, run_after=None
[2024-11-11T06:51:15.991+0000] {processor.py:208} INFO - Processing /home/airflow/.local/lib/python3.12/site-packages/airflow/example_dags/example_python_decorator.py took 0.156 seconds
[2024-11-11T06:51:47.154+0000] {processor.py:186} INFO - Started process (PID=4234) to work on /home/airflow/.local/lib/python3.12/site-packages/airflow/example_dags/example_python_decorator.py
[2024-11-11T06:51:47.155+0000] {processor.py:914} INFO - Processing file /home/airflow/.local/lib/python3.12/site-packages/airflow/example_dags/example_python_decorator.py for tasks to queue
[2024-11-11T06:51:47.160+0000] {logging_mixin.py:190} INFO - [2024-11-11T06:51:47.160+0000] {dagbag.py:588} INFO - Filling up the DagBag from /home/airflow/.local/lib/python3.12/site-packages/airflow/example_dags/example_python_decorator.py
[2024-11-11T06:51:47.181+0000] {processor.py:925} INFO - DAG(s) 'example_python_decorator' retrieved from /home/airflow/.local/lib/python3.12/site-packages/airflow/example_dags/example_python_decorator.py
[2024-11-11T06:51:47.222+0000] {logging_mixin.py:190} INFO - [2024-11-11T06:51:47.221+0000] {dag.py:3239} INFO - Sync 1 DAGs
[2024-11-11T06:51:47.246+0000] {logging_mixin.py:190} INFO - [2024-11-11T06:51:47.246+0000] {dag.py:4180} INFO - Setting next_dagrun for example_python_decorator to None, run_after=None
[2024-11-11T06:51:47.319+0000] {processor.py:208} INFO - Processing /home/airflow/.local/lib/python3.12/site-packages/airflow/example_dags/example_python_decorator.py took 0.175 seconds
[2024-11-11T06:52:18.957+0000] {processor.py:186} INFO - Started process (PID=4523) to work on /home/airflow/.local/lib/python3.12/site-packages/airflow/example_dags/example_python_decorator.py
[2024-11-11T06:52:18.960+0000] {processor.py:914} INFO - Processing file /home/airflow/.local/lib/python3.12/site-packages/airflow/example_dags/example_python_decorator.py for tasks to queue
[2024-11-11T06:52:18.964+0000] {logging_mixin.py:190} INFO - [2024-11-11T06:52:18.963+0000] {dagbag.py:588} INFO - Filling up the DagBag from /home/airflow/.local/lib/python3.12/site-packages/airflow/example_dags/example_python_decorator.py
[2024-11-11T06:52:19.000+0000] {processor.py:925} INFO - DAG(s) 'example_python_decorator' retrieved from /home/airflow/.local/lib/python3.12/site-packages/airflow/example_dags/example_python_decorator.py
[2024-11-11T06:52:19.041+0000] {logging_mixin.py:190} INFO - [2024-11-11T06:52:19.040+0000] {dag.py:3239} INFO - Sync 1 DAGs
[2024-11-11T06:52:19.066+0000] {logging_mixin.py:190} INFO - [2024-11-11T06:52:19.066+0000] {dag.py:4180} INFO - Setting next_dagrun for example_python_decorator to None, run_after=None
[2024-11-11T06:52:19.101+0000] {processor.py:208} INFO - Processing /home/airflow/.local/lib/python3.12/site-packages/airflow/example_dags/example_python_decorator.py took 0.157 seconds
