[2024-11-11T06:44:38.594+0000] {processor.py:186} INFO - Started process (PID=429) to work on /home/airflow/.local/lib/python3.12/site-packages/airflow/example_dags/example_subdag_operator.py
[2024-11-11T06:44:38.597+0000] {processor.py:914} INFO - Processing file /home/airflow/.local/lib/python3.12/site-packages/airflow/example_dags/example_subdag_operator.py for tasks to queue
[2024-11-11T06:44:38.608+0000] {logging_mixin.py:190} INFO - [2024-11-11T06:44:38.608+0000] {dagbag.py:588} INFO - Filling up the DagBag from /home/airflow/.local/lib/python3.12/site-packages/airflow/example_dags/example_subdag_operator.py
[2024-11-11T06:44:38.713+0000] {processor.py:925} INFO - DAG(s) 'example_subdag_operator.section-1', 'example_subdag_operator.section-2', 'example_subdag_operator' retrieved from /home/airflow/.local/lib/python3.12/site-packages/airflow/example_dags/example_subdag_operator.py
[2024-11-11T06:44:39.022+0000] {logging_mixin.py:190} INFO - [2024-11-11T06:44:39.021+0000] {override.py:1911} INFO - Created Permission View: can delete on DAG:example_subdag_operator
[2024-11-11T06:44:39.047+0000] {logging_mixin.py:190} INFO - [2024-11-11T06:44:39.047+0000] {override.py:1911} INFO - Created Permission View: can edit on DAG:example_subdag_operator
[2024-11-11T06:44:39.064+0000] {logging_mixin.py:190} INFO - [2024-11-11T06:44:39.064+0000] {override.py:1911} INFO - Created Permission View: can read on DAG:example_subdag_operator
[2024-11-11T06:44:39.080+0000] {logging_mixin.py:190} INFO - [2024-11-11T06:44:39.080+0000] {override.py:1911} INFO - Created Permission View: menu access on DAG Run:example_subdag_operator
[2024-11-11T06:44:39.094+0000] {logging_mixin.py:190} INFO - [2024-11-11T06:44:39.094+0000] {override.py:1911} INFO - Created Permission View: can delete on DAG Run:example_subdag_operator
[2024-11-11T06:44:39.110+0000] {logging_mixin.py:190} INFO - [2024-11-11T06:44:39.109+0000] {override.py:1911} INFO - Created Permission View: can create on DAG Run:example_subdag_operator
[2024-11-11T06:44:39.126+0000] {logging_mixin.py:190} INFO - [2024-11-11T06:44:39.125+0000] {override.py:1911} INFO - Created Permission View: can read on DAG Run:example_subdag_operator
[2024-11-11T06:44:39.128+0000] {logging_mixin.py:190} INFO - [2024-11-11T06:44:39.128+0000] {dag.py:3239} INFO - Sync 3 DAGs
[2024-11-11T06:44:39.177+0000] {logging_mixin.py:190} INFO - [2024-11-11T06:44:39.176+0000] {dag.py:3262} INFO - Creating ORM DAG for example_subdag_operator.section-2
[2024-11-11T06:44:39.179+0000] {logging_mixin.py:190} INFO - [2024-11-11T06:44:39.178+0000] {dag.py:3262} INFO - Creating ORM DAG for example_subdag_operator.section-1
[2024-11-11T06:44:39.180+0000] {logging_mixin.py:190} INFO - [2024-11-11T06:44:39.180+0000] {dag.py:3262} INFO - Creating ORM DAG for example_subdag_operator
[2024-11-11T06:44:39.208+0000] {logging_mixin.py:190} INFO - [2024-11-11T06:44:39.208+0000] {dag.py:4180} INFO - Setting next_dagrun for example_subdag_operator to 2022-01-01 00:00:00+00:00, run_after=2022-01-01 00:00:00+00:00
[2024-11-11T06:44:39.210+0000] {logging_mixin.py:190} INFO - [2024-11-11T06:44:39.210+0000] {dag.py:4180} INFO - Setting next_dagrun for example_subdag_operator.section-1 to None, run_after=None
[2024-11-11T06:44:39.213+0000] {logging_mixin.py:190} INFO - [2024-11-11T06:44:39.212+0000] {dag.py:4180} INFO - Setting next_dagrun for example_subdag_operator.section-2 to None, run_after=None
[2024-11-11T06:44:39.240+0000] {logging_mixin.py:190} INFO - [2024-11-11T06:44:39.238+0000] {dag.py:3239} INFO - Sync 2 DAGs
[2024-11-11T06:44:39.251+0000] {logging_mixin.py:190} INFO - [2024-11-11T06:44:39.250+0000] {dag.py:4180} INFO - Setting next_dagrun for example_subdag_operator.section-1 to None, run_after=None
[2024-11-11T06:44:39.260+0000] {logging_mixin.py:190} INFO - [2024-11-11T06:44:39.259+0000] {dag.py:4180} INFO - Setting next_dagrun for example_subdag_operator.section-2 to None, run_after=None
[2024-11-11T06:44:39.287+0000] {processor.py:208} INFO - Processing /home/airflow/.local/lib/python3.12/site-packages/airflow/example_dags/example_subdag_operator.py took 0.712 seconds
[2024-11-11T06:45:19.379+0000] {processor.py:186} INFO - Started process (PID=745) to work on /home/airflow/.local/lib/python3.12/site-packages/airflow/example_dags/example_subdag_operator.py
[2024-11-11T06:45:19.383+0000] {processor.py:914} INFO - Processing file /home/airflow/.local/lib/python3.12/site-packages/airflow/example_dags/example_subdag_operator.py for tasks to queue
[2024-11-11T06:45:19.394+0000] {logging_mixin.py:190} INFO - [2024-11-11T06:45:19.388+0000] {dagbag.py:588} INFO - Filling up the DagBag from /home/airflow/.local/lib/python3.12/site-packages/airflow/example_dags/example_subdag_operator.py
[2024-11-11T06:45:19.522+0000] {processor.py:925} INFO - DAG(s) 'example_subdag_operator.section-1', 'example_subdag_operator.section-2', 'example_subdag_operator' retrieved from /home/airflow/.local/lib/python3.12/site-packages/airflow/example_dags/example_subdag_operator.py
[2024-11-11T06:45:19.583+0000] {logging_mixin.py:190} INFO - [2024-11-11T06:45:19.583+0000] {dag.py:3239} INFO - Sync 3 DAGs
[2024-11-11T06:45:19.702+0000] {logging_mixin.py:190} INFO - [2024-11-11T06:45:19.702+0000] {dag.py:4180} INFO - Setting next_dagrun for example_subdag_operator to 2022-01-01 00:00:00+00:00, run_after=2022-01-01 00:00:00+00:00
[2024-11-11T06:45:19.722+0000] {logging_mixin.py:190} INFO - [2024-11-11T06:45:19.721+0000] {dag.py:4180} INFO - Setting next_dagrun for example_subdag_operator.section-1 to None, run_after=None
[2024-11-11T06:45:19.736+0000] {logging_mixin.py:190} INFO - [2024-11-11T06:45:19.735+0000] {dag.py:4180} INFO - Setting next_dagrun for example_subdag_operator.section-2 to None, run_after=None
[2024-11-11T06:45:19.775+0000] {logging_mixin.py:190} INFO - [2024-11-11T06:45:19.774+0000] {dag.py:3239} INFO - Sync 2 DAGs
[2024-11-11T06:45:19.794+0000] {logging_mixin.py:190} INFO - [2024-11-11T06:45:19.793+0000] {dag.py:4180} INFO - Setting next_dagrun for example_subdag_operator.section-1 to None, run_after=None
[2024-11-11T06:45:19.796+0000] {logging_mixin.py:190} INFO - [2024-11-11T06:45:19.795+0000] {dag.py:4180} INFO - Setting next_dagrun for example_subdag_operator.section-2 to None, run_after=None
[2024-11-11T06:45:19.831+0000] {processor.py:208} INFO - Processing /home/airflow/.local/lib/python3.12/site-packages/airflow/example_dags/example_subdag_operator.py took 0.483 seconds
[2024-11-11T06:46:03.155+0000] {processor.py:186} INFO - Started process (PID=1036) to work on /home/airflow/.local/lib/python3.12/site-packages/airflow/example_dags/example_subdag_operator.py
[2024-11-11T06:46:03.157+0000] {processor.py:914} INFO - Processing file /home/airflow/.local/lib/python3.12/site-packages/airflow/example_dags/example_subdag_operator.py for tasks to queue
[2024-11-11T06:46:03.163+0000] {logging_mixin.py:190} INFO - [2024-11-11T06:46:03.162+0000] {dagbag.py:588} INFO - Filling up the DagBag from /home/airflow/.local/lib/python3.12/site-packages/airflow/example_dags/example_subdag_operator.py
[2024-11-11T06:46:03.323+0000] {processor.py:925} INFO - DAG(s) 'example_subdag_operator.section-1', 'example_subdag_operator.section-2', 'example_subdag_operator' retrieved from /home/airflow/.local/lib/python3.12/site-packages/airflow/example_dags/example_subdag_operator.py
[2024-11-11T06:46:03.367+0000] {logging_mixin.py:190} INFO - [2024-11-11T06:46:03.367+0000] {dag.py:3239} INFO - Sync 3 DAGs
[2024-11-11T06:46:03.482+0000] {logging_mixin.py:190} INFO - [2024-11-11T06:46:03.481+0000] {dag.py:4180} INFO - Setting next_dagrun for example_subdag_operator to 2022-01-01 00:00:00+00:00, run_after=2022-01-01 00:00:00+00:00
[2024-11-11T06:46:03.513+0000] {logging_mixin.py:190} INFO - [2024-11-11T06:46:03.512+0000] {dag.py:4180} INFO - Setting next_dagrun for example_subdag_operator.section-1 to None, run_after=None
[2024-11-11T06:46:03.523+0000] {logging_mixin.py:190} INFO - [2024-11-11T06:46:03.523+0000] {dag.py:4180} INFO - Setting next_dagrun for example_subdag_operator.section-2 to None, run_after=None
[2024-11-11T06:46:03.543+0000] {logging_mixin.py:190} INFO - [2024-11-11T06:46:03.542+0000] {dag.py:3239} INFO - Sync 2 DAGs
[2024-11-11T06:46:03.570+0000] {logging_mixin.py:190} INFO - [2024-11-11T06:46:03.569+0000] {dag.py:4180} INFO - Setting next_dagrun for example_subdag_operator.section-1 to None, run_after=None
[2024-11-11T06:46:03.572+0000] {logging_mixin.py:190} INFO - [2024-11-11T06:46:03.571+0000] {dag.py:4180} INFO - Setting next_dagrun for example_subdag_operator.section-2 to None, run_after=None
[2024-11-11T06:46:03.601+0000] {processor.py:208} INFO - Processing /home/airflow/.local/lib/python3.12/site-packages/airflow/example_dags/example_subdag_operator.py took 0.460 seconds
[2024-11-11T06:46:33.980+0000] {processor.py:186} INFO - Started process (PID=1329) to work on /home/airflow/.local/lib/python3.12/site-packages/airflow/example_dags/example_subdag_operator.py
[2024-11-11T06:46:33.985+0000] {processor.py:914} INFO - Processing file /home/airflow/.local/lib/python3.12/site-packages/airflow/example_dags/example_subdag_operator.py for tasks to queue
[2024-11-11T06:46:33.991+0000] {logging_mixin.py:190} INFO - [2024-11-11T06:46:33.990+0000] {dagbag.py:588} INFO - Filling up the DagBag from /home/airflow/.local/lib/python3.12/site-packages/airflow/example_dags/example_subdag_operator.py
[2024-11-11T06:46:34.076+0000] {processor.py:925} INFO - DAG(s) 'example_subdag_operator.section-1', 'example_subdag_operator.section-2', 'example_subdag_operator' retrieved from /home/airflow/.local/lib/python3.12/site-packages/airflow/example_dags/example_subdag_operator.py
[2024-11-11T06:46:34.125+0000] {logging_mixin.py:190} INFO - [2024-11-11T06:46:34.125+0000] {dag.py:3239} INFO - Sync 3 DAGs
[2024-11-11T06:46:34.202+0000] {logging_mixin.py:190} INFO - [2024-11-11T06:46:34.201+0000] {dag.py:4180} INFO - Setting next_dagrun for example_subdag_operator to 2022-01-01 00:00:00+00:00, run_after=2022-01-01 00:00:00+00:00
[2024-11-11T06:46:34.214+0000] {logging_mixin.py:190} INFO - [2024-11-11T06:46:34.214+0000] {dag.py:4180} INFO - Setting next_dagrun for example_subdag_operator.section-1 to None, run_after=None
[2024-11-11T06:46:34.219+0000] {logging_mixin.py:190} INFO - [2024-11-11T06:46:34.219+0000] {dag.py:4180} INFO - Setting next_dagrun for example_subdag_operator.section-2 to None, run_after=None
[2024-11-11T06:46:34.241+0000] {logging_mixin.py:190} INFO - [2024-11-11T06:46:34.241+0000] {dag.py:3239} INFO - Sync 2 DAGs
[2024-11-11T06:46:34.256+0000] {logging_mixin.py:190} INFO - [2024-11-11T06:46:34.256+0000] {dag.py:4180} INFO - Setting next_dagrun for example_subdag_operator.section-1 to None, run_after=None
[2024-11-11T06:46:34.261+0000] {logging_mixin.py:190} INFO - [2024-11-11T06:46:34.258+0000] {dag.py:4180} INFO - Setting next_dagrun for example_subdag_operator.section-2 to None, run_after=None
[2024-11-11T06:46:34.301+0000] {processor.py:208} INFO - Processing /home/airflow/.local/lib/python3.12/site-packages/airflow/example_dags/example_subdag_operator.py took 0.341 seconds
[2024-11-11T06:47:04.562+0000] {processor.py:186} INFO - Started process (PID=1625) to work on /home/airflow/.local/lib/python3.12/site-packages/airflow/example_dags/example_subdag_operator.py
[2024-11-11T06:47:04.564+0000] {processor.py:914} INFO - Processing file /home/airflow/.local/lib/python3.12/site-packages/airflow/example_dags/example_subdag_operator.py for tasks to queue
[2024-11-11T06:47:04.568+0000] {logging_mixin.py:190} INFO - [2024-11-11T06:47:04.568+0000] {dagbag.py:588} INFO - Filling up the DagBag from /home/airflow/.local/lib/python3.12/site-packages/airflow/example_dags/example_subdag_operator.py
[2024-11-11T06:47:04.614+0000] {processor.py:925} INFO - DAG(s) 'example_subdag_operator.section-1', 'example_subdag_operator.section-2', 'example_subdag_operator' retrieved from /home/airflow/.local/lib/python3.12/site-packages/airflow/example_dags/example_subdag_operator.py
[2024-11-11T06:47:04.643+0000] {logging_mixin.py:190} INFO - [2024-11-11T06:47:04.643+0000] {dag.py:3239} INFO - Sync 3 DAGs
[2024-11-11T06:47:04.682+0000] {logging_mixin.py:190} INFO - [2024-11-11T06:47:04.681+0000] {dag.py:4180} INFO - Setting next_dagrun for example_subdag_operator to 2022-01-01 00:00:00+00:00, run_after=2022-01-01 00:00:00+00:00
[2024-11-11T06:47:04.691+0000] {logging_mixin.py:190} INFO - [2024-11-11T06:47:04.691+0000] {dag.py:4180} INFO - Setting next_dagrun for example_subdag_operator.section-1 to None, run_after=None
[2024-11-11T06:47:04.695+0000] {logging_mixin.py:190} INFO - [2024-11-11T06:47:04.694+0000] {dag.py:4180} INFO - Setting next_dagrun for example_subdag_operator.section-2 to None, run_after=None
[2024-11-11T06:47:04.710+0000] {logging_mixin.py:190} INFO - [2024-11-11T06:47:04.710+0000] {dag.py:3239} INFO - Sync 2 DAGs
[2024-11-11T06:47:04.722+0000] {logging_mixin.py:190} INFO - [2024-11-11T06:47:04.721+0000] {dag.py:4180} INFO - Setting next_dagrun for example_subdag_operator.section-1 to None, run_after=None
[2024-11-11T06:47:04.724+0000] {logging_mixin.py:190} INFO - [2024-11-11T06:47:04.724+0000] {dag.py:4180} INFO - Setting next_dagrun for example_subdag_operator.section-2 to None, run_after=None
[2024-11-11T06:47:04.748+0000] {processor.py:208} INFO - Processing /home/airflow/.local/lib/python3.12/site-packages/airflow/example_dags/example_subdag_operator.py took 0.198 seconds
[2024-11-11T06:47:35.342+0000] {processor.py:186} INFO - Started process (PID=1909) to work on /home/airflow/.local/lib/python3.12/site-packages/airflow/example_dags/example_subdag_operator.py
[2024-11-11T06:47:35.344+0000] {processor.py:914} INFO - Processing file /home/airflow/.local/lib/python3.12/site-packages/airflow/example_dags/example_subdag_operator.py for tasks to queue
[2024-11-11T06:47:35.350+0000] {logging_mixin.py:190} INFO - [2024-11-11T06:47:35.350+0000] {dagbag.py:588} INFO - Filling up the DagBag from /home/airflow/.local/lib/python3.12/site-packages/airflow/example_dags/example_subdag_operator.py
[2024-11-11T06:47:35.397+0000] {processor.py:925} INFO - DAG(s) 'example_subdag_operator.section-1', 'example_subdag_operator.section-2', 'example_subdag_operator' retrieved from /home/airflow/.local/lib/python3.12/site-packages/airflow/example_dags/example_subdag_operator.py
[2024-11-11T06:47:35.424+0000] {logging_mixin.py:190} INFO - [2024-11-11T06:47:35.423+0000] {dag.py:3239} INFO - Sync 3 DAGs
[2024-11-11T06:47:35.479+0000] {logging_mixin.py:190} INFO - [2024-11-11T06:47:35.478+0000] {dag.py:4180} INFO - Setting next_dagrun for example_subdag_operator to 2022-01-01 00:00:00+00:00, run_after=2022-01-01 00:00:00+00:00
[2024-11-11T06:47:35.487+0000] {logging_mixin.py:190} INFO - [2024-11-11T06:47:35.487+0000] {dag.py:4180} INFO - Setting next_dagrun for example_subdag_operator.section-1 to None, run_after=None
[2024-11-11T06:47:35.490+0000] {logging_mixin.py:190} INFO - [2024-11-11T06:47:35.490+0000] {dag.py:4180} INFO - Setting next_dagrun for example_subdag_operator.section-2 to None, run_after=None
[2024-11-11T06:47:35.502+0000] {logging_mixin.py:190} INFO - [2024-11-11T06:47:35.501+0000] {dag.py:3239} INFO - Sync 2 DAGs
[2024-11-11T06:47:35.516+0000] {logging_mixin.py:190} INFO - [2024-11-11T06:47:35.515+0000] {dag.py:4180} INFO - Setting next_dagrun for example_subdag_operator.section-1 to None, run_after=None
[2024-11-11T06:47:35.517+0000] {logging_mixin.py:190} INFO - [2024-11-11T06:47:35.517+0000] {dag.py:4180} INFO - Setting next_dagrun for example_subdag_operator.section-2 to None, run_after=None
[2024-11-11T06:47:35.538+0000] {processor.py:208} INFO - Processing /home/airflow/.local/lib/python3.12/site-packages/airflow/example_dags/example_subdag_operator.py took 0.204 seconds
[2024-11-11T06:48:06.533+0000] {processor.py:186} INFO - Started process (PID=2200) to work on /home/airflow/.local/lib/python3.12/site-packages/airflow/example_dags/example_subdag_operator.py
[2024-11-11T06:48:06.538+0000] {processor.py:914} INFO - Processing file /home/airflow/.local/lib/python3.12/site-packages/airflow/example_dags/example_subdag_operator.py for tasks to queue
[2024-11-11T06:48:06.544+0000] {logging_mixin.py:190} INFO - [2024-11-11T06:48:06.543+0000] {dagbag.py:588} INFO - Filling up the DagBag from /home/airflow/.local/lib/python3.12/site-packages/airflow/example_dags/example_subdag_operator.py
[2024-11-11T06:48:06.608+0000] {processor.py:925} INFO - DAG(s) 'example_subdag_operator.section-1', 'example_subdag_operator.section-2', 'example_subdag_operator' retrieved from /home/airflow/.local/lib/python3.12/site-packages/airflow/example_dags/example_subdag_operator.py
[2024-11-11T06:48:06.662+0000] {logging_mixin.py:190} INFO - [2024-11-11T06:48:06.661+0000] {dag.py:3239} INFO - Sync 3 DAGs
[2024-11-11T06:48:06.734+0000] {logging_mixin.py:190} INFO - [2024-11-11T06:48:06.733+0000] {dag.py:4180} INFO - Setting next_dagrun for example_subdag_operator to 2022-01-01 00:00:00+00:00, run_after=2022-01-01 00:00:00+00:00
[2024-11-11T06:48:06.744+0000] {logging_mixin.py:190} INFO - [2024-11-11T06:48:06.743+0000] {dag.py:4180} INFO - Setting next_dagrun for example_subdag_operator.section-1 to None, run_after=None
[2024-11-11T06:48:06.750+0000] {logging_mixin.py:190} INFO - [2024-11-11T06:48:06.750+0000] {dag.py:4180} INFO - Setting next_dagrun for example_subdag_operator.section-2 to None, run_after=None
[2024-11-11T06:48:06.769+0000] {logging_mixin.py:190} INFO - [2024-11-11T06:48:06.769+0000] {dag.py:3239} INFO - Sync 2 DAGs
[2024-11-11T06:48:06.781+0000] {logging_mixin.py:190} INFO - [2024-11-11T06:48:06.780+0000] {dag.py:4180} INFO - Setting next_dagrun for example_subdag_operator.section-1 to None, run_after=None
[2024-11-11T06:48:06.783+0000] {logging_mixin.py:190} INFO - [2024-11-11T06:48:06.783+0000] {dag.py:4180} INFO - Setting next_dagrun for example_subdag_operator.section-2 to None, run_after=None
[2024-11-11T06:48:06.811+0000] {processor.py:208} INFO - Processing /home/airflow/.local/lib/python3.12/site-packages/airflow/example_dags/example_subdag_operator.py took 0.298 seconds
[2024-11-11T06:48:37.192+0000] {processor.py:186} INFO - Started process (PID=2491) to work on /home/airflow/.local/lib/python3.12/site-packages/airflow/example_dags/example_subdag_operator.py
[2024-11-11T06:48:37.195+0000] {processor.py:914} INFO - Processing file /home/airflow/.local/lib/python3.12/site-packages/airflow/example_dags/example_subdag_operator.py for tasks to queue
[2024-11-11T06:48:37.200+0000] {logging_mixin.py:190} INFO - [2024-11-11T06:48:37.199+0000] {dagbag.py:588} INFO - Filling up the DagBag from /home/airflow/.local/lib/python3.12/site-packages/airflow/example_dags/example_subdag_operator.py
[2024-11-11T06:48:37.244+0000] {processor.py:925} INFO - DAG(s) 'example_subdag_operator.section-1', 'example_subdag_operator.section-2', 'example_subdag_operator' retrieved from /home/airflow/.local/lib/python3.12/site-packages/airflow/example_dags/example_subdag_operator.py
[2024-11-11T06:48:37.272+0000] {logging_mixin.py:190} INFO - [2024-11-11T06:48:37.272+0000] {dag.py:3239} INFO - Sync 3 DAGs
[2024-11-11T06:48:37.318+0000] {logging_mixin.py:190} INFO - [2024-11-11T06:48:37.318+0000] {dag.py:4180} INFO - Setting next_dagrun for example_subdag_operator to 2022-01-01 00:00:00+00:00, run_after=2022-01-01 00:00:00+00:00
[2024-11-11T06:48:37.325+0000] {logging_mixin.py:190} INFO - [2024-11-11T06:48:37.325+0000] {dag.py:4180} INFO - Setting next_dagrun for example_subdag_operator.section-1 to None, run_after=None
[2024-11-11T06:48:37.328+0000] {logging_mixin.py:190} INFO - [2024-11-11T06:48:37.327+0000] {dag.py:4180} INFO - Setting next_dagrun for example_subdag_operator.section-2 to None, run_after=None
[2024-11-11T06:48:37.341+0000] {logging_mixin.py:190} INFO - [2024-11-11T06:48:37.341+0000] {dag.py:3239} INFO - Sync 2 DAGs
[2024-11-11T06:48:37.350+0000] {logging_mixin.py:190} INFO - [2024-11-11T06:48:37.350+0000] {dag.py:4180} INFO - Setting next_dagrun for example_subdag_operator.section-1 to None, run_after=None
[2024-11-11T06:48:37.351+0000] {logging_mixin.py:190} INFO - [2024-11-11T06:48:37.351+0000] {dag.py:4180} INFO - Setting next_dagrun for example_subdag_operator.section-2 to None, run_after=None
[2024-11-11T06:48:37.383+0000] {processor.py:208} INFO - Processing /home/airflow/.local/lib/python3.12/site-packages/airflow/example_dags/example_subdag_operator.py took 0.202 seconds
[2024-11-11T06:49:08.987+0000] {processor.py:186} INFO - Started process (PID=2782) to work on /home/airflow/.local/lib/python3.12/site-packages/airflow/example_dags/example_subdag_operator.py
[2024-11-11T06:49:08.990+0000] {processor.py:914} INFO - Processing file /home/airflow/.local/lib/python3.12/site-packages/airflow/example_dags/example_subdag_operator.py for tasks to queue
[2024-11-11T06:49:08.995+0000] {logging_mixin.py:190} INFO - [2024-11-11T06:49:08.994+0000] {dagbag.py:588} INFO - Filling up the DagBag from /home/airflow/.local/lib/python3.12/site-packages/airflow/example_dags/example_subdag_operator.py
[2024-11-11T06:49:09.047+0000] {processor.py:925} INFO - DAG(s) 'example_subdag_operator.section-1', 'example_subdag_operator.section-2', 'example_subdag_operator' retrieved from /home/airflow/.local/lib/python3.12/site-packages/airflow/example_dags/example_subdag_operator.py
[2024-11-11T06:49:09.076+0000] {logging_mixin.py:190} INFO - [2024-11-11T06:49:09.075+0000] {dag.py:3239} INFO - Sync 3 DAGs
[2024-11-11T06:49:09.126+0000] {logging_mixin.py:190} INFO - [2024-11-11T06:49:09.125+0000] {dag.py:4180} INFO - Setting next_dagrun for example_subdag_operator to 2022-01-01 00:00:00+00:00, run_after=2022-01-01 00:00:00+00:00
[2024-11-11T06:49:09.134+0000] {logging_mixin.py:190} INFO - [2024-11-11T06:49:09.134+0000] {dag.py:4180} INFO - Setting next_dagrun for example_subdag_operator.section-1 to None, run_after=None
[2024-11-11T06:49:09.137+0000] {logging_mixin.py:190} INFO - [2024-11-11T06:49:09.137+0000] {dag.py:4180} INFO - Setting next_dagrun for example_subdag_operator.section-2 to None, run_after=None
[2024-11-11T06:49:09.154+0000] {logging_mixin.py:190} INFO - [2024-11-11T06:49:09.153+0000] {dag.py:3239} INFO - Sync 2 DAGs
[2024-11-11T06:49:09.169+0000] {logging_mixin.py:190} INFO - [2024-11-11T06:49:09.169+0000] {dag.py:4180} INFO - Setting next_dagrun for example_subdag_operator.section-1 to None, run_after=None
[2024-11-11T06:49:09.171+0000] {logging_mixin.py:190} INFO - [2024-11-11T06:49:09.170+0000] {dag.py:4180} INFO - Setting next_dagrun for example_subdag_operator.section-2 to None, run_after=None
[2024-11-11T06:49:09.195+0000] {processor.py:208} INFO - Processing /home/airflow/.local/lib/python3.12/site-packages/airflow/example_dags/example_subdag_operator.py took 0.224 seconds
[2024-11-11T06:49:40.593+0000] {processor.py:186} INFO - Started process (PID=3075) to work on /home/airflow/.local/lib/python3.12/site-packages/airflow/example_dags/example_subdag_operator.py
[2024-11-11T06:49:40.595+0000] {processor.py:914} INFO - Processing file /home/airflow/.local/lib/python3.12/site-packages/airflow/example_dags/example_subdag_operator.py for tasks to queue
[2024-11-11T06:49:40.601+0000] {logging_mixin.py:190} INFO - [2024-11-11T06:49:40.601+0000] {dagbag.py:588} INFO - Filling up the DagBag from /home/airflow/.local/lib/python3.12/site-packages/airflow/example_dags/example_subdag_operator.py
[2024-11-11T06:49:40.649+0000] {processor.py:925} INFO - DAG(s) 'example_subdag_operator.section-1', 'example_subdag_operator.section-2', 'example_subdag_operator' retrieved from /home/airflow/.local/lib/python3.12/site-packages/airflow/example_dags/example_subdag_operator.py
[2024-11-11T06:49:40.678+0000] {logging_mixin.py:190} INFO - [2024-11-11T06:49:40.677+0000] {dag.py:3239} INFO - Sync 3 DAGs
[2024-11-11T06:49:40.726+0000] {logging_mixin.py:190} INFO - [2024-11-11T06:49:40.725+0000] {dag.py:4180} INFO - Setting next_dagrun for example_subdag_operator to 2022-01-01 00:00:00+00:00, run_after=2022-01-01 00:00:00+00:00
[2024-11-11T06:49:40.733+0000] {logging_mixin.py:190} INFO - [2024-11-11T06:49:40.733+0000] {dag.py:4180} INFO - Setting next_dagrun for example_subdag_operator.section-1 to None, run_after=None
[2024-11-11T06:49:40.738+0000] {logging_mixin.py:190} INFO - [2024-11-11T06:49:40.737+0000] {dag.py:4180} INFO - Setting next_dagrun for example_subdag_operator.section-2 to None, run_after=None
[2024-11-11T06:49:40.751+0000] {logging_mixin.py:190} INFO - [2024-11-11T06:49:40.750+0000] {dag.py:3239} INFO - Sync 2 DAGs
[2024-11-11T06:49:40.761+0000] {logging_mixin.py:190} INFO - [2024-11-11T06:49:40.761+0000] {dag.py:4180} INFO - Setting next_dagrun for example_subdag_operator.section-1 to None, run_after=None
[2024-11-11T06:49:40.762+0000] {logging_mixin.py:190} INFO - [2024-11-11T06:49:40.762+0000] {dag.py:4180} INFO - Setting next_dagrun for example_subdag_operator.section-2 to None, run_after=None
[2024-11-11T06:49:40.786+0000] {processor.py:208} INFO - Processing /home/airflow/.local/lib/python3.12/site-packages/airflow/example_dags/example_subdag_operator.py took 0.205 seconds
[2024-11-11T06:50:11.793+0000] {processor.py:186} INFO - Started process (PID=3364) to work on /home/airflow/.local/lib/python3.12/site-packages/airflow/example_dags/example_subdag_operator.py
[2024-11-11T06:50:11.795+0000] {processor.py:914} INFO - Processing file /home/airflow/.local/lib/python3.12/site-packages/airflow/example_dags/example_subdag_operator.py for tasks to queue
[2024-11-11T06:50:11.802+0000] {logging_mixin.py:190} INFO - [2024-11-11T06:50:11.801+0000] {dagbag.py:588} INFO - Filling up the DagBag from /home/airflow/.local/lib/python3.12/site-packages/airflow/example_dags/example_subdag_operator.py
[2024-11-11T06:50:11.854+0000] {processor.py:925} INFO - DAG(s) 'example_subdag_operator.section-1', 'example_subdag_operator.section-2', 'example_subdag_operator' retrieved from /home/airflow/.local/lib/python3.12/site-packages/airflow/example_dags/example_subdag_operator.py
[2024-11-11T06:50:11.886+0000] {logging_mixin.py:190} INFO - [2024-11-11T06:50:11.886+0000] {dag.py:3239} INFO - Sync 3 DAGs
[2024-11-11T06:50:11.925+0000] {logging_mixin.py:190} INFO - [2024-11-11T06:50:11.925+0000] {dag.py:4180} INFO - Setting next_dagrun for example_subdag_operator to 2022-01-01 00:00:00+00:00, run_after=2022-01-01 00:00:00+00:00
[2024-11-11T06:50:11.933+0000] {logging_mixin.py:190} INFO - [2024-11-11T06:50:11.933+0000] {dag.py:4180} INFO - Setting next_dagrun for example_subdag_operator.section-1 to None, run_after=None
[2024-11-11T06:50:11.936+0000] {logging_mixin.py:190} INFO - [2024-11-11T06:50:11.936+0000] {dag.py:4180} INFO - Setting next_dagrun for example_subdag_operator.section-2 to None, run_after=None
[2024-11-11T06:50:11.949+0000] {logging_mixin.py:190} INFO - [2024-11-11T06:50:11.948+0000] {dag.py:3239} INFO - Sync 2 DAGs
[2024-11-11T06:50:11.957+0000] {logging_mixin.py:190} INFO - [2024-11-11T06:50:11.957+0000] {dag.py:4180} INFO - Setting next_dagrun for example_subdag_operator.section-1 to None, run_after=None
[2024-11-11T06:50:11.958+0000] {logging_mixin.py:190} INFO - [2024-11-11T06:50:11.958+0000] {dag.py:4180} INFO - Setting next_dagrun for example_subdag_operator.section-2 to None, run_after=None
[2024-11-11T06:50:11.978+0000] {processor.py:208} INFO - Processing /home/airflow/.local/lib/python3.12/site-packages/airflow/example_dags/example_subdag_operator.py took 0.200 seconds
[2024-11-11T06:50:44.576+0000] {processor.py:186} INFO - Started process (PID=3655) to work on /home/airflow/.local/lib/python3.12/site-packages/airflow/example_dags/example_subdag_operator.py
[2024-11-11T06:50:44.580+0000] {processor.py:914} INFO - Processing file /home/airflow/.local/lib/python3.12/site-packages/airflow/example_dags/example_subdag_operator.py for tasks to queue
[2024-11-11T06:50:44.584+0000] {logging_mixin.py:190} INFO - [2024-11-11T06:50:44.584+0000] {dagbag.py:588} INFO - Filling up the DagBag from /home/airflow/.local/lib/python3.12/site-packages/airflow/example_dags/example_subdag_operator.py
[2024-11-11T06:50:44.639+0000] {processor.py:925} INFO - DAG(s) 'example_subdag_operator.section-1', 'example_subdag_operator.section-2', 'example_subdag_operator' retrieved from /home/airflow/.local/lib/python3.12/site-packages/airflow/example_dags/example_subdag_operator.py
[2024-11-11T06:50:44.672+0000] {logging_mixin.py:190} INFO - [2024-11-11T06:50:44.671+0000] {dag.py:3239} INFO - Sync 3 DAGs
[2024-11-11T06:50:44.713+0000] {logging_mixin.py:190} INFO - [2024-11-11T06:50:44.711+0000] {dag.py:4180} INFO - Setting next_dagrun for example_subdag_operator to 2022-01-01 00:00:00+00:00, run_after=2022-01-01 00:00:00+00:00
[2024-11-11T06:50:44.721+0000] {logging_mixin.py:190} INFO - [2024-11-11T06:50:44.720+0000] {dag.py:4180} INFO - Setting next_dagrun for example_subdag_operator.section-1 to None, run_after=None
[2024-11-11T06:50:44.724+0000] {logging_mixin.py:190} INFO - [2024-11-11T06:50:44.724+0000] {dag.py:4180} INFO - Setting next_dagrun for example_subdag_operator.section-2 to None, run_after=None
[2024-11-11T06:50:44.738+0000] {logging_mixin.py:190} INFO - [2024-11-11T06:50:44.738+0000] {dag.py:3239} INFO - Sync 2 DAGs
[2024-11-11T06:50:44.749+0000] {logging_mixin.py:190} INFO - [2024-11-11T06:50:44.748+0000] {dag.py:4180} INFO - Setting next_dagrun for example_subdag_operator.section-1 to None, run_after=None
[2024-11-11T06:50:44.750+0000] {logging_mixin.py:190} INFO - [2024-11-11T06:50:44.749+0000] {dag.py:4180} INFO - Setting next_dagrun for example_subdag_operator.section-2 to None, run_after=None
[2024-11-11T06:50:44.777+0000] {processor.py:208} INFO - Processing /home/airflow/.local/lib/python3.12/site-packages/airflow/example_dags/example_subdag_operator.py took 0.216 seconds
[2024-11-11T06:51:16.080+0000] {processor.py:186} INFO - Started process (PID=3948) to work on /home/airflow/.local/lib/python3.12/site-packages/airflow/example_dags/example_subdag_operator.py
[2024-11-11T06:51:16.082+0000] {processor.py:914} INFO - Processing file /home/airflow/.local/lib/python3.12/site-packages/airflow/example_dags/example_subdag_operator.py for tasks to queue
[2024-11-11T06:51:16.087+0000] {logging_mixin.py:190} INFO - [2024-11-11T06:51:16.086+0000] {dagbag.py:588} INFO - Filling up the DagBag from /home/airflow/.local/lib/python3.12/site-packages/airflow/example_dags/example_subdag_operator.py
[2024-11-11T06:51:16.131+0000] {processor.py:925} INFO - DAG(s) 'example_subdag_operator.section-1', 'example_subdag_operator.section-2', 'example_subdag_operator' retrieved from /home/airflow/.local/lib/python3.12/site-packages/airflow/example_dags/example_subdag_operator.py
[2024-11-11T06:51:16.156+0000] {logging_mixin.py:190} INFO - [2024-11-11T06:51:16.155+0000] {dag.py:3239} INFO - Sync 3 DAGs
[2024-11-11T06:51:16.193+0000] {logging_mixin.py:190} INFO - [2024-11-11T06:51:16.193+0000] {dag.py:4180} INFO - Setting next_dagrun for example_subdag_operator to 2022-01-01 00:00:00+00:00, run_after=2022-01-01 00:00:00+00:00
[2024-11-11T06:51:16.202+0000] {logging_mixin.py:190} INFO - [2024-11-11T06:51:16.202+0000] {dag.py:4180} INFO - Setting next_dagrun for example_subdag_operator.section-1 to None, run_after=None
[2024-11-11T06:51:16.206+0000] {logging_mixin.py:190} INFO - [2024-11-11T06:51:16.205+0000] {dag.py:4180} INFO - Setting next_dagrun for example_subdag_operator.section-2 to None, run_after=None
[2024-11-11T06:51:16.218+0000] {logging_mixin.py:190} INFO - [2024-11-11T06:51:16.218+0000] {dag.py:3239} INFO - Sync 2 DAGs
[2024-11-11T06:51:16.227+0000] {logging_mixin.py:190} INFO - [2024-11-11T06:51:16.227+0000] {dag.py:4180} INFO - Setting next_dagrun for example_subdag_operator.section-1 to None, run_after=None
[2024-11-11T06:51:16.228+0000] {logging_mixin.py:190} INFO - [2024-11-11T06:51:16.228+0000] {dag.py:4180} INFO - Setting next_dagrun for example_subdag_operator.section-2 to None, run_after=None
[2024-11-11T06:51:16.247+0000] {processor.py:208} INFO - Processing /home/airflow/.local/lib/python3.12/site-packages/airflow/example_dags/example_subdag_operator.py took 0.181 seconds
[2024-11-11T06:51:47.429+0000] {processor.py:186} INFO - Started process (PID=4239) to work on /home/airflow/.local/lib/python3.12/site-packages/airflow/example_dags/example_subdag_operator.py
[2024-11-11T06:51:47.431+0000] {processor.py:914} INFO - Processing file /home/airflow/.local/lib/python3.12/site-packages/airflow/example_dags/example_subdag_operator.py for tasks to queue
[2024-11-11T06:51:47.438+0000] {logging_mixin.py:190} INFO - [2024-11-11T06:51:47.438+0000] {dagbag.py:588} INFO - Filling up the DagBag from /home/airflow/.local/lib/python3.12/site-packages/airflow/example_dags/example_subdag_operator.py
[2024-11-11T06:51:47.509+0000] {processor.py:925} INFO - DAG(s) 'example_subdag_operator.section-1', 'example_subdag_operator.section-2', 'example_subdag_operator' retrieved from /home/airflow/.local/lib/python3.12/site-packages/airflow/example_dags/example_subdag_operator.py
[2024-11-11T06:51:47.561+0000] {logging_mixin.py:190} INFO - [2024-11-11T06:51:47.560+0000] {dag.py:3239} INFO - Sync 3 DAGs
[2024-11-11T06:51:47.623+0000] {logging_mixin.py:190} INFO - [2024-11-11T06:51:47.622+0000] {dag.py:4180} INFO - Setting next_dagrun for example_subdag_operator to 2022-01-01 00:00:00+00:00, run_after=2022-01-01 00:00:00+00:00
[2024-11-11T06:51:47.638+0000] {logging_mixin.py:190} INFO - [2024-11-11T06:51:47.638+0000] {dag.py:4180} INFO - Setting next_dagrun for example_subdag_operator.section-1 to None, run_after=None
[2024-11-11T06:51:47.643+0000] {logging_mixin.py:190} INFO - [2024-11-11T06:51:47.642+0000] {dag.py:4180} INFO - Setting next_dagrun for example_subdag_operator.section-2 to None, run_after=None
[2024-11-11T06:51:47.674+0000] {logging_mixin.py:190} INFO - [2024-11-11T06:51:47.673+0000] {dag.py:3239} INFO - Sync 2 DAGs
[2024-11-11T06:51:47.686+0000] {logging_mixin.py:190} INFO - [2024-11-11T06:51:47.686+0000] {dag.py:4180} INFO - Setting next_dagrun for example_subdag_operator.section-1 to None, run_after=None
[2024-11-11T06:51:47.687+0000] {logging_mixin.py:190} INFO - [2024-11-11T06:51:47.687+0000] {dag.py:4180} INFO - Setting next_dagrun for example_subdag_operator.section-2 to None, run_after=None
[2024-11-11T06:51:47.709+0000] {processor.py:208} INFO - Processing /home/airflow/.local/lib/python3.12/site-packages/airflow/example_dags/example_subdag_operator.py took 0.297 seconds
[2024-11-11T06:52:19.036+0000] {processor.py:186} INFO - Started process (PID=4528) to work on /home/airflow/.local/lib/python3.12/site-packages/airflow/example_dags/example_subdag_operator.py
[2024-11-11T06:52:19.039+0000] {processor.py:914} INFO - Processing file /home/airflow/.local/lib/python3.12/site-packages/airflow/example_dags/example_subdag_operator.py for tasks to queue
[2024-11-11T06:52:19.042+0000] {logging_mixin.py:190} INFO - [2024-11-11T06:52:19.042+0000] {dagbag.py:588} INFO - Filling up the DagBag from /home/airflow/.local/lib/python3.12/site-packages/airflow/example_dags/example_subdag_operator.py
[2024-11-11T06:52:19.086+0000] {processor.py:925} INFO - DAG(s) 'example_subdag_operator.section-1', 'example_subdag_operator.section-2', 'example_subdag_operator' retrieved from /home/airflow/.local/lib/python3.12/site-packages/airflow/example_dags/example_subdag_operator.py
[2024-11-11T06:52:19.112+0000] {logging_mixin.py:190} INFO - [2024-11-11T06:52:19.111+0000] {dag.py:3239} INFO - Sync 3 DAGs
[2024-11-11T06:52:19.158+0000] {logging_mixin.py:190} INFO - [2024-11-11T06:52:19.158+0000] {dag.py:4180} INFO - Setting next_dagrun for example_subdag_operator to 2022-01-01 00:00:00+00:00, run_after=2022-01-01 00:00:00+00:00
[2024-11-11T06:52:19.169+0000] {logging_mixin.py:190} INFO - [2024-11-11T06:52:19.168+0000] {dag.py:4180} INFO - Setting next_dagrun for example_subdag_operator.section-1 to None, run_after=None
[2024-11-11T06:52:19.172+0000] {logging_mixin.py:190} INFO - [2024-11-11T06:52:19.172+0000] {dag.py:4180} INFO - Setting next_dagrun for example_subdag_operator.section-2 to None, run_after=None
[2024-11-11T06:52:19.185+0000] {logging_mixin.py:190} INFO - [2024-11-11T06:52:19.184+0000] {dag.py:3239} INFO - Sync 2 DAGs
[2024-11-11T06:52:19.193+0000] {logging_mixin.py:190} INFO - [2024-11-11T06:52:19.192+0000] {dag.py:4180} INFO - Setting next_dagrun for example_subdag_operator.section-1 to None, run_after=None
[2024-11-11T06:52:19.194+0000] {logging_mixin.py:190} INFO - [2024-11-11T06:52:19.194+0000] {dag.py:4180} INFO - Setting next_dagrun for example_subdag_operator.section-2 to None, run_after=None
[2024-11-11T06:52:19.215+0000] {processor.py:208} INFO - Processing /home/airflow/.local/lib/python3.12/site-packages/airflow/example_dags/example_subdag_operator.py took 0.189 seconds
