[2024-11-11T06:44:22.348+0000] {processor.py:186} INFO - Started process (PID=247) to work on /home/airflow/.local/lib/python3.12/site-packages/airflow/example_dags/example_display_name.py
[2024-11-11T06:44:22.350+0000] {processor.py:914} INFO - Processing file /home/airflow/.local/lib/python3.12/site-packages/airflow/example_dags/example_display_name.py for tasks to queue
[2024-11-11T06:44:22.354+0000] {logging_mixin.py:190} INFO - [2024-11-11T06:44:22.353+0000] {dagbag.py:588} INFO - Filling up the DagBag from /home/airflow/.local/lib/python3.12/site-packages/airflow/example_dags/example_display_name.py
[2024-11-11T06:44:22.366+0000] {processor.py:925} INFO - DAG(s) 'example_display_name' retrieved from /home/airflow/.local/lib/python3.12/site-packages/airflow/example_dags/example_display_name.py
[2024-11-11T06:44:22.520+0000] {logging_mixin.py:190} INFO - [2024-11-11T06:44:22.519+0000] {override.py:1911} INFO - Created Permission View: can delete on DAG:example_display_name
[2024-11-11T06:44:22.536+0000] {logging_mixin.py:190} INFO - [2024-11-11T06:44:22.535+0000] {override.py:1911} INFO - Created Permission View: can edit on DAG:example_display_name
[2024-11-11T06:44:22.547+0000] {logging_mixin.py:190} INFO - [2024-11-11T06:44:22.546+0000] {override.py:1911} INFO - Created Permission View: can read on DAG:example_display_name
[2024-11-11T06:44:22.558+0000] {logging_mixin.py:190} INFO - [2024-11-11T06:44:22.558+0000] {override.py:1911} INFO - Created Permission View: menu access on DAG Run:example_display_name
[2024-11-11T06:44:22.568+0000] {logging_mixin.py:190} INFO - [2024-11-11T06:44:22.568+0000] {override.py:1911} INFO - Created Permission View: can delete on DAG Run:example_display_name
[2024-11-11T06:44:22.579+0000] {logging_mixin.py:190} INFO - [2024-11-11T06:44:22.578+0000] {override.py:1911} INFO - Created Permission View: can create on DAG Run:example_display_name
[2024-11-11T06:44:22.587+0000] {logging_mixin.py:190} INFO - [2024-11-11T06:44:22.587+0000] {override.py:1911} INFO - Created Permission View: can read on DAG Run:example_display_name
[2024-11-11T06:44:22.588+0000] {logging_mixin.py:190} INFO - [2024-11-11T06:44:22.588+0000] {dag.py:3239} INFO - Sync 1 DAGs
[2024-11-11T06:44:22.605+0000] {logging_mixin.py:190} INFO - [2024-11-11T06:44:22.604+0000] {dag.py:3262} INFO - Creating ORM DAG for example_display_name
[2024-11-11T06:44:22.606+0000] {logging_mixin.py:190} INFO - [2024-11-11T06:44:22.605+0000] {dag.py:4180} INFO - Setting next_dagrun for example_display_name to None, run_after=None
[2024-11-11T06:44:22.629+0000] {processor.py:208} INFO - Processing /home/airflow/.local/lib/python3.12/site-packages/airflow/example_dags/example_display_name.py took 0.290 seconds
[2024-11-11T06:45:04.502+0000] {processor.py:186} INFO - Started process (PID=545) to work on /home/airflow/.local/lib/python3.12/site-packages/airflow/example_dags/example_display_name.py
[2024-11-11T06:45:04.510+0000] {processor.py:914} INFO - Processing file /home/airflow/.local/lib/python3.12/site-packages/airflow/example_dags/example_display_name.py for tasks to queue
[2024-11-11T06:45:04.516+0000] {logging_mixin.py:190} INFO - [2024-11-11T06:45:04.516+0000] {dagbag.py:588} INFO - Filling up the DagBag from /home/airflow/.local/lib/python3.12/site-packages/airflow/example_dags/example_display_name.py
[2024-11-11T06:45:04.537+0000] {processor.py:925} INFO - DAG(s) 'example_display_name' retrieved from /home/airflow/.local/lib/python3.12/site-packages/airflow/example_dags/example_display_name.py
[2024-11-11T06:45:04.582+0000] {logging_mixin.py:190} INFO - [2024-11-11T06:45:04.582+0000] {dag.py:3239} INFO - Sync 1 DAGs
[2024-11-11T06:45:04.618+0000] {logging_mixin.py:190} INFO - [2024-11-11T06:45:04.617+0000] {dag.py:4180} INFO - Setting next_dagrun for example_display_name to None, run_after=None
[2024-11-11T06:45:04.665+0000] {processor.py:208} INFO - Processing /home/airflow/.local/lib/python3.12/site-packages/airflow/example_dags/example_display_name.py took 0.179 seconds
[2024-11-11T06:45:47.886+0000] {processor.py:186} INFO - Started process (PID=861) to work on /home/airflow/.local/lib/python3.12/site-packages/airflow/example_dags/example_display_name.py
[2024-11-11T06:45:47.919+0000] {processor.py:914} INFO - Processing file /home/airflow/.local/lib/python3.12/site-packages/airflow/example_dags/example_display_name.py for tasks to queue
[2024-11-11T06:45:47.924+0000] {logging_mixin.py:190} INFO - [2024-11-11T06:45:47.923+0000] {dagbag.py:588} INFO - Filling up the DagBag from /home/airflow/.local/lib/python3.12/site-packages/airflow/example_dags/example_display_name.py
[2024-11-11T06:45:47.941+0000] {processor.py:925} INFO - DAG(s) 'example_display_name' retrieved from /home/airflow/.local/lib/python3.12/site-packages/airflow/example_dags/example_display_name.py
[2024-11-11T06:45:48.006+0000] {logging_mixin.py:190} INFO - [2024-11-11T06:45:48.005+0000] {dag.py:3239} INFO - Sync 1 DAGs
[2024-11-11T06:45:48.098+0000] {logging_mixin.py:190} INFO - [2024-11-11T06:45:48.097+0000] {dag.py:4180} INFO - Setting next_dagrun for example_display_name to None, run_after=None
[2024-11-11T06:45:48.209+0000] {processor.py:208} INFO - Processing /home/airflow/.local/lib/python3.12/site-packages/airflow/example_dags/example_display_name.py took 0.335 seconds
[2024-11-11T06:46:20.333+0000] {processor.py:186} INFO - Started process (PID=1152) to work on /home/airflow/.local/lib/python3.12/site-packages/airflow/example_dags/example_display_name.py
[2024-11-11T06:46:20.393+0000] {processor.py:914} INFO - Processing file /home/airflow/.local/lib/python3.12/site-packages/airflow/example_dags/example_display_name.py for tasks to queue
[2024-11-11T06:46:20.396+0000] {logging_mixin.py:190} INFO - [2024-11-11T06:46:20.396+0000] {dagbag.py:588} INFO - Filling up the DagBag from /home/airflow/.local/lib/python3.12/site-packages/airflow/example_dags/example_display_name.py
[2024-11-11T06:46:20.408+0000] {processor.py:925} INFO - DAG(s) 'example_display_name' retrieved from /home/airflow/.local/lib/python3.12/site-packages/airflow/example_dags/example_display_name.py
[2024-11-11T06:46:20.437+0000] {logging_mixin.py:190} INFO - [2024-11-11T06:46:20.437+0000] {dag.py:3239} INFO - Sync 1 DAGs
[2024-11-11T06:46:20.459+0000] {logging_mixin.py:190} INFO - [2024-11-11T06:46:20.459+0000] {dag.py:4180} INFO - Setting next_dagrun for example_display_name to None, run_after=None
[2024-11-11T06:46:20.500+0000] {processor.py:208} INFO - Processing /home/airflow/.local/lib/python3.12/site-packages/airflow/example_dags/example_display_name.py took 0.187 seconds
[2024-11-11T06:46:52.319+0000] {processor.py:186} INFO - Started process (PID=1443) to work on /home/airflow/.local/lib/python3.12/site-packages/airflow/example_dags/example_display_name.py
[2024-11-11T06:46:52.326+0000] {processor.py:914} INFO - Processing file /home/airflow/.local/lib/python3.12/site-packages/airflow/example_dags/example_display_name.py for tasks to queue
[2024-11-11T06:46:52.352+0000] {logging_mixin.py:190} INFO - [2024-11-11T06:46:52.351+0000] {dagbag.py:588} INFO - Filling up the DagBag from /home/airflow/.local/lib/python3.12/site-packages/airflow/example_dags/example_display_name.py
[2024-11-11T06:46:52.386+0000] {processor.py:925} INFO - DAG(s) 'example_display_name' retrieved from /home/airflow/.local/lib/python3.12/site-packages/airflow/example_dags/example_display_name.py
[2024-11-11T06:46:52.460+0000] {logging_mixin.py:190} INFO - [2024-11-11T06:46:52.460+0000] {dag.py:3239} INFO - Sync 1 DAGs
[2024-11-11T06:46:52.503+0000] {logging_mixin.py:190} INFO - [2024-11-11T06:46:52.503+0000] {dag.py:4180} INFO - Setting next_dagrun for example_display_name to None, run_after=None
[2024-11-11T06:46:52.564+0000] {processor.py:208} INFO - Processing /home/airflow/.local/lib/python3.12/site-packages/airflow/example_dags/example_display_name.py took 0.268 seconds
[2024-11-11T06:47:23.676+0000] {processor.py:186} INFO - Started process (PID=1734) to work on /home/airflow/.local/lib/python3.12/site-packages/airflow/example_dags/example_display_name.py
[2024-11-11T06:47:23.677+0000] {processor.py:914} INFO - Processing file /home/airflow/.local/lib/python3.12/site-packages/airflow/example_dags/example_display_name.py for tasks to queue
[2024-11-11T06:47:23.680+0000] {logging_mixin.py:190} INFO - [2024-11-11T06:47:23.680+0000] {dagbag.py:588} INFO - Filling up the DagBag from /home/airflow/.local/lib/python3.12/site-packages/airflow/example_dags/example_display_name.py
[2024-11-11T06:47:23.689+0000] {processor.py:925} INFO - DAG(s) 'example_display_name' retrieved from /home/airflow/.local/lib/python3.12/site-packages/airflow/example_dags/example_display_name.py
[2024-11-11T06:47:23.710+0000] {logging_mixin.py:190} INFO - [2024-11-11T06:47:23.709+0000] {dag.py:3239} INFO - Sync 1 DAGs
[2024-11-11T06:47:23.726+0000] {logging_mixin.py:190} INFO - [2024-11-11T06:47:23.726+0000] {dag.py:4180} INFO - Setting next_dagrun for example_display_name to None, run_after=None
[2024-11-11T06:47:23.758+0000] {processor.py:208} INFO - Processing /home/airflow/.local/lib/python3.12/site-packages/airflow/example_dags/example_display_name.py took 0.089 seconds
[2024-11-11T06:47:58.105+0000] {processor.py:186} INFO - Started process (PID=2025) to work on /home/airflow/.local/lib/python3.12/site-packages/airflow/example_dags/example_display_name.py
[2024-11-11T06:47:58.116+0000] {processor.py:914} INFO - Processing file /home/airflow/.local/lib/python3.12/site-packages/airflow/example_dags/example_display_name.py for tasks to queue
[2024-11-11T06:47:58.122+0000] {logging_mixin.py:190} INFO - [2024-11-11T06:47:58.121+0000] {dagbag.py:588} INFO - Filling up the DagBag from /home/airflow/.local/lib/python3.12/site-packages/airflow/example_dags/example_display_name.py
[2024-11-11T06:47:58.142+0000] {processor.py:925} INFO - DAG(s) 'example_display_name' retrieved from /home/airflow/.local/lib/python3.12/site-packages/airflow/example_dags/example_display_name.py
[2024-11-11T06:47:58.197+0000] {logging_mixin.py:190} INFO - [2024-11-11T06:47:58.197+0000] {dag.py:3239} INFO - Sync 1 DAGs
[2024-11-11T06:47:58.243+0000] {logging_mixin.py:190} INFO - [2024-11-11T06:47:58.243+0000] {dag.py:4180} INFO - Setting next_dagrun for example_display_name to None, run_after=None
[2024-11-11T06:47:58.309+0000] {processor.py:208} INFO - Processing /home/airflow/.local/lib/python3.12/site-packages/airflow/example_dags/example_display_name.py took 0.223 seconds
[2024-11-11T06:48:28.579+0000] {processor.py:186} INFO - Started process (PID=2316) to work on /home/airflow/.local/lib/python3.12/site-packages/airflow/example_dags/example_display_name.py
[2024-11-11T06:48:28.581+0000] {processor.py:914} INFO - Processing file /home/airflow/.local/lib/python3.12/site-packages/airflow/example_dags/example_display_name.py for tasks to queue
[2024-11-11T06:48:28.584+0000] {logging_mixin.py:190} INFO - [2024-11-11T06:48:28.584+0000] {dagbag.py:588} INFO - Filling up the DagBag from /home/airflow/.local/lib/python3.12/site-packages/airflow/example_dags/example_display_name.py
[2024-11-11T06:48:28.601+0000] {processor.py:925} INFO - DAG(s) 'example_display_name' retrieved from /home/airflow/.local/lib/python3.12/site-packages/airflow/example_dags/example_display_name.py
[2024-11-11T06:48:28.634+0000] {logging_mixin.py:190} INFO - [2024-11-11T06:48:28.634+0000] {dag.py:3239} INFO - Sync 1 DAGs
[2024-11-11T06:48:28.659+0000] {logging_mixin.py:190} INFO - [2024-11-11T06:48:28.659+0000] {dag.py:4180} INFO - Setting next_dagrun for example_display_name to None, run_after=None
[2024-11-11T06:48:28.702+0000] {processor.py:208} INFO - Processing /home/airflow/.local/lib/python3.12/site-packages/airflow/example_dags/example_display_name.py took 0.133 seconds
[2024-11-11T06:49:00.241+0000] {processor.py:186} INFO - Started process (PID=2602) to work on /home/airflow/.local/lib/python3.12/site-packages/airflow/example_dags/example_display_name.py
[2024-11-11T06:49:00.243+0000] {processor.py:914} INFO - Processing file /home/airflow/.local/lib/python3.12/site-packages/airflow/example_dags/example_display_name.py for tasks to queue
[2024-11-11T06:49:00.247+0000] {logging_mixin.py:190} INFO - [2024-11-11T06:49:00.247+0000] {dagbag.py:588} INFO - Filling up the DagBag from /home/airflow/.local/lib/python3.12/site-packages/airflow/example_dags/example_display_name.py
[2024-11-11T06:49:00.269+0000] {processor.py:925} INFO - DAG(s) 'example_display_name' retrieved from /home/airflow/.local/lib/python3.12/site-packages/airflow/example_dags/example_display_name.py
[2024-11-11T06:49:00.305+0000] {logging_mixin.py:190} INFO - [2024-11-11T06:49:00.304+0000] {dag.py:3239} INFO - Sync 1 DAGs
[2024-11-11T06:49:00.332+0000] {logging_mixin.py:190} INFO - [2024-11-11T06:49:00.332+0000] {dag.py:4180} INFO - Setting next_dagrun for example_display_name to None, run_after=None
[2024-11-11T06:49:00.371+0000] {processor.py:208} INFO - Processing /home/airflow/.local/lib/python3.12/site-packages/airflow/example_dags/example_display_name.py took 0.140 seconds
[2024-11-11T06:49:31.579+0000] {processor.py:186} INFO - Started process (PID=2893) to work on /home/airflow/.local/lib/python3.12/site-packages/airflow/example_dags/example_display_name.py
[2024-11-11T06:49:31.582+0000] {processor.py:914} INFO - Processing file /home/airflow/.local/lib/python3.12/site-packages/airflow/example_dags/example_display_name.py for tasks to queue
[2024-11-11T06:49:31.590+0000] {logging_mixin.py:190} INFO - [2024-11-11T06:49:31.589+0000] {dagbag.py:588} INFO - Filling up the DagBag from /home/airflow/.local/lib/python3.12/site-packages/airflow/example_dags/example_display_name.py
[2024-11-11T06:49:31.615+0000] {processor.py:925} INFO - DAG(s) 'example_display_name' retrieved from /home/airflow/.local/lib/python3.12/site-packages/airflow/example_dags/example_display_name.py
[2024-11-11T06:49:31.670+0000] {logging_mixin.py:190} INFO - [2024-11-11T06:49:31.669+0000] {dag.py:3239} INFO - Sync 1 DAGs
[2024-11-11T06:49:31.719+0000] {logging_mixin.py:190} INFO - [2024-11-11T06:49:31.718+0000] {dag.py:4180} INFO - Setting next_dagrun for example_display_name to None, run_after=None
[2024-11-11T06:49:31.763+0000] {processor.py:208} INFO - Processing /home/airflow/.local/lib/python3.12/site-packages/airflow/example_dags/example_display_name.py took 0.203 seconds
[2024-11-11T06:50:04.254+0000] {processor.py:186} INFO - Started process (PID=3189) to work on /home/airflow/.local/lib/python3.12/site-packages/airflow/example_dags/example_display_name.py
[2024-11-11T06:50:04.256+0000] {processor.py:914} INFO - Processing file /home/airflow/.local/lib/python3.12/site-packages/airflow/example_dags/example_display_name.py for tasks to queue
[2024-11-11T06:50:04.260+0000] {logging_mixin.py:190} INFO - [2024-11-11T06:50:04.259+0000] {dagbag.py:588} INFO - Filling up the DagBag from /home/airflow/.local/lib/python3.12/site-packages/airflow/example_dags/example_display_name.py
[2024-11-11T06:50:04.272+0000] {processor.py:925} INFO - DAG(s) 'example_display_name' retrieved from /home/airflow/.local/lib/python3.12/site-packages/airflow/example_dags/example_display_name.py
[2024-11-11T06:50:04.312+0000] {logging_mixin.py:190} INFO - [2024-11-11T06:50:04.312+0000] {dag.py:3239} INFO - Sync 1 DAGs
[2024-11-11T06:50:04.341+0000] {logging_mixin.py:190} INFO - [2024-11-11T06:50:04.340+0000] {dag.py:4180} INFO - Setting next_dagrun for example_display_name to None, run_after=None
[2024-11-11T06:50:04.377+0000] {processor.py:208} INFO - Processing /home/airflow/.local/lib/python3.12/site-packages/airflow/example_dags/example_display_name.py took 0.139 seconds
[2024-11-11T06:50:35.383+0000] {processor.py:186} INFO - Started process (PID=3475) to work on /home/airflow/.local/lib/python3.12/site-packages/airflow/example_dags/example_display_name.py
[2024-11-11T06:50:35.385+0000] {processor.py:914} INFO - Processing file /home/airflow/.local/lib/python3.12/site-packages/airflow/example_dags/example_display_name.py for tasks to queue
[2024-11-11T06:50:35.391+0000] {logging_mixin.py:190} INFO - [2024-11-11T06:50:35.390+0000] {dagbag.py:588} INFO - Filling up the DagBag from /home/airflow/.local/lib/python3.12/site-packages/airflow/example_dags/example_display_name.py
[2024-11-11T06:50:35.403+0000] {processor.py:925} INFO - DAG(s) 'example_display_name' retrieved from /home/airflow/.local/lib/python3.12/site-packages/airflow/example_dags/example_display_name.py
[2024-11-11T06:50:35.440+0000] {logging_mixin.py:190} INFO - [2024-11-11T06:50:35.440+0000] {dag.py:3239} INFO - Sync 1 DAGs
[2024-11-11T06:50:35.472+0000] {logging_mixin.py:190} INFO - [2024-11-11T06:50:35.472+0000] {dag.py:4180} INFO - Setting next_dagrun for example_display_name to None, run_after=None
[2024-11-11T06:50:35.514+0000] {processor.py:208} INFO - Processing /home/airflow/.local/lib/python3.12/site-packages/airflow/example_dags/example_display_name.py took 0.141 seconds
[2024-11-11T06:51:06.096+0000] {processor.py:186} INFO - Started process (PID=3766) to work on /home/airflow/.local/lib/python3.12/site-packages/airflow/example_dags/example_display_name.py
[2024-11-11T06:51:06.098+0000] {processor.py:914} INFO - Processing file /home/airflow/.local/lib/python3.12/site-packages/airflow/example_dags/example_display_name.py for tasks to queue
[2024-11-11T06:51:06.103+0000] {logging_mixin.py:190} INFO - [2024-11-11T06:51:06.103+0000] {dagbag.py:588} INFO - Filling up the DagBag from /home/airflow/.local/lib/python3.12/site-packages/airflow/example_dags/example_display_name.py
[2024-11-11T06:51:06.116+0000] {processor.py:925} INFO - DAG(s) 'example_display_name' retrieved from /home/airflow/.local/lib/python3.12/site-packages/airflow/example_dags/example_display_name.py
[2024-11-11T06:51:06.146+0000] {logging_mixin.py:190} INFO - [2024-11-11T06:51:06.145+0000] {dag.py:3239} INFO - Sync 1 DAGs
[2024-11-11T06:51:06.167+0000] {logging_mixin.py:190} INFO - [2024-11-11T06:51:06.167+0000] {dag.py:4180} INFO - Setting next_dagrun for example_display_name to None, run_after=None
[2024-11-11T06:51:06.202+0000] {processor.py:208} INFO - Processing /home/airflow/.local/lib/python3.12/site-packages/airflow/example_dags/example_display_name.py took 0.116 seconds
[2024-11-11T06:51:36.605+0000] {processor.py:186} INFO - Started process (PID=4054) to work on /home/airflow/.local/lib/python3.12/site-packages/airflow/example_dags/example_display_name.py
[2024-11-11T06:51:36.607+0000] {processor.py:914} INFO - Processing file /home/airflow/.local/lib/python3.12/site-packages/airflow/example_dags/example_display_name.py for tasks to queue
[2024-11-11T06:51:36.611+0000] {logging_mixin.py:190} INFO - [2024-11-11T06:51:36.611+0000] {dagbag.py:588} INFO - Filling up the DagBag from /home/airflow/.local/lib/python3.12/site-packages/airflow/example_dags/example_display_name.py
[2024-11-11T06:51:36.626+0000] {processor.py:925} INFO - DAG(s) 'example_display_name' retrieved from /home/airflow/.local/lib/python3.12/site-packages/airflow/example_dags/example_display_name.py
[2024-11-11T06:51:36.664+0000] {logging_mixin.py:190} INFO - [2024-11-11T06:51:36.664+0000] {dag.py:3239} INFO - Sync 1 DAGs
[2024-11-11T06:51:36.692+0000] {logging_mixin.py:190} INFO - [2024-11-11T06:51:36.691+0000] {dag.py:4180} INFO - Setting next_dagrun for example_display_name to None, run_after=None
[2024-11-11T06:51:36.723+0000] {processor.py:208} INFO - Processing /home/airflow/.local/lib/python3.12/site-packages/airflow/example_dags/example_display_name.py took 0.129 seconds
[2024-11-11T06:52:07.587+0000] {processor.py:186} INFO - Started process (PID=4343) to work on /home/airflow/.local/lib/python3.12/site-packages/airflow/example_dags/example_display_name.py
[2024-11-11T06:52:07.589+0000] {processor.py:914} INFO - Processing file /home/airflow/.local/lib/python3.12/site-packages/airflow/example_dags/example_display_name.py for tasks to queue
[2024-11-11T06:52:07.594+0000] {logging_mixin.py:190} INFO - [2024-11-11T06:52:07.593+0000] {dagbag.py:588} INFO - Filling up the DagBag from /home/airflow/.local/lib/python3.12/site-packages/airflow/example_dags/example_display_name.py
[2024-11-11T06:52:07.615+0000] {processor.py:925} INFO - DAG(s) 'example_display_name' retrieved from /home/airflow/.local/lib/python3.12/site-packages/airflow/example_dags/example_display_name.py
[2024-11-11T06:52:07.663+0000] {logging_mixin.py:190} INFO - [2024-11-11T06:52:07.663+0000] {dag.py:3239} INFO - Sync 1 DAGs
[2024-11-11T06:52:07.699+0000] {logging_mixin.py:190} INFO - [2024-11-11T06:52:07.698+0000] {dag.py:4180} INFO - Setting next_dagrun for example_display_name to None, run_after=None
[2024-11-11T06:52:07.750+0000] {processor.py:208} INFO - Processing /home/airflow/.local/lib/python3.12/site-packages/airflow/example_dags/example_display_name.py took 0.178 seconds
[2024-11-11T06:52:38.721+0000] {processor.py:186} INFO - Started process (PID=4636) to work on /home/airflow/.local/lib/python3.12/site-packages/airflow/example_dags/example_display_name.py
[2024-11-11T06:52:38.722+0000] {processor.py:914} INFO - Processing file /home/airflow/.local/lib/python3.12/site-packages/airflow/example_dags/example_display_name.py for tasks to queue
[2024-11-11T06:52:38.725+0000] {logging_mixin.py:190} INFO - [2024-11-11T06:52:38.724+0000] {dagbag.py:588} INFO - Filling up the DagBag from /home/airflow/.local/lib/python3.12/site-packages/airflow/example_dags/example_display_name.py
[2024-11-11T06:52:38.734+0000] {processor.py:925} INFO - DAG(s) 'example_display_name' retrieved from /home/airflow/.local/lib/python3.12/site-packages/airflow/example_dags/example_display_name.py
[2024-11-11T06:52:38.756+0000] {logging_mixin.py:190} INFO - [2024-11-11T06:52:38.756+0000] {dag.py:3239} INFO - Sync 1 DAGs
[2024-11-11T06:52:38.773+0000] {logging_mixin.py:190} INFO - [2024-11-11T06:52:38.773+0000] {dag.py:4180} INFO - Setting next_dagrun for example_display_name to None, run_after=None
[2024-11-11T06:52:38.798+0000] {processor.py:208} INFO - Processing /home/airflow/.local/lib/python3.12/site-packages/airflow/example_dags/example_display_name.py took 0.085 seconds
