[2024-11-11T06:44:39.386+0000] {processor.py:186} INFO - Started process (PID=439) to work on /home/airflow/.local/lib/python3.12/site-packages/airflow/example_dags/example_xcomargs.py
[2024-11-11T06:44:39.389+0000] {processor.py:914} INFO - Processing file /home/airflow/.local/lib/python3.12/site-packages/airflow/example_dags/example_xcomargs.py for tasks to queue
[2024-11-11T06:44:39.401+0000] {logging_mixin.py:190} INFO - [2024-11-11T06:44:39.399+0000] {dagbag.py:588} INFO - Filling up the DagBag from /home/airflow/.local/lib/python3.12/site-packages/airflow/example_dags/example_xcomargs.py
[2024-11-11T06:44:39.438+0000] {processor.py:925} INFO - DAG(s) 'example_xcom_args_with_operators', 'example_xcom_args' retrieved from /home/airflow/.local/lib/python3.12/site-packages/airflow/example_dags/example_xcomargs.py
[2024-11-11T06:44:39.789+0000] {logging_mixin.py:190} INFO - [2024-11-11T06:44:39.788+0000] {override.py:1911} INFO - Created Permission View: can delete on DAG:example_xcom_args_with_operators
[2024-11-11T06:44:39.818+0000] {logging_mixin.py:190} INFO - [2024-11-11T06:44:39.817+0000] {override.py:1911} INFO - Created Permission View: can edit on DAG:example_xcom_args_with_operators
[2024-11-11T06:44:39.835+0000] {logging_mixin.py:190} INFO - [2024-11-11T06:44:39.832+0000] {override.py:1911} INFO - Created Permission View: can read on DAG:example_xcom_args_with_operators
[2024-11-11T06:44:39.856+0000] {logging_mixin.py:190} INFO - [2024-11-11T06:44:39.852+0000] {override.py:1911} INFO - Created Permission View: menu access on DAG Run:example_xcom_args_with_operators
[2024-11-11T06:44:39.870+0000] {logging_mixin.py:190} INFO - [2024-11-11T06:44:39.870+0000] {override.py:1911} INFO - Created Permission View: can delete on DAG Run:example_xcom_args_with_operators
[2024-11-11T06:44:39.889+0000] {logging_mixin.py:190} INFO - [2024-11-11T06:44:39.889+0000] {override.py:1911} INFO - Created Permission View: can create on DAG Run:example_xcom_args_with_operators
[2024-11-11T06:44:39.902+0000] {logging_mixin.py:190} INFO - [2024-11-11T06:44:39.902+0000] {override.py:1911} INFO - Created Permission View: can read on DAG Run:example_xcom_args_with_operators
[2024-11-11T06:44:39.924+0000] {logging_mixin.py:190} INFO - [2024-11-11T06:44:39.923+0000] {override.py:1911} INFO - Created Permission View: can delete on DAG:example_xcom_args
[2024-11-11T06:44:39.934+0000] {logging_mixin.py:190} INFO - [2024-11-11T06:44:39.933+0000] {override.py:1911} INFO - Created Permission View: can edit on DAG:example_xcom_args
[2024-11-11T06:44:39.943+0000] {logging_mixin.py:190} INFO - [2024-11-11T06:44:39.943+0000] {override.py:1911} INFO - Created Permission View: can read on DAG:example_xcom_args
[2024-11-11T06:44:39.955+0000] {logging_mixin.py:190} INFO - [2024-11-11T06:44:39.954+0000] {override.py:1911} INFO - Created Permission View: menu access on DAG Run:example_xcom_args
[2024-11-11T06:44:39.966+0000] {logging_mixin.py:190} INFO - [2024-11-11T06:44:39.966+0000] {override.py:1911} INFO - Created Permission View: can delete on DAG Run:example_xcom_args
[2024-11-11T06:44:39.978+0000] {logging_mixin.py:190} INFO - [2024-11-11T06:44:39.977+0000] {override.py:1911} INFO - Created Permission View: can create on DAG Run:example_xcom_args
[2024-11-11T06:44:39.990+0000] {logging_mixin.py:190} INFO - [2024-11-11T06:44:39.989+0000] {override.py:1911} INFO - Created Permission View: can read on DAG Run:example_xcom_args
[2024-11-11T06:44:39.991+0000] {logging_mixin.py:190} INFO - [2024-11-11T06:44:39.991+0000] {dag.py:3239} INFO - Sync 2 DAGs
[2024-11-11T06:44:40.026+0000] {logging_mixin.py:190} INFO - [2024-11-11T06:44:40.025+0000] {dag.py:3262} INFO - Creating ORM DAG for example_xcom_args_with_operators
[2024-11-11T06:44:40.028+0000] {logging_mixin.py:190} INFO - [2024-11-11T06:44:40.027+0000] {dag.py:3262} INFO - Creating ORM DAG for example_xcom_args
[2024-11-11T06:44:40.029+0000] {logging_mixin.py:190} INFO - [2024-11-11T06:44:40.029+0000] {dag.py:4180} INFO - Setting next_dagrun for example_xcom_args to None, run_after=None
[2024-11-11T06:44:40.031+0000] {logging_mixin.py:190} INFO - [2024-11-11T06:44:40.031+0000] {dag.py:4180} INFO - Setting next_dagrun for example_xcom_args_with_operators to None, run_after=None
[2024-11-11T06:44:40.077+0000] {processor.py:208} INFO - Processing /home/airflow/.local/lib/python3.12/site-packages/airflow/example_dags/example_xcomargs.py took 0.706 seconds
[2024-11-11T06:45:19.925+0000] {processor.py:186} INFO - Started process (PID=757) to work on /home/airflow/.local/lib/python3.12/site-packages/airflow/example_dags/example_xcomargs.py
[2024-11-11T06:45:19.930+0000] {processor.py:914} INFO - Processing file /home/airflow/.local/lib/python3.12/site-packages/airflow/example_dags/example_xcomargs.py for tasks to queue
[2024-11-11T06:45:19.937+0000] {logging_mixin.py:190} INFO - [2024-11-11T06:45:19.936+0000] {dagbag.py:588} INFO - Filling up the DagBag from /home/airflow/.local/lib/python3.12/site-packages/airflow/example_dags/example_xcomargs.py
[2024-11-11T06:45:19.974+0000] {processor.py:925} INFO - DAG(s) 'example_xcom_args', 'example_xcom_args_with_operators' retrieved from /home/airflow/.local/lib/python3.12/site-packages/airflow/example_dags/example_xcomargs.py
[2024-11-11T06:45:20.034+0000] {logging_mixin.py:190} INFO - [2024-11-11T06:45:20.034+0000] {dag.py:3239} INFO - Sync 2 DAGs
[2024-11-11T06:45:20.083+0000] {logging_mixin.py:190} INFO - [2024-11-11T06:45:20.081+0000] {dag.py:4180} INFO - Setting next_dagrun for example_xcom_args to None, run_after=None
[2024-11-11T06:45:20.093+0000] {logging_mixin.py:190} INFO - [2024-11-11T06:45:20.092+0000] {dag.py:4180} INFO - Setting next_dagrun for example_xcom_args_with_operators to None, run_after=None
[2024-11-11T06:45:20.167+0000] {processor.py:208} INFO - Processing /home/airflow/.local/lib/python3.12/site-packages/airflow/example_dags/example_xcomargs.py took 0.258 seconds
[2024-11-11T06:46:03.664+0000] {processor.py:186} INFO - Started process (PID=1048) to work on /home/airflow/.local/lib/python3.12/site-packages/airflow/example_dags/example_xcomargs.py
[2024-11-11T06:46:03.668+0000] {processor.py:914} INFO - Processing file /home/airflow/.local/lib/python3.12/site-packages/airflow/example_dags/example_xcomargs.py for tasks to queue
[2024-11-11T06:46:03.680+0000] {logging_mixin.py:190} INFO - [2024-11-11T06:46:03.679+0000] {dagbag.py:588} INFO - Filling up the DagBag from /home/airflow/.local/lib/python3.12/site-packages/airflow/example_dags/example_xcomargs.py
[2024-11-11T06:46:03.722+0000] {processor.py:925} INFO - DAG(s) 'example_xcom_args_with_operators', 'example_xcom_args' retrieved from /home/airflow/.local/lib/python3.12/site-packages/airflow/example_dags/example_xcomargs.py
[2024-11-11T06:46:03.800+0000] {logging_mixin.py:190} INFO - [2024-11-11T06:46:03.800+0000] {dag.py:3239} INFO - Sync 2 DAGs
[2024-11-11T06:46:03.876+0000] {logging_mixin.py:190} INFO - [2024-11-11T06:46:03.876+0000] {dag.py:4180} INFO - Setting next_dagrun for example_xcom_args to None, run_after=None
[2024-11-11T06:46:03.888+0000] {logging_mixin.py:190} INFO - [2024-11-11T06:46:03.888+0000] {dag.py:4180} INFO - Setting next_dagrun for example_xcom_args_with_operators to None, run_after=None
[2024-11-11T06:46:03.932+0000] {processor.py:208} INFO - Processing /home/airflow/.local/lib/python3.12/site-packages/airflow/example_dags/example_xcomargs.py took 0.290 seconds
[2024-11-11T06:46:34.300+0000] {processor.py:186} INFO - Started process (PID=1337) to work on /home/airflow/.local/lib/python3.12/site-packages/airflow/example_dags/example_xcomargs.py
[2024-11-11T06:46:34.303+0000] {processor.py:914} INFO - Processing file /home/airflow/.local/lib/python3.12/site-packages/airflow/example_dags/example_xcomargs.py for tasks to queue
[2024-11-11T06:46:34.309+0000] {logging_mixin.py:190} INFO - [2024-11-11T06:46:34.308+0000] {dagbag.py:588} INFO - Filling up the DagBag from /home/airflow/.local/lib/python3.12/site-packages/airflow/example_dags/example_xcomargs.py
[2024-11-11T06:46:34.345+0000] {processor.py:925} INFO - DAG(s) 'example_xcom_args_with_operators', 'example_xcom_args' retrieved from /home/airflow/.local/lib/python3.12/site-packages/airflow/example_dags/example_xcomargs.py
[2024-11-11T06:46:34.427+0000] {logging_mixin.py:190} INFO - [2024-11-11T06:46:34.426+0000] {dag.py:3239} INFO - Sync 2 DAGs
[2024-11-11T06:46:34.490+0000] {logging_mixin.py:190} INFO - [2024-11-11T06:46:34.489+0000] {dag.py:4180} INFO - Setting next_dagrun for example_xcom_args to None, run_after=None
[2024-11-11T06:46:34.504+0000] {logging_mixin.py:190} INFO - [2024-11-11T06:46:34.504+0000] {dag.py:4180} INFO - Setting next_dagrun for example_xcom_args_with_operators to None, run_after=None
[2024-11-11T06:46:34.560+0000] {processor.py:208} INFO - Processing /home/airflow/.local/lib/python3.12/site-packages/airflow/example_dags/example_xcomargs.py took 0.276 seconds
[2024-11-11T06:47:04.851+0000] {processor.py:186} INFO - Started process (PID=1630) to work on /home/airflow/.local/lib/python3.12/site-packages/airflow/example_dags/example_xcomargs.py
[2024-11-11T06:47:04.853+0000] {processor.py:914} INFO - Processing file /home/airflow/.local/lib/python3.12/site-packages/airflow/example_dags/example_xcomargs.py for tasks to queue
[2024-11-11T06:47:04.859+0000] {logging_mixin.py:190} INFO - [2024-11-11T06:47:04.859+0000] {dagbag.py:588} INFO - Filling up the DagBag from /home/airflow/.local/lib/python3.12/site-packages/airflow/example_dags/example_xcomargs.py
[2024-11-11T06:47:04.883+0000] {processor.py:925} INFO - DAG(s) 'example_xcom_args_with_operators', 'example_xcom_args' retrieved from /home/airflow/.local/lib/python3.12/site-packages/airflow/example_dags/example_xcomargs.py
[2024-11-11T06:47:04.934+0000] {logging_mixin.py:190} INFO - [2024-11-11T06:47:04.933+0000] {dag.py:3239} INFO - Sync 2 DAGs
[2024-11-11T06:47:04.968+0000] {logging_mixin.py:190} INFO - [2024-11-11T06:47:04.967+0000] {dag.py:4180} INFO - Setting next_dagrun for example_xcom_args to None, run_after=None
[2024-11-11T06:47:04.976+0000] {logging_mixin.py:190} INFO - [2024-11-11T06:47:04.976+0000] {dag.py:4180} INFO - Setting next_dagrun for example_xcom_args_with_operators to None, run_after=None
[2024-11-11T06:47:05.027+0000] {processor.py:208} INFO - Processing /home/airflow/.local/lib/python3.12/site-packages/airflow/example_dags/example_xcomargs.py took 0.188 seconds
[2024-11-11T06:47:35.616+0000] {processor.py:186} INFO - Started process (PID=1919) to work on /home/airflow/.local/lib/python3.12/site-packages/airflow/example_dags/example_xcomargs.py
[2024-11-11T06:47:35.617+0000] {processor.py:914} INFO - Processing file /home/airflow/.local/lib/python3.12/site-packages/airflow/example_dags/example_xcomargs.py for tasks to queue
[2024-11-11T06:47:35.621+0000] {logging_mixin.py:190} INFO - [2024-11-11T06:47:35.621+0000] {dagbag.py:588} INFO - Filling up the DagBag from /home/airflow/.local/lib/python3.12/site-packages/airflow/example_dags/example_xcomargs.py
[2024-11-11T06:47:35.642+0000] {processor.py:925} INFO - DAG(s) 'example_xcom_args', 'example_xcom_args_with_operators' retrieved from /home/airflow/.local/lib/python3.12/site-packages/airflow/example_dags/example_xcomargs.py
[2024-11-11T06:47:35.689+0000] {logging_mixin.py:190} INFO - [2024-11-11T06:47:35.688+0000] {dag.py:3239} INFO - Sync 2 DAGs
[2024-11-11T06:47:35.718+0000] {logging_mixin.py:190} INFO - [2024-11-11T06:47:35.718+0000] {dag.py:4180} INFO - Setting next_dagrun for example_xcom_args to None, run_after=None
[2024-11-11T06:47:35.727+0000] {logging_mixin.py:190} INFO - [2024-11-11T06:47:35.727+0000] {dag.py:4180} INFO - Setting next_dagrun for example_xcom_args_with_operators to None, run_after=None
[2024-11-11T06:47:35.770+0000] {processor.py:208} INFO - Processing /home/airflow/.local/lib/python3.12/site-packages/airflow/example_dags/example_xcomargs.py took 0.167 seconds
[2024-11-11T06:48:06.910+0000] {processor.py:186} INFO - Started process (PID=2210) to work on /home/airflow/.local/lib/python3.12/site-packages/airflow/example_dags/example_xcomargs.py
[2024-11-11T06:48:06.919+0000] {processor.py:914} INFO - Processing file /home/airflow/.local/lib/python3.12/site-packages/airflow/example_dags/example_xcomargs.py for tasks to queue
[2024-11-11T06:48:06.925+0000] {logging_mixin.py:190} INFO - [2024-11-11T06:48:06.924+0000] {dagbag.py:588} INFO - Filling up the DagBag from /home/airflow/.local/lib/python3.12/site-packages/airflow/example_dags/example_xcomargs.py
[2024-11-11T06:48:06.961+0000] {processor.py:925} INFO - DAG(s) 'example_xcom_args', 'example_xcom_args_with_operators' retrieved from /home/airflow/.local/lib/python3.12/site-packages/airflow/example_dags/example_xcomargs.py
[2024-11-11T06:48:07.013+0000] {logging_mixin.py:190} INFO - [2024-11-11T06:48:07.013+0000] {dag.py:3239} INFO - Sync 2 DAGs
[2024-11-11T06:48:07.051+0000] {logging_mixin.py:190} INFO - [2024-11-11T06:48:07.051+0000] {dag.py:4180} INFO - Setting next_dagrun for example_xcom_args to None, run_after=None
[2024-11-11T06:48:07.059+0000] {logging_mixin.py:190} INFO - [2024-11-11T06:48:07.058+0000] {dag.py:4180} INFO - Setting next_dagrun for example_xcom_args_with_operators to None, run_after=None
[2024-11-11T06:48:07.094+0000] {processor.py:208} INFO - Processing /home/airflow/.local/lib/python3.12/site-packages/airflow/example_dags/example_xcomargs.py took 0.200 seconds
[2024-11-11T06:48:37.591+0000] {processor.py:186} INFO - Started process (PID=2508) to work on /home/airflow/.local/lib/python3.12/site-packages/airflow/example_dags/example_xcomargs.py
[2024-11-11T06:48:37.593+0000] {processor.py:914} INFO - Processing file /home/airflow/.local/lib/python3.12/site-packages/airflow/example_dags/example_xcomargs.py for tasks to queue
[2024-11-11T06:48:37.598+0000] {logging_mixin.py:190} INFO - [2024-11-11T06:48:37.597+0000] {dagbag.py:588} INFO - Filling up the DagBag from /home/airflow/.local/lib/python3.12/site-packages/airflow/example_dags/example_xcomargs.py
[2024-11-11T06:48:37.617+0000] {processor.py:925} INFO - DAG(s) 'example_xcom_args_with_operators', 'example_xcom_args' retrieved from /home/airflow/.local/lib/python3.12/site-packages/airflow/example_dags/example_xcomargs.py
[2024-11-11T06:48:37.666+0000] {logging_mixin.py:190} INFO - [2024-11-11T06:48:37.666+0000] {dag.py:3239} INFO - Sync 2 DAGs
[2024-11-11T06:48:37.693+0000] {logging_mixin.py:190} INFO - [2024-11-11T06:48:37.693+0000] {dag.py:4180} INFO - Setting next_dagrun for example_xcom_args to None, run_after=None
[2024-11-11T06:48:37.700+0000] {logging_mixin.py:190} INFO - [2024-11-11T06:48:37.700+0000] {dag.py:4180} INFO - Setting next_dagrun for example_xcom_args_with_operators to None, run_after=None
[2024-11-11T06:48:37.746+0000] {processor.py:208} INFO - Processing /home/airflow/.local/lib/python3.12/site-packages/airflow/example_dags/example_xcomargs.py took 0.167 seconds
[2024-11-11T06:49:09.282+0000] {processor.py:186} INFO - Started process (PID=2792) to work on /home/airflow/.local/lib/python3.12/site-packages/airflow/example_dags/example_xcomargs.py
[2024-11-11T06:49:09.286+0000] {processor.py:914} INFO - Processing file /home/airflow/.local/lib/python3.12/site-packages/airflow/example_dags/example_xcomargs.py for tasks to queue
[2024-11-11T06:49:09.290+0000] {logging_mixin.py:190} INFO - [2024-11-11T06:49:09.289+0000] {dagbag.py:588} INFO - Filling up the DagBag from /home/airflow/.local/lib/python3.12/site-packages/airflow/example_dags/example_xcomargs.py
[2024-11-11T06:49:09.320+0000] {processor.py:925} INFO - DAG(s) 'example_xcom_args', 'example_xcom_args_with_operators' retrieved from /home/airflow/.local/lib/python3.12/site-packages/airflow/example_dags/example_xcomargs.py
[2024-11-11T06:49:09.379+0000] {logging_mixin.py:190} INFO - [2024-11-11T06:49:09.378+0000] {dag.py:3239} INFO - Sync 2 DAGs
[2024-11-11T06:49:09.407+0000] {logging_mixin.py:190} INFO - [2024-11-11T06:49:09.406+0000] {dag.py:4180} INFO - Setting next_dagrun for example_xcom_args to None, run_after=None
[2024-11-11T06:49:09.415+0000] {logging_mixin.py:190} INFO - [2024-11-11T06:49:09.415+0000] {dag.py:4180} INFO - Setting next_dagrun for example_xcom_args_with_operators to None, run_after=None
[2024-11-11T06:49:09.449+0000] {processor.py:208} INFO - Processing /home/airflow/.local/lib/python3.12/site-packages/airflow/example_dags/example_xcomargs.py took 0.177 seconds
[2024-11-11T06:49:40.873+0000] {processor.py:186} INFO - Started process (PID=3083) to work on /home/airflow/.local/lib/python3.12/site-packages/airflow/example_dags/example_xcomargs.py
[2024-11-11T06:49:40.874+0000] {processor.py:914} INFO - Processing file /home/airflow/.local/lib/python3.12/site-packages/airflow/example_dags/example_xcomargs.py for tasks to queue
[2024-11-11T06:49:40.879+0000] {logging_mixin.py:190} INFO - [2024-11-11T06:49:40.879+0000] {dagbag.py:588} INFO - Filling up the DagBag from /home/airflow/.local/lib/python3.12/site-packages/airflow/example_dags/example_xcomargs.py
[2024-11-11T06:49:40.903+0000] {processor.py:925} INFO - DAG(s) 'example_xcom_args_with_operators', 'example_xcom_args' retrieved from /home/airflow/.local/lib/python3.12/site-packages/airflow/example_dags/example_xcomargs.py
[2024-11-11T06:49:40.946+0000] {logging_mixin.py:190} INFO - [2024-11-11T06:49:40.946+0000] {dag.py:3239} INFO - Sync 2 DAGs
[2024-11-11T06:49:40.975+0000] {logging_mixin.py:190} INFO - [2024-11-11T06:49:40.974+0000] {dag.py:4180} INFO - Setting next_dagrun for example_xcom_args to None, run_after=None
[2024-11-11T06:49:40.983+0000] {logging_mixin.py:190} INFO - [2024-11-11T06:49:40.983+0000] {dag.py:4180} INFO - Setting next_dagrun for example_xcom_args_with_operators to None, run_after=None
[2024-11-11T06:49:41.015+0000] {processor.py:208} INFO - Processing /home/airflow/.local/lib/python3.12/site-packages/airflow/example_dags/example_xcomargs.py took 0.153 seconds
[2024-11-11T06:50:12.052+0000] {processor.py:186} INFO - Started process (PID=3374) to work on /home/airflow/.local/lib/python3.12/site-packages/airflow/example_dags/example_xcomargs.py
[2024-11-11T06:50:12.054+0000] {processor.py:914} INFO - Processing file /home/airflow/.local/lib/python3.12/site-packages/airflow/example_dags/example_xcomargs.py for tasks to queue
[2024-11-11T06:50:12.057+0000] {logging_mixin.py:190} INFO - [2024-11-11T06:50:12.056+0000] {dagbag.py:588} INFO - Filling up the DagBag from /home/airflow/.local/lib/python3.12/site-packages/airflow/example_dags/example_xcomargs.py
[2024-11-11T06:50:12.075+0000] {processor.py:925} INFO - DAG(s) 'example_xcom_args_with_operators', 'example_xcom_args' retrieved from /home/airflow/.local/lib/python3.12/site-packages/airflow/example_dags/example_xcomargs.py
[2024-11-11T06:50:12.111+0000] {logging_mixin.py:190} INFO - [2024-11-11T06:50:12.111+0000] {dag.py:3239} INFO - Sync 2 DAGs
[2024-11-11T06:50:12.140+0000] {logging_mixin.py:190} INFO - [2024-11-11T06:50:12.139+0000] {dag.py:4180} INFO - Setting next_dagrun for example_xcom_args to None, run_after=None
[2024-11-11T06:50:12.146+0000] {logging_mixin.py:190} INFO - [2024-11-11T06:50:12.145+0000] {dag.py:4180} INFO - Setting next_dagrun for example_xcom_args_with_operators to None, run_after=None
[2024-11-11T06:50:12.175+0000] {processor.py:208} INFO - Processing /home/airflow/.local/lib/python3.12/site-packages/airflow/example_dags/example_xcomargs.py took 0.135 seconds
[2024-11-11T06:50:44.860+0000] {processor.py:186} INFO - Started process (PID=3665) to work on /home/airflow/.local/lib/python3.12/site-packages/airflow/example_dags/example_xcomargs.py
[2024-11-11T06:50:44.862+0000] {processor.py:914} INFO - Processing file /home/airflow/.local/lib/python3.12/site-packages/airflow/example_dags/example_xcomargs.py for tasks to queue
[2024-11-11T06:50:44.866+0000] {logging_mixin.py:190} INFO - [2024-11-11T06:50:44.866+0000] {dagbag.py:588} INFO - Filling up the DagBag from /home/airflow/.local/lib/python3.12/site-packages/airflow/example_dags/example_xcomargs.py
[2024-11-11T06:50:44.889+0000] {processor.py:925} INFO - DAG(s) 'example_xcom_args', 'example_xcom_args_with_operators' retrieved from /home/airflow/.local/lib/python3.12/site-packages/airflow/example_dags/example_xcomargs.py
[2024-11-11T06:50:44.932+0000] {logging_mixin.py:190} INFO - [2024-11-11T06:50:44.932+0000] {dag.py:3239} INFO - Sync 2 DAGs
[2024-11-11T06:50:44.966+0000] {logging_mixin.py:190} INFO - [2024-11-11T06:50:44.965+0000] {dag.py:4180} INFO - Setting next_dagrun for example_xcom_args to None, run_after=None
[2024-11-11T06:50:44.977+0000] {logging_mixin.py:190} INFO - [2024-11-11T06:50:44.977+0000] {dag.py:4180} INFO - Setting next_dagrun for example_xcom_args_with_operators to None, run_after=None
[2024-11-11T06:50:45.022+0000] {processor.py:208} INFO - Processing /home/airflow/.local/lib/python3.12/site-packages/airflow/example_dags/example_xcomargs.py took 0.174 seconds
[2024-11-11T06:51:16.275+0000] {processor.py:186} INFO - Started process (PID=3956) to work on /home/airflow/.local/lib/python3.12/site-packages/airflow/example_dags/example_xcomargs.py
[2024-11-11T06:51:16.278+0000] {processor.py:914} INFO - Processing file /home/airflow/.local/lib/python3.12/site-packages/airflow/example_dags/example_xcomargs.py for tasks to queue
[2024-11-11T06:51:16.283+0000] {logging_mixin.py:190} INFO - [2024-11-11T06:51:16.282+0000] {dagbag.py:588} INFO - Filling up the DagBag from /home/airflow/.local/lib/python3.12/site-packages/airflow/example_dags/example_xcomargs.py
[2024-11-11T06:51:16.313+0000] {processor.py:925} INFO - DAG(s) 'example_xcom_args_with_operators', 'example_xcom_args' retrieved from /home/airflow/.local/lib/python3.12/site-packages/airflow/example_dags/example_xcomargs.py
[2024-11-11T06:51:16.362+0000] {logging_mixin.py:190} INFO - [2024-11-11T06:51:16.362+0000] {dag.py:3239} INFO - Sync 2 DAGs
[2024-11-11T06:51:16.401+0000] {logging_mixin.py:190} INFO - [2024-11-11T06:51:16.401+0000] {dag.py:4180} INFO - Setting next_dagrun for example_xcom_args to None, run_after=None
[2024-11-11T06:51:16.408+0000] {logging_mixin.py:190} INFO - [2024-11-11T06:51:16.408+0000] {dag.py:4180} INFO - Setting next_dagrun for example_xcom_args_with_operators to None, run_after=None
[2024-11-11T06:51:16.450+0000] {processor.py:208} INFO - Processing /home/airflow/.local/lib/python3.12/site-packages/airflow/example_dags/example_xcomargs.py took 0.187 seconds
[2024-11-11T06:51:47.724+0000] {processor.py:186} INFO - Started process (PID=4247) to work on /home/airflow/.local/lib/python3.12/site-packages/airflow/example_dags/example_xcomargs.py
[2024-11-11T06:51:47.726+0000] {processor.py:914} INFO - Processing file /home/airflow/.local/lib/python3.12/site-packages/airflow/example_dags/example_xcomargs.py for tasks to queue
[2024-11-11T06:51:47.731+0000] {logging_mixin.py:190} INFO - [2024-11-11T06:51:47.731+0000] {dagbag.py:588} INFO - Filling up the DagBag from /home/airflow/.local/lib/python3.12/site-packages/airflow/example_dags/example_xcomargs.py
[2024-11-11T06:51:47.748+0000] {processor.py:925} INFO - DAG(s) 'example_xcom_args', 'example_xcom_args_with_operators' retrieved from /home/airflow/.local/lib/python3.12/site-packages/airflow/example_dags/example_xcomargs.py
[2024-11-11T06:51:47.794+0000] {logging_mixin.py:190} INFO - [2024-11-11T06:51:47.794+0000] {dag.py:3239} INFO - Sync 2 DAGs
[2024-11-11T06:51:47.819+0000] {logging_mixin.py:190} INFO - [2024-11-11T06:51:47.819+0000] {dag.py:4180} INFO - Setting next_dagrun for example_xcom_args to None, run_after=None
[2024-11-11T06:51:47.829+0000] {logging_mixin.py:190} INFO - [2024-11-11T06:51:47.828+0000] {dag.py:4180} INFO - Setting next_dagrun for example_xcom_args_with_operators to None, run_after=None
[2024-11-11T06:51:47.861+0000] {processor.py:208} INFO - Processing /home/airflow/.local/lib/python3.12/site-packages/airflow/example_dags/example_xcomargs.py took 0.150 seconds
[2024-11-11T06:52:19.287+0000] {processor.py:186} INFO - Started process (PID=4538) to work on /home/airflow/.local/lib/python3.12/site-packages/airflow/example_dags/example_xcomargs.py
[2024-11-11T06:52:19.289+0000] {processor.py:914} INFO - Processing file /home/airflow/.local/lib/python3.12/site-packages/airflow/example_dags/example_xcomargs.py for tasks to queue
[2024-11-11T06:52:19.297+0000] {logging_mixin.py:190} INFO - [2024-11-11T06:52:19.296+0000] {dagbag.py:588} INFO - Filling up the DagBag from /home/airflow/.local/lib/python3.12/site-packages/airflow/example_dags/example_xcomargs.py
[2024-11-11T06:52:19.318+0000] {processor.py:925} INFO - DAG(s) 'example_xcom_args_with_operators', 'example_xcom_args' retrieved from /home/airflow/.local/lib/python3.12/site-packages/airflow/example_dags/example_xcomargs.py
[2024-11-11T06:52:19.366+0000] {logging_mixin.py:190} INFO - [2024-11-11T06:52:19.366+0000] {dag.py:3239} INFO - Sync 2 DAGs
[2024-11-11T06:52:19.398+0000] {logging_mixin.py:190} INFO - [2024-11-11T06:52:19.398+0000] {dag.py:4180} INFO - Setting next_dagrun for example_xcom_args to None, run_after=None
[2024-11-11T06:52:19.405+0000] {logging_mixin.py:190} INFO - [2024-11-11T06:52:19.404+0000] {dag.py:4180} INFO - Setting next_dagrun for example_xcom_args_with_operators to None, run_after=None
[2024-11-11T06:52:19.446+0000] {processor.py:208} INFO - Processing /home/airflow/.local/lib/python3.12/site-packages/airflow/example_dags/example_xcomargs.py took 0.170 seconds
