[2024-11-11T06:44:00.711+0000] {processor.py:186} INFO - Started process (PID=207) to work on /home/airflow/.local/lib/python3.12/site-packages/airflow/example_dags/example_inlet_event_extra.py
[2024-11-11T06:44:00.713+0000] {processor.py:914} INFO - Processing file /home/airflow/.local/lib/python3.12/site-packages/airflow/example_dags/example_inlet_event_extra.py for tasks to queue
[2024-11-11T06:44:00.719+0000] {logging_mixin.py:190} INFO - [2024-11-11T06:44:00.718+0000] {dagbag.py:588} INFO - Filling up the DagBag from /home/airflow/.local/lib/python3.12/site-packages/airflow/example_dags/example_inlet_event_extra.py
[2024-11-11T06:44:17.984+0000] {processor.py:925} INFO - DAG(s) 'read_dataset_event_from_classic', 'read_dataset_event' retrieved from /home/airflow/.local/lib/python3.12/site-packages/airflow/example_dags/example_inlet_event_extra.py
[2024-11-11T06:44:18.502+0000] {logging_mixin.py:190} INFO - [2024-11-11T06:44:18.500+0000] {override.py:1911} INFO - Created Permission View: can delete on DAG:read_dataset_event_from_classic
[2024-11-11T06:44:18.540+0000] {logging_mixin.py:190} INFO - [2024-11-11T06:44:18.538+0000] {override.py:1911} INFO - Created Permission View: can edit on DAG:read_dataset_event_from_classic
[2024-11-11T06:44:18.564+0000] {logging_mixin.py:190} INFO - [2024-11-11T06:44:18.563+0000] {override.py:1911} INFO - Created Permission View: can read on DAG:read_dataset_event_from_classic
[2024-11-11T06:44:18.587+0000] {logging_mixin.py:190} INFO - [2024-11-11T06:44:18.585+0000] {override.py:1911} INFO - Created Permission View: menu access on DAG Run:read_dataset_event_from_classic
[2024-11-11T06:44:18.608+0000] {logging_mixin.py:190} INFO - [2024-11-11T06:44:18.607+0000] {override.py:1911} INFO - Created Permission View: can delete on DAG Run:read_dataset_event_from_classic
[2024-11-11T06:44:18.628+0000] {logging_mixin.py:190} INFO - [2024-11-11T06:44:18.628+0000] {override.py:1911} INFO - Created Permission View: can create on DAG Run:read_dataset_event_from_classic
[2024-11-11T06:44:18.652+0000] {logging_mixin.py:190} INFO - [2024-11-11T06:44:18.651+0000] {override.py:1911} INFO - Created Permission View: can read on DAG Run:read_dataset_event_from_classic
[2024-11-11T06:44:18.694+0000] {logging_mixin.py:190} INFO - [2024-11-11T06:44:18.693+0000] {override.py:1911} INFO - Created Permission View: can delete on DAG:read_dataset_event
[2024-11-11T06:44:18.726+0000] {logging_mixin.py:190} INFO - [2024-11-11T06:44:18.725+0000] {override.py:1911} INFO - Created Permission View: can edit on DAG:read_dataset_event
[2024-11-11T06:44:18.751+0000] {logging_mixin.py:190} INFO - [2024-11-11T06:44:18.750+0000] {override.py:1911} INFO - Created Permission View: can read on DAG:read_dataset_event
[2024-11-11T06:44:18.769+0000] {logging_mixin.py:190} INFO - [2024-11-11T06:44:18.768+0000] {override.py:1911} INFO - Created Permission View: menu access on DAG Run:read_dataset_event
[2024-11-11T06:44:18.792+0000] {logging_mixin.py:190} INFO - [2024-11-11T06:44:18.791+0000] {override.py:1911} INFO - Created Permission View: can delete on DAG Run:read_dataset_event
[2024-11-11T06:44:18.812+0000] {logging_mixin.py:190} INFO - [2024-11-11T06:44:18.811+0000] {override.py:1911} INFO - Created Permission View: can create on DAG Run:read_dataset_event
[2024-11-11T06:44:18.829+0000] {logging_mixin.py:190} INFO - [2024-11-11T06:44:18.829+0000] {override.py:1911} INFO - Created Permission View: can read on DAG Run:read_dataset_event
[2024-11-11T06:44:18.831+0000] {logging_mixin.py:190} INFO - [2024-11-11T06:44:18.830+0000] {dag.py:3239} INFO - Sync 2 DAGs
[2024-11-11T06:44:18.889+0000] {logging_mixin.py:190} INFO - [2024-11-11T06:44:18.879+0000] {dag.py:3262} INFO - Creating ORM DAG for read_dataset_event_from_classic
[2024-11-11T06:44:18.902+0000] {logging_mixin.py:190} INFO - [2024-11-11T06:44:18.902+0000] {dag.py:3262} INFO - Creating ORM DAG for read_dataset_event
[2024-11-11T06:44:19.028+0000] {logging_mixin.py:190} INFO - [2024-11-11T06:44:19.027+0000] {dag.py:4180} INFO - Setting next_dagrun for read_dataset_event to 2024-11-10 00:00:00+00:00, run_after=2024-11-11 00:00:00+00:00
[2024-11-11T06:44:19.039+0000] {logging_mixin.py:190} INFO - [2024-11-11T06:44:19.039+0000] {dag.py:4180} INFO - Setting next_dagrun for read_dataset_event_from_classic to 2024-11-10 00:00:00+00:00, run_after=2024-11-11 00:00:00+00:00
[2024-11-11T06:44:19.100+0000] {processor.py:208} INFO - Processing /home/airflow/.local/lib/python3.12/site-packages/airflow/example_dags/example_inlet_event_extra.py took 16.901 seconds
[2024-11-11T06:44:50.384+0000] {processor.py:186} INFO - Started process (PID=499) to work on /home/airflow/.local/lib/python3.12/site-packages/airflow/example_dags/example_inlet_event_extra.py
[2024-11-11T06:44:50.412+0000] {processor.py:914} INFO - Processing file /home/airflow/.local/lib/python3.12/site-packages/airflow/example_dags/example_inlet_event_extra.py for tasks to queue
[2024-11-11T06:44:50.453+0000] {logging_mixin.py:190} INFO - [2024-11-11T06:44:50.449+0000] {dagbag.py:588} INFO - Filling up the DagBag from /home/airflow/.local/lib/python3.12/site-packages/airflow/example_dags/example_inlet_event_extra.py
[2024-11-11T06:45:02.211+0000] {processor.py:925} INFO - DAG(s) 'read_dataset_event_from_classic', 'read_dataset_event' retrieved from /home/airflow/.local/lib/python3.12/site-packages/airflow/example_dags/example_inlet_event_extra.py
[2024-11-11T06:45:02.570+0000] {logging_mixin.py:190} INFO - [2024-11-11T06:45:02.569+0000] {dag.py:3239} INFO - Sync 2 DAGs
[2024-11-11T06:45:02.873+0000] {logging_mixin.py:190} INFO - [2024-11-11T06:45:02.872+0000] {dag.py:4180} INFO - Setting next_dagrun for read_dataset_event to 2024-11-10 00:00:00+00:00, run_after=2024-11-11 00:00:00+00:00
[2024-11-11T06:45:02.890+0000] {logging_mixin.py:190} INFO - [2024-11-11T06:45:02.890+0000] {dag.py:4180} INFO - Setting next_dagrun for read_dataset_event_from_classic to 2024-11-10 00:00:00+00:00, run_after=2024-11-11 00:00:00+00:00
[2024-11-11T06:45:02.933+0000] {processor.py:208} INFO - Processing /home/airflow/.local/lib/python3.12/site-packages/airflow/example_dags/example_inlet_event_extra.py took 12.998 seconds
[2024-11-11T06:45:33.356+0000] {processor.py:186} INFO - Started process (PID=790) to work on /home/airflow/.local/lib/python3.12/site-packages/airflow/example_dags/example_inlet_event_extra.py
[2024-11-11T06:45:33.371+0000] {processor.py:914} INFO - Processing file /home/airflow/.local/lib/python3.12/site-packages/airflow/example_dags/example_inlet_event_extra.py for tasks to queue
[2024-11-11T06:45:33.391+0000] {logging_mixin.py:190} INFO - [2024-11-11T06:45:33.390+0000] {dagbag.py:588} INFO - Filling up the DagBag from /home/airflow/.local/lib/python3.12/site-packages/airflow/example_dags/example_inlet_event_extra.py
[2024-11-11T06:45:41.956+0000] {processor.py:925} INFO - DAG(s) 'read_dataset_event_from_classic', 'read_dataset_event' retrieved from /home/airflow/.local/lib/python3.12/site-packages/airflow/example_dags/example_inlet_event_extra.py
[2024-11-11T06:45:42.108+0000] {logging_mixin.py:190} INFO - [2024-11-11T06:45:42.107+0000] {dag.py:3239} INFO - Sync 2 DAGs
[2024-11-11T06:45:42.347+0000] {logging_mixin.py:190} INFO - [2024-11-11T06:45:42.346+0000] {dag.py:4180} INFO - Setting next_dagrun for read_dataset_event to 2024-11-10 00:00:00+00:00, run_after=2024-11-11 00:00:00+00:00
[2024-11-11T06:45:42.365+0000] {logging_mixin.py:190} INFO - [2024-11-11T06:45:42.365+0000] {dag.py:4180} INFO - Setting next_dagrun for read_dataset_event_from_classic to 2024-11-10 00:00:00+00:00, run_after=2024-11-11 00:00:00+00:00
[2024-11-11T06:45:42.548+0000] {processor.py:208} INFO - Processing /home/airflow/.local/lib/python3.12/site-packages/airflow/example_dags/example_inlet_event_extra.py took 9.238 seconds
[2024-11-11T06:46:13.466+0000] {processor.py:186} INFO - Started process (PID=1087) to work on /home/airflow/.local/lib/python3.12/site-packages/airflow/example_dags/example_inlet_event_extra.py
[2024-11-11T06:46:13.470+0000] {processor.py:914} INFO - Processing file /home/airflow/.local/lib/python3.12/site-packages/airflow/example_dags/example_inlet_event_extra.py for tasks to queue
[2024-11-11T06:46:13.480+0000] {logging_mixin.py:190} INFO - [2024-11-11T06:46:13.479+0000] {dagbag.py:588} INFO - Filling up the DagBag from /home/airflow/.local/lib/python3.12/site-packages/airflow/example_dags/example_inlet_event_extra.py
[2024-11-11T06:46:15.701+0000] {processor.py:925} INFO - DAG(s) 'read_dataset_event_from_classic', 'read_dataset_event' retrieved from /home/airflow/.local/lib/python3.12/site-packages/airflow/example_dags/example_inlet_event_extra.py
[2024-11-11T06:46:15.778+0000] {logging_mixin.py:190} INFO - [2024-11-11T06:46:15.777+0000] {dag.py:3239} INFO - Sync 2 DAGs
[2024-11-11T06:46:15.891+0000] {logging_mixin.py:190} INFO - [2024-11-11T06:46:15.889+0000] {dag.py:4180} INFO - Setting next_dagrun for read_dataset_event to 2024-11-10 00:00:00+00:00, run_after=2024-11-11 00:00:00+00:00
[2024-11-11T06:46:15.920+0000] {logging_mixin.py:190} INFO - [2024-11-11T06:46:15.918+0000] {dag.py:4180} INFO - Setting next_dagrun for read_dataset_event_from_classic to 2024-11-10 00:00:00+00:00, run_after=2024-11-11 00:00:00+00:00
[2024-11-11T06:46:15.999+0000] {processor.py:208} INFO - Processing /home/airflow/.local/lib/python3.12/site-packages/airflow/example_dags/example_inlet_event_extra.py took 2.555 seconds
[2024-11-11T06:46:46.363+0000] {processor.py:186} INFO - Started process (PID=1378) to work on /home/airflow/.local/lib/python3.12/site-packages/airflow/example_dags/example_inlet_event_extra.py
[2024-11-11T06:46:46.368+0000] {processor.py:914} INFO - Processing file /home/airflow/.local/lib/python3.12/site-packages/airflow/example_dags/example_inlet_event_extra.py for tasks to queue
[2024-11-11T06:46:46.383+0000] {logging_mixin.py:190} INFO - [2024-11-11T06:46:46.382+0000] {dagbag.py:588} INFO - Filling up the DagBag from /home/airflow/.local/lib/python3.12/site-packages/airflow/example_dags/example_inlet_event_extra.py
[2024-11-11T06:46:50.555+0000] {processor.py:925} INFO - DAG(s) 'read_dataset_event', 'read_dataset_event_from_classic' retrieved from /home/airflow/.local/lib/python3.12/site-packages/airflow/example_dags/example_inlet_event_extra.py
[2024-11-11T06:46:50.621+0000] {logging_mixin.py:190} INFO - [2024-11-11T06:46:50.621+0000] {dag.py:3239} INFO - Sync 2 DAGs
[2024-11-11T06:46:50.682+0000] {logging_mixin.py:190} INFO - [2024-11-11T06:46:50.682+0000] {dag.py:4180} INFO - Setting next_dagrun for read_dataset_event to 2024-11-10 00:00:00+00:00, run_after=2024-11-11 00:00:00+00:00
[2024-11-11T06:46:50.698+0000] {logging_mixin.py:190} INFO - [2024-11-11T06:46:50.698+0000] {dag.py:4180} INFO - Setting next_dagrun for read_dataset_event_from_classic to 2024-11-10 00:00:00+00:00, run_after=2024-11-11 00:00:00+00:00
[2024-11-11T06:46:50.744+0000] {processor.py:208} INFO - Processing /home/airflow/.local/lib/python3.12/site-packages/airflow/example_dags/example_inlet_event_extra.py took 2.887 seconds
[2024-11-11T06:47:22.316+0000] {processor.py:186} INFO - Started process (PID=1694) to work on /home/airflow/.local/lib/python3.12/site-packages/airflow/example_dags/example_inlet_event_extra.py
[2024-11-11T06:47:22.317+0000] {processor.py:914} INFO - Processing file /home/airflow/.local/lib/python3.12/site-packages/airflow/example_dags/example_inlet_event_extra.py for tasks to queue
[2024-11-11T06:47:22.320+0000] {logging_mixin.py:190} INFO - [2024-11-11T06:47:22.320+0000] {dagbag.py:588} INFO - Filling up the DagBag from /home/airflow/.local/lib/python3.12/site-packages/airflow/example_dags/example_inlet_event_extra.py
[2024-11-11T06:47:22.976+0000] {processor.py:925} INFO - DAG(s) 'read_dataset_event', 'read_dataset_event_from_classic' retrieved from /home/airflow/.local/lib/python3.12/site-packages/airflow/example_dags/example_inlet_event_extra.py
[2024-11-11T06:47:23.000+0000] {logging_mixin.py:190} INFO - [2024-11-11T06:47:23.000+0000] {dag.py:3239} INFO - Sync 2 DAGs
[2024-11-11T06:47:23.026+0000] {logging_mixin.py:190} INFO - [2024-11-11T06:47:23.026+0000] {dag.py:4180} INFO - Setting next_dagrun for read_dataset_event to 2024-11-10 00:00:00+00:00, run_after=2024-11-11 00:00:00+00:00
[2024-11-11T06:47:23.032+0000] {logging_mixin.py:190} INFO - [2024-11-11T06:47:23.032+0000] {dag.py:4180} INFO - Setting next_dagrun for read_dataset_event_from_classic to 2024-11-10 00:00:00+00:00, run_after=2024-11-11 00:00:00+00:00
[2024-11-11T06:47:23.053+0000] {processor.py:208} INFO - Processing /home/airflow/.local/lib/python3.12/site-packages/airflow/example_dags/example_inlet_event_extra.py took 0.745 seconds
[2024-11-11T06:47:55.452+0000] {processor.py:186} INFO - Started process (PID=1985) to work on /home/airflow/.local/lib/python3.12/site-packages/airflow/example_dags/example_inlet_event_extra.py
[2024-11-11T06:47:55.455+0000] {processor.py:914} INFO - Processing file /home/airflow/.local/lib/python3.12/site-packages/airflow/example_dags/example_inlet_event_extra.py for tasks to queue
[2024-11-11T06:47:55.460+0000] {logging_mixin.py:190} INFO - [2024-11-11T06:47:55.459+0000] {dagbag.py:588} INFO - Filling up the DagBag from /home/airflow/.local/lib/python3.12/site-packages/airflow/example_dags/example_inlet_event_extra.py
[2024-11-11T06:47:56.803+0000] {processor.py:925} INFO - DAG(s) 'read_dataset_event', 'read_dataset_event_from_classic' retrieved from /home/airflow/.local/lib/python3.12/site-packages/airflow/example_dags/example_inlet_event_extra.py
[2024-11-11T06:47:56.907+0000] {logging_mixin.py:190} INFO - [2024-11-11T06:47:56.906+0000] {dag.py:3239} INFO - Sync 2 DAGs
[2024-11-11T06:47:57.014+0000] {logging_mixin.py:190} INFO - [2024-11-11T06:47:57.013+0000] {dag.py:4180} INFO - Setting next_dagrun for read_dataset_event to 2024-11-10 00:00:00+00:00, run_after=2024-11-11 00:00:00+00:00
[2024-11-11T06:47:57.025+0000] {logging_mixin.py:190} INFO - [2024-11-11T06:47:57.024+0000] {dag.py:4180} INFO - Setting next_dagrun for read_dataset_event_from_classic to 2024-11-10 00:00:00+00:00, run_after=2024-11-11 00:00:00+00:00
[2024-11-11T06:47:57.091+0000] {processor.py:208} INFO - Processing /home/airflow/.local/lib/python3.12/site-packages/airflow/example_dags/example_inlet_event_extra.py took 1.656 seconds
[2024-11-11T06:48:27.313+0000] {processor.py:186} INFO - Started process (PID=2286) to work on /home/airflow/.local/lib/python3.12/site-packages/airflow/example_dags/example_inlet_event_extra.py
[2024-11-11T06:48:27.314+0000] {processor.py:914} INFO - Processing file /home/airflow/.local/lib/python3.12/site-packages/airflow/example_dags/example_inlet_event_extra.py for tasks to queue
[2024-11-11T06:48:27.318+0000] {logging_mixin.py:190} INFO - [2024-11-11T06:48:27.317+0000] {dagbag.py:588} INFO - Filling up the DagBag from /home/airflow/.local/lib/python3.12/site-packages/airflow/example_dags/example_inlet_event_extra.py
[2024-11-11T06:48:28.079+0000] {processor.py:925} INFO - DAG(s) 'read_dataset_event_from_classic', 'read_dataset_event' retrieved from /home/airflow/.local/lib/python3.12/site-packages/airflow/example_dags/example_inlet_event_extra.py
[2024-11-11T06:48:28.122+0000] {logging_mixin.py:190} INFO - [2024-11-11T06:48:28.121+0000] {dag.py:3239} INFO - Sync 2 DAGs
[2024-11-11T06:48:28.193+0000] {logging_mixin.py:190} INFO - [2024-11-11T06:48:28.193+0000] {dag.py:4180} INFO - Setting next_dagrun for read_dataset_event to 2024-11-10 00:00:00+00:00, run_after=2024-11-11 00:00:00+00:00
[2024-11-11T06:48:28.204+0000] {logging_mixin.py:190} INFO - [2024-11-11T06:48:28.204+0000] {dag.py:4180} INFO - Setting next_dagrun for read_dataset_event_from_classic to 2024-11-10 00:00:00+00:00, run_after=2024-11-11 00:00:00+00:00
[2024-11-11T06:48:28.239+0000] {processor.py:208} INFO - Processing /home/airflow/.local/lib/python3.12/site-packages/airflow/example_dags/example_inlet_event_extra.py took 0.933 seconds
[2024-11-11T06:48:58.890+0000] {processor.py:186} INFO - Started process (PID=2577) to work on /home/airflow/.local/lib/python3.12/site-packages/airflow/example_dags/example_inlet_event_extra.py
[2024-11-11T06:48:58.892+0000] {processor.py:914} INFO - Processing file /home/airflow/.local/lib/python3.12/site-packages/airflow/example_dags/example_inlet_event_extra.py for tasks to queue
[2024-11-11T06:48:58.897+0000] {logging_mixin.py:190} INFO - [2024-11-11T06:48:58.897+0000] {dagbag.py:588} INFO - Filling up the DagBag from /home/airflow/.local/lib/python3.12/site-packages/airflow/example_dags/example_inlet_event_extra.py
[2024-11-11T06:48:59.993+0000] {processor.py:925} INFO - DAG(s) 'read_dataset_event_from_classic', 'read_dataset_event' retrieved from /home/airflow/.local/lib/python3.12/site-packages/airflow/example_dags/example_inlet_event_extra.py
[2024-11-11T06:49:00.037+0000] {logging_mixin.py:190} INFO - [2024-11-11T06:49:00.036+0000] {dag.py:3239} INFO - Sync 2 DAGs
[2024-11-11T06:49:00.082+0000] {logging_mixin.py:190} INFO - [2024-11-11T06:49:00.082+0000] {dag.py:4180} INFO - Setting next_dagrun for read_dataset_event to 2024-11-10 00:00:00+00:00, run_after=2024-11-11 00:00:00+00:00
[2024-11-11T06:49:00.093+0000] {logging_mixin.py:190} INFO - [2024-11-11T06:49:00.092+0000] {dag.py:4180} INFO - Setting next_dagrun for read_dataset_event_from_classic to 2024-11-10 00:00:00+00:00, run_after=2024-11-11 00:00:00+00:00
[2024-11-11T06:49:00.120+0000] {processor.py:208} INFO - Processing /home/airflow/.local/lib/python3.12/site-packages/airflow/example_dags/example_inlet_event_extra.py took 1.247 seconds
[2024-11-11T06:49:30.477+0000] {processor.py:186} INFO - Started process (PID=2868) to work on /home/airflow/.local/lib/python3.12/site-packages/airflow/example_dags/example_inlet_event_extra.py
[2024-11-11T06:49:30.480+0000] {processor.py:914} INFO - Processing file /home/airflow/.local/lib/python3.12/site-packages/airflow/example_dags/example_inlet_event_extra.py for tasks to queue
[2024-11-11T06:49:30.484+0000] {logging_mixin.py:190} INFO - [2024-11-11T06:49:30.483+0000] {dagbag.py:588} INFO - Filling up the DagBag from /home/airflow/.local/lib/python3.12/site-packages/airflow/example_dags/example_inlet_event_extra.py
[2024-11-11T06:49:31.331+0000] {processor.py:925} INFO - DAG(s) 'read_dataset_event', 'read_dataset_event_from_classic' retrieved from /home/airflow/.local/lib/python3.12/site-packages/airflow/example_dags/example_inlet_event_extra.py
[2024-11-11T06:49:31.361+0000] {logging_mixin.py:190} INFO - [2024-11-11T06:49:31.361+0000] {dag.py:3239} INFO - Sync 2 DAGs
[2024-11-11T06:49:31.409+0000] {logging_mixin.py:190} INFO - [2024-11-11T06:49:31.409+0000] {dag.py:4180} INFO - Setting next_dagrun for read_dataset_event to 2024-11-10 00:00:00+00:00, run_after=2024-11-11 00:00:00+00:00
[2024-11-11T06:49:31.423+0000] {logging_mixin.py:190} INFO - [2024-11-11T06:49:31.422+0000] {dag.py:4180} INFO - Setting next_dagrun for read_dataset_event_from_classic to 2024-11-10 00:00:00+00:00, run_after=2024-11-11 00:00:00+00:00
[2024-11-11T06:49:31.463+0000] {processor.py:208} INFO - Processing /home/airflow/.local/lib/python3.12/site-packages/airflow/example_dags/example_inlet_event_extra.py took 0.997 seconds
[2024-11-11T06:50:03.614+0000] {processor.py:186} INFO - Started process (PID=3176) to work on /home/airflow/.local/lib/python3.12/site-packages/airflow/example_dags/example_inlet_event_extra.py
[2024-11-11T06:50:03.616+0000] {processor.py:914} INFO - Processing file /home/airflow/.local/lib/python3.12/site-packages/airflow/example_dags/example_inlet_event_extra.py for tasks to queue
[2024-11-11T06:50:03.623+0000] {logging_mixin.py:190} INFO - [2024-11-11T06:50:03.622+0000] {dagbag.py:588} INFO - Filling up the DagBag from /home/airflow/.local/lib/python3.12/site-packages/airflow/example_dags/example_inlet_event_extra.py
[2024-11-11T06:50:04.712+0000] {processor.py:925} INFO - DAG(s) 'read_dataset_event_from_classic', 'read_dataset_event' retrieved from /home/airflow/.local/lib/python3.12/site-packages/airflow/example_dags/example_inlet_event_extra.py
[2024-11-11T06:50:04.758+0000] {logging_mixin.py:190} INFO - [2024-11-11T06:50:04.757+0000] {dag.py:3239} INFO - Sync 2 DAGs
[2024-11-11T06:50:04.812+0000] {logging_mixin.py:190} INFO - [2024-11-11T06:50:04.812+0000] {dag.py:4180} INFO - Setting next_dagrun for read_dataset_event to 2024-11-10 00:00:00+00:00, run_after=2024-11-11 00:00:00+00:00
[2024-11-11T06:50:04.823+0000] {logging_mixin.py:190} INFO - [2024-11-11T06:50:04.823+0000] {dag.py:4180} INFO - Setting next_dagrun for read_dataset_event_from_classic to 2024-11-10 00:00:00+00:00, run_after=2024-11-11 00:00:00+00:00
[2024-11-11T06:50:04.858+0000] {processor.py:208} INFO - Processing /home/airflow/.local/lib/python3.12/site-packages/airflow/example_dags/example_inlet_event_extra.py took 1.254 seconds
[2024-11-11T06:50:35.596+0000] {processor.py:186} INFO - Started process (PID=3480) to work on /home/airflow/.local/lib/python3.12/site-packages/airflow/example_dags/example_inlet_event_extra.py
[2024-11-11T06:50:35.598+0000] {processor.py:914} INFO - Processing file /home/airflow/.local/lib/python3.12/site-packages/airflow/example_dags/example_inlet_event_extra.py for tasks to queue
[2024-11-11T06:50:35.602+0000] {logging_mixin.py:190} INFO - [2024-11-11T06:50:35.602+0000] {dagbag.py:588} INFO - Filling up the DagBag from /home/airflow/.local/lib/python3.12/site-packages/airflow/example_dags/example_inlet_event_extra.py
[2024-11-11T06:50:36.596+0000] {processor.py:925} INFO - DAG(s) 'read_dataset_event', 'read_dataset_event_from_classic' retrieved from /home/airflow/.local/lib/python3.12/site-packages/airflow/example_dags/example_inlet_event_extra.py
[2024-11-11T06:50:36.636+0000] {logging_mixin.py:190} INFO - [2024-11-11T06:50:36.635+0000] {dag.py:3239} INFO - Sync 2 DAGs
[2024-11-11T06:50:36.683+0000] {logging_mixin.py:190} INFO - [2024-11-11T06:50:36.683+0000] {dag.py:4180} INFO - Setting next_dagrun for read_dataset_event to 2024-11-10 00:00:00+00:00, run_after=2024-11-11 00:00:00+00:00
[2024-11-11T06:50:36.693+0000] {logging_mixin.py:190} INFO - [2024-11-11T06:50:36.692+0000] {dag.py:4180} INFO - Setting next_dagrun for read_dataset_event_from_classic to 2024-11-10 00:00:00+00:00, run_after=2024-11-11 00:00:00+00:00
[2024-11-11T06:50:36.729+0000] {processor.py:208} INFO - Processing /home/airflow/.local/lib/python3.12/site-packages/airflow/example_dags/example_inlet_event_extra.py took 1.144 seconds
[2024-11-11T06:51:07.237+0000] {processor.py:186} INFO - Started process (PID=3791) to work on /home/airflow/.local/lib/python3.12/site-packages/airflow/example_dags/example_inlet_event_extra.py
[2024-11-11T06:51:07.239+0000] {processor.py:914} INFO - Processing file /home/airflow/.local/lib/python3.12/site-packages/airflow/example_dags/example_inlet_event_extra.py for tasks to queue
[2024-11-11T06:51:07.246+0000] {logging_mixin.py:190} INFO - [2024-11-11T06:51:07.245+0000] {dagbag.py:588} INFO - Filling up the DagBag from /home/airflow/.local/lib/python3.12/site-packages/airflow/example_dags/example_inlet_event_extra.py
[2024-11-11T06:51:08.311+0000] {processor.py:925} INFO - DAG(s) 'read_dataset_event_from_classic', 'read_dataset_event' retrieved from /home/airflow/.local/lib/python3.12/site-packages/airflow/example_dags/example_inlet_event_extra.py
[2024-11-11T06:51:08.347+0000] {logging_mixin.py:190} INFO - [2024-11-11T06:51:08.346+0000] {dag.py:3239} INFO - Sync 2 DAGs
[2024-11-11T06:51:08.388+0000] {logging_mixin.py:190} INFO - [2024-11-11T06:51:08.388+0000] {dag.py:4180} INFO - Setting next_dagrun for read_dataset_event to 2024-11-10 00:00:00+00:00, run_after=2024-11-11 00:00:00+00:00
[2024-11-11T06:51:08.396+0000] {logging_mixin.py:190} INFO - [2024-11-11T06:51:08.396+0000] {dag.py:4180} INFO - Setting next_dagrun for read_dataset_event_from_classic to 2024-11-10 00:00:00+00:00, run_after=2024-11-11 00:00:00+00:00
[2024-11-11T06:51:08.428+0000] {processor.py:208} INFO - Processing /home/airflow/.local/lib/python3.12/site-packages/airflow/example_dags/example_inlet_event_extra.py took 1.207 seconds
[2024-11-11T06:51:39.073+0000] {processor.py:186} INFO - Started process (PID=4087) to work on /home/airflow/.local/lib/python3.12/site-packages/airflow/example_dags/example_inlet_event_extra.py
[2024-11-11T06:51:39.075+0000] {processor.py:914} INFO - Processing file /home/airflow/.local/lib/python3.12/site-packages/airflow/example_dags/example_inlet_event_extra.py for tasks to queue
[2024-11-11T06:51:39.080+0000] {logging_mixin.py:190} INFO - [2024-11-11T06:51:39.079+0000] {dagbag.py:588} INFO - Filling up the DagBag from /home/airflow/.local/lib/python3.12/site-packages/airflow/example_dags/example_inlet_event_extra.py
[2024-11-11T06:51:40.073+0000] {processor.py:925} INFO - DAG(s) 'read_dataset_event_from_classic', 'read_dataset_event' retrieved from /home/airflow/.local/lib/python3.12/site-packages/airflow/example_dags/example_inlet_event_extra.py
[2024-11-11T06:51:40.114+0000] {logging_mixin.py:190} INFO - [2024-11-11T06:51:40.113+0000] {dag.py:3239} INFO - Sync 2 DAGs
[2024-11-11T06:51:40.158+0000] {logging_mixin.py:190} INFO - [2024-11-11T06:51:40.158+0000] {dag.py:4180} INFO - Setting next_dagrun for read_dataset_event to 2024-11-10 00:00:00+00:00, run_after=2024-11-11 00:00:00+00:00
[2024-11-11T06:51:40.171+0000] {logging_mixin.py:190} INFO - [2024-11-11T06:51:40.171+0000] {dag.py:4180} INFO - Setting next_dagrun for read_dataset_event_from_classic to 2024-11-10 00:00:00+00:00, run_after=2024-11-11 00:00:00+00:00
[2024-11-11T06:51:40.206+0000] {processor.py:208} INFO - Processing /home/airflow/.local/lib/python3.12/site-packages/airflow/example_dags/example_inlet_event_extra.py took 1.143 seconds
[2024-11-11T06:52:10.688+0000] {processor.py:186} INFO - Started process (PID=4393) to work on /home/airflow/.local/lib/python3.12/site-packages/airflow/example_dags/example_inlet_event_extra.py
[2024-11-11T06:52:10.690+0000] {processor.py:914} INFO - Processing file /home/airflow/.local/lib/python3.12/site-packages/airflow/example_dags/example_inlet_event_extra.py for tasks to queue
[2024-11-11T06:52:10.695+0000] {logging_mixin.py:190} INFO - [2024-11-11T06:52:10.694+0000] {dagbag.py:588} INFO - Filling up the DagBag from /home/airflow/.local/lib/python3.12/site-packages/airflow/example_dags/example_inlet_event_extra.py
[2024-11-11T06:52:11.532+0000] {processor.py:925} INFO - DAG(s) 'read_dataset_event', 'read_dataset_event_from_classic' retrieved from /home/airflow/.local/lib/python3.12/site-packages/airflow/example_dags/example_inlet_event_extra.py
[2024-11-11T06:52:11.553+0000] {logging_mixin.py:190} INFO - [2024-11-11T06:52:11.552+0000] {dag.py:3239} INFO - Sync 2 DAGs
[2024-11-11T06:52:11.579+0000] {logging_mixin.py:190} INFO - [2024-11-11T06:52:11.578+0000] {dag.py:4180} INFO - Setting next_dagrun for read_dataset_event to 2024-11-10 00:00:00+00:00, run_after=2024-11-11 00:00:00+00:00
[2024-11-11T06:52:11.584+0000] {logging_mixin.py:190} INFO - [2024-11-11T06:52:11.584+0000] {dag.py:4180} INFO - Setting next_dagrun for read_dataset_event_from_classic to 2024-11-10 00:00:00+00:00, run_after=2024-11-11 00:00:00+00:00
[2024-11-11T06:52:11.604+0000] {processor.py:208} INFO - Processing /home/airflow/.local/lib/python3.12/site-packages/airflow/example_dags/example_inlet_event_extra.py took 0.929 seconds
[2024-11-11T06:52:42.207+0000] {processor.py:186} INFO - Started process (PID=4686) to work on /home/airflow/.local/lib/python3.12/site-packages/airflow/example_dags/example_inlet_event_extra.py
[2024-11-11T06:52:42.209+0000] {processor.py:914} INFO - Processing file /home/airflow/.local/lib/python3.12/site-packages/airflow/example_dags/example_inlet_event_extra.py for tasks to queue
[2024-11-11T06:52:42.212+0000] {logging_mixin.py:190} INFO - [2024-11-11T06:52:42.211+0000] {dagbag.py:588} INFO - Filling up the DagBag from /home/airflow/.local/lib/python3.12/site-packages/airflow/example_dags/example_inlet_event_extra.py
[2024-11-11T06:52:42.792+0000] {processor.py:925} INFO - DAG(s) 'read_dataset_event', 'read_dataset_event_from_classic' retrieved from /home/airflow/.local/lib/python3.12/site-packages/airflow/example_dags/example_inlet_event_extra.py
[2024-11-11T06:52:42.816+0000] {logging_mixin.py:190} INFO - [2024-11-11T06:52:42.816+0000] {dag.py:3239} INFO - Sync 2 DAGs
[2024-11-11T06:52:42.849+0000] {logging_mixin.py:190} INFO - [2024-11-11T06:52:42.848+0000] {dag.py:4180} INFO - Setting next_dagrun for read_dataset_event to 2024-11-10 00:00:00+00:00, run_after=2024-11-11 00:00:00+00:00
[2024-11-11T06:52:42.856+0000] {logging_mixin.py:190} INFO - [2024-11-11T06:52:42.855+0000] {dag.py:4180} INFO - Setting next_dagrun for read_dataset_event_from_classic to 2024-11-10 00:00:00+00:00, run_after=2024-11-11 00:00:00+00:00
[2024-11-11T06:52:42.875+0000] {processor.py:208} INFO - Processing /home/airflow/.local/lib/python3.12/site-packages/airflow/example_dags/example_inlet_event_extra.py took 0.675 seconds
