[2024-11-11T06:44:33.569+0000] {processor.py:186} INFO - Started process (PID=359) to work on /home/airflow/.local/lib/python3.12/site-packages/airflow/example_dags/example_sla_dag.py
[2024-11-11T06:44:33.571+0000] {processor.py:914} INFO - Processing file /home/airflow/.local/lib/python3.12/site-packages/airflow/example_dags/example_sla_dag.py for tasks to queue
[2024-11-11T06:44:33.577+0000] {logging_mixin.py:190} INFO - [2024-11-11T06:44:33.576+0000] {dagbag.py:588} INFO - Filling up the DagBag from /home/airflow/.local/lib/python3.12/site-packages/airflow/example_dags/example_sla_dag.py
[2024-11-11T06:44:33.605+0000] {processor.py:925} INFO - DAG(s) 'example_sla_dag' retrieved from /home/airflow/.local/lib/python3.12/site-packages/airflow/example_dags/example_sla_dag.py
[2024-11-11T06:44:33.927+0000] {logging_mixin.py:190} INFO - [2024-11-11T06:44:33.926+0000] {override.py:1911} INFO - Created Permission View: can delete on DAG:example_sla_dag
[2024-11-11T06:44:33.947+0000] {logging_mixin.py:190} INFO - [2024-11-11T06:44:33.946+0000] {override.py:1911} INFO - Created Permission View: can edit on DAG:example_sla_dag
[2024-11-11T06:44:33.960+0000] {logging_mixin.py:190} INFO - [2024-11-11T06:44:33.959+0000] {override.py:1911} INFO - Created Permission View: can read on DAG:example_sla_dag
[2024-11-11T06:44:33.975+0000] {logging_mixin.py:190} INFO - [2024-11-11T06:44:33.974+0000] {override.py:1911} INFO - Created Permission View: menu access on DAG Run:example_sla_dag
[2024-11-11T06:44:33.989+0000] {logging_mixin.py:190} INFO - [2024-11-11T06:44:33.988+0000] {override.py:1911} INFO - Created Permission View: can delete on DAG Run:example_sla_dag
[2024-11-11T06:44:34.003+0000] {logging_mixin.py:190} INFO - [2024-11-11T06:44:34.002+0000] {override.py:1911} INFO - Created Permission View: can create on DAG Run:example_sla_dag
[2024-11-11T06:44:34.013+0000] {logging_mixin.py:190} INFO - [2024-11-11T06:44:34.013+0000] {override.py:1911} INFO - Created Permission View: can read on DAG Run:example_sla_dag
[2024-11-11T06:44:34.015+0000] {logging_mixin.py:190} INFO - [2024-11-11T06:44:34.014+0000] {dag.py:3239} INFO - Sync 1 DAGs
[2024-11-11T06:44:34.040+0000] {logging_mixin.py:190} INFO - [2024-11-11T06:44:34.040+0000] {dag.py:3262} INFO - Creating ORM DAG for example_sla_dag
[2024-11-11T06:44:34.072+0000] {logging_mixin.py:190} INFO - [2024-11-11T06:44:34.072+0000] {dag.py:4180} INFO - Setting next_dagrun for example_sla_dag to 2024-11-11 06:42:00+00:00, run_after=2024-11-11 06:44:00+00:00
[2024-11-11T06:44:34.093+0000] {processor.py:208} INFO - Processing /home/airflow/.local/lib/python3.12/site-packages/airflow/example_dags/example_sla_dag.py took 0.543 seconds
[2024-11-11T06:45:15.494+0000] {processor.py:186} INFO - Started process (PID=675) to work on /home/airflow/.local/lib/python3.12/site-packages/airflow/example_dags/example_sla_dag.py
[2024-11-11T06:45:15.496+0000] {processor.py:914} INFO - Processing file /home/airflow/.local/lib/python3.12/site-packages/airflow/example_dags/example_sla_dag.py for tasks to queue
[2024-11-11T06:45:15.510+0000] {logging_mixin.py:190} INFO - [2024-11-11T06:45:15.509+0000] {dagbag.py:588} INFO - Filling up the DagBag from /home/airflow/.local/lib/python3.12/site-packages/airflow/example_dags/example_sla_dag.py
[2024-11-11T06:45:15.552+0000] {processor.py:925} INFO - DAG(s) 'example_sla_dag' retrieved from /home/airflow/.local/lib/python3.12/site-packages/airflow/example_dags/example_sla_dag.py
[2024-11-11T06:45:15.677+0000] {logging_mixin.py:190} INFO - [2024-11-11T06:45:15.676+0000] {dag.py:3239} INFO - Sync 1 DAGs
[2024-11-11T06:45:15.816+0000] {logging_mixin.py:190} INFO - [2024-11-11T06:45:15.815+0000] {dag.py:4180} INFO - Setting next_dagrun for example_sla_dag to 2024-11-11 06:42:00+00:00, run_after=2024-11-11 06:44:00+00:00
[2024-11-11T06:45:15.876+0000] {processor.py:208} INFO - Processing /home/airflow/.local/lib/python3.12/site-packages/airflow/example_dags/example_sla_dag.py took 0.403 seconds
[2024-11-11T06:45:58.877+0000] {processor.py:186} INFO - Started process (PID=968) to work on /home/airflow/.local/lib/python3.12/site-packages/airflow/example_dags/example_sla_dag.py
[2024-11-11T06:45:58.879+0000] {processor.py:914} INFO - Processing file /home/airflow/.local/lib/python3.12/site-packages/airflow/example_dags/example_sla_dag.py for tasks to queue
[2024-11-11T06:45:58.886+0000] {logging_mixin.py:190} INFO - [2024-11-11T06:45:58.885+0000] {dagbag.py:588} INFO - Filling up the DagBag from /home/airflow/.local/lib/python3.12/site-packages/airflow/example_dags/example_sla_dag.py
[2024-11-11T06:45:58.934+0000] {processor.py:925} INFO - DAG(s) 'example_sla_dag' retrieved from /home/airflow/.local/lib/python3.12/site-packages/airflow/example_dags/example_sla_dag.py
[2024-11-11T06:45:59.017+0000] {logging_mixin.py:190} INFO - [2024-11-11T06:45:59.008+0000] {dag.py:3239} INFO - Sync 1 DAGs
[2024-11-11T06:45:59.137+0000] {logging_mixin.py:190} INFO - [2024-11-11T06:45:59.136+0000] {dag.py:4180} INFO - Setting next_dagrun for example_sla_dag to 2024-11-11 06:42:00+00:00, run_after=2024-11-11 06:44:00+00:00
[2024-11-11T06:45:59.219+0000] {processor.py:208} INFO - Processing /home/airflow/.local/lib/python3.12/site-packages/airflow/example_dags/example_sla_dag.py took 0.364 seconds
[2024-11-11T06:46:29.505+0000] {processor.py:186} INFO - Started process (PID=1257) to work on /home/airflow/.local/lib/python3.12/site-packages/airflow/example_dags/example_sla_dag.py
[2024-11-11T06:46:29.512+0000] {processor.py:914} INFO - Processing file /home/airflow/.local/lib/python3.12/site-packages/airflow/example_dags/example_sla_dag.py for tasks to queue
[2024-11-11T06:46:29.517+0000] {logging_mixin.py:190} INFO - [2024-11-11T06:46:29.516+0000] {dagbag.py:588} INFO - Filling up the DagBag from /home/airflow/.local/lib/python3.12/site-packages/airflow/example_dags/example_sla_dag.py
[2024-11-11T06:46:29.545+0000] {processor.py:925} INFO - DAG(s) 'example_sla_dag' retrieved from /home/airflow/.local/lib/python3.12/site-packages/airflow/example_dags/example_sla_dag.py
[2024-11-11T06:46:29.597+0000] {logging_mixin.py:190} INFO - [2024-11-11T06:46:29.596+0000] {dag.py:3239} INFO - Sync 1 DAGs
[2024-11-11T06:46:29.689+0000] {logging_mixin.py:190} INFO - [2024-11-11T06:46:29.688+0000] {dag.py:4180} INFO - Setting next_dagrun for example_sla_dag to 2024-11-11 06:44:00+00:00, run_after=2024-11-11 06:46:00+00:00
[2024-11-11T06:46:29.746+0000] {processor.py:208} INFO - Processing /home/airflow/.local/lib/python3.12/site-packages/airflow/example_dags/example_sla_dag.py took 0.256 seconds
[2024-11-11T06:47:00.276+0000] {processor.py:186} INFO - Started process (PID=1548) to work on /home/airflow/.local/lib/python3.12/site-packages/airflow/example_dags/example_sla_dag.py
[2024-11-11T06:47:00.278+0000] {processor.py:914} INFO - Processing file /home/airflow/.local/lib/python3.12/site-packages/airflow/example_dags/example_sla_dag.py for tasks to queue
[2024-11-11T06:47:00.282+0000] {logging_mixin.py:190} INFO - [2024-11-11T06:47:00.281+0000] {dagbag.py:588} INFO - Filling up the DagBag from /home/airflow/.local/lib/python3.12/site-packages/airflow/example_dags/example_sla_dag.py
[2024-11-11T06:47:00.304+0000] {processor.py:925} INFO - DAG(s) 'example_sla_dag' retrieved from /home/airflow/.local/lib/python3.12/site-packages/airflow/example_dags/example_sla_dag.py
[2024-11-11T06:47:00.342+0000] {logging_mixin.py:190} INFO - [2024-11-11T06:47:00.341+0000] {dag.py:3239} INFO - Sync 1 DAGs
[2024-11-11T06:47:00.389+0000] {logging_mixin.py:190} INFO - [2024-11-11T06:47:00.389+0000] {dag.py:4180} INFO - Setting next_dagrun for example_sla_dag to 2024-11-11 06:44:00+00:00, run_after=2024-11-11 06:46:00+00:00
[2024-11-11T06:47:00.437+0000] {processor.py:208} INFO - Processing /home/airflow/.local/lib/python3.12/site-packages/airflow/example_dags/example_sla_dag.py took 0.177 seconds
[2024-11-11T06:47:30.584+0000] {processor.py:186} INFO - Started process (PID=1839) to work on /home/airflow/.local/lib/python3.12/site-packages/airflow/example_dags/example_sla_dag.py
[2024-11-11T06:47:30.586+0000] {processor.py:914} INFO - Processing file /home/airflow/.local/lib/python3.12/site-packages/airflow/example_dags/example_sla_dag.py for tasks to queue
[2024-11-11T06:47:30.593+0000] {logging_mixin.py:190} INFO - [2024-11-11T06:47:30.593+0000] {dagbag.py:588} INFO - Filling up the DagBag from /home/airflow/.local/lib/python3.12/site-packages/airflow/example_dags/example_sla_dag.py
[2024-11-11T06:47:30.613+0000] {processor.py:925} INFO - DAG(s) 'example_sla_dag' retrieved from /home/airflow/.local/lib/python3.12/site-packages/airflow/example_dags/example_sla_dag.py
[2024-11-11T06:47:30.650+0000] {logging_mixin.py:190} INFO - [2024-11-11T06:47:30.650+0000] {dag.py:3239} INFO - Sync 1 DAGs
[2024-11-11T06:47:30.704+0000] {logging_mixin.py:190} INFO - [2024-11-11T06:47:30.704+0000] {dag.py:4180} INFO - Setting next_dagrun for example_sla_dag to 2024-11-11 06:44:00+00:00, run_after=2024-11-11 06:46:00+00:00
[2024-11-11T06:47:30.745+0000] {processor.py:208} INFO - Processing /home/airflow/.local/lib/python3.12/site-packages/airflow/example_dags/example_sla_dag.py took 0.170 seconds
[2024-11-11T06:48:04.585+0000] {processor.py:186} INFO - Started process (PID=2130) to work on /home/airflow/.local/lib/python3.12/site-packages/airflow/example_dags/example_sla_dag.py
[2024-11-11T06:48:04.586+0000] {processor.py:914} INFO - Processing file /home/airflow/.local/lib/python3.12/site-packages/airflow/example_dags/example_sla_dag.py for tasks to queue
[2024-11-11T06:48:04.591+0000] {logging_mixin.py:190} INFO - [2024-11-11T06:48:04.591+0000] {dagbag.py:588} INFO - Filling up the DagBag from /home/airflow/.local/lib/python3.12/site-packages/airflow/example_dags/example_sla_dag.py
[2024-11-11T06:48:04.610+0000] {processor.py:925} INFO - DAG(s) 'example_sla_dag' retrieved from /home/airflow/.local/lib/python3.12/site-packages/airflow/example_dags/example_sla_dag.py
[2024-11-11T06:48:04.654+0000] {logging_mixin.py:190} INFO - [2024-11-11T06:48:04.654+0000] {dag.py:3239} INFO - Sync 1 DAGs
[2024-11-11T06:48:04.725+0000] {logging_mixin.py:190} INFO - [2024-11-11T06:48:04.724+0000] {dag.py:4180} INFO - Setting next_dagrun for example_sla_dag to 2024-11-11 06:46:00+00:00, run_after=2024-11-11 06:48:00+00:00
[2024-11-11T06:48:04.769+0000] {processor.py:208} INFO - Processing /home/airflow/.local/lib/python3.12/site-packages/airflow/example_dags/example_sla_dag.py took 0.199 seconds
[2024-11-11T06:48:35.212+0000] {processor.py:186} INFO - Started process (PID=2421) to work on /home/airflow/.local/lib/python3.12/site-packages/airflow/example_dags/example_sla_dag.py
[2024-11-11T06:48:35.214+0000] {processor.py:914} INFO - Processing file /home/airflow/.local/lib/python3.12/site-packages/airflow/example_dags/example_sla_dag.py for tasks to queue
[2024-11-11T06:48:35.217+0000] {logging_mixin.py:190} INFO - [2024-11-11T06:48:35.217+0000] {dagbag.py:588} INFO - Filling up the DagBag from /home/airflow/.local/lib/python3.12/site-packages/airflow/example_dags/example_sla_dag.py
[2024-11-11T06:48:35.238+0000] {processor.py:925} INFO - DAG(s) 'example_sla_dag' retrieved from /home/airflow/.local/lib/python3.12/site-packages/airflow/example_dags/example_sla_dag.py
[2024-11-11T06:48:35.270+0000] {logging_mixin.py:190} INFO - [2024-11-11T06:48:35.270+0000] {dag.py:3239} INFO - Sync 1 DAGs
[2024-11-11T06:48:35.308+0000] {logging_mixin.py:190} INFO - [2024-11-11T06:48:35.308+0000] {dag.py:4180} INFO - Setting next_dagrun for example_sla_dag to 2024-11-11 06:46:00+00:00, run_after=2024-11-11 06:48:00+00:00
[2024-11-11T06:48:35.355+0000] {processor.py:208} INFO - Processing /home/airflow/.local/lib/python3.12/site-packages/airflow/example_dags/example_sla_dag.py took 0.152 seconds
[2024-11-11T06:49:06.518+0000] {processor.py:186} INFO - Started process (PID=2707) to work on /home/airflow/.local/lib/python3.12/site-packages/airflow/example_dags/example_sla_dag.py
[2024-11-11T06:49:06.521+0000] {processor.py:914} INFO - Processing file /home/airflow/.local/lib/python3.12/site-packages/airflow/example_dags/example_sla_dag.py for tasks to queue
[2024-11-11T06:49:06.526+0000] {logging_mixin.py:190} INFO - [2024-11-11T06:49:06.525+0000] {dagbag.py:588} INFO - Filling up the DagBag from /home/airflow/.local/lib/python3.12/site-packages/airflow/example_dags/example_sla_dag.py
[2024-11-11T06:49:06.556+0000] {processor.py:925} INFO - DAG(s) 'example_sla_dag' retrieved from /home/airflow/.local/lib/python3.12/site-packages/airflow/example_dags/example_sla_dag.py
[2024-11-11T06:49:06.596+0000] {logging_mixin.py:190} INFO - [2024-11-11T06:49:06.596+0000] {dag.py:3239} INFO - Sync 1 DAGs
[2024-11-11T06:49:06.658+0000] {logging_mixin.py:190} INFO - [2024-11-11T06:49:06.657+0000] {dag.py:4180} INFO - Setting next_dagrun for example_sla_dag to 2024-11-11 06:46:00+00:00, run_after=2024-11-11 06:48:00+00:00
[2024-11-11T06:49:06.705+0000] {processor.py:208} INFO - Processing /home/airflow/.local/lib/python3.12/site-packages/airflow/example_dags/example_sla_dag.py took 0.202 seconds
[2024-11-11T06:49:38.076+0000] {processor.py:186} INFO - Started process (PID=2998) to work on /home/airflow/.local/lib/python3.12/site-packages/airflow/example_dags/example_sla_dag.py
[2024-11-11T06:49:38.078+0000] {processor.py:914} INFO - Processing file /home/airflow/.local/lib/python3.12/site-packages/airflow/example_dags/example_sla_dag.py for tasks to queue
[2024-11-11T06:49:38.084+0000] {logging_mixin.py:190} INFO - [2024-11-11T06:49:38.083+0000] {dagbag.py:588} INFO - Filling up the DagBag from /home/airflow/.local/lib/python3.12/site-packages/airflow/example_dags/example_sla_dag.py
[2024-11-11T06:49:38.104+0000] {processor.py:925} INFO - DAG(s) 'example_sla_dag' retrieved from /home/airflow/.local/lib/python3.12/site-packages/airflow/example_dags/example_sla_dag.py
[2024-11-11T06:49:38.142+0000] {logging_mixin.py:190} INFO - [2024-11-11T06:49:38.141+0000] {dag.py:3239} INFO - Sync 1 DAGs
[2024-11-11T06:49:38.191+0000] {logging_mixin.py:190} INFO - [2024-11-11T06:49:38.191+0000] {dag.py:4180} INFO - Setting next_dagrun for example_sla_dag to 2024-11-11 06:46:00+00:00, run_after=2024-11-11 06:48:00+00:00
[2024-11-11T06:49:38.224+0000] {processor.py:208} INFO - Processing /home/airflow/.local/lib/python3.12/site-packages/airflow/example_dags/example_sla_dag.py took 0.158 seconds
[2024-11-11T06:50:09.444+0000] {processor.py:186} INFO - Started process (PID=3289) to work on /home/airflow/.local/lib/python3.12/site-packages/airflow/example_dags/example_sla_dag.py
[2024-11-11T06:50:09.445+0000] {processor.py:914} INFO - Processing file /home/airflow/.local/lib/python3.12/site-packages/airflow/example_dags/example_sla_dag.py for tasks to queue
[2024-11-11T06:50:09.449+0000] {logging_mixin.py:190} INFO - [2024-11-11T06:50:09.448+0000] {dagbag.py:588} INFO - Filling up the DagBag from /home/airflow/.local/lib/python3.12/site-packages/airflow/example_dags/example_sla_dag.py
[2024-11-11T06:50:09.471+0000] {processor.py:925} INFO - DAG(s) 'example_sla_dag' retrieved from /home/airflow/.local/lib/python3.12/site-packages/airflow/example_dags/example_sla_dag.py
[2024-11-11T06:50:09.510+0000] {logging_mixin.py:190} INFO - [2024-11-11T06:50:09.509+0000] {dag.py:3239} INFO - Sync 1 DAGs
[2024-11-11T06:50:09.572+0000] {logging_mixin.py:190} INFO - [2024-11-11T06:50:09.571+0000] {dag.py:4180} INFO - Setting next_dagrun for example_sla_dag to 2024-11-11 06:48:00+00:00, run_after=2024-11-11 06:50:00+00:00
[2024-11-11T06:50:09.614+0000] {processor.py:208} INFO - Processing /home/airflow/.local/lib/python3.12/site-packages/airflow/example_dags/example_sla_dag.py took 0.180 seconds
[2024-11-11T06:50:42.336+0000] {processor.py:186} INFO - Started process (PID=3585) to work on /home/airflow/.local/lib/python3.12/site-packages/airflow/example_dags/example_sla_dag.py
[2024-11-11T06:50:42.337+0000] {processor.py:914} INFO - Processing file /home/airflow/.local/lib/python3.12/site-packages/airflow/example_dags/example_sla_dag.py for tasks to queue
[2024-11-11T06:50:42.341+0000] {logging_mixin.py:190} INFO - [2024-11-11T06:50:42.340+0000] {dagbag.py:588} INFO - Filling up the DagBag from /home/airflow/.local/lib/python3.12/site-packages/airflow/example_dags/example_sla_dag.py
[2024-11-11T06:50:42.358+0000] {processor.py:925} INFO - DAG(s) 'example_sla_dag' retrieved from /home/airflow/.local/lib/python3.12/site-packages/airflow/example_dags/example_sla_dag.py
[2024-11-11T06:50:42.389+0000] {logging_mixin.py:190} INFO - [2024-11-11T06:50:42.389+0000] {dag.py:3239} INFO - Sync 1 DAGs
[2024-11-11T06:50:42.434+0000] {logging_mixin.py:190} INFO - [2024-11-11T06:50:42.433+0000] {dag.py:4180} INFO - Setting next_dagrun for example_sla_dag to 2024-11-11 06:48:00+00:00, run_after=2024-11-11 06:50:00+00:00
[2024-11-11T06:50:42.475+0000] {processor.py:208} INFO - Processing /home/airflow/.local/lib/python3.12/site-packages/airflow/example_dags/example_sla_dag.py took 0.150 seconds
[2024-11-11T06:51:13.751+0000] {processor.py:186} INFO - Started process (PID=3871) to work on /home/airflow/.local/lib/python3.12/site-packages/airflow/example_dags/example_sla_dag.py
[2024-11-11T06:51:13.754+0000] {processor.py:914} INFO - Processing file /home/airflow/.local/lib/python3.12/site-packages/airflow/example_dags/example_sla_dag.py for tasks to queue
[2024-11-11T06:51:13.759+0000] {logging_mixin.py:190} INFO - [2024-11-11T06:51:13.759+0000] {dagbag.py:588} INFO - Filling up the DagBag from /home/airflow/.local/lib/python3.12/site-packages/airflow/example_dags/example_sla_dag.py
[2024-11-11T06:51:13.776+0000] {processor.py:925} INFO - DAG(s) 'example_sla_dag' retrieved from /home/airflow/.local/lib/python3.12/site-packages/airflow/example_dags/example_sla_dag.py
[2024-11-11T06:51:13.810+0000] {logging_mixin.py:190} INFO - [2024-11-11T06:51:13.809+0000] {dag.py:3239} INFO - Sync 1 DAGs
[2024-11-11T06:51:13.859+0000] {logging_mixin.py:190} INFO - [2024-11-11T06:51:13.859+0000] {dag.py:4180} INFO - Setting next_dagrun for example_sla_dag to 2024-11-11 06:48:00+00:00, run_after=2024-11-11 06:50:00+00:00
[2024-11-11T06:51:13.894+0000] {processor.py:208} INFO - Processing /home/airflow/.local/lib/python3.12/site-packages/airflow/example_dags/example_sla_dag.py took 0.155 seconds
[2024-11-11T06:51:44.937+0000] {processor.py:186} INFO - Started process (PID=4162) to work on /home/airflow/.local/lib/python3.12/site-packages/airflow/example_dags/example_sla_dag.py
[2024-11-11T06:51:44.939+0000] {processor.py:914} INFO - Processing file /home/airflow/.local/lib/python3.12/site-packages/airflow/example_dags/example_sla_dag.py for tasks to queue
[2024-11-11T06:51:44.944+0000] {logging_mixin.py:190} INFO - [2024-11-11T06:51:44.944+0000] {dagbag.py:588} INFO - Filling up the DagBag from /home/airflow/.local/lib/python3.12/site-packages/airflow/example_dags/example_sla_dag.py
[2024-11-11T06:51:44.960+0000] {processor.py:925} INFO - DAG(s) 'example_sla_dag' retrieved from /home/airflow/.local/lib/python3.12/site-packages/airflow/example_dags/example_sla_dag.py
[2024-11-11T06:51:44.994+0000] {logging_mixin.py:190} INFO - [2024-11-11T06:51:44.994+0000] {dag.py:3239} INFO - Sync 1 DAGs
[2024-11-11T06:51:45.041+0000] {logging_mixin.py:190} INFO - [2024-11-11T06:51:45.040+0000] {dag.py:4180} INFO - Setting next_dagrun for example_sla_dag to 2024-11-11 06:48:00+00:00, run_after=2024-11-11 06:50:00+00:00
[2024-11-11T06:51:45.072+0000] {processor.py:208} INFO - Processing /home/airflow/.local/lib/python3.12/site-packages/airflow/example_dags/example_sla_dag.py took 0.148 seconds
[2024-11-11T06:52:17.432+0000] {processor.py:186} INFO - Started process (PID=4458) to work on /home/airflow/.local/lib/python3.12/site-packages/airflow/example_dags/example_sla_dag.py
[2024-11-11T06:52:17.436+0000] {processor.py:914} INFO - Processing file /home/airflow/.local/lib/python3.12/site-packages/airflow/example_dags/example_sla_dag.py for tasks to queue
[2024-11-11T06:52:17.440+0000] {logging_mixin.py:190} INFO - [2024-11-11T06:52:17.440+0000] {dagbag.py:588} INFO - Filling up the DagBag from /home/airflow/.local/lib/python3.12/site-packages/airflow/example_dags/example_sla_dag.py
[2024-11-11T06:52:17.460+0000] {processor.py:925} INFO - DAG(s) 'example_sla_dag' retrieved from /home/airflow/.local/lib/python3.12/site-packages/airflow/example_dags/example_sla_dag.py
[2024-11-11T06:52:17.501+0000] {logging_mixin.py:190} INFO - [2024-11-11T06:52:17.501+0000] {dag.py:3239} INFO - Sync 1 DAGs
[2024-11-11T06:52:17.549+0000] {logging_mixin.py:190} INFO - [2024-11-11T06:52:17.549+0000] {dag.py:4180} INFO - Setting next_dagrun for example_sla_dag to 2024-11-11 06:50:00+00:00, run_after=2024-11-11 06:52:00+00:00
[2024-11-11T06:52:17.583+0000] {processor.py:208} INFO - Processing /home/airflow/.local/lib/python3.12/site-packages/airflow/example_dags/example_sla_dag.py took 0.160 seconds
