[2024-11-11T06:44:34.150+0000] {processor.py:186} INFO - Started process (PID=369) to work on /home/airflow/.local/lib/python3.12/site-packages/airflow/example_dags/example_nested_branch_dag.py
[2024-11-11T06:44:34.152+0000] {processor.py:914} INFO - Processing file /home/airflow/.local/lib/python3.12/site-packages/airflow/example_dags/example_nested_branch_dag.py for tasks to queue
[2024-11-11T06:44:34.155+0000] {logging_mixin.py:190} INFO - [2024-11-11T06:44:34.155+0000] {dagbag.py:588} INFO - Filling up the DagBag from /home/airflow/.local/lib/python3.12/site-packages/airflow/example_dags/example_nested_branch_dag.py
[2024-11-11T06:44:34.192+0000] {processor.py:925} INFO - DAG(s) 'example_nested_branch_dag' retrieved from /home/airflow/.local/lib/python3.12/site-packages/airflow/example_dags/example_nested_branch_dag.py
[2024-11-11T06:44:34.363+0000] {logging_mixin.py:190} INFO - [2024-11-11T06:44:34.362+0000] {override.py:1911} INFO - Created Permission View: can delete on DAG:example_nested_branch_dag
[2024-11-11T06:44:34.378+0000] {logging_mixin.py:190} INFO - [2024-11-11T06:44:34.378+0000] {override.py:1911} INFO - Created Permission View: can edit on DAG:example_nested_branch_dag
[2024-11-11T06:44:34.389+0000] {logging_mixin.py:190} INFO - [2024-11-11T06:44:34.389+0000] {override.py:1911} INFO - Created Permission View: can read on DAG:example_nested_branch_dag
[2024-11-11T06:44:34.401+0000] {logging_mixin.py:190} INFO - [2024-11-11T06:44:34.400+0000] {override.py:1911} INFO - Created Permission View: menu access on DAG Run:example_nested_branch_dag
[2024-11-11T06:44:34.413+0000] {logging_mixin.py:190} INFO - [2024-11-11T06:44:34.412+0000] {override.py:1911} INFO - Created Permission View: can delete on DAG Run:example_nested_branch_dag
[2024-11-11T06:44:34.425+0000] {logging_mixin.py:190} INFO - [2024-11-11T06:44:34.424+0000] {override.py:1911} INFO - Created Permission View: can create on DAG Run:example_nested_branch_dag
[2024-11-11T06:44:34.437+0000] {logging_mixin.py:190} INFO - [2024-11-11T06:44:34.436+0000] {override.py:1911} INFO - Created Permission View: can read on DAG Run:example_nested_branch_dag
[2024-11-11T06:44:34.441+0000] {logging_mixin.py:190} INFO - [2024-11-11T06:44:34.440+0000] {dag.py:3239} INFO - Sync 1 DAGs
[2024-11-11T06:44:34.483+0000] {logging_mixin.py:190} INFO - [2024-11-11T06:44:34.482+0000] {dag.py:3262} INFO - Creating ORM DAG for example_nested_branch_dag
[2024-11-11T06:44:34.501+0000] {logging_mixin.py:190} INFO - [2024-11-11T06:44:34.501+0000] {dag.py:4180} INFO - Setting next_dagrun for example_nested_branch_dag to 2024-11-10 00:00:00+00:00, run_after=2024-11-11 00:00:00+00:00
[2024-11-11T06:44:34.535+0000] {processor.py:208} INFO - Processing /home/airflow/.local/lib/python3.12/site-packages/airflow/example_dags/example_nested_branch_dag.py took 0.393 seconds
[2024-11-11T06:45:16.017+0000] {processor.py:186} INFO - Started process (PID=685) to work on /home/airflow/.local/lib/python3.12/site-packages/airflow/example_dags/example_nested_branch_dag.py
[2024-11-11T06:45:16.053+0000] {processor.py:914} INFO - Processing file /home/airflow/.local/lib/python3.12/site-packages/airflow/example_dags/example_nested_branch_dag.py for tasks to queue
[2024-11-11T06:45:16.059+0000] {logging_mixin.py:190} INFO - [2024-11-11T06:45:16.058+0000] {dagbag.py:588} INFO - Filling up the DagBag from /home/airflow/.local/lib/python3.12/site-packages/airflow/example_dags/example_nested_branch_dag.py
[2024-11-11T06:45:16.132+0000] {processor.py:925} INFO - DAG(s) 'example_nested_branch_dag' retrieved from /home/airflow/.local/lib/python3.12/site-packages/airflow/example_dags/example_nested_branch_dag.py
[2024-11-11T06:45:16.257+0000] {logging_mixin.py:190} INFO - [2024-11-11T06:45:16.256+0000] {dag.py:3239} INFO - Sync 1 DAGs
[2024-11-11T06:45:16.402+0000] {logging_mixin.py:190} INFO - [2024-11-11T06:45:16.402+0000] {dag.py:4180} INFO - Setting next_dagrun for example_nested_branch_dag to 2024-11-10 00:00:00+00:00, run_after=2024-11-11 00:00:00+00:00
[2024-11-11T06:45:16.544+0000] {processor.py:208} INFO - Processing /home/airflow/.local/lib/python3.12/site-packages/airflow/example_dags/example_nested_branch_dag.py took 0.548 seconds
[2024-11-11T06:45:59.505+0000] {processor.py:186} INFO - Started process (PID=976) to work on /home/airflow/.local/lib/python3.12/site-packages/airflow/example_dags/example_nested_branch_dag.py
[2024-11-11T06:45:59.507+0000] {processor.py:914} INFO - Processing file /home/airflow/.local/lib/python3.12/site-packages/airflow/example_dags/example_nested_branch_dag.py for tasks to queue
[2024-11-11T06:45:59.513+0000] {logging_mixin.py:190} INFO - [2024-11-11T06:45:59.512+0000] {dagbag.py:588} INFO - Filling up the DagBag from /home/airflow/.local/lib/python3.12/site-packages/airflow/example_dags/example_nested_branch_dag.py
[2024-11-11T06:45:59.567+0000] {processor.py:925} INFO - DAG(s) 'example_nested_branch_dag' retrieved from /home/airflow/.local/lib/python3.12/site-packages/airflow/example_dags/example_nested_branch_dag.py
[2024-11-11T06:45:59.658+0000] {logging_mixin.py:190} INFO - [2024-11-11T06:45:59.658+0000] {dag.py:3239} INFO - Sync 1 DAGs
[2024-11-11T06:45:59.772+0000] {logging_mixin.py:190} INFO - [2024-11-11T06:45:59.771+0000] {dag.py:4180} INFO - Setting next_dagrun for example_nested_branch_dag to 2024-11-10 00:00:00+00:00, run_after=2024-11-11 00:00:00+00:00
[2024-11-11T06:45:59.874+0000] {processor.py:208} INFO - Processing /home/airflow/.local/lib/python3.12/site-packages/airflow/example_dags/example_nested_branch_dag.py took 0.392 seconds
[2024-11-11T06:46:30.633+0000] {processor.py:186} INFO - Started process (PID=1267) to work on /home/airflow/.local/lib/python3.12/site-packages/airflow/example_dags/example_nested_branch_dag.py
[2024-11-11T06:46:30.636+0000] {processor.py:914} INFO - Processing file /home/airflow/.local/lib/python3.12/site-packages/airflow/example_dags/example_nested_branch_dag.py for tasks to queue
[2024-11-11T06:46:30.642+0000] {logging_mixin.py:190} INFO - [2024-11-11T06:46:30.641+0000] {dagbag.py:588} INFO - Filling up the DagBag from /home/airflow/.local/lib/python3.12/site-packages/airflow/example_dags/example_nested_branch_dag.py
[2024-11-11T06:46:30.680+0000] {processor.py:925} INFO - DAG(s) 'example_nested_branch_dag' retrieved from /home/airflow/.local/lib/python3.12/site-packages/airflow/example_dags/example_nested_branch_dag.py
[2024-11-11T06:46:30.748+0000] {logging_mixin.py:190} INFO - [2024-11-11T06:46:30.747+0000] {dag.py:3239} INFO - Sync 1 DAGs
[2024-11-11T06:46:30.822+0000] {logging_mixin.py:190} INFO - [2024-11-11T06:46:30.822+0000] {dag.py:4180} INFO - Setting next_dagrun for example_nested_branch_dag to 2024-11-10 00:00:00+00:00, run_after=2024-11-11 00:00:00+00:00
[2024-11-11T06:46:30.879+0000] {processor.py:208} INFO - Processing /home/airflow/.local/lib/python3.12/site-packages/airflow/example_dags/example_nested_branch_dag.py took 0.264 seconds
[2024-11-11T06:47:01.506+0000] {processor.py:186} INFO - Started process (PID=1558) to work on /home/airflow/.local/lib/python3.12/site-packages/airflow/example_dags/example_nested_branch_dag.py
[2024-11-11T06:47:01.508+0000] {processor.py:914} INFO - Processing file /home/airflow/.local/lib/python3.12/site-packages/airflow/example_dags/example_nested_branch_dag.py for tasks to queue
[2024-11-11T06:47:01.515+0000] {logging_mixin.py:190} INFO - [2024-11-11T06:47:01.515+0000] {dagbag.py:588} INFO - Filling up the DagBag from /home/airflow/.local/lib/python3.12/site-packages/airflow/example_dags/example_nested_branch_dag.py
[2024-11-11T06:47:01.534+0000] {processor.py:925} INFO - DAG(s) 'example_nested_branch_dag' retrieved from /home/airflow/.local/lib/python3.12/site-packages/airflow/example_dags/example_nested_branch_dag.py
[2024-11-11T06:47:01.577+0000] {logging_mixin.py:190} INFO - [2024-11-11T06:47:01.576+0000] {dag.py:3239} INFO - Sync 1 DAGs
[2024-11-11T06:47:01.621+0000] {logging_mixin.py:190} INFO - [2024-11-11T06:47:01.620+0000] {dag.py:4180} INFO - Setting next_dagrun for example_nested_branch_dag to 2024-11-10 00:00:00+00:00, run_after=2024-11-11 00:00:00+00:00
[2024-11-11T06:47:01.656+0000] {processor.py:208} INFO - Processing /home/airflow/.local/lib/python3.12/site-packages/airflow/example_dags/example_nested_branch_dag.py took 0.161 seconds
[2024-11-11T06:47:31.852+0000] {processor.py:186} INFO - Started process (PID=1849) to work on /home/airflow/.local/lib/python3.12/site-packages/airflow/example_dags/example_nested_branch_dag.py
[2024-11-11T06:47:31.854+0000] {processor.py:914} INFO - Processing file /home/airflow/.local/lib/python3.12/site-packages/airflow/example_dags/example_nested_branch_dag.py for tasks to queue
[2024-11-11T06:47:31.864+0000] {logging_mixin.py:190} INFO - [2024-11-11T06:47:31.862+0000] {dagbag.py:588} INFO - Filling up the DagBag from /home/airflow/.local/lib/python3.12/site-packages/airflow/example_dags/example_nested_branch_dag.py
[2024-11-11T06:47:31.886+0000] {processor.py:925} INFO - DAG(s) 'example_nested_branch_dag' retrieved from /home/airflow/.local/lib/python3.12/site-packages/airflow/example_dags/example_nested_branch_dag.py
[2024-11-11T06:47:31.923+0000] {logging_mixin.py:190} INFO - [2024-11-11T06:47:31.921+0000] {dag.py:3239} INFO - Sync 1 DAGs
[2024-11-11T06:47:31.989+0000] {logging_mixin.py:190} INFO - [2024-11-11T06:47:31.988+0000] {dag.py:4180} INFO - Setting next_dagrun for example_nested_branch_dag to 2024-11-10 00:00:00+00:00, run_after=2024-11-11 00:00:00+00:00
[2024-11-11T06:47:32.034+0000] {processor.py:208} INFO - Processing /home/airflow/.local/lib/python3.12/site-packages/airflow/example_dags/example_nested_branch_dag.py took 0.194 seconds
[2024-11-11T06:48:04.839+0000] {processor.py:186} INFO - Started process (PID=2140) to work on /home/airflow/.local/lib/python3.12/site-packages/airflow/example_dags/example_nested_branch_dag.py
[2024-11-11T06:48:04.842+0000] {processor.py:914} INFO - Processing file /home/airflow/.local/lib/python3.12/site-packages/airflow/example_dags/example_nested_branch_dag.py for tasks to queue
[2024-11-11T06:48:04.847+0000] {logging_mixin.py:190} INFO - [2024-11-11T06:48:04.846+0000] {dagbag.py:588} INFO - Filling up the DagBag from /home/airflow/.local/lib/python3.12/site-packages/airflow/example_dags/example_nested_branch_dag.py
[2024-11-11T06:48:04.870+0000] {processor.py:925} INFO - DAG(s) 'example_nested_branch_dag' retrieved from /home/airflow/.local/lib/python3.12/site-packages/airflow/example_dags/example_nested_branch_dag.py
[2024-11-11T06:48:04.919+0000] {logging_mixin.py:190} INFO - [2024-11-11T06:48:04.918+0000] {dag.py:3239} INFO - Sync 1 DAGs
[2024-11-11T06:48:04.977+0000] {logging_mixin.py:190} INFO - [2024-11-11T06:48:04.977+0000] {dag.py:4180} INFO - Setting next_dagrun for example_nested_branch_dag to 2024-11-10 00:00:00+00:00, run_after=2024-11-11 00:00:00+00:00
[2024-11-11T06:48:05.015+0000] {processor.py:208} INFO - Processing /home/airflow/.local/lib/python3.12/site-packages/airflow/example_dags/example_nested_branch_dag.py took 0.188 seconds
[2024-11-11T06:48:35.684+0000] {processor.py:186} INFO - Started process (PID=2431) to work on /home/airflow/.local/lib/python3.12/site-packages/airflow/example_dags/example_nested_branch_dag.py
[2024-11-11T06:48:35.686+0000] {processor.py:914} INFO - Processing file /home/airflow/.local/lib/python3.12/site-packages/airflow/example_dags/example_nested_branch_dag.py for tasks to queue
[2024-11-11T06:48:35.692+0000] {logging_mixin.py:190} INFO - [2024-11-11T06:48:35.691+0000] {dagbag.py:588} INFO - Filling up the DagBag from /home/airflow/.local/lib/python3.12/site-packages/airflow/example_dags/example_nested_branch_dag.py
[2024-11-11T06:48:35.719+0000] {processor.py:925} INFO - DAG(s) 'example_nested_branch_dag' retrieved from /home/airflow/.local/lib/python3.12/site-packages/airflow/example_dags/example_nested_branch_dag.py
[2024-11-11T06:48:35.773+0000] {logging_mixin.py:190} INFO - [2024-11-11T06:48:35.772+0000] {dag.py:3239} INFO - Sync 1 DAGs
[2024-11-11T06:48:35.822+0000] {logging_mixin.py:190} INFO - [2024-11-11T06:48:35.821+0000] {dag.py:4180} INFO - Setting next_dagrun for example_nested_branch_dag to 2024-11-10 00:00:00+00:00, run_after=2024-11-11 00:00:00+00:00
[2024-11-11T06:48:35.874+0000] {processor.py:208} INFO - Processing /home/airflow/.local/lib/python3.12/site-packages/airflow/example_dags/example_nested_branch_dag.py took 0.203 seconds
[2024-11-11T06:49:06.901+0000] {processor.py:186} INFO - Started process (PID=2722) to work on /home/airflow/.local/lib/python3.12/site-packages/airflow/example_dags/example_nested_branch_dag.py
[2024-11-11T06:49:06.903+0000] {processor.py:914} INFO - Processing file /home/airflow/.local/lib/python3.12/site-packages/airflow/example_dags/example_nested_branch_dag.py for tasks to queue
[2024-11-11T06:49:06.907+0000] {logging_mixin.py:190} INFO - [2024-11-11T06:49:06.907+0000] {dagbag.py:588} INFO - Filling up the DagBag from /home/airflow/.local/lib/python3.12/site-packages/airflow/example_dags/example_nested_branch_dag.py
[2024-11-11T06:49:06.932+0000] {processor.py:925} INFO - DAG(s) 'example_nested_branch_dag' retrieved from /home/airflow/.local/lib/python3.12/site-packages/airflow/example_dags/example_nested_branch_dag.py
[2024-11-11T06:49:06.973+0000] {logging_mixin.py:190} INFO - [2024-11-11T06:49:06.972+0000] {dag.py:3239} INFO - Sync 1 DAGs
[2024-11-11T06:49:07.019+0000] {logging_mixin.py:190} INFO - [2024-11-11T06:49:07.018+0000] {dag.py:4180} INFO - Setting next_dagrun for example_nested_branch_dag to 2024-11-10 00:00:00+00:00, run_after=2024-11-11 00:00:00+00:00
[2024-11-11T06:49:07.052+0000] {processor.py:208} INFO - Processing /home/airflow/.local/lib/python3.12/site-packages/airflow/example_dags/example_nested_branch_dag.py took 0.164 seconds
[2024-11-11T06:49:38.295+0000] {processor.py:186} INFO - Started process (PID=3008) to work on /home/airflow/.local/lib/python3.12/site-packages/airflow/example_dags/example_nested_branch_dag.py
[2024-11-11T06:49:38.296+0000] {processor.py:914} INFO - Processing file /home/airflow/.local/lib/python3.12/site-packages/airflow/example_dags/example_nested_branch_dag.py for tasks to queue
[2024-11-11T06:49:38.300+0000] {logging_mixin.py:190} INFO - [2024-11-11T06:49:38.299+0000] {dagbag.py:588} INFO - Filling up the DagBag from /home/airflow/.local/lib/python3.12/site-packages/airflow/example_dags/example_nested_branch_dag.py
[2024-11-11T06:49:38.322+0000] {processor.py:925} INFO - DAG(s) 'example_nested_branch_dag' retrieved from /home/airflow/.local/lib/python3.12/site-packages/airflow/example_dags/example_nested_branch_dag.py
[2024-11-11T06:49:38.362+0000] {logging_mixin.py:190} INFO - [2024-11-11T06:49:38.361+0000] {dag.py:3239} INFO - Sync 1 DAGs
[2024-11-11T06:49:38.409+0000] {logging_mixin.py:190} INFO - [2024-11-11T06:49:38.408+0000] {dag.py:4180} INFO - Setting next_dagrun for example_nested_branch_dag to 2024-11-10 00:00:00+00:00, run_after=2024-11-11 00:00:00+00:00
[2024-11-11T06:49:38.445+0000] {processor.py:208} INFO - Processing /home/airflow/.local/lib/python3.12/site-packages/airflow/example_dags/example_nested_branch_dag.py took 0.161 seconds
[2024-11-11T06:50:09.706+0000] {processor.py:186} INFO - Started process (PID=3299) to work on /home/airflow/.local/lib/python3.12/site-packages/airflow/example_dags/example_nested_branch_dag.py
[2024-11-11T06:50:09.709+0000] {processor.py:914} INFO - Processing file /home/airflow/.local/lib/python3.12/site-packages/airflow/example_dags/example_nested_branch_dag.py for tasks to queue
[2024-11-11T06:50:09.715+0000] {logging_mixin.py:190} INFO - [2024-11-11T06:50:09.714+0000] {dagbag.py:588} INFO - Filling up the DagBag from /home/airflow/.local/lib/python3.12/site-packages/airflow/example_dags/example_nested_branch_dag.py
[2024-11-11T06:50:09.753+0000] {processor.py:925} INFO - DAG(s) 'example_nested_branch_dag' retrieved from /home/airflow/.local/lib/python3.12/site-packages/airflow/example_dags/example_nested_branch_dag.py
[2024-11-11T06:50:09.816+0000] {logging_mixin.py:190} INFO - [2024-11-11T06:50:09.815+0000] {dag.py:3239} INFO - Sync 1 DAGs
[2024-11-11T06:50:09.887+0000] {logging_mixin.py:190} INFO - [2024-11-11T06:50:09.886+0000] {dag.py:4180} INFO - Setting next_dagrun for example_nested_branch_dag to 2024-11-10 00:00:00+00:00, run_after=2024-11-11 00:00:00+00:00
[2024-11-11T06:50:09.922+0000] {processor.py:208} INFO - Processing /home/airflow/.local/lib/python3.12/site-packages/airflow/example_dags/example_nested_branch_dag.py took 0.233 seconds
[2024-11-11T06:50:42.863+0000] {processor.py:186} INFO - Started process (PID=3595) to work on /home/airflow/.local/lib/python3.12/site-packages/airflow/example_dags/example_nested_branch_dag.py
[2024-11-11T06:50:42.866+0000] {processor.py:914} INFO - Processing file /home/airflow/.local/lib/python3.12/site-packages/airflow/example_dags/example_nested_branch_dag.py for tasks to queue
[2024-11-11T06:50:42.874+0000] {logging_mixin.py:190} INFO - [2024-11-11T06:50:42.871+0000] {dagbag.py:588} INFO - Filling up the DagBag from /home/airflow/.local/lib/python3.12/site-packages/airflow/example_dags/example_nested_branch_dag.py
[2024-11-11T06:50:42.903+0000] {processor.py:925} INFO - DAG(s) 'example_nested_branch_dag' retrieved from /home/airflow/.local/lib/python3.12/site-packages/airflow/example_dags/example_nested_branch_dag.py
[2024-11-11T06:50:42.958+0000] {logging_mixin.py:190} INFO - [2024-11-11T06:50:42.957+0000] {dag.py:3239} INFO - Sync 1 DAGs
[2024-11-11T06:50:43.022+0000] {logging_mixin.py:190} INFO - [2024-11-11T06:50:43.021+0000] {dag.py:4180} INFO - Setting next_dagrun for example_nested_branch_dag to 2024-11-10 00:00:00+00:00, run_after=2024-11-11 00:00:00+00:00
[2024-11-11T06:50:43.070+0000] {processor.py:208} INFO - Processing /home/airflow/.local/lib/python3.12/site-packages/airflow/example_dags/example_nested_branch_dag.py took 0.225 seconds
[2024-11-11T06:51:14.080+0000] {processor.py:186} INFO - Started process (PID=3886) to work on /home/airflow/.local/lib/python3.12/site-packages/airflow/example_dags/example_nested_branch_dag.py
[2024-11-11T06:51:14.083+0000] {processor.py:914} INFO - Processing file /home/airflow/.local/lib/python3.12/site-packages/airflow/example_dags/example_nested_branch_dag.py for tasks to queue
[2024-11-11T06:51:14.087+0000] {logging_mixin.py:190} INFO - [2024-11-11T06:51:14.087+0000] {dagbag.py:588} INFO - Filling up the DagBag from /home/airflow/.local/lib/python3.12/site-packages/airflow/example_dags/example_nested_branch_dag.py
[2024-11-11T06:51:14.109+0000] {processor.py:925} INFO - DAG(s) 'example_nested_branch_dag' retrieved from /home/airflow/.local/lib/python3.12/site-packages/airflow/example_dags/example_nested_branch_dag.py
[2024-11-11T06:51:14.146+0000] {logging_mixin.py:190} INFO - [2024-11-11T06:51:14.146+0000] {dag.py:3239} INFO - Sync 1 DAGs
[2024-11-11T06:51:14.198+0000] {logging_mixin.py:190} INFO - [2024-11-11T06:51:14.198+0000] {dag.py:4180} INFO - Setting next_dagrun for example_nested_branch_dag to 2024-11-10 00:00:00+00:00, run_after=2024-11-11 00:00:00+00:00
[2024-11-11T06:51:14.228+0000] {processor.py:208} INFO - Processing /home/airflow/.local/lib/python3.12/site-packages/airflow/example_dags/example_nested_branch_dag.py took 0.164 seconds
[2024-11-11T06:51:45.139+0000] {processor.py:186} INFO - Started process (PID=4172) to work on /home/airflow/.local/lib/python3.12/site-packages/airflow/example_dags/example_nested_branch_dag.py
[2024-11-11T06:51:45.141+0000] {processor.py:914} INFO - Processing file /home/airflow/.local/lib/python3.12/site-packages/airflow/example_dags/example_nested_branch_dag.py for tasks to queue
[2024-11-11T06:51:45.145+0000] {logging_mixin.py:190} INFO - [2024-11-11T06:51:45.144+0000] {dagbag.py:588} INFO - Filling up the DagBag from /home/airflow/.local/lib/python3.12/site-packages/airflow/example_dags/example_nested_branch_dag.py
[2024-11-11T06:51:45.165+0000] {processor.py:925} INFO - DAG(s) 'example_nested_branch_dag' retrieved from /home/airflow/.local/lib/python3.12/site-packages/airflow/example_dags/example_nested_branch_dag.py
[2024-11-11T06:51:45.206+0000] {logging_mixin.py:190} INFO - [2024-11-11T06:51:45.206+0000] {dag.py:3239} INFO - Sync 1 DAGs
[2024-11-11T06:51:45.254+0000] {logging_mixin.py:190} INFO - [2024-11-11T06:51:45.253+0000] {dag.py:4180} INFO - Setting next_dagrun for example_nested_branch_dag to 2024-11-10 00:00:00+00:00, run_after=2024-11-11 00:00:00+00:00
[2024-11-11T06:51:45.293+0000] {processor.py:208} INFO - Processing /home/airflow/.local/lib/python3.12/site-packages/airflow/example_dags/example_nested_branch_dag.py took 0.164 seconds
[2024-11-11T06:52:17.765+0000] {processor.py:186} INFO - Started process (PID=4468) to work on /home/airflow/.local/lib/python3.12/site-packages/airflow/example_dags/example_nested_branch_dag.py
[2024-11-11T06:52:17.767+0000] {processor.py:914} INFO - Processing file /home/airflow/.local/lib/python3.12/site-packages/airflow/example_dags/example_nested_branch_dag.py for tasks to queue
[2024-11-11T06:52:17.771+0000] {logging_mixin.py:190} INFO - [2024-11-11T06:52:17.770+0000] {dagbag.py:588} INFO - Filling up the DagBag from /home/airflow/.local/lib/python3.12/site-packages/airflow/example_dags/example_nested_branch_dag.py
[2024-11-11T06:52:17.790+0000] {processor.py:925} INFO - DAG(s) 'example_nested_branch_dag' retrieved from /home/airflow/.local/lib/python3.12/site-packages/airflow/example_dags/example_nested_branch_dag.py
[2024-11-11T06:52:17.818+0000] {logging_mixin.py:190} INFO - [2024-11-11T06:52:17.818+0000] {dag.py:3239} INFO - Sync 1 DAGs
[2024-11-11T06:52:17.860+0000] {logging_mixin.py:190} INFO - [2024-11-11T06:52:17.859+0000] {dag.py:4180} INFO - Setting next_dagrun for example_nested_branch_dag to 2024-11-10 00:00:00+00:00, run_after=2024-11-11 00:00:00+00:00
[2024-11-11T06:52:17.894+0000] {processor.py:208} INFO - Processing /home/airflow/.local/lib/python3.12/site-packages/airflow/example_dags/example_nested_branch_dag.py took 0.137 seconds
