[2024-11-11T06:44:26.983+0000] {processor.py:186} INFO - Started process (PID=277) to work on /home/airflow/.local/lib/python3.12/site-packages/airflow/example_dags/example_dataset_alias.py
[2024-11-11T06:44:26.984+0000] {processor.py:914} INFO - Processing file /home/airflow/.local/lib/python3.12/site-packages/airflow/example_dags/example_dataset_alias.py for tasks to queue
[2024-11-11T06:44:26.989+0000] {logging_mixin.py:190} INFO - [2024-11-11T06:44:26.988+0000] {dagbag.py:588} INFO - Filling up the DagBag from /home/airflow/.local/lib/python3.12/site-packages/airflow/example_dags/example_dataset_alias.py
[2024-11-11T06:44:28.276+0000] {processor.py:925} INFO - DAG(s) 'dataset_s3_bucket_producer', 'dataset_alias_example_alias_consumer', 'dataset_s3_bucket_consumer', 'dataset_alias_example_alias_producer' retrieved from /home/airflow/.local/lib/python3.12/site-packages/airflow/example_dags/example_dataset_alias.py
[2024-11-11T06:44:28.625+0000] {logging_mixin.py:190} INFO - [2024-11-11T06:44:28.623+0000] {override.py:1911} INFO - Created Permission View: can delete on DAG:dataset_s3_bucket_producer
[2024-11-11T06:44:28.669+0000] {logging_mixin.py:190} INFO - [2024-11-11T06:44:28.668+0000] {override.py:1911} INFO - Created Permission View: can edit on DAG:dataset_s3_bucket_producer
[2024-11-11T06:44:28.687+0000] {logging_mixin.py:190} INFO - [2024-11-11T06:44:28.686+0000] {override.py:1911} INFO - Created Permission View: can read on DAG:dataset_s3_bucket_producer
[2024-11-11T06:44:28.708+0000] {logging_mixin.py:190} INFO - [2024-11-11T06:44:28.707+0000] {override.py:1911} INFO - Created Permission View: menu access on DAG Run:dataset_s3_bucket_producer
[2024-11-11T06:44:28.733+0000] {logging_mixin.py:190} INFO - [2024-11-11T06:44:28.733+0000] {override.py:1911} INFO - Created Permission View: can delete on DAG Run:dataset_s3_bucket_producer
[2024-11-11T06:44:28.752+0000] {logging_mixin.py:190} INFO - [2024-11-11T06:44:28.751+0000] {override.py:1911} INFO - Created Permission View: can create on DAG Run:dataset_s3_bucket_producer
[2024-11-11T06:44:28.777+0000] {logging_mixin.py:190} INFO - [2024-11-11T06:44:28.776+0000] {override.py:1911} INFO - Created Permission View: can read on DAG Run:dataset_s3_bucket_producer
[2024-11-11T06:44:28.819+0000] {logging_mixin.py:190} INFO - [2024-11-11T06:44:28.818+0000] {override.py:1911} INFO - Created Permission View: can delete on DAG:dataset_alias_example_alias_consumer
[2024-11-11T06:44:28.840+0000] {logging_mixin.py:190} INFO - [2024-11-11T06:44:28.839+0000] {override.py:1911} INFO - Created Permission View: can edit on DAG:dataset_alias_example_alias_consumer
[2024-11-11T06:44:28.858+0000] {logging_mixin.py:190} INFO - [2024-11-11T06:44:28.858+0000] {override.py:1911} INFO - Created Permission View: can read on DAG:dataset_alias_example_alias_consumer
[2024-11-11T06:44:28.880+0000] {logging_mixin.py:190} INFO - [2024-11-11T06:44:28.880+0000] {override.py:1911} INFO - Created Permission View: menu access on DAG Run:dataset_alias_example_alias_consumer
[2024-11-11T06:44:28.900+0000] {logging_mixin.py:190} INFO - [2024-11-11T06:44:28.899+0000] {override.py:1911} INFO - Created Permission View: can delete on DAG Run:dataset_alias_example_alias_consumer
[2024-11-11T06:44:28.919+0000] {logging_mixin.py:190} INFO - [2024-11-11T06:44:28.918+0000] {override.py:1911} INFO - Created Permission View: can create on DAG Run:dataset_alias_example_alias_consumer
[2024-11-11T06:44:28.935+0000] {logging_mixin.py:190} INFO - [2024-11-11T06:44:28.934+0000] {override.py:1911} INFO - Created Permission View: can read on DAG Run:dataset_alias_example_alias_consumer
[2024-11-11T06:44:28.966+0000] {logging_mixin.py:190} INFO - [2024-11-11T06:44:28.965+0000] {override.py:1911} INFO - Created Permission View: can delete on DAG:dataset_s3_bucket_consumer
[2024-11-11T06:44:28.980+0000] {logging_mixin.py:190} INFO - [2024-11-11T06:44:28.979+0000] {override.py:1911} INFO - Created Permission View: can edit on DAG:dataset_s3_bucket_consumer
[2024-11-11T06:44:28.992+0000] {logging_mixin.py:190} INFO - [2024-11-11T06:44:28.992+0000] {override.py:1911} INFO - Created Permission View: can read on DAG:dataset_s3_bucket_consumer
[2024-11-11T06:44:29.005+0000] {logging_mixin.py:190} INFO - [2024-11-11T06:44:29.005+0000] {override.py:1911} INFO - Created Permission View: menu access on DAG Run:dataset_s3_bucket_consumer
[2024-11-11T06:44:29.020+0000] {logging_mixin.py:190} INFO - [2024-11-11T06:44:29.019+0000] {override.py:1911} INFO - Created Permission View: can delete on DAG Run:dataset_s3_bucket_consumer
[2024-11-11T06:44:29.032+0000] {logging_mixin.py:190} INFO - [2024-11-11T06:44:29.032+0000] {override.py:1911} INFO - Created Permission View: can create on DAG Run:dataset_s3_bucket_consumer
[2024-11-11T06:44:29.042+0000] {logging_mixin.py:190} INFO - [2024-11-11T06:44:29.042+0000] {override.py:1911} INFO - Created Permission View: can read on DAG Run:dataset_s3_bucket_consumer
[2024-11-11T06:44:29.058+0000] {logging_mixin.py:190} INFO - [2024-11-11T06:44:29.058+0000] {override.py:1911} INFO - Created Permission View: can delete on DAG:dataset_alias_example_alias_producer
[2024-11-11T06:44:29.068+0000] {logging_mixin.py:190} INFO - [2024-11-11T06:44:29.068+0000] {override.py:1911} INFO - Created Permission View: can edit on DAG:dataset_alias_example_alias_producer
[2024-11-11T06:44:29.081+0000] {logging_mixin.py:190} INFO - [2024-11-11T06:44:29.080+0000] {override.py:1911} INFO - Created Permission View: can read on DAG:dataset_alias_example_alias_producer
[2024-11-11T06:44:29.094+0000] {logging_mixin.py:190} INFO - [2024-11-11T06:44:29.093+0000] {override.py:1911} INFO - Created Permission View: menu access on DAG Run:dataset_alias_example_alias_producer
[2024-11-11T06:44:29.105+0000] {logging_mixin.py:190} INFO - [2024-11-11T06:44:29.105+0000] {override.py:1911} INFO - Created Permission View: can delete on DAG Run:dataset_alias_example_alias_producer
[2024-11-11T06:44:29.119+0000] {logging_mixin.py:190} INFO - [2024-11-11T06:44:29.119+0000] {override.py:1911} INFO - Created Permission View: can create on DAG Run:dataset_alias_example_alias_producer
[2024-11-11T06:44:29.131+0000] {logging_mixin.py:190} INFO - [2024-11-11T06:44:29.131+0000] {override.py:1911} INFO - Created Permission View: can read on DAG Run:dataset_alias_example_alias_producer
[2024-11-11T06:44:29.134+0000] {logging_mixin.py:190} INFO - [2024-11-11T06:44:29.132+0000] {dag.py:3239} INFO - Sync 4 DAGs
[2024-11-11T06:44:29.178+0000] {logging_mixin.py:190} INFO - [2024-11-11T06:44:29.177+0000] {dag.py:3262} INFO - Creating ORM DAG for dataset_alias_example_alias_consumer
[2024-11-11T06:44:29.181+0000] {logging_mixin.py:190} INFO - [2024-11-11T06:44:29.181+0000] {dag.py:3262} INFO - Creating ORM DAG for dataset_alias_example_alias_producer
[2024-11-11T06:44:29.183+0000] {logging_mixin.py:190} INFO - [2024-11-11T06:44:29.183+0000] {dag.py:3262} INFO - Creating ORM DAG for dataset_s3_bucket_producer
[2024-11-11T06:44:29.186+0000] {logging_mixin.py:190} INFO - [2024-11-11T06:44:29.185+0000] {dag.py:3262} INFO - Creating ORM DAG for dataset_s3_bucket_consumer
[2024-11-11T06:44:29.224+0000] {logging_mixin.py:190} INFO - [2024-11-11T06:44:29.224+0000] {dag.py:4180} INFO - Setting next_dagrun for dataset_alias_example_alias_consumer to None, run_after=None
[2024-11-11T06:44:29.226+0000] {logging_mixin.py:190} INFO - [2024-11-11T06:44:29.226+0000] {dag.py:4180} INFO - Setting next_dagrun for dataset_alias_example_alias_producer to None, run_after=None
[2024-11-11T06:44:29.227+0000] {logging_mixin.py:190} INFO - [2024-11-11T06:44:29.227+0000] {dag.py:4180} INFO - Setting next_dagrun for dataset_s3_bucket_consumer to None, run_after=None
[2024-11-11T06:44:29.229+0000] {logging_mixin.py:190} INFO - [2024-11-11T06:44:29.228+0000] {dag.py:4180} INFO - Setting next_dagrun for dataset_s3_bucket_producer to None, run_after=None
[2024-11-11T06:44:29.311+0000] {processor.py:208} INFO - Processing /home/airflow/.local/lib/python3.12/site-packages/airflow/example_dags/example_dataset_alias.py took 2.339 seconds
[2024-11-11T06:45:07.944+0000] {processor.py:186} INFO - Started process (PID=575) to work on /home/airflow/.local/lib/python3.12/site-packages/airflow/example_dags/example_dataset_alias.py
[2024-11-11T06:45:07.947+0000] {processor.py:914} INFO - Processing file /home/airflow/.local/lib/python3.12/site-packages/airflow/example_dags/example_dataset_alias.py for tasks to queue
[2024-11-11T06:45:07.960+0000] {logging_mixin.py:190} INFO - [2024-11-11T06:45:07.959+0000] {dagbag.py:588} INFO - Filling up the DagBag from /home/airflow/.local/lib/python3.12/site-packages/airflow/example_dags/example_dataset_alias.py
[2024-11-11T06:45:10.528+0000] {processor.py:925} INFO - DAG(s) 'dataset_alias_example_alias_producer', 'dataset_s3_bucket_consumer', 'dataset_alias_example_alias_consumer', 'dataset_s3_bucket_producer' retrieved from /home/airflow/.local/lib/python3.12/site-packages/airflow/example_dags/example_dataset_alias.py
[2024-11-11T06:45:10.617+0000] {logging_mixin.py:190} INFO - [2024-11-11T06:45:10.607+0000] {dag.py:3239} INFO - Sync 4 DAGs
[2024-11-11T06:45:10.736+0000] {logging_mixin.py:190} INFO - [2024-11-11T06:45:10.735+0000] {dag.py:4180} INFO - Setting next_dagrun for dataset_alias_example_alias_consumer to None, run_after=None
[2024-11-11T06:45:10.751+0000] {logging_mixin.py:190} INFO - [2024-11-11T06:45:10.750+0000] {dag.py:4180} INFO - Setting next_dagrun for dataset_alias_example_alias_producer to None, run_after=None
[2024-11-11T06:45:10.767+0000] {logging_mixin.py:190} INFO - [2024-11-11T06:45:10.766+0000] {dag.py:4180} INFO - Setting next_dagrun for dataset_s3_bucket_consumer to None, run_after=None
[2024-11-11T06:45:10.782+0000] {logging_mixin.py:190} INFO - [2024-11-11T06:45:10.782+0000] {dag.py:4180} INFO - Setting next_dagrun for dataset_s3_bucket_producer to None, run_after=None
[2024-11-11T06:45:10.943+0000] {processor.py:208} INFO - Processing /home/airflow/.local/lib/python3.12/site-packages/airflow/example_dags/example_dataset_alias.py took 3.022 seconds
[2024-11-11T06:45:52.423+0000] {processor.py:186} INFO - Started process (PID=893) to work on /home/airflow/.local/lib/python3.12/site-packages/airflow/example_dags/example_dataset_alias.py
[2024-11-11T06:45:52.427+0000] {processor.py:914} INFO - Processing file /home/airflow/.local/lib/python3.12/site-packages/airflow/example_dags/example_dataset_alias.py for tasks to queue
[2024-11-11T06:45:52.440+0000] {logging_mixin.py:190} INFO - [2024-11-11T06:45:52.440+0000] {dagbag.py:588} INFO - Filling up the DagBag from /home/airflow/.local/lib/python3.12/site-packages/airflow/example_dags/example_dataset_alias.py
[2024-11-11T06:45:55.526+0000] {processor.py:925} INFO - DAG(s) 'dataset_s3_bucket_producer', 'dataset_s3_bucket_consumer', 'dataset_alias_example_alias_producer', 'dataset_alias_example_alias_consumer' retrieved from /home/airflow/.local/lib/python3.12/site-packages/airflow/example_dags/example_dataset_alias.py
[2024-11-11T06:45:55.667+0000] {logging_mixin.py:190} INFO - [2024-11-11T06:45:55.657+0000] {dag.py:3239} INFO - Sync 4 DAGs
[2024-11-11T06:45:55.805+0000] {logging_mixin.py:190} INFO - [2024-11-11T06:45:55.804+0000] {dag.py:4180} INFO - Setting next_dagrun for dataset_alias_example_alias_consumer to None, run_after=None
[2024-11-11T06:45:55.822+0000] {logging_mixin.py:190} INFO - [2024-11-11T06:45:55.822+0000] {dag.py:4180} INFO - Setting next_dagrun for dataset_alias_example_alias_producer to None, run_after=None
[2024-11-11T06:45:55.835+0000] {logging_mixin.py:190} INFO - [2024-11-11T06:45:55.827+0000] {dag.py:4180} INFO - Setting next_dagrun for dataset_s3_bucket_consumer to None, run_after=None
[2024-11-11T06:45:55.840+0000] {logging_mixin.py:190} INFO - [2024-11-11T06:45:55.839+0000] {dag.py:4180} INFO - Setting next_dagrun for dataset_s3_bucket_producer to None, run_after=None
[2024-11-11T06:45:55.963+0000] {processor.py:208} INFO - Processing /home/airflow/.local/lib/python3.12/site-packages/airflow/example_dags/example_dataset_alias.py took 3.563 seconds
[2024-11-11T06:46:26.868+0000] {processor.py:186} INFO - Started process (PID=1204) to work on /home/airflow/.local/lib/python3.12/site-packages/airflow/example_dags/example_dataset_alias.py
[2024-11-11T06:46:26.885+0000] {processor.py:914} INFO - Processing file /home/airflow/.local/lib/python3.12/site-packages/airflow/example_dags/example_dataset_alias.py for tasks to queue
[2024-11-11T06:46:26.889+0000] {logging_mixin.py:190} INFO - [2024-11-11T06:46:26.889+0000] {dagbag.py:588} INFO - Filling up the DagBag from /home/airflow/.local/lib/python3.12/site-packages/airflow/example_dags/example_dataset_alias.py
[2024-11-11T06:46:28.541+0000] {processor.py:925} INFO - DAG(s) 'dataset_alias_example_alias_producer', 'dataset_s3_bucket_consumer', 'dataset_alias_example_alias_consumer', 'dataset_s3_bucket_producer' retrieved from /home/airflow/.local/lib/python3.12/site-packages/airflow/example_dags/example_dataset_alias.py
[2024-11-11T06:46:28.607+0000] {logging_mixin.py:190} INFO - [2024-11-11T06:46:28.606+0000] {dag.py:3239} INFO - Sync 4 DAGs
[2024-11-11T06:46:28.675+0000] {logging_mixin.py:190} INFO - [2024-11-11T06:46:28.674+0000] {dag.py:4180} INFO - Setting next_dagrun for dataset_alias_example_alias_consumer to None, run_after=None
[2024-11-11T06:46:28.686+0000] {logging_mixin.py:190} INFO - [2024-11-11T06:46:28.685+0000] {dag.py:4180} INFO - Setting next_dagrun for dataset_alias_example_alias_producer to None, run_after=None
[2024-11-11T06:46:28.691+0000] {logging_mixin.py:190} INFO - [2024-11-11T06:46:28.691+0000] {dag.py:4180} INFO - Setting next_dagrun for dataset_s3_bucket_consumer to None, run_after=None
[2024-11-11T06:46:28.695+0000] {logging_mixin.py:190} INFO - [2024-11-11T06:46:28.695+0000] {dag.py:4180} INFO - Setting next_dagrun for dataset_s3_bucket_producer to None, run_after=None
[2024-11-11T06:46:28.769+0000] {processor.py:208} INFO - Processing /home/airflow/.local/lib/python3.12/site-packages/airflow/example_dags/example_dataset_alias.py took 1.911 seconds
[2024-11-11T06:46:59.130+0000] {processor.py:186} INFO - Started process (PID=1520) to work on /home/airflow/.local/lib/python3.12/site-packages/airflow/example_dags/example_dataset_alias.py
[2024-11-11T06:46:59.134+0000] {processor.py:914} INFO - Processing file /home/airflow/.local/lib/python3.12/site-packages/airflow/example_dags/example_dataset_alias.py for tasks to queue
[2024-11-11T06:46:59.137+0000] {logging_mixin.py:190} INFO - [2024-11-11T06:46:59.137+0000] {dagbag.py:588} INFO - Filling up the DagBag from /home/airflow/.local/lib/python3.12/site-packages/airflow/example_dags/example_dataset_alias.py
[2024-11-11T06:47:00.219+0000] {processor.py:925} INFO - DAG(s) 'dataset_alias_example_alias_consumer', 'dataset_s3_bucket_consumer', 'dataset_s3_bucket_producer', 'dataset_alias_example_alias_producer' retrieved from /home/airflow/.local/lib/python3.12/site-packages/airflow/example_dags/example_dataset_alias.py
[2024-11-11T06:47:00.267+0000] {logging_mixin.py:190} INFO - [2024-11-11T06:47:00.266+0000] {dag.py:3239} INFO - Sync 4 DAGs
[2024-11-11T06:47:00.316+0000] {logging_mixin.py:190} INFO - [2024-11-11T06:47:00.316+0000] {dag.py:4180} INFO - Setting next_dagrun for dataset_alias_example_alias_consumer to None, run_after=None
[2024-11-11T06:47:00.324+0000] {logging_mixin.py:190} INFO - [2024-11-11T06:47:00.324+0000] {dag.py:4180} INFO - Setting next_dagrun for dataset_alias_example_alias_producer to None, run_after=None
[2024-11-11T06:47:00.329+0000] {logging_mixin.py:190} INFO - [2024-11-11T06:47:00.328+0000] {dag.py:4180} INFO - Setting next_dagrun for dataset_s3_bucket_consumer to None, run_after=None
[2024-11-11T06:47:00.332+0000] {logging_mixin.py:190} INFO - [2024-11-11T06:47:00.332+0000] {dag.py:4180} INFO - Setting next_dagrun for dataset_s3_bucket_producer to None, run_after=None
[2024-11-11T06:47:00.379+0000] {processor.py:208} INFO - Processing /home/airflow/.local/lib/python3.12/site-packages/airflow/example_dags/example_dataset_alias.py took 1.260 seconds
[2024-11-11T06:47:30.581+0000] {processor.py:186} INFO - Started process (PID=1836) to work on /home/airflow/.local/lib/python3.12/site-packages/airflow/example_dags/example_dataset_alias.py
[2024-11-11T06:47:30.583+0000] {processor.py:914} INFO - Processing file /home/airflow/.local/lib/python3.12/site-packages/airflow/example_dags/example_dataset_alias.py for tasks to queue
[2024-11-11T06:47:30.587+0000] {logging_mixin.py:190} INFO - [2024-11-11T06:47:30.586+0000] {dagbag.py:588} INFO - Filling up the DagBag from /home/airflow/.local/lib/python3.12/site-packages/airflow/example_dags/example_dataset_alias.py
[2024-11-11T06:47:31.614+0000] {processor.py:925} INFO - DAG(s) 'dataset_s3_bucket_producer', 'dataset_s3_bucket_consumer', 'dataset_alias_example_alias_producer', 'dataset_alias_example_alias_consumer' retrieved from /home/airflow/.local/lib/python3.12/site-packages/airflow/example_dags/example_dataset_alias.py
[2024-11-11T06:47:31.653+0000] {logging_mixin.py:190} INFO - [2024-11-11T06:47:31.652+0000] {dag.py:3239} INFO - Sync 4 DAGs
[2024-11-11T06:47:31.692+0000] {logging_mixin.py:190} INFO - [2024-11-11T06:47:31.692+0000] {dag.py:4180} INFO - Setting next_dagrun for dataset_alias_example_alias_consumer to None, run_after=None
[2024-11-11T06:47:31.697+0000] {logging_mixin.py:190} INFO - [2024-11-11T06:47:31.697+0000] {dag.py:4180} INFO - Setting next_dagrun for dataset_alias_example_alias_producer to None, run_after=None
[2024-11-11T06:47:31.700+0000] {logging_mixin.py:190} INFO - [2024-11-11T06:47:31.699+0000] {dag.py:4180} INFO - Setting next_dagrun for dataset_s3_bucket_consumer to None, run_after=None
[2024-11-11T06:47:31.702+0000] {logging_mixin.py:190} INFO - [2024-11-11T06:47:31.701+0000] {dag.py:4180} INFO - Setting next_dagrun for dataset_s3_bucket_producer to None, run_after=None
[2024-11-11T06:47:31.749+0000] {processor.py:208} INFO - Processing /home/airflow/.local/lib/python3.12/site-packages/airflow/example_dags/example_dataset_alias.py took 1.179 seconds
[2024-11-11T06:48:02.609+0000] {processor.py:186} INFO - Started process (PID=2092) to work on /home/airflow/.local/lib/python3.12/site-packages/airflow/example_dags/example_dataset_alias.py
[2024-11-11T06:48:02.611+0000] {processor.py:914} INFO - Processing file /home/airflow/.local/lib/python3.12/site-packages/airflow/example_dags/example_dataset_alias.py for tasks to queue
[2024-11-11T06:48:02.616+0000] {logging_mixin.py:190} INFO - [2024-11-11T06:48:02.615+0000] {dagbag.py:588} INFO - Filling up the DagBag from /home/airflow/.local/lib/python3.12/site-packages/airflow/example_dags/example_dataset_alias.py
[2024-11-11T06:48:04.327+0000] {processor.py:925} INFO - DAG(s) 'dataset_alias_example_alias_consumer', 'dataset_s3_bucket_consumer', 'dataset_s3_bucket_producer', 'dataset_alias_example_alias_producer' retrieved from /home/airflow/.local/lib/python3.12/site-packages/airflow/example_dags/example_dataset_alias.py
[2024-11-11T06:48:04.370+0000] {logging_mixin.py:190} INFO - [2024-11-11T06:48:04.370+0000] {dag.py:3239} INFO - Sync 4 DAGs
[2024-11-11T06:48:04.418+0000] {logging_mixin.py:190} INFO - [2024-11-11T06:48:04.417+0000] {dag.py:4180} INFO - Setting next_dagrun for dataset_alias_example_alias_consumer to None, run_after=None
[2024-11-11T06:48:04.424+0000] {logging_mixin.py:190} INFO - [2024-11-11T06:48:04.423+0000] {dag.py:4180} INFO - Setting next_dagrun for dataset_alias_example_alias_producer to None, run_after=None
[2024-11-11T06:48:04.428+0000] {logging_mixin.py:190} INFO - [2024-11-11T06:48:04.428+0000] {dag.py:4180} INFO - Setting next_dagrun for dataset_s3_bucket_consumer to None, run_after=None
[2024-11-11T06:48:04.431+0000] {logging_mixin.py:190} INFO - [2024-11-11T06:48:04.430+0000] {dag.py:4180} INFO - Setting next_dagrun for dataset_s3_bucket_producer to None, run_after=None
[2024-11-11T06:48:04.491+0000] {processor.py:208} INFO - Processing /home/airflow/.local/lib/python3.12/site-packages/airflow/example_dags/example_dataset_alias.py took 1.897 seconds
[2024-11-11T06:48:34.694+0000] {processor.py:186} INFO - Started process (PID=2406) to work on /home/airflow/.local/lib/python3.12/site-packages/airflow/example_dags/example_dataset_alias.py
[2024-11-11T06:48:34.697+0000] {processor.py:914} INFO - Processing file /home/airflow/.local/lib/python3.12/site-packages/airflow/example_dags/example_dataset_alias.py for tasks to queue
[2024-11-11T06:48:34.701+0000] {logging_mixin.py:190} INFO - [2024-11-11T06:48:34.701+0000] {dagbag.py:588} INFO - Filling up the DagBag from /home/airflow/.local/lib/python3.12/site-packages/airflow/example_dags/example_dataset_alias.py
[2024-11-11T06:48:35.720+0000] {processor.py:925} INFO - DAG(s) 'dataset_alias_example_alias_producer', 'dataset_s3_bucket_consumer', 'dataset_s3_bucket_producer', 'dataset_alias_example_alias_consumer' retrieved from /home/airflow/.local/lib/python3.12/site-packages/airflow/example_dags/example_dataset_alias.py
[2024-11-11T06:48:35.781+0000] {logging_mixin.py:190} INFO - [2024-11-11T06:48:35.780+0000] {dag.py:3239} INFO - Sync 4 DAGs
[2024-11-11T06:48:35.830+0000] {logging_mixin.py:190} INFO - [2024-11-11T06:48:35.829+0000] {dag.py:4180} INFO - Setting next_dagrun for dataset_alias_example_alias_consumer to None, run_after=None
[2024-11-11T06:48:35.835+0000] {logging_mixin.py:190} INFO - [2024-11-11T06:48:35.835+0000] {dag.py:4180} INFO - Setting next_dagrun for dataset_alias_example_alias_producer to None, run_after=None
[2024-11-11T06:48:35.840+0000] {logging_mixin.py:190} INFO - [2024-11-11T06:48:35.839+0000] {dag.py:4180} INFO - Setting next_dagrun for dataset_s3_bucket_consumer to None, run_after=None
[2024-11-11T06:48:35.843+0000] {logging_mixin.py:190} INFO - [2024-11-11T06:48:35.842+0000] {dag.py:4180} INFO - Setting next_dagrun for dataset_s3_bucket_producer to None, run_after=None
[2024-11-11T06:48:35.886+0000] {processor.py:208} INFO - Processing /home/airflow/.local/lib/python3.12/site-packages/airflow/example_dags/example_dataset_alias.py took 1.202 seconds
[2024-11-11T06:49:06.779+0000] {processor.py:186} INFO - Started process (PID=2717) to work on /home/airflow/.local/lib/python3.12/site-packages/airflow/example_dags/example_dataset_alias.py
[2024-11-11T06:49:06.781+0000] {processor.py:914} INFO - Processing file /home/airflow/.local/lib/python3.12/site-packages/airflow/example_dags/example_dataset_alias.py for tasks to queue
[2024-11-11T06:49:06.785+0000] {logging_mixin.py:190} INFO - [2024-11-11T06:49:06.784+0000] {dagbag.py:588} INFO - Filling up the DagBag from /home/airflow/.local/lib/python3.12/site-packages/airflow/example_dags/example_dataset_alias.py
[2024-11-11T06:49:07.930+0000] {processor.py:925} INFO - DAG(s) 'dataset_alias_example_alias_producer', 'dataset_s3_bucket_consumer', 'dataset_s3_bucket_producer', 'dataset_alias_example_alias_consumer' retrieved from /home/airflow/.local/lib/python3.12/site-packages/airflow/example_dags/example_dataset_alias.py
[2024-11-11T06:49:08.002+0000] {logging_mixin.py:190} INFO - [2024-11-11T06:49:08.001+0000] {dag.py:3239} INFO - Sync 4 DAGs
[2024-11-11T06:49:08.056+0000] {logging_mixin.py:190} INFO - [2024-11-11T06:49:08.055+0000] {dag.py:4180} INFO - Setting next_dagrun for dataset_alias_example_alias_consumer to None, run_after=None
[2024-11-11T06:49:08.065+0000] {logging_mixin.py:190} INFO - [2024-11-11T06:49:08.062+0000] {dag.py:4180} INFO - Setting next_dagrun for dataset_alias_example_alias_producer to None, run_after=None
[2024-11-11T06:49:08.070+0000] {logging_mixin.py:190} INFO - [2024-11-11T06:49:08.070+0000] {dag.py:4180} INFO - Setting next_dagrun for dataset_s3_bucket_consumer to None, run_after=None
[2024-11-11T06:49:08.080+0000] {logging_mixin.py:190} INFO - [2024-11-11T06:49:08.080+0000] {dag.py:4180} INFO - Setting next_dagrun for dataset_s3_bucket_producer to None, run_after=None
[2024-11-11T06:49:08.159+0000] {processor.py:208} INFO - Processing /home/airflow/.local/lib/python3.12/site-packages/airflow/example_dags/example_dataset_alias.py took 1.391 seconds
[2024-11-11T06:49:38.521+0000] {processor.py:186} INFO - Started process (PID=3018) to work on /home/airflow/.local/lib/python3.12/site-packages/airflow/example_dags/example_dataset_alias.py
[2024-11-11T06:49:38.523+0000] {processor.py:914} INFO - Processing file /home/airflow/.local/lib/python3.12/site-packages/airflow/example_dags/example_dataset_alias.py for tasks to queue
[2024-11-11T06:49:38.527+0000] {logging_mixin.py:190} INFO - [2024-11-11T06:49:38.526+0000] {dagbag.py:588} INFO - Filling up the DagBag from /home/airflow/.local/lib/python3.12/site-packages/airflow/example_dags/example_dataset_alias.py
[2024-11-11T06:49:39.708+0000] {processor.py:925} INFO - DAG(s) 'dataset_alias_example_alias_producer', 'dataset_s3_bucket_producer', 'dataset_s3_bucket_consumer', 'dataset_alias_example_alias_consumer' retrieved from /home/airflow/.local/lib/python3.12/site-packages/airflow/example_dags/example_dataset_alias.py
[2024-11-11T06:49:39.750+0000] {logging_mixin.py:190} INFO - [2024-11-11T06:49:39.748+0000] {dag.py:3239} INFO - Sync 4 DAGs
[2024-11-11T06:49:39.794+0000] {logging_mixin.py:190} INFO - [2024-11-11T06:49:39.793+0000] {dag.py:4180} INFO - Setting next_dagrun for dataset_alias_example_alias_consumer to None, run_after=None
[2024-11-11T06:49:39.799+0000] {logging_mixin.py:190} INFO - [2024-11-11T06:49:39.799+0000] {dag.py:4180} INFO - Setting next_dagrun for dataset_alias_example_alias_producer to None, run_after=None
[2024-11-11T06:49:39.803+0000] {logging_mixin.py:190} INFO - [2024-11-11T06:49:39.802+0000] {dag.py:4180} INFO - Setting next_dagrun for dataset_s3_bucket_consumer to None, run_after=None
[2024-11-11T06:49:39.807+0000] {logging_mixin.py:190} INFO - [2024-11-11T06:49:39.806+0000] {dag.py:4180} INFO - Setting next_dagrun for dataset_s3_bucket_producer to None, run_after=None
[2024-11-11T06:49:39.860+0000] {processor.py:208} INFO - Processing /home/airflow/.local/lib/python3.12/site-packages/airflow/example_dags/example_dataset_alias.py took 1.354 seconds
[2024-11-11T06:50:09.990+0000] {processor.py:186} INFO - Started process (PID=3309) to work on /home/airflow/.local/lib/python3.12/site-packages/airflow/example_dags/example_dataset_alias.py
[2024-11-11T06:50:09.991+0000] {processor.py:914} INFO - Processing file /home/airflow/.local/lib/python3.12/site-packages/airflow/example_dags/example_dataset_alias.py for tasks to queue
[2024-11-11T06:50:09.997+0000] {logging_mixin.py:190} INFO - [2024-11-11T06:50:09.996+0000] {dagbag.py:588} INFO - Filling up the DagBag from /home/airflow/.local/lib/python3.12/site-packages/airflow/example_dags/example_dataset_alias.py
[2024-11-11T06:50:10.964+0000] {processor.py:925} INFO - DAG(s) 'dataset_alias_example_alias_producer', 'dataset_s3_bucket_producer', 'dataset_alias_example_alias_consumer', 'dataset_s3_bucket_consumer' retrieved from /home/airflow/.local/lib/python3.12/site-packages/airflow/example_dags/example_dataset_alias.py
[2024-11-11T06:50:11.006+0000] {logging_mixin.py:190} INFO - [2024-11-11T06:50:11.004+0000] {dag.py:3239} INFO - Sync 4 DAGs
[2024-11-11T06:50:11.044+0000] {logging_mixin.py:190} INFO - [2024-11-11T06:50:11.044+0000] {dag.py:4180} INFO - Setting next_dagrun for dataset_alias_example_alias_consumer to None, run_after=None
[2024-11-11T06:50:11.051+0000] {logging_mixin.py:190} INFO - [2024-11-11T06:50:11.050+0000] {dag.py:4180} INFO - Setting next_dagrun for dataset_alias_example_alias_producer to None, run_after=None
[2024-11-11T06:50:11.055+0000] {logging_mixin.py:190} INFO - [2024-11-11T06:50:11.055+0000] {dag.py:4180} INFO - Setting next_dagrun for dataset_s3_bucket_consumer to None, run_after=None
[2024-11-11T06:50:11.058+0000] {logging_mixin.py:190} INFO - [2024-11-11T06:50:11.058+0000] {dag.py:4180} INFO - Setting next_dagrun for dataset_s3_bucket_producer to None, run_after=None
[2024-11-11T06:50:11.098+0000] {processor.py:208} INFO - Processing /home/airflow/.local/lib/python3.12/site-packages/airflow/example_dags/example_dataset_alias.py took 1.118 seconds
[2024-11-11T06:50:41.799+0000] {processor.py:186} INFO - Started process (PID=3570) to work on /home/airflow/.local/lib/python3.12/site-packages/airflow/example_dags/example_dataset_alias.py
[2024-11-11T06:50:41.801+0000] {processor.py:914} INFO - Processing file /home/airflow/.local/lib/python3.12/site-packages/airflow/example_dags/example_dataset_alias.py for tasks to queue
[2024-11-11T06:50:41.806+0000] {logging_mixin.py:190} INFO - [2024-11-11T06:50:41.805+0000] {dagbag.py:588} INFO - Filling up the DagBag from /home/airflow/.local/lib/python3.12/site-packages/airflow/example_dags/example_dataset_alias.py
[2024-11-11T06:50:43.028+0000] {processor.py:925} INFO - DAG(s) 'dataset_s3_bucket_consumer', 'dataset_alias_example_alias_consumer', 'dataset_alias_example_alias_producer', 'dataset_s3_bucket_producer' retrieved from /home/airflow/.local/lib/python3.12/site-packages/airflow/example_dags/example_dataset_alias.py
[2024-11-11T06:50:43.094+0000] {logging_mixin.py:190} INFO - [2024-11-11T06:50:43.093+0000] {dag.py:3239} INFO - Sync 4 DAGs
[2024-11-11T06:50:43.164+0000] {logging_mixin.py:190} INFO - [2024-11-11T06:50:43.163+0000] {dag.py:4180} INFO - Setting next_dagrun for dataset_alias_example_alias_consumer to None, run_after=None
[2024-11-11T06:50:43.174+0000] {logging_mixin.py:190} INFO - [2024-11-11T06:50:43.173+0000] {dag.py:4180} INFO - Setting next_dagrun for dataset_alias_example_alias_producer to None, run_after=None
[2024-11-11T06:50:43.179+0000] {logging_mixin.py:190} INFO - [2024-11-11T06:50:43.178+0000] {dag.py:4180} INFO - Setting next_dagrun for dataset_s3_bucket_consumer to None, run_after=None
[2024-11-11T06:50:43.184+0000] {logging_mixin.py:190} INFO - [2024-11-11T06:50:43.183+0000] {dag.py:4180} INFO - Setting next_dagrun for dataset_s3_bucket_producer to None, run_after=None
[2024-11-11T06:50:43.256+0000] {processor.py:208} INFO - Processing /home/airflow/.local/lib/python3.12/site-packages/airflow/example_dags/example_dataset_alias.py took 1.472 seconds
[2024-11-11T06:51:13.966+0000] {processor.py:186} INFO - Started process (PID=3881) to work on /home/airflow/.local/lib/python3.12/site-packages/airflow/example_dags/example_dataset_alias.py
[2024-11-11T06:51:13.967+0000] {processor.py:914} INFO - Processing file /home/airflow/.local/lib/python3.12/site-packages/airflow/example_dags/example_dataset_alias.py for tasks to queue
[2024-11-11T06:51:13.973+0000] {logging_mixin.py:190} INFO - [2024-11-11T06:51:13.972+0000] {dagbag.py:588} INFO - Filling up the DagBag from /home/airflow/.local/lib/python3.12/site-packages/airflow/example_dags/example_dataset_alias.py
[2024-11-11T06:51:14.916+0000] {processor.py:925} INFO - DAG(s) 'dataset_s3_bucket_producer', 'dataset_alias_example_alias_consumer', 'dataset_alias_example_alias_producer', 'dataset_s3_bucket_consumer' retrieved from /home/airflow/.local/lib/python3.12/site-packages/airflow/example_dags/example_dataset_alias.py
[2024-11-11T06:51:14.955+0000] {logging_mixin.py:190} INFO - [2024-11-11T06:51:14.954+0000] {dag.py:3239} INFO - Sync 4 DAGs
[2024-11-11T06:51:14.995+0000] {logging_mixin.py:190} INFO - [2024-11-11T06:51:14.995+0000] {dag.py:4180} INFO - Setting next_dagrun for dataset_alias_example_alias_consumer to None, run_after=None
[2024-11-11T06:51:15.000+0000] {logging_mixin.py:190} INFO - [2024-11-11T06:51:14.999+0000] {dag.py:4180} INFO - Setting next_dagrun for dataset_alias_example_alias_producer to None, run_after=None
[2024-11-11T06:51:15.003+0000] {logging_mixin.py:190} INFO - [2024-11-11T06:51:15.003+0000] {dag.py:4180} INFO - Setting next_dagrun for dataset_s3_bucket_consumer to None, run_after=None
[2024-11-11T06:51:15.006+0000] {logging_mixin.py:190} INFO - [2024-11-11T06:51:15.006+0000] {dag.py:4180} INFO - Setting next_dagrun for dataset_s3_bucket_producer to None, run_after=None
[2024-11-11T06:51:15.047+0000] {processor.py:208} INFO - Processing /home/airflow/.local/lib/python3.12/site-packages/airflow/example_dags/example_dataset_alias.py took 1.094 seconds
[2024-11-11T06:51:45.270+0000] {processor.py:186} INFO - Started process (PID=4177) to work on /home/airflow/.local/lib/python3.12/site-packages/airflow/example_dags/example_dataset_alias.py
[2024-11-11T06:51:45.272+0000] {processor.py:914} INFO - Processing file /home/airflow/.local/lib/python3.12/site-packages/airflow/example_dags/example_dataset_alias.py for tasks to queue
[2024-11-11T06:51:45.277+0000] {logging_mixin.py:190} INFO - [2024-11-11T06:51:45.276+0000] {dagbag.py:588} INFO - Filling up the DagBag from /home/airflow/.local/lib/python3.12/site-packages/airflow/example_dags/example_dataset_alias.py
[2024-11-11T06:51:46.253+0000] {processor.py:925} INFO - DAG(s) 'dataset_s3_bucket_producer', 'dataset_alias_example_alias_consumer', 'dataset_s3_bucket_consumer', 'dataset_alias_example_alias_producer' retrieved from /home/airflow/.local/lib/python3.12/site-packages/airflow/example_dags/example_dataset_alias.py
[2024-11-11T06:51:46.299+0000] {logging_mixin.py:190} INFO - [2024-11-11T06:51:46.298+0000] {dag.py:3239} INFO - Sync 4 DAGs
[2024-11-11T06:51:46.353+0000] {logging_mixin.py:190} INFO - [2024-11-11T06:51:46.353+0000] {dag.py:4180} INFO - Setting next_dagrun for dataset_alias_example_alias_consumer to None, run_after=None
[2024-11-11T06:51:46.357+0000] {logging_mixin.py:190} INFO - [2024-11-11T06:51:46.357+0000] {dag.py:4180} INFO - Setting next_dagrun for dataset_alias_example_alias_producer to None, run_after=None
[2024-11-11T06:51:46.364+0000] {logging_mixin.py:190} INFO - [2024-11-11T06:51:46.363+0000] {dag.py:4180} INFO - Setting next_dagrun for dataset_s3_bucket_consumer to None, run_after=None
[2024-11-11T06:51:46.367+0000] {logging_mixin.py:190} INFO - [2024-11-11T06:51:46.366+0000] {dag.py:4180} INFO - Setting next_dagrun for dataset_s3_bucket_producer to None, run_after=None
[2024-11-11T06:51:46.410+0000] {processor.py:208} INFO - Processing /home/airflow/.local/lib/python3.12/site-packages/airflow/example_dags/example_dataset_alias.py took 1.150 seconds
[2024-11-11T06:52:16.540+0000] {processor.py:186} INFO - Started process (PID=4433) to work on /home/airflow/.local/lib/python3.12/site-packages/airflow/example_dags/example_dataset_alias.py
[2024-11-11T06:52:16.541+0000] {processor.py:914} INFO - Processing file /home/airflow/.local/lib/python3.12/site-packages/airflow/example_dags/example_dataset_alias.py for tasks to queue
[2024-11-11T06:52:16.547+0000] {logging_mixin.py:190} INFO - [2024-11-11T06:52:16.547+0000] {dagbag.py:588} INFO - Filling up the DagBag from /home/airflow/.local/lib/python3.12/site-packages/airflow/example_dags/example_dataset_alias.py
[2024-11-11T06:52:17.525+0000] {processor.py:925} INFO - DAG(s) 'dataset_alias_example_alias_producer', 'dataset_s3_bucket_consumer', 'dataset_s3_bucket_producer', 'dataset_alias_example_alias_consumer' retrieved from /home/airflow/.local/lib/python3.12/site-packages/airflow/example_dags/example_dataset_alias.py
[2024-11-11T06:52:17.570+0000] {logging_mixin.py:190} INFO - [2024-11-11T06:52:17.569+0000] {dag.py:3239} INFO - Sync 4 DAGs
[2024-11-11T06:52:17.611+0000] {logging_mixin.py:190} INFO - [2024-11-11T06:52:17.611+0000] {dag.py:4180} INFO - Setting next_dagrun for dataset_alias_example_alias_consumer to None, run_after=None
[2024-11-11T06:52:17.618+0000] {logging_mixin.py:190} INFO - [2024-11-11T06:52:17.618+0000] {dag.py:4180} INFO - Setting next_dagrun for dataset_alias_example_alias_producer to None, run_after=None
[2024-11-11T06:52:17.621+0000] {logging_mixin.py:190} INFO - [2024-11-11T06:52:17.621+0000] {dag.py:4180} INFO - Setting next_dagrun for dataset_s3_bucket_consumer to None, run_after=None
[2024-11-11T06:52:17.623+0000] {logging_mixin.py:190} INFO - [2024-11-11T06:52:17.623+0000] {dag.py:4180} INFO - Setting next_dagrun for dataset_s3_bucket_producer to None, run_after=None
[2024-11-11T06:52:17.668+0000] {processor.py:208} INFO - Processing /home/airflow/.local/lib/python3.12/site-packages/airflow/example_dags/example_dataset_alias.py took 1.139 seconds
