[2024-11-11T06:43:58.451+0000] {processor.py:186} INFO - Started process (PID=186) to work on /home/airflow/.local/lib/python3.12/site-packages/airflow/example_dags/example_short_circuit_operator.py
[2024-11-11T06:43:58.453+0000] {processor.py:914} INFO - Processing file /home/airflow/.local/lib/python3.12/site-packages/airflow/example_dags/example_short_circuit_operator.py for tasks to queue
[2024-11-11T06:43:58.458+0000] {logging_mixin.py:190} INFO - [2024-11-11T06:43:58.458+0000] {dagbag.py:588} INFO - Filling up the DagBag from /home/airflow/.local/lib/python3.12/site-packages/airflow/example_dags/example_short_circuit_operator.py
[2024-11-11T06:43:58.499+0000] {processor.py:925} INFO - DAG(s) 'example_short_circuit_operator' retrieved from /home/airflow/.local/lib/python3.12/site-packages/airflow/example_dags/example_short_circuit_operator.py
[2024-11-11T06:43:59.543+0000] {logging_mixin.py:190} INFO - [2024-11-11T06:43:59.542+0000] {override.py:1911} INFO - Created Permission View: can delete on DAG:example_short_circuit_operator
[2024-11-11T06:43:59.559+0000] {logging_mixin.py:190} INFO - [2024-11-11T06:43:59.559+0000] {override.py:1911} INFO - Created Permission View: can edit on DAG:example_short_circuit_operator
[2024-11-11T06:43:59.571+0000] {logging_mixin.py:190} INFO - [2024-11-11T06:43:59.571+0000] {override.py:1911} INFO - Created Permission View: can read on DAG:example_short_circuit_operator
[2024-11-11T06:43:59.583+0000] {logging_mixin.py:190} INFO - [2024-11-11T06:43:59.583+0000] {override.py:1911} INFO - Created Permission View: menu access on DAG Run:example_short_circuit_operator
[2024-11-11T06:43:59.594+0000] {logging_mixin.py:190} INFO - [2024-11-11T06:43:59.594+0000] {override.py:1911} INFO - Created Permission View: can delete on DAG Run:example_short_circuit_operator
[2024-11-11T06:43:59.608+0000] {logging_mixin.py:190} INFO - [2024-11-11T06:43:59.607+0000] {override.py:1911} INFO - Created Permission View: can create on DAG Run:example_short_circuit_operator
[2024-11-11T06:43:59.620+0000] {logging_mixin.py:190} INFO - [2024-11-11T06:43:59.620+0000] {override.py:1911} INFO - Created Permission View: can read on DAG Run:example_short_circuit_operator
[2024-11-11T06:43:59.622+0000] {logging_mixin.py:190} INFO - [2024-11-11T06:43:59.621+0000] {dag.py:3239} INFO - Sync 1 DAGs
[2024-11-11T06:43:59.671+0000] {logging_mixin.py:190} INFO - [2024-11-11T06:43:59.671+0000] {dag.py:3262} INFO - Creating ORM DAG for example_short_circuit_operator
[2024-11-11T06:43:59.674+0000] {logging_mixin.py:190} INFO - [2024-11-11T06:43:59.674+0000] {dag.py:4180} INFO - Setting next_dagrun for example_short_circuit_operator to None, run_after=None
[2024-11-11T06:43:59.730+0000] {processor.py:208} INFO - Processing /home/airflow/.local/lib/python3.12/site-packages/airflow/example_dags/example_short_circuit_operator.py took 1.291 seconds
[2024-11-11T06:44:40.719+0000] {processor.py:186} INFO - Started process (PID=484) to work on /home/airflow/.local/lib/python3.12/site-packages/airflow/example_dags/example_short_circuit_operator.py
[2024-11-11T06:44:40.722+0000] {processor.py:914} INFO - Processing file /home/airflow/.local/lib/python3.12/site-packages/airflow/example_dags/example_short_circuit_operator.py for tasks to queue
[2024-11-11T06:44:40.725+0000] {logging_mixin.py:190} INFO - [2024-11-11T06:44:40.725+0000] {dagbag.py:588} INFO - Filling up the DagBag from /home/airflow/.local/lib/python3.12/site-packages/airflow/example_dags/example_short_circuit_operator.py
[2024-11-11T06:44:40.738+0000] {processor.py:925} INFO - DAG(s) 'example_short_circuit_operator' retrieved from /home/airflow/.local/lib/python3.12/site-packages/airflow/example_dags/example_short_circuit_operator.py
[2024-11-11T06:44:40.772+0000] {logging_mixin.py:190} INFO - [2024-11-11T06:44:40.772+0000] {dag.py:3239} INFO - Sync 1 DAGs
[2024-11-11T06:44:40.797+0000] {logging_mixin.py:190} INFO - [2024-11-11T06:44:40.797+0000] {dag.py:4180} INFO - Setting next_dagrun for example_short_circuit_operator to None, run_after=None
[2024-11-11T06:44:40.835+0000] {processor.py:208} INFO - Processing /home/airflow/.local/lib/python3.12/site-packages/airflow/example_dags/example_short_circuit_operator.py took 0.124 seconds
[2024-11-11T06:45:13.144+0000] {processor.py:186} INFO - Started process (PID=655) to work on /home/airflow/.local/lib/python3.12/site-packages/airflow/example_dags/example_short_circuit_operator.py
[2024-11-11T06:45:13.148+0000] {processor.py:914} INFO - Processing file /home/airflow/.local/lib/python3.12/site-packages/airflow/example_dags/example_short_circuit_operator.py for tasks to queue
[2024-11-11T06:45:13.151+0000] {logging_mixin.py:190} INFO - [2024-11-11T06:45:13.150+0000] {dagbag.py:588} INFO - Filling up the DagBag from /home/airflow/.local/lib/python3.12/site-packages/airflow/example_dags/example_short_circuit_operator.py
[2024-11-11T06:45:13.162+0000] {processor.py:925} INFO - DAG(s) 'example_short_circuit_operator' retrieved from /home/airflow/.local/lib/python3.12/site-packages/airflow/example_dags/example_short_circuit_operator.py
[2024-11-11T06:45:13.193+0000] {logging_mixin.py:190} INFO - [2024-11-11T06:45:13.192+0000] {dag.py:3239} INFO - Sync 1 DAGs
[2024-11-11T06:45:13.234+0000] {logging_mixin.py:190} INFO - [2024-11-11T06:45:13.234+0000] {dag.py:4180} INFO - Setting next_dagrun for example_short_circuit_operator to None, run_after=None
[2024-11-11T06:45:13.311+0000] {processor.py:208} INFO - Processing /home/airflow/.local/lib/python3.12/site-packages/airflow/example_dags/example_short_circuit_operator.py took 0.174 seconds
[2024-11-11T06:45:44.995+0000] {processor.py:186} INFO - Started process (PID=836) to work on /home/airflow/.local/lib/python3.12/site-packages/airflow/example_dags/example_short_circuit_operator.py
[2024-11-11T06:45:45.012+0000] {processor.py:914} INFO - Processing file /home/airflow/.local/lib/python3.12/site-packages/airflow/example_dags/example_short_circuit_operator.py for tasks to queue
[2024-11-11T06:45:45.017+0000] {logging_mixin.py:190} INFO - [2024-11-11T06:45:45.017+0000] {dagbag.py:588} INFO - Filling up the DagBag from /home/airflow/.local/lib/python3.12/site-packages/airflow/example_dags/example_short_circuit_operator.py
[2024-11-11T06:45:45.051+0000] {processor.py:925} INFO - DAG(s) 'example_short_circuit_operator' retrieved from /home/airflow/.local/lib/python3.12/site-packages/airflow/example_dags/example_short_circuit_operator.py
[2024-11-11T06:45:45.118+0000] {logging_mixin.py:190} INFO - [2024-11-11T06:45:45.115+0000] {dag.py:3239} INFO - Sync 1 DAGs
[2024-11-11T06:45:45.166+0000] {logging_mixin.py:190} INFO - [2024-11-11T06:45:45.166+0000] {dag.py:4180} INFO - Setting next_dagrun for example_short_circuit_operator to None, run_after=None
[2024-11-11T06:45:45.242+0000] {processor.py:208} INFO - Processing /home/airflow/.local/lib/python3.12/site-packages/airflow/example_dags/example_short_circuit_operator.py took 0.264 seconds
[2024-11-11T06:46:18.789+0000] {processor.py:186} INFO - Started process (PID=1112) to work on /home/airflow/.local/lib/python3.12/site-packages/airflow/example_dags/example_short_circuit_operator.py
[2024-11-11T06:46:18.796+0000] {processor.py:914} INFO - Processing file /home/airflow/.local/lib/python3.12/site-packages/airflow/example_dags/example_short_circuit_operator.py for tasks to queue
[2024-11-11T06:46:18.804+0000] {logging_mixin.py:190} INFO - [2024-11-11T06:46:18.803+0000] {dagbag.py:588} INFO - Filling up the DagBag from /home/airflow/.local/lib/python3.12/site-packages/airflow/example_dags/example_short_circuit_operator.py
[2024-11-11T06:46:18.836+0000] {processor.py:925} INFO - DAG(s) 'example_short_circuit_operator' retrieved from /home/airflow/.local/lib/python3.12/site-packages/airflow/example_dags/example_short_circuit_operator.py
[2024-11-11T06:46:18.909+0000] {logging_mixin.py:190} INFO - [2024-11-11T06:46:18.909+0000] {dag.py:3239} INFO - Sync 1 DAGs
[2024-11-11T06:46:18.961+0000] {logging_mixin.py:190} INFO - [2024-11-11T06:46:18.961+0000] {dag.py:4180} INFO - Setting next_dagrun for example_short_circuit_operator to None, run_after=None
[2024-11-11T06:46:19.000+0000] {processor.py:208} INFO - Processing /home/airflow/.local/lib/python3.12/site-packages/airflow/example_dags/example_short_circuit_operator.py took 0.231 seconds
[2024-11-11T06:46:51.314+0000] {processor.py:186} INFO - Started process (PID=1403) to work on /home/airflow/.local/lib/python3.12/site-packages/airflow/example_dags/example_short_circuit_operator.py
[2024-11-11T06:46:51.316+0000] {processor.py:914} INFO - Processing file /home/airflow/.local/lib/python3.12/site-packages/airflow/example_dags/example_short_circuit_operator.py for tasks to queue
[2024-11-11T06:46:51.321+0000] {logging_mixin.py:190} INFO - [2024-11-11T06:46:51.321+0000] {dagbag.py:588} INFO - Filling up the DagBag from /home/airflow/.local/lib/python3.12/site-packages/airflow/example_dags/example_short_circuit_operator.py
[2024-11-11T06:46:51.337+0000] {processor.py:925} INFO - DAG(s) 'example_short_circuit_operator' retrieved from /home/airflow/.local/lib/python3.12/site-packages/airflow/example_dags/example_short_circuit_operator.py
[2024-11-11T06:46:51.376+0000] {logging_mixin.py:190} INFO - [2024-11-11T06:46:51.375+0000] {dag.py:3239} INFO - Sync 1 DAGs
[2024-11-11T06:46:51.408+0000] {logging_mixin.py:190} INFO - [2024-11-11T06:46:51.408+0000] {dag.py:4180} INFO - Setting next_dagrun for example_short_circuit_operator to None, run_after=None
[2024-11-11T06:46:51.453+0000] {processor.py:208} INFO - Processing /home/airflow/.local/lib/python3.12/site-packages/airflow/example_dags/example_short_circuit_operator.py took 0.149 seconds
[2024-11-11T06:47:22.057+0000] {processor.py:186} INFO - Started process (PID=1679) to work on /home/airflow/.local/lib/python3.12/site-packages/airflow/example_dags/example_short_circuit_operator.py
[2024-11-11T06:47:22.058+0000] {processor.py:914} INFO - Processing file /home/airflow/.local/lib/python3.12/site-packages/airflow/example_dags/example_short_circuit_operator.py for tasks to queue
[2024-11-11T06:47:22.061+0000] {logging_mixin.py:190} INFO - [2024-11-11T06:47:22.060+0000] {dagbag.py:588} INFO - Filling up the DagBag from /home/airflow/.local/lib/python3.12/site-packages/airflow/example_dags/example_short_circuit_operator.py
[2024-11-11T06:47:22.071+0000] {processor.py:925} INFO - DAG(s) 'example_short_circuit_operator' retrieved from /home/airflow/.local/lib/python3.12/site-packages/airflow/example_dags/example_short_circuit_operator.py
[2024-11-11T06:47:22.098+0000] {logging_mixin.py:190} INFO - [2024-11-11T06:47:22.097+0000] {dag.py:3239} INFO - Sync 1 DAGs
[2024-11-11T06:47:22.114+0000] {logging_mixin.py:190} INFO - [2024-11-11T06:47:22.114+0000] {dag.py:4180} INFO - Setting next_dagrun for example_short_circuit_operator to None, run_after=None
[2024-11-11T06:47:22.137+0000] {processor.py:208} INFO - Processing /home/airflow/.local/lib/python3.12/site-packages/airflow/example_dags/example_short_circuit_operator.py took 0.087 seconds
[2024-11-11T06:47:54.442+0000] {processor.py:186} INFO - Started process (PID=1972) to work on /home/airflow/.local/lib/python3.12/site-packages/airflow/example_dags/example_short_circuit_operator.py
[2024-11-11T06:47:54.444+0000] {processor.py:914} INFO - Processing file /home/airflow/.local/lib/python3.12/site-packages/airflow/example_dags/example_short_circuit_operator.py for tasks to queue
[2024-11-11T06:47:54.450+0000] {logging_mixin.py:190} INFO - [2024-11-11T06:47:54.450+0000] {dagbag.py:588} INFO - Filling up the DagBag from /home/airflow/.local/lib/python3.12/site-packages/airflow/example_dags/example_short_circuit_operator.py
[2024-11-11T06:47:54.475+0000] {processor.py:925} INFO - DAG(s) 'example_short_circuit_operator' retrieved from /home/airflow/.local/lib/python3.12/site-packages/airflow/example_dags/example_short_circuit_operator.py
[2024-11-11T06:47:54.542+0000] {logging_mixin.py:190} INFO - [2024-11-11T06:47:54.541+0000] {dag.py:3239} INFO - Sync 1 DAGs
[2024-11-11T06:47:54.593+0000] {logging_mixin.py:190} INFO - [2024-11-11T06:47:54.593+0000] {dag.py:4180} INFO - Setting next_dagrun for example_short_circuit_operator to None, run_after=None
[2024-11-11T06:47:54.638+0000] {processor.py:208} INFO - Processing /home/airflow/.local/lib/python3.12/site-packages/airflow/example_dags/example_short_circuit_operator.py took 0.214 seconds
[2024-11-11T06:48:25.533+0000] {processor.py:186} INFO - Started process (PID=2261) to work on /home/airflow/.local/lib/python3.12/site-packages/airflow/example_dags/example_short_circuit_operator.py
[2024-11-11T06:48:25.534+0000] {processor.py:914} INFO - Processing file /home/airflow/.local/lib/python3.12/site-packages/airflow/example_dags/example_short_circuit_operator.py for tasks to queue
[2024-11-11T06:48:25.539+0000] {logging_mixin.py:190} INFO - [2024-11-11T06:48:25.538+0000] {dagbag.py:588} INFO - Filling up the DagBag from /home/airflow/.local/lib/python3.12/site-packages/airflow/example_dags/example_short_circuit_operator.py
[2024-11-11T06:48:25.568+0000] {processor.py:925} INFO - DAG(s) 'example_short_circuit_operator' retrieved from /home/airflow/.local/lib/python3.12/site-packages/airflow/example_dags/example_short_circuit_operator.py
[2024-11-11T06:48:25.625+0000] {logging_mixin.py:190} INFO - [2024-11-11T06:48:25.625+0000] {dag.py:3239} INFO - Sync 1 DAGs
[2024-11-11T06:48:25.662+0000] {logging_mixin.py:190} INFO - [2024-11-11T06:48:25.662+0000] {dag.py:4180} INFO - Setting next_dagrun for example_short_circuit_operator to None, run_after=None
[2024-11-11T06:48:25.704+0000] {processor.py:208} INFO - Processing /home/airflow/.local/lib/python3.12/site-packages/airflow/example_dags/example_short_circuit_operator.py took 0.191 seconds
[2024-11-11T06:48:57.343+0000] {processor.py:186} INFO - Started process (PID=2554) to work on /home/airflow/.local/lib/python3.12/site-packages/airflow/example_dags/example_short_circuit_operator.py
[2024-11-11T06:48:57.344+0000] {processor.py:914} INFO - Processing file /home/airflow/.local/lib/python3.12/site-packages/airflow/example_dags/example_short_circuit_operator.py for tasks to queue
[2024-11-11T06:48:57.349+0000] {logging_mixin.py:190} INFO - [2024-11-11T06:48:57.348+0000] {dagbag.py:588} INFO - Filling up the DagBag from /home/airflow/.local/lib/python3.12/site-packages/airflow/example_dags/example_short_circuit_operator.py
[2024-11-11T06:48:57.363+0000] {processor.py:925} INFO - DAG(s) 'example_short_circuit_operator' retrieved from /home/airflow/.local/lib/python3.12/site-packages/airflow/example_dags/example_short_circuit_operator.py
[2024-11-11T06:48:57.407+0000] {logging_mixin.py:190} INFO - [2024-11-11T06:48:57.406+0000] {dag.py:3239} INFO - Sync 1 DAGs
[2024-11-11T06:48:57.432+0000] {logging_mixin.py:190} INFO - [2024-11-11T06:48:57.432+0000] {dag.py:4180} INFO - Setting next_dagrun for example_short_circuit_operator to None, run_after=None
[2024-11-11T06:48:57.476+0000] {processor.py:208} INFO - Processing /home/airflow/.local/lib/python3.12/site-packages/airflow/example_dags/example_short_circuit_operator.py took 0.144 seconds
[2024-11-11T06:49:28.787+0000] {processor.py:186} INFO - Started process (PID=2843) to work on /home/airflow/.local/lib/python3.12/site-packages/airflow/example_dags/example_short_circuit_operator.py
[2024-11-11T06:49:28.790+0000] {processor.py:914} INFO - Processing file /home/airflow/.local/lib/python3.12/site-packages/airflow/example_dags/example_short_circuit_operator.py for tasks to queue
[2024-11-11T06:49:28.796+0000] {logging_mixin.py:190} INFO - [2024-11-11T06:49:28.795+0000] {dagbag.py:588} INFO - Filling up the DagBag from /home/airflow/.local/lib/python3.12/site-packages/airflow/example_dags/example_short_circuit_operator.py
[2024-11-11T06:49:28.822+0000] {processor.py:925} INFO - DAG(s) 'example_short_circuit_operator' retrieved from /home/airflow/.local/lib/python3.12/site-packages/airflow/example_dags/example_short_circuit_operator.py
[2024-11-11T06:49:28.889+0000] {logging_mixin.py:190} INFO - [2024-11-11T06:49:28.889+0000] {dag.py:3239} INFO - Sync 1 DAGs
[2024-11-11T06:49:28.931+0000] {logging_mixin.py:190} INFO - [2024-11-11T06:49:28.930+0000] {dag.py:4180} INFO - Setting next_dagrun for example_short_circuit_operator to None, run_after=None
[2024-11-11T06:49:28.995+0000] {processor.py:208} INFO - Processing /home/airflow/.local/lib/python3.12/site-packages/airflow/example_dags/example_short_circuit_operator.py took 0.224 seconds
[2024-11-11T06:50:00.948+0000] {processor.py:186} INFO - Started process (PID=3136) to work on /home/airflow/.local/lib/python3.12/site-packages/airflow/example_dags/example_short_circuit_operator.py
[2024-11-11T06:50:00.950+0000] {processor.py:914} INFO - Processing file /home/airflow/.local/lib/python3.12/site-packages/airflow/example_dags/example_short_circuit_operator.py for tasks to queue
[2024-11-11T06:50:00.954+0000] {logging_mixin.py:190} INFO - [2024-11-11T06:50:00.953+0000] {dagbag.py:588} INFO - Filling up the DagBag from /home/airflow/.local/lib/python3.12/site-packages/airflow/example_dags/example_short_circuit_operator.py
[2024-11-11T06:50:00.970+0000] {processor.py:925} INFO - DAG(s) 'example_short_circuit_operator' retrieved from /home/airflow/.local/lib/python3.12/site-packages/airflow/example_dags/example_short_circuit_operator.py
[2024-11-11T06:50:01.020+0000] {logging_mixin.py:190} INFO - [2024-11-11T06:50:01.020+0000] {dag.py:3239} INFO - Sync 1 DAGs
[2024-11-11T06:50:01.059+0000] {logging_mixin.py:190} INFO - [2024-11-11T06:50:01.059+0000] {dag.py:4180} INFO - Setting next_dagrun for example_short_circuit_operator to None, run_after=None
[2024-11-11T06:50:01.108+0000] {processor.py:208} INFO - Processing /home/airflow/.local/lib/python3.12/site-packages/airflow/example_dags/example_short_circuit_operator.py took 0.176 seconds
[2024-11-11T06:50:31.764+0000] {processor.py:186} INFO - Started process (PID=3425) to work on /home/airflow/.local/lib/python3.12/site-packages/airflow/example_dags/example_short_circuit_operator.py
[2024-11-11T06:50:31.766+0000] {processor.py:914} INFO - Processing file /home/airflow/.local/lib/python3.12/site-packages/airflow/example_dags/example_short_circuit_operator.py for tasks to queue
[2024-11-11T06:50:31.773+0000] {logging_mixin.py:190} INFO - [2024-11-11T06:50:31.772+0000] {dagbag.py:588} INFO - Filling up the DagBag from /home/airflow/.local/lib/python3.12/site-packages/airflow/example_dags/example_short_circuit_operator.py
[2024-11-11T06:50:31.788+0000] {processor.py:925} INFO - DAG(s) 'example_short_circuit_operator' retrieved from /home/airflow/.local/lib/python3.12/site-packages/airflow/example_dags/example_short_circuit_operator.py
[2024-11-11T06:50:31.829+0000] {logging_mixin.py:190} INFO - [2024-11-11T06:50:31.829+0000] {dag.py:3239} INFO - Sync 1 DAGs
[2024-11-11T06:50:31.857+0000] {logging_mixin.py:190} INFO - [2024-11-11T06:50:31.857+0000] {dag.py:4180} INFO - Setting next_dagrun for example_short_circuit_operator to None, run_after=None
[2024-11-11T06:50:31.890+0000] {processor.py:208} INFO - Processing /home/airflow/.local/lib/python3.12/site-packages/airflow/example_dags/example_short_circuit_operator.py took 0.136 seconds
[2024-11-11T06:51:03.637+0000] {processor.py:186} INFO - Started process (PID=3718) to work on /home/airflow/.local/lib/python3.12/site-packages/airflow/example_dags/example_short_circuit_operator.py
[2024-11-11T06:51:03.639+0000] {processor.py:914} INFO - Processing file /home/airflow/.local/lib/python3.12/site-packages/airflow/example_dags/example_short_circuit_operator.py for tasks to queue
[2024-11-11T06:51:03.643+0000] {logging_mixin.py:190} INFO - [2024-11-11T06:51:03.643+0000] {dagbag.py:588} INFO - Filling up the DagBag from /home/airflow/.local/lib/python3.12/site-packages/airflow/example_dags/example_short_circuit_operator.py
[2024-11-11T06:51:03.662+0000] {processor.py:925} INFO - DAG(s) 'example_short_circuit_operator' retrieved from /home/airflow/.local/lib/python3.12/site-packages/airflow/example_dags/example_short_circuit_operator.py
[2024-11-11T06:51:03.706+0000] {logging_mixin.py:190} INFO - [2024-11-11T06:51:03.706+0000] {dag.py:3239} INFO - Sync 1 DAGs
[2024-11-11T06:51:03.738+0000] {logging_mixin.py:190} INFO - [2024-11-11T06:51:03.738+0000] {dag.py:4180} INFO - Setting next_dagrun for example_short_circuit_operator to None, run_after=None
[2024-11-11T06:51:03.774+0000] {processor.py:208} INFO - Processing /home/airflow/.local/lib/python3.12/site-packages/airflow/example_dags/example_short_circuit_operator.py took 0.147 seconds
[2024-11-11T06:51:34.920+0000] {processor.py:186} INFO - Started process (PID=4009) to work on /home/airflow/.local/lib/python3.12/site-packages/airflow/example_dags/example_short_circuit_operator.py
[2024-11-11T06:51:34.922+0000] {processor.py:914} INFO - Processing file /home/airflow/.local/lib/python3.12/site-packages/airflow/example_dags/example_short_circuit_operator.py for tasks to queue
[2024-11-11T06:51:34.929+0000] {logging_mixin.py:190} INFO - [2024-11-11T06:51:34.928+0000] {dagbag.py:588} INFO - Filling up the DagBag from /home/airflow/.local/lib/python3.12/site-packages/airflow/example_dags/example_short_circuit_operator.py
[2024-11-11T06:51:34.949+0000] {processor.py:925} INFO - DAG(s) 'example_short_circuit_operator' retrieved from /home/airflow/.local/lib/python3.12/site-packages/airflow/example_dags/example_short_circuit_operator.py
[2024-11-11T06:51:34.990+0000] {logging_mixin.py:190} INFO - [2024-11-11T06:51:34.989+0000] {dag.py:3239} INFO - Sync 1 DAGs
[2024-11-11T06:51:35.020+0000] {logging_mixin.py:190} INFO - [2024-11-11T06:51:35.019+0000] {dag.py:4180} INFO - Setting next_dagrun for example_short_circuit_operator to None, run_after=None
[2024-11-11T06:51:35.064+0000] {processor.py:208} INFO - Processing /home/airflow/.local/lib/python3.12/site-packages/airflow/example_dags/example_short_circuit_operator.py took 0.154 seconds
[2024-11-11T06:52:06.420+0000] {processor.py:186} INFO - Started process (PID=4300) to work on /home/airflow/.local/lib/python3.12/site-packages/airflow/example_dags/example_short_circuit_operator.py
[2024-11-11T06:52:06.423+0000] {processor.py:914} INFO - Processing file /home/airflow/.local/lib/python3.12/site-packages/airflow/example_dags/example_short_circuit_operator.py for tasks to queue
[2024-11-11T06:52:06.427+0000] {logging_mixin.py:190} INFO - [2024-11-11T06:52:06.426+0000] {dagbag.py:588} INFO - Filling up the DagBag from /home/airflow/.local/lib/python3.12/site-packages/airflow/example_dags/example_short_circuit_operator.py
[2024-11-11T06:52:06.450+0000] {processor.py:925} INFO - DAG(s) 'example_short_circuit_operator' retrieved from /home/airflow/.local/lib/python3.12/site-packages/airflow/example_dags/example_short_circuit_operator.py
[2024-11-11T06:52:06.502+0000] {logging_mixin.py:190} INFO - [2024-11-11T06:52:06.500+0000] {dag.py:3239} INFO - Sync 1 DAGs
[2024-11-11T06:52:06.538+0000] {logging_mixin.py:190} INFO - [2024-11-11T06:52:06.538+0000] {dag.py:4180} INFO - Setting next_dagrun for example_short_circuit_operator to None, run_after=None
[2024-11-11T06:52:06.582+0000] {processor.py:208} INFO - Processing /home/airflow/.local/lib/python3.12/site-packages/airflow/example_dags/example_short_circuit_operator.py took 0.174 seconds
[2024-11-11T06:52:37.706+0000] {processor.py:186} INFO - Started process (PID=4589) to work on /home/airflow/.local/lib/python3.12/site-packages/airflow/example_dags/example_short_circuit_operator.py
[2024-11-11T06:52:37.708+0000] {processor.py:914} INFO - Processing file /home/airflow/.local/lib/python3.12/site-packages/airflow/example_dags/example_short_circuit_operator.py for tasks to queue
[2024-11-11T06:52:37.711+0000] {logging_mixin.py:190} INFO - [2024-11-11T06:52:37.711+0000] {dagbag.py:588} INFO - Filling up the DagBag from /home/airflow/.local/lib/python3.12/site-packages/airflow/example_dags/example_short_circuit_operator.py
[2024-11-11T06:52:37.723+0000] {processor.py:925} INFO - DAG(s) 'example_short_circuit_operator' retrieved from /home/airflow/.local/lib/python3.12/site-packages/airflow/example_dags/example_short_circuit_operator.py
[2024-11-11T06:52:37.757+0000] {logging_mixin.py:190} INFO - [2024-11-11T06:52:37.757+0000] {dag.py:3239} INFO - Sync 1 DAGs
[2024-11-11T06:52:37.779+0000] {logging_mixin.py:190} INFO - [2024-11-11T06:52:37.778+0000] {dag.py:4180} INFO - Setting next_dagrun for example_short_circuit_operator to None, run_after=None
[2024-11-11T06:52:37.808+0000] {processor.py:208} INFO - Processing /home/airflow/.local/lib/python3.12/site-packages/airflow/example_dags/example_short_circuit_operator.py took 0.111 seconds
