[2024-11-11T06:44:22.673+0000] {processor.py:186} INFO - Started process (PID=254) to work on /home/airflow/.local/lib/python3.12/site-packages/airflow/example_dags/example_bash_decorator.py
[2024-11-11T06:44:22.674+0000] {processor.py:914} INFO - Processing file /home/airflow/.local/lib/python3.12/site-packages/airflow/example_dags/example_bash_decorator.py for tasks to queue
[2024-11-11T06:44:22.678+0000] {logging_mixin.py:190} INFO - [2024-11-11T06:44:22.678+0000] {dagbag.py:588} INFO - Filling up the DagBag from /home/airflow/.local/lib/python3.12/site-packages/airflow/example_dags/example_bash_decorator.py
[2024-11-11T06:44:22.703+0000] {processor.py:925} INFO - DAG(s) 'example_bash_decorator' retrieved from /home/airflow/.local/lib/python3.12/site-packages/airflow/example_dags/example_bash_decorator.py
[2024-11-11T06:44:23.001+0000] {logging_mixin.py:190} INFO - [2024-11-11T06:44:23.000+0000] {override.py:1911} INFO - Created Permission View: can delete on DAG:example_bash_decorator
[2024-11-11T06:44:23.027+0000] {logging_mixin.py:190} INFO - [2024-11-11T06:44:23.026+0000] {override.py:1911} INFO - Created Permission View: can edit on DAG:example_bash_decorator
[2024-11-11T06:44:23.044+0000] {logging_mixin.py:190} INFO - [2024-11-11T06:44:23.043+0000] {override.py:1911} INFO - Created Permission View: can read on DAG:example_bash_decorator
[2024-11-11T06:44:23.058+0000] {logging_mixin.py:190} INFO - [2024-11-11T06:44:23.058+0000] {override.py:1911} INFO - Created Permission View: menu access on DAG Run:example_bash_decorator
[2024-11-11T06:44:23.071+0000] {logging_mixin.py:190} INFO - [2024-11-11T06:44:23.070+0000] {override.py:1911} INFO - Created Permission View: can delete on DAG Run:example_bash_decorator
[2024-11-11T06:44:23.085+0000] {logging_mixin.py:190} INFO - [2024-11-11T06:44:23.084+0000] {override.py:1911} INFO - Created Permission View: can create on DAG Run:example_bash_decorator
[2024-11-11T06:44:23.096+0000] {logging_mixin.py:190} INFO - [2024-11-11T06:44:23.095+0000] {override.py:1911} INFO - Created Permission View: can read on DAG Run:example_bash_decorator
[2024-11-11T06:44:23.097+0000] {logging_mixin.py:190} INFO - [2024-11-11T06:44:23.097+0000] {dag.py:3239} INFO - Sync 1 DAGs
[2024-11-11T06:44:23.121+0000] {logging_mixin.py:190} INFO - [2024-11-11T06:44:23.121+0000] {dag.py:3262} INFO - Creating ORM DAG for example_bash_decorator
[2024-11-11T06:44:23.123+0000] {logging_mixin.py:190} INFO - [2024-11-11T06:44:23.123+0000] {dag.py:4180} INFO - Setting next_dagrun for example_bash_decorator to None, run_after=None
[2024-11-11T06:44:23.148+0000] {processor.py:208} INFO - Processing /home/airflow/.local/lib/python3.12/site-packages/airflow/example_dags/example_bash_decorator.py took 0.483 seconds
[2024-11-11T06:45:04.745+0000] {processor.py:186} INFO - Started process (PID=550) to work on /home/airflow/.local/lib/python3.12/site-packages/airflow/example_dags/example_bash_decorator.py
[2024-11-11T06:45:04.747+0000] {processor.py:914} INFO - Processing file /home/airflow/.local/lib/python3.12/site-packages/airflow/example_dags/example_bash_decorator.py for tasks to queue
[2024-11-11T06:45:04.753+0000] {logging_mixin.py:190} INFO - [2024-11-11T06:45:04.752+0000] {dagbag.py:588} INFO - Filling up the DagBag from /home/airflow/.local/lib/python3.12/site-packages/airflow/example_dags/example_bash_decorator.py
[2024-11-11T06:45:04.792+0000] {processor.py:925} INFO - DAG(s) 'example_bash_decorator' retrieved from /home/airflow/.local/lib/python3.12/site-packages/airflow/example_dags/example_bash_decorator.py
[2024-11-11T06:45:04.838+0000] {logging_mixin.py:190} INFO - [2024-11-11T06:45:04.837+0000] {dag.py:3239} INFO - Sync 1 DAGs
[2024-11-11T06:45:04.878+0000] {logging_mixin.py:190} INFO - [2024-11-11T06:45:04.877+0000] {dag.py:4180} INFO - Setting next_dagrun for example_bash_decorator to None, run_after=None
[2024-11-11T06:45:04.918+0000] {processor.py:208} INFO - Processing /home/airflow/.local/lib/python3.12/site-packages/airflow/example_dags/example_bash_decorator.py took 0.189 seconds
[2024-11-11T06:45:48.367+0000] {processor.py:186} INFO - Started process (PID=866) to work on /home/airflow/.local/lib/python3.12/site-packages/airflow/example_dags/example_bash_decorator.py
[2024-11-11T06:45:48.393+0000] {processor.py:914} INFO - Processing file /home/airflow/.local/lib/python3.12/site-packages/airflow/example_dags/example_bash_decorator.py for tasks to queue
[2024-11-11T06:45:48.399+0000] {logging_mixin.py:190} INFO - [2024-11-11T06:45:48.398+0000] {dagbag.py:588} INFO - Filling up the DagBag from /home/airflow/.local/lib/python3.12/site-packages/airflow/example_dags/example_bash_decorator.py
[2024-11-11T06:45:48.466+0000] {processor.py:925} INFO - DAG(s) 'example_bash_decorator' retrieved from /home/airflow/.local/lib/python3.12/site-packages/airflow/example_dags/example_bash_decorator.py
[2024-11-11T06:45:48.567+0000] {logging_mixin.py:190} INFO - [2024-11-11T06:45:48.567+0000] {dag.py:3239} INFO - Sync 1 DAGs
[2024-11-11T06:45:48.630+0000] {logging_mixin.py:190} INFO - [2024-11-11T06:45:48.629+0000] {dag.py:4180} INFO - Setting next_dagrun for example_bash_decorator to None, run_after=None
[2024-11-11T06:45:48.722+0000] {processor.py:208} INFO - Processing /home/airflow/.local/lib/python3.12/site-packages/airflow/example_dags/example_bash_decorator.py took 0.380 seconds
[2024-11-11T06:46:20.655+0000] {processor.py:186} INFO - Started process (PID=1157) to work on /home/airflow/.local/lib/python3.12/site-packages/airflow/example_dags/example_bash_decorator.py
[2024-11-11T06:46:20.677+0000] {processor.py:914} INFO - Processing file /home/airflow/.local/lib/python3.12/site-packages/airflow/example_dags/example_bash_decorator.py for tasks to queue
[2024-11-11T06:46:20.683+0000] {logging_mixin.py:190} INFO - [2024-11-11T06:46:20.682+0000] {dagbag.py:588} INFO - Filling up the DagBag from /home/airflow/.local/lib/python3.12/site-packages/airflow/example_dags/example_bash_decorator.py
[2024-11-11T06:46:20.754+0000] {processor.py:925} INFO - DAG(s) 'example_bash_decorator' retrieved from /home/airflow/.local/lib/python3.12/site-packages/airflow/example_dags/example_bash_decorator.py
[2024-11-11T06:46:20.860+0000] {logging_mixin.py:190} INFO - [2024-11-11T06:46:20.859+0000] {dag.py:3239} INFO - Sync 1 DAGs
[2024-11-11T06:46:20.908+0000] {logging_mixin.py:190} INFO - [2024-11-11T06:46:20.907+0000] {dag.py:4180} INFO - Setting next_dagrun for example_bash_decorator to None, run_after=None
[2024-11-11T06:46:21.029+0000] {processor.py:208} INFO - Processing /home/airflow/.local/lib/python3.12/site-packages/airflow/example_dags/example_bash_decorator.py took 0.396 seconds
[2024-11-11T06:46:52.683+0000] {processor.py:186} INFO - Started process (PID=1448) to work on /home/airflow/.local/lib/python3.12/site-packages/airflow/example_dags/example_bash_decorator.py
[2024-11-11T06:46:52.689+0000] {processor.py:914} INFO - Processing file /home/airflow/.local/lib/python3.12/site-packages/airflow/example_dags/example_bash_decorator.py for tasks to queue
[2024-11-11T06:46:52.697+0000] {logging_mixin.py:190} INFO - [2024-11-11T06:46:52.696+0000] {dagbag.py:588} INFO - Filling up the DagBag from /home/airflow/.local/lib/python3.12/site-packages/airflow/example_dags/example_bash_decorator.py
[2024-11-11T06:46:52.769+0000] {processor.py:925} INFO - DAG(s) 'example_bash_decorator' retrieved from /home/airflow/.local/lib/python3.12/site-packages/airflow/example_dags/example_bash_decorator.py
[2024-11-11T06:46:52.857+0000] {logging_mixin.py:190} INFO - [2024-11-11T06:46:52.857+0000] {dag.py:3239} INFO - Sync 1 DAGs
[2024-11-11T06:46:52.926+0000] {logging_mixin.py:190} INFO - [2024-11-11T06:46:52.925+0000] {dag.py:4180} INFO - Setting next_dagrun for example_bash_decorator to None, run_after=None
[2024-11-11T06:46:53.001+0000] {processor.py:208} INFO - Processing /home/airflow/.local/lib/python3.12/site-packages/airflow/example_dags/example_bash_decorator.py took 0.340 seconds
[2024-11-11T06:47:23.807+0000] {processor.py:186} INFO - Started process (PID=1741) to work on /home/airflow/.local/lib/python3.12/site-packages/airflow/example_dags/example_bash_decorator.py
[2024-11-11T06:47:23.808+0000] {processor.py:914} INFO - Processing file /home/airflow/.local/lib/python3.12/site-packages/airflow/example_dags/example_bash_decorator.py for tasks to queue
[2024-11-11T06:47:23.811+0000] {logging_mixin.py:190} INFO - [2024-11-11T06:47:23.811+0000] {dagbag.py:588} INFO - Filling up the DagBag from /home/airflow/.local/lib/python3.12/site-packages/airflow/example_dags/example_bash_decorator.py
[2024-11-11T06:47:23.829+0000] {processor.py:925} INFO - DAG(s) 'example_bash_decorator' retrieved from /home/airflow/.local/lib/python3.12/site-packages/airflow/example_dags/example_bash_decorator.py
[2024-11-11T06:47:23.854+0000] {logging_mixin.py:190} INFO - [2024-11-11T06:47:23.854+0000] {dag.py:3239} INFO - Sync 1 DAGs
[2024-11-11T06:47:23.871+0000] {logging_mixin.py:190} INFO - [2024-11-11T06:47:23.871+0000] {dag.py:4180} INFO - Setting next_dagrun for example_bash_decorator to None, run_after=None
[2024-11-11T06:47:23.897+0000] {processor.py:208} INFO - Processing /home/airflow/.local/lib/python3.12/site-packages/airflow/example_dags/example_bash_decorator.py took 0.097 seconds
[2024-11-11T06:47:58.389+0000] {processor.py:186} INFO - Started process (PID=2030) to work on /home/airflow/.local/lib/python3.12/site-packages/airflow/example_dags/example_bash_decorator.py
[2024-11-11T06:47:58.391+0000] {processor.py:914} INFO - Processing file /home/airflow/.local/lib/python3.12/site-packages/airflow/example_dags/example_bash_decorator.py for tasks to queue
[2024-11-11T06:47:58.397+0000] {logging_mixin.py:190} INFO - [2024-11-11T06:47:58.396+0000] {dagbag.py:588} INFO - Filling up the DagBag from /home/airflow/.local/lib/python3.12/site-packages/airflow/example_dags/example_bash_decorator.py
[2024-11-11T06:47:58.429+0000] {processor.py:925} INFO - DAG(s) 'example_bash_decorator' retrieved from /home/airflow/.local/lib/python3.12/site-packages/airflow/example_dags/example_bash_decorator.py
[2024-11-11T06:47:58.477+0000] {logging_mixin.py:190} INFO - [2024-11-11T06:47:58.476+0000] {dag.py:3239} INFO - Sync 1 DAGs
[2024-11-11T06:47:58.520+0000] {logging_mixin.py:190} INFO - [2024-11-11T06:47:58.517+0000] {dag.py:4180} INFO - Setting next_dagrun for example_bash_decorator to None, run_after=None
[2024-11-11T06:47:58.575+0000] {processor.py:208} INFO - Processing /home/airflow/.local/lib/python3.12/site-packages/airflow/example_dags/example_bash_decorator.py took 0.197 seconds
[2024-11-11T06:48:28.772+0000] {processor.py:186} INFO - Started process (PID=2321) to work on /home/airflow/.local/lib/python3.12/site-packages/airflow/example_dags/example_bash_decorator.py
[2024-11-11T06:48:28.774+0000] {processor.py:914} INFO - Processing file /home/airflow/.local/lib/python3.12/site-packages/airflow/example_dags/example_bash_decorator.py for tasks to queue
[2024-11-11T06:48:28.778+0000] {logging_mixin.py:190} INFO - [2024-11-11T06:48:28.778+0000] {dagbag.py:588} INFO - Filling up the DagBag from /home/airflow/.local/lib/python3.12/site-packages/airflow/example_dags/example_bash_decorator.py
[2024-11-11T06:48:28.809+0000] {processor.py:925} INFO - DAG(s) 'example_bash_decorator' retrieved from /home/airflow/.local/lib/python3.12/site-packages/airflow/example_dags/example_bash_decorator.py
[2024-11-11T06:48:28.848+0000] {logging_mixin.py:190} INFO - [2024-11-11T06:48:28.848+0000] {dag.py:3239} INFO - Sync 1 DAGs
[2024-11-11T06:48:28.874+0000] {logging_mixin.py:190} INFO - [2024-11-11T06:48:28.873+0000] {dag.py:4180} INFO - Setting next_dagrun for example_bash_decorator to None, run_after=None
[2024-11-11T06:48:28.925+0000] {processor.py:208} INFO - Processing /home/airflow/.local/lib/python3.12/site-packages/airflow/example_dags/example_bash_decorator.py took 0.166 seconds
[2024-11-11T06:49:00.451+0000] {processor.py:186} INFO - Started process (PID=2612) to work on /home/airflow/.local/lib/python3.12/site-packages/airflow/example_dags/example_bash_decorator.py
[2024-11-11T06:49:00.454+0000] {processor.py:914} INFO - Processing file /home/airflow/.local/lib/python3.12/site-packages/airflow/example_dags/example_bash_decorator.py for tasks to queue
[2024-11-11T06:49:00.458+0000] {logging_mixin.py:190} INFO - [2024-11-11T06:49:00.458+0000] {dagbag.py:588} INFO - Filling up the DagBag from /home/airflow/.local/lib/python3.12/site-packages/airflow/example_dags/example_bash_decorator.py
[2024-11-11T06:49:00.485+0000] {processor.py:925} INFO - DAG(s) 'example_bash_decorator' retrieved from /home/airflow/.local/lib/python3.12/site-packages/airflow/example_dags/example_bash_decorator.py
[2024-11-11T06:49:00.527+0000] {logging_mixin.py:190} INFO - [2024-11-11T06:49:00.526+0000] {dag.py:3239} INFO - Sync 1 DAGs
[2024-11-11T06:49:00.554+0000] {logging_mixin.py:190} INFO - [2024-11-11T06:49:00.554+0000] {dag.py:4180} INFO - Setting next_dagrun for example_bash_decorator to None, run_after=None
[2024-11-11T06:49:00.586+0000] {processor.py:208} INFO - Processing /home/airflow/.local/lib/python3.12/site-packages/airflow/example_dags/example_bash_decorator.py took 0.148 seconds
[2024-11-11T06:49:31.840+0000] {processor.py:186} INFO - Started process (PID=2903) to work on /home/airflow/.local/lib/python3.12/site-packages/airflow/example_dags/example_bash_decorator.py
[2024-11-11T06:49:31.844+0000] {processor.py:914} INFO - Processing file /home/airflow/.local/lib/python3.12/site-packages/airflow/example_dags/example_bash_decorator.py for tasks to queue
[2024-11-11T06:49:31.850+0000] {logging_mixin.py:190} INFO - [2024-11-11T06:49:31.849+0000] {dagbag.py:588} INFO - Filling up the DagBag from /home/airflow/.local/lib/python3.12/site-packages/airflow/example_dags/example_bash_decorator.py
[2024-11-11T06:49:31.883+0000] {processor.py:925} INFO - DAG(s) 'example_bash_decorator' retrieved from /home/airflow/.local/lib/python3.12/site-packages/airflow/example_dags/example_bash_decorator.py
[2024-11-11T06:49:31.924+0000] {logging_mixin.py:190} INFO - [2024-11-11T06:49:31.923+0000] {dag.py:3239} INFO - Sync 1 DAGs
[2024-11-11T06:49:31.950+0000] {logging_mixin.py:190} INFO - [2024-11-11T06:49:31.950+0000] {dag.py:4180} INFO - Setting next_dagrun for example_bash_decorator to None, run_after=None
[2024-11-11T06:49:31.994+0000] {processor.py:208} INFO - Processing /home/airflow/.local/lib/python3.12/site-packages/airflow/example_dags/example_bash_decorator.py took 0.173 seconds
[2024-11-11T06:50:04.469+0000] {processor.py:186} INFO - Started process (PID=3194) to work on /home/airflow/.local/lib/python3.12/site-packages/airflow/example_dags/example_bash_decorator.py
[2024-11-11T06:50:04.470+0000] {processor.py:914} INFO - Processing file /home/airflow/.local/lib/python3.12/site-packages/airflow/example_dags/example_bash_decorator.py for tasks to queue
[2024-11-11T06:50:04.476+0000] {logging_mixin.py:190} INFO - [2024-11-11T06:50:04.475+0000] {dagbag.py:588} INFO - Filling up the DagBag from /home/airflow/.local/lib/python3.12/site-packages/airflow/example_dags/example_bash_decorator.py
[2024-11-11T06:50:04.506+0000] {processor.py:925} INFO - DAG(s) 'example_bash_decorator' retrieved from /home/airflow/.local/lib/python3.12/site-packages/airflow/example_dags/example_bash_decorator.py
[2024-11-11T06:50:04.557+0000] {logging_mixin.py:190} INFO - [2024-11-11T06:50:04.557+0000] {dag.py:3239} INFO - Sync 1 DAGs
[2024-11-11T06:50:04.589+0000] {logging_mixin.py:190} INFO - [2024-11-11T06:50:04.589+0000] {dag.py:4180} INFO - Setting next_dagrun for example_bash_decorator to None, run_after=None
[2024-11-11T06:50:04.631+0000] {processor.py:208} INFO - Processing /home/airflow/.local/lib/python3.12/site-packages/airflow/example_dags/example_bash_decorator.py took 0.176 seconds
[2024-11-11T06:50:35.776+0000] {processor.py:186} INFO - Started process (PID=3485) to work on /home/airflow/.local/lib/python3.12/site-packages/airflow/example_dags/example_bash_decorator.py
[2024-11-11T06:50:35.778+0000] {processor.py:914} INFO - Processing file /home/airflow/.local/lib/python3.12/site-packages/airflow/example_dags/example_bash_decorator.py for tasks to queue
[2024-11-11T06:50:35.783+0000] {logging_mixin.py:190} INFO - [2024-11-11T06:50:35.782+0000] {dagbag.py:588} INFO - Filling up the DagBag from /home/airflow/.local/lib/python3.12/site-packages/airflow/example_dags/example_bash_decorator.py
[2024-11-11T06:50:35.811+0000] {processor.py:925} INFO - DAG(s) 'example_bash_decorator' retrieved from /home/airflow/.local/lib/python3.12/site-packages/airflow/example_dags/example_bash_decorator.py
[2024-11-11T06:50:35.852+0000] {logging_mixin.py:190} INFO - [2024-11-11T06:50:35.852+0000] {dag.py:3239} INFO - Sync 1 DAGs
[2024-11-11T06:50:35.874+0000] {logging_mixin.py:190} INFO - [2024-11-11T06:50:35.873+0000] {dag.py:4180} INFO - Setting next_dagrun for example_bash_decorator to None, run_after=None
[2024-11-11T06:50:35.904+0000] {processor.py:208} INFO - Processing /home/airflow/.local/lib/python3.12/site-packages/airflow/example_dags/example_bash_decorator.py took 0.138 seconds
[2024-11-11T06:51:06.277+0000] {processor.py:186} INFO - Started process (PID=3771) to work on /home/airflow/.local/lib/python3.12/site-packages/airflow/example_dags/example_bash_decorator.py
[2024-11-11T06:51:06.279+0000] {processor.py:914} INFO - Processing file /home/airflow/.local/lib/python3.12/site-packages/airflow/example_dags/example_bash_decorator.py for tasks to queue
[2024-11-11T06:51:06.284+0000] {logging_mixin.py:190} INFO - [2024-11-11T06:51:06.283+0000] {dagbag.py:588} INFO - Filling up the DagBag from /home/airflow/.local/lib/python3.12/site-packages/airflow/example_dags/example_bash_decorator.py
[2024-11-11T06:51:06.313+0000] {processor.py:925} INFO - DAG(s) 'example_bash_decorator' retrieved from /home/airflow/.local/lib/python3.12/site-packages/airflow/example_dags/example_bash_decorator.py
[2024-11-11T06:51:06.357+0000] {logging_mixin.py:190} INFO - [2024-11-11T06:51:06.357+0000] {dag.py:3239} INFO - Sync 1 DAGs
[2024-11-11T06:51:06.387+0000] {logging_mixin.py:190} INFO - [2024-11-11T06:51:06.386+0000] {dag.py:4180} INFO - Setting next_dagrun for example_bash_decorator to None, run_after=None
[2024-11-11T06:51:06.422+0000] {processor.py:208} INFO - Processing /home/airflow/.local/lib/python3.12/site-packages/airflow/example_dags/example_bash_decorator.py took 0.157 seconds
[2024-11-11T06:51:36.605+0000] {processor.py:186} INFO - Started process (PID=4057) to work on /home/airflow/.local/lib/python3.12/site-packages/airflow/example_dags/example_bash_decorator.py
[2024-11-11T06:51:36.607+0000] {processor.py:914} INFO - Processing file /home/airflow/.local/lib/python3.12/site-packages/airflow/example_dags/example_bash_decorator.py for tasks to queue
[2024-11-11T06:51:36.612+0000] {logging_mixin.py:190} INFO - [2024-11-11T06:51:36.611+0000] {dagbag.py:588} INFO - Filling up the DagBag from /home/airflow/.local/lib/python3.12/site-packages/airflow/example_dags/example_bash_decorator.py
[2024-11-11T06:51:36.641+0000] {processor.py:925} INFO - DAG(s) 'example_bash_decorator' retrieved from /home/airflow/.local/lib/python3.12/site-packages/airflow/example_dags/example_bash_decorator.py
[2024-11-11T06:51:36.679+0000] {logging_mixin.py:190} INFO - [2024-11-11T06:51:36.679+0000] {dag.py:3239} INFO - Sync 1 DAGs
[2024-11-11T06:51:36.700+0000] {logging_mixin.py:190} INFO - [2024-11-11T06:51:36.700+0000] {dag.py:4180} INFO - Setting next_dagrun for example_bash_decorator to None, run_after=None
[2024-11-11T06:51:36.737+0000] {processor.py:208} INFO - Processing /home/airflow/.local/lib/python3.12/site-packages/airflow/example_dags/example_bash_decorator.py took 0.143 seconds
[2024-11-11T06:52:07.853+0000] {processor.py:186} INFO - Started process (PID=4348) to work on /home/airflow/.local/lib/python3.12/site-packages/airflow/example_dags/example_bash_decorator.py
[2024-11-11T06:52:07.855+0000] {processor.py:914} INFO - Processing file /home/airflow/.local/lib/python3.12/site-packages/airflow/example_dags/example_bash_decorator.py for tasks to queue
[2024-11-11T06:52:07.862+0000] {logging_mixin.py:190} INFO - [2024-11-11T06:52:07.862+0000] {dagbag.py:588} INFO - Filling up the DagBag from /home/airflow/.local/lib/python3.12/site-packages/airflow/example_dags/example_bash_decorator.py
[2024-11-11T06:52:07.917+0000] {processor.py:925} INFO - DAG(s) 'example_bash_decorator' retrieved from /home/airflow/.local/lib/python3.12/site-packages/airflow/example_dags/example_bash_decorator.py
[2024-11-11T06:52:07.977+0000] {logging_mixin.py:190} INFO - [2024-11-11T06:52:07.977+0000] {dag.py:3239} INFO - Sync 1 DAGs
[2024-11-11T06:52:08.020+0000] {logging_mixin.py:190} INFO - [2024-11-11T06:52:08.019+0000] {dag.py:4180} INFO - Setting next_dagrun for example_bash_decorator to None, run_after=None
[2024-11-11T06:52:08.064+0000] {processor.py:208} INFO - Processing /home/airflow/.local/lib/python3.12/site-packages/airflow/example_dags/example_bash_decorator.py took 0.227 seconds
[2024-11-11T06:52:38.721+0000] {processor.py:186} INFO - Started process (PID=4639) to work on /home/airflow/.local/lib/python3.12/site-packages/airflow/example_dags/example_bash_decorator.py
[2024-11-11T06:52:38.722+0000] {processor.py:914} INFO - Processing file /home/airflow/.local/lib/python3.12/site-packages/airflow/example_dags/example_bash_decorator.py for tasks to queue
[2024-11-11T06:52:38.725+0000] {logging_mixin.py:190} INFO - [2024-11-11T06:52:38.724+0000] {dagbag.py:588} INFO - Filling up the DagBag from /home/airflow/.local/lib/python3.12/site-packages/airflow/example_dags/example_bash_decorator.py
[2024-11-11T06:52:38.742+0000] {processor.py:925} INFO - DAG(s) 'example_bash_decorator' retrieved from /home/airflow/.local/lib/python3.12/site-packages/airflow/example_dags/example_bash_decorator.py
[2024-11-11T06:52:38.769+0000] {logging_mixin.py:190} INFO - [2024-11-11T06:52:38.768+0000] {dag.py:3239} INFO - Sync 1 DAGs
[2024-11-11T06:52:38.786+0000] {logging_mixin.py:190} INFO - [2024-11-11T06:52:38.786+0000] {dag.py:4180} INFO - Setting next_dagrun for example_bash_decorator to None, run_after=None
[2024-11-11T06:52:38.810+0000] {processor.py:208} INFO - Processing /home/airflow/.local/lib/python3.12/site-packages/airflow/example_dags/example_bash_decorator.py took 0.097 seconds
