[2024-11-11T06:44:32.900+0000] {processor.py:186} INFO - Started process (PID=354) to work on /home/airflow/.local/lib/python3.12/site-packages/airflow/example_dags/example_python_operator.py
[2024-11-11T06:44:32.902+0000] {processor.py:914} INFO - Processing file /home/airflow/.local/lib/python3.12/site-packages/airflow/example_dags/example_python_operator.py for tasks to queue
[2024-11-11T06:44:32.914+0000] {logging_mixin.py:190} INFO - [2024-11-11T06:44:32.908+0000] {dagbag.py:588} INFO - Filling up the DagBag from /home/airflow/.local/lib/python3.12/site-packages/airflow/example_dags/example_python_operator.py
[2024-11-11T06:44:32.955+0000] {processor.py:925} INFO - DAG(s) 'example_python_operator' retrieved from /home/airflow/.local/lib/python3.12/site-packages/airflow/example_dags/example_python_operator.py
[2024-11-11T06:44:33.260+0000] {logging_mixin.py:190} INFO - [2024-11-11T06:44:33.256+0000] {override.py:1911} INFO - Created Permission View: can delete on DAG:example_python_operator
[2024-11-11T06:44:33.299+0000] {logging_mixin.py:190} INFO - [2024-11-11T06:44:33.298+0000] {override.py:1911} INFO - Created Permission View: can edit on DAG:example_python_operator
[2024-11-11T06:44:33.337+0000] {logging_mixin.py:190} INFO - [2024-11-11T06:44:33.334+0000] {override.py:1911} INFO - Created Permission View: can read on DAG:example_python_operator
[2024-11-11T06:44:33.366+0000] {logging_mixin.py:190} INFO - [2024-11-11T06:44:33.366+0000] {override.py:1911} INFO - Created Permission View: menu access on DAG Run:example_python_operator
[2024-11-11T06:44:33.383+0000] {logging_mixin.py:190} INFO - [2024-11-11T06:44:33.382+0000] {override.py:1911} INFO - Created Permission View: can delete on DAG Run:example_python_operator
[2024-11-11T06:44:33.400+0000] {logging_mixin.py:190} INFO - [2024-11-11T06:44:33.399+0000] {override.py:1911} INFO - Created Permission View: can create on DAG Run:example_python_operator
[2024-11-11T06:44:33.419+0000] {logging_mixin.py:190} INFO - [2024-11-11T06:44:33.418+0000] {override.py:1911} INFO - Created Permission View: can read on DAG Run:example_python_operator
[2024-11-11T06:44:33.421+0000] {logging_mixin.py:190} INFO - [2024-11-11T06:44:33.420+0000] {dag.py:3239} INFO - Sync 1 DAGs
[2024-11-11T06:44:33.482+0000] {logging_mixin.py:190} INFO - [2024-11-11T06:44:33.481+0000] {dag.py:3262} INFO - Creating ORM DAG for example_python_operator
[2024-11-11T06:44:33.489+0000] {logging_mixin.py:190} INFO - [2024-11-11T06:44:33.488+0000] {dag.py:4180} INFO - Setting next_dagrun for example_python_operator to None, run_after=None
[2024-11-11T06:44:33.533+0000] {processor.py:208} INFO - Processing /home/airflow/.local/lib/python3.12/site-packages/airflow/example_dags/example_python_operator.py took 0.652 seconds
[2024-11-11T06:45:15.429+0000] {processor.py:186} INFO - Started process (PID=672) to work on /home/airflow/.local/lib/python3.12/site-packages/airflow/example_dags/example_python_operator.py
[2024-11-11T06:45:15.441+0000] {processor.py:914} INFO - Processing file /home/airflow/.local/lib/python3.12/site-packages/airflow/example_dags/example_python_operator.py for tasks to queue
[2024-11-11T06:45:15.446+0000] {logging_mixin.py:190} INFO - [2024-11-11T06:45:15.445+0000] {dagbag.py:588} INFO - Filling up the DagBag from /home/airflow/.local/lib/python3.12/site-packages/airflow/example_dags/example_python_operator.py
[2024-11-11T06:45:15.501+0000] {processor.py:925} INFO - DAG(s) 'example_python_operator' retrieved from /home/airflow/.local/lib/python3.12/site-packages/airflow/example_dags/example_python_operator.py
[2024-11-11T06:45:15.558+0000] {logging_mixin.py:190} INFO - [2024-11-11T06:45:15.557+0000] {dag.py:3239} INFO - Sync 1 DAGs
[2024-11-11T06:45:15.629+0000] {logging_mixin.py:190} INFO - [2024-11-11T06:45:15.629+0000] {dag.py:4180} INFO - Setting next_dagrun for example_python_operator to None, run_after=None
[2024-11-11T06:45:15.696+0000] {processor.py:208} INFO - Processing /home/airflow/.local/lib/python3.12/site-packages/airflow/example_dags/example_python_operator.py took 0.280 seconds
[2024-11-11T06:45:58.416+0000] {processor.py:186} INFO - Started process (PID=961) to work on /home/airflow/.local/lib/python3.12/site-packages/airflow/example_dags/example_python_operator.py
[2024-11-11T06:45:58.420+0000] {processor.py:914} INFO - Processing file /home/airflow/.local/lib/python3.12/site-packages/airflow/example_dags/example_python_operator.py for tasks to queue
[2024-11-11T06:45:58.429+0000] {logging_mixin.py:190} INFO - [2024-11-11T06:45:58.427+0000] {dagbag.py:588} INFO - Filling up the DagBag from /home/airflow/.local/lib/python3.12/site-packages/airflow/example_dags/example_python_operator.py
[2024-11-11T06:45:58.458+0000] {processor.py:925} INFO - DAG(s) 'example_python_operator' retrieved from /home/airflow/.local/lib/python3.12/site-packages/airflow/example_dags/example_python_operator.py
[2024-11-11T06:45:58.504+0000] {logging_mixin.py:190} INFO - [2024-11-11T06:45:58.504+0000] {dag.py:3239} INFO - Sync 1 DAGs
[2024-11-11T06:45:58.523+0000] {logging_mixin.py:190} INFO - [2024-11-11T06:45:58.523+0000] {dag.py:4180} INFO - Setting next_dagrun for example_python_operator to None, run_after=None
[2024-11-11T06:45:58.677+0000] {processor.py:208} INFO - Processing /home/airflow/.local/lib/python3.12/site-packages/airflow/example_dags/example_python_operator.py took 0.282 seconds
[2024-11-11T06:46:29.173+0000] {processor.py:186} INFO - Started process (PID=1247) to work on /home/airflow/.local/lib/python3.12/site-packages/airflow/example_dags/example_python_operator.py
[2024-11-11T06:46:29.179+0000] {processor.py:914} INFO - Processing file /home/airflow/.local/lib/python3.12/site-packages/airflow/example_dags/example_python_operator.py for tasks to queue
[2024-11-11T06:46:29.186+0000] {logging_mixin.py:190} INFO - [2024-11-11T06:46:29.185+0000] {dagbag.py:588} INFO - Filling up the DagBag from /home/airflow/.local/lib/python3.12/site-packages/airflow/example_dags/example_python_operator.py
[2024-11-11T06:46:29.230+0000] {processor.py:925} INFO - DAG(s) 'example_python_operator' retrieved from /home/airflow/.local/lib/python3.12/site-packages/airflow/example_dags/example_python_operator.py
[2024-11-11T06:46:29.299+0000] {logging_mixin.py:190} INFO - [2024-11-11T06:46:29.298+0000] {dag.py:3239} INFO - Sync 1 DAGs
[2024-11-11T06:46:29.343+0000] {logging_mixin.py:190} INFO - [2024-11-11T06:46:29.343+0000] {dag.py:4180} INFO - Setting next_dagrun for example_python_operator to None, run_after=None
[2024-11-11T06:46:29.396+0000] {processor.py:208} INFO - Processing /home/airflow/.local/lib/python3.12/site-packages/airflow/example_dags/example_python_operator.py took 0.253 seconds
[2024-11-11T06:47:00.036+0000] {processor.py:186} INFO - Started process (PID=1543) to work on /home/airflow/.local/lib/python3.12/site-packages/airflow/example_dags/example_python_operator.py
[2024-11-11T06:47:00.037+0000] {processor.py:914} INFO - Processing file /home/airflow/.local/lib/python3.12/site-packages/airflow/example_dags/example_python_operator.py for tasks to queue
[2024-11-11T06:47:00.042+0000] {logging_mixin.py:190} INFO - [2024-11-11T06:47:00.041+0000] {dagbag.py:588} INFO - Filling up the DagBag from /home/airflow/.local/lib/python3.12/site-packages/airflow/example_dags/example_python_operator.py
[2024-11-11T06:47:00.069+0000] {processor.py:925} INFO - DAG(s) 'example_python_operator' retrieved from /home/airflow/.local/lib/python3.12/site-packages/airflow/example_dags/example_python_operator.py
[2024-11-11T06:47:00.112+0000] {logging_mixin.py:190} INFO - [2024-11-11T06:47:00.111+0000] {dag.py:3239} INFO - Sync 1 DAGs
[2024-11-11T06:47:00.138+0000] {logging_mixin.py:190} INFO - [2024-11-11T06:47:00.138+0000] {dag.py:4180} INFO - Setting next_dagrun for example_python_operator to None, run_after=None
[2024-11-11T06:47:00.195+0000] {processor.py:208} INFO - Processing /home/airflow/.local/lib/python3.12/site-packages/airflow/example_dags/example_python_operator.py took 0.168 seconds
[2024-11-11T06:47:30.356+0000] {processor.py:186} INFO - Started process (PID=1831) to work on /home/airflow/.local/lib/python3.12/site-packages/airflow/example_dags/example_python_operator.py
[2024-11-11T06:47:30.357+0000] {processor.py:914} INFO - Processing file /home/airflow/.local/lib/python3.12/site-packages/airflow/example_dags/example_python_operator.py for tasks to queue
[2024-11-11T06:47:30.361+0000] {logging_mixin.py:190} INFO - [2024-11-11T06:47:30.360+0000] {dagbag.py:588} INFO - Filling up the DagBag from /home/airflow/.local/lib/python3.12/site-packages/airflow/example_dags/example_python_operator.py
[2024-11-11T06:47:30.387+0000] {processor.py:925} INFO - DAG(s) 'example_python_operator' retrieved from /home/airflow/.local/lib/python3.12/site-packages/airflow/example_dags/example_python_operator.py
[2024-11-11T06:47:30.430+0000] {logging_mixin.py:190} INFO - [2024-11-11T06:47:30.430+0000] {dag.py:3239} INFO - Sync 1 DAGs
[2024-11-11T06:47:30.457+0000] {logging_mixin.py:190} INFO - [2024-11-11T06:47:30.457+0000] {dag.py:4180} INFO - Setting next_dagrun for example_python_operator to None, run_after=None
[2024-11-11T06:47:30.487+0000] {processor.py:208} INFO - Processing /home/airflow/.local/lib/python3.12/site-packages/airflow/example_dags/example_python_operator.py took 0.141 seconds
[2024-11-11T06:48:04.460+0000] {processor.py:186} INFO - Started process (PID=2125) to work on /home/airflow/.local/lib/python3.12/site-packages/airflow/example_dags/example_python_operator.py
[2024-11-11T06:48:04.462+0000] {processor.py:914} INFO - Processing file /home/airflow/.local/lib/python3.12/site-packages/airflow/example_dags/example_python_operator.py for tasks to queue
[2024-11-11T06:48:04.468+0000] {logging_mixin.py:190} INFO - [2024-11-11T06:48:04.467+0000] {dagbag.py:588} INFO - Filling up the DagBag from /home/airflow/.local/lib/python3.12/site-packages/airflow/example_dags/example_python_operator.py
[2024-11-11T06:48:04.493+0000] {processor.py:925} INFO - DAG(s) 'example_python_operator' retrieved from /home/airflow/.local/lib/python3.12/site-packages/airflow/example_dags/example_python_operator.py
[2024-11-11T06:48:04.540+0000] {logging_mixin.py:190} INFO - [2024-11-11T06:48:04.540+0000] {dag.py:3239} INFO - Sync 1 DAGs
[2024-11-11T06:48:04.577+0000] {logging_mixin.py:190} INFO - [2024-11-11T06:48:04.577+0000] {dag.py:4180} INFO - Setting next_dagrun for example_python_operator to None, run_after=None
[2024-11-11T06:48:04.616+0000] {processor.py:208} INFO - Processing /home/airflow/.local/lib/python3.12/site-packages/airflow/example_dags/example_python_operator.py took 0.169 seconds
[2024-11-11T06:48:34.989+0000] {processor.py:186} INFO - Started process (PID=2416) to work on /home/airflow/.local/lib/python3.12/site-packages/airflow/example_dags/example_python_operator.py
[2024-11-11T06:48:34.990+0000] {processor.py:914} INFO - Processing file /home/airflow/.local/lib/python3.12/site-packages/airflow/example_dags/example_python_operator.py for tasks to queue
[2024-11-11T06:48:34.994+0000] {logging_mixin.py:190} INFO - [2024-11-11T06:48:34.993+0000] {dagbag.py:588} INFO - Filling up the DagBag from /home/airflow/.local/lib/python3.12/site-packages/airflow/example_dags/example_python_operator.py
[2024-11-11T06:48:35.017+0000] {processor.py:925} INFO - DAG(s) 'example_python_operator' retrieved from /home/airflow/.local/lib/python3.12/site-packages/airflow/example_dags/example_python_operator.py
[2024-11-11T06:48:35.061+0000] {logging_mixin.py:190} INFO - [2024-11-11T06:48:35.060+0000] {dag.py:3239} INFO - Sync 1 DAGs
[2024-11-11T06:48:35.089+0000] {logging_mixin.py:190} INFO - [2024-11-11T06:48:35.088+0000] {dag.py:4180} INFO - Setting next_dagrun for example_python_operator to None, run_after=None
[2024-11-11T06:48:35.146+0000] {processor.py:208} INFO - Processing /home/airflow/.local/lib/python3.12/site-packages/airflow/example_dags/example_python_operator.py took 0.168 seconds
[2024-11-11T06:49:06.358+0000] {processor.py:186} INFO - Started process (PID=2702) to work on /home/airflow/.local/lib/python3.12/site-packages/airflow/example_dags/example_python_operator.py
[2024-11-11T06:49:06.360+0000] {processor.py:914} INFO - Processing file /home/airflow/.local/lib/python3.12/site-packages/airflow/example_dags/example_python_operator.py for tasks to queue
[2024-11-11T06:49:06.367+0000] {logging_mixin.py:190} INFO - [2024-11-11T06:49:06.366+0000] {dagbag.py:588} INFO - Filling up the DagBag from /home/airflow/.local/lib/python3.12/site-packages/airflow/example_dags/example_python_operator.py
[2024-11-11T06:49:06.395+0000] {processor.py:925} INFO - DAG(s) 'example_python_operator' retrieved from /home/airflow/.local/lib/python3.12/site-packages/airflow/example_dags/example_python_operator.py
[2024-11-11T06:49:06.441+0000] {logging_mixin.py:190} INFO - [2024-11-11T06:49:06.440+0000] {dag.py:3239} INFO - Sync 1 DAGs
[2024-11-11T06:49:06.476+0000] {logging_mixin.py:190} INFO - [2024-11-11T06:49:06.475+0000] {dag.py:4180} INFO - Setting next_dagrun for example_python_operator to None, run_after=None
[2024-11-11T06:49:06.528+0000] {processor.py:208} INFO - Processing /home/airflow/.local/lib/python3.12/site-packages/airflow/example_dags/example_python_operator.py took 0.183 seconds
[2024-11-11T06:49:37.944+0000] {processor.py:186} INFO - Started process (PID=2993) to work on /home/airflow/.local/lib/python3.12/site-packages/airflow/example_dags/example_python_operator.py
[2024-11-11T06:49:37.947+0000] {processor.py:914} INFO - Processing file /home/airflow/.local/lib/python3.12/site-packages/airflow/example_dags/example_python_operator.py for tasks to queue
[2024-11-11T06:49:37.951+0000] {logging_mixin.py:190} INFO - [2024-11-11T06:49:37.951+0000] {dagbag.py:588} INFO - Filling up the DagBag from /home/airflow/.local/lib/python3.12/site-packages/airflow/example_dags/example_python_operator.py
[2024-11-11T06:49:37.976+0000] {processor.py:925} INFO - DAG(s) 'example_python_operator' retrieved from /home/airflow/.local/lib/python3.12/site-packages/airflow/example_dags/example_python_operator.py
[2024-11-11T06:49:38.017+0000] {logging_mixin.py:190} INFO - [2024-11-11T06:49:38.016+0000] {dag.py:3239} INFO - Sync 1 DAGs
[2024-11-11T06:49:38.052+0000] {logging_mixin.py:190} INFO - [2024-11-11T06:49:38.052+0000] {dag.py:4180} INFO - Setting next_dagrun for example_python_operator to None, run_after=None
[2024-11-11T06:49:38.090+0000] {processor.py:208} INFO - Processing /home/airflow/.local/lib/python3.12/site-packages/airflow/example_dags/example_python_operator.py took 0.158 seconds
[2024-11-11T06:50:09.313+0000] {processor.py:186} INFO - Started process (PID=3284) to work on /home/airflow/.local/lib/python3.12/site-packages/airflow/example_dags/example_python_operator.py
[2024-11-11T06:50:09.314+0000] {processor.py:914} INFO - Processing file /home/airflow/.local/lib/python3.12/site-packages/airflow/example_dags/example_python_operator.py for tasks to queue
[2024-11-11T06:50:09.319+0000] {logging_mixin.py:190} INFO - [2024-11-11T06:50:09.318+0000] {dagbag.py:588} INFO - Filling up the DagBag from /home/airflow/.local/lib/python3.12/site-packages/airflow/example_dags/example_python_operator.py
[2024-11-11T06:50:09.340+0000] {processor.py:925} INFO - DAG(s) 'example_python_operator' retrieved from /home/airflow/.local/lib/python3.12/site-packages/airflow/example_dags/example_python_operator.py
[2024-11-11T06:50:09.377+0000] {logging_mixin.py:190} INFO - [2024-11-11T06:50:09.377+0000] {dag.py:3239} INFO - Sync 1 DAGs
[2024-11-11T06:50:09.410+0000] {logging_mixin.py:190} INFO - [2024-11-11T06:50:09.409+0000] {dag.py:4180} INFO - Setting next_dagrun for example_python_operator to None, run_after=None
[2024-11-11T06:50:09.446+0000] {processor.py:208} INFO - Processing /home/airflow/.local/lib/python3.12/site-packages/airflow/example_dags/example_python_operator.py took 0.145 seconds
[2024-11-11T06:50:42.116+0000] {processor.py:186} INFO - Started process (PID=3580) to work on /home/airflow/.local/lib/python3.12/site-packages/airflow/example_dags/example_python_operator.py
[2024-11-11T06:50:42.118+0000] {processor.py:914} INFO - Processing file /home/airflow/.local/lib/python3.12/site-packages/airflow/example_dags/example_python_operator.py for tasks to queue
[2024-11-11T06:50:42.123+0000] {logging_mixin.py:190} INFO - [2024-11-11T06:50:42.122+0000] {dagbag.py:588} INFO - Filling up the DagBag from /home/airflow/.local/lib/python3.12/site-packages/airflow/example_dags/example_python_operator.py
[2024-11-11T06:50:42.150+0000] {processor.py:925} INFO - DAG(s) 'example_python_operator' retrieved from /home/airflow/.local/lib/python3.12/site-packages/airflow/example_dags/example_python_operator.py
[2024-11-11T06:50:42.190+0000] {logging_mixin.py:190} INFO - [2024-11-11T06:50:42.189+0000] {dag.py:3239} INFO - Sync 1 DAGs
[2024-11-11T06:50:42.221+0000] {logging_mixin.py:190} INFO - [2024-11-11T06:50:42.221+0000] {dag.py:4180} INFO - Setting next_dagrun for example_python_operator to None, run_after=None
[2024-11-11T06:50:42.266+0000] {processor.py:208} INFO - Processing /home/airflow/.local/lib/python3.12/site-packages/airflow/example_dags/example_python_operator.py took 0.168 seconds
[2024-11-11T06:51:13.594+0000] {processor.py:186} INFO - Started process (PID=3866) to work on /home/airflow/.local/lib/python3.12/site-packages/airflow/example_dags/example_python_operator.py
[2024-11-11T06:51:13.597+0000] {processor.py:914} INFO - Processing file /home/airflow/.local/lib/python3.12/site-packages/airflow/example_dags/example_python_operator.py for tasks to queue
[2024-11-11T06:51:13.602+0000] {logging_mixin.py:190} INFO - [2024-11-11T06:51:13.601+0000] {dagbag.py:588} INFO - Filling up the DagBag from /home/airflow/.local/lib/python3.12/site-packages/airflow/example_dags/example_python_operator.py
[2024-11-11T06:51:13.631+0000] {processor.py:925} INFO - DAG(s) 'example_python_operator' retrieved from /home/airflow/.local/lib/python3.12/site-packages/airflow/example_dags/example_python_operator.py
[2024-11-11T06:51:13.675+0000] {logging_mixin.py:190} INFO - [2024-11-11T06:51:13.675+0000] {dag.py:3239} INFO - Sync 1 DAGs
[2024-11-11T06:51:13.719+0000] {logging_mixin.py:190} INFO - [2024-11-11T06:51:13.718+0000] {dag.py:4180} INFO - Setting next_dagrun for example_python_operator to None, run_after=None
[2024-11-11T06:51:13.753+0000] {processor.py:208} INFO - Processing /home/airflow/.local/lib/python3.12/site-packages/airflow/example_dags/example_python_operator.py took 0.170 seconds
[2024-11-11T06:51:44.829+0000] {processor.py:186} INFO - Started process (PID=4157) to work on /home/airflow/.local/lib/python3.12/site-packages/airflow/example_dags/example_python_operator.py
[2024-11-11T06:51:44.831+0000] {processor.py:914} INFO - Processing file /home/airflow/.local/lib/python3.12/site-packages/airflow/example_dags/example_python_operator.py for tasks to queue
[2024-11-11T06:51:44.836+0000] {logging_mixin.py:190} INFO - [2024-11-11T06:51:44.836+0000] {dagbag.py:588} INFO - Filling up the DagBag from /home/airflow/.local/lib/python3.12/site-packages/airflow/example_dags/example_python_operator.py
[2024-11-11T06:51:44.859+0000] {processor.py:925} INFO - DAG(s) 'example_python_operator' retrieved from /home/airflow/.local/lib/python3.12/site-packages/airflow/example_dags/example_python_operator.py
[2024-11-11T06:51:44.894+0000] {logging_mixin.py:190} INFO - [2024-11-11T06:51:44.894+0000] {dag.py:3239} INFO - Sync 1 DAGs
[2024-11-11T06:51:44.923+0000] {logging_mixin.py:190} INFO - [2024-11-11T06:51:44.923+0000] {dag.py:4180} INFO - Setting next_dagrun for example_python_operator to None, run_after=None
[2024-11-11T06:51:44.959+0000] {processor.py:208} INFO - Processing /home/airflow/.local/lib/python3.12/site-packages/airflow/example_dags/example_python_operator.py took 0.140 seconds
[2024-11-11T06:52:17.249+0000] {processor.py:186} INFO - Started process (PID=4453) to work on /home/airflow/.local/lib/python3.12/site-packages/airflow/example_dags/example_python_operator.py
[2024-11-11T06:52:17.250+0000] {processor.py:914} INFO - Processing file /home/airflow/.local/lib/python3.12/site-packages/airflow/example_dags/example_python_operator.py for tasks to queue
[2024-11-11T06:52:17.258+0000] {logging_mixin.py:190} INFO - [2024-11-11T06:52:17.257+0000] {dagbag.py:588} INFO - Filling up the DagBag from /home/airflow/.local/lib/python3.12/site-packages/airflow/example_dags/example_python_operator.py
[2024-11-11T06:52:17.279+0000] {processor.py:925} INFO - DAG(s) 'example_python_operator' retrieved from /home/airflow/.local/lib/python3.12/site-packages/airflow/example_dags/example_python_operator.py
[2024-11-11T06:52:17.319+0000] {logging_mixin.py:190} INFO - [2024-11-11T06:52:17.318+0000] {dag.py:3239} INFO - Sync 1 DAGs
[2024-11-11T06:52:17.343+0000] {logging_mixin.py:190} INFO - [2024-11-11T06:52:17.341+0000] {dag.py:4180} INFO - Setting next_dagrun for example_python_operator to None, run_after=None
[2024-11-11T06:52:17.375+0000] {processor.py:208} INFO - Processing /home/airflow/.local/lib/python3.12/site-packages/airflow/example_dags/example_python_operator.py took 0.137 seconds
