[2024-11-11T06:44:20.821+0000] {processor.py:186} INFO - Started process (PID=222) to work on /home/airflow/.local/lib/python3.12/site-packages/airflow/example_dags/example_branch_labels.py
[2024-11-11T06:44:20.825+0000] {processor.py:914} INFO - Processing file /home/airflow/.local/lib/python3.12/site-packages/airflow/example_dags/example_branch_labels.py for tasks to queue
[2024-11-11T06:44:20.837+0000] {logging_mixin.py:190} INFO - [2024-11-11T06:44:20.833+0000] {dagbag.py:588} INFO - Filling up the DagBag from /home/airflow/.local/lib/python3.12/site-packages/airflow/example_dags/example_branch_labels.py
[2024-11-11T06:44:20.885+0000] {processor.py:925} INFO - DAG(s) 'example_branch_labels' retrieved from /home/airflow/.local/lib/python3.12/site-packages/airflow/example_dags/example_branch_labels.py
[2024-11-11T06:44:21.256+0000] {logging_mixin.py:190} INFO - [2024-11-11T06:44:21.254+0000] {override.py:1911} INFO - Created Permission View: can delete on DAG:example_branch_labels
[2024-11-11T06:44:21.275+0000] {logging_mixin.py:190} INFO - [2024-11-11T06:44:21.275+0000] {override.py:1911} INFO - Created Permission View: can edit on DAG:example_branch_labels
[2024-11-11T06:44:21.289+0000] {logging_mixin.py:190} INFO - [2024-11-11T06:44:21.289+0000] {override.py:1911} INFO - Created Permission View: can read on DAG:example_branch_labels
[2024-11-11T06:44:21.307+0000] {logging_mixin.py:190} INFO - [2024-11-11T06:44:21.307+0000] {override.py:1911} INFO - Created Permission View: menu access on DAG Run:example_branch_labels
[2024-11-11T06:44:21.323+0000] {logging_mixin.py:190} INFO - [2024-11-11T06:44:21.322+0000] {override.py:1911} INFO - Created Permission View: can delete on DAG Run:example_branch_labels
[2024-11-11T06:44:21.338+0000] {logging_mixin.py:190} INFO - [2024-11-11T06:44:21.338+0000] {override.py:1911} INFO - Created Permission View: can create on DAG Run:example_branch_labels
[2024-11-11T06:44:21.353+0000] {logging_mixin.py:190} INFO - [2024-11-11T06:44:21.352+0000] {override.py:1911} INFO - Created Permission View: can read on DAG Run:example_branch_labels
[2024-11-11T06:44:21.354+0000] {logging_mixin.py:190} INFO - [2024-11-11T06:44:21.354+0000] {dag.py:3239} INFO - Sync 1 DAGs
[2024-11-11T06:44:21.389+0000] {logging_mixin.py:190} INFO - [2024-11-11T06:44:21.388+0000] {dag.py:3262} INFO - Creating ORM DAG for example_branch_labels
[2024-11-11T06:44:21.427+0000] {logging_mixin.py:190} INFO - [2024-11-11T06:44:21.426+0000] {dag.py:4180} INFO - Setting next_dagrun for example_branch_labels to 2024-11-10 00:00:00+00:00, run_after=2024-11-11 00:00:00+00:00
[2024-11-11T06:44:21.482+0000] {processor.py:208} INFO - Processing /home/airflow/.local/lib/python3.12/site-packages/airflow/example_dags/example_branch_labels.py took 0.680 seconds
[2024-11-11T06:45:03.442+0000] {processor.py:186} INFO - Started process (PID=520) to work on /home/airflow/.local/lib/python3.12/site-packages/airflow/example_dags/example_branch_labels.py
[2024-11-11T06:45:03.446+0000] {processor.py:914} INFO - Processing file /home/airflow/.local/lib/python3.12/site-packages/airflow/example_dags/example_branch_labels.py for tasks to queue
[2024-11-11T06:45:03.461+0000] {logging_mixin.py:190} INFO - [2024-11-11T06:45:03.460+0000] {dagbag.py:588} INFO - Filling up the DagBag from /home/airflow/.local/lib/python3.12/site-packages/airflow/example_dags/example_branch_labels.py
[2024-11-11T06:45:03.524+0000] {processor.py:925} INFO - DAG(s) 'example_branch_labels' retrieved from /home/airflow/.local/lib/python3.12/site-packages/airflow/example_dags/example_branch_labels.py
[2024-11-11T06:45:03.592+0000] {logging_mixin.py:190} INFO - [2024-11-11T06:45:03.592+0000] {dag.py:3239} INFO - Sync 1 DAGs
[2024-11-11T06:45:03.688+0000] {logging_mixin.py:190} INFO - [2024-11-11T06:45:03.688+0000] {dag.py:4180} INFO - Setting next_dagrun for example_branch_labels to 2024-11-10 00:00:00+00:00, run_after=2024-11-11 00:00:00+00:00
[2024-11-11T06:45:03.770+0000] {processor.py:208} INFO - Processing /home/airflow/.local/lib/python3.12/site-packages/airflow/example_dags/example_branch_labels.py took 0.363 seconds
[2024-11-11T06:45:43.437+0000] {processor.py:186} INFO - Started process (PID=813) to work on /home/airflow/.local/lib/python3.12/site-packages/airflow/example_dags/example_branch_labels.py
[2024-11-11T06:45:43.439+0000] {processor.py:914} INFO - Processing file /home/airflow/.local/lib/python3.12/site-packages/airflow/example_dags/example_branch_labels.py for tasks to queue
[2024-11-11T06:45:43.448+0000] {logging_mixin.py:190} INFO - [2024-11-11T06:45:43.447+0000] {dagbag.py:588} INFO - Filling up the DagBag from /home/airflow/.local/lib/python3.12/site-packages/airflow/example_dags/example_branch_labels.py
[2024-11-11T06:45:43.488+0000] {processor.py:925} INFO - DAG(s) 'example_branch_labels' retrieved from /home/airflow/.local/lib/python3.12/site-packages/airflow/example_dags/example_branch_labels.py
[2024-11-11T06:45:43.561+0000] {logging_mixin.py:190} INFO - [2024-11-11T06:45:43.560+0000] {dag.py:3239} INFO - Sync 1 DAGs
[2024-11-11T06:45:43.642+0000] {logging_mixin.py:190} INFO - [2024-11-11T06:45:43.642+0000] {dag.py:4180} INFO - Setting next_dagrun for example_branch_labels to 2024-11-10 00:00:00+00:00, run_after=2024-11-11 00:00:00+00:00
[2024-11-11T06:45:43.715+0000] {processor.py:208} INFO - Processing /home/airflow/.local/lib/python3.12/site-packages/airflow/example_dags/example_branch_labels.py took 0.310 seconds
[2024-11-11T06:46:19.234+0000] {processor.py:186} INFO - Started process (PID=1122) to work on /home/airflow/.local/lib/python3.12/site-packages/airflow/example_dags/example_branch_labels.py
[2024-11-11T06:46:19.237+0000] {processor.py:914} INFO - Processing file /home/airflow/.local/lib/python3.12/site-packages/airflow/example_dags/example_branch_labels.py for tasks to queue
[2024-11-11T06:46:19.247+0000] {logging_mixin.py:190} INFO - [2024-11-11T06:46:19.246+0000] {dagbag.py:588} INFO - Filling up the DagBag from /home/airflow/.local/lib/python3.12/site-packages/airflow/example_dags/example_branch_labels.py
[2024-11-11T06:46:19.298+0000] {processor.py:925} INFO - DAG(s) 'example_branch_labels' retrieved from /home/airflow/.local/lib/python3.12/site-packages/airflow/example_dags/example_branch_labels.py
[2024-11-11T06:46:19.359+0000] {logging_mixin.py:190} INFO - [2024-11-11T06:46:19.358+0000] {dag.py:3239} INFO - Sync 1 DAGs
[2024-11-11T06:46:19.433+0000] {logging_mixin.py:190} INFO - [2024-11-11T06:46:19.432+0000] {dag.py:4180} INFO - Setting next_dagrun for example_branch_labels to 2024-11-10 00:00:00+00:00, run_after=2024-11-11 00:00:00+00:00
[2024-11-11T06:46:19.493+0000] {processor.py:208} INFO - Processing /home/airflow/.local/lib/python3.12/site-packages/airflow/example_dags/example_branch_labels.py took 0.276 seconds
[2024-11-11T06:46:51.701+0000] {processor.py:186} INFO - Started process (PID=1418) to work on /home/airflow/.local/lib/python3.12/site-packages/airflow/example_dags/example_branch_labels.py
[2024-11-11T06:46:51.703+0000] {processor.py:914} INFO - Processing file /home/airflow/.local/lib/python3.12/site-packages/airflow/example_dags/example_branch_labels.py for tasks to queue
[2024-11-11T06:46:51.709+0000] {logging_mixin.py:190} INFO - [2024-11-11T06:46:51.708+0000] {dagbag.py:588} INFO - Filling up the DagBag from /home/airflow/.local/lib/python3.12/site-packages/airflow/example_dags/example_branch_labels.py
[2024-11-11T06:46:51.730+0000] {processor.py:925} INFO - DAG(s) 'example_branch_labels' retrieved from /home/airflow/.local/lib/python3.12/site-packages/airflow/example_dags/example_branch_labels.py
[2024-11-11T06:46:51.776+0000] {logging_mixin.py:190} INFO - [2024-11-11T06:46:51.775+0000] {dag.py:3239} INFO - Sync 1 DAGs
[2024-11-11T06:46:51.833+0000] {logging_mixin.py:190} INFO - [2024-11-11T06:46:51.832+0000] {dag.py:4180} INFO - Setting next_dagrun for example_branch_labels to 2024-11-10 00:00:00+00:00, run_after=2024-11-11 00:00:00+00:00
[2024-11-11T06:46:51.871+0000] {processor.py:208} INFO - Processing /home/airflow/.local/lib/python3.12/site-packages/airflow/example_dags/example_branch_labels.py took 0.185 seconds
[2024-11-11T06:47:23.238+0000] {processor.py:186} INFO - Started process (PID=1711) to work on /home/airflow/.local/lib/python3.12/site-packages/airflow/example_dags/example_branch_labels.py
[2024-11-11T06:47:23.239+0000] {processor.py:914} INFO - Processing file /home/airflow/.local/lib/python3.12/site-packages/airflow/example_dags/example_branch_labels.py for tasks to queue
[2024-11-11T06:47:23.242+0000] {logging_mixin.py:190} INFO - [2024-11-11T06:47:23.241+0000] {dagbag.py:588} INFO - Filling up the DagBag from /home/airflow/.local/lib/python3.12/site-packages/airflow/example_dags/example_branch_labels.py
[2024-11-11T06:47:23.254+0000] {processor.py:925} INFO - DAG(s) 'example_branch_labels' retrieved from /home/airflow/.local/lib/python3.12/site-packages/airflow/example_dags/example_branch_labels.py
[2024-11-11T06:47:23.279+0000] {logging_mixin.py:190} INFO - [2024-11-11T06:47:23.278+0000] {dag.py:3239} INFO - Sync 1 DAGs
[2024-11-11T06:47:23.307+0000] {logging_mixin.py:190} INFO - [2024-11-11T06:47:23.307+0000] {dag.py:4180} INFO - Setting next_dagrun for example_branch_labels to 2024-11-10 00:00:00+00:00, run_after=2024-11-11 00:00:00+00:00
[2024-11-11T06:47:23.329+0000] {processor.py:208} INFO - Processing /home/airflow/.local/lib/python3.12/site-packages/airflow/example_dags/example_branch_labels.py took 0.099 seconds
[2024-11-11T06:47:56.755+0000] {processor.py:186} INFO - Started process (PID=2000) to work on /home/airflow/.local/lib/python3.12/site-packages/airflow/example_dags/example_branch_labels.py
[2024-11-11T06:47:56.758+0000] {processor.py:914} INFO - Processing file /home/airflow/.local/lib/python3.12/site-packages/airflow/example_dags/example_branch_labels.py for tasks to queue
[2024-11-11T06:47:56.762+0000] {logging_mixin.py:190} INFO - [2024-11-11T06:47:56.762+0000] {dagbag.py:588} INFO - Filling up the DagBag from /home/airflow/.local/lib/python3.12/site-packages/airflow/example_dags/example_branch_labels.py
[2024-11-11T06:47:56.809+0000] {processor.py:925} INFO - DAG(s) 'example_branch_labels' retrieved from /home/airflow/.local/lib/python3.12/site-packages/airflow/example_dags/example_branch_labels.py
[2024-11-11T06:47:56.900+0000] {logging_mixin.py:190} INFO - [2024-11-11T06:47:56.899+0000] {dag.py:3239} INFO - Sync 1 DAGs
[2024-11-11T06:47:57.003+0000] {logging_mixin.py:190} INFO - [2024-11-11T06:47:57.003+0000] {dag.py:4180} INFO - Setting next_dagrun for example_branch_labels to 2024-11-10 00:00:00+00:00, run_after=2024-11-11 00:00:00+00:00
[2024-11-11T06:47:57.066+0000] {processor.py:208} INFO - Processing /home/airflow/.local/lib/python3.12/site-packages/airflow/example_dags/example_branch_labels.py took 0.329 seconds
[2024-11-11T06:48:27.912+0000] {processor.py:186} INFO - Started process (PID=2291) to work on /home/airflow/.local/lib/python3.12/site-packages/airflow/example_dags/example_branch_labels.py
[2024-11-11T06:48:27.914+0000] {processor.py:914} INFO - Processing file /home/airflow/.local/lib/python3.12/site-packages/airflow/example_dags/example_branch_labels.py for tasks to queue
[2024-11-11T06:48:27.920+0000] {logging_mixin.py:190} INFO - [2024-11-11T06:48:27.919+0000] {dagbag.py:588} INFO - Filling up the DagBag from /home/airflow/.local/lib/python3.12/site-packages/airflow/example_dags/example_branch_labels.py
[2024-11-11T06:48:27.936+0000] {processor.py:925} INFO - DAG(s) 'example_branch_labels' retrieved from /home/airflow/.local/lib/python3.12/site-packages/airflow/example_dags/example_branch_labels.py
[2024-11-11T06:48:27.969+0000] {logging_mixin.py:190} INFO - [2024-11-11T06:48:27.968+0000] {dag.py:3239} INFO - Sync 1 DAGs
[2024-11-11T06:48:28.017+0000] {logging_mixin.py:190} INFO - [2024-11-11T06:48:28.017+0000] {dag.py:4180} INFO - Setting next_dagrun for example_branch_labels to 2024-11-10 00:00:00+00:00, run_after=2024-11-11 00:00:00+00:00
[2024-11-11T06:48:28.061+0000] {processor.py:208} INFO - Processing /home/airflow/.local/lib/python3.12/site-packages/airflow/example_dags/example_branch_labels.py took 0.161 seconds
[2024-11-11T06:48:59.528+0000] {processor.py:186} INFO - Started process (PID=2582) to work on /home/airflow/.local/lib/python3.12/site-packages/airflow/example_dags/example_branch_labels.py
[2024-11-11T06:48:59.531+0000] {processor.py:914} INFO - Processing file /home/airflow/.local/lib/python3.12/site-packages/airflow/example_dags/example_branch_labels.py for tasks to queue
[2024-11-11T06:48:59.540+0000] {logging_mixin.py:190} INFO - [2024-11-11T06:48:59.534+0000] {dagbag.py:588} INFO - Filling up the DagBag from /home/airflow/.local/lib/python3.12/site-packages/airflow/example_dags/example_branch_labels.py
[2024-11-11T06:48:59.564+0000] {processor.py:925} INFO - DAG(s) 'example_branch_labels' retrieved from /home/airflow/.local/lib/python3.12/site-packages/airflow/example_dags/example_branch_labels.py
[2024-11-11T06:48:59.613+0000] {logging_mixin.py:190} INFO - [2024-11-11T06:48:59.612+0000] {dag.py:3239} INFO - Sync 1 DAGs
[2024-11-11T06:48:59.657+0000] {logging_mixin.py:190} INFO - [2024-11-11T06:48:59.656+0000] {dag.py:4180} INFO - Setting next_dagrun for example_branch_labels to 2024-11-10 00:00:00+00:00, run_after=2024-11-11 00:00:00+00:00
[2024-11-11T06:48:59.709+0000] {processor.py:208} INFO - Processing /home/airflow/.local/lib/python3.12/site-packages/airflow/example_dags/example_branch_labels.py took 0.194 seconds
[2024-11-11T06:49:30.869+0000] {processor.py:186} INFO - Started process (PID=2873) to work on /home/airflow/.local/lib/python3.12/site-packages/airflow/example_dags/example_branch_labels.py
[2024-11-11T06:49:30.871+0000] {processor.py:914} INFO - Processing file /home/airflow/.local/lib/python3.12/site-packages/airflow/example_dags/example_branch_labels.py for tasks to queue
[2024-11-11T06:49:30.875+0000] {logging_mixin.py:190} INFO - [2024-11-11T06:49:30.875+0000] {dagbag.py:588} INFO - Filling up the DagBag from /home/airflow/.local/lib/python3.12/site-packages/airflow/example_dags/example_branch_labels.py
[2024-11-11T06:49:30.893+0000] {processor.py:925} INFO - DAG(s) 'example_branch_labels' retrieved from /home/airflow/.local/lib/python3.12/site-packages/airflow/example_dags/example_branch_labels.py
[2024-11-11T06:49:30.926+0000] {logging_mixin.py:190} INFO - [2024-11-11T06:49:30.926+0000] {dag.py:3239} INFO - Sync 1 DAGs
[2024-11-11T06:49:30.961+0000] {logging_mixin.py:190} INFO - [2024-11-11T06:49:30.961+0000] {dag.py:4180} INFO - Setting next_dagrun for example_branch_labels to 2024-11-10 00:00:00+00:00, run_after=2024-11-11 00:00:00+00:00
[2024-11-11T06:49:30.991+0000] {processor.py:208} INFO - Processing /home/airflow/.local/lib/python3.12/site-packages/airflow/example_dags/example_branch_labels.py took 0.133 seconds
[2024-11-11T06:50:02.337+0000] {processor.py:186} INFO - Started process (PID=3159) to work on /home/airflow/.local/lib/python3.12/site-packages/airflow/example_dags/example_branch_labels.py
[2024-11-11T06:50:02.342+0000] {processor.py:914} INFO - Processing file /home/airflow/.local/lib/python3.12/site-packages/airflow/example_dags/example_branch_labels.py for tasks to queue
[2024-11-11T06:50:02.363+0000] {logging_mixin.py:190} INFO - [2024-11-11T06:50:02.362+0000] {dagbag.py:588} INFO - Filling up the DagBag from /home/airflow/.local/lib/python3.12/site-packages/airflow/example_dags/example_branch_labels.py
[2024-11-11T06:50:02.465+0000] {processor.py:925} INFO - DAG(s) 'example_branch_labels' retrieved from /home/airflow/.local/lib/python3.12/site-packages/airflow/example_dags/example_branch_labels.py
[2024-11-11T06:50:02.576+0000] {logging_mixin.py:190} INFO - [2024-11-11T06:50:02.575+0000] {dag.py:3239} INFO - Sync 1 DAGs
[2024-11-11T06:50:02.669+0000] {logging_mixin.py:190} INFO - [2024-11-11T06:50:02.668+0000] {dag.py:4180} INFO - Setting next_dagrun for example_branch_labels to 2024-11-10 00:00:00+00:00, run_after=2024-11-11 00:00:00+00:00
[2024-11-11T06:50:02.720+0000] {processor.py:208} INFO - Processing /home/airflow/.local/lib/python3.12/site-packages/airflow/example_dags/example_branch_labels.py took 0.423 seconds
[2024-11-11T06:50:33.291+0000] {processor.py:186} INFO - Started process (PID=3447) to work on /home/airflow/.local/lib/python3.12/site-packages/airflow/example_dags/example_branch_labels.py
[2024-11-11T06:50:33.293+0000] {processor.py:914} INFO - Processing file /home/airflow/.local/lib/python3.12/site-packages/airflow/example_dags/example_branch_labels.py for tasks to queue
[2024-11-11T06:50:33.299+0000] {logging_mixin.py:190} INFO - [2024-11-11T06:50:33.298+0000] {dagbag.py:588} INFO - Filling up the DagBag from /home/airflow/.local/lib/python3.12/site-packages/airflow/example_dags/example_branch_labels.py
[2024-11-11T06:50:33.317+0000] {processor.py:925} INFO - DAG(s) 'example_branch_labels' retrieved from /home/airflow/.local/lib/python3.12/site-packages/airflow/example_dags/example_branch_labels.py
[2024-11-11T06:50:33.358+0000] {logging_mixin.py:190} INFO - [2024-11-11T06:50:33.357+0000] {dag.py:3239} INFO - Sync 1 DAGs
[2024-11-11T06:50:33.405+0000] {logging_mixin.py:190} INFO - [2024-11-11T06:50:33.405+0000] {dag.py:4180} INFO - Setting next_dagrun for example_branch_labels to 2024-11-10 00:00:00+00:00, run_after=2024-11-11 00:00:00+00:00
[2024-11-11T06:50:33.445+0000] {processor.py:208} INFO - Processing /home/airflow/.local/lib/python3.12/site-packages/airflow/example_dags/example_branch_labels.py took 0.164 seconds
[2024-11-11T06:51:04.319+0000] {processor.py:186} INFO - Started process (PID=3738) to work on /home/airflow/.local/lib/python3.12/site-packages/airflow/example_dags/example_branch_labels.py
[2024-11-11T06:51:04.320+0000] {processor.py:914} INFO - Processing file /home/airflow/.local/lib/python3.12/site-packages/airflow/example_dags/example_branch_labels.py for tasks to queue
[2024-11-11T06:51:04.324+0000] {logging_mixin.py:190} INFO - [2024-11-11T06:51:04.323+0000] {dagbag.py:588} INFO - Filling up the DagBag from /home/airflow/.local/lib/python3.12/site-packages/airflow/example_dags/example_branch_labels.py
[2024-11-11T06:51:04.340+0000] {processor.py:925} INFO - DAG(s) 'example_branch_labels' retrieved from /home/airflow/.local/lib/python3.12/site-packages/airflow/example_dags/example_branch_labels.py
[2024-11-11T06:51:04.377+0000] {logging_mixin.py:190} INFO - [2024-11-11T06:51:04.376+0000] {dag.py:3239} INFO - Sync 1 DAGs
[2024-11-11T06:51:04.421+0000] {logging_mixin.py:190} INFO - [2024-11-11T06:51:04.420+0000] {dag.py:4180} INFO - Setting next_dagrun for example_branch_labels to 2024-11-10 00:00:00+00:00, run_after=2024-11-11 00:00:00+00:00
[2024-11-11T06:51:04.456+0000] {processor.py:208} INFO - Processing /home/airflow/.local/lib/python3.12/site-packages/airflow/example_dags/example_branch_labels.py took 0.149 seconds
[2024-11-11T06:51:35.582+0000] {processor.py:186} INFO - Started process (PID=4029) to work on /home/airflow/.local/lib/python3.12/site-packages/airflow/example_dags/example_branch_labels.py
[2024-11-11T06:51:35.584+0000] {processor.py:914} INFO - Processing file /home/airflow/.local/lib/python3.12/site-packages/airflow/example_dags/example_branch_labels.py for tasks to queue
[2024-11-11T06:51:35.587+0000] {logging_mixin.py:190} INFO - [2024-11-11T06:51:35.587+0000] {dagbag.py:588} INFO - Filling up the DagBag from /home/airflow/.local/lib/python3.12/site-packages/airflow/example_dags/example_branch_labels.py
[2024-11-11T06:51:35.607+0000] {processor.py:925} INFO - DAG(s) 'example_branch_labels' retrieved from /home/airflow/.local/lib/python3.12/site-packages/airflow/example_dags/example_branch_labels.py
[2024-11-11T06:51:35.641+0000] {logging_mixin.py:190} INFO - [2024-11-11T06:51:35.641+0000] {dag.py:3239} INFO - Sync 1 DAGs
[2024-11-11T06:51:35.685+0000] {logging_mixin.py:190} INFO - [2024-11-11T06:51:35.685+0000] {dag.py:4180} INFO - Setting next_dagrun for example_branch_labels to 2024-11-10 00:00:00+00:00, run_after=2024-11-11 00:00:00+00:00
[2024-11-11T06:51:35.721+0000] {processor.py:208} INFO - Processing /home/airflow/.local/lib/python3.12/site-packages/airflow/example_dags/example_branch_labels.py took 0.151 seconds
[2024-11-11T06:52:06.923+0000] {processor.py:186} INFO - Started process (PID=4318) to work on /home/airflow/.local/lib/python3.12/site-packages/airflow/example_dags/example_branch_labels.py
[2024-11-11T06:52:06.924+0000] {processor.py:914} INFO - Processing file /home/airflow/.local/lib/python3.12/site-packages/airflow/example_dags/example_branch_labels.py for tasks to queue
[2024-11-11T06:52:06.929+0000] {logging_mixin.py:190} INFO - [2024-11-11T06:52:06.929+0000] {dagbag.py:588} INFO - Filling up the DagBag from /home/airflow/.local/lib/python3.12/site-packages/airflow/example_dags/example_branch_labels.py
[2024-11-11T06:52:06.946+0000] {processor.py:925} INFO - DAG(s) 'example_branch_labels' retrieved from /home/airflow/.local/lib/python3.12/site-packages/airflow/example_dags/example_branch_labels.py
[2024-11-11T06:52:06.977+0000] {logging_mixin.py:190} INFO - [2024-11-11T06:52:06.977+0000] {dag.py:3239} INFO - Sync 1 DAGs
[2024-11-11T06:52:07.025+0000] {logging_mixin.py:190} INFO - [2024-11-11T06:52:07.025+0000] {dag.py:4180} INFO - Setting next_dagrun for example_branch_labels to 2024-11-10 00:00:00+00:00, run_after=2024-11-11 00:00:00+00:00
[2024-11-11T06:52:07.062+0000] {processor.py:208} INFO - Processing /home/airflow/.local/lib/python3.12/site-packages/airflow/example_dags/example_branch_labels.py took 0.148 seconds
[2024-11-11T06:52:38.141+0000] {processor.py:186} INFO - Started process (PID=4609) to work on /home/airflow/.local/lib/python3.12/site-packages/airflow/example_dags/example_branch_labels.py
[2024-11-11T06:52:38.143+0000] {processor.py:914} INFO - Processing file /home/airflow/.local/lib/python3.12/site-packages/airflow/example_dags/example_branch_labels.py for tasks to queue
[2024-11-11T06:52:38.148+0000] {logging_mixin.py:190} INFO - [2024-11-11T06:52:38.147+0000] {dagbag.py:588} INFO - Filling up the DagBag from /home/airflow/.local/lib/python3.12/site-packages/airflow/example_dags/example_branch_labels.py
[2024-11-11T06:52:38.162+0000] {processor.py:925} INFO - DAG(s) 'example_branch_labels' retrieved from /home/airflow/.local/lib/python3.12/site-packages/airflow/example_dags/example_branch_labels.py
[2024-11-11T06:52:38.196+0000] {logging_mixin.py:190} INFO - [2024-11-11T06:52:38.196+0000] {dag.py:3239} INFO - Sync 1 DAGs
[2024-11-11T06:52:38.236+0000] {logging_mixin.py:190} INFO - [2024-11-11T06:52:38.236+0000] {dag.py:4180} INFO - Setting next_dagrun for example_branch_labels to 2024-11-10 00:00:00+00:00, run_after=2024-11-11 00:00:00+00:00
[2024-11-11T06:52:38.268+0000] {processor.py:208} INFO - Processing /home/airflow/.local/lib/python3.12/site-packages/airflow/example_dags/example_branch_labels.py took 0.136 seconds
