[2024-11-11T06:44:37.495+0000] {processor.py:186} INFO - Started process (PID=414) to work on /home/airflow/.local/lib/python3.12/site-packages/airflow/example_dags/example_latest_only_with_trigger.py
[2024-11-11T06:44:37.499+0000] {processor.py:914} INFO - Processing file /home/airflow/.local/lib/python3.12/site-packages/airflow/example_dags/example_latest_only_with_trigger.py for tasks to queue
[2024-11-11T06:44:37.505+0000] {logging_mixin.py:190} INFO - [2024-11-11T06:44:37.504+0000] {dagbag.py:588} INFO - Filling up the DagBag from /home/airflow/.local/lib/python3.12/site-packages/airflow/example_dags/example_latest_only_with_trigger.py
[2024-11-11T06:44:37.530+0000] {processor.py:925} INFO - DAG(s) 'latest_only_with_trigger' retrieved from /home/airflow/.local/lib/python3.12/site-packages/airflow/example_dags/example_latest_only_with_trigger.py
[2024-11-11T06:44:37.816+0000] {logging_mixin.py:190} INFO - [2024-11-11T06:44:37.815+0000] {override.py:1911} INFO - Created Permission View: can delete on DAG:latest_only_with_trigger
[2024-11-11T06:44:37.841+0000] {logging_mixin.py:190} INFO - [2024-11-11T06:44:37.841+0000] {override.py:1911} INFO - Created Permission View: can edit on DAG:latest_only_with_trigger
[2024-11-11T06:44:37.857+0000] {logging_mixin.py:190} INFO - [2024-11-11T06:44:37.857+0000] {override.py:1911} INFO - Created Permission View: can read on DAG:latest_only_with_trigger
[2024-11-11T06:44:37.875+0000] {logging_mixin.py:190} INFO - [2024-11-11T06:44:37.875+0000] {override.py:1911} INFO - Created Permission View: menu access on DAG Run:latest_only_with_trigger
[2024-11-11T06:44:37.888+0000] {logging_mixin.py:190} INFO - [2024-11-11T06:44:37.888+0000] {override.py:1911} INFO - Created Permission View: can delete on DAG Run:latest_only_with_trigger
[2024-11-11T06:44:37.898+0000] {logging_mixin.py:190} INFO - [2024-11-11T06:44:37.897+0000] {override.py:1911} INFO - Created Permission View: can create on DAG Run:latest_only_with_trigger
[2024-11-11T06:44:37.909+0000] {logging_mixin.py:190} INFO - [2024-11-11T06:44:37.909+0000] {override.py:1911} INFO - Created Permission View: can read on DAG Run:latest_only_with_trigger
[2024-11-11T06:44:37.910+0000] {logging_mixin.py:190} INFO - [2024-11-11T06:44:37.910+0000] {dag.py:3239} INFO - Sync 1 DAGs
[2024-11-11T06:44:37.944+0000] {logging_mixin.py:190} INFO - [2024-11-11T06:44:37.944+0000] {dag.py:3262} INFO - Creating ORM DAG for latest_only_with_trigger
[2024-11-11T06:44:37.975+0000] {logging_mixin.py:190} INFO - [2024-11-11T06:44:37.974+0000] {dag.py:4180} INFO - Setting next_dagrun for latest_only_with_trigger to 2024-11-11 00:00:00+00:00, run_after=2024-11-11 04:00:00+00:00
[2024-11-11T06:44:38.012+0000] {processor.py:208} INFO - Processing /home/airflow/.local/lib/python3.12/site-packages/airflow/example_dags/example_latest_only_with_trigger.py took 0.532 seconds
[2024-11-11T06:45:18.461+0000] {processor.py:186} INFO - Started process (PID=730) to work on /home/airflow/.local/lib/python3.12/site-packages/airflow/example_dags/example_latest_only_with_trigger.py
[2024-11-11T06:45:18.463+0000] {processor.py:914} INFO - Processing file /home/airflow/.local/lib/python3.12/site-packages/airflow/example_dags/example_latest_only_with_trigger.py for tasks to queue
[2024-11-11T06:45:18.473+0000] {logging_mixin.py:190} INFO - [2024-11-11T06:45:18.472+0000] {dagbag.py:588} INFO - Filling up the DagBag from /home/airflow/.local/lib/python3.12/site-packages/airflow/example_dags/example_latest_only_with_trigger.py
[2024-11-11T06:45:18.496+0000] {processor.py:925} INFO - DAG(s) 'latest_only_with_trigger' retrieved from /home/airflow/.local/lib/python3.12/site-packages/airflow/example_dags/example_latest_only_with_trigger.py
[2024-11-11T06:45:18.564+0000] {logging_mixin.py:190} INFO - [2024-11-11T06:45:18.563+0000] {dag.py:3239} INFO - Sync 1 DAGs
[2024-11-11T06:45:18.656+0000] {logging_mixin.py:190} INFO - [2024-11-11T06:45:18.655+0000] {dag.py:4180} INFO - Setting next_dagrun for latest_only_with_trigger to 2024-11-11 00:00:00+00:00, run_after=2024-11-11 04:00:00+00:00
[2024-11-11T06:45:18.809+0000] {processor.py:208} INFO - Processing /home/airflow/.local/lib/python3.12/site-packages/airflow/example_dags/example_latest_only_with_trigger.py took 0.366 seconds
[2024-11-11T06:46:02.360+0000] {processor.py:186} INFO - Started process (PID=1021) to work on /home/airflow/.local/lib/python3.12/site-packages/airflow/example_dags/example_latest_only_with_trigger.py
[2024-11-11T06:46:02.368+0000] {processor.py:914} INFO - Processing file /home/airflow/.local/lib/python3.12/site-packages/airflow/example_dags/example_latest_only_with_trigger.py for tasks to queue
[2024-11-11T06:46:02.379+0000] {logging_mixin.py:190} INFO - [2024-11-11T06:46:02.378+0000] {dagbag.py:588} INFO - Filling up the DagBag from /home/airflow/.local/lib/python3.12/site-packages/airflow/example_dags/example_latest_only_with_trigger.py
[2024-11-11T06:46:02.419+0000] {processor.py:925} INFO - DAG(s) 'latest_only_with_trigger' retrieved from /home/airflow/.local/lib/python3.12/site-packages/airflow/example_dags/example_latest_only_with_trigger.py
[2024-11-11T06:46:02.527+0000] {logging_mixin.py:190} INFO - [2024-11-11T06:46:02.526+0000] {dag.py:3239} INFO - Sync 1 DAGs
[2024-11-11T06:46:02.656+0000] {logging_mixin.py:190} INFO - [2024-11-11T06:46:02.655+0000] {dag.py:4180} INFO - Setting next_dagrun for latest_only_with_trigger to 2024-11-11 00:00:00+00:00, run_after=2024-11-11 04:00:00+00:00
[2024-11-11T06:46:02.780+0000] {processor.py:208} INFO - Processing /home/airflow/.local/lib/python3.12/site-packages/airflow/example_dags/example_latest_only_with_trigger.py took 0.440 seconds
[2024-11-11T06:46:33.227+0000] {processor.py:186} INFO - Started process (PID=1314) to work on /home/airflow/.local/lib/python3.12/site-packages/airflow/example_dags/example_latest_only_with_trigger.py
[2024-11-11T06:46:33.233+0000] {processor.py:914} INFO - Processing file /home/airflow/.local/lib/python3.12/site-packages/airflow/example_dags/example_latest_only_with_trigger.py for tasks to queue
[2024-11-11T06:46:33.247+0000] {logging_mixin.py:190} INFO - [2024-11-11T06:46:33.246+0000] {dagbag.py:588} INFO - Filling up the DagBag from /home/airflow/.local/lib/python3.12/site-packages/airflow/example_dags/example_latest_only_with_trigger.py
[2024-11-11T06:46:33.279+0000] {processor.py:925} INFO - DAG(s) 'latest_only_with_trigger' retrieved from /home/airflow/.local/lib/python3.12/site-packages/airflow/example_dags/example_latest_only_with_trigger.py
[2024-11-11T06:46:33.367+0000] {logging_mixin.py:190} INFO - [2024-11-11T06:46:33.367+0000] {dag.py:3239} INFO - Sync 1 DAGs
[2024-11-11T06:46:33.456+0000] {logging_mixin.py:190} INFO - [2024-11-11T06:46:33.456+0000] {dag.py:4180} INFO - Setting next_dagrun for latest_only_with_trigger to 2024-11-11 00:00:00+00:00, run_after=2024-11-11 04:00:00+00:00
[2024-11-11T06:46:33.517+0000] {processor.py:208} INFO - Processing /home/airflow/.local/lib/python3.12/site-packages/airflow/example_dags/example_latest_only_with_trigger.py took 0.310 seconds
[2024-11-11T06:47:03.774+0000] {processor.py:186} INFO - Started process (PID=1605) to work on /home/airflow/.local/lib/python3.12/site-packages/airflow/example_dags/example_latest_only_with_trigger.py
[2024-11-11T06:47:03.776+0000] {processor.py:914} INFO - Processing file /home/airflow/.local/lib/python3.12/site-packages/airflow/example_dags/example_latest_only_with_trigger.py for tasks to queue
[2024-11-11T06:47:03.781+0000] {logging_mixin.py:190} INFO - [2024-11-11T06:47:03.780+0000] {dagbag.py:588} INFO - Filling up the DagBag from /home/airflow/.local/lib/python3.12/site-packages/airflow/example_dags/example_latest_only_with_trigger.py
[2024-11-11T06:47:03.794+0000] {processor.py:925} INFO - DAG(s) 'latest_only_with_trigger' retrieved from /home/airflow/.local/lib/python3.12/site-packages/airflow/example_dags/example_latest_only_with_trigger.py
[2024-11-11T06:47:03.836+0000] {logging_mixin.py:190} INFO - [2024-11-11T06:47:03.835+0000] {dag.py:3239} INFO - Sync 1 DAGs
[2024-11-11T06:47:03.884+0000] {logging_mixin.py:190} INFO - [2024-11-11T06:47:03.883+0000] {dag.py:4180} INFO - Setting next_dagrun for latest_only_with_trigger to 2024-11-11 00:00:00+00:00, run_after=2024-11-11 04:00:00+00:00
[2024-11-11T06:47:03.928+0000] {processor.py:208} INFO - Processing /home/airflow/.local/lib/python3.12/site-packages/airflow/example_dags/example_latest_only_with_trigger.py took 0.168 seconds
[2024-11-11T06:47:34.105+0000] {processor.py:186} INFO - Started process (PID=1896) to work on /home/airflow/.local/lib/python3.12/site-packages/airflow/example_dags/example_latest_only_with_trigger.py
[2024-11-11T06:47:34.107+0000] {processor.py:914} INFO - Processing file /home/airflow/.local/lib/python3.12/site-packages/airflow/example_dags/example_latest_only_with_trigger.py for tasks to queue
[2024-11-11T06:47:34.111+0000] {logging_mixin.py:190} INFO - [2024-11-11T06:47:34.111+0000] {dagbag.py:588} INFO - Filling up the DagBag from /home/airflow/.local/lib/python3.12/site-packages/airflow/example_dags/example_latest_only_with_trigger.py
[2024-11-11T06:47:34.125+0000] {processor.py:925} INFO - DAG(s) 'latest_only_with_trigger' retrieved from /home/airflow/.local/lib/python3.12/site-packages/airflow/example_dags/example_latest_only_with_trigger.py
[2024-11-11T06:47:34.158+0000] {logging_mixin.py:190} INFO - [2024-11-11T06:47:34.158+0000] {dag.py:3239} INFO - Sync 1 DAGs
[2024-11-11T06:47:34.195+0000] {logging_mixin.py:190} INFO - [2024-11-11T06:47:34.194+0000] {dag.py:4180} INFO - Setting next_dagrun for latest_only_with_trigger to 2024-11-11 00:00:00+00:00, run_after=2024-11-11 04:00:00+00:00
[2024-11-11T06:47:34.245+0000] {processor.py:208} INFO - Processing /home/airflow/.local/lib/python3.12/site-packages/airflow/example_dags/example_latest_only_with_trigger.py took 0.151 seconds
[2024-11-11T06:48:06.172+0000] {processor.py:186} INFO - Started process (PID=2185) to work on /home/airflow/.local/lib/python3.12/site-packages/airflow/example_dags/example_latest_only_with_trigger.py
[2024-11-11T06:48:06.174+0000] {processor.py:914} INFO - Processing file /home/airflow/.local/lib/python3.12/site-packages/airflow/example_dags/example_latest_only_with_trigger.py for tasks to queue
[2024-11-11T06:48:06.180+0000] {logging_mixin.py:190} INFO - [2024-11-11T06:48:06.179+0000] {dagbag.py:588} INFO - Filling up the DagBag from /home/airflow/.local/lib/python3.12/site-packages/airflow/example_dags/example_latest_only_with_trigger.py
[2024-11-11T06:48:06.199+0000] {processor.py:925} INFO - DAG(s) 'latest_only_with_trigger' retrieved from /home/airflow/.local/lib/python3.12/site-packages/airflow/example_dags/example_latest_only_with_trigger.py
[2024-11-11T06:48:06.236+0000] {logging_mixin.py:190} INFO - [2024-11-11T06:48:06.235+0000] {dag.py:3239} INFO - Sync 1 DAGs
[2024-11-11T06:48:06.283+0000] {logging_mixin.py:190} INFO - [2024-11-11T06:48:06.283+0000] {dag.py:4180} INFO - Setting next_dagrun for latest_only_with_trigger to 2024-11-11 00:00:00+00:00, run_after=2024-11-11 04:00:00+00:00
[2024-11-11T06:48:06.328+0000] {processor.py:208} INFO - Processing /home/airflow/.local/lib/python3.12/site-packages/airflow/example_dags/example_latest_only_with_trigger.py took 0.167 seconds
[2024-11-11T06:48:36.928+0000] {processor.py:186} INFO - Started process (PID=2476) to work on /home/airflow/.local/lib/python3.12/site-packages/airflow/example_dags/example_latest_only_with_trigger.py
[2024-11-11T06:48:36.930+0000] {processor.py:914} INFO - Processing file /home/airflow/.local/lib/python3.12/site-packages/airflow/example_dags/example_latest_only_with_trigger.py for tasks to queue
[2024-11-11T06:48:36.936+0000] {logging_mixin.py:190} INFO - [2024-11-11T06:48:36.935+0000] {dagbag.py:588} INFO - Filling up the DagBag from /home/airflow/.local/lib/python3.12/site-packages/airflow/example_dags/example_latest_only_with_trigger.py
[2024-11-11T06:48:36.948+0000] {processor.py:925} INFO - DAG(s) 'latest_only_with_trigger' retrieved from /home/airflow/.local/lib/python3.12/site-packages/airflow/example_dags/example_latest_only_with_trigger.py
[2024-11-11T06:48:36.987+0000] {logging_mixin.py:190} INFO - [2024-11-11T06:48:36.986+0000] {dag.py:3239} INFO - Sync 1 DAGs
[2024-11-11T06:48:37.026+0000] {logging_mixin.py:190} INFO - [2024-11-11T06:48:37.025+0000] {dag.py:4180} INFO - Setting next_dagrun for latest_only_with_trigger to 2024-11-11 00:00:00+00:00, run_after=2024-11-11 04:00:00+00:00
[2024-11-11T06:48:37.064+0000] {processor.py:208} INFO - Processing /home/airflow/.local/lib/python3.12/site-packages/airflow/example_dags/example_latest_only_with_trigger.py took 0.146 seconds
[2024-11-11T06:49:08.723+0000] {processor.py:186} INFO - Started process (PID=2768) to work on /home/airflow/.local/lib/python3.12/site-packages/airflow/example_dags/example_latest_only_with_trigger.py
[2024-11-11T06:49:08.725+0000] {processor.py:914} INFO - Processing file /home/airflow/.local/lib/python3.12/site-packages/airflow/example_dags/example_latest_only_with_trigger.py for tasks to queue
[2024-11-11T06:49:08.729+0000] {logging_mixin.py:190} INFO - [2024-11-11T06:49:08.728+0000] {dagbag.py:588} INFO - Filling up the DagBag from /home/airflow/.local/lib/python3.12/site-packages/airflow/example_dags/example_latest_only_with_trigger.py
[2024-11-11T06:49:08.748+0000] {processor.py:925} INFO - DAG(s) 'latest_only_with_trigger' retrieved from /home/airflow/.local/lib/python3.12/site-packages/airflow/example_dags/example_latest_only_with_trigger.py
[2024-11-11T06:49:08.786+0000] {logging_mixin.py:190} INFO - [2024-11-11T06:49:08.786+0000] {dag.py:3239} INFO - Sync 1 DAGs
[2024-11-11T06:49:08.834+0000] {logging_mixin.py:190} INFO - [2024-11-11T06:49:08.834+0000] {dag.py:4180} INFO - Setting next_dagrun for latest_only_with_trigger to 2024-11-11 00:00:00+00:00, run_after=2024-11-11 04:00:00+00:00
[2024-11-11T06:49:08.873+0000] {processor.py:208} INFO - Processing /home/airflow/.local/lib/python3.12/site-packages/airflow/example_dags/example_latest_only_with_trigger.py took 0.161 seconds
[2024-11-11T06:49:40.172+0000] {processor.py:186} INFO - Started process (PID=3060) to work on /home/airflow/.local/lib/python3.12/site-packages/airflow/example_dags/example_latest_only_with_trigger.py
[2024-11-11T06:49:40.174+0000] {processor.py:914} INFO - Processing file /home/airflow/.local/lib/python3.12/site-packages/airflow/example_dags/example_latest_only_with_trigger.py for tasks to queue
[2024-11-11T06:49:40.178+0000] {logging_mixin.py:190} INFO - [2024-11-11T06:49:40.178+0000] {dagbag.py:588} INFO - Filling up the DagBag from /home/airflow/.local/lib/python3.12/site-packages/airflow/example_dags/example_latest_only_with_trigger.py
[2024-11-11T06:49:40.189+0000] {processor.py:925} INFO - DAG(s) 'latest_only_with_trigger' retrieved from /home/airflow/.local/lib/python3.12/site-packages/airflow/example_dags/example_latest_only_with_trigger.py
[2024-11-11T06:49:40.225+0000] {logging_mixin.py:190} INFO - [2024-11-11T06:49:40.224+0000] {dag.py:3239} INFO - Sync 1 DAGs
[2024-11-11T06:49:40.262+0000] {logging_mixin.py:190} INFO - [2024-11-11T06:49:40.262+0000] {dag.py:4180} INFO - Setting next_dagrun for latest_only_with_trigger to 2024-11-11 00:00:00+00:00, run_after=2024-11-11 04:00:00+00:00
[2024-11-11T06:49:40.294+0000] {processor.py:208} INFO - Processing /home/airflow/.local/lib/python3.12/site-packages/airflow/example_dags/example_latest_only_with_trigger.py took 0.132 seconds
[2024-11-11T06:50:11.389+0000] {processor.py:186} INFO - Started process (PID=3349) to work on /home/airflow/.local/lib/python3.12/site-packages/airflow/example_dags/example_latest_only_with_trigger.py
[2024-11-11T06:50:11.392+0000] {processor.py:914} INFO - Processing file /home/airflow/.local/lib/python3.12/site-packages/airflow/example_dags/example_latest_only_with_trigger.py for tasks to queue
[2024-11-11T06:50:11.397+0000] {logging_mixin.py:190} INFO - [2024-11-11T06:50:11.396+0000] {dagbag.py:588} INFO - Filling up the DagBag from /home/airflow/.local/lib/python3.12/site-packages/airflow/example_dags/example_latest_only_with_trigger.py
[2024-11-11T06:50:11.410+0000] {processor.py:925} INFO - DAG(s) 'latest_only_with_trigger' retrieved from /home/airflow/.local/lib/python3.12/site-packages/airflow/example_dags/example_latest_only_with_trigger.py
[2024-11-11T06:50:11.443+0000] {logging_mixin.py:190} INFO - [2024-11-11T06:50:11.443+0000] {dag.py:3239} INFO - Sync 1 DAGs
[2024-11-11T06:50:11.484+0000] {logging_mixin.py:190} INFO - [2024-11-11T06:50:11.484+0000] {dag.py:4180} INFO - Setting next_dagrun for latest_only_with_trigger to 2024-11-11 00:00:00+00:00, run_after=2024-11-11 04:00:00+00:00
[2024-11-11T06:50:11.516+0000] {processor.py:208} INFO - Processing /home/airflow/.local/lib/python3.12/site-packages/airflow/example_dags/example_latest_only_with_trigger.py took 0.136 seconds
[2024-11-11T06:50:44.215+0000] {processor.py:186} INFO - Started process (PID=3640) to work on /home/airflow/.local/lib/python3.12/site-packages/airflow/example_dags/example_latest_only_with_trigger.py
[2024-11-11T06:50:44.217+0000] {processor.py:914} INFO - Processing file /home/airflow/.local/lib/python3.12/site-packages/airflow/example_dags/example_latest_only_with_trigger.py for tasks to queue
[2024-11-11T06:50:44.223+0000] {logging_mixin.py:190} INFO - [2024-11-11T06:50:44.222+0000] {dagbag.py:588} INFO - Filling up the DagBag from /home/airflow/.local/lib/python3.12/site-packages/airflow/example_dags/example_latest_only_with_trigger.py
[2024-11-11T06:50:44.235+0000] {processor.py:925} INFO - DAG(s) 'latest_only_with_trigger' retrieved from /home/airflow/.local/lib/python3.12/site-packages/airflow/example_dags/example_latest_only_with_trigger.py
[2024-11-11T06:50:44.277+0000] {logging_mixin.py:190} INFO - [2024-11-11T06:50:44.276+0000] {dag.py:3239} INFO - Sync 1 DAGs
[2024-11-11T06:50:44.324+0000] {logging_mixin.py:190} INFO - [2024-11-11T06:50:44.324+0000] {dag.py:4180} INFO - Setting next_dagrun for latest_only_with_trigger to 2024-11-11 00:00:00+00:00, run_after=2024-11-11 04:00:00+00:00
[2024-11-11T06:50:44.365+0000] {processor.py:208} INFO - Processing /home/airflow/.local/lib/python3.12/site-packages/airflow/example_dags/example_latest_only_with_trigger.py took 0.160 seconds
[2024-11-11T06:51:15.584+0000] {processor.py:186} INFO - Started process (PID=3932) to work on /home/airflow/.local/lib/python3.12/site-packages/airflow/example_dags/example_latest_only_with_trigger.py
[2024-11-11T06:51:15.586+0000] {processor.py:914} INFO - Processing file /home/airflow/.local/lib/python3.12/site-packages/airflow/example_dags/example_latest_only_with_trigger.py for tasks to queue
[2024-11-11T06:51:15.592+0000] {logging_mixin.py:190} INFO - [2024-11-11T06:51:15.591+0000] {dagbag.py:588} INFO - Filling up the DagBag from /home/airflow/.local/lib/python3.12/site-packages/airflow/example_dags/example_latest_only_with_trigger.py
[2024-11-11T06:51:15.605+0000] {processor.py:925} INFO - DAG(s) 'latest_only_with_trigger' retrieved from /home/airflow/.local/lib/python3.12/site-packages/airflow/example_dags/example_latest_only_with_trigger.py
[2024-11-11T06:51:15.639+0000] {logging_mixin.py:190} INFO - [2024-11-11T06:51:15.638+0000] {dag.py:3239} INFO - Sync 1 DAGs
[2024-11-11T06:51:15.679+0000] {logging_mixin.py:190} INFO - [2024-11-11T06:51:15.679+0000] {dag.py:4180} INFO - Setting next_dagrun for latest_only_with_trigger to 2024-11-11 00:00:00+00:00, run_after=2024-11-11 04:00:00+00:00
[2024-11-11T06:51:15.738+0000] {processor.py:208} INFO - Processing /home/airflow/.local/lib/python3.12/site-packages/airflow/example_dags/example_latest_only_with_trigger.py took 0.163 seconds
[2024-11-11T06:51:46.948+0000] {processor.py:186} INFO - Started process (PID=4224) to work on /home/airflow/.local/lib/python3.12/site-packages/airflow/example_dags/example_latest_only_with_trigger.py
[2024-11-11T06:51:46.950+0000] {processor.py:914} INFO - Processing file /home/airflow/.local/lib/python3.12/site-packages/airflow/example_dags/example_latest_only_with_trigger.py for tasks to queue
[2024-11-11T06:51:46.954+0000] {logging_mixin.py:190} INFO - [2024-11-11T06:51:46.953+0000] {dagbag.py:588} INFO - Filling up the DagBag from /home/airflow/.local/lib/python3.12/site-packages/airflow/example_dags/example_latest_only_with_trigger.py
[2024-11-11T06:51:46.968+0000] {processor.py:925} INFO - DAG(s) 'latest_only_with_trigger' retrieved from /home/airflow/.local/lib/python3.12/site-packages/airflow/example_dags/example_latest_only_with_trigger.py
[2024-11-11T06:51:47.002+0000] {logging_mixin.py:190} INFO - [2024-11-11T06:51:47.001+0000] {dag.py:3239} INFO - Sync 1 DAGs
[2024-11-11T06:51:47.041+0000] {logging_mixin.py:190} INFO - [2024-11-11T06:51:47.041+0000] {dag.py:4180} INFO - Setting next_dagrun for latest_only_with_trigger to 2024-11-11 00:00:00+00:00, run_after=2024-11-11 04:00:00+00:00
[2024-11-11T06:51:47.072+0000] {processor.py:208} INFO - Processing /home/airflow/.local/lib/python3.12/site-packages/airflow/example_dags/example_latest_only_with_trigger.py took 0.133 seconds
[2024-11-11T06:52:18.737+0000] {processor.py:186} INFO - Started process (PID=4513) to work on /home/airflow/.local/lib/python3.12/site-packages/airflow/example_dags/example_latest_only_with_trigger.py
[2024-11-11T06:52:18.739+0000] {processor.py:914} INFO - Processing file /home/airflow/.local/lib/python3.12/site-packages/airflow/example_dags/example_latest_only_with_trigger.py for tasks to queue
[2024-11-11T06:52:18.745+0000] {logging_mixin.py:190} INFO - [2024-11-11T06:52:18.744+0000] {dagbag.py:588} INFO - Filling up the DagBag from /home/airflow/.local/lib/python3.12/site-packages/airflow/example_dags/example_latest_only_with_trigger.py
[2024-11-11T06:52:18.757+0000] {processor.py:925} INFO - DAG(s) 'latest_only_with_trigger' retrieved from /home/airflow/.local/lib/python3.12/site-packages/airflow/example_dags/example_latest_only_with_trigger.py
[2024-11-11T06:52:18.800+0000] {logging_mixin.py:190} INFO - [2024-11-11T06:52:18.800+0000] {dag.py:3239} INFO - Sync 1 DAGs
[2024-11-11T06:52:18.848+0000] {logging_mixin.py:190} INFO - [2024-11-11T06:52:18.848+0000] {dag.py:4180} INFO - Setting next_dagrun for latest_only_with_trigger to 2024-11-11 00:00:00+00:00, run_after=2024-11-11 04:00:00+00:00
[2024-11-11T06:52:18.886+0000] {processor.py:208} INFO - Processing /home/airflow/.local/lib/python3.12/site-packages/airflow/example_dags/example_latest_only_with_trigger.py took 0.162 seconds
