[2024-11-11T06:44:19.268+0000] {processor.py:186} INFO - Started process (PID=212) to work on /home/airflow/.local/lib/python3.12/site-packages/airflow/example_dags/example_kubernetes_executor.py
[2024-11-11T06:44:19.270+0000] {processor.py:914} INFO - Processing file /home/airflow/.local/lib/python3.12/site-packages/airflow/example_dags/example_kubernetes_executor.py for tasks to queue
[2024-11-11T06:44:19.276+0000] {logging_mixin.py:190} INFO - [2024-11-11T06:44:19.275+0000] {dagbag.py:588} INFO - Filling up the DagBag from /home/airflow/.local/lib/python3.12/site-packages/airflow/example_dags/example_kubernetes_executor.py
[2024-11-11T06:44:19.338+0000] {processor.py:925} INFO - DAG(s) 'example_kubernetes_executor' retrieved from /home/airflow/.local/lib/python3.12/site-packages/airflow/example_dags/example_kubernetes_executor.py
[2024-11-11T06:44:19.759+0000] {logging_mixin.py:190} INFO - [2024-11-11T06:44:19.758+0000] {override.py:1911} INFO - Created Permission View: can delete on DAG:example_kubernetes_executor
[2024-11-11T06:44:19.838+0000] {logging_mixin.py:190} INFO - [2024-11-11T06:44:19.838+0000] {override.py:1911} INFO - Created Permission View: can edit on DAG:example_kubernetes_executor
[2024-11-11T06:44:19.950+0000] {logging_mixin.py:190} INFO - [2024-11-11T06:44:19.950+0000] {override.py:1911} INFO - Created Permission View: can read on DAG:example_kubernetes_executor
[2024-11-11T06:44:20.041+0000] {logging_mixin.py:190} INFO - [2024-11-11T06:44:20.040+0000] {override.py:1911} INFO - Created Permission View: menu access on DAG Run:example_kubernetes_executor
[2024-11-11T06:44:20.103+0000] {logging_mixin.py:190} INFO - [2024-11-11T06:44:20.102+0000] {override.py:1911} INFO - Created Permission View: can delete on DAG Run:example_kubernetes_executor
[2024-11-11T06:44:20.190+0000] {logging_mixin.py:190} INFO - [2024-11-11T06:44:20.189+0000] {override.py:1911} INFO - Created Permission View: can create on DAG Run:example_kubernetes_executor
[2024-11-11T06:44:20.254+0000] {logging_mixin.py:190} INFO - [2024-11-11T06:44:20.253+0000] {override.py:1911} INFO - Created Permission View: can read on DAG Run:example_kubernetes_executor
[2024-11-11T06:44:20.257+0000] {logging_mixin.py:190} INFO - [2024-11-11T06:44:20.256+0000] {dag.py:3239} INFO - Sync 1 DAGs
[2024-11-11T06:44:20.314+0000] {logging_mixin.py:190} INFO - [2024-11-11T06:44:20.314+0000] {dag.py:3262} INFO - Creating ORM DAG for example_kubernetes_executor
[2024-11-11T06:44:20.317+0000] {logging_mixin.py:190} INFO - [2024-11-11T06:44:20.316+0000] {dag.py:4180} INFO - Setting next_dagrun for example_kubernetes_executor to None, run_after=None
[2024-11-11T06:44:20.463+0000] {processor.py:208} INFO - Processing /home/airflow/.local/lib/python3.12/site-packages/airflow/example_dags/example_kubernetes_executor.py took 1.207 seconds
[2024-11-11T06:45:02.236+0000] {processor.py:186} INFO - Started process (PID=504) to work on /home/airflow/.local/lib/python3.12/site-packages/airflow/example_dags/example_kubernetes_executor.py
[2024-11-11T06:45:02.239+0000] {processor.py:914} INFO - Processing file /home/airflow/.local/lib/python3.12/site-packages/airflow/example_dags/example_kubernetes_executor.py for tasks to queue
[2024-11-11T06:45:02.251+0000] {logging_mixin.py:190} INFO - [2024-11-11T06:45:02.250+0000] {dagbag.py:588} INFO - Filling up the DagBag from /home/airflow/.local/lib/python3.12/site-packages/airflow/example_dags/example_kubernetes_executor.py
[2024-11-11T06:45:02.749+0000] {processor.py:925} INFO - DAG(s) 'example_kubernetes_executor' retrieved from /home/airflow/.local/lib/python3.12/site-packages/airflow/example_dags/example_kubernetes_executor.py
[2024-11-11T06:45:03.031+0000] {logging_mixin.py:190} INFO - [2024-11-11T06:45:03.030+0000] {dag.py:3239} INFO - Sync 1 DAGs
[2024-11-11T06:45:03.227+0000] {logging_mixin.py:190} INFO - [2024-11-11T06:45:03.226+0000] {dag.py:4180} INFO - Setting next_dagrun for example_kubernetes_executor to None, run_after=None
[2024-11-11T06:45:03.327+0000] {processor.py:208} INFO - Processing /home/airflow/.local/lib/python3.12/site-packages/airflow/example_dags/example_kubernetes_executor.py took 1.110 seconds
[2024-11-11T06:45:42.808+0000] {processor.py:186} INFO - Started process (PID=803) to work on /home/airflow/.local/lib/python3.12/site-packages/airflow/example_dags/example_kubernetes_executor.py
[2024-11-11T06:45:42.811+0000] {processor.py:914} INFO - Processing file /home/airflow/.local/lib/python3.12/site-packages/airflow/example_dags/example_kubernetes_executor.py for tasks to queue
[2024-11-11T06:45:42.823+0000] {logging_mixin.py:190} INFO - [2024-11-11T06:45:42.821+0000] {dagbag.py:588} INFO - Filling up the DagBag from /home/airflow/.local/lib/python3.12/site-packages/airflow/example_dags/example_kubernetes_executor.py
[2024-11-11T06:45:42.883+0000] {processor.py:925} INFO - DAG(s) 'example_kubernetes_executor' retrieved from /home/airflow/.local/lib/python3.12/site-packages/airflow/example_dags/example_kubernetes_executor.py
[2024-11-11T06:45:43.023+0000] {logging_mixin.py:190} INFO - [2024-11-11T06:45:43.023+0000] {dag.py:3239} INFO - Sync 1 DAGs
[2024-11-11T06:45:43.138+0000] {logging_mixin.py:190} INFO - [2024-11-11T06:45:43.137+0000] {dag.py:4180} INFO - Setting next_dagrun for example_kubernetes_executor to None, run_after=None
[2024-11-11T06:45:43.209+0000] {processor.py:208} INFO - Processing /home/airflow/.local/lib/python3.12/site-packages/airflow/example_dags/example_kubernetes_executor.py took 0.429 seconds
[2024-11-11T06:46:16.189+0000] {processor.py:186} INFO - Started process (PID=1094) to work on /home/airflow/.local/lib/python3.12/site-packages/airflow/example_dags/example_kubernetes_executor.py
[2024-11-11T06:46:16.198+0000] {processor.py:914} INFO - Processing file /home/airflow/.local/lib/python3.12/site-packages/airflow/example_dags/example_kubernetes_executor.py for tasks to queue
[2024-11-11T06:46:16.206+0000] {logging_mixin.py:190} INFO - [2024-11-11T06:46:16.206+0000] {dagbag.py:588} INFO - Filling up the DagBag from /home/airflow/.local/lib/python3.12/site-packages/airflow/example_dags/example_kubernetes_executor.py
[2024-11-11T06:46:16.264+0000] {processor.py:925} INFO - DAG(s) 'example_kubernetes_executor' retrieved from /home/airflow/.local/lib/python3.12/site-packages/airflow/example_dags/example_kubernetes_executor.py
[2024-11-11T06:46:16.425+0000] {logging_mixin.py:190} INFO - [2024-11-11T06:46:16.424+0000] {dag.py:3239} INFO - Sync 1 DAGs
[2024-11-11T06:46:16.497+0000] {logging_mixin.py:190} INFO - [2024-11-11T06:46:16.496+0000] {dag.py:4180} INFO - Setting next_dagrun for example_kubernetes_executor to None, run_after=None
[2024-11-11T06:46:16.567+0000] {processor.py:208} INFO - Processing /home/airflow/.local/lib/python3.12/site-packages/airflow/example_dags/example_kubernetes_executor.py took 0.395 seconds
[2024-11-11T06:46:50.882+0000] {processor.py:186} INFO - Started process (PID=1388) to work on /home/airflow/.local/lib/python3.12/site-packages/airflow/example_dags/example_kubernetes_executor.py
[2024-11-11T06:46:50.884+0000] {processor.py:914} INFO - Processing file /home/airflow/.local/lib/python3.12/site-packages/airflow/example_dags/example_kubernetes_executor.py for tasks to queue
[2024-11-11T06:46:50.888+0000] {logging_mixin.py:190} INFO - [2024-11-11T06:46:50.888+0000] {dagbag.py:588} INFO - Filling up the DagBag from /home/airflow/.local/lib/python3.12/site-packages/airflow/example_dags/example_kubernetes_executor.py
[2024-11-11T06:46:50.920+0000] {processor.py:925} INFO - DAG(s) 'example_kubernetes_executor' retrieved from /home/airflow/.local/lib/python3.12/site-packages/airflow/example_dags/example_kubernetes_executor.py
[2024-11-11T06:46:50.983+0000] {logging_mixin.py:190} INFO - [2024-11-11T06:46:50.983+0000] {dag.py:3239} INFO - Sync 1 DAGs
[2024-11-11T06:46:51.015+0000] {logging_mixin.py:190} INFO - [2024-11-11T06:46:51.014+0000] {dag.py:4180} INFO - Setting next_dagrun for example_kubernetes_executor to None, run_after=None
[2024-11-11T06:46:51.051+0000] {processor.py:208} INFO - Processing /home/airflow/.local/lib/python3.12/site-packages/airflow/example_dags/example_kubernetes_executor.py took 0.182 seconds
[2024-11-11T06:47:23.069+0000] {processor.py:186} INFO - Started process (PID=1699) to work on /home/airflow/.local/lib/python3.12/site-packages/airflow/example_dags/example_kubernetes_executor.py
[2024-11-11T06:47:23.071+0000] {processor.py:914} INFO - Processing file /home/airflow/.local/lib/python3.12/site-packages/airflow/example_dags/example_kubernetes_executor.py for tasks to queue
[2024-11-11T06:47:23.074+0000] {logging_mixin.py:190} INFO - [2024-11-11T06:47:23.074+0000] {dagbag.py:588} INFO - Filling up the DagBag from /home/airflow/.local/lib/python3.12/site-packages/airflow/example_dags/example_kubernetes_executor.py
[2024-11-11T06:47:23.094+0000] {processor.py:925} INFO - DAG(s) 'example_kubernetes_executor' retrieved from /home/airflow/.local/lib/python3.12/site-packages/airflow/example_dags/example_kubernetes_executor.py
[2024-11-11T06:47:23.134+0000] {logging_mixin.py:190} INFO - [2024-11-11T06:47:23.134+0000] {dag.py:3239} INFO - Sync 1 DAGs
[2024-11-11T06:47:23.154+0000] {logging_mixin.py:190} INFO - [2024-11-11T06:47:23.154+0000] {dag.py:4180} INFO - Setting next_dagrun for example_kubernetes_executor to None, run_after=None
[2024-11-11T06:47:23.177+0000] {processor.py:208} INFO - Processing /home/airflow/.local/lib/python3.12/site-packages/airflow/example_dags/example_kubernetes_executor.py took 0.115 seconds
[2024-11-11T06:47:56.015+0000] {processor.py:186} INFO - Started process (PID=1990) to work on /home/airflow/.local/lib/python3.12/site-packages/airflow/example_dags/example_kubernetes_executor.py
[2024-11-11T06:47:56.016+0000] {processor.py:914} INFO - Processing file /home/airflow/.local/lib/python3.12/site-packages/airflow/example_dags/example_kubernetes_executor.py for tasks to queue
[2024-11-11T06:47:56.025+0000] {logging_mixin.py:190} INFO - [2024-11-11T06:47:56.025+0000] {dagbag.py:588} INFO - Filling up the DagBag from /home/airflow/.local/lib/python3.12/site-packages/airflow/example_dags/example_kubernetes_executor.py
[2024-11-11T06:47:56.059+0000] {processor.py:925} INFO - DAG(s) 'example_kubernetes_executor' retrieved from /home/airflow/.local/lib/python3.12/site-packages/airflow/example_dags/example_kubernetes_executor.py
[2024-11-11T06:47:56.134+0000] {logging_mixin.py:190} INFO - [2024-11-11T06:47:56.133+0000] {dag.py:3239} INFO - Sync 1 DAGs
[2024-11-11T06:47:56.176+0000] {logging_mixin.py:190} INFO - [2024-11-11T06:47:56.175+0000] {dag.py:4180} INFO - Setting next_dagrun for example_kubernetes_executor to None, run_after=None
[2024-11-11T06:47:56.250+0000] {processor.py:208} INFO - Processing /home/airflow/.local/lib/python3.12/site-packages/airflow/example_dags/example_kubernetes_executor.py took 0.246 seconds
[2024-11-11T06:48:26.871+0000] {processor.py:186} INFO - Started process (PID=2276) to work on /home/airflow/.local/lib/python3.12/site-packages/airflow/example_dags/example_kubernetes_executor.py
[2024-11-11T06:48:26.875+0000] {processor.py:914} INFO - Processing file /home/airflow/.local/lib/python3.12/site-packages/airflow/example_dags/example_kubernetes_executor.py for tasks to queue
[2024-11-11T06:48:26.879+0000] {logging_mixin.py:190} INFO - [2024-11-11T06:48:26.879+0000] {dagbag.py:588} INFO - Filling up the DagBag from /home/airflow/.local/lib/python3.12/site-packages/airflow/example_dags/example_kubernetes_executor.py
[2024-11-11T06:48:26.915+0000] {processor.py:925} INFO - DAG(s) 'example_kubernetes_executor' retrieved from /home/airflow/.local/lib/python3.12/site-packages/airflow/example_dags/example_kubernetes_executor.py
[2024-11-11T06:48:27.001+0000] {logging_mixin.py:190} INFO - [2024-11-11T06:48:27.000+0000] {dag.py:3239} INFO - Sync 1 DAGs
[2024-11-11T06:48:27.033+0000] {logging_mixin.py:190} INFO - [2024-11-11T06:48:27.032+0000] {dag.py:4180} INFO - Setting next_dagrun for example_kubernetes_executor to None, run_after=None
[2024-11-11T06:48:27.085+0000] {processor.py:208} INFO - Processing /home/airflow/.local/lib/python3.12/site-packages/airflow/example_dags/example_kubernetes_executor.py took 0.225 seconds
[2024-11-11T06:48:57.573+0000] {processor.py:186} INFO - Started process (PID=2564) to work on /home/airflow/.local/lib/python3.12/site-packages/airflow/example_dags/example_kubernetes_executor.py
[2024-11-11T06:48:57.574+0000] {processor.py:914} INFO - Processing file /home/airflow/.local/lib/python3.12/site-packages/airflow/example_dags/example_kubernetes_executor.py for tasks to queue
[2024-11-11T06:48:57.578+0000] {logging_mixin.py:190} INFO - [2024-11-11T06:48:57.577+0000] {dagbag.py:588} INFO - Filling up the DagBag from /home/airflow/.local/lib/python3.12/site-packages/airflow/example_dags/example_kubernetes_executor.py
[2024-11-11T06:48:57.604+0000] {processor.py:925} INFO - DAG(s) 'example_kubernetes_executor' retrieved from /home/airflow/.local/lib/python3.12/site-packages/airflow/example_dags/example_kubernetes_executor.py
[2024-11-11T06:48:57.675+0000] {logging_mixin.py:190} INFO - [2024-11-11T06:48:57.675+0000] {dag.py:3239} INFO - Sync 1 DAGs
[2024-11-11T06:48:57.705+0000] {logging_mixin.py:190} INFO - [2024-11-11T06:48:57.704+0000] {dag.py:4180} INFO - Setting next_dagrun for example_kubernetes_executor to None, run_after=None
[2024-11-11T06:48:57.746+0000] {processor.py:208} INFO - Processing /home/airflow/.local/lib/python3.12/site-packages/airflow/example_dags/example_kubernetes_executor.py took 0.185 seconds
[2024-11-11T06:49:29.167+0000] {processor.py:186} INFO - Started process (PID=2853) to work on /home/airflow/.local/lib/python3.12/site-packages/airflow/example_dags/example_kubernetes_executor.py
[2024-11-11T06:49:29.169+0000] {processor.py:914} INFO - Processing file /home/airflow/.local/lib/python3.12/site-packages/airflow/example_dags/example_kubernetes_executor.py for tasks to queue
[2024-11-11T06:49:29.174+0000] {logging_mixin.py:190} INFO - [2024-11-11T06:49:29.174+0000] {dagbag.py:588} INFO - Filling up the DagBag from /home/airflow/.local/lib/python3.12/site-packages/airflow/example_dags/example_kubernetes_executor.py
[2024-11-11T06:49:29.206+0000] {processor.py:925} INFO - DAG(s) 'example_kubernetes_executor' retrieved from /home/airflow/.local/lib/python3.12/site-packages/airflow/example_dags/example_kubernetes_executor.py
[2024-11-11T06:49:29.285+0000] {logging_mixin.py:190} INFO - [2024-11-11T06:49:29.285+0000] {dag.py:3239} INFO - Sync 1 DAGs
[2024-11-11T06:49:29.322+0000] {logging_mixin.py:190} INFO - [2024-11-11T06:49:29.321+0000] {dag.py:4180} INFO - Setting next_dagrun for example_kubernetes_executor to None, run_after=None
[2024-11-11T06:49:29.371+0000] {processor.py:208} INFO - Processing /home/airflow/.local/lib/python3.12/site-packages/airflow/example_dags/example_kubernetes_executor.py took 0.218 seconds
[2024-11-11T06:50:01.215+0000] {processor.py:186} INFO - Started process (PID=3146) to work on /home/airflow/.local/lib/python3.12/site-packages/airflow/example_dags/example_kubernetes_executor.py
[2024-11-11T06:50:01.218+0000] {processor.py:914} INFO - Processing file /home/airflow/.local/lib/python3.12/site-packages/airflow/example_dags/example_kubernetes_executor.py for tasks to queue
[2024-11-11T06:50:01.222+0000] {logging_mixin.py:190} INFO - [2024-11-11T06:50:01.222+0000] {dagbag.py:588} INFO - Filling up the DagBag from /home/airflow/.local/lib/python3.12/site-packages/airflow/example_dags/example_kubernetes_executor.py
[2024-11-11T06:50:01.252+0000] {processor.py:925} INFO - DAG(s) 'example_kubernetes_executor' retrieved from /home/airflow/.local/lib/python3.12/site-packages/airflow/example_dags/example_kubernetes_executor.py
[2024-11-11T06:50:01.341+0000] {logging_mixin.py:190} INFO - [2024-11-11T06:50:01.340+0000] {dag.py:3239} INFO - Sync 1 DAGs
[2024-11-11T06:50:01.408+0000] {logging_mixin.py:190} INFO - [2024-11-11T06:50:01.407+0000] {dag.py:4180} INFO - Setting next_dagrun for example_kubernetes_executor to None, run_after=None
[2024-11-11T06:50:01.447+0000] {processor.py:208} INFO - Processing /home/airflow/.local/lib/python3.12/site-packages/airflow/example_dags/example_kubernetes_executor.py took 0.260 seconds
[2024-11-11T06:50:32.012+0000] {processor.py:186} INFO - Started process (PID=3435) to work on /home/airflow/.local/lib/python3.12/site-packages/airflow/example_dags/example_kubernetes_executor.py
[2024-11-11T06:50:32.014+0000] {processor.py:914} INFO - Processing file /home/airflow/.local/lib/python3.12/site-packages/airflow/example_dags/example_kubernetes_executor.py for tasks to queue
[2024-11-11T06:50:32.020+0000] {logging_mixin.py:190} INFO - [2024-11-11T06:50:32.019+0000] {dagbag.py:588} INFO - Filling up the DagBag from /home/airflow/.local/lib/python3.12/site-packages/airflow/example_dags/example_kubernetes_executor.py
[2024-11-11T06:50:32.045+0000] {processor.py:925} INFO - DAG(s) 'example_kubernetes_executor' retrieved from /home/airflow/.local/lib/python3.12/site-packages/airflow/example_dags/example_kubernetes_executor.py
[2024-11-11T06:50:32.122+0000] {logging_mixin.py:190} INFO - [2024-11-11T06:50:32.122+0000] {dag.py:3239} INFO - Sync 1 DAGs
[2024-11-11T06:50:32.151+0000] {logging_mixin.py:190} INFO - [2024-11-11T06:50:32.150+0000] {dag.py:4180} INFO - Setting next_dagrun for example_kubernetes_executor to None, run_after=None
[2024-11-11T06:50:32.188+0000] {processor.py:208} INFO - Processing /home/airflow/.local/lib/python3.12/site-packages/airflow/example_dags/example_kubernetes_executor.py took 0.189 seconds
[2024-11-11T06:51:03.872+0000] {processor.py:186} INFO - Started process (PID=3728) to work on /home/airflow/.local/lib/python3.12/site-packages/airflow/example_dags/example_kubernetes_executor.py
[2024-11-11T06:51:03.875+0000] {processor.py:914} INFO - Processing file /home/airflow/.local/lib/python3.12/site-packages/airflow/example_dags/example_kubernetes_executor.py for tasks to queue
[2024-11-11T06:51:03.881+0000] {logging_mixin.py:190} INFO - [2024-11-11T06:51:03.880+0000] {dagbag.py:588} INFO - Filling up the DagBag from /home/airflow/.local/lib/python3.12/site-packages/airflow/example_dags/example_kubernetes_executor.py
[2024-11-11T06:51:03.905+0000] {processor.py:925} INFO - DAG(s) 'example_kubernetes_executor' retrieved from /home/airflow/.local/lib/python3.12/site-packages/airflow/example_dags/example_kubernetes_executor.py
[2024-11-11T06:51:03.968+0000] {logging_mixin.py:190} INFO - [2024-11-11T06:51:03.968+0000] {dag.py:3239} INFO - Sync 1 DAGs
[2024-11-11T06:51:03.998+0000] {logging_mixin.py:190} INFO - [2024-11-11T06:51:03.998+0000] {dag.py:4180} INFO - Setting next_dagrun for example_kubernetes_executor to None, run_after=None
[2024-11-11T06:51:04.029+0000] {processor.py:208} INFO - Processing /home/airflow/.local/lib/python3.12/site-packages/airflow/example_dags/example_kubernetes_executor.py took 0.167 seconds
[2024-11-11T06:51:35.163+0000] {processor.py:186} INFO - Started process (PID=4019) to work on /home/airflow/.local/lib/python3.12/site-packages/airflow/example_dags/example_kubernetes_executor.py
[2024-11-11T06:51:35.165+0000] {processor.py:914} INFO - Processing file /home/airflow/.local/lib/python3.12/site-packages/airflow/example_dags/example_kubernetes_executor.py for tasks to queue
[2024-11-11T06:51:35.168+0000] {logging_mixin.py:190} INFO - [2024-11-11T06:51:35.168+0000] {dagbag.py:588} INFO - Filling up the DagBag from /home/airflow/.local/lib/python3.12/site-packages/airflow/example_dags/example_kubernetes_executor.py
[2024-11-11T06:51:35.192+0000] {processor.py:925} INFO - DAG(s) 'example_kubernetes_executor' retrieved from /home/airflow/.local/lib/python3.12/site-packages/airflow/example_dags/example_kubernetes_executor.py
[2024-11-11T06:51:35.250+0000] {logging_mixin.py:190} INFO - [2024-11-11T06:51:35.249+0000] {dag.py:3239} INFO - Sync 1 DAGs
[2024-11-11T06:51:35.272+0000] {logging_mixin.py:190} INFO - [2024-11-11T06:51:35.272+0000] {dag.py:4180} INFO - Setting next_dagrun for example_kubernetes_executor to None, run_after=None
[2024-11-11T06:51:35.304+0000] {processor.py:208} INFO - Processing /home/airflow/.local/lib/python3.12/site-packages/airflow/example_dags/example_kubernetes_executor.py took 0.153 seconds
[2024-11-11T06:52:06.682+0000] {processor.py:186} INFO - Started process (PID=4310) to work on /home/airflow/.local/lib/python3.12/site-packages/airflow/example_dags/example_kubernetes_executor.py
[2024-11-11T06:52:06.683+0000] {processor.py:914} INFO - Processing file /home/airflow/.local/lib/python3.12/site-packages/airflow/example_dags/example_kubernetes_executor.py for tasks to queue
[2024-11-11T06:52:06.689+0000] {logging_mixin.py:190} INFO - [2024-11-11T06:52:06.688+0000] {dagbag.py:588} INFO - Filling up the DagBag from /home/airflow/.local/lib/python3.12/site-packages/airflow/example_dags/example_kubernetes_executor.py
[2024-11-11T06:52:06.717+0000] {processor.py:925} INFO - DAG(s) 'example_kubernetes_executor' retrieved from /home/airflow/.local/lib/python3.12/site-packages/airflow/example_dags/example_kubernetes_executor.py
[2024-11-11T06:52:06.778+0000] {logging_mixin.py:190} INFO - [2024-11-11T06:52:06.778+0000] {dag.py:3239} INFO - Sync 1 DAGs
[2024-11-11T06:52:06.808+0000] {logging_mixin.py:190} INFO - [2024-11-11T06:52:06.808+0000] {dag.py:4180} INFO - Setting next_dagrun for example_kubernetes_executor to None, run_after=None
[2024-11-11T06:52:06.845+0000] {processor.py:208} INFO - Processing /home/airflow/.local/lib/python3.12/site-packages/airflow/example_dags/example_kubernetes_executor.py took 0.173 seconds
[2024-11-11T06:52:37.950+0000] {processor.py:186} INFO - Started process (PID=4599) to work on /home/airflow/.local/lib/python3.12/site-packages/airflow/example_dags/example_kubernetes_executor.py
[2024-11-11T06:52:37.951+0000] {processor.py:914} INFO - Processing file /home/airflow/.local/lib/python3.12/site-packages/airflow/example_dags/example_kubernetes_executor.py for tasks to queue
[2024-11-11T06:52:37.955+0000] {logging_mixin.py:190} INFO - [2024-11-11T06:52:37.955+0000] {dagbag.py:588} INFO - Filling up the DagBag from /home/airflow/.local/lib/python3.12/site-packages/airflow/example_dags/example_kubernetes_executor.py
[2024-11-11T06:52:37.976+0000] {processor.py:925} INFO - DAG(s) 'example_kubernetes_executor' retrieved from /home/airflow/.local/lib/python3.12/site-packages/airflow/example_dags/example_kubernetes_executor.py
[2024-11-11T06:52:38.029+0000] {logging_mixin.py:190} INFO - [2024-11-11T06:52:38.028+0000] {dag.py:3239} INFO - Sync 1 DAGs
[2024-11-11T06:52:38.052+0000] {logging_mixin.py:190} INFO - [2024-11-11T06:52:38.052+0000] {dag.py:4180} INFO - Setting next_dagrun for example_kubernetes_executor to None, run_after=None
[2024-11-11T06:52:38.080+0000] {processor.py:208} INFO - Processing /home/airflow/.local/lib/python3.12/site-packages/airflow/example_dags/example_kubernetes_executor.py took 0.140 seconds
