[2024-11-11T06:44:23.715+0000] {processor.py:186} INFO - Started process (PID=267) to work on /home/airflow/.local/lib/python3.12/site-packages/airflow/example_dags/example_dataset_alias_with_no_taskflow.py
[2024-11-11T06:44:23.717+0000] {processor.py:914} INFO - Processing file /home/airflow/.local/lib/python3.12/site-packages/airflow/example_dags/example_dataset_alias_with_no_taskflow.py for tasks to queue
[2024-11-11T06:44:23.721+0000] {logging_mixin.py:190} INFO - [2024-11-11T06:44:23.721+0000] {dagbag.py:588} INFO - Filling up the DagBag from /home/airflow/.local/lib/python3.12/site-packages/airflow/example_dags/example_dataset_alias_with_no_taskflow.py
[2024-11-11T06:44:26.692+0000] {processor.py:925} INFO - DAG(s) 'dataset_s3_bucket_consumer_with_no_taskflow', 'dataset_alias_example_alias_consumer_with_no_taskflow', 'dataset_s3_bucket_producer_with_no_taskflow', 'dataset_alias_example_alias_producer_with_no_taskflow' retrieved from /home/airflow/.local/lib/python3.12/site-packages/airflow/example_dags/example_dataset_alias_with_no_taskflow.py
[2024-11-11T06:44:26.856+0000] {logging_mixin.py:190} INFO - [2024-11-11T06:44:26.855+0000] {override.py:1911} INFO - Created Permission View: can delete on DAG:dataset_s3_bucket_consumer_with_no_taskflow
[2024-11-11T06:44:26.876+0000] {logging_mixin.py:190} INFO - [2024-11-11T06:44:26.875+0000] {override.py:1911} INFO - Created Permission View: can edit on DAG:dataset_s3_bucket_consumer_with_no_taskflow
[2024-11-11T06:44:26.890+0000] {logging_mixin.py:190} INFO - [2024-11-11T06:44:26.889+0000] {override.py:1911} INFO - Created Permission View: can read on DAG:dataset_s3_bucket_consumer_with_no_taskflow
[2024-11-11T06:44:26.907+0000] {logging_mixin.py:190} INFO - [2024-11-11T06:44:26.906+0000] {override.py:1911} INFO - Created Permission View: menu access on DAG Run:dataset_s3_bucket_consumer_with_no_taskflow
[2024-11-11T06:44:26.920+0000] {logging_mixin.py:190} INFO - [2024-11-11T06:44:26.919+0000] {override.py:1911} INFO - Created Permission View: can delete on DAG Run:dataset_s3_bucket_consumer_with_no_taskflow
[2024-11-11T06:44:26.933+0000] {logging_mixin.py:190} INFO - [2024-11-11T06:44:26.933+0000] {override.py:1911} INFO - Created Permission View: can create on DAG Run:dataset_s3_bucket_consumer_with_no_taskflow
[2024-11-11T06:44:26.946+0000] {logging_mixin.py:190} INFO - [2024-11-11T06:44:26.946+0000] {override.py:1911} INFO - Created Permission View: can read on DAG Run:dataset_s3_bucket_consumer_with_no_taskflow
[2024-11-11T06:44:26.968+0000] {logging_mixin.py:190} INFO - [2024-11-11T06:44:26.967+0000] {override.py:1911} INFO - Created Permission View: can delete on DAG:dataset_alias_example_alias_consumer_with_no_taskflow
[2024-11-11T06:44:26.978+0000] {logging_mixin.py:190} INFO - [2024-11-11T06:44:26.978+0000] {override.py:1911} INFO - Created Permission View: can edit on DAG:dataset_alias_example_alias_consumer_with_no_taskflow
[2024-11-11T06:44:26.989+0000] {logging_mixin.py:190} INFO - [2024-11-11T06:44:26.989+0000] {override.py:1911} INFO - Created Permission View: can read on DAG:dataset_alias_example_alias_consumer_with_no_taskflow
[2024-11-11T06:44:27.001+0000] {logging_mixin.py:190} INFO - [2024-11-11T06:44:27.001+0000] {override.py:1911} INFO - Created Permission View: menu access on DAG Run:dataset_alias_example_alias_consumer_with_no_taskflow
[2024-11-11T06:44:27.011+0000] {logging_mixin.py:190} INFO - [2024-11-11T06:44:27.011+0000] {override.py:1911} INFO - Created Permission View: can delete on DAG Run:dataset_alias_example_alias_consumer_with_no_taskflow
[2024-11-11T06:44:27.023+0000] {logging_mixin.py:190} INFO - [2024-11-11T06:44:27.022+0000] {override.py:1911} INFO - Created Permission View: can create on DAG Run:dataset_alias_example_alias_consumer_with_no_taskflow
[2024-11-11T06:44:27.031+0000] {logging_mixin.py:190} INFO - [2024-11-11T06:44:27.031+0000] {override.py:1911} INFO - Created Permission View: can read on DAG Run:dataset_alias_example_alias_consumer_with_no_taskflow
[2024-11-11T06:44:27.049+0000] {logging_mixin.py:190} INFO - [2024-11-11T06:44:27.048+0000] {override.py:1911} INFO - Created Permission View: can delete on DAG:dataset_s3_bucket_producer_with_no_taskflow
[2024-11-11T06:44:27.059+0000] {logging_mixin.py:190} INFO - [2024-11-11T06:44:27.058+0000] {override.py:1911} INFO - Created Permission View: can edit on DAG:dataset_s3_bucket_producer_with_no_taskflow
[2024-11-11T06:44:27.067+0000] {logging_mixin.py:190} INFO - [2024-11-11T06:44:27.067+0000] {override.py:1911} INFO - Created Permission View: can read on DAG:dataset_s3_bucket_producer_with_no_taskflow
[2024-11-11T06:44:27.079+0000] {logging_mixin.py:190} INFO - [2024-11-11T06:44:27.078+0000] {override.py:1911} INFO - Created Permission View: menu access on DAG Run:dataset_s3_bucket_producer_with_no_taskflow
[2024-11-11T06:44:27.089+0000] {logging_mixin.py:190} INFO - [2024-11-11T06:44:27.089+0000] {override.py:1911} INFO - Created Permission View: can delete on DAG Run:dataset_s3_bucket_producer_with_no_taskflow
[2024-11-11T06:44:27.100+0000] {logging_mixin.py:190} INFO - [2024-11-11T06:44:27.100+0000] {override.py:1911} INFO - Created Permission View: can create on DAG Run:dataset_s3_bucket_producer_with_no_taskflow
[2024-11-11T06:44:27.112+0000] {logging_mixin.py:190} INFO - [2024-11-11T06:44:27.112+0000] {override.py:1911} INFO - Created Permission View: can read on DAG Run:dataset_s3_bucket_producer_with_no_taskflow
[2024-11-11T06:44:27.143+0000] {logging_mixin.py:190} INFO - [2024-11-11T06:44:27.142+0000] {override.py:1911} INFO - Created Permission View: can delete on DAG:dataset_alias_example_alias_producer_with_no_taskflow
[2024-11-11T06:44:27.162+0000] {logging_mixin.py:190} INFO - [2024-11-11T06:44:27.161+0000] {override.py:1911} INFO - Created Permission View: can edit on DAG:dataset_alias_example_alias_producer_with_no_taskflow
[2024-11-11T06:44:27.177+0000] {logging_mixin.py:190} INFO - [2024-11-11T06:44:27.176+0000] {override.py:1911} INFO - Created Permission View: can read on DAG:dataset_alias_example_alias_producer_with_no_taskflow
[2024-11-11T06:44:27.190+0000] {logging_mixin.py:190} INFO - [2024-11-11T06:44:27.189+0000] {override.py:1911} INFO - Created Permission View: menu access on DAG Run:dataset_alias_example_alias_producer_with_no_taskflow
[2024-11-11T06:44:27.203+0000] {logging_mixin.py:190} INFO - [2024-11-11T06:44:27.203+0000] {override.py:1911} INFO - Created Permission View: can delete on DAG Run:dataset_alias_example_alias_producer_with_no_taskflow
[2024-11-11T06:44:27.217+0000] {logging_mixin.py:190} INFO - [2024-11-11T06:44:27.217+0000] {override.py:1911} INFO - Created Permission View: can create on DAG Run:dataset_alias_example_alias_producer_with_no_taskflow
[2024-11-11T06:44:27.231+0000] {logging_mixin.py:190} INFO - [2024-11-11T06:44:27.231+0000] {override.py:1911} INFO - Created Permission View: can read on DAG Run:dataset_alias_example_alias_producer_with_no_taskflow
[2024-11-11T06:44:27.233+0000] {logging_mixin.py:190} INFO - [2024-11-11T06:44:27.232+0000] {dag.py:3239} INFO - Sync 4 DAGs
[2024-11-11T06:44:27.253+0000] {logging_mixin.py:190} INFO - [2024-11-11T06:44:27.253+0000] {dag.py:3262} INFO - Creating ORM DAG for dataset_alias_example_alias_consumer_with_no_taskflow
[2024-11-11T06:44:27.255+0000] {logging_mixin.py:190} INFO - [2024-11-11T06:44:27.255+0000] {dag.py:3262} INFO - Creating ORM DAG for dataset_alias_example_alias_producer_with_no_taskflow
[2024-11-11T06:44:27.256+0000] {logging_mixin.py:190} INFO - [2024-11-11T06:44:27.256+0000] {dag.py:3262} INFO - Creating ORM DAG for dataset_s3_bucket_producer_with_no_taskflow
[2024-11-11T06:44:27.258+0000] {logging_mixin.py:190} INFO - [2024-11-11T06:44:27.257+0000] {dag.py:3262} INFO - Creating ORM DAG for dataset_s3_bucket_consumer_with_no_taskflow
[2024-11-11T06:44:27.273+0000] {logging_mixin.py:190} INFO - [2024-11-11T06:44:27.273+0000] {dag.py:4180} INFO - Setting next_dagrun for dataset_alias_example_alias_consumer_with_no_taskflow to None, run_after=None
[2024-11-11T06:44:27.275+0000] {logging_mixin.py:190} INFO - [2024-11-11T06:44:27.275+0000] {dag.py:4180} INFO - Setting next_dagrun for dataset_alias_example_alias_producer_with_no_taskflow to None, run_after=None
[2024-11-11T06:44:27.277+0000] {logging_mixin.py:190} INFO - [2024-11-11T06:44:27.276+0000] {dag.py:4180} INFO - Setting next_dagrun for dataset_s3_bucket_consumer_with_no_taskflow to None, run_after=None
[2024-11-11T06:44:27.278+0000] {logging_mixin.py:190} INFO - [2024-11-11T06:44:27.278+0000] {dag.py:4180} INFO - Setting next_dagrun for dataset_s3_bucket_producer_with_no_taskflow to None, run_after=None
[2024-11-11T06:44:27.340+0000] {processor.py:208} INFO - Processing /home/airflow/.local/lib/python3.12/site-packages/airflow/example_dags/example_dataset_alias_with_no_taskflow.py took 3.634 seconds
[2024-11-11T06:45:05.377+0000] {processor.py:186} INFO - Started process (PID=565) to work on /home/airflow/.local/lib/python3.12/site-packages/airflow/example_dags/example_dataset_alias_with_no_taskflow.py
[2024-11-11T06:45:05.390+0000] {processor.py:914} INFO - Processing file /home/airflow/.local/lib/python3.12/site-packages/airflow/example_dags/example_dataset_alias_with_no_taskflow.py for tasks to queue
[2024-11-11T06:45:05.395+0000] {logging_mixin.py:190} INFO - [2024-11-11T06:45:05.394+0000] {dagbag.py:588} INFO - Filling up the DagBag from /home/airflow/.local/lib/python3.12/site-packages/airflow/example_dags/example_dataset_alias_with_no_taskflow.py
[2024-11-11T06:45:07.705+0000] {processor.py:925} INFO - DAG(s) 'dataset_s3_bucket_producer_with_no_taskflow', 'dataset_alias_example_alias_consumer_with_no_taskflow', 'dataset_alias_example_alias_producer_with_no_taskflow', 'dataset_s3_bucket_consumer_with_no_taskflow' retrieved from /home/airflow/.local/lib/python3.12/site-packages/airflow/example_dags/example_dataset_alias_with_no_taskflow.py
[2024-11-11T06:45:07.730+0000] {logging_mixin.py:190} INFO - [2024-11-11T06:45:07.729+0000] {dag.py:3239} INFO - Sync 4 DAGs
[2024-11-11T06:45:07.756+0000] {logging_mixin.py:190} INFO - [2024-11-11T06:45:07.756+0000] {dag.py:4180} INFO - Setting next_dagrun for dataset_alias_example_alias_consumer_with_no_taskflow to None, run_after=None
[2024-11-11T06:45:07.759+0000] {logging_mixin.py:190} INFO - [2024-11-11T06:45:07.759+0000] {dag.py:4180} INFO - Setting next_dagrun for dataset_alias_example_alias_producer_with_no_taskflow to None, run_after=None
[2024-11-11T06:45:07.761+0000] {logging_mixin.py:190} INFO - [2024-11-11T06:45:07.761+0000] {dag.py:4180} INFO - Setting next_dagrun for dataset_s3_bucket_consumer_with_no_taskflow to None, run_after=None
[2024-11-11T06:45:07.763+0000] {logging_mixin.py:190} INFO - [2024-11-11T06:45:07.763+0000] {dag.py:4180} INFO - Setting next_dagrun for dataset_s3_bucket_producer_with_no_taskflow to None, run_after=None
[2024-11-11T06:45:07.847+0000] {processor.py:208} INFO - Processing /home/airflow/.local/lib/python3.12/site-packages/airflow/example_dags/example_dataset_alias_with_no_taskflow.py took 2.480 seconds
[2024-11-11T06:45:49.149+0000] {processor.py:186} INFO - Started process (PID=881) to work on /home/airflow/.local/lib/python3.12/site-packages/airflow/example_dags/example_dataset_alias_with_no_taskflow.py
[2024-11-11T06:45:49.166+0000] {processor.py:914} INFO - Processing file /home/airflow/.local/lib/python3.12/site-packages/airflow/example_dags/example_dataset_alias_with_no_taskflow.py for tasks to queue
[2024-11-11T06:45:49.172+0000] {logging_mixin.py:190} INFO - [2024-11-11T06:45:49.171+0000] {dagbag.py:588} INFO - Filling up the DagBag from /home/airflow/.local/lib/python3.12/site-packages/airflow/example_dags/example_dataset_alias_with_no_taskflow.py
[2024-11-11T06:45:51.646+0000] {processor.py:925} INFO - DAG(s) 'dataset_s3_bucket_producer_with_no_taskflow', 'dataset_alias_example_alias_consumer_with_no_taskflow', 'dataset_alias_example_alias_producer_with_no_taskflow', 'dataset_s3_bucket_consumer_with_no_taskflow' retrieved from /home/airflow/.local/lib/python3.12/site-packages/airflow/example_dags/example_dataset_alias_with_no_taskflow.py
[2024-11-11T06:45:51.760+0000] {logging_mixin.py:190} INFO - [2024-11-11T06:45:51.744+0000] {dag.py:3239} INFO - Sync 4 DAGs
[2024-11-11T06:45:51.854+0000] {logging_mixin.py:190} INFO - [2024-11-11T06:45:51.853+0000] {dag.py:4180} INFO - Setting next_dagrun for dataset_alias_example_alias_consumer_with_no_taskflow to None, run_after=None
[2024-11-11T06:45:51.870+0000] {logging_mixin.py:190} INFO - [2024-11-11T06:45:51.869+0000] {dag.py:4180} INFO - Setting next_dagrun for dataset_alias_example_alias_producer_with_no_taskflow to None, run_after=None
[2024-11-11T06:45:51.874+0000] {logging_mixin.py:190} INFO - [2024-11-11T06:45:51.874+0000] {dag.py:4180} INFO - Setting next_dagrun for dataset_s3_bucket_consumer_with_no_taskflow to None, run_after=None
[2024-11-11T06:45:51.885+0000] {logging_mixin.py:190} INFO - [2024-11-11T06:45:51.878+0000] {dag.py:4180} INFO - Setting next_dagrun for dataset_s3_bucket_producer_with_no_taskflow to None, run_after=None
[2024-11-11T06:45:52.081+0000] {processor.py:208} INFO - Processing /home/airflow/.local/lib/python3.12/site-packages/airflow/example_dags/example_dataset_alias_with_no_taskflow.py took 2.944 seconds
[2024-11-11T06:46:23.185+0000] {processor.py:186} INFO - Started process (PID=1172) to work on /home/airflow/.local/lib/python3.12/site-packages/airflow/example_dags/example_dataset_alias_with_no_taskflow.py
[2024-11-11T06:46:23.188+0000] {processor.py:914} INFO - Processing file /home/airflow/.local/lib/python3.12/site-packages/airflow/example_dags/example_dataset_alias_with_no_taskflow.py for tasks to queue
[2024-11-11T06:46:23.194+0000] {logging_mixin.py:190} INFO - [2024-11-11T06:46:23.193+0000] {dagbag.py:588} INFO - Filling up the DagBag from /home/airflow/.local/lib/python3.12/site-packages/airflow/example_dags/example_dataset_alias_with_no_taskflow.py
[2024-11-11T06:46:24.914+0000] {processor.py:925} INFO - DAG(s) 'dataset_alias_example_alias_producer_with_no_taskflow', 'dataset_alias_example_alias_consumer_with_no_taskflow', 'dataset_s3_bucket_consumer_with_no_taskflow', 'dataset_s3_bucket_producer_with_no_taskflow' retrieved from /home/airflow/.local/lib/python3.12/site-packages/airflow/example_dags/example_dataset_alias_with_no_taskflow.py
[2024-11-11T06:46:25.009+0000] {logging_mixin.py:190} INFO - [2024-11-11T06:46:25.006+0000] {dag.py:3239} INFO - Sync 4 DAGs
[2024-11-11T06:46:25.112+0000] {logging_mixin.py:190} INFO - [2024-11-11T06:46:25.111+0000] {dag.py:4180} INFO - Setting next_dagrun for dataset_alias_example_alias_consumer_with_no_taskflow to None, run_after=None
[2024-11-11T06:46:25.125+0000] {logging_mixin.py:190} INFO - [2024-11-11T06:46:25.125+0000] {dag.py:4180} INFO - Setting next_dagrun for dataset_alias_example_alias_producer_with_no_taskflow to None, run_after=None
[2024-11-11T06:46:25.135+0000] {logging_mixin.py:190} INFO - [2024-11-11T06:46:25.135+0000] {dag.py:4180} INFO - Setting next_dagrun for dataset_s3_bucket_consumer_with_no_taskflow to None, run_after=None
[2024-11-11T06:46:25.139+0000] {logging_mixin.py:190} INFO - [2024-11-11T06:46:25.138+0000] {dag.py:4180} INFO - Setting next_dagrun for dataset_s3_bucket_producer_with_no_taskflow to None, run_after=None
[2024-11-11T06:46:25.252+0000] {processor.py:208} INFO - Processing /home/airflow/.local/lib/python3.12/site-packages/airflow/example_dags/example_dataset_alias_with_no_taskflow.py took 2.085 seconds
[2024-11-11T06:46:55.969+0000] {processor.py:186} INFO - Started process (PID=1473) to work on /home/airflow/.local/lib/python3.12/site-packages/airflow/example_dags/example_dataset_alias_with_no_taskflow.py
[2024-11-11T06:46:55.970+0000] {processor.py:914} INFO - Processing file /home/airflow/.local/lib/python3.12/site-packages/airflow/example_dags/example_dataset_alias_with_no_taskflow.py for tasks to queue
[2024-11-11T06:46:55.977+0000] {logging_mixin.py:190} INFO - [2024-11-11T06:46:55.976+0000] {dagbag.py:588} INFO - Filling up the DagBag from /home/airflow/.local/lib/python3.12/site-packages/airflow/example_dags/example_dataset_alias_with_no_taskflow.py
[2024-11-11T06:46:57.386+0000] {processor.py:925} INFO - DAG(s) 'dataset_alias_example_alias_producer_with_no_taskflow', 'dataset_s3_bucket_consumer_with_no_taskflow', 'dataset_s3_bucket_producer_with_no_taskflow', 'dataset_alias_example_alias_consumer_with_no_taskflow' retrieved from /home/airflow/.local/lib/python3.12/site-packages/airflow/example_dags/example_dataset_alias_with_no_taskflow.py
[2024-11-11T06:46:57.430+0000] {logging_mixin.py:190} INFO - [2024-11-11T06:46:57.430+0000] {dag.py:3239} INFO - Sync 4 DAGs
[2024-11-11T06:46:57.485+0000] {logging_mixin.py:190} INFO - [2024-11-11T06:46:57.485+0000] {dag.py:4180} INFO - Setting next_dagrun for dataset_alias_example_alias_consumer_with_no_taskflow to None, run_after=None
[2024-11-11T06:46:57.494+0000] {logging_mixin.py:190} INFO - [2024-11-11T06:46:57.493+0000] {dag.py:4180} INFO - Setting next_dagrun for dataset_alias_example_alias_producer_with_no_taskflow to None, run_after=None
[2024-11-11T06:46:57.498+0000] {logging_mixin.py:190} INFO - [2024-11-11T06:46:57.498+0000] {dag.py:4180} INFO - Setting next_dagrun for dataset_s3_bucket_consumer_with_no_taskflow to None, run_after=None
[2024-11-11T06:46:57.503+0000] {logging_mixin.py:190} INFO - [2024-11-11T06:46:57.503+0000] {dag.py:4180} INFO - Setting next_dagrun for dataset_s3_bucket_producer_with_no_taskflow to None, run_after=None
[2024-11-11T06:46:57.554+0000] {processor.py:208} INFO - Processing /home/airflow/.local/lib/python3.12/site-packages/airflow/example_dags/example_dataset_alias_with_no_taskflow.py took 1.600 seconds
[2024-11-11T06:47:27.645+0000] {processor.py:186} INFO - Started process (PID=1774) to work on /home/airflow/.local/lib/python3.12/site-packages/airflow/example_dags/example_dataset_alias_with_no_taskflow.py
[2024-11-11T06:47:27.646+0000] {processor.py:914} INFO - Processing file /home/airflow/.local/lib/python3.12/site-packages/airflow/example_dags/example_dataset_alias_with_no_taskflow.py for tasks to queue
[2024-11-11T06:47:27.651+0000] {logging_mixin.py:190} INFO - [2024-11-11T06:47:27.650+0000] {dagbag.py:588} INFO - Filling up the DagBag from /home/airflow/.local/lib/python3.12/site-packages/airflow/example_dags/example_dataset_alias_with_no_taskflow.py
[2024-11-11T06:47:28.771+0000] {processor.py:925} INFO - DAG(s) 'dataset_s3_bucket_consumer_with_no_taskflow', 'dataset_alias_example_alias_consumer_with_no_taskflow', 'dataset_s3_bucket_producer_with_no_taskflow', 'dataset_alias_example_alias_producer_with_no_taskflow' retrieved from /home/airflow/.local/lib/python3.12/site-packages/airflow/example_dags/example_dataset_alias_with_no_taskflow.py
[2024-11-11T06:47:28.831+0000] {logging_mixin.py:190} INFO - [2024-11-11T06:47:28.830+0000] {dag.py:3239} INFO - Sync 4 DAGs
[2024-11-11T06:47:28.888+0000] {logging_mixin.py:190} INFO - [2024-11-11T06:47:28.887+0000] {dag.py:4180} INFO - Setting next_dagrun for dataset_alias_example_alias_consumer_with_no_taskflow to None, run_after=None
[2024-11-11T06:47:28.896+0000] {logging_mixin.py:190} INFO - [2024-11-11T06:47:28.895+0000] {dag.py:4180} INFO - Setting next_dagrun for dataset_alias_example_alias_producer_with_no_taskflow to None, run_after=None
[2024-11-11T06:47:28.904+0000] {logging_mixin.py:190} INFO - [2024-11-11T06:47:28.904+0000] {dag.py:4180} INFO - Setting next_dagrun for dataset_s3_bucket_consumer_with_no_taskflow to None, run_after=None
[2024-11-11T06:47:28.907+0000] {logging_mixin.py:190} INFO - [2024-11-11T06:47:28.907+0000] {dag.py:4180} INFO - Setting next_dagrun for dataset_s3_bucket_producer_with_no_taskflow to None, run_after=None
[2024-11-11T06:47:28.955+0000] {processor.py:208} INFO - Processing /home/airflow/.local/lib/python3.12/site-packages/airflow/example_dags/example_dataset_alias_with_no_taskflow.py took 1.322 seconds
[2024-11-11T06:47:59.663+0000] {processor.py:186} INFO - Started process (PID=2065) to work on /home/airflow/.local/lib/python3.12/site-packages/airflow/example_dags/example_dataset_alias_with_no_taskflow.py
[2024-11-11T06:47:59.665+0000] {processor.py:914} INFO - Processing file /home/airflow/.local/lib/python3.12/site-packages/airflow/example_dags/example_dataset_alias_with_no_taskflow.py for tasks to queue
[2024-11-11T06:47:59.672+0000] {logging_mixin.py:190} INFO - [2024-11-11T06:47:59.671+0000] {dagbag.py:588} INFO - Filling up the DagBag from /home/airflow/.local/lib/python3.12/site-packages/airflow/example_dags/example_dataset_alias_with_no_taskflow.py
[2024-11-11T06:48:01.572+0000] {processor.py:925} INFO - DAG(s) 'dataset_alias_example_alias_producer_with_no_taskflow', 'dataset_alias_example_alias_consumer_with_no_taskflow', 'dataset_s3_bucket_consumer_with_no_taskflow', 'dataset_s3_bucket_producer_with_no_taskflow' retrieved from /home/airflow/.local/lib/python3.12/site-packages/airflow/example_dags/example_dataset_alias_with_no_taskflow.py
[2024-11-11T06:48:01.653+0000] {logging_mixin.py:190} INFO - [2024-11-11T06:48:01.648+0000] {dag.py:3239} INFO - Sync 4 DAGs
[2024-11-11T06:48:01.740+0000] {logging_mixin.py:190} INFO - [2024-11-11T06:48:01.731+0000] {dag.py:4180} INFO - Setting next_dagrun for dataset_alias_example_alias_consumer_with_no_taskflow to None, run_after=None
[2024-11-11T06:48:01.754+0000] {logging_mixin.py:190} INFO - [2024-11-11T06:48:01.753+0000] {dag.py:4180} INFO - Setting next_dagrun for dataset_alias_example_alias_producer_with_no_taskflow to None, run_after=None
[2024-11-11T06:48:01.759+0000] {logging_mixin.py:190} INFO - [2024-11-11T06:48:01.758+0000] {dag.py:4180} INFO - Setting next_dagrun for dataset_s3_bucket_consumer_with_no_taskflow to None, run_after=None
[2024-11-11T06:48:01.764+0000] {logging_mixin.py:190} INFO - [2024-11-11T06:48:01.763+0000] {dag.py:4180} INFO - Setting next_dagrun for dataset_s3_bucket_producer_with_no_taskflow to None, run_after=None
[2024-11-11T06:48:01.862+0000] {processor.py:208} INFO - Processing /home/airflow/.local/lib/python3.12/site-packages/airflow/example_dags/example_dataset_alias_with_no_taskflow.py took 2.209 seconds
[2024-11-11T06:48:32.145+0000] {processor.py:186} INFO - Started process (PID=2356) to work on /home/airflow/.local/lib/python3.12/site-packages/airflow/example_dags/example_dataset_alias_with_no_taskflow.py
[2024-11-11T06:48:32.146+0000] {processor.py:914} INFO - Processing file /home/airflow/.local/lib/python3.12/site-packages/airflow/example_dags/example_dataset_alias_with_no_taskflow.py for tasks to queue
[2024-11-11T06:48:32.152+0000] {logging_mixin.py:190} INFO - [2024-11-11T06:48:32.152+0000] {dagbag.py:588} INFO - Filling up the DagBag from /home/airflow/.local/lib/python3.12/site-packages/airflow/example_dags/example_dataset_alias_with_no_taskflow.py
[2024-11-11T06:48:33.223+0000] {processor.py:925} INFO - DAG(s) 'dataset_alias_example_alias_consumer_with_no_taskflow', 'dataset_s3_bucket_producer_with_no_taskflow', 'dataset_s3_bucket_consumer_with_no_taskflow', 'dataset_alias_example_alias_producer_with_no_taskflow' retrieved from /home/airflow/.local/lib/python3.12/site-packages/airflow/example_dags/example_dataset_alias_with_no_taskflow.py
[2024-11-11T06:48:33.279+0000] {logging_mixin.py:190} INFO - [2024-11-11T06:48:33.278+0000] {dag.py:3239} INFO - Sync 4 DAGs
[2024-11-11T06:48:33.312+0000] {logging_mixin.py:190} INFO - [2024-11-11T06:48:33.312+0000] {dag.py:4180} INFO - Setting next_dagrun for dataset_alias_example_alias_consumer_with_no_taskflow to None, run_after=None
[2024-11-11T06:48:33.317+0000] {logging_mixin.py:190} INFO - [2024-11-11T06:48:33.316+0000] {dag.py:4180} INFO - Setting next_dagrun for dataset_alias_example_alias_producer_with_no_taskflow to None, run_after=None
[2024-11-11T06:48:33.319+0000] {logging_mixin.py:190} INFO - [2024-11-11T06:48:33.319+0000] {dag.py:4180} INFO - Setting next_dagrun for dataset_s3_bucket_consumer_with_no_taskflow to None, run_after=None
[2024-11-11T06:48:33.322+0000] {logging_mixin.py:190} INFO - [2024-11-11T06:48:33.321+0000] {dag.py:4180} INFO - Setting next_dagrun for dataset_s3_bucket_producer_with_no_taskflow to None, run_after=None
[2024-11-11T06:48:33.369+0000] {processor.py:208} INFO - Processing /home/airflow/.local/lib/python3.12/site-packages/airflow/example_dags/example_dataset_alias_with_no_taskflow.py took 1.233 seconds
[2024-11-11T06:49:04.329+0000] {processor.py:186} INFO - Started process (PID=2647) to work on /home/airflow/.local/lib/python3.12/site-packages/airflow/example_dags/example_dataset_alias_with_no_taskflow.py
[2024-11-11T06:49:04.330+0000] {processor.py:914} INFO - Processing file /home/airflow/.local/lib/python3.12/site-packages/airflow/example_dags/example_dataset_alias_with_no_taskflow.py for tasks to queue
[2024-11-11T06:49:04.335+0000] {logging_mixin.py:190} INFO - [2024-11-11T06:49:04.335+0000] {dagbag.py:588} INFO - Filling up the DagBag from /home/airflow/.local/lib/python3.12/site-packages/airflow/example_dags/example_dataset_alias_with_no_taskflow.py
[2024-11-11T06:49:05.459+0000] {processor.py:925} INFO - DAG(s) 'dataset_s3_bucket_consumer_with_no_taskflow', 'dataset_alias_example_alias_producer_with_no_taskflow', 'dataset_s3_bucket_producer_with_no_taskflow', 'dataset_alias_example_alias_consumer_with_no_taskflow' retrieved from /home/airflow/.local/lib/python3.12/site-packages/airflow/example_dags/example_dataset_alias_with_no_taskflow.py
[2024-11-11T06:49:05.504+0000] {logging_mixin.py:190} INFO - [2024-11-11T06:49:05.504+0000] {dag.py:3239} INFO - Sync 4 DAGs
[2024-11-11T06:49:05.547+0000] {logging_mixin.py:190} INFO - [2024-11-11T06:49:05.546+0000] {dag.py:4180} INFO - Setting next_dagrun for dataset_alias_example_alias_consumer_with_no_taskflow to None, run_after=None
[2024-11-11T06:49:05.554+0000] {logging_mixin.py:190} INFO - [2024-11-11T06:49:05.554+0000] {dag.py:4180} INFO - Setting next_dagrun for dataset_alias_example_alias_producer_with_no_taskflow to None, run_after=None
[2024-11-11T06:49:05.557+0000] {logging_mixin.py:190} INFO - [2024-11-11T06:49:05.556+0000] {dag.py:4180} INFO - Setting next_dagrun for dataset_s3_bucket_consumer_with_no_taskflow to None, run_after=None
[2024-11-11T06:49:05.561+0000] {logging_mixin.py:190} INFO - [2024-11-11T06:49:05.561+0000] {dag.py:4180} INFO - Setting next_dagrun for dataset_s3_bucket_producer_with_no_taskflow to None, run_after=None
[2024-11-11T06:49:05.612+0000] {processor.py:208} INFO - Processing /home/airflow/.local/lib/python3.12/site-packages/airflow/example_dags/example_dataset_alias_with_no_taskflow.py took 1.297 seconds
[2024-11-11T06:49:36.006+0000] {processor.py:186} INFO - Started process (PID=2948) to work on /home/airflow/.local/lib/python3.12/site-packages/airflow/example_dags/example_dataset_alias_with_no_taskflow.py
[2024-11-11T06:49:36.008+0000] {processor.py:914} INFO - Processing file /home/airflow/.local/lib/python3.12/site-packages/airflow/example_dags/example_dataset_alias_with_no_taskflow.py for tasks to queue
[2024-11-11T06:49:36.016+0000] {logging_mixin.py:190} INFO - [2024-11-11T06:49:36.015+0000] {dagbag.py:588} INFO - Filling up the DagBag from /home/airflow/.local/lib/python3.12/site-packages/airflow/example_dags/example_dataset_alias_with_no_taskflow.py
[2024-11-11T06:49:37.072+0000] {processor.py:925} INFO - DAG(s) 'dataset_s3_bucket_producer_with_no_taskflow', 'dataset_s3_bucket_consumer_with_no_taskflow', 'dataset_alias_example_alias_consumer_with_no_taskflow', 'dataset_alias_example_alias_producer_with_no_taskflow' retrieved from /home/airflow/.local/lib/python3.12/site-packages/airflow/example_dags/example_dataset_alias_with_no_taskflow.py
[2024-11-11T06:49:37.116+0000] {logging_mixin.py:190} INFO - [2024-11-11T06:49:37.115+0000] {dag.py:3239} INFO - Sync 4 DAGs
[2024-11-11T06:49:37.160+0000] {logging_mixin.py:190} INFO - [2024-11-11T06:49:37.160+0000] {dag.py:4180} INFO - Setting next_dagrun for dataset_alias_example_alias_consumer_with_no_taskflow to None, run_after=None
[2024-11-11T06:49:37.168+0000] {logging_mixin.py:190} INFO - [2024-11-11T06:49:37.167+0000] {dag.py:4180} INFO - Setting next_dagrun for dataset_alias_example_alias_producer_with_no_taskflow to None, run_after=None
[2024-11-11T06:49:37.174+0000] {logging_mixin.py:190} INFO - [2024-11-11T06:49:37.174+0000] {dag.py:4180} INFO - Setting next_dagrun for dataset_s3_bucket_consumer_with_no_taskflow to None, run_after=None
[2024-11-11T06:49:37.179+0000] {logging_mixin.py:190} INFO - [2024-11-11T06:49:37.178+0000] {dag.py:4180} INFO - Setting next_dagrun for dataset_s3_bucket_producer_with_no_taskflow to None, run_after=None
[2024-11-11T06:49:37.224+0000] {processor.py:208} INFO - Processing /home/airflow/.local/lib/python3.12/site-packages/airflow/example_dags/example_dataset_alias_with_no_taskflow.py took 1.231 seconds
[2024-11-11T06:50:07.426+0000] {processor.py:186} INFO - Started process (PID=3239) to work on /home/airflow/.local/lib/python3.12/site-packages/airflow/example_dags/example_dataset_alias_with_no_taskflow.py
[2024-11-11T06:50:07.428+0000] {processor.py:914} INFO - Processing file /home/airflow/.local/lib/python3.12/site-packages/airflow/example_dags/example_dataset_alias_with_no_taskflow.py for tasks to queue
[2024-11-11T06:50:07.431+0000] {logging_mixin.py:190} INFO - [2024-11-11T06:50:07.431+0000] {dagbag.py:588} INFO - Filling up the DagBag from /home/airflow/.local/lib/python3.12/site-packages/airflow/example_dags/example_dataset_alias_with_no_taskflow.py
[2024-11-11T06:50:08.365+0000] {processor.py:925} INFO - DAG(s) 'dataset_alias_example_alias_producer_with_no_taskflow', 'dataset_s3_bucket_producer_with_no_taskflow', 'dataset_s3_bucket_consumer_with_no_taskflow', 'dataset_alias_example_alias_consumer_with_no_taskflow' retrieved from /home/airflow/.local/lib/python3.12/site-packages/airflow/example_dags/example_dataset_alias_with_no_taskflow.py
[2024-11-11T06:50:08.404+0000] {logging_mixin.py:190} INFO - [2024-11-11T06:50:08.403+0000] {dag.py:3239} INFO - Sync 4 DAGs
[2024-11-11T06:50:08.447+0000] {logging_mixin.py:190} INFO - [2024-11-11T06:50:08.447+0000] {dag.py:4180} INFO - Setting next_dagrun for dataset_alias_example_alias_consumer_with_no_taskflow to None, run_after=None
[2024-11-11T06:50:08.454+0000] {logging_mixin.py:190} INFO - [2024-11-11T06:50:08.453+0000] {dag.py:4180} INFO - Setting next_dagrun for dataset_alias_example_alias_producer_with_no_taskflow to None, run_after=None
[2024-11-11T06:50:08.458+0000] {logging_mixin.py:190} INFO - [2024-11-11T06:50:08.457+0000] {dag.py:4180} INFO - Setting next_dagrun for dataset_s3_bucket_consumer_with_no_taskflow to None, run_after=None
[2024-11-11T06:50:08.460+0000] {logging_mixin.py:190} INFO - [2024-11-11T06:50:08.460+0000] {dag.py:4180} INFO - Setting next_dagrun for dataset_s3_bucket_producer_with_no_taskflow to None, run_after=None
[2024-11-11T06:50:08.511+0000] {processor.py:208} INFO - Processing /home/airflow/.local/lib/python3.12/site-packages/airflow/example_dags/example_dataset_alias_with_no_taskflow.py took 1.095 seconds
[2024-11-11T06:50:39.325+0000] {processor.py:186} INFO - Started process (PID=3530) to work on /home/airflow/.local/lib/python3.12/site-packages/airflow/example_dags/example_dataset_alias_with_no_taskflow.py
[2024-11-11T06:50:39.327+0000] {processor.py:914} INFO - Processing file /home/airflow/.local/lib/python3.12/site-packages/airflow/example_dags/example_dataset_alias_with_no_taskflow.py for tasks to queue
[2024-11-11T06:50:39.333+0000] {logging_mixin.py:190} INFO - [2024-11-11T06:50:39.332+0000] {dagbag.py:588} INFO - Filling up the DagBag from /home/airflow/.local/lib/python3.12/site-packages/airflow/example_dags/example_dataset_alias_with_no_taskflow.py
[2024-11-11T06:50:40.607+0000] {processor.py:925} INFO - DAG(s) 'dataset_alias_example_alias_consumer_with_no_taskflow', 'dataset_s3_bucket_consumer_with_no_taskflow', 'dataset_s3_bucket_producer_with_no_taskflow', 'dataset_alias_example_alias_producer_with_no_taskflow' retrieved from /home/airflow/.local/lib/python3.12/site-packages/airflow/example_dags/example_dataset_alias_with_no_taskflow.py
[2024-11-11T06:50:40.659+0000] {logging_mixin.py:190} INFO - [2024-11-11T06:50:40.656+0000] {dag.py:3239} INFO - Sync 4 DAGs
[2024-11-11T06:50:40.707+0000] {logging_mixin.py:190} INFO - [2024-11-11T06:50:40.707+0000] {dag.py:4180} INFO - Setting next_dagrun for dataset_alias_example_alias_consumer_with_no_taskflow to None, run_after=None
[2024-11-11T06:50:40.715+0000] {logging_mixin.py:190} INFO - [2024-11-11T06:50:40.714+0000] {dag.py:4180} INFO - Setting next_dagrun for dataset_alias_example_alias_producer_with_no_taskflow to None, run_after=None
[2024-11-11T06:50:40.720+0000] {logging_mixin.py:190} INFO - [2024-11-11T06:50:40.719+0000] {dag.py:4180} INFO - Setting next_dagrun for dataset_s3_bucket_consumer_with_no_taskflow to None, run_after=None
[2024-11-11T06:50:40.725+0000] {logging_mixin.py:190} INFO - [2024-11-11T06:50:40.725+0000] {dag.py:4180} INFO - Setting next_dagrun for dataset_s3_bucket_producer_with_no_taskflow to None, run_after=None
[2024-11-11T06:50:40.768+0000] {processor.py:208} INFO - Processing /home/airflow/.local/lib/python3.12/site-packages/airflow/example_dags/example_dataset_alias_with_no_taskflow.py took 1.453 seconds
[2024-11-11T06:51:11.419+0000] {processor.py:186} INFO - Started process (PID=3821) to work on /home/airflow/.local/lib/python3.12/site-packages/airflow/example_dags/example_dataset_alias_with_no_taskflow.py
[2024-11-11T06:51:11.422+0000] {processor.py:914} INFO - Processing file /home/airflow/.local/lib/python3.12/site-packages/airflow/example_dags/example_dataset_alias_with_no_taskflow.py for tasks to queue
[2024-11-11T06:51:11.433+0000] {logging_mixin.py:190} INFO - [2024-11-11T06:51:11.432+0000] {dagbag.py:588} INFO - Filling up the DagBag from /home/airflow/.local/lib/python3.12/site-packages/airflow/example_dags/example_dataset_alias_with_no_taskflow.py
[2024-11-11T06:51:12.441+0000] {processor.py:925} INFO - DAG(s) 'dataset_alias_example_alias_producer_with_no_taskflow', 'dataset_alias_example_alias_consumer_with_no_taskflow', 'dataset_s3_bucket_producer_with_no_taskflow', 'dataset_s3_bucket_consumer_with_no_taskflow' retrieved from /home/airflow/.local/lib/python3.12/site-packages/airflow/example_dags/example_dataset_alias_with_no_taskflow.py
[2024-11-11T06:51:12.488+0000] {logging_mixin.py:190} INFO - [2024-11-11T06:51:12.487+0000] {dag.py:3239} INFO - Sync 4 DAGs
[2024-11-11T06:51:12.527+0000] {logging_mixin.py:190} INFO - [2024-11-11T06:51:12.527+0000] {dag.py:4180} INFO - Setting next_dagrun for dataset_alias_example_alias_consumer_with_no_taskflow to None, run_after=None
[2024-11-11T06:51:12.536+0000] {logging_mixin.py:190} INFO - [2024-11-11T06:51:12.535+0000] {dag.py:4180} INFO - Setting next_dagrun for dataset_alias_example_alias_producer_with_no_taskflow to None, run_after=None
[2024-11-11T06:51:12.539+0000] {logging_mixin.py:190} INFO - [2024-11-11T06:51:12.539+0000] {dag.py:4180} INFO - Setting next_dagrun for dataset_s3_bucket_consumer_with_no_taskflow to None, run_after=None
[2024-11-11T06:51:12.542+0000] {logging_mixin.py:190} INFO - [2024-11-11T06:51:12.542+0000] {dag.py:4180} INFO - Setting next_dagrun for dataset_s3_bucket_producer_with_no_taskflow to None, run_after=None
[2024-11-11T06:51:12.582+0000] {processor.py:208} INFO - Processing /home/airflow/.local/lib/python3.12/site-packages/airflow/example_dags/example_dataset_alias_with_no_taskflow.py took 1.186 seconds
[2024-11-11T06:51:42.863+0000] {processor.py:186} INFO - Started process (PID=4112) to work on /home/airflow/.local/lib/python3.12/site-packages/airflow/example_dags/example_dataset_alias_with_no_taskflow.py
[2024-11-11T06:51:42.864+0000] {processor.py:914} INFO - Processing file /home/airflow/.local/lib/python3.12/site-packages/airflow/example_dags/example_dataset_alias_with_no_taskflow.py for tasks to queue
[2024-11-11T06:51:42.872+0000] {logging_mixin.py:190} INFO - [2024-11-11T06:51:42.871+0000] {dagbag.py:588} INFO - Filling up the DagBag from /home/airflow/.local/lib/python3.12/site-packages/airflow/example_dags/example_dataset_alias_with_no_taskflow.py
[2024-11-11T06:51:43.863+0000] {processor.py:925} INFO - DAG(s) 'dataset_alias_example_alias_consumer_with_no_taskflow', 'dataset_s3_bucket_producer_with_no_taskflow', 'dataset_s3_bucket_consumer_with_no_taskflow', 'dataset_alias_example_alias_producer_with_no_taskflow' retrieved from /home/airflow/.local/lib/python3.12/site-packages/airflow/example_dags/example_dataset_alias_with_no_taskflow.py
[2024-11-11T06:51:43.900+0000] {logging_mixin.py:190} INFO - [2024-11-11T06:51:43.899+0000] {dag.py:3239} INFO - Sync 4 DAGs
[2024-11-11T06:51:43.940+0000] {logging_mixin.py:190} INFO - [2024-11-11T06:51:43.939+0000] {dag.py:4180} INFO - Setting next_dagrun for dataset_alias_example_alias_consumer_with_no_taskflow to None, run_after=None
[2024-11-11T06:51:43.946+0000] {logging_mixin.py:190} INFO - [2024-11-11T06:51:43.945+0000] {dag.py:4180} INFO - Setting next_dagrun for dataset_alias_example_alias_producer_with_no_taskflow to None, run_after=None
[2024-11-11T06:51:43.948+0000] {logging_mixin.py:190} INFO - [2024-11-11T06:51:43.948+0000] {dag.py:4180} INFO - Setting next_dagrun for dataset_s3_bucket_consumer_with_no_taskflow to None, run_after=None
[2024-11-11T06:51:43.951+0000] {logging_mixin.py:190} INFO - [2024-11-11T06:51:43.950+0000] {dag.py:4180} INFO - Setting next_dagrun for dataset_s3_bucket_producer_with_no_taskflow to None, run_after=None
[2024-11-11T06:51:43.994+0000] {processor.py:208} INFO - Processing /home/airflow/.local/lib/python3.12/site-packages/airflow/example_dags/example_dataset_alias_with_no_taskflow.py took 1.140 seconds
[2024-11-11T06:52:14.725+0000] {processor.py:186} INFO - Started process (PID=4403) to work on /home/airflow/.local/lib/python3.12/site-packages/airflow/example_dags/example_dataset_alias_with_no_taskflow.py
[2024-11-11T06:52:14.727+0000] {processor.py:914} INFO - Processing file /home/airflow/.local/lib/python3.12/site-packages/airflow/example_dags/example_dataset_alias_with_no_taskflow.py for tasks to queue
[2024-11-11T06:52:14.732+0000] {logging_mixin.py:190} INFO - [2024-11-11T06:52:14.731+0000] {dagbag.py:588} INFO - Filling up the DagBag from /home/airflow/.local/lib/python3.12/site-packages/airflow/example_dags/example_dataset_alias_with_no_taskflow.py
[2024-11-11T06:52:15.716+0000] {processor.py:925} INFO - DAG(s) 'dataset_alias_example_alias_producer_with_no_taskflow', 'dataset_alias_example_alias_consumer_with_no_taskflow', 'dataset_s3_bucket_producer_with_no_taskflow', 'dataset_s3_bucket_consumer_with_no_taskflow' retrieved from /home/airflow/.local/lib/python3.12/site-packages/airflow/example_dags/example_dataset_alias_with_no_taskflow.py
[2024-11-11T06:52:15.823+0000] {logging_mixin.py:190} INFO - [2024-11-11T06:52:15.810+0000] {dag.py:3239} INFO - Sync 4 DAGs
[2024-11-11T06:52:15.901+0000] {logging_mixin.py:190} INFO - [2024-11-11T06:52:15.900+0000] {dag.py:4180} INFO - Setting next_dagrun for dataset_alias_example_alias_consumer_with_no_taskflow to None, run_after=None
[2024-11-11T06:52:15.905+0000] {logging_mixin.py:190} INFO - [2024-11-11T06:52:15.905+0000] {dag.py:4180} INFO - Setting next_dagrun for dataset_alias_example_alias_producer_with_no_taskflow to None, run_after=None
[2024-11-11T06:52:15.909+0000] {logging_mixin.py:190} INFO - [2024-11-11T06:52:15.908+0000] {dag.py:4180} INFO - Setting next_dagrun for dataset_s3_bucket_consumer_with_no_taskflow to None, run_after=None
[2024-11-11T06:52:15.912+0000] {logging_mixin.py:190} INFO - [2024-11-11T06:52:15.911+0000] {dag.py:4180} INFO - Setting next_dagrun for dataset_s3_bucket_producer_with_no_taskflow to None, run_after=None
[2024-11-11T06:52:15.943+0000] {processor.py:208} INFO - Processing /home/airflow/.local/lib/python3.12/site-packages/airflow/example_dags/example_dataset_alias_with_no_taskflow.py took 1.229 seconds
[2024-11-11T06:52:46.958+0000] {processor.py:186} INFO - Started process (PID=4692) to work on /home/airflow/.local/lib/python3.12/site-packages/airflow/example_dags/example_dataset_alias_with_no_taskflow.py
[2024-11-11T06:52:46.971+0000] {processor.py:914} INFO - Processing file /home/airflow/.local/lib/python3.12/site-packages/airflow/example_dags/example_dataset_alias_with_no_taskflow.py for tasks to queue
[2024-11-11T06:52:47.018+0000] {logging_mixin.py:190} INFO - [2024-11-11T06:52:47.014+0000] {dagbag.py:588} INFO - Filling up the DagBag from /home/airflow/.local/lib/python3.12/site-packages/airflow/example_dags/example_dataset_alias_with_no_taskflow.py
[2024-11-11T06:52:49.596+0000] {logging_mixin.py:190} INFO - [2024-11-11T06:52:49.596+0000] {process_utils.py:266} INFO - Waiting up to 5 seconds for processes to exit...
