[2024-11-11T06:44:26.443+0000] {processor.py:186} INFO - Started process (PID=272) to work on /home/airflow/.local/lib/python3.12/site-packages/airflow/example_dags/example_complex.py
[2024-11-11T06:44:26.445+0000] {processor.py:914} INFO - Processing file /home/airflow/.local/lib/python3.12/site-packages/airflow/example_dags/example_complex.py for tasks to queue
[2024-11-11T06:44:26.453+0000] {logging_mixin.py:190} INFO - [2024-11-11T06:44:26.449+0000] {dagbag.py:588} INFO - Filling up the DagBag from /home/airflow/.local/lib/python3.12/site-packages/airflow/example_dags/example_complex.py
[2024-11-11T06:44:26.479+0000] {processor.py:925} INFO - DAG(s) 'example_complex' retrieved from /home/airflow/.local/lib/python3.12/site-packages/airflow/example_dags/example_complex.py
[2024-11-11T06:44:26.772+0000] {logging_mixin.py:190} INFO - [2024-11-11T06:44:26.771+0000] {override.py:1911} INFO - Created Permission View: can delete on DAG:example_complex
[2024-11-11T06:44:26.790+0000] {logging_mixin.py:190} INFO - [2024-11-11T06:44:26.790+0000] {override.py:1911} INFO - Created Permission View: can edit on DAG:example_complex
[2024-11-11T06:44:26.803+0000] {logging_mixin.py:190} INFO - [2024-11-11T06:44:26.802+0000] {override.py:1911} INFO - Created Permission View: can read on DAG:example_complex
[2024-11-11T06:44:26.818+0000] {logging_mixin.py:190} INFO - [2024-11-11T06:44:26.817+0000] {override.py:1911} INFO - Created Permission View: menu access on DAG Run:example_complex
[2024-11-11T06:44:26.831+0000] {logging_mixin.py:190} INFO - [2024-11-11T06:44:26.830+0000] {override.py:1911} INFO - Created Permission View: can delete on DAG Run:example_complex
[2024-11-11T06:44:26.843+0000] {logging_mixin.py:190} INFO - [2024-11-11T06:44:26.842+0000] {override.py:1911} INFO - Created Permission View: can create on DAG Run:example_complex
[2024-11-11T06:44:26.855+0000] {logging_mixin.py:190} INFO - [2024-11-11T06:44:26.854+0000] {override.py:1911} INFO - Created Permission View: can read on DAG Run:example_complex
[2024-11-11T06:44:26.856+0000] {logging_mixin.py:190} INFO - [2024-11-11T06:44:26.856+0000] {dag.py:3239} INFO - Sync 1 DAGs
[2024-11-11T06:44:26.885+0000] {logging_mixin.py:190} INFO - [2024-11-11T06:44:26.885+0000] {dag.py:3262} INFO - Creating ORM DAG for example_complex
[2024-11-11T06:44:26.887+0000] {logging_mixin.py:190} INFO - [2024-11-11T06:44:26.887+0000] {dag.py:4180} INFO - Setting next_dagrun for example_complex to None, run_after=None
[2024-11-11T06:44:26.921+0000] {processor.py:208} INFO - Processing /home/airflow/.local/lib/python3.12/site-packages/airflow/example_dags/example_complex.py took 0.488 seconds
[2024-11-11T06:45:07.792+0000] {processor.py:186} INFO - Started process (PID=570) to work on /home/airflow/.local/lib/python3.12/site-packages/airflow/example_dags/example_complex.py
[2024-11-11T06:45:07.806+0000] {processor.py:914} INFO - Processing file /home/airflow/.local/lib/python3.12/site-packages/airflow/example_dags/example_complex.py for tasks to queue
[2024-11-11T06:45:07.809+0000] {logging_mixin.py:190} INFO - [2024-11-11T06:45:07.809+0000] {dagbag.py:588} INFO - Filling up the DagBag from /home/airflow/.local/lib/python3.12/site-packages/airflow/example_dags/example_complex.py
[2024-11-11T06:45:07.852+0000] {processor.py:925} INFO - DAG(s) 'example_complex' retrieved from /home/airflow/.local/lib/python3.12/site-packages/airflow/example_dags/example_complex.py
[2024-11-11T06:45:07.936+0000] {logging_mixin.py:190} INFO - [2024-11-11T06:45:07.935+0000] {dag.py:3239} INFO - Sync 1 DAGs
[2024-11-11T06:45:07.975+0000] {logging_mixin.py:190} INFO - [2024-11-11T06:45:07.975+0000] {dag.py:4180} INFO - Setting next_dagrun for example_complex to None, run_after=None
[2024-11-11T06:45:08.048+0000] {processor.py:208} INFO - Processing /home/airflow/.local/lib/python3.12/site-packages/airflow/example_dags/example_complex.py took 0.266 seconds
[2024-11-11T06:45:51.780+0000] {processor.py:186} INFO - Started process (PID=886) to work on /home/airflow/.local/lib/python3.12/site-packages/airflow/example_dags/example_complex.py
[2024-11-11T06:45:51.783+0000] {processor.py:914} INFO - Processing file /home/airflow/.local/lib/python3.12/site-packages/airflow/example_dags/example_complex.py for tasks to queue
[2024-11-11T06:45:51.797+0000] {logging_mixin.py:190} INFO - [2024-11-11T06:45:51.796+0000] {dagbag.py:588} INFO - Filling up the DagBag from /home/airflow/.local/lib/python3.12/site-packages/airflow/example_dags/example_complex.py
[2024-11-11T06:45:51.856+0000] {processor.py:925} INFO - DAG(s) 'example_complex' retrieved from /home/airflow/.local/lib/python3.12/site-packages/airflow/example_dags/example_complex.py
[2024-11-11T06:45:52.021+0000] {logging_mixin.py:190} INFO - [2024-11-11T06:45:52.021+0000] {dag.py:3239} INFO - Sync 1 DAGs
[2024-11-11T06:45:52.112+0000] {logging_mixin.py:190} INFO - [2024-11-11T06:45:52.112+0000] {dag.py:4180} INFO - Setting next_dagrun for example_complex to None, run_after=None
[2024-11-11T06:45:52.215+0000] {processor.py:208} INFO - Processing /home/airflow/.local/lib/python3.12/site-packages/airflow/example_dags/example_complex.py took 0.460 seconds
[2024-11-11T06:46:24.334+0000] {processor.py:186} INFO - Started process (PID=1177) to work on /home/airflow/.local/lib/python3.12/site-packages/airflow/example_dags/example_complex.py
[2024-11-11T06:46:24.341+0000] {processor.py:914} INFO - Processing file /home/airflow/.local/lib/python3.12/site-packages/airflow/example_dags/example_complex.py for tasks to queue
[2024-11-11T06:46:24.346+0000] {logging_mixin.py:190} INFO - [2024-11-11T06:46:24.345+0000] {dagbag.py:588} INFO - Filling up the DagBag from /home/airflow/.local/lib/python3.12/site-packages/airflow/example_dags/example_complex.py
[2024-11-11T06:46:24.390+0000] {processor.py:925} INFO - DAG(s) 'example_complex' retrieved from /home/airflow/.local/lib/python3.12/site-packages/airflow/example_dags/example_complex.py
[2024-11-11T06:46:24.496+0000] {logging_mixin.py:190} INFO - [2024-11-11T06:46:24.495+0000] {dag.py:3239} INFO - Sync 1 DAGs
[2024-11-11T06:46:24.536+0000] {logging_mixin.py:190} INFO - [2024-11-11T06:46:24.535+0000] {dag.py:4180} INFO - Setting next_dagrun for example_complex to None, run_after=None
[2024-11-11T06:46:24.582+0000] {processor.py:208} INFO - Processing /home/airflow/.local/lib/python3.12/site-packages/airflow/example_dags/example_complex.py took 0.261 seconds
[2024-11-11T06:46:55.137+0000] {processor.py:186} INFO - Started process (PID=1463) to work on /home/airflow/.local/lib/python3.12/site-packages/airflow/example_dags/example_complex.py
[2024-11-11T06:46:55.139+0000] {processor.py:914} INFO - Processing file /home/airflow/.local/lib/python3.12/site-packages/airflow/example_dags/example_complex.py for tasks to queue
[2024-11-11T06:46:55.144+0000] {logging_mixin.py:190} INFO - [2024-11-11T06:46:55.144+0000] {dagbag.py:588} INFO - Filling up the DagBag from /home/airflow/.local/lib/python3.12/site-packages/airflow/example_dags/example_complex.py
[2024-11-11T06:46:55.182+0000] {processor.py:925} INFO - DAG(s) 'example_complex' retrieved from /home/airflow/.local/lib/python3.12/site-packages/airflow/example_dags/example_complex.py
[2024-11-11T06:46:55.365+0000] {logging_mixin.py:190} INFO - [2024-11-11T06:46:55.364+0000] {dag.py:3239} INFO - Sync 1 DAGs
[2024-11-11T06:46:55.481+0000] {logging_mixin.py:190} INFO - [2024-11-11T06:46:55.480+0000] {dag.py:4180} INFO - Setting next_dagrun for example_complex to None, run_after=None
[2024-11-11T06:46:55.557+0000] {processor.py:208} INFO - Processing /home/airflow/.local/lib/python3.12/site-packages/airflow/example_dags/example_complex.py took 0.438 seconds
[2024-11-11T06:47:25.854+0000] {processor.py:186} INFO - Started process (PID=1751) to work on /home/airflow/.local/lib/python3.12/site-packages/airflow/example_dags/example_complex.py
[2024-11-11T06:47:25.856+0000] {processor.py:914} INFO - Processing file /home/airflow/.local/lib/python3.12/site-packages/airflow/example_dags/example_complex.py for tasks to queue
[2024-11-11T06:47:25.859+0000] {logging_mixin.py:190} INFO - [2024-11-11T06:47:25.858+0000] {dagbag.py:588} INFO - Filling up the DagBag from /home/airflow/.local/lib/python3.12/site-packages/airflow/example_dags/example_complex.py
[2024-11-11T06:47:25.874+0000] {processor.py:925} INFO - DAG(s) 'example_complex' retrieved from /home/airflow/.local/lib/python3.12/site-packages/airflow/example_dags/example_complex.py
[2024-11-11T06:47:25.914+0000] {logging_mixin.py:190} INFO - [2024-11-11T06:47:25.914+0000] {dag.py:3239} INFO - Sync 1 DAGs
[2024-11-11T06:47:25.933+0000] {logging_mixin.py:190} INFO - [2024-11-11T06:47:25.933+0000] {dag.py:4180} INFO - Setting next_dagrun for example_complex to None, run_after=None
[2024-11-11T06:47:25.958+0000] {processor.py:208} INFO - Processing /home/airflow/.local/lib/python3.12/site-packages/airflow/example_dags/example_complex.py took 0.112 seconds
[2024-11-11T06:47:58.717+0000] {processor.py:186} INFO - Started process (PID=2040) to work on /home/airflow/.local/lib/python3.12/site-packages/airflow/example_dags/example_complex.py
[2024-11-11T06:47:58.722+0000] {processor.py:914} INFO - Processing file /home/airflow/.local/lib/python3.12/site-packages/airflow/example_dags/example_complex.py for tasks to queue
[2024-11-11T06:47:58.730+0000] {logging_mixin.py:190} INFO - [2024-11-11T06:47:58.729+0000] {dagbag.py:588} INFO - Filling up the DagBag from /home/airflow/.local/lib/python3.12/site-packages/airflow/example_dags/example_complex.py
[2024-11-11T06:47:58.771+0000] {processor.py:925} INFO - DAG(s) 'example_complex' retrieved from /home/airflow/.local/lib/python3.12/site-packages/airflow/example_dags/example_complex.py
[2024-11-11T06:47:58.897+0000] {logging_mixin.py:190} INFO - [2024-11-11T06:47:58.896+0000] {dag.py:3239} INFO - Sync 1 DAGs
[2024-11-11T06:47:58.930+0000] {logging_mixin.py:190} INFO - [2024-11-11T06:47:58.930+0000] {dag.py:4180} INFO - Setting next_dagrun for example_complex to None, run_after=None
[2024-11-11T06:47:58.984+0000] {processor.py:208} INFO - Processing /home/airflow/.local/lib/python3.12/site-packages/airflow/example_dags/example_complex.py took 0.285 seconds
[2024-11-11T06:48:29.171+0000] {processor.py:186} INFO - Started process (PID=2333) to work on /home/airflow/.local/lib/python3.12/site-packages/airflow/example_dags/example_complex.py
[2024-11-11T06:48:29.173+0000] {processor.py:914} INFO - Processing file /home/airflow/.local/lib/python3.12/site-packages/airflow/example_dags/example_complex.py for tasks to queue
[2024-11-11T06:48:29.178+0000] {logging_mixin.py:190} INFO - [2024-11-11T06:48:29.177+0000] {dagbag.py:588} INFO - Filling up the DagBag from /home/airflow/.local/lib/python3.12/site-packages/airflow/example_dags/example_complex.py
[2024-11-11T06:48:29.198+0000] {processor.py:925} INFO - DAG(s) 'example_complex' retrieved from /home/airflow/.local/lib/python3.12/site-packages/airflow/example_dags/example_complex.py
[2024-11-11T06:48:29.250+0000] {logging_mixin.py:190} INFO - [2024-11-11T06:48:29.250+0000] {dag.py:3239} INFO - Sync 1 DAGs
[2024-11-11T06:48:29.277+0000] {logging_mixin.py:190} INFO - [2024-11-11T06:48:29.277+0000] {dag.py:4180} INFO - Setting next_dagrun for example_complex to None, run_after=None
[2024-11-11T06:48:29.316+0000] {processor.py:208} INFO - Processing /home/airflow/.local/lib/python3.12/site-packages/airflow/example_dags/example_complex.py took 0.155 seconds
[2024-11-11T06:49:00.816+0000] {processor.py:186} INFO - Started process (PID=2622) to work on /home/airflow/.local/lib/python3.12/site-packages/airflow/example_dags/example_complex.py
[2024-11-11T06:49:00.819+0000] {processor.py:914} INFO - Processing file /home/airflow/.local/lib/python3.12/site-packages/airflow/example_dags/example_complex.py for tasks to queue
[2024-11-11T06:49:00.823+0000] {logging_mixin.py:190} INFO - [2024-11-11T06:49:00.822+0000] {dagbag.py:588} INFO - Filling up the DagBag from /home/airflow/.local/lib/python3.12/site-packages/airflow/example_dags/example_complex.py
[2024-11-11T06:49:00.846+0000] {processor.py:925} INFO - DAG(s) 'example_complex' retrieved from /home/airflow/.local/lib/python3.12/site-packages/airflow/example_dags/example_complex.py
[2024-11-11T06:49:00.905+0000] {logging_mixin.py:190} INFO - [2024-11-11T06:49:00.905+0000] {dag.py:3239} INFO - Sync 1 DAGs
[2024-11-11T06:49:00.938+0000] {logging_mixin.py:190} INFO - [2024-11-11T06:49:00.938+0000] {dag.py:4180} INFO - Setting next_dagrun for example_complex to None, run_after=None
[2024-11-11T06:49:00.977+0000] {processor.py:208} INFO - Processing /home/airflow/.local/lib/python3.12/site-packages/airflow/example_dags/example_complex.py took 0.171 seconds
[2024-11-11T06:49:32.067+0000] {processor.py:186} INFO - Started process (PID=2913) to work on /home/airflow/.local/lib/python3.12/site-packages/airflow/example_dags/example_complex.py
[2024-11-11T06:49:32.069+0000] {processor.py:914} INFO - Processing file /home/airflow/.local/lib/python3.12/site-packages/airflow/example_dags/example_complex.py for tasks to queue
[2024-11-11T06:49:32.073+0000] {logging_mixin.py:190} INFO - [2024-11-11T06:49:32.072+0000] {dagbag.py:588} INFO - Filling up the DagBag from /home/airflow/.local/lib/python3.12/site-packages/airflow/example_dags/example_complex.py
[2024-11-11T06:49:32.095+0000] {processor.py:925} INFO - DAG(s) 'example_complex' retrieved from /home/airflow/.local/lib/python3.12/site-packages/airflow/example_dags/example_complex.py
[2024-11-11T06:49:32.151+0000] {logging_mixin.py:190} INFO - [2024-11-11T06:49:32.151+0000] {dag.py:3239} INFO - Sync 1 DAGs
[2024-11-11T06:49:32.179+0000] {logging_mixin.py:190} INFO - [2024-11-11T06:49:32.178+0000] {dag.py:4180} INFO - Setting next_dagrun for example_complex to None, run_after=None
[2024-11-11T06:49:32.225+0000] {processor.py:208} INFO - Processing /home/airflow/.local/lib/python3.12/site-packages/airflow/example_dags/example_complex.py took 0.168 seconds
[2024-11-11T06:50:04.961+0000] {processor.py:186} INFO - Started process (PID=3206) to work on /home/airflow/.local/lib/python3.12/site-packages/airflow/example_dags/example_complex.py
[2024-11-11T06:50:04.963+0000] {processor.py:914} INFO - Processing file /home/airflow/.local/lib/python3.12/site-packages/airflow/example_dags/example_complex.py for tasks to queue
[2024-11-11T06:50:04.969+0000] {logging_mixin.py:190} INFO - [2024-11-11T06:50:04.967+0000] {dagbag.py:588} INFO - Filling up the DagBag from /home/airflow/.local/lib/python3.12/site-packages/airflow/example_dags/example_complex.py
[2024-11-11T06:50:04.996+0000] {processor.py:925} INFO - DAG(s) 'example_complex' retrieved from /home/airflow/.local/lib/python3.12/site-packages/airflow/example_dags/example_complex.py
[2024-11-11T06:50:05.049+0000] {logging_mixin.py:190} INFO - [2024-11-11T06:50:05.048+0000] {dag.py:3239} INFO - Sync 1 DAGs
[2024-11-11T06:50:05.082+0000] {logging_mixin.py:190} INFO - [2024-11-11T06:50:05.082+0000] {dag.py:4180} INFO - Setting next_dagrun for example_complex to None, run_after=None
[2024-11-11T06:50:05.123+0000] {processor.py:208} INFO - Processing /home/airflow/.local/lib/python3.12/site-packages/airflow/example_dags/example_complex.py took 0.175 seconds
[2024-11-11T06:50:36.150+0000] {processor.py:186} INFO - Started process (PID=3495) to work on /home/airflow/.local/lib/python3.12/site-packages/airflow/example_dags/example_complex.py
[2024-11-11T06:50:36.152+0000] {processor.py:914} INFO - Processing file /home/airflow/.local/lib/python3.12/site-packages/airflow/example_dags/example_complex.py for tasks to queue
[2024-11-11T06:50:36.161+0000] {logging_mixin.py:190} INFO - [2024-11-11T06:50:36.160+0000] {dagbag.py:588} INFO - Filling up the DagBag from /home/airflow/.local/lib/python3.12/site-packages/airflow/example_dags/example_complex.py
[2024-11-11T06:50:36.193+0000] {processor.py:925} INFO - DAG(s) 'example_complex' retrieved from /home/airflow/.local/lib/python3.12/site-packages/airflow/example_dags/example_complex.py
[2024-11-11T06:50:36.266+0000] {logging_mixin.py:190} INFO - [2024-11-11T06:50:36.266+0000] {dag.py:3239} INFO - Sync 1 DAGs
[2024-11-11T06:50:36.298+0000] {logging_mixin.py:190} INFO - [2024-11-11T06:50:36.297+0000] {dag.py:4180} INFO - Setting next_dagrun for example_complex to None, run_after=None
[2024-11-11T06:50:36.340+0000] {processor.py:208} INFO - Processing /home/airflow/.local/lib/python3.12/site-packages/airflow/example_dags/example_complex.py took 0.198 seconds
[2024-11-11T06:51:06.802+0000] {processor.py:186} INFO - Started process (PID=3781) to work on /home/airflow/.local/lib/python3.12/site-packages/airflow/example_dags/example_complex.py
[2024-11-11T06:51:06.808+0000] {processor.py:914} INFO - Processing file /home/airflow/.local/lib/python3.12/site-packages/airflow/example_dags/example_complex.py for tasks to queue
[2024-11-11T06:51:06.813+0000] {logging_mixin.py:190} INFO - [2024-11-11T06:51:06.812+0000] {dagbag.py:588} INFO - Filling up the DagBag from /home/airflow/.local/lib/python3.12/site-packages/airflow/example_dags/example_complex.py
[2024-11-11T06:51:06.863+0000] {processor.py:925} INFO - DAG(s) 'example_complex' retrieved from /home/airflow/.local/lib/python3.12/site-packages/airflow/example_dags/example_complex.py
[2024-11-11T06:51:06.953+0000] {logging_mixin.py:190} INFO - [2024-11-11T06:51:06.953+0000] {dag.py:3239} INFO - Sync 1 DAGs
[2024-11-11T06:51:06.996+0000] {logging_mixin.py:190} INFO - [2024-11-11T06:51:06.996+0000] {dag.py:4180} INFO - Setting next_dagrun for example_complex to None, run_after=None
[2024-11-11T06:51:07.062+0000] {processor.py:208} INFO - Processing /home/airflow/.local/lib/python3.12/site-packages/airflow/example_dags/example_complex.py took 0.286 seconds
[2024-11-11T06:51:37.836+0000] {processor.py:186} INFO - Started process (PID=4072) to work on /home/airflow/.local/lib/python3.12/site-packages/airflow/example_dags/example_complex.py
[2024-11-11T06:51:37.838+0000] {processor.py:914} INFO - Processing file /home/airflow/.local/lib/python3.12/site-packages/airflow/example_dags/example_complex.py for tasks to queue
[2024-11-11T06:51:37.842+0000] {logging_mixin.py:190} INFO - [2024-11-11T06:51:37.841+0000] {dagbag.py:588} INFO - Filling up the DagBag from /home/airflow/.local/lib/python3.12/site-packages/airflow/example_dags/example_complex.py
[2024-11-11T06:51:37.865+0000] {processor.py:925} INFO - DAG(s) 'example_complex' retrieved from /home/airflow/.local/lib/python3.12/site-packages/airflow/example_dags/example_complex.py
[2024-11-11T06:51:37.926+0000] {logging_mixin.py:190} INFO - [2024-11-11T06:51:37.925+0000] {dag.py:3239} INFO - Sync 1 DAGs
[2024-11-11T06:51:37.950+0000] {logging_mixin.py:190} INFO - [2024-11-11T06:51:37.950+0000] {dag.py:4180} INFO - Setting next_dagrun for example_complex to None, run_after=None
[2024-11-11T06:51:37.985+0000] {processor.py:208} INFO - Processing /home/airflow/.local/lib/python3.12/site-packages/airflow/example_dags/example_complex.py took 0.157 seconds
[2024-11-11T06:52:08.152+0000] {processor.py:186} INFO - Started process (PID=4358) to work on /home/airflow/.local/lib/python3.12/site-packages/airflow/example_dags/example_complex.py
[2024-11-11T06:52:08.154+0000] {processor.py:914} INFO - Processing file /home/airflow/.local/lib/python3.12/site-packages/airflow/example_dags/example_complex.py for tasks to queue
[2024-11-11T06:52:08.158+0000] {logging_mixin.py:190} INFO - [2024-11-11T06:52:08.157+0000] {dagbag.py:588} INFO - Filling up the DagBag from /home/airflow/.local/lib/python3.12/site-packages/airflow/example_dags/example_complex.py
[2024-11-11T06:52:08.192+0000] {processor.py:925} INFO - DAG(s) 'example_complex' retrieved from /home/airflow/.local/lib/python3.12/site-packages/airflow/example_dags/example_complex.py
[2024-11-11T06:52:08.260+0000] {logging_mixin.py:190} INFO - [2024-11-11T06:52:08.259+0000] {dag.py:3239} INFO - Sync 1 DAGs
[2024-11-11T06:52:08.286+0000] {logging_mixin.py:190} INFO - [2024-11-11T06:52:08.285+0000] {dag.py:4180} INFO - Setting next_dagrun for example_complex to None, run_after=None
[2024-11-11T06:52:08.317+0000] {processor.py:208} INFO - Processing /home/airflow/.local/lib/python3.12/site-packages/airflow/example_dags/example_complex.py took 0.178 seconds
[2024-11-11T06:52:39.008+0000] {processor.py:186} INFO - Started process (PID=4651) to work on /home/airflow/.local/lib/python3.12/site-packages/airflow/example_dags/example_complex.py
[2024-11-11T06:52:39.009+0000] {processor.py:914} INFO - Processing file /home/airflow/.local/lib/python3.12/site-packages/airflow/example_dags/example_complex.py for tasks to queue
[2024-11-11T06:52:39.012+0000] {logging_mixin.py:190} INFO - [2024-11-11T06:52:39.011+0000] {dagbag.py:588} INFO - Filling up the DagBag from /home/airflow/.local/lib/python3.12/site-packages/airflow/example_dags/example_complex.py
[2024-11-11T06:52:39.025+0000] {processor.py:925} INFO - DAG(s) 'example_complex' retrieved from /home/airflow/.local/lib/python3.12/site-packages/airflow/example_dags/example_complex.py
[2024-11-11T06:52:39.061+0000] {logging_mixin.py:190} INFO - [2024-11-11T06:52:39.060+0000] {dag.py:3239} INFO - Sync 1 DAGs
[2024-11-11T06:52:39.078+0000] {logging_mixin.py:190} INFO - [2024-11-11T06:52:39.078+0000] {dag.py:4180} INFO - Setting next_dagrun for example_complex to None, run_after=None
[2024-11-11T06:52:39.100+0000] {processor.py:208} INFO - Processing /home/airflow/.local/lib/python3.12/site-packages/airflow/example_dags/example_complex.py took 0.099 seconds
