[2024-11-11T06:44:30.998+0000] {processor.py:186} INFO - Started process (PID=322) to work on /home/airflow/.local/lib/python3.12/site-packages/airflow/example_dags/example_setup_teardown.py
[2024-11-11T06:44:31.000+0000] {processor.py:914} INFO - Processing file /home/airflow/.local/lib/python3.12/site-packages/airflow/example_dags/example_setup_teardown.py for tasks to queue
[2024-11-11T06:44:31.006+0000] {logging_mixin.py:190} INFO - [2024-11-11T06:44:31.005+0000] {dagbag.py:588} INFO - Filling up the DagBag from /home/airflow/.local/lib/python3.12/site-packages/airflow/example_dags/example_setup_teardown.py
[2024-11-11T06:44:31.038+0000] {processor.py:925} INFO - DAG(s) 'example_setup_teardown' retrieved from /home/airflow/.local/lib/python3.12/site-packages/airflow/example_dags/example_setup_teardown.py
[2024-11-11T06:44:31.332+0000] {logging_mixin.py:190} INFO - [2024-11-11T06:44:31.328+0000] {override.py:1911} INFO - Created Permission View: can delete on DAG:example_setup_teardown
[2024-11-11T06:44:31.372+0000] {logging_mixin.py:190} INFO - [2024-11-11T06:44:31.371+0000] {override.py:1911} INFO - Created Permission View: can edit on DAG:example_setup_teardown
[2024-11-11T06:44:31.403+0000] {logging_mixin.py:190} INFO - [2024-11-11T06:44:31.402+0000] {override.py:1911} INFO - Created Permission View: can read on DAG:example_setup_teardown
[2024-11-11T06:44:31.430+0000] {logging_mixin.py:190} INFO - [2024-11-11T06:44:31.430+0000] {override.py:1911} INFO - Created Permission View: menu access on DAG Run:example_setup_teardown
[2024-11-11T06:44:31.464+0000] {logging_mixin.py:190} INFO - [2024-11-11T06:44:31.463+0000] {override.py:1911} INFO - Created Permission View: can delete on DAG Run:example_setup_teardown
[2024-11-11T06:44:31.487+0000] {logging_mixin.py:190} INFO - [2024-11-11T06:44:31.486+0000] {override.py:1911} INFO - Created Permission View: can create on DAG Run:example_setup_teardown
[2024-11-11T06:44:31.522+0000] {logging_mixin.py:190} INFO - [2024-11-11T06:44:31.521+0000] {override.py:1911} INFO - Created Permission View: can read on DAG Run:example_setup_teardown
[2024-11-11T06:44:31.524+0000] {logging_mixin.py:190} INFO - [2024-11-11T06:44:31.524+0000] {dag.py:3239} INFO - Sync 1 DAGs
[2024-11-11T06:44:31.574+0000] {logging_mixin.py:190} INFO - [2024-11-11T06:44:31.574+0000] {dag.py:3262} INFO - Creating ORM DAG for example_setup_teardown
[2024-11-11T06:44:31.576+0000] {logging_mixin.py:190} INFO - [2024-11-11T06:44:31.576+0000] {dag.py:4180} INFO - Setting next_dagrun for example_setup_teardown to None, run_after=None
[2024-11-11T06:44:31.635+0000] {processor.py:208} INFO - Processing /home/airflow/.local/lib/python3.12/site-packages/airflow/example_dags/example_setup_teardown.py took 0.657 seconds
[2024-11-11T06:45:11.707+0000] {processor.py:186} INFO - Started process (PID=620) to work on /home/airflow/.local/lib/python3.12/site-packages/airflow/example_dags/example_setup_teardown.py
[2024-11-11T06:45:11.719+0000] {processor.py:914} INFO - Processing file /home/airflow/.local/lib/python3.12/site-packages/airflow/example_dags/example_setup_teardown.py for tasks to queue
[2024-11-11T06:45:11.724+0000] {logging_mixin.py:190} INFO - [2024-11-11T06:45:11.724+0000] {dagbag.py:588} INFO - Filling up the DagBag from /home/airflow/.local/lib/python3.12/site-packages/airflow/example_dags/example_setup_teardown.py
[2024-11-11T06:45:11.781+0000] {processor.py:925} INFO - DAG(s) 'example_setup_teardown' retrieved from /home/airflow/.local/lib/python3.12/site-packages/airflow/example_dags/example_setup_teardown.py
[2024-11-11T06:45:11.860+0000] {logging_mixin.py:190} INFO - [2024-11-11T06:45:11.854+0000] {dag.py:3239} INFO - Sync 1 DAGs
[2024-11-11T06:45:11.948+0000] {logging_mixin.py:190} INFO - [2024-11-11T06:45:11.947+0000] {dag.py:4180} INFO - Setting next_dagrun for example_setup_teardown to None, run_after=None
[2024-11-11T06:45:12.075+0000] {processor.py:208} INFO - Processing /home/airflow/.local/lib/python3.12/site-packages/airflow/example_dags/example_setup_teardown.py took 0.389 seconds
[2024-11-11T06:45:57.148+0000] {processor.py:186} INFO - Started process (PID=936) to work on /home/airflow/.local/lib/python3.12/site-packages/airflow/example_dags/example_setup_teardown.py
[2024-11-11T06:45:57.150+0000] {processor.py:914} INFO - Processing file /home/airflow/.local/lib/python3.12/site-packages/airflow/example_dags/example_setup_teardown.py for tasks to queue
[2024-11-11T06:45:57.164+0000] {logging_mixin.py:190} INFO - [2024-11-11T06:45:57.163+0000] {dagbag.py:588} INFO - Filling up the DagBag from /home/airflow/.local/lib/python3.12/site-packages/airflow/example_dags/example_setup_teardown.py
[2024-11-11T06:45:57.220+0000] {processor.py:925} INFO - DAG(s) 'example_setup_teardown' retrieved from /home/airflow/.local/lib/python3.12/site-packages/airflow/example_dags/example_setup_teardown.py
[2024-11-11T06:45:57.290+0000] {logging_mixin.py:190} INFO - [2024-11-11T06:45:57.287+0000] {dag.py:3239} INFO - Sync 1 DAGs
[2024-11-11T06:45:57.362+0000] {logging_mixin.py:190} INFO - [2024-11-11T06:45:57.362+0000] {dag.py:4180} INFO - Setting next_dagrun for example_setup_teardown to None, run_after=None
[2024-11-11T06:45:57.454+0000] {processor.py:208} INFO - Processing /home/airflow/.local/lib/python3.12/site-packages/airflow/example_dags/example_setup_teardown.py took 0.331 seconds
[2024-11-11T06:46:28.199+0000] {processor.py:186} INFO - Started process (PID=1227) to work on /home/airflow/.local/lib/python3.12/site-packages/airflow/example_dags/example_setup_teardown.py
[2024-11-11T06:46:28.203+0000] {processor.py:914} INFO - Processing file /home/airflow/.local/lib/python3.12/site-packages/airflow/example_dags/example_setup_teardown.py for tasks to queue
[2024-11-11T06:46:28.211+0000] {logging_mixin.py:190} INFO - [2024-11-11T06:46:28.210+0000] {dagbag.py:588} INFO - Filling up the DagBag from /home/airflow/.local/lib/python3.12/site-packages/airflow/example_dags/example_setup_teardown.py
[2024-11-11T06:46:28.244+0000] {processor.py:925} INFO - DAG(s) 'example_setup_teardown' retrieved from /home/airflow/.local/lib/python3.12/site-packages/airflow/example_dags/example_setup_teardown.py
[2024-11-11T06:46:28.329+0000] {logging_mixin.py:190} INFO - [2024-11-11T06:46:28.328+0000] {dag.py:3239} INFO - Sync 1 DAGs
[2024-11-11T06:46:28.373+0000] {logging_mixin.py:190} INFO - [2024-11-11T06:46:28.372+0000] {dag.py:4180} INFO - Setting next_dagrun for example_setup_teardown to None, run_after=None
[2024-11-11T06:46:28.433+0000] {processor.py:208} INFO - Processing /home/airflow/.local/lib/python3.12/site-packages/airflow/example_dags/example_setup_teardown.py took 0.263 seconds
[2024-11-11T06:46:58.916+0000] {processor.py:186} INFO - Started process (PID=1515) to work on /home/airflow/.local/lib/python3.12/site-packages/airflow/example_dags/example_setup_teardown.py
[2024-11-11T06:46:58.920+0000] {processor.py:914} INFO - Processing file /home/airflow/.local/lib/python3.12/site-packages/airflow/example_dags/example_setup_teardown.py for tasks to queue
[2024-11-11T06:46:58.924+0000] {logging_mixin.py:190} INFO - [2024-11-11T06:46:58.923+0000] {dagbag.py:588} INFO - Filling up the DagBag from /home/airflow/.local/lib/python3.12/site-packages/airflow/example_dags/example_setup_teardown.py
[2024-11-11T06:46:58.939+0000] {processor.py:925} INFO - DAG(s) 'example_setup_teardown' retrieved from /home/airflow/.local/lib/python3.12/site-packages/airflow/example_dags/example_setup_teardown.py
[2024-11-11T06:46:58.977+0000] {logging_mixin.py:190} INFO - [2024-11-11T06:46:58.977+0000] {dag.py:3239} INFO - Sync 1 DAGs
[2024-11-11T06:46:59.006+0000] {logging_mixin.py:190} INFO - [2024-11-11T06:46:59.006+0000] {dag.py:4180} INFO - Setting next_dagrun for example_setup_teardown to None, run_after=None
[2024-11-11T06:46:59.040+0000] {processor.py:208} INFO - Processing /home/airflow/.local/lib/python3.12/site-packages/airflow/example_dags/example_setup_teardown.py took 0.136 seconds
[2024-11-11T06:47:29.394+0000] {processor.py:186} INFO - Started process (PID=1804) to work on /home/airflow/.local/lib/python3.12/site-packages/airflow/example_dags/example_setup_teardown.py
[2024-11-11T06:47:29.395+0000] {processor.py:914} INFO - Processing file /home/airflow/.local/lib/python3.12/site-packages/airflow/example_dags/example_setup_teardown.py for tasks to queue
[2024-11-11T06:47:29.403+0000] {logging_mixin.py:190} INFO - [2024-11-11T06:47:29.402+0000] {dagbag.py:588} INFO - Filling up the DagBag from /home/airflow/.local/lib/python3.12/site-packages/airflow/example_dags/example_setup_teardown.py
[2024-11-11T06:47:29.422+0000] {processor.py:925} INFO - DAG(s) 'example_setup_teardown' retrieved from /home/airflow/.local/lib/python3.12/site-packages/airflow/example_dags/example_setup_teardown.py
[2024-11-11T06:47:29.466+0000] {logging_mixin.py:190} INFO - [2024-11-11T06:47:29.466+0000] {dag.py:3239} INFO - Sync 1 DAGs
[2024-11-11T06:47:29.505+0000] {logging_mixin.py:190} INFO - [2024-11-11T06:47:29.505+0000] {dag.py:4180} INFO - Setting next_dagrun for example_setup_teardown to None, run_after=None
[2024-11-11T06:47:29.542+0000] {processor.py:208} INFO - Processing /home/airflow/.local/lib/python3.12/site-packages/airflow/example_dags/example_setup_teardown.py took 0.161 seconds
[2024-11-11T06:48:02.929+0000] {processor.py:186} INFO - Started process (PID=2100) to work on /home/airflow/.local/lib/python3.12/site-packages/airflow/example_dags/example_setup_teardown.py
[2024-11-11T06:48:02.931+0000] {processor.py:914} INFO - Processing file /home/airflow/.local/lib/python3.12/site-packages/airflow/example_dags/example_setup_teardown.py for tasks to queue
[2024-11-11T06:48:02.939+0000] {logging_mixin.py:190} INFO - [2024-11-11T06:48:02.937+0000] {dagbag.py:588} INFO - Filling up the DagBag from /home/airflow/.local/lib/python3.12/site-packages/airflow/example_dags/example_setup_teardown.py
[2024-11-11T06:48:02.972+0000] {processor.py:925} INFO - DAG(s) 'example_setup_teardown' retrieved from /home/airflow/.local/lib/python3.12/site-packages/airflow/example_dags/example_setup_teardown.py
[2024-11-11T06:48:03.056+0000] {logging_mixin.py:190} INFO - [2024-11-11T06:48:03.055+0000] {dag.py:3239} INFO - Sync 1 DAGs
[2024-11-11T06:48:03.139+0000] {logging_mixin.py:190} INFO - [2024-11-11T06:48:03.138+0000] {dag.py:4180} INFO - Setting next_dagrun for example_setup_teardown to None, run_after=None
[2024-11-11T06:48:03.226+0000] {processor.py:208} INFO - Processing /home/airflow/.local/lib/python3.12/site-packages/airflow/example_dags/example_setup_teardown.py took 0.311 seconds
[2024-11-11T06:48:34.170+0000] {processor.py:186} INFO - Started process (PID=2386) to work on /home/airflow/.local/lib/python3.12/site-packages/airflow/example_dags/example_setup_teardown.py
[2024-11-11T06:48:34.213+0000] {processor.py:914} INFO - Processing file /home/airflow/.local/lib/python3.12/site-packages/airflow/example_dags/example_setup_teardown.py for tasks to queue
[2024-11-11T06:48:34.248+0000] {logging_mixin.py:190} INFO - [2024-11-11T06:48:34.247+0000] {dagbag.py:588} INFO - Filling up the DagBag from /home/airflow/.local/lib/python3.12/site-packages/airflow/example_dags/example_setup_teardown.py
[2024-11-11T06:48:34.313+0000] {processor.py:925} INFO - DAG(s) 'example_setup_teardown' retrieved from /home/airflow/.local/lib/python3.12/site-packages/airflow/example_dags/example_setup_teardown.py
[2024-11-11T06:48:34.392+0000] {logging_mixin.py:190} INFO - [2024-11-11T06:48:34.392+0000] {dag.py:3239} INFO - Sync 1 DAGs
[2024-11-11T06:48:34.425+0000] {logging_mixin.py:190} INFO - [2024-11-11T06:48:34.424+0000] {dag.py:4180} INFO - Setting next_dagrun for example_setup_teardown to None, run_after=None
[2024-11-11T06:48:34.458+0000] {processor.py:208} INFO - Processing /home/airflow/.local/lib/python3.12/site-packages/airflow/example_dags/example_setup_teardown.py took 0.324 seconds
[2024-11-11T06:49:05.818+0000] {processor.py:186} INFO - Started process (PID=2677) to work on /home/airflow/.local/lib/python3.12/site-packages/airflow/example_dags/example_setup_teardown.py
[2024-11-11T06:49:05.823+0000] {processor.py:914} INFO - Processing file /home/airflow/.local/lib/python3.12/site-packages/airflow/example_dags/example_setup_teardown.py for tasks to queue
[2024-11-11T06:49:05.828+0000] {logging_mixin.py:190} INFO - [2024-11-11T06:49:05.827+0000] {dagbag.py:588} INFO - Filling up the DagBag from /home/airflow/.local/lib/python3.12/site-packages/airflow/example_dags/example_setup_teardown.py
[2024-11-11T06:49:05.849+0000] {processor.py:925} INFO - DAG(s) 'example_setup_teardown' retrieved from /home/airflow/.local/lib/python3.12/site-packages/airflow/example_dags/example_setup_teardown.py
[2024-11-11T06:49:05.903+0000] {logging_mixin.py:190} INFO - [2024-11-11T06:49:05.903+0000] {dag.py:3239} INFO - Sync 1 DAGs
[2024-11-11T06:49:05.939+0000] {logging_mixin.py:190} INFO - [2024-11-11T06:49:05.939+0000] {dag.py:4180} INFO - Setting next_dagrun for example_setup_teardown to None, run_after=None
[2024-11-11T06:49:05.980+0000] {processor.py:208} INFO - Processing /home/airflow/.local/lib/python3.12/site-packages/airflow/example_dags/example_setup_teardown.py took 0.173 seconds
[2024-11-11T06:49:37.406+0000] {processor.py:186} INFO - Started process (PID=2968) to work on /home/airflow/.local/lib/python3.12/site-packages/airflow/example_dags/example_setup_teardown.py
[2024-11-11T06:49:37.407+0000] {processor.py:914} INFO - Processing file /home/airflow/.local/lib/python3.12/site-packages/airflow/example_dags/example_setup_teardown.py for tasks to queue
[2024-11-11T06:49:37.412+0000] {logging_mixin.py:190} INFO - [2024-11-11T06:49:37.411+0000] {dagbag.py:588} INFO - Filling up the DagBag from /home/airflow/.local/lib/python3.12/site-packages/airflow/example_dags/example_setup_teardown.py
[2024-11-11T06:49:37.429+0000] {processor.py:925} INFO - DAG(s) 'example_setup_teardown' retrieved from /home/airflow/.local/lib/python3.12/site-packages/airflow/example_dags/example_setup_teardown.py
[2024-11-11T06:49:37.469+0000] {logging_mixin.py:190} INFO - [2024-11-11T06:49:37.469+0000] {dag.py:3239} INFO - Sync 1 DAGs
[2024-11-11T06:49:37.503+0000] {logging_mixin.py:190} INFO - [2024-11-11T06:49:37.503+0000] {dag.py:4180} INFO - Setting next_dagrun for example_setup_teardown to None, run_after=None
[2024-11-11T06:49:37.542+0000] {processor.py:208} INFO - Processing /home/airflow/.local/lib/python3.12/site-packages/airflow/example_dags/example_setup_teardown.py took 0.148 seconds
[2024-11-11T06:50:08.804+0000] {processor.py:186} INFO - Started process (PID=3259) to work on /home/airflow/.local/lib/python3.12/site-packages/airflow/example_dags/example_setup_teardown.py
[2024-11-11T06:50:08.806+0000] {processor.py:914} INFO - Processing file /home/airflow/.local/lib/python3.12/site-packages/airflow/example_dags/example_setup_teardown.py for tasks to queue
[2024-11-11T06:50:08.809+0000] {logging_mixin.py:190} INFO - [2024-11-11T06:50:08.809+0000] {dagbag.py:588} INFO - Filling up the DagBag from /home/airflow/.local/lib/python3.12/site-packages/airflow/example_dags/example_setup_teardown.py
[2024-11-11T06:50:08.823+0000] {processor.py:925} INFO - DAG(s) 'example_setup_teardown' retrieved from /home/airflow/.local/lib/python3.12/site-packages/airflow/example_dags/example_setup_teardown.py
[2024-11-11T06:50:08.860+0000] {logging_mixin.py:190} INFO - [2024-11-11T06:50:08.859+0000] {dag.py:3239} INFO - Sync 1 DAGs
[2024-11-11T06:50:08.890+0000] {logging_mixin.py:190} INFO - [2024-11-11T06:50:08.890+0000] {dag.py:4180} INFO - Setting next_dagrun for example_setup_teardown to None, run_after=None
[2024-11-11T06:50:08.929+0000] {processor.py:208} INFO - Processing /home/airflow/.local/lib/python3.12/site-packages/airflow/example_dags/example_setup_teardown.py took 0.136 seconds
[2024-11-11T06:50:41.255+0000] {processor.py:186} INFO - Started process (PID=3550) to work on /home/airflow/.local/lib/python3.12/site-packages/airflow/example_dags/example_setup_teardown.py
[2024-11-11T06:50:41.261+0000] {processor.py:914} INFO - Processing file /home/airflow/.local/lib/python3.12/site-packages/airflow/example_dags/example_setup_teardown.py for tasks to queue
[2024-11-11T06:50:41.271+0000] {logging_mixin.py:190} INFO - [2024-11-11T06:50:41.270+0000] {dagbag.py:588} INFO - Filling up the DagBag from /home/airflow/.local/lib/python3.12/site-packages/airflow/example_dags/example_setup_teardown.py
[2024-11-11T06:50:41.301+0000] {processor.py:925} INFO - DAG(s) 'example_setup_teardown' retrieved from /home/airflow/.local/lib/python3.12/site-packages/airflow/example_dags/example_setup_teardown.py
[2024-11-11T06:50:41.359+0000] {logging_mixin.py:190} INFO - [2024-11-11T06:50:41.358+0000] {dag.py:3239} INFO - Sync 1 DAGs
[2024-11-11T06:50:41.406+0000] {logging_mixin.py:190} INFO - [2024-11-11T06:50:41.405+0000] {dag.py:4180} INFO - Setting next_dagrun for example_setup_teardown to None, run_after=None
[2024-11-11T06:50:41.459+0000] {processor.py:208} INFO - Processing /home/airflow/.local/lib/python3.12/site-packages/airflow/example_dags/example_setup_teardown.py took 0.220 seconds
[2024-11-11T06:51:13.075+0000] {processor.py:186} INFO - Started process (PID=3841) to work on /home/airflow/.local/lib/python3.12/site-packages/airflow/example_dags/example_setup_teardown.py
[2024-11-11T06:51:13.077+0000] {processor.py:914} INFO - Processing file /home/airflow/.local/lib/python3.12/site-packages/airflow/example_dags/example_setup_teardown.py for tasks to queue
[2024-11-11T06:51:13.082+0000] {logging_mixin.py:190} INFO - [2024-11-11T06:51:13.080+0000] {dagbag.py:588} INFO - Filling up the DagBag from /home/airflow/.local/lib/python3.12/site-packages/airflow/example_dags/example_setup_teardown.py
[2024-11-11T06:51:13.095+0000] {processor.py:925} INFO - DAG(s) 'example_setup_teardown' retrieved from /home/airflow/.local/lib/python3.12/site-packages/airflow/example_dags/example_setup_teardown.py
[2024-11-11T06:51:13.133+0000] {logging_mixin.py:190} INFO - [2024-11-11T06:51:13.133+0000] {dag.py:3239} INFO - Sync 1 DAGs
[2024-11-11T06:51:13.162+0000] {logging_mixin.py:190} INFO - [2024-11-11T06:51:13.162+0000] {dag.py:4180} INFO - Setting next_dagrun for example_setup_teardown to None, run_after=None
[2024-11-11T06:51:13.197+0000] {processor.py:208} INFO - Processing /home/airflow/.local/lib/python3.12/site-packages/airflow/example_dags/example_setup_teardown.py took 0.132 seconds
[2024-11-11T06:51:44.337+0000] {processor.py:186} INFO - Started process (PID=4132) to work on /home/airflow/.local/lib/python3.12/site-packages/airflow/example_dags/example_setup_teardown.py
[2024-11-11T06:51:44.341+0000] {processor.py:914} INFO - Processing file /home/airflow/.local/lib/python3.12/site-packages/airflow/example_dags/example_setup_teardown.py for tasks to queue
[2024-11-11T06:51:44.345+0000] {logging_mixin.py:190} INFO - [2024-11-11T06:51:44.344+0000] {dagbag.py:588} INFO - Filling up the DagBag from /home/airflow/.local/lib/python3.12/site-packages/airflow/example_dags/example_setup_teardown.py
[2024-11-11T06:51:44.360+0000] {processor.py:925} INFO - DAG(s) 'example_setup_teardown' retrieved from /home/airflow/.local/lib/python3.12/site-packages/airflow/example_dags/example_setup_teardown.py
[2024-11-11T06:51:44.398+0000] {logging_mixin.py:190} INFO - [2024-11-11T06:51:44.398+0000] {dag.py:3239} INFO - Sync 1 DAGs
[2024-11-11T06:51:44.424+0000] {logging_mixin.py:190} INFO - [2024-11-11T06:51:44.424+0000] {dag.py:4180} INFO - Setting next_dagrun for example_setup_teardown to None, run_after=None
[2024-11-11T06:51:44.461+0000] {processor.py:208} INFO - Processing /home/airflow/.local/lib/python3.12/site-packages/airflow/example_dags/example_setup_teardown.py took 0.134 seconds
[2024-11-11T06:52:16.316+0000] {processor.py:186} INFO - Started process (PID=4423) to work on /home/airflow/.local/lib/python3.12/site-packages/airflow/example_dags/example_setup_teardown.py
[2024-11-11T06:52:16.318+0000] {processor.py:914} INFO - Processing file /home/airflow/.local/lib/python3.12/site-packages/airflow/example_dags/example_setup_teardown.py for tasks to queue
[2024-11-11T06:52:16.323+0000] {logging_mixin.py:190} INFO - [2024-11-11T06:52:16.322+0000] {dagbag.py:588} INFO - Filling up the DagBag from /home/airflow/.local/lib/python3.12/site-packages/airflow/example_dags/example_setup_teardown.py
[2024-11-11T06:52:16.345+0000] {processor.py:925} INFO - DAG(s) 'example_setup_teardown' retrieved from /home/airflow/.local/lib/python3.12/site-packages/airflow/example_dags/example_setup_teardown.py
[2024-11-11T06:52:16.383+0000] {logging_mixin.py:190} INFO - [2024-11-11T06:52:16.383+0000] {dag.py:3239} INFO - Sync 1 DAGs
[2024-11-11T06:52:16.412+0000] {logging_mixin.py:190} INFO - [2024-11-11T06:52:16.411+0000] {dag.py:4180} INFO - Setting next_dagrun for example_setup_teardown to None, run_after=None
[2024-11-11T06:52:16.459+0000] {processor.py:208} INFO - Processing /home/airflow/.local/lib/python3.12/site-packages/airflow/example_dags/example_setup_teardown.py took 0.160 seconds
