[2024-11-11T06:44:37.554+0000] {processor.py:186} INFO - Started process (PID=419) to work on /home/airflow/.local/lib/python3.12/site-packages/airflow/example_dags/example_trigger_target_dag.py
[2024-11-11T06:44:37.556+0000] {processor.py:914} INFO - Processing file /home/airflow/.local/lib/python3.12/site-packages/airflow/example_dags/example_trigger_target_dag.py for tasks to queue
[2024-11-11T06:44:37.560+0000] {logging_mixin.py:190} INFO - [2024-11-11T06:44:37.559+0000] {dagbag.py:588} INFO - Filling up the DagBag from /home/airflow/.local/lib/python3.12/site-packages/airflow/example_dags/example_trigger_target_dag.py
[2024-11-11T06:44:37.576+0000] {processor.py:925} INFO - DAG(s) 'example_trigger_target_dag' retrieved from /home/airflow/.local/lib/python3.12/site-packages/airflow/example_dags/example_trigger_target_dag.py
[2024-11-11T06:44:37.850+0000] {logging_mixin.py:190} INFO - [2024-11-11T06:44:37.849+0000] {override.py:1911} INFO - Created Permission View: can delete on DAG:example_trigger_target_dag
[2024-11-11T06:44:37.870+0000] {logging_mixin.py:190} INFO - [2024-11-11T06:44:37.870+0000] {override.py:1911} INFO - Created Permission View: can edit on DAG:example_trigger_target_dag
[2024-11-11T06:44:37.885+0000] {logging_mixin.py:190} INFO - [2024-11-11T06:44:37.884+0000] {override.py:1911} INFO - Created Permission View: can read on DAG:example_trigger_target_dag
[2024-11-11T06:44:37.897+0000] {logging_mixin.py:190} INFO - [2024-11-11T06:44:37.896+0000] {override.py:1911} INFO - Created Permission View: menu access on DAG Run:example_trigger_target_dag
[2024-11-11T06:44:37.907+0000] {logging_mixin.py:190} INFO - [2024-11-11T06:44:37.907+0000] {override.py:1911} INFO - Created Permission View: can delete on DAG Run:example_trigger_target_dag
[2024-11-11T06:44:37.920+0000] {logging_mixin.py:190} INFO - [2024-11-11T06:44:37.920+0000] {override.py:1911} INFO - Created Permission View: can create on DAG Run:example_trigger_target_dag
[2024-11-11T06:44:37.934+0000] {logging_mixin.py:190} INFO - [2024-11-11T06:44:37.933+0000] {override.py:1911} INFO - Created Permission View: can read on DAG Run:example_trigger_target_dag
[2024-11-11T06:44:37.935+0000] {logging_mixin.py:190} INFO - [2024-11-11T06:44:37.934+0000] {dag.py:3239} INFO - Sync 1 DAGs
[2024-11-11T06:44:37.967+0000] {logging_mixin.py:190} INFO - [2024-11-11T06:44:37.967+0000] {dag.py:3262} INFO - Creating ORM DAG for example_trigger_target_dag
[2024-11-11T06:44:37.971+0000] {logging_mixin.py:190} INFO - [2024-11-11T06:44:37.970+0000] {dag.py:4180} INFO - Setting next_dagrun for example_trigger_target_dag to None, run_after=None
[2024-11-11T06:44:38.006+0000] {processor.py:208} INFO - Processing /home/airflow/.local/lib/python3.12/site-packages/airflow/example_dags/example_trigger_target_dag.py took 0.461 seconds
[2024-11-11T06:45:18.925+0000] {processor.py:186} INFO - Started process (PID=737) to work on /home/airflow/.local/lib/python3.12/site-packages/airflow/example_dags/example_trigger_target_dag.py
[2024-11-11T06:45:18.948+0000] {processor.py:914} INFO - Processing file /home/airflow/.local/lib/python3.12/site-packages/airflow/example_dags/example_trigger_target_dag.py for tasks to queue
[2024-11-11T06:45:18.954+0000] {logging_mixin.py:190} INFO - [2024-11-11T06:45:18.953+0000] {dagbag.py:588} INFO - Filling up the DagBag from /home/airflow/.local/lib/python3.12/site-packages/airflow/example_dags/example_trigger_target_dag.py
[2024-11-11T06:45:18.978+0000] {processor.py:925} INFO - DAG(s) 'example_trigger_target_dag' retrieved from /home/airflow/.local/lib/python3.12/site-packages/airflow/example_dags/example_trigger_target_dag.py
[2024-11-11T06:45:19.038+0000] {logging_mixin.py:190} INFO - [2024-11-11T06:45:19.038+0000] {dag.py:3239} INFO - Sync 1 DAGs
[2024-11-11T06:45:19.111+0000] {logging_mixin.py:190} INFO - [2024-11-11T06:45:19.111+0000] {dag.py:4180} INFO - Setting next_dagrun for example_trigger_target_dag to None, run_after=None
[2024-11-11T06:45:19.254+0000] {processor.py:208} INFO - Processing /home/airflow/.local/lib/python3.12/site-packages/airflow/example_dags/example_trigger_target_dag.py took 0.356 seconds
[2024-11-11T06:46:02.713+0000] {processor.py:186} INFO - Started process (PID=1026) to work on /home/airflow/.local/lib/python3.12/site-packages/airflow/example_dags/example_trigger_target_dag.py
[2024-11-11T06:46:02.716+0000] {processor.py:914} INFO - Processing file /home/airflow/.local/lib/python3.12/site-packages/airflow/example_dags/example_trigger_target_dag.py for tasks to queue
[2024-11-11T06:46:02.731+0000] {logging_mixin.py:190} INFO - [2024-11-11T06:46:02.730+0000] {dagbag.py:588} INFO - Filling up the DagBag from /home/airflow/.local/lib/python3.12/site-packages/airflow/example_dags/example_trigger_target_dag.py
[2024-11-11T06:46:02.781+0000] {processor.py:925} INFO - DAG(s) 'example_trigger_target_dag' retrieved from /home/airflow/.local/lib/python3.12/site-packages/airflow/example_dags/example_trigger_target_dag.py
[2024-11-11T06:46:02.867+0000] {logging_mixin.py:190} INFO - [2024-11-11T06:46:02.867+0000] {dag.py:3239} INFO - Sync 1 DAGs
[2024-11-11T06:46:02.950+0000] {logging_mixin.py:190} INFO - [2024-11-11T06:46:02.950+0000] {dag.py:4180} INFO - Setting next_dagrun for example_trigger_target_dag to None, run_after=None
[2024-11-11T06:46:03.027+0000] {processor.py:208} INFO - Processing /home/airflow/.local/lib/python3.12/site-packages/airflow/example_dags/example_trigger_target_dag.py took 0.346 seconds
[2024-11-11T06:46:33.236+0000] {processor.py:186} INFO - Started process (PID=1317) to work on /home/airflow/.local/lib/python3.12/site-packages/airflow/example_dags/example_trigger_target_dag.py
[2024-11-11T06:46:33.239+0000] {processor.py:914} INFO - Processing file /home/airflow/.local/lib/python3.12/site-packages/airflow/example_dags/example_trigger_target_dag.py for tasks to queue
[2024-11-11T06:46:33.252+0000] {logging_mixin.py:190} INFO - [2024-11-11T06:46:33.252+0000] {dagbag.py:588} INFO - Filling up the DagBag from /home/airflow/.local/lib/python3.12/site-packages/airflow/example_dags/example_trigger_target_dag.py
[2024-11-11T06:46:33.279+0000] {processor.py:925} INFO - DAG(s) 'example_trigger_target_dag' retrieved from /home/airflow/.local/lib/python3.12/site-packages/airflow/example_dags/example_trigger_target_dag.py
[2024-11-11T06:46:33.359+0000] {logging_mixin.py:190} INFO - [2024-11-11T06:46:33.358+0000] {dag.py:3239} INFO - Sync 1 DAGs
[2024-11-11T06:46:33.418+0000] {logging_mixin.py:190} INFO - [2024-11-11T06:46:33.417+0000] {dag.py:4180} INFO - Setting next_dagrun for example_trigger_target_dag to None, run_after=None
[2024-11-11T06:46:33.476+0000] {processor.py:208} INFO - Processing /home/airflow/.local/lib/python3.12/site-packages/airflow/example_dags/example_trigger_target_dag.py took 0.259 seconds
[2024-11-11T06:47:04.039+0000] {processor.py:186} INFO - Started process (PID=1610) to work on /home/airflow/.local/lib/python3.12/site-packages/airflow/example_dags/example_trigger_target_dag.py
[2024-11-11T06:47:04.041+0000] {processor.py:914} INFO - Processing file /home/airflow/.local/lib/python3.12/site-packages/airflow/example_dags/example_trigger_target_dag.py for tasks to queue
[2024-11-11T06:47:04.047+0000] {logging_mixin.py:190} INFO - [2024-11-11T06:47:04.046+0000] {dagbag.py:588} INFO - Filling up the DagBag from /home/airflow/.local/lib/python3.12/site-packages/airflow/example_dags/example_trigger_target_dag.py
[2024-11-11T06:47:04.065+0000] {processor.py:925} INFO - DAG(s) 'example_trigger_target_dag' retrieved from /home/airflow/.local/lib/python3.12/site-packages/airflow/example_dags/example_trigger_target_dag.py
[2024-11-11T06:47:04.105+0000] {logging_mixin.py:190} INFO - [2024-11-11T06:47:04.105+0000] {dag.py:3239} INFO - Sync 1 DAGs
[2024-11-11T06:47:04.132+0000] {logging_mixin.py:190} INFO - [2024-11-11T06:47:04.132+0000] {dag.py:4180} INFO - Setting next_dagrun for example_trigger_target_dag to None, run_after=None
[2024-11-11T06:47:04.182+0000] {processor.py:208} INFO - Processing /home/airflow/.local/lib/python3.12/site-packages/airflow/example_dags/example_trigger_target_dag.py took 0.157 seconds
[2024-11-11T06:47:34.334+0000] {processor.py:186} INFO - Started process (PID=1901) to work on /home/airflow/.local/lib/python3.12/site-packages/airflow/example_dags/example_trigger_target_dag.py
[2024-11-11T06:47:34.337+0000] {processor.py:914} INFO - Processing file /home/airflow/.local/lib/python3.12/site-packages/airflow/example_dags/example_trigger_target_dag.py for tasks to queue
[2024-11-11T06:47:34.341+0000] {logging_mixin.py:190} INFO - [2024-11-11T06:47:34.341+0000] {dagbag.py:588} INFO - Filling up the DagBag from /home/airflow/.local/lib/python3.12/site-packages/airflow/example_dags/example_trigger_target_dag.py
[2024-11-11T06:47:34.353+0000] {processor.py:925} INFO - DAG(s) 'example_trigger_target_dag' retrieved from /home/airflow/.local/lib/python3.12/site-packages/airflow/example_dags/example_trigger_target_dag.py
[2024-11-11T06:47:34.383+0000] {logging_mixin.py:190} INFO - [2024-11-11T06:47:34.383+0000] {dag.py:3239} INFO - Sync 1 DAGs
[2024-11-11T06:47:34.409+0000] {logging_mixin.py:190} INFO - [2024-11-11T06:47:34.409+0000] {dag.py:4180} INFO - Setting next_dagrun for example_trigger_target_dag to None, run_after=None
[2024-11-11T06:47:34.451+0000] {processor.py:208} INFO - Processing /home/airflow/.local/lib/python3.12/site-packages/airflow/example_dags/example_trigger_target_dag.py took 0.130 seconds
[2024-11-11T06:48:06.282+0000] {processor.py:186} INFO - Started process (PID=2190) to work on /home/airflow/.local/lib/python3.12/site-packages/airflow/example_dags/example_trigger_target_dag.py
[2024-11-11T06:48:06.284+0000] {processor.py:914} INFO - Processing file /home/airflow/.local/lib/python3.12/site-packages/airflow/example_dags/example_trigger_target_dag.py for tasks to queue
[2024-11-11T06:48:06.293+0000] {logging_mixin.py:190} INFO - [2024-11-11T06:48:06.292+0000] {dagbag.py:588} INFO - Filling up the DagBag from /home/airflow/.local/lib/python3.12/site-packages/airflow/example_dags/example_trigger_target_dag.py
[2024-11-11T06:48:06.306+0000] {processor.py:925} INFO - DAG(s) 'example_trigger_target_dag' retrieved from /home/airflow/.local/lib/python3.12/site-packages/airflow/example_dags/example_trigger_target_dag.py
[2024-11-11T06:48:06.348+0000] {logging_mixin.py:190} INFO - [2024-11-11T06:48:06.347+0000] {dag.py:3239} INFO - Sync 1 DAGs
[2024-11-11T06:48:06.380+0000] {logging_mixin.py:190} INFO - [2024-11-11T06:48:06.380+0000] {dag.py:4180} INFO - Setting next_dagrun for example_trigger_target_dag to None, run_after=None
[2024-11-11T06:48:06.424+0000] {processor.py:208} INFO - Processing /home/airflow/.local/lib/python3.12/site-packages/airflow/example_dags/example_trigger_target_dag.py took 0.153 seconds
[2024-11-11T06:48:37.006+0000] {processor.py:186} INFO - Started process (PID=2481) to work on /home/airflow/.local/lib/python3.12/site-packages/airflow/example_dags/example_trigger_target_dag.py
[2024-11-11T06:48:37.008+0000] {processor.py:914} INFO - Processing file /home/airflow/.local/lib/python3.12/site-packages/airflow/example_dags/example_trigger_target_dag.py for tasks to queue
[2024-11-11T06:48:37.013+0000] {logging_mixin.py:190} INFO - [2024-11-11T06:48:37.013+0000] {dagbag.py:588} INFO - Filling up the DagBag from /home/airflow/.local/lib/python3.12/site-packages/airflow/example_dags/example_trigger_target_dag.py
[2024-11-11T06:48:37.024+0000] {processor.py:925} INFO - DAG(s) 'example_trigger_target_dag' retrieved from /home/airflow/.local/lib/python3.12/site-packages/airflow/example_dags/example_trigger_target_dag.py
[2024-11-11T06:48:37.061+0000] {logging_mixin.py:190} INFO - [2024-11-11T06:48:37.061+0000] {dag.py:3239} INFO - Sync 1 DAGs
[2024-11-11T06:48:37.086+0000] {logging_mixin.py:190} INFO - [2024-11-11T06:48:37.086+0000] {dag.py:4180} INFO - Setting next_dagrun for example_trigger_target_dag to None, run_after=None
[2024-11-11T06:48:37.120+0000] {processor.py:208} INFO - Processing /home/airflow/.local/lib/python3.12/site-packages/airflow/example_dags/example_trigger_target_dag.py took 0.125 seconds
[2024-11-11T06:49:08.763+0000] {processor.py:186} INFO - Started process (PID=2772) to work on /home/airflow/.local/lib/python3.12/site-packages/airflow/example_dags/example_trigger_target_dag.py
[2024-11-11T06:49:08.765+0000] {processor.py:914} INFO - Processing file /home/airflow/.local/lib/python3.12/site-packages/airflow/example_dags/example_trigger_target_dag.py for tasks to queue
[2024-11-11T06:49:08.771+0000] {logging_mixin.py:190} INFO - [2024-11-11T06:49:08.771+0000] {dagbag.py:588} INFO - Filling up the DagBag from /home/airflow/.local/lib/python3.12/site-packages/airflow/example_dags/example_trigger_target_dag.py
[2024-11-11T06:49:08.788+0000] {processor.py:925} INFO - DAG(s) 'example_trigger_target_dag' retrieved from /home/airflow/.local/lib/python3.12/site-packages/airflow/example_dags/example_trigger_target_dag.py
[2024-11-11T06:49:08.823+0000] {logging_mixin.py:190} INFO - [2024-11-11T06:49:08.823+0000] {dag.py:3239} INFO - Sync 1 DAGs
[2024-11-11T06:49:08.858+0000] {logging_mixin.py:190} INFO - [2024-11-11T06:49:08.857+0000] {dag.py:4180} INFO - Setting next_dagrun for example_trigger_target_dag to None, run_after=None
[2024-11-11T06:49:08.897+0000] {processor.py:208} INFO - Processing /home/airflow/.local/lib/python3.12/site-packages/airflow/example_dags/example_trigger_target_dag.py took 0.145 seconds
[2024-11-11T06:49:40.375+0000] {processor.py:186} INFO - Started process (PID=3065) to work on /home/airflow/.local/lib/python3.12/site-packages/airflow/example_dags/example_trigger_target_dag.py
[2024-11-11T06:49:40.378+0000] {processor.py:914} INFO - Processing file /home/airflow/.local/lib/python3.12/site-packages/airflow/example_dags/example_trigger_target_dag.py for tasks to queue
[2024-11-11T06:49:40.381+0000] {logging_mixin.py:190} INFO - [2024-11-11T06:49:40.381+0000] {dagbag.py:588} INFO - Filling up the DagBag from /home/airflow/.local/lib/python3.12/site-packages/airflow/example_dags/example_trigger_target_dag.py
[2024-11-11T06:49:40.395+0000] {processor.py:925} INFO - DAG(s) 'example_trigger_target_dag' retrieved from /home/airflow/.local/lib/python3.12/site-packages/airflow/example_dags/example_trigger_target_dag.py
[2024-11-11T06:49:40.429+0000] {logging_mixin.py:190} INFO - [2024-11-11T06:49:40.428+0000] {dag.py:3239} INFO - Sync 1 DAGs
[2024-11-11T06:49:40.455+0000] {logging_mixin.py:190} INFO - [2024-11-11T06:49:40.455+0000] {dag.py:4180} INFO - Setting next_dagrun for example_trigger_target_dag to None, run_after=None
[2024-11-11T06:49:40.486+0000] {processor.py:208} INFO - Processing /home/airflow/.local/lib/python3.12/site-packages/airflow/example_dags/example_trigger_target_dag.py took 0.120 seconds
[2024-11-11T06:50:11.595+0000] {processor.py:186} INFO - Started process (PID=3356) to work on /home/airflow/.local/lib/python3.12/site-packages/airflow/example_dags/example_trigger_target_dag.py
[2024-11-11T06:50:11.597+0000] {processor.py:914} INFO - Processing file /home/airflow/.local/lib/python3.12/site-packages/airflow/example_dags/example_trigger_target_dag.py for tasks to queue
[2024-11-11T06:50:11.601+0000] {logging_mixin.py:190} INFO - [2024-11-11T06:50:11.600+0000] {dagbag.py:588} INFO - Filling up the DagBag from /home/airflow/.local/lib/python3.12/site-packages/airflow/example_dags/example_trigger_target_dag.py
[2024-11-11T06:50:11.612+0000] {processor.py:925} INFO - DAG(s) 'example_trigger_target_dag' retrieved from /home/airflow/.local/lib/python3.12/site-packages/airflow/example_dags/example_trigger_target_dag.py
[2024-11-11T06:50:11.646+0000] {logging_mixin.py:190} INFO - [2024-11-11T06:50:11.646+0000] {dag.py:3239} INFO - Sync 1 DAGs
[2024-11-11T06:50:11.671+0000] {logging_mixin.py:190} INFO - [2024-11-11T06:50:11.670+0000] {dag.py:4180} INFO - Setting next_dagrun for example_trigger_target_dag to None, run_after=None
[2024-11-11T06:50:11.702+0000] {processor.py:208} INFO - Processing /home/airflow/.local/lib/python3.12/site-packages/airflow/example_dags/example_trigger_target_dag.py took 0.117 seconds
[2024-11-11T06:50:44.357+0000] {processor.py:186} INFO - Started process (PID=3645) to work on /home/airflow/.local/lib/python3.12/site-packages/airflow/example_dags/example_trigger_target_dag.py
[2024-11-11T06:50:44.359+0000] {processor.py:914} INFO - Processing file /home/airflow/.local/lib/python3.12/site-packages/airflow/example_dags/example_trigger_target_dag.py for tasks to queue
[2024-11-11T06:50:44.364+0000] {logging_mixin.py:190} INFO - [2024-11-11T06:50:44.363+0000] {dagbag.py:588} INFO - Filling up the DagBag from /home/airflow/.local/lib/python3.12/site-packages/airflow/example_dags/example_trigger_target_dag.py
[2024-11-11T06:50:44.380+0000] {processor.py:925} INFO - DAG(s) 'example_trigger_target_dag' retrieved from /home/airflow/.local/lib/python3.12/site-packages/airflow/example_dags/example_trigger_target_dag.py
[2024-11-11T06:50:44.423+0000] {logging_mixin.py:190} INFO - [2024-11-11T06:50:44.422+0000] {dag.py:3239} INFO - Sync 1 DAGs
[2024-11-11T06:50:44.453+0000] {logging_mixin.py:190} INFO - [2024-11-11T06:50:44.453+0000] {dag.py:4180} INFO - Setting next_dagrun for example_trigger_target_dag to None, run_after=None
[2024-11-11T06:50:44.495+0000] {processor.py:208} INFO - Processing /home/airflow/.local/lib/python3.12/site-packages/airflow/example_dags/example_trigger_target_dag.py took 0.150 seconds
[2024-11-11T06:51:15.617+0000] {processor.py:186} INFO - Started process (PID=3936) to work on /home/airflow/.local/lib/python3.12/site-packages/airflow/example_dags/example_trigger_target_dag.py
[2024-11-11T06:51:15.618+0000] {processor.py:914} INFO - Processing file /home/airflow/.local/lib/python3.12/site-packages/airflow/example_dags/example_trigger_target_dag.py for tasks to queue
[2024-11-11T06:51:15.623+0000] {logging_mixin.py:190} INFO - [2024-11-11T06:51:15.622+0000] {dagbag.py:588} INFO - Filling up the DagBag from /home/airflow/.local/lib/python3.12/site-packages/airflow/example_dags/example_trigger_target_dag.py
[2024-11-11T06:51:15.638+0000] {processor.py:925} INFO - DAG(s) 'example_trigger_target_dag' retrieved from /home/airflow/.local/lib/python3.12/site-packages/airflow/example_dags/example_trigger_target_dag.py
[2024-11-11T06:51:15.671+0000] {logging_mixin.py:190} INFO - [2024-11-11T06:51:15.670+0000] {dag.py:3239} INFO - Sync 1 DAGs
[2024-11-11T06:51:15.709+0000] {logging_mixin.py:190} INFO - [2024-11-11T06:51:15.709+0000] {dag.py:4180} INFO - Setting next_dagrun for example_trigger_target_dag to None, run_after=None
[2024-11-11T06:51:15.751+0000] {processor.py:208} INFO - Processing /home/airflow/.local/lib/python3.12/site-packages/airflow/example_dags/example_trigger_target_dag.py took 0.145 seconds
[2024-11-11T06:51:46.961+0000] {processor.py:186} INFO - Started process (PID=4227) to work on /home/airflow/.local/lib/python3.12/site-packages/airflow/example_dags/example_trigger_target_dag.py
[2024-11-11T06:51:46.963+0000] {processor.py:914} INFO - Processing file /home/airflow/.local/lib/python3.12/site-packages/airflow/example_dags/example_trigger_target_dag.py for tasks to queue
[2024-11-11T06:51:46.968+0000] {logging_mixin.py:190} INFO - [2024-11-11T06:51:46.968+0000] {dagbag.py:588} INFO - Filling up the DagBag from /home/airflow/.local/lib/python3.12/site-packages/airflow/example_dags/example_trigger_target_dag.py
[2024-11-11T06:51:46.982+0000] {processor.py:925} INFO - DAG(s) 'example_trigger_target_dag' retrieved from /home/airflow/.local/lib/python3.12/site-packages/airflow/example_dags/example_trigger_target_dag.py
[2024-11-11T06:51:47.013+0000] {logging_mixin.py:190} INFO - [2024-11-11T06:51:47.013+0000] {dag.py:3239} INFO - Sync 1 DAGs
[2024-11-11T06:51:47.037+0000] {logging_mixin.py:190} INFO - [2024-11-11T06:51:47.037+0000] {dag.py:4180} INFO - Setting next_dagrun for example_trigger_target_dag to None, run_after=None
[2024-11-11T06:51:47.070+0000] {processor.py:208} INFO - Processing /home/airflow/.local/lib/python3.12/site-packages/airflow/example_dags/example_trigger_target_dag.py took 0.121 seconds
[2024-11-11T06:52:18.840+0000] {processor.py:186} INFO - Started process (PID=4518) to work on /home/airflow/.local/lib/python3.12/site-packages/airflow/example_dags/example_trigger_target_dag.py
[2024-11-11T06:52:18.844+0000] {processor.py:914} INFO - Processing file /home/airflow/.local/lib/python3.12/site-packages/airflow/example_dags/example_trigger_target_dag.py for tasks to queue
[2024-11-11T06:52:18.849+0000] {logging_mixin.py:190} INFO - [2024-11-11T06:52:18.848+0000] {dagbag.py:588} INFO - Filling up the DagBag from /home/airflow/.local/lib/python3.12/site-packages/airflow/example_dags/example_trigger_target_dag.py
[2024-11-11T06:52:18.862+0000] {processor.py:925} INFO - DAG(s) 'example_trigger_target_dag' retrieved from /home/airflow/.local/lib/python3.12/site-packages/airflow/example_dags/example_trigger_target_dag.py
[2024-11-11T06:52:18.894+0000] {logging_mixin.py:190} INFO - [2024-11-11T06:52:18.893+0000] {dag.py:3239} INFO - Sync 1 DAGs
[2024-11-11T06:52:18.922+0000] {logging_mixin.py:190} INFO - [2024-11-11T06:52:18.921+0000] {dag.py:4180} INFO - Setting next_dagrun for example_trigger_target_dag to None, run_after=None
[2024-11-11T06:52:18.958+0000] {processor.py:208} INFO - Processing /home/airflow/.local/lib/python3.12/site-packages/airflow/example_dags/example_trigger_target_dag.py took 0.130 seconds
