[2024-11-11T06:44:28.103+0000] {processor.py:186} INFO - Started process (PID=287) to work on /home/airflow/.local/lib/python3.12/site-packages/airflow/example_dags/example_sensors.py
[2024-11-11T06:44:28.105+0000] {processor.py:914} INFO - Processing file /home/airflow/.local/lib/python3.12/site-packages/airflow/example_dags/example_sensors.py for tasks to queue
[2024-11-11T06:44:28.115+0000] {logging_mixin.py:190} INFO - [2024-11-11T06:44:28.114+0000] {dagbag.py:588} INFO - Filling up the DagBag from /home/airflow/.local/lib/python3.12/site-packages/airflow/example_dags/example_sensors.py
[2024-11-11T06:44:28.154+0000] {processor.py:925} INFO - DAG(s) 'example_sensors' retrieved from /home/airflow/.local/lib/python3.12/site-packages/airflow/example_dags/example_sensors.py
[2024-11-11T06:44:28.582+0000] {logging_mixin.py:190} INFO - [2024-11-11T06:44:28.581+0000] {override.py:1911} INFO - Created Permission View: can delete on DAG:example_sensors
[2024-11-11T06:44:28.629+0000] {logging_mixin.py:190} INFO - [2024-11-11T06:44:28.629+0000] {override.py:1911} INFO - Created Permission View: can edit on DAG:example_sensors
[2024-11-11T06:44:28.658+0000] {logging_mixin.py:190} INFO - [2024-11-11T06:44:28.657+0000] {override.py:1911} INFO - Created Permission View: can read on DAG:example_sensors
[2024-11-11T06:44:28.676+0000] {logging_mixin.py:190} INFO - [2024-11-11T06:44:28.675+0000] {override.py:1911} INFO - Created Permission View: menu access on DAG Run:example_sensors
[2024-11-11T06:44:28.691+0000] {logging_mixin.py:190} INFO - [2024-11-11T06:44:28.690+0000] {override.py:1911} INFO - Created Permission View: can delete on DAG Run:example_sensors
[2024-11-11T06:44:28.709+0000] {logging_mixin.py:190} INFO - [2024-11-11T06:44:28.708+0000] {override.py:1911} INFO - Created Permission View: can create on DAG Run:example_sensors
[2024-11-11T06:44:28.730+0000] {logging_mixin.py:190} INFO - [2024-11-11T06:44:28.729+0000] {override.py:1911} INFO - Created Permission View: can read on DAG Run:example_sensors
[2024-11-11T06:44:28.734+0000] {logging_mixin.py:190} INFO - [2024-11-11T06:44:28.732+0000] {dag.py:3239} INFO - Sync 1 DAGs
[2024-11-11T06:44:28.802+0000] {logging_mixin.py:190} INFO - [2024-11-11T06:44:28.800+0000] {dag.py:3262} INFO - Creating ORM DAG for example_sensors
[2024-11-11T06:44:28.804+0000] {logging_mixin.py:190} INFO - [2024-11-11T06:44:28.803+0000] {dag.py:4180} INFO - Setting next_dagrun for example_sensors to None, run_after=None
[2024-11-11T06:44:28.846+0000] {processor.py:208} INFO - Processing /home/airflow/.local/lib/python3.12/site-packages/airflow/example_dags/example_sensors.py took 0.756 seconds
[2024-11-11T06:45:08.766+0000] {processor.py:186} INFO - Started process (PID=585) to work on /home/airflow/.local/lib/python3.12/site-packages/airflow/example_dags/example_sensors.py
[2024-11-11T06:45:08.775+0000] {processor.py:914} INFO - Processing file /home/airflow/.local/lib/python3.12/site-packages/airflow/example_dags/example_sensors.py for tasks to queue
[2024-11-11T06:45:08.784+0000] {logging_mixin.py:190} INFO - [2024-11-11T06:45:08.783+0000] {dagbag.py:588} INFO - Filling up the DagBag from /home/airflow/.local/lib/python3.12/site-packages/airflow/example_dags/example_sensors.py
[2024-11-11T06:45:08.823+0000] {processor.py:925} INFO - DAG(s) 'example_sensors' retrieved from /home/airflow/.local/lib/python3.12/site-packages/airflow/example_dags/example_sensors.py
[2024-11-11T06:45:08.917+0000] {logging_mixin.py:190} INFO - [2024-11-11T06:45:08.916+0000] {dag.py:3239} INFO - Sync 1 DAGs
[2024-11-11T06:45:08.975+0000] {logging_mixin.py:190} INFO - [2024-11-11T06:45:08.975+0000] {dag.py:4180} INFO - Setting next_dagrun for example_sensors to None, run_after=None
[2024-11-11T06:45:09.109+0000] {processor.py:208} INFO - Processing /home/airflow/.local/lib/python3.12/site-packages/airflow/example_dags/example_sensors.py took 0.377 seconds
[2024-11-11T06:45:53.820+0000] {processor.py:186} INFO - Started process (PID=901) to work on /home/airflow/.local/lib/python3.12/site-packages/airflow/example_dags/example_sensors.py
[2024-11-11T06:45:53.830+0000] {processor.py:914} INFO - Processing file /home/airflow/.local/lib/python3.12/site-packages/airflow/example_dags/example_sensors.py for tasks to queue
[2024-11-11T06:45:53.840+0000] {logging_mixin.py:190} INFO - [2024-11-11T06:45:53.839+0000] {dagbag.py:588} INFO - Filling up the DagBag from /home/airflow/.local/lib/python3.12/site-packages/airflow/example_dags/example_sensors.py
[2024-11-11T06:45:53.903+0000] {processor.py:925} INFO - DAG(s) 'example_sensors' retrieved from /home/airflow/.local/lib/python3.12/site-packages/airflow/example_dags/example_sensors.py
[2024-11-11T06:45:54.028+0000] {logging_mixin.py:190} INFO - [2024-11-11T06:45:54.028+0000] {dag.py:3239} INFO - Sync 1 DAGs
[2024-11-11T06:45:54.103+0000] {logging_mixin.py:190} INFO - [2024-11-11T06:45:54.094+0000] {dag.py:4180} INFO - Setting next_dagrun for example_sensors to None, run_after=None
[2024-11-11T06:45:54.260+0000] {processor.py:208} INFO - Processing /home/airflow/.local/lib/python3.12/site-packages/airflow/example_dags/example_sensors.py took 0.467 seconds
[2024-11-11T06:46:25.083+0000] {processor.py:186} INFO - Started process (PID=1187) to work on /home/airflow/.local/lib/python3.12/site-packages/airflow/example_dags/example_sensors.py
[2024-11-11T06:46:25.090+0000] {processor.py:914} INFO - Processing file /home/airflow/.local/lib/python3.12/site-packages/airflow/example_dags/example_sensors.py for tasks to queue
[2024-11-11T06:46:25.106+0000] {logging_mixin.py:190} INFO - [2024-11-11T06:46:25.097+0000] {dagbag.py:588} INFO - Filling up the DagBag from /home/airflow/.local/lib/python3.12/site-packages/airflow/example_dags/example_sensors.py
[2024-11-11T06:46:25.162+0000] {processor.py:925} INFO - DAG(s) 'example_sensors' retrieved from /home/airflow/.local/lib/python3.12/site-packages/airflow/example_dags/example_sensors.py
[2024-11-11T06:46:25.303+0000] {logging_mixin.py:190} INFO - [2024-11-11T06:46:25.302+0000] {dag.py:3239} INFO - Sync 1 DAGs
[2024-11-11T06:46:25.370+0000] {logging_mixin.py:190} INFO - [2024-11-11T06:46:25.370+0000] {dag.py:4180} INFO - Setting next_dagrun for example_sensors to None, run_after=None
[2024-11-11T06:46:25.435+0000] {processor.py:208} INFO - Processing /home/airflow/.local/lib/python3.12/site-packages/airflow/example_dags/example_sensors.py took 0.373 seconds
[2024-11-11T06:46:56.311+0000] {processor.py:186} INFO - Started process (PID=1478) to work on /home/airflow/.local/lib/python3.12/site-packages/airflow/example_dags/example_sensors.py
[2024-11-11T06:46:56.313+0000] {processor.py:914} INFO - Processing file /home/airflow/.local/lib/python3.12/site-packages/airflow/example_dags/example_sensors.py for tasks to queue
[2024-11-11T06:46:56.318+0000] {logging_mixin.py:190} INFO - [2024-11-11T06:46:56.317+0000] {dagbag.py:588} INFO - Filling up the DagBag from /home/airflow/.local/lib/python3.12/site-packages/airflow/example_dags/example_sensors.py
[2024-11-11T06:46:56.342+0000] {processor.py:925} INFO - DAG(s) 'example_sensors' retrieved from /home/airflow/.local/lib/python3.12/site-packages/airflow/example_dags/example_sensors.py
[2024-11-11T06:46:56.390+0000] {logging_mixin.py:190} INFO - [2024-11-11T06:46:56.390+0000] {dag.py:3239} INFO - Sync 1 DAGs
[2024-11-11T06:46:56.419+0000] {logging_mixin.py:190} INFO - [2024-11-11T06:46:56.418+0000] {dag.py:4180} INFO - Setting next_dagrun for example_sensors to None, run_after=None
[2024-11-11T06:46:56.458+0000] {processor.py:208} INFO - Processing /home/airflow/.local/lib/python3.12/site-packages/airflow/example_dags/example_sensors.py took 0.161 seconds
[2024-11-11T06:47:27.098+0000] {processor.py:186} INFO - Started process (PID=1764) to work on /home/airflow/.local/lib/python3.12/site-packages/airflow/example_dags/example_sensors.py
[2024-11-11T06:47:27.100+0000] {processor.py:914} INFO - Processing file /home/airflow/.local/lib/python3.12/site-packages/airflow/example_dags/example_sensors.py for tasks to queue
[2024-11-11T06:47:27.107+0000] {logging_mixin.py:190} INFO - [2024-11-11T06:47:27.106+0000] {dagbag.py:588} INFO - Filling up the DagBag from /home/airflow/.local/lib/python3.12/site-packages/airflow/example_dags/example_sensors.py
[2024-11-11T06:47:27.131+0000] {processor.py:925} INFO - DAG(s) 'example_sensors' retrieved from /home/airflow/.local/lib/python3.12/site-packages/airflow/example_dags/example_sensors.py
[2024-11-11T06:47:27.194+0000] {logging_mixin.py:190} INFO - [2024-11-11T06:47:27.193+0000] {dag.py:3239} INFO - Sync 1 DAGs
[2024-11-11T06:47:27.228+0000] {logging_mixin.py:190} INFO - [2024-11-11T06:47:27.228+0000] {dag.py:4180} INFO - Setting next_dagrun for example_sensors to None, run_after=None
[2024-11-11T06:47:27.273+0000] {processor.py:208} INFO - Processing /home/airflow/.local/lib/python3.12/site-packages/airflow/example_dags/example_sensors.py took 0.185 seconds
[2024-11-11T06:47:59.102+0000] {processor.py:186} INFO - Started process (PID=2050) to work on /home/airflow/.local/lib/python3.12/site-packages/airflow/example_dags/example_sensors.py
[2024-11-11T06:47:59.111+0000] {processor.py:914} INFO - Processing file /home/airflow/.local/lib/python3.12/site-packages/airflow/example_dags/example_sensors.py for tasks to queue
[2024-11-11T06:47:59.117+0000] {logging_mixin.py:190} INFO - [2024-11-11T06:47:59.117+0000] {dagbag.py:588} INFO - Filling up the DagBag from /home/airflow/.local/lib/python3.12/site-packages/airflow/example_dags/example_sensors.py
[2024-11-11T06:47:59.157+0000] {processor.py:925} INFO - DAG(s) 'example_sensors' retrieved from /home/airflow/.local/lib/python3.12/site-packages/airflow/example_dags/example_sensors.py
[2024-11-11T06:47:59.232+0000] {logging_mixin.py:190} INFO - [2024-11-11T06:47:59.231+0000] {dag.py:3239} INFO - Sync 1 DAGs
[2024-11-11T06:47:59.282+0000] {logging_mixin.py:190} INFO - [2024-11-11T06:47:59.282+0000] {dag.py:4180} INFO - Setting next_dagrun for example_sensors to None, run_after=None
[2024-11-11T06:47:59.347+0000] {processor.py:208} INFO - Processing /home/airflow/.local/lib/python3.12/site-packages/airflow/example_dags/example_sensors.py took 0.261 seconds
[2024-11-11T06:48:29.654+0000] {processor.py:186} INFO - Started process (PID=2343) to work on /home/airflow/.local/lib/python3.12/site-packages/airflow/example_dags/example_sensors.py
[2024-11-11T06:48:29.657+0000] {processor.py:914} INFO - Processing file /home/airflow/.local/lib/python3.12/site-packages/airflow/example_dags/example_sensors.py for tasks to queue
[2024-11-11T06:48:29.660+0000] {logging_mixin.py:190} INFO - [2024-11-11T06:48:29.660+0000] {dagbag.py:588} INFO - Filling up the DagBag from /home/airflow/.local/lib/python3.12/site-packages/airflow/example_dags/example_sensors.py
[2024-11-11T06:48:29.679+0000] {processor.py:925} INFO - DAG(s) 'example_sensors' retrieved from /home/airflow/.local/lib/python3.12/site-packages/airflow/example_dags/example_sensors.py
[2024-11-11T06:48:29.722+0000] {logging_mixin.py:190} INFO - [2024-11-11T06:48:29.722+0000] {dag.py:3239} INFO - Sync 1 DAGs
[2024-11-11T06:48:29.745+0000] {logging_mixin.py:190} INFO - [2024-11-11T06:48:29.745+0000] {dag.py:4180} INFO - Setting next_dagrun for example_sensors to None, run_after=None
[2024-11-11T06:48:29.783+0000] {processor.py:208} INFO - Processing /home/airflow/.local/lib/python3.12/site-packages/airflow/example_dags/example_sensors.py took 0.140 seconds
[2024-11-11T06:49:01.067+0000] {processor.py:186} INFO - Started process (PID=2632) to work on /home/airflow/.local/lib/python3.12/site-packages/airflow/example_dags/example_sensors.py
[2024-11-11T06:49:01.069+0000] {processor.py:914} INFO - Processing file /home/airflow/.local/lib/python3.12/site-packages/airflow/example_dags/example_sensors.py for tasks to queue
[2024-11-11T06:49:01.075+0000] {logging_mixin.py:190} INFO - [2024-11-11T06:49:01.075+0000] {dagbag.py:588} INFO - Filling up the DagBag from /home/airflow/.local/lib/python3.12/site-packages/airflow/example_dags/example_sensors.py
[2024-11-11T06:49:01.100+0000] {processor.py:925} INFO - DAG(s) 'example_sensors' retrieved from /home/airflow/.local/lib/python3.12/site-packages/airflow/example_dags/example_sensors.py
[2024-11-11T06:49:01.154+0000] {logging_mixin.py:190} INFO - [2024-11-11T06:49:01.154+0000] {dag.py:3239} INFO - Sync 1 DAGs
[2024-11-11T06:49:01.185+0000] {logging_mixin.py:190} INFO - [2024-11-11T06:49:01.184+0000] {dag.py:4180} INFO - Setting next_dagrun for example_sensors to None, run_after=None
[2024-11-11T06:49:01.219+0000] {processor.py:208} INFO - Processing /home/airflow/.local/lib/python3.12/site-packages/airflow/example_dags/example_sensors.py took 0.166 seconds
[2024-11-11T06:49:32.300+0000] {processor.py:186} INFO - Started process (PID=2923) to work on /home/airflow/.local/lib/python3.12/site-packages/airflow/example_dags/example_sensors.py
[2024-11-11T06:49:32.303+0000] {processor.py:914} INFO - Processing file /home/airflow/.local/lib/python3.12/site-packages/airflow/example_dags/example_sensors.py for tasks to queue
[2024-11-11T06:49:32.307+0000] {logging_mixin.py:190} INFO - [2024-11-11T06:49:32.306+0000] {dagbag.py:588} INFO - Filling up the DagBag from /home/airflow/.local/lib/python3.12/site-packages/airflow/example_dags/example_sensors.py
[2024-11-11T06:49:32.327+0000] {processor.py:925} INFO - DAG(s) 'example_sensors' retrieved from /home/airflow/.local/lib/python3.12/site-packages/airflow/example_dags/example_sensors.py
[2024-11-11T06:49:32.374+0000] {logging_mixin.py:190} INFO - [2024-11-11T06:49:32.374+0000] {dag.py:3239} INFO - Sync 1 DAGs
[2024-11-11T06:49:32.400+0000] {logging_mixin.py:190} INFO - [2024-11-11T06:49:32.399+0000] {dag.py:4180} INFO - Setting next_dagrun for example_sensors to None, run_after=None
[2024-11-11T06:49:32.435+0000] {processor.py:208} INFO - Processing /home/airflow/.local/lib/python3.12/site-packages/airflow/example_dags/example_sensors.py took 0.143 seconds
[2024-11-11T06:50:05.225+0000] {processor.py:186} INFO - Started process (PID=3214) to work on /home/airflow/.local/lib/python3.12/site-packages/airflow/example_dags/example_sensors.py
[2024-11-11T06:50:05.226+0000] {processor.py:914} INFO - Processing file /home/airflow/.local/lib/python3.12/site-packages/airflow/example_dags/example_sensors.py for tasks to queue
[2024-11-11T06:50:05.232+0000] {logging_mixin.py:190} INFO - [2024-11-11T06:50:05.231+0000] {dagbag.py:588} INFO - Filling up the DagBag from /home/airflow/.local/lib/python3.12/site-packages/airflow/example_dags/example_sensors.py
[2024-11-11T06:50:05.254+0000] {processor.py:925} INFO - DAG(s) 'example_sensors' retrieved from /home/airflow/.local/lib/python3.12/site-packages/airflow/example_dags/example_sensors.py
[2024-11-11T06:50:05.318+0000] {logging_mixin.py:190} INFO - [2024-11-11T06:50:05.318+0000] {dag.py:3239} INFO - Sync 1 DAGs
[2024-11-11T06:50:05.359+0000] {logging_mixin.py:190} INFO - [2024-11-11T06:50:05.358+0000] {dag.py:4180} INFO - Setting next_dagrun for example_sensors to None, run_after=None
[2024-11-11T06:50:05.403+0000] {processor.py:208} INFO - Processing /home/airflow/.local/lib/python3.12/site-packages/airflow/example_dags/example_sensors.py took 0.187 seconds
[2024-11-11T06:50:36.607+0000] {processor.py:186} INFO - Started process (PID=3505) to work on /home/airflow/.local/lib/python3.12/site-packages/airflow/example_dags/example_sensors.py
[2024-11-11T06:50:36.609+0000] {processor.py:914} INFO - Processing file /home/airflow/.local/lib/python3.12/site-packages/airflow/example_dags/example_sensors.py for tasks to queue
[2024-11-11T06:50:36.612+0000] {logging_mixin.py:190} INFO - [2024-11-11T06:50:36.612+0000] {dagbag.py:588} INFO - Filling up the DagBag from /home/airflow/.local/lib/python3.12/site-packages/airflow/example_dags/example_sensors.py
[2024-11-11T06:50:36.632+0000] {processor.py:925} INFO - DAG(s) 'example_sensors' retrieved from /home/airflow/.local/lib/python3.12/site-packages/airflow/example_dags/example_sensors.py
[2024-11-11T06:50:36.680+0000] {logging_mixin.py:190} INFO - [2024-11-11T06:50:36.680+0000] {dag.py:3239} INFO - Sync 1 DAGs
[2024-11-11T06:50:36.711+0000] {logging_mixin.py:190} INFO - [2024-11-11T06:50:36.711+0000] {dag.py:4180} INFO - Setting next_dagrun for example_sensors to None, run_after=None
[2024-11-11T06:50:36.744+0000] {processor.py:208} INFO - Processing /home/airflow/.local/lib/python3.12/site-packages/airflow/example_dags/example_sensors.py took 0.149 seconds
[2024-11-11T06:51:07.379+0000] {processor.py:186} INFO - Started process (PID=3796) to work on /home/airflow/.local/lib/python3.12/site-packages/airflow/example_dags/example_sensors.py
[2024-11-11T06:51:07.386+0000] {processor.py:914} INFO - Processing file /home/airflow/.local/lib/python3.12/site-packages/airflow/example_dags/example_sensors.py for tasks to queue
[2024-11-11T06:51:07.392+0000] {logging_mixin.py:190} INFO - [2024-11-11T06:51:07.392+0000] {dagbag.py:588} INFO - Filling up the DagBag from /home/airflow/.local/lib/python3.12/site-packages/airflow/example_dags/example_sensors.py
[2024-11-11T06:51:07.412+0000] {processor.py:925} INFO - DAG(s) 'example_sensors' retrieved from /home/airflow/.local/lib/python3.12/site-packages/airflow/example_dags/example_sensors.py
[2024-11-11T06:51:07.460+0000] {logging_mixin.py:190} INFO - [2024-11-11T06:51:07.459+0000] {dag.py:3239} INFO - Sync 1 DAGs
[2024-11-11T06:51:07.491+0000] {logging_mixin.py:190} INFO - [2024-11-11T06:51:07.490+0000] {dag.py:4180} INFO - Setting next_dagrun for example_sensors to None, run_after=None
[2024-11-11T06:51:07.530+0000] {processor.py:208} INFO - Processing /home/airflow/.local/lib/python3.12/site-packages/airflow/example_dags/example_sensors.py took 0.161 seconds
[2024-11-11T06:51:38.914+0000] {processor.py:186} INFO - Started process (PID=4082) to work on /home/airflow/.local/lib/python3.12/site-packages/airflow/example_dags/example_sensors.py
[2024-11-11T06:51:38.916+0000] {processor.py:914} INFO - Processing file /home/airflow/.local/lib/python3.12/site-packages/airflow/example_dags/example_sensors.py for tasks to queue
[2024-11-11T06:51:38.920+0000] {logging_mixin.py:190} INFO - [2024-11-11T06:51:38.919+0000] {dagbag.py:588} INFO - Filling up the DagBag from /home/airflow/.local/lib/python3.12/site-packages/airflow/example_dags/example_sensors.py
[2024-11-11T06:51:38.947+0000] {processor.py:925} INFO - DAG(s) 'example_sensors' retrieved from /home/airflow/.local/lib/python3.12/site-packages/airflow/example_dags/example_sensors.py
[2024-11-11T06:51:38.990+0000] {logging_mixin.py:190} INFO - [2024-11-11T06:51:38.990+0000] {dag.py:3239} INFO - Sync 1 DAGs
[2024-11-11T06:51:39.016+0000] {logging_mixin.py:190} INFO - [2024-11-11T06:51:39.016+0000] {dag.py:4180} INFO - Setting next_dagrun for example_sensors to None, run_after=None
[2024-11-11T06:51:39.054+0000] {processor.py:208} INFO - Processing /home/airflow/.local/lib/python3.12/site-packages/airflow/example_dags/example_sensors.py took 0.151 seconds
[2024-11-11T06:52:09.612+0000] {processor.py:186} INFO - Started process (PID=4373) to work on /home/airflow/.local/lib/python3.12/site-packages/airflow/example_dags/example_sensors.py
[2024-11-11T06:52:09.614+0000] {processor.py:914} INFO - Processing file /home/airflow/.local/lib/python3.12/site-packages/airflow/example_dags/example_sensors.py for tasks to queue
[2024-11-11T06:52:09.621+0000] {logging_mixin.py:190} INFO - [2024-11-11T06:52:09.620+0000] {dagbag.py:588} INFO - Filling up the DagBag from /home/airflow/.local/lib/python3.12/site-packages/airflow/example_dags/example_sensors.py
[2024-11-11T06:52:09.654+0000] {processor.py:925} INFO - DAG(s) 'example_sensors' retrieved from /home/airflow/.local/lib/python3.12/site-packages/airflow/example_dags/example_sensors.py
[2024-11-11T06:52:09.731+0000] {logging_mixin.py:190} INFO - [2024-11-11T06:52:09.730+0000] {dag.py:3239} INFO - Sync 1 DAGs
[2024-11-11T06:52:09.771+0000] {logging_mixin.py:190} INFO - [2024-11-11T06:52:09.770+0000] {dag.py:4180} INFO - Setting next_dagrun for example_sensors to None, run_after=None
[2024-11-11T06:52:09.816+0000] {processor.py:208} INFO - Processing /home/airflow/.local/lib/python3.12/site-packages/airflow/example_dags/example_sensors.py took 0.218 seconds
[2024-11-11T06:52:40.080+0000] {processor.py:186} INFO - Started process (PID=4659) to work on /home/airflow/.local/lib/python3.12/site-packages/airflow/example_dags/example_sensors.py
[2024-11-11T06:52:40.083+0000] {processor.py:914} INFO - Processing file /home/airflow/.local/lib/python3.12/site-packages/airflow/example_dags/example_sensors.py for tasks to queue
[2024-11-11T06:52:40.089+0000] {logging_mixin.py:190} INFO - [2024-11-11T06:52:40.089+0000] {dagbag.py:588} INFO - Filling up the DagBag from /home/airflow/.local/lib/python3.12/site-packages/airflow/example_dags/example_sensors.py
[2024-11-11T06:52:40.121+0000] {processor.py:925} INFO - DAG(s) 'example_sensors' retrieved from /home/airflow/.local/lib/python3.12/site-packages/airflow/example_dags/example_sensors.py
[2024-11-11T06:52:40.166+0000] {logging_mixin.py:190} INFO - [2024-11-11T06:52:40.166+0000] {dag.py:3239} INFO - Sync 1 DAGs
[2024-11-11T06:52:40.188+0000] {logging_mixin.py:190} INFO - [2024-11-11T06:52:40.188+0000] {dag.py:4180} INFO - Setting next_dagrun for example_sensors to None, run_after=None
[2024-11-11T06:52:40.211+0000] {processor.py:208} INFO - Processing /home/airflow/.local/lib/python3.12/site-packages/airflow/example_dags/example_sensors.py took 0.148 seconds
