[2024-11-11T06:44:32.805+0000] {processor.py:186} INFO - Started process (PID=349) to work on /home/airflow/.local/lib/python3.12/site-packages/airflow/example_dags/example_latest_only.py
[2024-11-11T06:44:32.814+0000] {processor.py:914} INFO - Processing file /home/airflow/.local/lib/python3.12/site-packages/airflow/example_dags/example_latest_only.py for tasks to queue
[2024-11-11T06:44:32.821+0000] {logging_mixin.py:190} INFO - [2024-11-11T06:44:32.821+0000] {dagbag.py:588} INFO - Filling up the DagBag from /home/airflow/.local/lib/python3.12/site-packages/airflow/example_dags/example_latest_only.py
[2024-11-11T06:44:32.855+0000] {processor.py:925} INFO - DAG(s) 'latest_only' retrieved from /home/airflow/.local/lib/python3.12/site-packages/airflow/example_dags/example_latest_only.py
[2024-11-11T06:44:33.149+0000] {logging_mixin.py:190} INFO - [2024-11-11T06:44:33.147+0000] {override.py:1911} INFO - Created Permission View: can delete on DAG:latest_only
[2024-11-11T06:44:33.170+0000] {logging_mixin.py:190} INFO - [2024-11-11T06:44:33.169+0000] {override.py:1911} INFO - Created Permission View: can edit on DAG:latest_only
[2024-11-11T06:44:33.183+0000] {logging_mixin.py:190} INFO - [2024-11-11T06:44:33.182+0000] {override.py:1911} INFO - Created Permission View: can read on DAG:latest_only
[2024-11-11T06:44:33.203+0000] {logging_mixin.py:190} INFO - [2024-11-11T06:44:33.203+0000] {override.py:1911} INFO - Created Permission View: menu access on DAG Run:latest_only
[2024-11-11T06:44:33.222+0000] {logging_mixin.py:190} INFO - [2024-11-11T06:44:33.222+0000] {override.py:1911} INFO - Created Permission View: can delete on DAG Run:latest_only
[2024-11-11T06:44:33.250+0000] {logging_mixin.py:190} INFO - [2024-11-11T06:44:33.250+0000] {override.py:1911} INFO - Created Permission View: can create on DAG Run:latest_only
[2024-11-11T06:44:33.275+0000] {logging_mixin.py:190} INFO - [2024-11-11T06:44:33.274+0000] {override.py:1911} INFO - Created Permission View: can read on DAG Run:latest_only
[2024-11-11T06:44:33.278+0000] {logging_mixin.py:190} INFO - [2024-11-11T06:44:33.277+0000] {dag.py:3239} INFO - Sync 1 DAGs
[2024-11-11T06:44:33.349+0000] {logging_mixin.py:190} INFO - [2024-11-11T06:44:33.349+0000] {dag.py:3262} INFO - Creating ORM DAG for latest_only
[2024-11-11T06:44:33.403+0000] {logging_mixin.py:190} INFO - [2024-11-11T06:44:33.403+0000] {dag.py:4180} INFO - Setting next_dagrun for latest_only to 2024-11-11 00:00:00+00:00, run_after=2024-11-11 04:00:00+00:00
[2024-11-11T06:44:33.470+0000] {processor.py:208} INFO - Processing /home/airflow/.local/lib/python3.12/site-packages/airflow/example_dags/example_latest_only.py took 0.699 seconds
[2024-11-11T06:45:13.532+0000] {processor.py:186} INFO - Started process (PID=665) to work on /home/airflow/.local/lib/python3.12/site-packages/airflow/example_dags/example_latest_only.py
[2024-11-11T06:45:13.549+0000] {processor.py:914} INFO - Processing file /home/airflow/.local/lib/python3.12/site-packages/airflow/example_dags/example_latest_only.py for tasks to queue
[2024-11-11T06:45:13.559+0000] {logging_mixin.py:190} INFO - [2024-11-11T06:45:13.558+0000] {dagbag.py:588} INFO - Filling up the DagBag from /home/airflow/.local/lib/python3.12/site-packages/airflow/example_dags/example_latest_only.py
[2024-11-11T06:45:13.577+0000] {processor.py:925} INFO - DAG(s) 'latest_only' retrieved from /home/airflow/.local/lib/python3.12/site-packages/airflow/example_dags/example_latest_only.py
[2024-11-11T06:45:13.633+0000] {logging_mixin.py:190} INFO - [2024-11-11T06:45:13.630+0000] {dag.py:3239} INFO - Sync 1 DAGs
[2024-11-11T06:45:13.708+0000] {logging_mixin.py:190} INFO - [2024-11-11T06:45:13.708+0000] {dag.py:4180} INFO - Setting next_dagrun for latest_only to 2024-11-11 00:00:00+00:00, run_after=2024-11-11 04:00:00+00:00
[2024-11-11T06:45:13.795+0000] {processor.py:208} INFO - Processing /home/airflow/.local/lib/python3.12/site-packages/airflow/example_dags/example_latest_only.py took 0.289 seconds
[2024-11-11T06:45:58.269+0000] {processor.py:186} INFO - Started process (PID=956) to work on /home/airflow/.local/lib/python3.12/site-packages/airflow/example_dags/example_latest_only.py
[2024-11-11T06:45:58.280+0000] {processor.py:914} INFO - Processing file /home/airflow/.local/lib/python3.12/site-packages/airflow/example_dags/example_latest_only.py for tasks to queue
[2024-11-11T06:45:58.312+0000] {logging_mixin.py:190} INFO - [2024-11-11T06:45:58.312+0000] {dagbag.py:588} INFO - Filling up the DagBag from /home/airflow/.local/lib/python3.12/site-packages/airflow/example_dags/example_latest_only.py
[2024-11-11T06:45:58.339+0000] {processor.py:925} INFO - DAG(s) 'latest_only' retrieved from /home/airflow/.local/lib/python3.12/site-packages/airflow/example_dags/example_latest_only.py
[2024-11-11T06:45:58.421+0000] {logging_mixin.py:190} INFO - [2024-11-11T06:45:58.415+0000] {dag.py:3239} INFO - Sync 1 DAGs
[2024-11-11T06:45:58.480+0000] {logging_mixin.py:190} INFO - [2024-11-11T06:45:58.480+0000] {dag.py:4180} INFO - Setting next_dagrun for latest_only to 2024-11-11 00:00:00+00:00, run_after=2024-11-11 04:00:00+00:00
[2024-11-11T06:45:58.683+0000] {processor.py:208} INFO - Processing /home/airflow/.local/lib/python3.12/site-packages/airflow/example_dags/example_latest_only.py took 0.443 seconds
[2024-11-11T06:46:29.265+0000] {processor.py:186} INFO - Started process (PID=1252) to work on /home/airflow/.local/lib/python3.12/site-packages/airflow/example_dags/example_latest_only.py
[2024-11-11T06:46:29.268+0000] {processor.py:914} INFO - Processing file /home/airflow/.local/lib/python3.12/site-packages/airflow/example_dags/example_latest_only.py for tasks to queue
[2024-11-11T06:46:29.274+0000] {logging_mixin.py:190} INFO - [2024-11-11T06:46:29.273+0000] {dagbag.py:588} INFO - Filling up the DagBag from /home/airflow/.local/lib/python3.12/site-packages/airflow/example_dags/example_latest_only.py
[2024-11-11T06:46:29.291+0000] {processor.py:925} INFO - DAG(s) 'latest_only' retrieved from /home/airflow/.local/lib/python3.12/site-packages/airflow/example_dags/example_latest_only.py
[2024-11-11T06:46:29.341+0000] {logging_mixin.py:190} INFO - [2024-11-11T06:46:29.340+0000] {dag.py:3239} INFO - Sync 1 DAGs
[2024-11-11T06:46:29.418+0000] {logging_mixin.py:190} INFO - [2024-11-11T06:46:29.417+0000] {dag.py:4180} INFO - Setting next_dagrun for latest_only to 2024-11-11 00:00:00+00:00, run_after=2024-11-11 04:00:00+00:00
[2024-11-11T06:46:29.467+0000] {processor.py:208} INFO - Processing /home/airflow/.local/lib/python3.12/site-packages/airflow/example_dags/example_latest_only.py took 0.220 seconds
[2024-11-11T06:46:59.804+0000] {processor.py:186} INFO - Started process (PID=1538) to work on /home/airflow/.local/lib/python3.12/site-packages/airflow/example_dags/example_latest_only.py
[2024-11-11T06:46:59.806+0000] {processor.py:914} INFO - Processing file /home/airflow/.local/lib/python3.12/site-packages/airflow/example_dags/example_latest_only.py for tasks to queue
[2024-11-11T06:46:59.812+0000] {logging_mixin.py:190} INFO - [2024-11-11T06:46:59.812+0000] {dagbag.py:588} INFO - Filling up the DagBag from /home/airflow/.local/lib/python3.12/site-packages/airflow/example_dags/example_latest_only.py
[2024-11-11T06:46:59.824+0000] {processor.py:925} INFO - DAG(s) 'latest_only' retrieved from /home/airflow/.local/lib/python3.12/site-packages/airflow/example_dags/example_latest_only.py
[2024-11-11T06:46:59.864+0000] {logging_mixin.py:190} INFO - [2024-11-11T06:46:59.864+0000] {dag.py:3239} INFO - Sync 1 DAGs
[2024-11-11T06:46:59.913+0000] {logging_mixin.py:190} INFO - [2024-11-11T06:46:59.912+0000] {dag.py:4180} INFO - Setting next_dagrun for latest_only to 2024-11-11 00:00:00+00:00, run_after=2024-11-11 04:00:00+00:00
[2024-11-11T06:46:59.959+0000] {processor.py:208} INFO - Processing /home/airflow/.local/lib/python3.12/site-packages/airflow/example_dags/example_latest_only.py took 0.165 seconds
[2024-11-11T06:47:30.118+0000] {processor.py:186} INFO - Started process (PID=1826) to work on /home/airflow/.local/lib/python3.12/site-packages/airflow/example_dags/example_latest_only.py
[2024-11-11T06:47:30.121+0000] {processor.py:914} INFO - Processing file /home/airflow/.local/lib/python3.12/site-packages/airflow/example_dags/example_latest_only.py for tasks to queue
[2024-11-11T06:47:30.125+0000] {logging_mixin.py:190} INFO - [2024-11-11T06:47:30.124+0000] {dagbag.py:588} INFO - Filling up the DagBag from /home/airflow/.local/lib/python3.12/site-packages/airflow/example_dags/example_latest_only.py
[2024-11-11T06:47:30.139+0000] {processor.py:925} INFO - DAG(s) 'latest_only' retrieved from /home/airflow/.local/lib/python3.12/site-packages/airflow/example_dags/example_latest_only.py
[2024-11-11T06:47:30.174+0000] {logging_mixin.py:190} INFO - [2024-11-11T06:47:30.174+0000] {dag.py:3239} INFO - Sync 1 DAGs
[2024-11-11T06:47:30.225+0000] {logging_mixin.py:190} INFO - [2024-11-11T06:47:30.225+0000] {dag.py:4180} INFO - Setting next_dagrun for latest_only to 2024-11-11 00:00:00+00:00, run_after=2024-11-11 04:00:00+00:00
[2024-11-11T06:47:30.267+0000] {processor.py:208} INFO - Processing /home/airflow/.local/lib/python3.12/site-packages/airflow/example_dags/example_latest_only.py took 0.159 seconds
[2024-11-11T06:48:04.246+0000] {processor.py:186} INFO - Started process (PID=2120) to work on /home/airflow/.local/lib/python3.12/site-packages/airflow/example_dags/example_latest_only.py
[2024-11-11T06:48:04.247+0000] {processor.py:914} INFO - Processing file /home/airflow/.local/lib/python3.12/site-packages/airflow/example_dags/example_latest_only.py for tasks to queue
[2024-11-11T06:48:04.253+0000] {logging_mixin.py:190} INFO - [2024-11-11T06:48:04.252+0000] {dagbag.py:588} INFO - Filling up the DagBag from /home/airflow/.local/lib/python3.12/site-packages/airflow/example_dags/example_latest_only.py
[2024-11-11T06:48:04.266+0000] {processor.py:925} INFO - DAG(s) 'latest_only' retrieved from /home/airflow/.local/lib/python3.12/site-packages/airflow/example_dags/example_latest_only.py
[2024-11-11T06:48:04.304+0000] {logging_mixin.py:190} INFO - [2024-11-11T06:48:04.304+0000] {dag.py:3239} INFO - Sync 1 DAGs
[2024-11-11T06:48:04.349+0000] {logging_mixin.py:190} INFO - [2024-11-11T06:48:04.349+0000] {dag.py:4180} INFO - Setting next_dagrun for latest_only to 2024-11-11 00:00:00+00:00, run_after=2024-11-11 04:00:00+00:00
[2024-11-11T06:48:04.389+0000] {processor.py:208} INFO - Processing /home/airflow/.local/lib/python3.12/site-packages/airflow/example_dags/example_latest_only.py took 0.154 seconds
[2024-11-11T06:48:34.768+0000] {processor.py:186} INFO - Started process (PID=2411) to work on /home/airflow/.local/lib/python3.12/site-packages/airflow/example_dags/example_latest_only.py
[2024-11-11T06:48:34.770+0000] {processor.py:914} INFO - Processing file /home/airflow/.local/lib/python3.12/site-packages/airflow/example_dags/example_latest_only.py for tasks to queue
[2024-11-11T06:48:34.774+0000] {logging_mixin.py:190} INFO - [2024-11-11T06:48:34.774+0000] {dagbag.py:588} INFO - Filling up the DagBag from /home/airflow/.local/lib/python3.12/site-packages/airflow/example_dags/example_latest_only.py
[2024-11-11T06:48:34.786+0000] {processor.py:925} INFO - DAG(s) 'latest_only' retrieved from /home/airflow/.local/lib/python3.12/site-packages/airflow/example_dags/example_latest_only.py
[2024-11-11T06:48:34.831+0000] {logging_mixin.py:190} INFO - [2024-11-11T06:48:34.830+0000] {dag.py:3239} INFO - Sync 1 DAGs
[2024-11-11T06:48:34.883+0000] {logging_mixin.py:190} INFO - [2024-11-11T06:48:34.883+0000] {dag.py:4180} INFO - Setting next_dagrun for latest_only to 2024-11-11 00:00:00+00:00, run_after=2024-11-11 04:00:00+00:00
[2024-11-11T06:48:34.922+0000] {processor.py:208} INFO - Processing /home/airflow/.local/lib/python3.12/site-packages/airflow/example_dags/example_latest_only.py took 0.163 seconds
[2024-11-11T06:49:06.289+0000] {processor.py:186} INFO - Started process (PID=2697) to work on /home/airflow/.local/lib/python3.12/site-packages/airflow/example_dags/example_latest_only.py
[2024-11-11T06:49:06.291+0000] {processor.py:914} INFO - Processing file /home/airflow/.local/lib/python3.12/site-packages/airflow/example_dags/example_latest_only.py for tasks to queue
[2024-11-11T06:49:06.297+0000] {logging_mixin.py:190} INFO - [2024-11-11T06:49:06.296+0000] {dagbag.py:588} INFO - Filling up the DagBag from /home/airflow/.local/lib/python3.12/site-packages/airflow/example_dags/example_latest_only.py
[2024-11-11T06:49:06.308+0000] {processor.py:925} INFO - DAG(s) 'latest_only' retrieved from /home/airflow/.local/lib/python3.12/site-packages/airflow/example_dags/example_latest_only.py
[2024-11-11T06:49:06.344+0000] {logging_mixin.py:190} INFO - [2024-11-11T06:49:06.344+0000] {dag.py:3239} INFO - Sync 1 DAGs
[2024-11-11T06:49:06.398+0000] {logging_mixin.py:190} INFO - [2024-11-11T06:49:06.398+0000] {dag.py:4180} INFO - Setting next_dagrun for latest_only to 2024-11-11 00:00:00+00:00, run_after=2024-11-11 04:00:00+00:00
[2024-11-11T06:49:06.437+0000] {processor.py:208} INFO - Processing /home/airflow/.local/lib/python3.12/site-packages/airflow/example_dags/example_latest_only.py took 0.162 seconds
[2024-11-11T06:49:37.850+0000] {processor.py:186} INFO - Started process (PID=2988) to work on /home/airflow/.local/lib/python3.12/site-packages/airflow/example_dags/example_latest_only.py
[2024-11-11T06:49:37.852+0000] {processor.py:914} INFO - Processing file /home/airflow/.local/lib/python3.12/site-packages/airflow/example_dags/example_latest_only.py for tasks to queue
[2024-11-11T06:49:37.858+0000] {logging_mixin.py:190} INFO - [2024-11-11T06:49:37.857+0000] {dagbag.py:588} INFO - Filling up the DagBag from /home/airflow/.local/lib/python3.12/site-packages/airflow/example_dags/example_latest_only.py
[2024-11-11T06:49:37.878+0000] {processor.py:925} INFO - DAG(s) 'latest_only' retrieved from /home/airflow/.local/lib/python3.12/site-packages/airflow/example_dags/example_latest_only.py
[2024-11-11T06:49:37.916+0000] {logging_mixin.py:190} INFO - [2024-11-11T06:49:37.915+0000] {dag.py:3239} INFO - Sync 1 DAGs
[2024-11-11T06:49:37.966+0000] {logging_mixin.py:190} INFO - [2024-11-11T06:49:37.966+0000] {dag.py:4180} INFO - Setting next_dagrun for latest_only to 2024-11-11 00:00:00+00:00, run_after=2024-11-11 04:00:00+00:00
[2024-11-11T06:49:38.001+0000] {processor.py:208} INFO - Processing /home/airflow/.local/lib/python3.12/site-packages/airflow/example_dags/example_latest_only.py took 0.166 seconds
[2024-11-11T06:50:09.237+0000] {processor.py:186} INFO - Started process (PID=3279) to work on /home/airflow/.local/lib/python3.12/site-packages/airflow/example_dags/example_latest_only.py
[2024-11-11T06:50:09.241+0000] {processor.py:914} INFO - Processing file /home/airflow/.local/lib/python3.12/site-packages/airflow/example_dags/example_latest_only.py for tasks to queue
[2024-11-11T06:50:09.246+0000] {logging_mixin.py:190} INFO - [2024-11-11T06:50:09.245+0000] {dagbag.py:588} INFO - Filling up the DagBag from /home/airflow/.local/lib/python3.12/site-packages/airflow/example_dags/example_latest_only.py
[2024-11-11T06:50:09.260+0000] {processor.py:925} INFO - DAG(s) 'latest_only' retrieved from /home/airflow/.local/lib/python3.12/site-packages/airflow/example_dags/example_latest_only.py
[2024-11-11T06:50:09.296+0000] {logging_mixin.py:190} INFO - [2024-11-11T06:50:09.295+0000] {dag.py:3239} INFO - Sync 1 DAGs
[2024-11-11T06:50:09.339+0000] {logging_mixin.py:190} INFO - [2024-11-11T06:50:09.339+0000] {dag.py:4180} INFO - Setting next_dagrun for latest_only to 2024-11-11 00:00:00+00:00, run_after=2024-11-11 04:00:00+00:00
[2024-11-11T06:50:09.374+0000] {processor.py:208} INFO - Processing /home/airflow/.local/lib/python3.12/site-packages/airflow/example_dags/example_latest_only.py took 0.148 seconds
[2024-11-11T06:50:41.860+0000] {processor.py:186} INFO - Started process (PID=3575) to work on /home/airflow/.local/lib/python3.12/site-packages/airflow/example_dags/example_latest_only.py
[2024-11-11T06:50:41.861+0000] {processor.py:914} INFO - Processing file /home/airflow/.local/lib/python3.12/site-packages/airflow/example_dags/example_latest_only.py for tasks to queue
[2024-11-11T06:50:41.870+0000] {logging_mixin.py:190} INFO - [2024-11-11T06:50:41.869+0000] {dagbag.py:588} INFO - Filling up the DagBag from /home/airflow/.local/lib/python3.12/site-packages/airflow/example_dags/example_latest_only.py
[2024-11-11T06:50:41.889+0000] {processor.py:925} INFO - DAG(s) 'latest_only' retrieved from /home/airflow/.local/lib/python3.12/site-packages/airflow/example_dags/example_latest_only.py
[2024-11-11T06:50:41.937+0000] {logging_mixin.py:190} INFO - [2024-11-11T06:50:41.937+0000] {dag.py:3239} INFO - Sync 1 DAGs
[2024-11-11T06:50:42.000+0000] {logging_mixin.py:190} INFO - [2024-11-11T06:50:42.000+0000] {dag.py:4180} INFO - Setting next_dagrun for latest_only to 2024-11-11 00:00:00+00:00, run_after=2024-11-11 04:00:00+00:00
[2024-11-11T06:50:42.045+0000] {processor.py:208} INFO - Processing /home/airflow/.local/lib/python3.12/site-packages/airflow/example_dags/example_latest_only.py took 0.199 seconds
[2024-11-11T06:51:13.505+0000] {processor.py:186} INFO - Started process (PID=3861) to work on /home/airflow/.local/lib/python3.12/site-packages/airflow/example_dags/example_latest_only.py
[2024-11-11T06:51:13.507+0000] {processor.py:914} INFO - Processing file /home/airflow/.local/lib/python3.12/site-packages/airflow/example_dags/example_latest_only.py for tasks to queue
[2024-11-11T06:51:13.514+0000] {logging_mixin.py:190} INFO - [2024-11-11T06:51:13.514+0000] {dagbag.py:588} INFO - Filling up the DagBag from /home/airflow/.local/lib/python3.12/site-packages/airflow/example_dags/example_latest_only.py
[2024-11-11T06:51:13.530+0000] {processor.py:925} INFO - DAG(s) 'latest_only' retrieved from /home/airflow/.local/lib/python3.12/site-packages/airflow/example_dags/example_latest_only.py
[2024-11-11T06:51:13.572+0000] {logging_mixin.py:190} INFO - [2024-11-11T06:51:13.571+0000] {dag.py:3239} INFO - Sync 1 DAGs
[2024-11-11T06:51:13.624+0000] {logging_mixin.py:190} INFO - [2024-11-11T06:51:13.624+0000] {dag.py:4180} INFO - Setting next_dagrun for latest_only to 2024-11-11 00:00:00+00:00, run_after=2024-11-11 04:00:00+00:00
[2024-11-11T06:51:13.666+0000] {processor.py:208} INFO - Processing /home/airflow/.local/lib/python3.12/site-packages/airflow/example_dags/example_latest_only.py took 0.175 seconds
[2024-11-11T06:51:44.737+0000] {processor.py:186} INFO - Started process (PID=4152) to work on /home/airflow/.local/lib/python3.12/site-packages/airflow/example_dags/example_latest_only.py
[2024-11-11T06:51:44.738+0000] {processor.py:914} INFO - Processing file /home/airflow/.local/lib/python3.12/site-packages/airflow/example_dags/example_latest_only.py for tasks to queue
[2024-11-11T06:51:44.745+0000] {logging_mixin.py:190} INFO - [2024-11-11T06:51:44.744+0000] {dagbag.py:588} INFO - Filling up the DagBag from /home/airflow/.local/lib/python3.12/site-packages/airflow/example_dags/example_latest_only.py
[2024-11-11T06:51:44.758+0000] {processor.py:925} INFO - DAG(s) 'latest_only' retrieved from /home/airflow/.local/lib/python3.12/site-packages/airflow/example_dags/example_latest_only.py
[2024-11-11T06:51:44.793+0000] {logging_mixin.py:190} INFO - [2024-11-11T06:51:44.793+0000] {dag.py:3239} INFO - Sync 1 DAGs
[2024-11-11T06:51:44.836+0000] {logging_mixin.py:190} INFO - [2024-11-11T06:51:44.836+0000] {dag.py:4180} INFO - Setting next_dagrun for latest_only to 2024-11-11 00:00:00+00:00, run_after=2024-11-11 04:00:00+00:00
[2024-11-11T06:51:44.870+0000] {processor.py:208} INFO - Processing /home/airflow/.local/lib/python3.12/site-packages/airflow/example_dags/example_latest_only.py took 0.147 seconds
[2024-11-11T06:52:17.040+0000] {processor.py:186} INFO - Started process (PID=4448) to work on /home/airflow/.local/lib/python3.12/site-packages/airflow/example_dags/example_latest_only.py
[2024-11-11T06:52:17.042+0000] {processor.py:914} INFO - Processing file /home/airflow/.local/lib/python3.12/site-packages/airflow/example_dags/example_latest_only.py for tasks to queue
[2024-11-11T06:52:17.047+0000] {logging_mixin.py:190} INFO - [2024-11-11T06:52:17.047+0000] {dagbag.py:588} INFO - Filling up the DagBag from /home/airflow/.local/lib/python3.12/site-packages/airflow/example_dags/example_latest_only.py
[2024-11-11T06:52:17.060+0000] {processor.py:925} INFO - DAG(s) 'latest_only' retrieved from /home/airflow/.local/lib/python3.12/site-packages/airflow/example_dags/example_latest_only.py
[2024-11-11T06:52:17.097+0000] {logging_mixin.py:190} INFO - [2024-11-11T06:52:17.097+0000] {dag.py:3239} INFO - Sync 1 DAGs
[2024-11-11T06:52:17.140+0000] {logging_mixin.py:190} INFO - [2024-11-11T06:52:17.139+0000] {dag.py:4180} INFO - Setting next_dagrun for latest_only to 2024-11-11 00:00:00+00:00, run_after=2024-11-11 04:00:00+00:00
[2024-11-11T06:52:17.176+0000] {processor.py:208} INFO - Processing /home/airflow/.local/lib/python3.12/site-packages/airflow/example_dags/example_latest_only.py took 0.148 seconds
