[2024-11-11T06:43:57.147+0000] {processor.py:186} INFO - Started process (PID=176) to work on /home/airflow/.local/lib/python3.12/site-packages/airflow/example_dags/example_params_ui_tutorial.py
[2024-11-11T06:43:57.155+0000] {processor.py:914} INFO - Processing file /home/airflow/.local/lib/python3.12/site-packages/airflow/example_dags/example_params_ui_tutorial.py for tasks to queue
[2024-11-11T06:43:57.169+0000] {logging_mixin.py:190} INFO - [2024-11-11T06:43:57.168+0000] {dagbag.py:588} INFO - Filling up the DagBag from /home/airflow/.local/lib/python3.12/site-packages/airflow/example_dags/example_params_ui_tutorial.py
[2024-11-11T06:43:57.313+0000] {processor.py:925} INFO - DAG(s) 'example_params_ui_tutorial' retrieved from /home/airflow/.local/lib/python3.12/site-packages/airflow/example_dags/example_params_ui_tutorial.py
[2024-11-11T06:43:58.131+0000] {logging_mixin.py:190} INFO - [2024-11-11T06:43:58.130+0000] {override.py:1911} INFO - Created Permission View: can delete on DAG:example_params_ui_tutorial
[2024-11-11T06:43:58.146+0000] {logging_mixin.py:190} INFO - [2024-11-11T06:43:58.146+0000] {override.py:1911} INFO - Created Permission View: can edit on DAG:example_params_ui_tutorial
[2024-11-11T06:43:58.157+0000] {logging_mixin.py:190} INFO - [2024-11-11T06:43:58.156+0000] {override.py:1911} INFO - Created Permission View: can read on DAG:example_params_ui_tutorial
[2024-11-11T06:43:58.168+0000] {logging_mixin.py:190} INFO - [2024-11-11T06:43:58.167+0000] {override.py:1911} INFO - Created Permission View: menu access on DAG Run:example_params_ui_tutorial
[2024-11-11T06:43:58.178+0000] {logging_mixin.py:190} INFO - [2024-11-11T06:43:58.178+0000] {override.py:1911} INFO - Created Permission View: can delete on DAG Run:example_params_ui_tutorial
[2024-11-11T06:43:58.189+0000] {logging_mixin.py:190} INFO - [2024-11-11T06:43:58.189+0000] {override.py:1911} INFO - Created Permission View: can create on DAG Run:example_params_ui_tutorial
[2024-11-11T06:43:58.201+0000] {logging_mixin.py:190} INFO - [2024-11-11T06:43:58.201+0000] {override.py:1911} INFO - Created Permission View: can read on DAG Run:example_params_ui_tutorial
[2024-11-11T06:43:58.203+0000] {logging_mixin.py:190} INFO - [2024-11-11T06:43:58.202+0000] {dag.py:3239} INFO - Sync 1 DAGs
[2024-11-11T06:43:58.246+0000] {logging_mixin.py:190} INFO - [2024-11-11T06:43:58.246+0000] {dag.py:3262} INFO - Creating ORM DAG for example_params_ui_tutorial
[2024-11-11T06:43:58.253+0000] {logging_mixin.py:190} INFO - [2024-11-11T06:43:58.253+0000] {dag.py:4180} INFO - Setting next_dagrun for example_params_ui_tutorial to None, run_after=None
[2024-11-11T06:43:58.333+0000] {processor.py:208} INFO - Processing /home/airflow/.local/lib/python3.12/site-packages/airflow/example_dags/example_params_ui_tutorial.py took 1.201 seconds
[2024-11-11T06:44:40.478+0000] {processor.py:186} INFO - Started process (PID=474) to work on /home/airflow/.local/lib/python3.12/site-packages/airflow/example_dags/example_params_ui_tutorial.py
[2024-11-11T06:44:40.483+0000] {processor.py:914} INFO - Processing file /home/airflow/.local/lib/python3.12/site-packages/airflow/example_dags/example_params_ui_tutorial.py for tasks to queue
[2024-11-11T06:44:40.488+0000] {logging_mixin.py:190} INFO - [2024-11-11T06:44:40.487+0000] {dagbag.py:588} INFO - Filling up the DagBag from /home/airflow/.local/lib/python3.12/site-packages/airflow/example_dags/example_params_ui_tutorial.py
[2024-11-11T06:44:40.505+0000] {processor.py:925} INFO - DAG(s) 'example_params_ui_tutorial' retrieved from /home/airflow/.local/lib/python3.12/site-packages/airflow/example_dags/example_params_ui_tutorial.py
[2024-11-11T06:44:40.597+0000] {logging_mixin.py:190} INFO - [2024-11-11T06:44:40.597+0000] {dag.py:3239} INFO - Sync 1 DAGs
[2024-11-11T06:44:40.626+0000] {logging_mixin.py:190} INFO - [2024-11-11T06:44:40.625+0000] {dag.py:4180} INFO - Setting next_dagrun for example_params_ui_tutorial to None, run_after=None
[2024-11-11T06:44:40.662+0000] {processor.py:208} INFO - Processing /home/airflow/.local/lib/python3.12/site-packages/airflow/example_dags/example_params_ui_tutorial.py took 0.194 seconds
[2024-11-11T06:45:12.525+0000] {processor.py:186} INFO - Started process (PID=645) to work on /home/airflow/.local/lib/python3.12/site-packages/airflow/example_dags/example_params_ui_tutorial.py
[2024-11-11T06:45:12.562+0000] {processor.py:914} INFO - Processing file /home/airflow/.local/lib/python3.12/site-packages/airflow/example_dags/example_params_ui_tutorial.py for tasks to queue
[2024-11-11T06:45:12.566+0000] {logging_mixin.py:190} INFO - [2024-11-11T06:45:12.565+0000] {dagbag.py:588} INFO - Filling up the DagBag from /home/airflow/.local/lib/python3.12/site-packages/airflow/example_dags/example_params_ui_tutorial.py
[2024-11-11T06:45:12.579+0000] {processor.py:925} INFO - DAG(s) 'example_params_ui_tutorial' retrieved from /home/airflow/.local/lib/python3.12/site-packages/airflow/example_dags/example_params_ui_tutorial.py
[2024-11-11T06:45:12.656+0000] {logging_mixin.py:190} INFO - [2024-11-11T06:45:12.656+0000] {dag.py:3239} INFO - Sync 1 DAGs
[2024-11-11T06:45:12.682+0000] {logging_mixin.py:190} INFO - [2024-11-11T06:45:12.682+0000] {dag.py:4180} INFO - Setting next_dagrun for example_params_ui_tutorial to None, run_after=None
[2024-11-11T06:45:13.023+0000] {processor.py:208} INFO - Processing /home/airflow/.local/lib/python3.12/site-packages/airflow/example_dags/example_params_ui_tutorial.py took 0.508 seconds
[2024-11-11T06:45:44.287+0000] {processor.py:186} INFO - Started process (PID=826) to work on /home/airflow/.local/lib/python3.12/site-packages/airflow/example_dags/example_params_ui_tutorial.py
[2024-11-11T06:45:44.290+0000] {processor.py:914} INFO - Processing file /home/airflow/.local/lib/python3.12/site-packages/airflow/example_dags/example_params_ui_tutorial.py for tasks to queue
[2024-11-11T06:45:44.299+0000] {logging_mixin.py:190} INFO - [2024-11-11T06:45:44.298+0000] {dagbag.py:588} INFO - Filling up the DagBag from /home/airflow/.local/lib/python3.12/site-packages/airflow/example_dags/example_params_ui_tutorial.py
[2024-11-11T06:45:44.356+0000] {processor.py:925} INFO - DAG(s) 'example_params_ui_tutorial' retrieved from /home/airflow/.local/lib/python3.12/site-packages/airflow/example_dags/example_params_ui_tutorial.py
[2024-11-11T06:45:44.666+0000] {logging_mixin.py:190} INFO - [2024-11-11T06:45:44.665+0000] {dag.py:3239} INFO - Sync 1 DAGs
[2024-11-11T06:45:44.734+0000] {logging_mixin.py:190} INFO - [2024-11-11T06:45:44.734+0000] {dag.py:4180} INFO - Setting next_dagrun for example_params_ui_tutorial to None, run_after=None
[2024-11-11T06:45:44.821+0000] {processor.py:208} INFO - Processing /home/airflow/.local/lib/python3.12/site-packages/airflow/example_dags/example_params_ui_tutorial.py took 0.570 seconds
[2024-11-11T06:46:16.711+0000] {processor.py:186} INFO - Started process (PID=1104) to work on /home/airflow/.local/lib/python3.12/site-packages/airflow/example_dags/example_params_ui_tutorial.py
[2024-11-11T06:46:16.713+0000] {processor.py:914} INFO - Processing file /home/airflow/.local/lib/python3.12/site-packages/airflow/example_dags/example_params_ui_tutorial.py for tasks to queue
[2024-11-11T06:46:16.721+0000] {logging_mixin.py:190} INFO - [2024-11-11T06:46:16.718+0000] {dagbag.py:588} INFO - Filling up the DagBag from /home/airflow/.local/lib/python3.12/site-packages/airflow/example_dags/example_params_ui_tutorial.py
[2024-11-11T06:46:16.747+0000] {processor.py:925} INFO - DAG(s) 'example_params_ui_tutorial' retrieved from /home/airflow/.local/lib/python3.12/site-packages/airflow/example_dags/example_params_ui_tutorial.py
[2024-11-11T06:46:16.974+0000] {logging_mixin.py:190} INFO - [2024-11-11T06:46:16.973+0000] {dag.py:3239} INFO - Sync 1 DAGs
[2024-11-11T06:46:18.556+0000] {logging_mixin.py:190} INFO - [2024-11-11T06:46:18.555+0000] {dag.py:4180} INFO - Setting next_dagrun for example_params_ui_tutorial to None, run_after=None
[2024-11-11T06:46:18.623+0000] {processor.py:208} INFO - Processing /home/airflow/.local/lib/python3.12/site-packages/airflow/example_dags/example_params_ui_tutorial.py took 0.409 seconds
[2024-11-11T06:46:51.065+0000] {processor.py:186} INFO - Started process (PID=1393) to work on /home/airflow/.local/lib/python3.12/site-packages/airflow/example_dags/example_params_ui_tutorial.py
[2024-11-11T06:46:51.067+0000] {processor.py:914} INFO - Processing file /home/airflow/.local/lib/python3.12/site-packages/airflow/example_dags/example_params_ui_tutorial.py for tasks to queue
[2024-11-11T06:46:51.072+0000] {logging_mixin.py:190} INFO - [2024-11-11T06:46:51.071+0000] {dagbag.py:588} INFO - Filling up the DagBag from /home/airflow/.local/lib/python3.12/site-packages/airflow/example_dags/example_params_ui_tutorial.py
[2024-11-11T06:46:51.091+0000] {processor.py:925} INFO - DAG(s) 'example_params_ui_tutorial' retrieved from /home/airflow/.local/lib/python3.12/site-packages/airflow/example_dags/example_params_ui_tutorial.py
[2024-11-11T06:46:51.174+0000] {logging_mixin.py:190} INFO - [2024-11-11T06:46:51.173+0000] {dag.py:3239} INFO - Sync 1 DAGs
[2024-11-11T06:46:51.203+0000] {logging_mixin.py:190} INFO - [2024-11-11T06:46:51.203+0000] {dag.py:4180} INFO - Setting next_dagrun for example_params_ui_tutorial to None, run_after=None
[2024-11-11T06:46:51.240+0000] {processor.py:208} INFO - Processing /home/airflow/.local/lib/python3.12/site-packages/airflow/example_dags/example_params_ui_tutorial.py took 0.187 seconds
[2024-11-11T06:47:21.898+0000] {processor.py:186} INFO - Started process (PID=1669) to work on /home/airflow/.local/lib/python3.12/site-packages/airflow/example_dags/example_params_ui_tutorial.py
[2024-11-11T06:47:21.899+0000] {processor.py:914} INFO - Processing file /home/airflow/.local/lib/python3.12/site-packages/airflow/example_dags/example_params_ui_tutorial.py for tasks to queue
[2024-11-11T06:47:21.902+0000] {logging_mixin.py:190} INFO - [2024-11-11T06:47:21.902+0000] {dagbag.py:588} INFO - Filling up the DagBag from /home/airflow/.local/lib/python3.12/site-packages/airflow/example_dags/example_params_ui_tutorial.py
[2024-11-11T06:47:21.913+0000] {processor.py:925} INFO - DAG(s) 'example_params_ui_tutorial' retrieved from /home/airflow/.local/lib/python3.12/site-packages/airflow/example_dags/example_params_ui_tutorial.py
[2024-11-11T06:47:21.966+0000] {logging_mixin.py:190} INFO - [2024-11-11T06:47:21.966+0000] {dag.py:3239} INFO - Sync 1 DAGs
[2024-11-11T06:47:21.982+0000] {logging_mixin.py:190} INFO - [2024-11-11T06:47:21.982+0000] {dag.py:4180} INFO - Setting next_dagrun for example_params_ui_tutorial to None, run_after=None
[2024-11-11T06:47:22.003+0000] {processor.py:208} INFO - Processing /home/airflow/.local/lib/python3.12/site-packages/airflow/example_dags/example_params_ui_tutorial.py took 0.113 seconds
[2024-11-11T06:47:53.867+0000] {processor.py:186} INFO - Started process (PID=1960) to work on /home/airflow/.local/lib/python3.12/site-packages/airflow/example_dags/example_params_ui_tutorial.py
[2024-11-11T06:47:53.869+0000] {processor.py:914} INFO - Processing file /home/airflow/.local/lib/python3.12/site-packages/airflow/example_dags/example_params_ui_tutorial.py for tasks to queue
[2024-11-11T06:47:53.873+0000] {logging_mixin.py:190} INFO - [2024-11-11T06:47:53.873+0000] {dagbag.py:588} INFO - Filling up the DagBag from /home/airflow/.local/lib/python3.12/site-packages/airflow/example_dags/example_params_ui_tutorial.py
[2024-11-11T06:47:53.889+0000] {processor.py:925} INFO - DAG(s) 'example_params_ui_tutorial' retrieved from /home/airflow/.local/lib/python3.12/site-packages/airflow/example_dags/example_params_ui_tutorial.py
[2024-11-11T06:47:53.972+0000] {logging_mixin.py:190} INFO - [2024-11-11T06:47:53.972+0000] {dag.py:3239} INFO - Sync 1 DAGs
[2024-11-11T06:47:54.007+0000] {logging_mixin.py:190} INFO - [2024-11-11T06:47:54.007+0000] {dag.py:4180} INFO - Setting next_dagrun for example_params_ui_tutorial to None, run_after=None
[2024-11-11T06:47:54.039+0000] {processor.py:208} INFO - Processing /home/airflow/.local/lib/python3.12/site-packages/airflow/example_dags/example_params_ui_tutorial.py took 0.183 seconds
[2024-11-11T06:48:25.207+0000] {processor.py:186} INFO - Started process (PID=2251) to work on /home/airflow/.local/lib/python3.12/site-packages/airflow/example_dags/example_params_ui_tutorial.py
[2024-11-11T06:48:25.209+0000] {processor.py:914} INFO - Processing file /home/airflow/.local/lib/python3.12/site-packages/airflow/example_dags/example_params_ui_tutorial.py for tasks to queue
[2024-11-11T06:48:25.213+0000] {logging_mixin.py:190} INFO - [2024-11-11T06:48:25.211+0000] {dagbag.py:588} INFO - Filling up the DagBag from /home/airflow/.local/lib/python3.12/site-packages/airflow/example_dags/example_params_ui_tutorial.py
[2024-11-11T06:48:25.227+0000] {processor.py:925} INFO - DAG(s) 'example_params_ui_tutorial' retrieved from /home/airflow/.local/lib/python3.12/site-packages/airflow/example_dags/example_params_ui_tutorial.py
[2024-11-11T06:48:25.349+0000] {logging_mixin.py:190} INFO - [2024-11-11T06:48:25.348+0000] {dag.py:3239} INFO - Sync 1 DAGs
[2024-11-11T06:48:25.385+0000] {logging_mixin.py:190} INFO - [2024-11-11T06:48:25.385+0000] {dag.py:4180} INFO - Setting next_dagrun for example_params_ui_tutorial to None, run_after=None
[2024-11-11T06:48:25.430+0000] {processor.py:208} INFO - Processing /home/airflow/.local/lib/python3.12/site-packages/airflow/example_dags/example_params_ui_tutorial.py took 0.232 seconds
[2024-11-11T06:48:56.719+0000] {processor.py:186} INFO - Started process (PID=2542) to work on /home/airflow/.local/lib/python3.12/site-packages/airflow/example_dags/example_params_ui_tutorial.py
[2024-11-11T06:48:56.721+0000] {processor.py:914} INFO - Processing file /home/airflow/.local/lib/python3.12/site-packages/airflow/example_dags/example_params_ui_tutorial.py for tasks to queue
[2024-11-11T06:48:56.726+0000] {logging_mixin.py:190} INFO - [2024-11-11T06:48:56.725+0000] {dagbag.py:588} INFO - Filling up the DagBag from /home/airflow/.local/lib/python3.12/site-packages/airflow/example_dags/example_params_ui_tutorial.py
[2024-11-11T06:48:56.746+0000] {processor.py:925} INFO - DAG(s) 'example_params_ui_tutorial' retrieved from /home/airflow/.local/lib/python3.12/site-packages/airflow/example_dags/example_params_ui_tutorial.py
[2024-11-11T06:48:56.826+0000] {logging_mixin.py:190} INFO - [2024-11-11T06:48:56.826+0000] {dag.py:3239} INFO - Sync 1 DAGs
[2024-11-11T06:48:56.853+0000] {logging_mixin.py:190} INFO - [2024-11-11T06:48:56.852+0000] {dag.py:4180} INFO - Setting next_dagrun for example_params_ui_tutorial to None, run_after=None
[2024-11-11T06:48:56.885+0000] {processor.py:208} INFO - Processing /home/airflow/.local/lib/python3.12/site-packages/airflow/example_dags/example_params_ui_tutorial.py took 0.179 seconds
[2024-11-11T06:49:28.433+0000] {processor.py:186} INFO - Started process (PID=2833) to work on /home/airflow/.local/lib/python3.12/site-packages/airflow/example_dags/example_params_ui_tutorial.py
[2024-11-11T06:49:28.435+0000] {processor.py:914} INFO - Processing file /home/airflow/.local/lib/python3.12/site-packages/airflow/example_dags/example_params_ui_tutorial.py for tasks to queue
[2024-11-11T06:49:28.439+0000] {logging_mixin.py:190} INFO - [2024-11-11T06:49:28.439+0000] {dagbag.py:588} INFO - Filling up the DagBag from /home/airflow/.local/lib/python3.12/site-packages/airflow/example_dags/example_params_ui_tutorial.py
[2024-11-11T06:49:28.460+0000] {processor.py:925} INFO - DAG(s) 'example_params_ui_tutorial' retrieved from /home/airflow/.local/lib/python3.12/site-packages/airflow/example_dags/example_params_ui_tutorial.py
[2024-11-11T06:49:28.554+0000] {logging_mixin.py:190} INFO - [2024-11-11T06:49:28.553+0000] {dag.py:3239} INFO - Sync 1 DAGs
[2024-11-11T06:49:28.591+0000] {logging_mixin.py:190} INFO - [2024-11-11T06:49:28.591+0000] {dag.py:4180} INFO - Setting next_dagrun for example_params_ui_tutorial to None, run_after=None
[2024-11-11T06:49:28.649+0000] {processor.py:208} INFO - Processing /home/airflow/.local/lib/python3.12/site-packages/airflow/example_dags/example_params_ui_tutorial.py took 0.228 seconds
[2024-11-11T06:50:00.179+0000] {processor.py:186} INFO - Started process (PID=3124) to work on /home/airflow/.local/lib/python3.12/site-packages/airflow/example_dags/example_params_ui_tutorial.py
[2024-11-11T06:50:00.185+0000] {processor.py:914} INFO - Processing file /home/airflow/.local/lib/python3.12/site-packages/airflow/example_dags/example_params_ui_tutorial.py for tasks to queue
[2024-11-11T06:50:00.193+0000] {logging_mixin.py:190} INFO - [2024-11-11T06:50:00.191+0000] {dagbag.py:588} INFO - Filling up the DagBag from /home/airflow/.local/lib/python3.12/site-packages/airflow/example_dags/example_params_ui_tutorial.py
[2024-11-11T06:50:00.217+0000] {processor.py:925} INFO - DAG(s) 'example_params_ui_tutorial' retrieved from /home/airflow/.local/lib/python3.12/site-packages/airflow/example_dags/example_params_ui_tutorial.py
[2024-11-11T06:50:00.348+0000] {logging_mixin.py:190} INFO - [2024-11-11T06:50:00.347+0000] {dag.py:3239} INFO - Sync 1 DAGs
[2024-11-11T06:50:00.392+0000] {logging_mixin.py:190} INFO - [2024-11-11T06:50:00.392+0000] {dag.py:4180} INFO - Setting next_dagrun for example_params_ui_tutorial to None, run_after=None
[2024-11-11T06:50:00.440+0000] {processor.py:208} INFO - Processing /home/airflow/.local/lib/python3.12/site-packages/airflow/example_dags/example_params_ui_tutorial.py took 0.279 seconds
[2024-11-11T06:50:31.422+0000] {processor.py:186} INFO - Started process (PID=3415) to work on /home/airflow/.local/lib/python3.12/site-packages/airflow/example_dags/example_params_ui_tutorial.py
[2024-11-11T06:50:31.424+0000] {processor.py:914} INFO - Processing file /home/airflow/.local/lib/python3.12/site-packages/airflow/example_dags/example_params_ui_tutorial.py for tasks to queue
[2024-11-11T06:50:31.431+0000] {logging_mixin.py:190} INFO - [2024-11-11T06:50:31.429+0000] {dagbag.py:588} INFO - Filling up the DagBag from /home/airflow/.local/lib/python3.12/site-packages/airflow/example_dags/example_params_ui_tutorial.py
[2024-11-11T06:50:31.454+0000] {processor.py:925} INFO - DAG(s) 'example_params_ui_tutorial' retrieved from /home/airflow/.local/lib/python3.12/site-packages/airflow/example_dags/example_params_ui_tutorial.py
[2024-11-11T06:50:31.590+0000] {logging_mixin.py:190} INFO - [2024-11-11T06:50:31.590+0000] {dag.py:3239} INFO - Sync 1 DAGs
[2024-11-11T06:50:31.628+0000] {logging_mixin.py:190} INFO - [2024-11-11T06:50:31.628+0000] {dag.py:4180} INFO - Setting next_dagrun for example_params_ui_tutorial to None, run_after=None
[2024-11-11T06:50:31.674+0000] {processor.py:208} INFO - Processing /home/airflow/.local/lib/python3.12/site-packages/airflow/example_dags/example_params_ui_tutorial.py took 0.266 seconds
[2024-11-11T06:51:03.128+0000] {processor.py:186} INFO - Started process (PID=3706) to work on /home/airflow/.local/lib/python3.12/site-packages/airflow/example_dags/example_params_ui_tutorial.py
[2024-11-11T06:51:03.130+0000] {processor.py:914} INFO - Processing file /home/airflow/.local/lib/python3.12/site-packages/airflow/example_dags/example_params_ui_tutorial.py for tasks to queue
[2024-11-11T06:51:03.136+0000] {logging_mixin.py:190} INFO - [2024-11-11T06:51:03.135+0000] {dagbag.py:588} INFO - Filling up the DagBag from /home/airflow/.local/lib/python3.12/site-packages/airflow/example_dags/example_params_ui_tutorial.py
[2024-11-11T06:51:03.152+0000] {processor.py:925} INFO - DAG(s) 'example_params_ui_tutorial' retrieved from /home/airflow/.local/lib/python3.12/site-packages/airflow/example_dags/example_params_ui_tutorial.py
[2024-11-11T06:51:03.225+0000] {logging_mixin.py:190} INFO - [2024-11-11T06:51:03.225+0000] {dag.py:3239} INFO - Sync 1 DAGs
[2024-11-11T06:51:03.248+0000] {logging_mixin.py:190} INFO - [2024-11-11T06:51:03.248+0000] {dag.py:4180} INFO - Setting next_dagrun for example_params_ui_tutorial to None, run_after=None
[2024-11-11T06:51:03.285+0000] {processor.py:208} INFO - Processing /home/airflow/.local/lib/python3.12/site-packages/airflow/example_dags/example_params_ui_tutorial.py took 0.168 seconds
[2024-11-11T06:51:34.388+0000] {processor.py:186} INFO - Started process (PID=3997) to work on /home/airflow/.local/lib/python3.12/site-packages/airflow/example_dags/example_params_ui_tutorial.py
[2024-11-11T06:51:34.395+0000] {processor.py:914} INFO - Processing file /home/airflow/.local/lib/python3.12/site-packages/airflow/example_dags/example_params_ui_tutorial.py for tasks to queue
[2024-11-11T06:51:34.399+0000] {logging_mixin.py:190} INFO - [2024-11-11T06:51:34.398+0000] {dagbag.py:588} INFO - Filling up the DagBag from /home/airflow/.local/lib/python3.12/site-packages/airflow/example_dags/example_params_ui_tutorial.py
[2024-11-11T06:51:34.413+0000] {processor.py:925} INFO - DAG(s) 'example_params_ui_tutorial' retrieved from /home/airflow/.local/lib/python3.12/site-packages/airflow/example_dags/example_params_ui_tutorial.py
[2024-11-11T06:51:34.495+0000] {logging_mixin.py:190} INFO - [2024-11-11T06:51:34.495+0000] {dag.py:3239} INFO - Sync 1 DAGs
[2024-11-11T06:51:34.524+0000] {logging_mixin.py:190} INFO - [2024-11-11T06:51:34.524+0000] {dag.py:4180} INFO - Setting next_dagrun for example_params_ui_tutorial to None, run_after=None
[2024-11-11T06:51:34.561+0000] {processor.py:208} INFO - Processing /home/airflow/.local/lib/python3.12/site-packages/airflow/example_dags/example_params_ui_tutorial.py took 0.181 seconds
[2024-11-11T06:52:05.852+0000] {processor.py:186} INFO - Started process (PID=4288) to work on /home/airflow/.local/lib/python3.12/site-packages/airflow/example_dags/example_params_ui_tutorial.py
[2024-11-11T06:52:05.856+0000] {processor.py:914} INFO - Processing file /home/airflow/.local/lib/python3.12/site-packages/airflow/example_dags/example_params_ui_tutorial.py for tasks to queue
[2024-11-11T06:52:05.861+0000] {logging_mixin.py:190} INFO - [2024-11-11T06:52:05.860+0000] {dagbag.py:588} INFO - Filling up the DagBag from /home/airflow/.local/lib/python3.12/site-packages/airflow/example_dags/example_params_ui_tutorial.py
[2024-11-11T06:52:05.883+0000] {processor.py:925} INFO - DAG(s) 'example_params_ui_tutorial' retrieved from /home/airflow/.local/lib/python3.12/site-packages/airflow/example_dags/example_params_ui_tutorial.py
[2024-11-11T06:52:05.981+0000] {logging_mixin.py:190} INFO - [2024-11-11T06:52:05.981+0000] {dag.py:3239} INFO - Sync 1 DAGs
[2024-11-11T06:52:06.011+0000] {logging_mixin.py:190} INFO - [2024-11-11T06:52:06.010+0000] {dag.py:4180} INFO - Setting next_dagrun for example_params_ui_tutorial to None, run_after=None
[2024-11-11T06:52:06.051+0000] {processor.py:208} INFO - Processing /home/airflow/.local/lib/python3.12/site-packages/airflow/example_dags/example_params_ui_tutorial.py took 0.210 seconds
[2024-11-11T06:52:37.511+0000] {processor.py:186} INFO - Started process (PID=4579) to work on /home/airflow/.local/lib/python3.12/site-packages/airflow/example_dags/example_params_ui_tutorial.py
[2024-11-11T06:52:37.513+0000] {processor.py:914} INFO - Processing file /home/airflow/.local/lib/python3.12/site-packages/airflow/example_dags/example_params_ui_tutorial.py for tasks to queue
[2024-11-11T06:52:37.515+0000] {logging_mixin.py:190} INFO - [2024-11-11T06:52:37.515+0000] {dagbag.py:588} INFO - Filling up the DagBag from /home/airflow/.local/lib/python3.12/site-packages/airflow/example_dags/example_params_ui_tutorial.py
[2024-11-11T06:52:37.526+0000] {processor.py:925} INFO - DAG(s) 'example_params_ui_tutorial' retrieved from /home/airflow/.local/lib/python3.12/site-packages/airflow/example_dags/example_params_ui_tutorial.py
[2024-11-11T06:52:37.593+0000] {logging_mixin.py:190} INFO - [2024-11-11T06:52:37.592+0000] {dag.py:3239} INFO - Sync 1 DAGs
[2024-11-11T06:52:37.613+0000] {logging_mixin.py:190} INFO - [2024-11-11T06:52:37.613+0000] {dag.py:4180} INFO - Setting next_dagrun for example_params_ui_tutorial to None, run_after=None
[2024-11-11T06:52:37.641+0000] {processor.py:208} INFO - Processing /home/airflow/.local/lib/python3.12/site-packages/airflow/example_dags/example_params_ui_tutorial.py took 0.137 seconds
