[2024-11-11T06:44:32.031+0000] {processor.py:186} INFO - Started process (PID=344) to work on /home/airflow/.local/lib/python3.12/site-packages/airflow/example_dags/tutorial_taskflow_api.py
[2024-11-11T06:44:32.034+0000] {processor.py:914} INFO - Processing file /home/airflow/.local/lib/python3.12/site-packages/airflow/example_dags/tutorial_taskflow_api.py for tasks to queue
[2024-11-11T06:44:32.040+0000] {logging_mixin.py:190} INFO - [2024-11-11T06:44:32.039+0000] {dagbag.py:588} INFO - Filling up the DagBag from /home/airflow/.local/lib/python3.12/site-packages/airflow/example_dags/tutorial_taskflow_api.py
[2024-11-11T06:44:32.070+0000] {processor.py:925} INFO - DAG(s) 'tutorial_taskflow_api' retrieved from /home/airflow/.local/lib/python3.12/site-packages/airflow/example_dags/tutorial_taskflow_api.py
[2024-11-11T06:44:32.472+0000] {logging_mixin.py:190} INFO - [2024-11-11T06:44:32.471+0000] {override.py:1911} INFO - Created Permission View: can delete on DAG:tutorial_taskflow_api
[2024-11-11T06:44:32.502+0000] {logging_mixin.py:190} INFO - [2024-11-11T06:44:32.501+0000] {override.py:1911} INFO - Created Permission View: can edit on DAG:tutorial_taskflow_api
[2024-11-11T06:44:32.538+0000] {logging_mixin.py:190} INFO - [2024-11-11T06:44:32.537+0000] {override.py:1911} INFO - Created Permission View: can read on DAG:tutorial_taskflow_api
[2024-11-11T06:44:32.585+0000] {logging_mixin.py:190} INFO - [2024-11-11T06:44:32.584+0000] {override.py:1911} INFO - Created Permission View: menu access on DAG Run:tutorial_taskflow_api
[2024-11-11T06:44:32.608+0000] {logging_mixin.py:190} INFO - [2024-11-11T06:44:32.607+0000] {override.py:1911} INFO - Created Permission View: can delete on DAG Run:tutorial_taskflow_api
[2024-11-11T06:44:32.622+0000] {logging_mixin.py:190} INFO - [2024-11-11T06:44:32.621+0000] {override.py:1911} INFO - Created Permission View: can create on DAG Run:tutorial_taskflow_api
[2024-11-11T06:44:32.641+0000] {logging_mixin.py:190} INFO - [2024-11-11T06:44:32.640+0000] {override.py:1911} INFO - Created Permission View: can read on DAG Run:tutorial_taskflow_api
[2024-11-11T06:44:32.642+0000] {logging_mixin.py:190} INFO - [2024-11-11T06:44:32.642+0000] {dag.py:3239} INFO - Sync 1 DAGs
[2024-11-11T06:44:32.687+0000] {logging_mixin.py:190} INFO - [2024-11-11T06:44:32.686+0000] {dag.py:3262} INFO - Creating ORM DAG for tutorial_taskflow_api
[2024-11-11T06:44:32.691+0000] {logging_mixin.py:190} INFO - [2024-11-11T06:44:32.690+0000] {dag.py:4180} INFO - Setting next_dagrun for tutorial_taskflow_api to None, run_after=None
[2024-11-11T06:44:32.745+0000] {processor.py:208} INFO - Processing /home/airflow/.local/lib/python3.12/site-packages/airflow/example_dags/tutorial_taskflow_api.py took 0.732 seconds
[2024-11-11T06:45:12.276+0000] {processor.py:186} INFO - Started process (PID=635) to work on /home/airflow/.local/lib/python3.12/site-packages/airflow/example_dags/tutorial_taskflow_api.py
[2024-11-11T06:45:12.292+0000] {processor.py:914} INFO - Processing file /home/airflow/.local/lib/python3.12/site-packages/airflow/example_dags/tutorial_taskflow_api.py for tasks to queue
[2024-11-11T06:45:12.297+0000] {logging_mixin.py:190} INFO - [2024-11-11T06:45:12.295+0000] {dagbag.py:588} INFO - Filling up the DagBag from /home/airflow/.local/lib/python3.12/site-packages/airflow/example_dags/tutorial_taskflow_api.py
[2024-11-11T06:45:12.314+0000] {processor.py:925} INFO - DAG(s) 'tutorial_taskflow_api' retrieved from /home/airflow/.local/lib/python3.12/site-packages/airflow/example_dags/tutorial_taskflow_api.py
[2024-11-11T06:45:12.345+0000] {logging_mixin.py:190} INFO - [2024-11-11T06:45:12.344+0000] {dag.py:3239} INFO - Sync 1 DAGs
[2024-11-11T06:45:12.365+0000] {logging_mixin.py:190} INFO - [2024-11-11T06:45:12.365+0000] {dag.py:4180} INFO - Setting next_dagrun for tutorial_taskflow_api to None, run_after=None
[2024-11-11T06:45:12.463+0000] {processor.py:208} INFO - Processing /home/airflow/.local/lib/python3.12/site-packages/airflow/example_dags/tutorial_taskflow_api.py took 0.196 seconds
[2024-11-11T06:45:57.867+0000] {processor.py:186} INFO - Started process (PID=951) to work on /home/airflow/.local/lib/python3.12/site-packages/airflow/example_dags/tutorial_taskflow_api.py
[2024-11-11T06:45:57.870+0000] {processor.py:914} INFO - Processing file /home/airflow/.local/lib/python3.12/site-packages/airflow/example_dags/tutorial_taskflow_api.py for tasks to queue
[2024-11-11T06:45:57.877+0000] {logging_mixin.py:190} INFO - [2024-11-11T06:45:57.875+0000] {dagbag.py:588} INFO - Filling up the DagBag from /home/airflow/.local/lib/python3.12/site-packages/airflow/example_dags/tutorial_taskflow_api.py
[2024-11-11T06:45:57.926+0000] {processor.py:925} INFO - DAG(s) 'tutorial_taskflow_api' retrieved from /home/airflow/.local/lib/python3.12/site-packages/airflow/example_dags/tutorial_taskflow_api.py
[2024-11-11T06:45:58.017+0000] {logging_mixin.py:190} INFO - [2024-11-11T06:45:58.016+0000] {dag.py:3239} INFO - Sync 1 DAGs
[2024-11-11T06:45:58.150+0000] {logging_mixin.py:190} INFO - [2024-11-11T06:45:58.139+0000] {dag.py:4180} INFO - Setting next_dagrun for tutorial_taskflow_api to None, run_after=None
[2024-11-11T06:45:58.249+0000] {processor.py:208} INFO - Processing /home/airflow/.local/lib/python3.12/site-packages/airflow/example_dags/tutorial_taskflow_api.py took 0.414 seconds
[2024-11-11T06:46:28.886+0000] {processor.py:186} INFO - Started process (PID=1242) to work on /home/airflow/.local/lib/python3.12/site-packages/airflow/example_dags/tutorial_taskflow_api.py
[2024-11-11T06:46:28.890+0000] {processor.py:914} INFO - Processing file /home/airflow/.local/lib/python3.12/site-packages/airflow/example_dags/tutorial_taskflow_api.py for tasks to queue
[2024-11-11T06:46:28.898+0000] {logging_mixin.py:190} INFO - [2024-11-11T06:46:28.897+0000] {dagbag.py:588} INFO - Filling up the DagBag from /home/airflow/.local/lib/python3.12/site-packages/airflow/example_dags/tutorial_taskflow_api.py
[2024-11-11T06:46:28.919+0000] {processor.py:925} INFO - DAG(s) 'tutorial_taskflow_api' retrieved from /home/airflow/.local/lib/python3.12/site-packages/airflow/example_dags/tutorial_taskflow_api.py
[2024-11-11T06:46:28.997+0000] {logging_mixin.py:190} INFO - [2024-11-11T06:46:28.996+0000] {dag.py:3239} INFO - Sync 1 DAGs
[2024-11-11T06:46:29.054+0000] {logging_mixin.py:190} INFO - [2024-11-11T06:46:29.053+0000] {dag.py:4180} INFO - Setting next_dagrun for tutorial_taskflow_api to None, run_after=None
[2024-11-11T06:46:29.133+0000] {processor.py:208} INFO - Processing /home/airflow/.local/lib/python3.12/site-packages/airflow/example_dags/tutorial_taskflow_api.py took 0.260 seconds
[2024-11-11T06:46:59.583+0000] {processor.py:186} INFO - Started process (PID=1533) to work on /home/airflow/.local/lib/python3.12/site-packages/airflow/example_dags/tutorial_taskflow_api.py
[2024-11-11T06:46:59.587+0000] {processor.py:914} INFO - Processing file /home/airflow/.local/lib/python3.12/site-packages/airflow/example_dags/tutorial_taskflow_api.py for tasks to queue
[2024-11-11T06:46:59.593+0000] {logging_mixin.py:190} INFO - [2024-11-11T06:46:59.592+0000] {dagbag.py:588} INFO - Filling up the DagBag from /home/airflow/.local/lib/python3.12/site-packages/airflow/example_dags/tutorial_taskflow_api.py
[2024-11-11T06:46:59.611+0000] {processor.py:925} INFO - DAG(s) 'tutorial_taskflow_api' retrieved from /home/airflow/.local/lib/python3.12/site-packages/airflow/example_dags/tutorial_taskflow_api.py
[2024-11-11T06:46:59.650+0000] {logging_mixin.py:190} INFO - [2024-11-11T06:46:59.649+0000] {dag.py:3239} INFO - Sync 1 DAGs
[2024-11-11T06:46:59.695+0000] {logging_mixin.py:190} INFO - [2024-11-11T06:46:59.695+0000] {dag.py:4180} INFO - Setting next_dagrun for tutorial_taskflow_api to None, run_after=None
[2024-11-11T06:46:59.733+0000] {processor.py:208} INFO - Processing /home/airflow/.local/lib/python3.12/site-packages/airflow/example_dags/tutorial_taskflow_api.py took 0.162 seconds
[2024-11-11T06:47:29.903+0000] {processor.py:186} INFO - Started process (PID=1821) to work on /home/airflow/.local/lib/python3.12/site-packages/airflow/example_dags/tutorial_taskflow_api.py
[2024-11-11T06:47:29.907+0000] {processor.py:914} INFO - Processing file /home/airflow/.local/lib/python3.12/site-packages/airflow/example_dags/tutorial_taskflow_api.py for tasks to queue
[2024-11-11T06:47:29.911+0000] {logging_mixin.py:190} INFO - [2024-11-11T06:47:29.911+0000] {dagbag.py:588} INFO - Filling up the DagBag from /home/airflow/.local/lib/python3.12/site-packages/airflow/example_dags/tutorial_taskflow_api.py
[2024-11-11T06:47:29.926+0000] {processor.py:925} INFO - DAG(s) 'tutorial_taskflow_api' retrieved from /home/airflow/.local/lib/python3.12/site-packages/airflow/example_dags/tutorial_taskflow_api.py
[2024-11-11T06:47:29.964+0000] {logging_mixin.py:190} INFO - [2024-11-11T06:47:29.963+0000] {dag.py:3239} INFO - Sync 1 DAGs
[2024-11-11T06:47:29.989+0000] {logging_mixin.py:190} INFO - [2024-11-11T06:47:29.988+0000] {dag.py:4180} INFO - Setting next_dagrun for tutorial_taskflow_api to None, run_after=None
[2024-11-11T06:47:30.021+0000] {processor.py:208} INFO - Processing /home/airflow/.local/lib/python3.12/site-packages/airflow/example_dags/tutorial_taskflow_api.py took 0.131 seconds
[2024-11-11T06:48:04.000+0000] {processor.py:186} INFO - Started process (PID=2115) to work on /home/airflow/.local/lib/python3.12/site-packages/airflow/example_dags/tutorial_taskflow_api.py
[2024-11-11T06:48:04.011+0000] {processor.py:914} INFO - Processing file /home/airflow/.local/lib/python3.12/site-packages/airflow/example_dags/tutorial_taskflow_api.py for tasks to queue
[2024-11-11T06:48:04.018+0000] {logging_mixin.py:190} INFO - [2024-11-11T06:48:04.017+0000] {dagbag.py:588} INFO - Filling up the DagBag from /home/airflow/.local/lib/python3.12/site-packages/airflow/example_dags/tutorial_taskflow_api.py
[2024-11-11T06:48:04.041+0000] {processor.py:925} INFO - DAG(s) 'tutorial_taskflow_api' retrieved from /home/airflow/.local/lib/python3.12/site-packages/airflow/example_dags/tutorial_taskflow_api.py
[2024-11-11T06:48:04.087+0000] {logging_mixin.py:190} INFO - [2024-11-11T06:48:04.087+0000] {dag.py:3239} INFO - Sync 1 DAGs
[2024-11-11T06:48:04.125+0000] {logging_mixin.py:190} INFO - [2024-11-11T06:48:04.124+0000] {dag.py:4180} INFO - Setting next_dagrun for tutorial_taskflow_api to None, run_after=None
[2024-11-11T06:48:04.175+0000] {processor.py:208} INFO - Processing /home/airflow/.local/lib/python3.12/site-packages/airflow/example_dags/tutorial_taskflow_api.py took 0.190 seconds
[2024-11-11T06:48:34.595+0000] {processor.py:186} INFO - Started process (PID=2401) to work on /home/airflow/.local/lib/python3.12/site-packages/airflow/example_dags/tutorial_taskflow_api.py
[2024-11-11T06:48:34.596+0000] {processor.py:914} INFO - Processing file /home/airflow/.local/lib/python3.12/site-packages/airflow/example_dags/tutorial_taskflow_api.py for tasks to queue
[2024-11-11T06:48:34.601+0000] {logging_mixin.py:190} INFO - [2024-11-11T06:48:34.601+0000] {dagbag.py:588} INFO - Filling up the DagBag from /home/airflow/.local/lib/python3.12/site-packages/airflow/example_dags/tutorial_taskflow_api.py
[2024-11-11T06:48:34.612+0000] {processor.py:925} INFO - DAG(s) 'tutorial_taskflow_api' retrieved from /home/airflow/.local/lib/python3.12/site-packages/airflow/example_dags/tutorial_taskflow_api.py
[2024-11-11T06:48:34.638+0000] {logging_mixin.py:190} INFO - [2024-11-11T06:48:34.638+0000] {dag.py:3239} INFO - Sync 1 DAGs
[2024-11-11T06:48:34.661+0000] {logging_mixin.py:190} INFO - [2024-11-11T06:48:34.661+0000] {dag.py:4180} INFO - Setting next_dagrun for tutorial_taskflow_api to None, run_after=None
[2024-11-11T06:48:34.706+0000] {processor.py:208} INFO - Processing /home/airflow/.local/lib/python3.12/site-packages/airflow/example_dags/tutorial_taskflow_api.py took 0.120 seconds
[2024-11-11T06:49:06.147+0000] {processor.py:186} INFO - Started process (PID=2692) to work on /home/airflow/.local/lib/python3.12/site-packages/airflow/example_dags/tutorial_taskflow_api.py
[2024-11-11T06:49:06.149+0000] {processor.py:914} INFO - Processing file /home/airflow/.local/lib/python3.12/site-packages/airflow/example_dags/tutorial_taskflow_api.py for tasks to queue
[2024-11-11T06:49:06.154+0000] {logging_mixin.py:190} INFO - [2024-11-11T06:49:06.153+0000] {dagbag.py:588} INFO - Filling up the DagBag from /home/airflow/.local/lib/python3.12/site-packages/airflow/example_dags/tutorial_taskflow_api.py
[2024-11-11T06:49:06.173+0000] {processor.py:925} INFO - DAG(s) 'tutorial_taskflow_api' retrieved from /home/airflow/.local/lib/python3.12/site-packages/airflow/example_dags/tutorial_taskflow_api.py
[2024-11-11T06:49:06.207+0000] {logging_mixin.py:190} INFO - [2024-11-11T06:49:06.207+0000] {dag.py:3239} INFO - Sync 1 DAGs
[2024-11-11T06:49:06.238+0000] {logging_mixin.py:190} INFO - [2024-11-11T06:49:06.237+0000] {dag.py:4180} INFO - Setting next_dagrun for tutorial_taskflow_api to None, run_after=None
[2024-11-11T06:49:06.281+0000] {processor.py:208} INFO - Processing /home/airflow/.local/lib/python3.12/site-packages/airflow/example_dags/tutorial_taskflow_api.py took 0.142 seconds
[2024-11-11T06:49:37.728+0000] {processor.py:186} INFO - Started process (PID=2983) to work on /home/airflow/.local/lib/python3.12/site-packages/airflow/example_dags/tutorial_taskflow_api.py
[2024-11-11T06:49:37.730+0000] {processor.py:914} INFO - Processing file /home/airflow/.local/lib/python3.12/site-packages/airflow/example_dags/tutorial_taskflow_api.py for tasks to queue
[2024-11-11T06:49:37.734+0000] {logging_mixin.py:190} INFO - [2024-11-11T06:49:37.734+0000] {dagbag.py:588} INFO - Filling up the DagBag from /home/airflow/.local/lib/python3.12/site-packages/airflow/example_dags/tutorial_taskflow_api.py
[2024-11-11T06:49:37.754+0000] {processor.py:925} INFO - DAG(s) 'tutorial_taskflow_api' retrieved from /home/airflow/.local/lib/python3.12/site-packages/airflow/example_dags/tutorial_taskflow_api.py
[2024-11-11T06:49:37.793+0000] {logging_mixin.py:190} INFO - [2024-11-11T06:49:37.793+0000] {dag.py:3239} INFO - Sync 1 DAGs
[2024-11-11T06:49:37.821+0000] {logging_mixin.py:190} INFO - [2024-11-11T06:49:37.821+0000] {dag.py:4180} INFO - Setting next_dagrun for tutorial_taskflow_api to None, run_after=None
[2024-11-11T06:49:37.865+0000] {processor.py:208} INFO - Processing /home/airflow/.local/lib/python3.12/site-packages/airflow/example_dags/tutorial_taskflow_api.py took 0.149 seconds
[2024-11-11T06:50:09.090+0000] {processor.py:186} INFO - Started process (PID=3274) to work on /home/airflow/.local/lib/python3.12/site-packages/airflow/example_dags/tutorial_taskflow_api.py
[2024-11-11T06:50:09.092+0000] {processor.py:914} INFO - Processing file /home/airflow/.local/lib/python3.12/site-packages/airflow/example_dags/tutorial_taskflow_api.py for tasks to queue
[2024-11-11T06:50:09.098+0000] {logging_mixin.py:190} INFO - [2024-11-11T06:50:09.095+0000] {dagbag.py:588} INFO - Filling up the DagBag from /home/airflow/.local/lib/python3.12/site-packages/airflow/example_dags/tutorial_taskflow_api.py
[2024-11-11T06:50:09.116+0000] {processor.py:925} INFO - DAG(s) 'tutorial_taskflow_api' retrieved from /home/airflow/.local/lib/python3.12/site-packages/airflow/example_dags/tutorial_taskflow_api.py
[2024-11-11T06:50:09.155+0000] {logging_mixin.py:190} INFO - [2024-11-11T06:50:09.155+0000] {dag.py:3239} INFO - Sync 1 DAGs
[2024-11-11T06:50:09.194+0000] {logging_mixin.py:190} INFO - [2024-11-11T06:50:09.193+0000] {dag.py:4180} INFO - Setting next_dagrun for tutorial_taskflow_api to None, run_after=None
[2024-11-11T06:50:09.232+0000] {processor.py:208} INFO - Processing /home/airflow/.local/lib/python3.12/site-packages/airflow/example_dags/tutorial_taskflow_api.py took 0.152 seconds
[2024-11-11T06:50:41.636+0000] {processor.py:186} INFO - Started process (PID=3565) to work on /home/airflow/.local/lib/python3.12/site-packages/airflow/example_dags/tutorial_taskflow_api.py
[2024-11-11T06:50:41.638+0000] {processor.py:914} INFO - Processing file /home/airflow/.local/lib/python3.12/site-packages/airflow/example_dags/tutorial_taskflow_api.py for tasks to queue
[2024-11-11T06:50:41.645+0000] {logging_mixin.py:190} INFO - [2024-11-11T06:50:41.643+0000] {dagbag.py:588} INFO - Filling up the DagBag from /home/airflow/.local/lib/python3.12/site-packages/airflow/example_dags/tutorial_taskflow_api.py
[2024-11-11T06:50:41.665+0000] {processor.py:925} INFO - DAG(s) 'tutorial_taskflow_api' retrieved from /home/airflow/.local/lib/python3.12/site-packages/airflow/example_dags/tutorial_taskflow_api.py
[2024-11-11T06:50:41.704+0000] {logging_mixin.py:190} INFO - [2024-11-11T06:50:41.704+0000] {dag.py:3239} INFO - Sync 1 DAGs
[2024-11-11T06:50:41.738+0000] {logging_mixin.py:190} INFO - [2024-11-11T06:50:41.737+0000] {dag.py:4180} INFO - Setting next_dagrun for tutorial_taskflow_api to None, run_after=None
[2024-11-11T06:50:41.771+0000] {processor.py:208} INFO - Processing /home/airflow/.local/lib/python3.12/site-packages/airflow/example_dags/tutorial_taskflow_api.py took 0.147 seconds
[2024-11-11T06:51:13.352+0000] {processor.py:186} INFO - Started process (PID=3856) to work on /home/airflow/.local/lib/python3.12/site-packages/airflow/example_dags/tutorial_taskflow_api.py
[2024-11-11T06:51:13.354+0000] {processor.py:914} INFO - Processing file /home/airflow/.local/lib/python3.12/site-packages/airflow/example_dags/tutorial_taskflow_api.py for tasks to queue
[2024-11-11T06:51:13.361+0000] {logging_mixin.py:190} INFO - [2024-11-11T06:51:13.360+0000] {dagbag.py:588} INFO - Filling up the DagBag from /home/airflow/.local/lib/python3.12/site-packages/airflow/example_dags/tutorial_taskflow_api.py
[2024-11-11T06:51:13.378+0000] {processor.py:925} INFO - DAG(s) 'tutorial_taskflow_api' retrieved from /home/airflow/.local/lib/python3.12/site-packages/airflow/example_dags/tutorial_taskflow_api.py
[2024-11-11T06:51:13.422+0000] {logging_mixin.py:190} INFO - [2024-11-11T06:51:13.422+0000] {dag.py:3239} INFO - Sync 1 DAGs
[2024-11-11T06:51:13.467+0000] {logging_mixin.py:190} INFO - [2024-11-11T06:51:13.466+0000] {dag.py:4180} INFO - Setting next_dagrun for tutorial_taskflow_api to None, run_after=None
[2024-11-11T06:51:13.514+0000] {processor.py:208} INFO - Processing /home/airflow/.local/lib/python3.12/site-packages/airflow/example_dags/tutorial_taskflow_api.py took 0.173 seconds
[2024-11-11T06:51:44.637+0000] {processor.py:186} INFO - Started process (PID=4147) to work on /home/airflow/.local/lib/python3.12/site-packages/airflow/example_dags/tutorial_taskflow_api.py
[2024-11-11T06:51:44.639+0000] {processor.py:914} INFO - Processing file /home/airflow/.local/lib/python3.12/site-packages/airflow/example_dags/tutorial_taskflow_api.py for tasks to queue
[2024-11-11T06:51:44.643+0000] {logging_mixin.py:190} INFO - [2024-11-11T06:51:44.643+0000] {dagbag.py:588} INFO - Filling up the DagBag from /home/airflow/.local/lib/python3.12/site-packages/airflow/example_dags/tutorial_taskflow_api.py
[2024-11-11T06:51:44.659+0000] {processor.py:925} INFO - DAG(s) 'tutorial_taskflow_api' retrieved from /home/airflow/.local/lib/python3.12/site-packages/airflow/example_dags/tutorial_taskflow_api.py
[2024-11-11T06:51:44.693+0000] {logging_mixin.py:190} INFO - [2024-11-11T06:51:44.693+0000] {dag.py:3239} INFO - Sync 1 DAGs
[2024-11-11T06:51:44.718+0000] {logging_mixin.py:190} INFO - [2024-11-11T06:51:44.718+0000] {dag.py:4180} INFO - Setting next_dagrun for tutorial_taskflow_api to None, run_after=None
[2024-11-11T06:51:44.756+0000] {processor.py:208} INFO - Processing /home/airflow/.local/lib/python3.12/site-packages/airflow/example_dags/tutorial_taskflow_api.py took 0.129 seconds
[2024-11-11T06:52:16.836+0000] {processor.py:186} INFO - Started process (PID=4443) to work on /home/airflow/.local/lib/python3.12/site-packages/airflow/example_dags/tutorial_taskflow_api.py
[2024-11-11T06:52:16.838+0000] {processor.py:914} INFO - Processing file /home/airflow/.local/lib/python3.12/site-packages/airflow/example_dags/tutorial_taskflow_api.py for tasks to queue
[2024-11-11T06:52:16.845+0000] {logging_mixin.py:190} INFO - [2024-11-11T06:52:16.845+0000] {dagbag.py:588} INFO - Filling up the DagBag from /home/airflow/.local/lib/python3.12/site-packages/airflow/example_dags/tutorial_taskflow_api.py
[2024-11-11T06:52:16.860+0000] {processor.py:925} INFO - DAG(s) 'tutorial_taskflow_api' retrieved from /home/airflow/.local/lib/python3.12/site-packages/airflow/example_dags/tutorial_taskflow_api.py
[2024-11-11T06:52:16.897+0000] {logging_mixin.py:190} INFO - [2024-11-11T06:52:16.896+0000] {dag.py:3239} INFO - Sync 1 DAGs
[2024-11-11T06:52:16.929+0000] {logging_mixin.py:190} INFO - [2024-11-11T06:52:16.928+0000] {dag.py:4180} INFO - Setting next_dagrun for tutorial_taskflow_api to None, run_after=None
[2024-11-11T06:52:16.973+0000] {processor.py:208} INFO - Processing /home/airflow/.local/lib/python3.12/site-packages/airflow/example_dags/tutorial_taskflow_api.py took 0.145 seconds
