[2024-11-11T06:44:30.277+0000] {processor.py:186} INFO - Started process (PID=312) to work on /home/airflow/.local/lib/python3.12/site-packages/airflow/example_dags/tutorial.py
[2024-11-11T06:44:30.279+0000] {processor.py:914} INFO - Processing file /home/airflow/.local/lib/python3.12/site-packages/airflow/example_dags/tutorial.py for tasks to queue
[2024-11-11T06:44:30.284+0000] {logging_mixin.py:190} INFO - [2024-11-11T06:44:30.283+0000] {dagbag.py:588} INFO - Filling up the DagBag from /home/airflow/.local/lib/python3.12/site-packages/airflow/example_dags/tutorial.py
[2024-11-11T06:44:30.302+0000] {processor.py:925} INFO - DAG(s) 'tutorial' retrieved from /home/airflow/.local/lib/python3.12/site-packages/airflow/example_dags/tutorial.py
[2024-11-11T06:44:30.576+0000] {logging_mixin.py:190} INFO - [2024-11-11T06:44:30.575+0000] {override.py:1911} INFO - Created Permission View: can delete on DAG:tutorial
[2024-11-11T06:44:30.596+0000] {logging_mixin.py:190} INFO - [2024-11-11T06:44:30.595+0000] {override.py:1911} INFO - Created Permission View: can edit on DAG:tutorial
[2024-11-11T06:44:30.611+0000] {logging_mixin.py:190} INFO - [2024-11-11T06:44:30.610+0000] {override.py:1911} INFO - Created Permission View: can read on DAG:tutorial
[2024-11-11T06:44:30.638+0000] {logging_mixin.py:190} INFO - [2024-11-11T06:44:30.638+0000] {override.py:1911} INFO - Created Permission View: menu access on DAG Run:tutorial
[2024-11-11T06:44:30.689+0000] {logging_mixin.py:190} INFO - [2024-11-11T06:44:30.689+0000] {override.py:1911} INFO - Created Permission View: can delete on DAG Run:tutorial
[2024-11-11T06:44:30.713+0000] {logging_mixin.py:190} INFO - [2024-11-11T06:44:30.712+0000] {override.py:1911} INFO - Created Permission View: can create on DAG Run:tutorial
[2024-11-11T06:44:30.792+0000] {logging_mixin.py:190} INFO - [2024-11-11T06:44:30.791+0000] {override.py:1911} INFO - Created Permission View: can read on DAG Run:tutorial
[2024-11-11T06:44:30.793+0000] {logging_mixin.py:190} INFO - [2024-11-11T06:44:30.793+0000] {dag.py:3239} INFO - Sync 1 DAGs
[2024-11-11T06:44:30.831+0000] {logging_mixin.py:190} INFO - [2024-11-11T06:44:30.830+0000] {dag.py:3262} INFO - Creating ORM DAG for tutorial
[2024-11-11T06:44:30.859+0000] {logging_mixin.py:190} INFO - [2024-11-11T06:44:30.858+0000] {dag.py:4180} INFO - Setting next_dagrun for tutorial to 2024-11-10 00:00:00+00:00, run_after=2024-11-11 00:00:00+00:00
[2024-11-11T06:44:30.900+0000] {processor.py:208} INFO - Processing /home/airflow/.local/lib/python3.12/site-packages/airflow/example_dags/tutorial.py took 0.636 seconds
[2024-11-11T06:45:11.123+0000] {processor.py:186} INFO - Started process (PID=610) to work on /home/airflow/.local/lib/python3.12/site-packages/airflow/example_dags/tutorial.py
[2024-11-11T06:45:11.299+0000] {processor.py:914} INFO - Processing file /home/airflow/.local/lib/python3.12/site-packages/airflow/example_dags/tutorial.py for tasks to queue
[2024-11-11T06:45:11.304+0000] {logging_mixin.py:190} INFO - [2024-11-11T06:45:11.303+0000] {dagbag.py:588} INFO - Filling up the DagBag from /home/airflow/.local/lib/python3.12/site-packages/airflow/example_dags/tutorial.py
[2024-11-11T06:45:11.337+0000] {processor.py:925} INFO - DAG(s) 'tutorial' retrieved from /home/airflow/.local/lib/python3.12/site-packages/airflow/example_dags/tutorial.py
[2024-11-11T06:45:11.390+0000] {logging_mixin.py:190} INFO - [2024-11-11T06:45:11.387+0000] {dag.py:3239} INFO - Sync 1 DAGs
[2024-11-11T06:45:11.477+0000] {logging_mixin.py:190} INFO - [2024-11-11T06:45:11.477+0000] {dag.py:4180} INFO - Setting next_dagrun for tutorial to 2024-11-10 00:00:00+00:00, run_after=2024-11-11 00:00:00+00:00
[2024-11-11T06:45:11.574+0000] {processor.py:208} INFO - Processing /home/airflow/.local/lib/python3.12/site-packages/airflow/example_dags/tutorial.py took 0.468 seconds
[2024-11-11T06:45:56.515+0000] {processor.py:186} INFO - Started process (PID=926) to work on /home/airflow/.local/lib/python3.12/site-packages/airflow/example_dags/tutorial.py
[2024-11-11T06:45:56.529+0000] {processor.py:914} INFO - Processing file /home/airflow/.local/lib/python3.12/site-packages/airflow/example_dags/tutorial.py for tasks to queue
[2024-11-11T06:45:56.551+0000] {logging_mixin.py:190} INFO - [2024-11-11T06:45:56.550+0000] {dagbag.py:588} INFO - Filling up the DagBag from /home/airflow/.local/lib/python3.12/site-packages/airflow/example_dags/tutorial.py
[2024-11-11T06:45:56.603+0000] {processor.py:925} INFO - DAG(s) 'tutorial' retrieved from /home/airflow/.local/lib/python3.12/site-packages/airflow/example_dags/tutorial.py
[2024-11-11T06:45:56.704+0000] {logging_mixin.py:190} INFO - [2024-11-11T06:45:56.704+0000] {dag.py:3239} INFO - Sync 1 DAGs
[2024-11-11T06:45:56.852+0000] {logging_mixin.py:190} INFO - [2024-11-11T06:45:56.851+0000] {dag.py:4180} INFO - Setting next_dagrun for tutorial to 2024-11-10 00:00:00+00:00, run_after=2024-11-11 00:00:00+00:00
[2024-11-11T06:45:56.935+0000] {processor.py:208} INFO - Processing /home/airflow/.local/lib/python3.12/site-packages/airflow/example_dags/tutorial.py took 0.452 seconds
[2024-11-11T06:46:27.389+0000] {processor.py:186} INFO - Started process (PID=1217) to work on /home/airflow/.local/lib/python3.12/site-packages/airflow/example_dags/tutorial.py
[2024-11-11T06:46:27.397+0000] {processor.py:914} INFO - Processing file /home/airflow/.local/lib/python3.12/site-packages/airflow/example_dags/tutorial.py for tasks to queue
[2024-11-11T06:46:27.407+0000] {logging_mixin.py:190} INFO - [2024-11-11T06:46:27.406+0000] {dagbag.py:588} INFO - Filling up the DagBag from /home/airflow/.local/lib/python3.12/site-packages/airflow/example_dags/tutorial.py
[2024-11-11T06:46:27.428+0000] {processor.py:925} INFO - DAG(s) 'tutorial' retrieved from /home/airflow/.local/lib/python3.12/site-packages/airflow/example_dags/tutorial.py
[2024-11-11T06:46:27.494+0000] {logging_mixin.py:190} INFO - [2024-11-11T06:46:27.494+0000] {dag.py:3239} INFO - Sync 1 DAGs
[2024-11-11T06:46:27.588+0000] {logging_mixin.py:190} INFO - [2024-11-11T06:46:27.588+0000] {dag.py:4180} INFO - Setting next_dagrun for tutorial to 2024-11-10 00:00:00+00:00, run_after=2024-11-11 00:00:00+00:00
[2024-11-11T06:46:27.658+0000] {processor.py:208} INFO - Processing /home/airflow/.local/lib/python3.12/site-packages/airflow/example_dags/tutorial.py took 0.280 seconds
[2024-11-11T06:46:58.674+0000] {processor.py:186} INFO - Started process (PID=1505) to work on /home/airflow/.local/lib/python3.12/site-packages/airflow/example_dags/tutorial.py
[2024-11-11T06:46:58.675+0000] {processor.py:914} INFO - Processing file /home/airflow/.local/lib/python3.12/site-packages/airflow/example_dags/tutorial.py for tasks to queue
[2024-11-11T06:46:58.681+0000] {logging_mixin.py:190} INFO - [2024-11-11T06:46:58.680+0000] {dagbag.py:588} INFO - Filling up the DagBag from /home/airflow/.local/lib/python3.12/site-packages/airflow/example_dags/tutorial.py
[2024-11-11T06:46:58.697+0000] {processor.py:925} INFO - DAG(s) 'tutorial' retrieved from /home/airflow/.local/lib/python3.12/site-packages/airflow/example_dags/tutorial.py
[2024-11-11T06:46:58.733+0000] {logging_mixin.py:190} INFO - [2024-11-11T06:46:58.733+0000] {dag.py:3239} INFO - Sync 1 DAGs
[2024-11-11T06:46:58.782+0000] {logging_mixin.py:190} INFO - [2024-11-11T06:46:58.782+0000] {dag.py:4180} INFO - Setting next_dagrun for tutorial to 2024-11-10 00:00:00+00:00, run_after=2024-11-11 00:00:00+00:00
[2024-11-11T06:46:58.823+0000] {processor.py:208} INFO - Processing /home/airflow/.local/lib/python3.12/site-packages/airflow/example_dags/tutorial.py took 0.161 seconds
[2024-11-11T06:47:29.132+0000] {processor.py:186} INFO - Started process (PID=1794) to work on /home/airflow/.local/lib/python3.12/site-packages/airflow/example_dags/tutorial.py
[2024-11-11T06:47:29.134+0000] {processor.py:914} INFO - Processing file /home/airflow/.local/lib/python3.12/site-packages/airflow/example_dags/tutorial.py for tasks to queue
[2024-11-11T06:47:29.140+0000] {logging_mixin.py:190} INFO - [2024-11-11T06:47:29.140+0000] {dagbag.py:588} INFO - Filling up the DagBag from /home/airflow/.local/lib/python3.12/site-packages/airflow/example_dags/tutorial.py
[2024-11-11T06:47:29.158+0000] {processor.py:925} INFO - DAG(s) 'tutorial' retrieved from /home/airflow/.local/lib/python3.12/site-packages/airflow/example_dags/tutorial.py
[2024-11-11T06:47:29.196+0000] {logging_mixin.py:190} INFO - [2024-11-11T06:47:29.196+0000] {dag.py:3239} INFO - Sync 1 DAGs
[2024-11-11T06:47:29.249+0000] {logging_mixin.py:190} INFO - [2024-11-11T06:47:29.249+0000] {dag.py:4180} INFO - Setting next_dagrun for tutorial to 2024-11-10 00:00:00+00:00, run_after=2024-11-11 00:00:00+00:00
[2024-11-11T06:47:29.300+0000] {processor.py:208} INFO - Processing /home/airflow/.local/lib/python3.12/site-packages/airflow/example_dags/tutorial.py took 0.181 seconds
[2024-11-11T06:48:02.346+0000] {processor.py:186} INFO - Started process (PID=2087) to work on /home/airflow/.local/lib/python3.12/site-packages/airflow/example_dags/tutorial.py
[2024-11-11T06:48:02.348+0000] {processor.py:914} INFO - Processing file /home/airflow/.local/lib/python3.12/site-packages/airflow/example_dags/tutorial.py for tasks to queue
[2024-11-11T06:48:02.353+0000] {logging_mixin.py:190} INFO - [2024-11-11T06:48:02.352+0000] {dagbag.py:588} INFO - Filling up the DagBag from /home/airflow/.local/lib/python3.12/site-packages/airflow/example_dags/tutorial.py
[2024-11-11T06:48:02.374+0000] {processor.py:925} INFO - DAG(s) 'tutorial' retrieved from /home/airflow/.local/lib/python3.12/site-packages/airflow/example_dags/tutorial.py
[2024-11-11T06:48:02.418+0000] {logging_mixin.py:190} INFO - [2024-11-11T06:48:02.418+0000] {dag.py:3239} INFO - Sync 1 DAGs
[2024-11-11T06:48:02.465+0000] {logging_mixin.py:190} INFO - [2024-11-11T06:48:02.465+0000] {dag.py:4180} INFO - Setting next_dagrun for tutorial to 2024-11-10 00:00:00+00:00, run_after=2024-11-11 00:00:00+00:00
[2024-11-11T06:48:02.508+0000] {processor.py:208} INFO - Processing /home/airflow/.local/lib/python3.12/site-packages/airflow/example_dags/tutorial.py took 0.176 seconds
[2024-11-11T06:48:33.649+0000] {processor.py:186} INFO - Started process (PID=2376) to work on /home/airflow/.local/lib/python3.12/site-packages/airflow/example_dags/tutorial.py
[2024-11-11T06:48:33.651+0000] {processor.py:914} INFO - Processing file /home/airflow/.local/lib/python3.12/site-packages/airflow/example_dags/tutorial.py for tasks to queue
[2024-11-11T06:48:33.656+0000] {logging_mixin.py:190} INFO - [2024-11-11T06:48:33.656+0000] {dagbag.py:588} INFO - Filling up the DagBag from /home/airflow/.local/lib/python3.12/site-packages/airflow/example_dags/tutorial.py
[2024-11-11T06:48:33.672+0000] {processor.py:925} INFO - DAG(s) 'tutorial' retrieved from /home/airflow/.local/lib/python3.12/site-packages/airflow/example_dags/tutorial.py
[2024-11-11T06:48:33.711+0000] {logging_mixin.py:190} INFO - [2024-11-11T06:48:33.711+0000] {dag.py:3239} INFO - Sync 1 DAGs
[2024-11-11T06:48:33.769+0000] {logging_mixin.py:190} INFO - [2024-11-11T06:48:33.769+0000] {dag.py:4180} INFO - Setting next_dagrun for tutorial to 2024-11-10 00:00:00+00:00, run_after=2024-11-11 00:00:00+00:00
[2024-11-11T06:48:33.813+0000] {processor.py:208} INFO - Processing /home/airflow/.local/lib/python3.12/site-packages/airflow/example_dags/tutorial.py took 0.174 seconds
[2024-11-11T06:49:05.595+0000] {processor.py:186} INFO - Started process (PID=2667) to work on /home/airflow/.local/lib/python3.12/site-packages/airflow/example_dags/tutorial.py
[2024-11-11T06:49:05.598+0000] {processor.py:914} INFO - Processing file /home/airflow/.local/lib/python3.12/site-packages/airflow/example_dags/tutorial.py for tasks to queue
[2024-11-11T06:49:05.603+0000] {logging_mixin.py:190} INFO - [2024-11-11T06:49:05.603+0000] {dagbag.py:588} INFO - Filling up the DagBag from /home/airflow/.local/lib/python3.12/site-packages/airflow/example_dags/tutorial.py
[2024-11-11T06:49:05.618+0000] {processor.py:925} INFO - DAG(s) 'tutorial' retrieved from /home/airflow/.local/lib/python3.12/site-packages/airflow/example_dags/tutorial.py
[2024-11-11T06:49:05.656+0000] {logging_mixin.py:190} INFO - [2024-11-11T06:49:05.656+0000] {dag.py:3239} INFO - Sync 1 DAGs
[2024-11-11T06:49:05.698+0000] {logging_mixin.py:190} INFO - [2024-11-11T06:49:05.698+0000] {dag.py:4180} INFO - Setting next_dagrun for tutorial to 2024-11-10 00:00:00+00:00, run_after=2024-11-11 00:00:00+00:00
[2024-11-11T06:49:05.744+0000] {processor.py:208} INFO - Processing /home/airflow/.local/lib/python3.12/site-packages/airflow/example_dags/tutorial.py took 0.161 seconds
[2024-11-11T06:49:37.185+0000] {processor.py:186} INFO - Started process (PID=2958) to work on /home/airflow/.local/lib/python3.12/site-packages/airflow/example_dags/tutorial.py
[2024-11-11T06:49:37.188+0000] {processor.py:914} INFO - Processing file /home/airflow/.local/lib/python3.12/site-packages/airflow/example_dags/tutorial.py for tasks to queue
[2024-11-11T06:49:37.192+0000] {logging_mixin.py:190} INFO - [2024-11-11T06:49:37.192+0000] {dagbag.py:588} INFO - Filling up the DagBag from /home/airflow/.local/lib/python3.12/site-packages/airflow/example_dags/tutorial.py
[2024-11-11T06:49:37.209+0000] {processor.py:925} INFO - DAG(s) 'tutorial' retrieved from /home/airflow/.local/lib/python3.12/site-packages/airflow/example_dags/tutorial.py
[2024-11-11T06:49:37.244+0000] {logging_mixin.py:190} INFO - [2024-11-11T06:49:37.244+0000] {dag.py:3239} INFO - Sync 1 DAGs
[2024-11-11T06:49:37.293+0000] {logging_mixin.py:190} INFO - [2024-11-11T06:49:37.293+0000] {dag.py:4180} INFO - Setting next_dagrun for tutorial to 2024-11-10 00:00:00+00:00, run_after=2024-11-11 00:00:00+00:00
[2024-11-11T06:49:37.331+0000] {processor.py:208} INFO - Processing /home/airflow/.local/lib/python3.12/site-packages/airflow/example_dags/tutorial.py took 0.157 seconds
[2024-11-11T06:50:08.590+0000] {processor.py:186} INFO - Started process (PID=3249) to work on /home/airflow/.local/lib/python3.12/site-packages/airflow/example_dags/tutorial.py
[2024-11-11T06:50:08.592+0000] {processor.py:914} INFO - Processing file /home/airflow/.local/lib/python3.12/site-packages/airflow/example_dags/tutorial.py for tasks to queue
[2024-11-11T06:50:08.598+0000] {logging_mixin.py:190} INFO - [2024-11-11T06:50:08.597+0000] {dagbag.py:588} INFO - Filling up the DagBag from /home/airflow/.local/lib/python3.12/site-packages/airflow/example_dags/tutorial.py
[2024-11-11T06:50:08.612+0000] {processor.py:925} INFO - DAG(s) 'tutorial' retrieved from /home/airflow/.local/lib/python3.12/site-packages/airflow/example_dags/tutorial.py
[2024-11-11T06:50:08.648+0000] {logging_mixin.py:190} INFO - [2024-11-11T06:50:08.647+0000] {dag.py:3239} INFO - Sync 1 DAGs
[2024-11-11T06:50:08.694+0000] {logging_mixin.py:190} INFO - [2024-11-11T06:50:08.693+0000] {dag.py:4180} INFO - Setting next_dagrun for tutorial to 2024-11-10 00:00:00+00:00, run_after=2024-11-11 00:00:00+00:00
[2024-11-11T06:50:08.729+0000] {processor.py:208} INFO - Processing /home/airflow/.local/lib/python3.12/site-packages/airflow/example_dags/tutorial.py took 0.149 seconds
[2024-11-11T06:50:41.002+0000] {processor.py:186} INFO - Started process (PID=3540) to work on /home/airflow/.local/lib/python3.12/site-packages/airflow/example_dags/tutorial.py
[2024-11-11T06:50:41.003+0000] {processor.py:914} INFO - Processing file /home/airflow/.local/lib/python3.12/site-packages/airflow/example_dags/tutorial.py for tasks to queue
[2024-11-11T06:50:41.010+0000] {logging_mixin.py:190} INFO - [2024-11-11T06:50:41.007+0000] {dagbag.py:588} INFO - Filling up the DagBag from /home/airflow/.local/lib/python3.12/site-packages/airflow/example_dags/tutorial.py
[2024-11-11T06:50:41.028+0000] {processor.py:925} INFO - DAG(s) 'tutorial' retrieved from /home/airflow/.local/lib/python3.12/site-packages/airflow/example_dags/tutorial.py
[2024-11-11T06:50:41.080+0000] {logging_mixin.py:190} INFO - [2024-11-11T06:50:41.080+0000] {dag.py:3239} INFO - Sync 1 DAGs
[2024-11-11T06:50:41.130+0000] {logging_mixin.py:190} INFO - [2024-11-11T06:50:41.129+0000] {dag.py:4180} INFO - Setting next_dagrun for tutorial to 2024-11-10 00:00:00+00:00, run_after=2024-11-11 00:00:00+00:00
[2024-11-11T06:50:41.168+0000] {processor.py:208} INFO - Processing /home/airflow/.local/lib/python3.12/site-packages/airflow/example_dags/tutorial.py took 0.180 seconds
[2024-11-11T06:51:12.847+0000] {processor.py:186} INFO - Started process (PID=3831) to work on /home/airflow/.local/lib/python3.12/site-packages/airflow/example_dags/tutorial.py
[2024-11-11T06:51:12.850+0000] {processor.py:914} INFO - Processing file /home/airflow/.local/lib/python3.12/site-packages/airflow/example_dags/tutorial.py for tasks to queue
[2024-11-11T06:51:12.871+0000] {logging_mixin.py:190} INFO - [2024-11-11T06:51:12.870+0000] {dagbag.py:588} INFO - Filling up the DagBag from /home/airflow/.local/lib/python3.12/site-packages/airflow/example_dags/tutorial.py
[2024-11-11T06:51:12.888+0000] {processor.py:925} INFO - DAG(s) 'tutorial' retrieved from /home/airflow/.local/lib/python3.12/site-packages/airflow/example_dags/tutorial.py
[2024-11-11T06:51:12.922+0000] {logging_mixin.py:190} INFO - [2024-11-11T06:51:12.922+0000] {dag.py:3239} INFO - Sync 1 DAGs
[2024-11-11T06:51:12.976+0000] {logging_mixin.py:190} INFO - [2024-11-11T06:51:12.976+0000] {dag.py:4180} INFO - Setting next_dagrun for tutorial to 2024-11-10 00:00:00+00:00, run_after=2024-11-11 00:00:00+00:00
[2024-11-11T06:51:13.007+0000] {processor.py:208} INFO - Processing /home/airflow/.local/lib/python3.12/site-packages/airflow/example_dags/tutorial.py took 0.178 seconds
[2024-11-11T06:51:44.139+0000] {processor.py:186} INFO - Started process (PID=4122) to work on /home/airflow/.local/lib/python3.12/site-packages/airflow/example_dags/tutorial.py
[2024-11-11T06:51:44.142+0000] {processor.py:914} INFO - Processing file /home/airflow/.local/lib/python3.12/site-packages/airflow/example_dags/tutorial.py for tasks to queue
[2024-11-11T06:51:44.146+0000] {logging_mixin.py:190} INFO - [2024-11-11T06:51:44.146+0000] {dagbag.py:588} INFO - Filling up the DagBag from /home/airflow/.local/lib/python3.12/site-packages/airflow/example_dags/tutorial.py
[2024-11-11T06:51:44.160+0000] {processor.py:925} INFO - DAG(s) 'tutorial' retrieved from /home/airflow/.local/lib/python3.12/site-packages/airflow/example_dags/tutorial.py
[2024-11-11T06:51:44.194+0000] {logging_mixin.py:190} INFO - [2024-11-11T06:51:44.194+0000] {dag.py:3239} INFO - Sync 1 DAGs
[2024-11-11T06:51:44.232+0000] {logging_mixin.py:190} INFO - [2024-11-11T06:51:44.231+0000] {dag.py:4180} INFO - Setting next_dagrun for tutorial to 2024-11-10 00:00:00+00:00, run_after=2024-11-11 00:00:00+00:00
[2024-11-11T06:51:44.271+0000] {processor.py:208} INFO - Processing /home/airflow/.local/lib/python3.12/site-packages/airflow/example_dags/tutorial.py took 0.144 seconds
[2024-11-11T06:52:16.086+0000] {processor.py:186} INFO - Started process (PID=4413) to work on /home/airflow/.local/lib/python3.12/site-packages/airflow/example_dags/tutorial.py
[2024-11-11T06:52:16.087+0000] {processor.py:914} INFO - Processing file /home/airflow/.local/lib/python3.12/site-packages/airflow/example_dags/tutorial.py for tasks to queue
[2024-11-11T06:52:16.092+0000] {logging_mixin.py:190} INFO - [2024-11-11T06:52:16.091+0000] {dagbag.py:588} INFO - Filling up the DagBag from /home/airflow/.local/lib/python3.12/site-packages/airflow/example_dags/tutorial.py
[2024-11-11T06:52:16.105+0000] {processor.py:925} INFO - DAG(s) 'tutorial' retrieved from /home/airflow/.local/lib/python3.12/site-packages/airflow/example_dags/tutorial.py
[2024-11-11T06:52:16.139+0000] {logging_mixin.py:190} INFO - [2024-11-11T06:52:16.138+0000] {dag.py:3239} INFO - Sync 1 DAGs
[2024-11-11T06:52:16.185+0000] {logging_mixin.py:190} INFO - [2024-11-11T06:52:16.185+0000] {dag.py:4180} INFO - Setting next_dagrun for tutorial to 2024-11-10 00:00:00+00:00, run_after=2024-11-11 00:00:00+00:00
[2024-11-11T06:52:16.229+0000] {processor.py:208} INFO - Processing /home/airflow/.local/lib/python3.12/site-packages/airflow/example_dags/tutorial.py took 0.152 seconds
