[2024-11-11T06:44:30.675+0000] {processor.py:186} INFO - Started process (PID=317) to work on /home/airflow/.local/lib/python3.12/site-packages/airflow/example_dags/tutorial_dag.py
[2024-11-11T06:44:30.677+0000] {processor.py:914} INFO - Processing file /home/airflow/.local/lib/python3.12/site-packages/airflow/example_dags/tutorial_dag.py for tasks to queue
[2024-11-11T06:44:30.680+0000] {logging_mixin.py:190} INFO - [2024-11-11T06:44:30.680+0000] {dagbag.py:588} INFO - Filling up the DagBag from /home/airflow/.local/lib/python3.12/site-packages/airflow/example_dags/tutorial_dag.py
[2024-11-11T06:44:30.692+0000] {processor.py:925} INFO - DAG(s) 'tutorial_dag' retrieved from /home/airflow/.local/lib/python3.12/site-packages/airflow/example_dags/tutorial_dag.py
[2024-11-11T06:44:30.925+0000] {logging_mixin.py:190} INFO - [2024-11-11T06:44:30.923+0000] {override.py:1911} INFO - Created Permission View: can delete on DAG:tutorial_dag
[2024-11-11T06:44:30.947+0000] {logging_mixin.py:190} INFO - [2024-11-11T06:44:30.946+0000] {override.py:1911} INFO - Created Permission View: can edit on DAG:tutorial_dag
[2024-11-11T06:44:30.961+0000] {logging_mixin.py:190} INFO - [2024-11-11T06:44:30.961+0000] {override.py:1911} INFO - Created Permission View: can read on DAG:tutorial_dag
[2024-11-11T06:44:30.983+0000] {logging_mixin.py:190} INFO - [2024-11-11T06:44:30.982+0000] {override.py:1911} INFO - Created Permission View: menu access on DAG Run:tutorial_dag
[2024-11-11T06:44:31.002+0000] {logging_mixin.py:190} INFO - [2024-11-11T06:44:31.001+0000] {override.py:1911} INFO - Created Permission View: can delete on DAG Run:tutorial_dag
[2024-11-11T06:44:31.024+0000] {logging_mixin.py:190} INFO - [2024-11-11T06:44:31.023+0000] {override.py:1911} INFO - Created Permission View: can create on DAG Run:tutorial_dag
[2024-11-11T06:44:31.037+0000] {logging_mixin.py:190} INFO - [2024-11-11T06:44:31.036+0000] {override.py:1911} INFO - Created Permission View: can read on DAG Run:tutorial_dag
[2024-11-11T06:44:31.038+0000] {logging_mixin.py:190} INFO - [2024-11-11T06:44:31.038+0000] {dag.py:3239} INFO - Sync 1 DAGs
[2024-11-11T06:44:31.061+0000] {logging_mixin.py:190} INFO - [2024-11-11T06:44:31.061+0000] {dag.py:3262} INFO - Creating ORM DAG for tutorial_dag
[2024-11-11T06:44:31.063+0000] {logging_mixin.py:190} INFO - [2024-11-11T06:44:31.062+0000] {dag.py:4180} INFO - Setting next_dagrun for tutorial_dag to None, run_after=None
[2024-11-11T06:44:31.091+0000] {processor.py:208} INFO - Processing /home/airflow/.local/lib/python3.12/site-packages/airflow/example_dags/tutorial_dag.py took 0.424 seconds
[2024-11-11T06:45:11.413+0000] {processor.py:186} INFO - Started process (PID=615) to work on /home/airflow/.local/lib/python3.12/site-packages/airflow/example_dags/tutorial_dag.py
[2024-11-11T06:45:11.420+0000] {processor.py:914} INFO - Processing file /home/airflow/.local/lib/python3.12/site-packages/airflow/example_dags/tutorial_dag.py for tasks to queue
[2024-11-11T06:45:11.426+0000] {logging_mixin.py:190} INFO - [2024-11-11T06:45:11.426+0000] {dagbag.py:588} INFO - Filling up the DagBag from /home/airflow/.local/lib/python3.12/site-packages/airflow/example_dags/tutorial_dag.py
[2024-11-11T06:45:11.458+0000] {processor.py:925} INFO - DAG(s) 'tutorial_dag' retrieved from /home/airflow/.local/lib/python3.12/site-packages/airflow/example_dags/tutorial_dag.py
[2024-11-11T06:45:11.533+0000] {logging_mixin.py:190} INFO - [2024-11-11T06:45:11.532+0000] {dag.py:3239} INFO - Sync 1 DAGs
[2024-11-11T06:45:11.603+0000] {logging_mixin.py:190} INFO - [2024-11-11T06:45:11.596+0000] {dag.py:4180} INFO - Setting next_dagrun for tutorial_dag to None, run_after=None
[2024-11-11T06:45:11.679+0000] {processor.py:208} INFO - Processing /home/airflow/.local/lib/python3.12/site-packages/airflow/example_dags/tutorial_dag.py took 0.285 seconds
[2024-11-11T06:45:56.807+0000] {processor.py:186} INFO - Started process (PID=931) to work on /home/airflow/.local/lib/python3.12/site-packages/airflow/example_dags/tutorial_dag.py
[2024-11-11T06:45:56.810+0000] {processor.py:914} INFO - Processing file /home/airflow/.local/lib/python3.12/site-packages/airflow/example_dags/tutorial_dag.py for tasks to queue
[2024-11-11T06:45:56.816+0000] {logging_mixin.py:190} INFO - [2024-11-11T06:45:56.815+0000] {dagbag.py:588} INFO - Filling up the DagBag from /home/airflow/.local/lib/python3.12/site-packages/airflow/example_dags/tutorial_dag.py
[2024-11-11T06:45:56.847+0000] {processor.py:925} INFO - DAG(s) 'tutorial_dag' retrieved from /home/airflow/.local/lib/python3.12/site-packages/airflow/example_dags/tutorial_dag.py
[2024-11-11T06:45:56.916+0000] {logging_mixin.py:190} INFO - [2024-11-11T06:45:56.916+0000] {dag.py:3239} INFO - Sync 1 DAGs
[2024-11-11T06:45:57.003+0000] {logging_mixin.py:190} INFO - [2024-11-11T06:45:57.003+0000] {dag.py:4180} INFO - Setting next_dagrun for tutorial_dag to None, run_after=None
[2024-11-11T06:45:57.101+0000] {processor.py:208} INFO - Processing /home/airflow/.local/lib/python3.12/site-packages/airflow/example_dags/tutorial_dag.py took 0.315 seconds
[2024-11-11T06:46:27.783+0000] {processor.py:186} INFO - Started process (PID=1222) to work on /home/airflow/.local/lib/python3.12/site-packages/airflow/example_dags/tutorial_dag.py
[2024-11-11T06:46:27.787+0000] {processor.py:914} INFO - Processing file /home/airflow/.local/lib/python3.12/site-packages/airflow/example_dags/tutorial_dag.py for tasks to queue
[2024-11-11T06:46:27.797+0000] {logging_mixin.py:190} INFO - [2024-11-11T06:46:27.796+0000] {dagbag.py:588} INFO - Filling up the DagBag from /home/airflow/.local/lib/python3.12/site-packages/airflow/example_dags/tutorial_dag.py
[2024-11-11T06:46:27.823+0000] {processor.py:925} INFO - DAG(s) 'tutorial_dag' retrieved from /home/airflow/.local/lib/python3.12/site-packages/airflow/example_dags/tutorial_dag.py
[2024-11-11T06:46:27.906+0000] {logging_mixin.py:190} INFO - [2024-11-11T06:46:27.906+0000] {dag.py:3239} INFO - Sync 1 DAGs
[2024-11-11T06:46:27.976+0000] {logging_mixin.py:190} INFO - [2024-11-11T06:46:27.975+0000] {dag.py:4180} INFO - Setting next_dagrun for tutorial_dag to None, run_after=None
[2024-11-11T06:46:28.052+0000] {processor.py:208} INFO - Processing /home/airflow/.local/lib/python3.12/site-packages/airflow/example_dags/tutorial_dag.py took 0.287 seconds
[2024-11-11T06:46:58.676+0000] {processor.py:186} INFO - Started process (PID=1508) to work on /home/airflow/.local/lib/python3.12/site-packages/airflow/example_dags/tutorial_dag.py
[2024-11-11T06:46:58.677+0000] {processor.py:914} INFO - Processing file /home/airflow/.local/lib/python3.12/site-packages/airflow/example_dags/tutorial_dag.py for tasks to queue
[2024-11-11T06:46:58.682+0000] {logging_mixin.py:190} INFO - [2024-11-11T06:46:58.681+0000] {dagbag.py:588} INFO - Filling up the DagBag from /home/airflow/.local/lib/python3.12/site-packages/airflow/example_dags/tutorial_dag.py
[2024-11-11T06:46:58.697+0000] {processor.py:925} INFO - DAG(s) 'tutorial_dag' retrieved from /home/airflow/.local/lib/python3.12/site-packages/airflow/example_dags/tutorial_dag.py
[2024-11-11T06:46:58.733+0000] {logging_mixin.py:190} INFO - [2024-11-11T06:46:58.733+0000] {dag.py:3239} INFO - Sync 1 DAGs
[2024-11-11T06:46:58.763+0000] {logging_mixin.py:190} INFO - [2024-11-11T06:46:58.763+0000] {dag.py:4180} INFO - Setting next_dagrun for tutorial_dag to None, run_after=None
[2024-11-11T06:46:58.801+0000] {processor.py:208} INFO - Processing /home/airflow/.local/lib/python3.12/site-packages/airflow/example_dags/tutorial_dag.py took 0.135 seconds
[2024-11-11T06:47:29.301+0000] {processor.py:186} INFO - Started process (PID=1799) to work on /home/airflow/.local/lib/python3.12/site-packages/airflow/example_dags/tutorial_dag.py
[2024-11-11T06:47:29.303+0000] {processor.py:914} INFO - Processing file /home/airflow/.local/lib/python3.12/site-packages/airflow/example_dags/tutorial_dag.py for tasks to queue
[2024-11-11T06:47:29.308+0000] {logging_mixin.py:190} INFO - [2024-11-11T06:47:29.307+0000] {dagbag.py:588} INFO - Filling up the DagBag from /home/airflow/.local/lib/python3.12/site-packages/airflow/example_dags/tutorial_dag.py
[2024-11-11T06:47:29.332+0000] {processor.py:925} INFO - DAG(s) 'tutorial_dag' retrieved from /home/airflow/.local/lib/python3.12/site-packages/airflow/example_dags/tutorial_dag.py
[2024-11-11T06:47:29.376+0000] {logging_mixin.py:190} INFO - [2024-11-11T06:47:29.375+0000] {dag.py:3239} INFO - Sync 1 DAGs
[2024-11-11T06:47:29.415+0000] {logging_mixin.py:190} INFO - [2024-11-11T06:47:29.415+0000] {dag.py:4180} INFO - Setting next_dagrun for tutorial_dag to None, run_after=None
[2024-11-11T06:47:29.465+0000] {processor.py:208} INFO - Processing /home/airflow/.local/lib/python3.12/site-packages/airflow/example_dags/tutorial_dag.py took 0.179 seconds
[2024-11-11T06:48:02.607+0000] {processor.py:186} INFO - Started process (PID=2095) to work on /home/airflow/.local/lib/python3.12/site-packages/airflow/example_dags/tutorial_dag.py
[2024-11-11T06:48:02.609+0000] {processor.py:914} INFO - Processing file /home/airflow/.local/lib/python3.12/site-packages/airflow/example_dags/tutorial_dag.py for tasks to queue
[2024-11-11T06:48:02.616+0000] {logging_mixin.py:190} INFO - [2024-11-11T06:48:02.616+0000] {dagbag.py:588} INFO - Filling up the DagBag from /home/airflow/.local/lib/python3.12/site-packages/airflow/example_dags/tutorial_dag.py
[2024-11-11T06:48:02.635+0000] {processor.py:925} INFO - DAG(s) 'tutorial_dag' retrieved from /home/airflow/.local/lib/python3.12/site-packages/airflow/example_dags/tutorial_dag.py
[2024-11-11T06:48:02.679+0000] {logging_mixin.py:190} INFO - [2024-11-11T06:48:02.679+0000] {dag.py:3239} INFO - Sync 1 DAGs
[2024-11-11T06:48:02.727+0000] {logging_mixin.py:190} INFO - [2024-11-11T06:48:02.724+0000] {dag.py:4180} INFO - Setting next_dagrun for tutorial_dag to None, run_after=None
[2024-11-11T06:48:02.794+0000] {processor.py:208} INFO - Processing /home/airflow/.local/lib/python3.12/site-packages/airflow/example_dags/tutorial_dag.py took 0.200 seconds
[2024-11-11T06:48:33.785+0000] {processor.py:186} INFO - Started process (PID=2381) to work on /home/airflow/.local/lib/python3.12/site-packages/airflow/example_dags/tutorial_dag.py
[2024-11-11T06:48:33.787+0000] {processor.py:914} INFO - Processing file /home/airflow/.local/lib/python3.12/site-packages/airflow/example_dags/tutorial_dag.py for tasks to queue
[2024-11-11T06:48:33.793+0000] {logging_mixin.py:190} INFO - [2024-11-11T06:48:33.792+0000] {dagbag.py:588} INFO - Filling up the DagBag from /home/airflow/.local/lib/python3.12/site-packages/airflow/example_dags/tutorial_dag.py
[2024-11-11T06:48:33.814+0000] {processor.py:925} INFO - DAG(s) 'tutorial_dag' retrieved from /home/airflow/.local/lib/python3.12/site-packages/airflow/example_dags/tutorial_dag.py
[2024-11-11T06:48:33.971+0000] {logging_mixin.py:190} INFO - [2024-11-11T06:48:33.970+0000] {dag.py:3239} INFO - Sync 1 DAGs
[2024-11-11T06:48:34.071+0000] {logging_mixin.py:190} INFO - [2024-11-11T06:48:34.070+0000] {dag.py:4180} INFO - Setting next_dagrun for tutorial_dag to None, run_after=None
[2024-11-11T06:48:34.250+0000] {processor.py:208} INFO - Processing /home/airflow/.local/lib/python3.12/site-packages/airflow/example_dags/tutorial_dag.py took 0.479 seconds
[2024-11-11T06:49:05.696+0000] {processor.py:186} INFO - Started process (PID=2672) to work on /home/airflow/.local/lib/python3.12/site-packages/airflow/example_dags/tutorial_dag.py
[2024-11-11T06:49:05.698+0000] {processor.py:914} INFO - Processing file /home/airflow/.local/lib/python3.12/site-packages/airflow/example_dags/tutorial_dag.py for tasks to queue
[2024-11-11T06:49:05.702+0000] {logging_mixin.py:190} INFO - [2024-11-11T06:49:05.701+0000] {dagbag.py:588} INFO - Filling up the DagBag from /home/airflow/.local/lib/python3.12/site-packages/airflow/example_dags/tutorial_dag.py
[2024-11-11T06:49:05.717+0000] {processor.py:925} INFO - DAG(s) 'tutorial_dag' retrieved from /home/airflow/.local/lib/python3.12/site-packages/airflow/example_dags/tutorial_dag.py
[2024-11-11T06:49:05.752+0000] {logging_mixin.py:190} INFO - [2024-11-11T06:49:05.752+0000] {dag.py:3239} INFO - Sync 1 DAGs
[2024-11-11T06:49:05.777+0000] {logging_mixin.py:190} INFO - [2024-11-11T06:49:05.776+0000] {dag.py:4180} INFO - Setting next_dagrun for tutorial_dag to None, run_after=None
[2024-11-11T06:49:05.823+0000] {processor.py:208} INFO - Processing /home/airflow/.local/lib/python3.12/site-packages/airflow/example_dags/tutorial_dag.py took 0.140 seconds
[2024-11-11T06:49:37.314+0000] {processor.py:186} INFO - Started process (PID=2963) to work on /home/airflow/.local/lib/python3.12/site-packages/airflow/example_dags/tutorial_dag.py
[2024-11-11T06:49:37.317+0000] {processor.py:914} INFO - Processing file /home/airflow/.local/lib/python3.12/site-packages/airflow/example_dags/tutorial_dag.py for tasks to queue
[2024-11-11T06:49:37.321+0000] {logging_mixin.py:190} INFO - [2024-11-11T06:49:37.320+0000] {dagbag.py:588} INFO - Filling up the DagBag from /home/airflow/.local/lib/python3.12/site-packages/airflow/example_dags/tutorial_dag.py
[2024-11-11T06:49:37.334+0000] {processor.py:925} INFO - DAG(s) 'tutorial_dag' retrieved from /home/airflow/.local/lib/python3.12/site-packages/airflow/example_dags/tutorial_dag.py
[2024-11-11T06:49:37.372+0000] {logging_mixin.py:190} INFO - [2024-11-11T06:49:37.372+0000] {dag.py:3239} INFO - Sync 1 DAGs
[2024-11-11T06:49:37.403+0000] {logging_mixin.py:190} INFO - [2024-11-11T06:49:37.403+0000] {dag.py:4180} INFO - Setting next_dagrun for tutorial_dag to None, run_after=None
[2024-11-11T06:49:37.438+0000] {processor.py:208} INFO - Processing /home/airflow/.local/lib/python3.12/site-packages/airflow/example_dags/tutorial_dag.py took 0.134 seconds
[2024-11-11T06:50:08.679+0000] {processor.py:186} INFO - Started process (PID=3254) to work on /home/airflow/.local/lib/python3.12/site-packages/airflow/example_dags/tutorial_dag.py
[2024-11-11T06:50:08.681+0000] {processor.py:914} INFO - Processing file /home/airflow/.local/lib/python3.12/site-packages/airflow/example_dags/tutorial_dag.py for tasks to queue
[2024-11-11T06:50:08.684+0000] {logging_mixin.py:190} INFO - [2024-11-11T06:50:08.684+0000] {dagbag.py:588} INFO - Filling up the DagBag from /home/airflow/.local/lib/python3.12/site-packages/airflow/example_dags/tutorial_dag.py
[2024-11-11T06:50:08.698+0000] {processor.py:925} INFO - DAG(s) 'tutorial_dag' retrieved from /home/airflow/.local/lib/python3.12/site-packages/airflow/example_dags/tutorial_dag.py
[2024-11-11T06:50:08.734+0000] {logging_mixin.py:190} INFO - [2024-11-11T06:50:08.734+0000] {dag.py:3239} INFO - Sync 1 DAGs
[2024-11-11T06:50:08.765+0000] {logging_mixin.py:190} INFO - [2024-11-11T06:50:08.765+0000] {dag.py:4180} INFO - Setting next_dagrun for tutorial_dag to None, run_after=None
[2024-11-11T06:50:08.805+0000] {processor.py:208} INFO - Processing /home/airflow/.local/lib/python3.12/site-packages/airflow/example_dags/tutorial_dag.py took 0.139 seconds
[2024-11-11T06:50:41.104+0000] {processor.py:186} INFO - Started process (PID=3545) to work on /home/airflow/.local/lib/python3.12/site-packages/airflow/example_dags/tutorial_dag.py
[2024-11-11T06:50:41.106+0000] {processor.py:914} INFO - Processing file /home/airflow/.local/lib/python3.12/site-packages/airflow/example_dags/tutorial_dag.py for tasks to queue
[2024-11-11T06:50:41.109+0000] {logging_mixin.py:190} INFO - [2024-11-11T06:50:41.109+0000] {dagbag.py:588} INFO - Filling up the DagBag from /home/airflow/.local/lib/python3.12/site-packages/airflow/example_dags/tutorial_dag.py
[2024-11-11T06:50:41.124+0000] {processor.py:925} INFO - DAG(s) 'tutorial_dag' retrieved from /home/airflow/.local/lib/python3.12/site-packages/airflow/example_dags/tutorial_dag.py
[2024-11-11T06:50:41.161+0000] {logging_mixin.py:190} INFO - [2024-11-11T06:50:41.160+0000] {dag.py:3239} INFO - Sync 1 DAGs
[2024-11-11T06:50:41.191+0000] {logging_mixin.py:190} INFO - [2024-11-11T06:50:41.190+0000] {dag.py:4180} INFO - Setting next_dagrun for tutorial_dag to None, run_after=None
[2024-11-11T06:50:41.240+0000] {processor.py:208} INFO - Processing /home/airflow/.local/lib/python3.12/site-packages/airflow/example_dags/tutorial_dag.py took 0.151 seconds
[2024-11-11T06:51:12.977+0000] {processor.py:186} INFO - Started process (PID=3836) to work on /home/airflow/.local/lib/python3.12/site-packages/airflow/example_dags/tutorial_dag.py
[2024-11-11T06:51:12.979+0000] {processor.py:914} INFO - Processing file /home/airflow/.local/lib/python3.12/site-packages/airflow/example_dags/tutorial_dag.py for tasks to queue
[2024-11-11T06:51:12.983+0000] {logging_mixin.py:190} INFO - [2024-11-11T06:51:12.983+0000] {dagbag.py:588} INFO - Filling up the DagBag from /home/airflow/.local/lib/python3.12/site-packages/airflow/example_dags/tutorial_dag.py
[2024-11-11T06:51:12.995+0000] {processor.py:925} INFO - DAG(s) 'tutorial_dag' retrieved from /home/airflow/.local/lib/python3.12/site-packages/airflow/example_dags/tutorial_dag.py
[2024-11-11T06:51:13.025+0000] {logging_mixin.py:190} INFO - [2024-11-11T06:51:13.025+0000] {dag.py:3239} INFO - Sync 1 DAGs
[2024-11-11T06:51:13.058+0000] {logging_mixin.py:190} INFO - [2024-11-11T06:51:13.058+0000] {dag.py:4180} INFO - Setting next_dagrun for tutorial_dag to None, run_after=None
[2024-11-11T06:51:13.087+0000] {processor.py:208} INFO - Processing /home/airflow/.local/lib/python3.12/site-packages/airflow/example_dags/tutorial_dag.py took 0.121 seconds
[2024-11-11T06:51:44.253+0000] {processor.py:186} INFO - Started process (PID=4127) to work on /home/airflow/.local/lib/python3.12/site-packages/airflow/example_dags/tutorial_dag.py
[2024-11-11T06:51:44.255+0000] {processor.py:914} INFO - Processing file /home/airflow/.local/lib/python3.12/site-packages/airflow/example_dags/tutorial_dag.py for tasks to queue
[2024-11-11T06:51:44.260+0000] {logging_mixin.py:190} INFO - [2024-11-11T06:51:44.259+0000] {dagbag.py:588} INFO - Filling up the DagBag from /home/airflow/.local/lib/python3.12/site-packages/airflow/example_dags/tutorial_dag.py
[2024-11-11T06:51:44.277+0000] {processor.py:925} INFO - DAG(s) 'tutorial_dag' retrieved from /home/airflow/.local/lib/python3.12/site-packages/airflow/example_dags/tutorial_dag.py
[2024-11-11T06:51:44.312+0000] {logging_mixin.py:190} INFO - [2024-11-11T06:51:44.311+0000] {dag.py:3239} INFO - Sync 1 DAGs
[2024-11-11T06:51:44.340+0000] {logging_mixin.py:190} INFO - [2024-11-11T06:51:44.339+0000] {dag.py:4180} INFO - Setting next_dagrun for tutorial_dag to None, run_after=None
[2024-11-11T06:51:44.377+0000] {processor.py:208} INFO - Processing /home/airflow/.local/lib/python3.12/site-packages/airflow/example_dags/tutorial_dag.py took 0.139 seconds
[2024-11-11T06:52:16.174+0000] {processor.py:186} INFO - Started process (PID=4418) to work on /home/airflow/.local/lib/python3.12/site-packages/airflow/example_dags/tutorial_dag.py
[2024-11-11T06:52:16.177+0000] {processor.py:914} INFO - Processing file /home/airflow/.local/lib/python3.12/site-packages/airflow/example_dags/tutorial_dag.py for tasks to queue
[2024-11-11T06:52:16.183+0000] {logging_mixin.py:190} INFO - [2024-11-11T06:52:16.183+0000] {dagbag.py:588} INFO - Filling up the DagBag from /home/airflow/.local/lib/python3.12/site-packages/airflow/example_dags/tutorial_dag.py
[2024-11-11T06:52:16.201+0000] {processor.py:925} INFO - DAG(s) 'tutorial_dag' retrieved from /home/airflow/.local/lib/python3.12/site-packages/airflow/example_dags/tutorial_dag.py
[2024-11-11T06:52:16.245+0000] {logging_mixin.py:190} INFO - [2024-11-11T06:52:16.245+0000] {dag.py:3239} INFO - Sync 1 DAGs
[2024-11-11T06:52:16.278+0000] {logging_mixin.py:190} INFO - [2024-11-11T06:52:16.277+0000] {dag.py:4180} INFO - Setting next_dagrun for tutorial_dag to None, run_after=None
[2024-11-11T06:52:16.324+0000] {processor.py:208} INFO - Processing /home/airflow/.local/lib/python3.12/site-packages/airflow/example_dags/tutorial_dag.py took 0.161 seconds
