[2024-11-11T06:44:21.116+0000] {processor.py:186} INFO - Started process (PID=227) to work on /home/airflow/.local/lib/python3.12/site-packages/airflow/example_dags/tutorial_objectstorage.py
[2024-11-11T06:44:21.118+0000] {processor.py:914} INFO - Processing file /home/airflow/.local/lib/python3.12/site-packages/airflow/example_dags/tutorial_objectstorage.py for tasks to queue
[2024-11-11T06:44:21.125+0000] {logging_mixin.py:190} INFO - [2024-11-11T06:44:21.123+0000] {dagbag.py:588} INFO - Filling up the DagBag from /home/airflow/.local/lib/python3.12/site-packages/airflow/example_dags/tutorial_objectstorage.py
[2024-11-11T06:44:21.158+0000] {processor.py:925} INFO - DAG(s) 'tutorial_objectstorage' retrieved from /home/airflow/.local/lib/python3.12/site-packages/airflow/example_dags/tutorial_objectstorage.py
[2024-11-11T06:44:21.416+0000] {logging_mixin.py:190} INFO - [2024-11-11T06:44:21.415+0000] {override.py:1911} INFO - Created Permission View: can delete on DAG:tutorial_objectstorage
[2024-11-11T06:44:21.452+0000] {logging_mixin.py:190} INFO - [2024-11-11T06:44:21.452+0000] {override.py:1911} INFO - Created Permission View: can edit on DAG:tutorial_objectstorage
[2024-11-11T06:44:21.481+0000] {logging_mixin.py:190} INFO - [2024-11-11T06:44:21.480+0000] {override.py:1911} INFO - Created Permission View: can read on DAG:tutorial_objectstorage
[2024-11-11T06:44:21.511+0000] {logging_mixin.py:190} INFO - [2024-11-11T06:44:21.510+0000] {override.py:1911} INFO - Created Permission View: menu access on DAG Run:tutorial_objectstorage
[2024-11-11T06:44:21.548+0000] {logging_mixin.py:190} INFO - [2024-11-11T06:44:21.548+0000] {override.py:1911} INFO - Created Permission View: can delete on DAG Run:tutorial_objectstorage
[2024-11-11T06:44:21.577+0000] {logging_mixin.py:190} INFO - [2024-11-11T06:44:21.576+0000] {override.py:1911} INFO - Created Permission View: can create on DAG Run:tutorial_objectstorage
[2024-11-11T06:44:21.598+0000] {logging_mixin.py:190} INFO - [2024-11-11T06:44:21.598+0000] {override.py:1911} INFO - Created Permission View: can read on DAG Run:tutorial_objectstorage
[2024-11-11T06:44:21.602+0000] {logging_mixin.py:190} INFO - [2024-11-11T06:44:21.601+0000] {dag.py:3239} INFO - Sync 1 DAGs
[2024-11-11T06:44:21.635+0000] {logging_mixin.py:190} INFO - [2024-11-11T06:44:21.635+0000] {dag.py:3262} INFO - Creating ORM DAG for tutorial_objectstorage
[2024-11-11T06:44:21.640+0000] {logging_mixin.py:190} INFO - [2024-11-11T06:44:21.640+0000] {dag.py:4180} INFO - Setting next_dagrun for tutorial_objectstorage to None, run_after=None
[2024-11-11T06:44:21.683+0000] {processor.py:208} INFO - Processing /home/airflow/.local/lib/python3.12/site-packages/airflow/example_dags/tutorial_objectstorage.py took 0.581 seconds
[2024-11-11T06:45:03.664+0000] {processor.py:186} INFO - Started process (PID=525) to work on /home/airflow/.local/lib/python3.12/site-packages/airflow/example_dags/tutorial_objectstorage.py
[2024-11-11T06:45:03.667+0000] {processor.py:914} INFO - Processing file /home/airflow/.local/lib/python3.12/site-packages/airflow/example_dags/tutorial_objectstorage.py for tasks to queue
[2024-11-11T06:45:03.673+0000] {logging_mixin.py:190} INFO - [2024-11-11T06:45:03.672+0000] {dagbag.py:588} INFO - Filling up the DagBag from /home/airflow/.local/lib/python3.12/site-packages/airflow/example_dags/tutorial_objectstorage.py
[2024-11-11T06:45:03.798+0000] {processor.py:925} INFO - DAG(s) 'tutorial_objectstorage' retrieved from /home/airflow/.local/lib/python3.12/site-packages/airflow/example_dags/tutorial_objectstorage.py
[2024-11-11T06:45:03.871+0000] {logging_mixin.py:190} INFO - [2024-11-11T06:45:03.869+0000] {dag.py:3239} INFO - Sync 1 DAGs
[2024-11-11T06:45:03.920+0000] {logging_mixin.py:190} INFO - [2024-11-11T06:45:03.919+0000] {dag.py:4180} INFO - Setting next_dagrun for tutorial_objectstorage to None, run_after=None
[2024-11-11T06:45:03.981+0000] {processor.py:208} INFO - Processing /home/airflow/.local/lib/python3.12/site-packages/airflow/example_dags/tutorial_objectstorage.py took 0.347 seconds
[2024-11-11T06:45:43.831+0000] {processor.py:186} INFO - Started process (PID=818) to work on /home/airflow/.local/lib/python3.12/site-packages/airflow/example_dags/tutorial_objectstorage.py
[2024-11-11T06:45:43.834+0000] {processor.py:914} INFO - Processing file /home/airflow/.local/lib/python3.12/site-packages/airflow/example_dags/tutorial_objectstorage.py for tasks to queue
[2024-11-11T06:45:43.846+0000] {logging_mixin.py:190} INFO - [2024-11-11T06:45:43.845+0000] {dagbag.py:588} INFO - Filling up the DagBag from /home/airflow/.local/lib/python3.12/site-packages/airflow/example_dags/tutorial_objectstorage.py
[2024-11-11T06:45:43.879+0000] {processor.py:925} INFO - DAG(s) 'tutorial_objectstorage' retrieved from /home/airflow/.local/lib/python3.12/site-packages/airflow/example_dags/tutorial_objectstorage.py
[2024-11-11T06:45:43.935+0000] {logging_mixin.py:190} INFO - [2024-11-11T06:45:43.934+0000] {dag.py:3239} INFO - Sync 1 DAGs
[2024-11-11T06:45:43.987+0000] {logging_mixin.py:190} INFO - [2024-11-11T06:45:43.987+0000] {dag.py:4180} INFO - Setting next_dagrun for tutorial_objectstorage to None, run_after=None
[2024-11-11T06:45:44.063+0000] {processor.py:208} INFO - Processing /home/airflow/.local/lib/python3.12/site-packages/airflow/example_dags/tutorial_objectstorage.py took 0.248 seconds
[2024-11-11T06:46:19.424+0000] {processor.py:186} INFO - Started process (PID=1127) to work on /home/airflow/.local/lib/python3.12/site-packages/airflow/example_dags/tutorial_objectstorage.py
[2024-11-11T06:46:19.426+0000] {processor.py:914} INFO - Processing file /home/airflow/.local/lib/python3.12/site-packages/airflow/example_dags/tutorial_objectstorage.py for tasks to queue
[2024-11-11T06:46:19.434+0000] {logging_mixin.py:190} INFO - [2024-11-11T06:46:19.434+0000] {dagbag.py:588} INFO - Filling up the DagBag from /home/airflow/.local/lib/python3.12/site-packages/airflow/example_dags/tutorial_objectstorage.py
[2024-11-11T06:46:19.470+0000] {processor.py:925} INFO - DAG(s) 'tutorial_objectstorage' retrieved from /home/airflow/.local/lib/python3.12/site-packages/airflow/example_dags/tutorial_objectstorage.py
[2024-11-11T06:46:19.531+0000] {logging_mixin.py:190} INFO - [2024-11-11T06:46:19.530+0000] {dag.py:3239} INFO - Sync 1 DAGs
[2024-11-11T06:46:19.586+0000] {logging_mixin.py:190} INFO - [2024-11-11T06:46:19.586+0000] {dag.py:4180} INFO - Setting next_dagrun for tutorial_objectstorage to None, run_after=None
[2024-11-11T06:46:19.657+0000] {processor.py:208} INFO - Processing /home/airflow/.local/lib/python3.12/site-packages/airflow/example_dags/tutorial_objectstorage.py took 0.247 seconds
[2024-11-11T06:46:51.779+0000] {processor.py:186} INFO - Started process (PID=1423) to work on /home/airflow/.local/lib/python3.12/site-packages/airflow/example_dags/tutorial_objectstorage.py
[2024-11-11T06:46:51.780+0000] {processor.py:914} INFO - Processing file /home/airflow/.local/lib/python3.12/site-packages/airflow/example_dags/tutorial_objectstorage.py for tasks to queue
[2024-11-11T06:46:51.787+0000] {logging_mixin.py:190} INFO - [2024-11-11T06:46:51.786+0000] {dagbag.py:588} INFO - Filling up the DagBag from /home/airflow/.local/lib/python3.12/site-packages/airflow/example_dags/tutorial_objectstorage.py
[2024-11-11T06:46:51.808+0000] {processor.py:925} INFO - DAG(s) 'tutorial_objectstorage' retrieved from /home/airflow/.local/lib/python3.12/site-packages/airflow/example_dags/tutorial_objectstorage.py
[2024-11-11T06:46:51.844+0000] {logging_mixin.py:190} INFO - [2024-11-11T06:46:51.843+0000] {dag.py:3239} INFO - Sync 1 DAGs
[2024-11-11T06:46:51.875+0000] {logging_mixin.py:190} INFO - [2024-11-11T06:46:51.874+0000] {dag.py:4180} INFO - Setting next_dagrun for tutorial_objectstorage to None, run_after=None
[2024-11-11T06:46:51.921+0000] {processor.py:208} INFO - Processing /home/airflow/.local/lib/python3.12/site-packages/airflow/example_dags/tutorial_objectstorage.py took 0.155 seconds
[2024-11-11T06:47:23.248+0000] {processor.py:186} INFO - Started process (PID=1714) to work on /home/airflow/.local/lib/python3.12/site-packages/airflow/example_dags/tutorial_objectstorage.py
[2024-11-11T06:47:23.249+0000] {processor.py:914} INFO - Processing file /home/airflow/.local/lib/python3.12/site-packages/airflow/example_dags/tutorial_objectstorage.py for tasks to queue
[2024-11-11T06:47:23.252+0000] {logging_mixin.py:190} INFO - [2024-11-11T06:47:23.252+0000] {dagbag.py:588} INFO - Filling up the DagBag from /home/airflow/.local/lib/python3.12/site-packages/airflow/example_dags/tutorial_objectstorage.py
[2024-11-11T06:47:23.263+0000] {processor.py:925} INFO - DAG(s) 'tutorial_objectstorage' retrieved from /home/airflow/.local/lib/python3.12/site-packages/airflow/example_dags/tutorial_objectstorage.py
[2024-11-11T06:47:23.287+0000] {logging_mixin.py:190} INFO - [2024-11-11T06:47:23.287+0000] {dag.py:3239} INFO - Sync 1 DAGs
[2024-11-11T06:47:23.305+0000] {logging_mixin.py:190} INFO - [2024-11-11T06:47:23.305+0000] {dag.py:4180} INFO - Setting next_dagrun for tutorial_objectstorage to None, run_after=None
[2024-11-11T06:47:23.328+0000] {processor.py:208} INFO - Processing /home/airflow/.local/lib/python3.12/site-packages/airflow/example_dags/tutorial_objectstorage.py took 0.088 seconds
[2024-11-11T06:47:57.242+0000] {processor.py:186} INFO - Started process (PID=2007) to work on /home/airflow/.local/lib/python3.12/site-packages/airflow/example_dags/tutorial_objectstorage.py
[2024-11-11T06:47:57.245+0000] {processor.py:914} INFO - Processing file /home/airflow/.local/lib/python3.12/site-packages/airflow/example_dags/tutorial_objectstorage.py for tasks to queue
[2024-11-11T06:47:57.252+0000] {logging_mixin.py:190} INFO - [2024-11-11T06:47:57.251+0000] {dagbag.py:588} INFO - Filling up the DagBag from /home/airflow/.local/lib/python3.12/site-packages/airflow/example_dags/tutorial_objectstorage.py
[2024-11-11T06:47:57.297+0000] {processor.py:925} INFO - DAG(s) 'tutorial_objectstorage' retrieved from /home/airflow/.local/lib/python3.12/site-packages/airflow/example_dags/tutorial_objectstorage.py
[2024-11-11T06:47:57.354+0000] {logging_mixin.py:190} INFO - [2024-11-11T06:47:57.353+0000] {dag.py:3239} INFO - Sync 1 DAGs
[2024-11-11T06:47:57.398+0000] {logging_mixin.py:190} INFO - [2024-11-11T06:47:57.397+0000] {dag.py:4180} INFO - Setting next_dagrun for tutorial_objectstorage to None, run_after=None
[2024-11-11T06:47:57.477+0000] {processor.py:208} INFO - Processing /home/airflow/.local/lib/python3.12/site-packages/airflow/example_dags/tutorial_objectstorage.py took 0.253 seconds
[2024-11-11T06:48:28.152+0000] {processor.py:186} INFO - Started process (PID=2296) to work on /home/airflow/.local/lib/python3.12/site-packages/airflow/example_dags/tutorial_objectstorage.py
[2024-11-11T06:48:28.154+0000] {processor.py:914} INFO - Processing file /home/airflow/.local/lib/python3.12/site-packages/airflow/example_dags/tutorial_objectstorage.py for tasks to queue
[2024-11-11T06:48:28.161+0000] {logging_mixin.py:190} INFO - [2024-11-11T06:48:28.160+0000] {dagbag.py:588} INFO - Filling up the DagBag from /home/airflow/.local/lib/python3.12/site-packages/airflow/example_dags/tutorial_objectstorage.py
[2024-11-11T06:48:28.184+0000] {processor.py:925} INFO - DAG(s) 'tutorial_objectstorage' retrieved from /home/airflow/.local/lib/python3.12/site-packages/airflow/example_dags/tutorial_objectstorage.py
[2024-11-11T06:48:28.227+0000] {logging_mixin.py:190} INFO - [2024-11-11T06:48:28.227+0000] {dag.py:3239} INFO - Sync 1 DAGs
[2024-11-11T06:48:28.260+0000] {logging_mixin.py:190} INFO - [2024-11-11T06:48:28.259+0000] {dag.py:4180} INFO - Setting next_dagrun for tutorial_objectstorage to None, run_after=None
[2024-11-11T06:48:28.310+0000] {processor.py:208} INFO - Processing /home/airflow/.local/lib/python3.12/site-packages/airflow/example_dags/tutorial_objectstorage.py took 0.173 seconds
[2024-11-11T06:48:59.788+0000] {processor.py:186} INFO - Started process (PID=2587) to work on /home/airflow/.local/lib/python3.12/site-packages/airflow/example_dags/tutorial_objectstorage.py
[2024-11-11T06:48:59.792+0000] {processor.py:914} INFO - Processing file /home/airflow/.local/lib/python3.12/site-packages/airflow/example_dags/tutorial_objectstorage.py for tasks to queue
[2024-11-11T06:48:59.798+0000] {logging_mixin.py:190} INFO - [2024-11-11T06:48:59.798+0000] {dagbag.py:588} INFO - Filling up the DagBag from /home/airflow/.local/lib/python3.12/site-packages/airflow/example_dags/tutorial_objectstorage.py
[2024-11-11T06:48:59.815+0000] {processor.py:925} INFO - DAG(s) 'tutorial_objectstorage' retrieved from /home/airflow/.local/lib/python3.12/site-packages/airflow/example_dags/tutorial_objectstorage.py
[2024-11-11T06:48:59.849+0000] {logging_mixin.py:190} INFO - [2024-11-11T06:48:59.849+0000] {dag.py:3239} INFO - Sync 1 DAGs
[2024-11-11T06:48:59.874+0000] {logging_mixin.py:190} INFO - [2024-11-11T06:48:59.874+0000] {dag.py:4180} INFO - Setting next_dagrun for tutorial_objectstorage to None, run_after=None
[2024-11-11T06:48:59.911+0000] {processor.py:208} INFO - Processing /home/airflow/.local/lib/python3.12/site-packages/airflow/example_dags/tutorial_objectstorage.py took 0.134 seconds
[2024-11-11T06:49:31.046+0000] {processor.py:186} INFO - Started process (PID=2878) to work on /home/airflow/.local/lib/python3.12/site-packages/airflow/example_dags/tutorial_objectstorage.py
[2024-11-11T06:49:31.048+0000] {processor.py:914} INFO - Processing file /home/airflow/.local/lib/python3.12/site-packages/airflow/example_dags/tutorial_objectstorage.py for tasks to queue
[2024-11-11T06:49:31.051+0000] {logging_mixin.py:190} INFO - [2024-11-11T06:49:31.050+0000] {dagbag.py:588} INFO - Filling up the DagBag from /home/airflow/.local/lib/python3.12/site-packages/airflow/example_dags/tutorial_objectstorage.py
[2024-11-11T06:49:31.062+0000] {processor.py:925} INFO - DAG(s) 'tutorial_objectstorage' retrieved from /home/airflow/.local/lib/python3.12/site-packages/airflow/example_dags/tutorial_objectstorage.py
[2024-11-11T06:49:31.085+0000] {logging_mixin.py:190} INFO - [2024-11-11T06:49:31.084+0000] {dag.py:3239} INFO - Sync 1 DAGs
[2024-11-11T06:49:31.103+0000] {logging_mixin.py:190} INFO - [2024-11-11T06:49:31.103+0000] {dag.py:4180} INFO - Setting next_dagrun for tutorial_objectstorage to None, run_after=None
[2024-11-11T06:49:31.128+0000] {processor.py:208} INFO - Processing /home/airflow/.local/lib/python3.12/site-packages/airflow/example_dags/tutorial_objectstorage.py took 0.090 seconds
[2024-11-11T06:50:02.874+0000] {processor.py:186} INFO - Started process (PID=3164) to work on /home/airflow/.local/lib/python3.12/site-packages/airflow/example_dags/tutorial_objectstorage.py
[2024-11-11T06:50:02.887+0000] {processor.py:914} INFO - Processing file /home/airflow/.local/lib/python3.12/site-packages/airflow/example_dags/tutorial_objectstorage.py for tasks to queue
[2024-11-11T06:50:02.905+0000] {logging_mixin.py:190} INFO - [2024-11-11T06:50:02.904+0000] {dagbag.py:588} INFO - Filling up the DagBag from /home/airflow/.local/lib/python3.12/site-packages/airflow/example_dags/tutorial_objectstorage.py
[2024-11-11T06:50:02.963+0000] {processor.py:925} INFO - DAG(s) 'tutorial_objectstorage' retrieved from /home/airflow/.local/lib/python3.12/site-packages/airflow/example_dags/tutorial_objectstorage.py
[2024-11-11T06:50:03.059+0000] {logging_mixin.py:190} INFO - [2024-11-11T06:50:03.059+0000] {dag.py:3239} INFO - Sync 1 DAGs
[2024-11-11T06:50:03.121+0000] {logging_mixin.py:190} INFO - [2024-11-11T06:50:03.120+0000] {dag.py:4180} INFO - Setting next_dagrun for tutorial_objectstorage to None, run_after=None
[2024-11-11T06:50:03.195+0000] {processor.py:208} INFO - Processing /home/airflow/.local/lib/python3.12/site-packages/airflow/example_dags/tutorial_objectstorage.py took 0.365 seconds
[2024-11-11T06:50:33.294+0000] {processor.py:186} INFO - Started process (PID=3450) to work on /home/airflow/.local/lib/python3.12/site-packages/airflow/example_dags/tutorial_objectstorage.py
[2024-11-11T06:50:33.297+0000] {processor.py:914} INFO - Processing file /home/airflow/.local/lib/python3.12/site-packages/airflow/example_dags/tutorial_objectstorage.py for tasks to queue
[2024-11-11T06:50:33.301+0000] {logging_mixin.py:190} INFO - [2024-11-11T06:50:33.300+0000] {dagbag.py:588} INFO - Filling up the DagBag from /home/airflow/.local/lib/python3.12/site-packages/airflow/example_dags/tutorial_objectstorage.py
[2024-11-11T06:50:33.318+0000] {processor.py:925} INFO - DAG(s) 'tutorial_objectstorage' retrieved from /home/airflow/.local/lib/python3.12/site-packages/airflow/example_dags/tutorial_objectstorage.py
[2024-11-11T06:50:33.356+0000] {logging_mixin.py:190} INFO - [2024-11-11T06:50:33.355+0000] {dag.py:3239} INFO - Sync 1 DAGs
[2024-11-11T06:50:33.380+0000] {logging_mixin.py:190} INFO - [2024-11-11T06:50:33.380+0000] {dag.py:4180} INFO - Setting next_dagrun for tutorial_objectstorage to None, run_after=None
[2024-11-11T06:50:33.417+0000] {processor.py:208} INFO - Processing /home/airflow/.local/lib/python3.12/site-packages/airflow/example_dags/tutorial_objectstorage.py took 0.135 seconds
[2024-11-11T06:51:04.318+0000] {processor.py:186} INFO - Started process (PID=3741) to work on /home/airflow/.local/lib/python3.12/site-packages/airflow/example_dags/tutorial_objectstorage.py
[2024-11-11T06:51:04.320+0000] {processor.py:914} INFO - Processing file /home/airflow/.local/lib/python3.12/site-packages/airflow/example_dags/tutorial_objectstorage.py for tasks to queue
[2024-11-11T06:51:04.323+0000] {logging_mixin.py:190} INFO - [2024-11-11T06:51:04.323+0000] {dagbag.py:588} INFO - Filling up the DagBag from /home/airflow/.local/lib/python3.12/site-packages/airflow/example_dags/tutorial_objectstorage.py
[2024-11-11T06:51:04.338+0000] {processor.py:925} INFO - DAG(s) 'tutorial_objectstorage' retrieved from /home/airflow/.local/lib/python3.12/site-packages/airflow/example_dags/tutorial_objectstorage.py
[2024-11-11T06:51:04.369+0000] {logging_mixin.py:190} INFO - [2024-11-11T06:51:04.369+0000] {dag.py:3239} INFO - Sync 1 DAGs
[2024-11-11T06:51:04.396+0000] {logging_mixin.py:190} INFO - [2024-11-11T06:51:04.396+0000] {dag.py:4180} INFO - Setting next_dagrun for tutorial_objectstorage to None, run_after=None
[2024-11-11T06:51:04.428+0000] {processor.py:208} INFO - Processing /home/airflow/.local/lib/python3.12/site-packages/airflow/example_dags/tutorial_objectstorage.py took 0.122 seconds
[2024-11-11T06:51:35.580+0000] {processor.py:186} INFO - Started process (PID=4032) to work on /home/airflow/.local/lib/python3.12/site-packages/airflow/example_dags/tutorial_objectstorage.py
[2024-11-11T06:51:35.583+0000] {processor.py:914} INFO - Processing file /home/airflow/.local/lib/python3.12/site-packages/airflow/example_dags/tutorial_objectstorage.py for tasks to queue
[2024-11-11T06:51:35.587+0000] {logging_mixin.py:190} INFO - [2024-11-11T06:51:35.586+0000] {dagbag.py:588} INFO - Filling up the DagBag from /home/airflow/.local/lib/python3.12/site-packages/airflow/example_dags/tutorial_objectstorage.py
[2024-11-11T06:51:35.605+0000] {processor.py:925} INFO - DAG(s) 'tutorial_objectstorage' retrieved from /home/airflow/.local/lib/python3.12/site-packages/airflow/example_dags/tutorial_objectstorage.py
[2024-11-11T06:51:35.638+0000] {logging_mixin.py:190} INFO - [2024-11-11T06:51:35.637+0000] {dag.py:3239} INFO - Sync 1 DAGs
[2024-11-11T06:51:35.662+0000] {logging_mixin.py:190} INFO - [2024-11-11T06:51:35.662+0000] {dag.py:4180} INFO - Setting next_dagrun for tutorial_objectstorage to None, run_after=None
[2024-11-11T06:51:35.706+0000] {processor.py:208} INFO - Processing /home/airflow/.local/lib/python3.12/site-packages/airflow/example_dags/tutorial_objectstorage.py took 0.135 seconds
[2024-11-11T06:52:07.150+0000] {processor.py:186} INFO - Started process (PID=4325) to work on /home/airflow/.local/lib/python3.12/site-packages/airflow/example_dags/tutorial_objectstorage.py
[2024-11-11T06:52:07.151+0000] {processor.py:914} INFO - Processing file /home/airflow/.local/lib/python3.12/site-packages/airflow/example_dags/tutorial_objectstorage.py for tasks to queue
[2024-11-11T06:52:07.158+0000] {logging_mixin.py:190} INFO - [2024-11-11T06:52:07.157+0000] {dagbag.py:588} INFO - Filling up the DagBag from /home/airflow/.local/lib/python3.12/site-packages/airflow/example_dags/tutorial_objectstorage.py
[2024-11-11T06:52:07.174+0000] {processor.py:925} INFO - DAG(s) 'tutorial_objectstorage' retrieved from /home/airflow/.local/lib/python3.12/site-packages/airflow/example_dags/tutorial_objectstorage.py
[2024-11-11T06:52:07.213+0000] {logging_mixin.py:190} INFO - [2024-11-11T06:52:07.212+0000] {dag.py:3239} INFO - Sync 1 DAGs
[2024-11-11T06:52:07.240+0000] {logging_mixin.py:190} INFO - [2024-11-11T06:52:07.239+0000] {dag.py:4180} INFO - Setting next_dagrun for tutorial_objectstorage to None, run_after=None
[2024-11-11T06:52:07.278+0000] {processor.py:208} INFO - Processing /home/airflow/.local/lib/python3.12/site-packages/airflow/example_dags/tutorial_objectstorage.py took 0.146 seconds
[2024-11-11T06:52:38.210+0000] {processor.py:186} INFO - Started process (PID=4614) to work on /home/airflow/.local/lib/python3.12/site-packages/airflow/example_dags/tutorial_objectstorage.py
[2024-11-11T06:52:38.212+0000] {processor.py:914} INFO - Processing file /home/airflow/.local/lib/python3.12/site-packages/airflow/example_dags/tutorial_objectstorage.py for tasks to queue
[2024-11-11T06:52:38.216+0000] {logging_mixin.py:190} INFO - [2024-11-11T06:52:38.216+0000] {dagbag.py:588} INFO - Filling up the DagBag from /home/airflow/.local/lib/python3.12/site-packages/airflow/example_dags/tutorial_objectstorage.py
[2024-11-11T06:52:38.231+0000] {processor.py:925} INFO - DAG(s) 'tutorial_objectstorage' retrieved from /home/airflow/.local/lib/python3.12/site-packages/airflow/example_dags/tutorial_objectstorage.py
[2024-11-11T06:52:38.258+0000] {logging_mixin.py:190} INFO - [2024-11-11T06:52:38.258+0000] {dag.py:3239} INFO - Sync 1 DAGs
[2024-11-11T06:52:38.284+0000] {logging_mixin.py:190} INFO - [2024-11-11T06:52:38.283+0000] {dag.py:4180} INFO - Setting next_dagrun for tutorial_objectstorage to None, run_after=None
[2024-11-11T06:52:38.310+0000] {processor.py:208} INFO - Processing /home/airflow/.local/lib/python3.12/site-packages/airflow/example_dags/tutorial_objectstorage.py took 0.109 seconds
