[2024-11-19T21:06:41.322+0000] {local_task_job_runner.py:123} INFO - ::group::Pre task execution logs
[2024-11-19T21:06:41.365+0000] {taskinstance.py:2613} INFO - Dependencies all met for dep_context=non-requeueable deps ti=<TaskInstance: ETL_financial_reports.ingest_financial_reports_task manual__2024-11-19T21:05:45.063159+00:00 [queued]>
[2024-11-19T21:06:41.394+0000] {taskinstance.py:2613} INFO - Dependencies all met for dep_context=requeueable deps ti=<TaskInstance: ETL_financial_reports.ingest_financial_reports_task manual__2024-11-19T21:05:45.063159+00:00 [queued]>
[2024-11-19T21:06:41.395+0000] {taskinstance.py:2866} INFO - Starting attempt 1 of 1
[2024-11-19T21:06:41.442+0000] {taskinstance.py:2889} INFO - Executing <Task(PythonOperator): ingest_financial_reports_task> on 2024-11-19 21:05:45.063159+00:00
[2024-11-19T21:06:41.479+0000] {standard_task_runner.py:104} INFO - Running: ['***', 'tasks', 'run', 'ETL_financial_reports', 'ingest_financial_reports_task', 'manual__2024-11-19T21:05:45.063159+00:00', '--job-id', '139', '--raw', '--subdir', 'DAGS_FOLDER/project_dag.py', '--cfg-path', '/tmp/tmpwotifw4a']
[2024-11-19T21:06:41.480+0000] {logging_mixin.py:190} WARNING - /home/***/.local/lib/python3.12/site-packages/***/task/task_runner/standard_task_runner.py:70 DeprecationWarning: This process (pid=38139) is multi-threaded, use of fork() may lead to deadlocks in the child.
[2024-11-19T21:06:41.483+0000] {standard_task_runner.py:105} INFO - Job 139: Subtask ingest_financial_reports_task
[2024-11-19T21:06:41.483+0000] {standard_task_runner.py:72} INFO - Started process 38141 to run task
[2024-11-19T21:06:41.614+0000] {task_command.py:467} INFO - Running <TaskInstance: ETL_financial_reports.ingest_financial_reports_task manual__2024-11-19T21:05:45.063159+00:00 [running]> on host 7da4b16cbed4
[2024-11-19T21:06:41.853+0000] {taskinstance.py:3132} INFO - Exporting env vars: AIRFLOW_CTX_DAG_OWNER='***' AIRFLOW_CTX_DAG_ID='ETL_financial_reports' AIRFLOW_CTX_TASK_ID='ingest_financial_reports_task' AIRFLOW_CTX_EXECUTION_DATE='2024-11-19T21:05:45.063159+00:00' AIRFLOW_CTX_TRY_NUMBER='1' AIRFLOW_CTX_DAG_RUN_ID='manual__2024-11-19T21:05:45.063159+00:00'
[2024-11-19T21:06:41.855+0000] {taskinstance.py:731} INFO - ::endgroup::
[2024-11-19T21:06:42.627+0000] {logging_mixin.py:190} INFO - Processing file: financial_reports/processed_CDBG_DR_Grant_Expenditure_Report_11_2024.csv
[2024-11-19T21:06:43.247+0000] {logging_mixin.py:190} INFO - Data successfully written to table grantfinancialreports.
[2024-11-19T21:06:43.876+0000] {logging_mixin.py:190} INFO - File moved from s3://project-processed-data/financial_reports/processed_CDBG_DR_Grant_Expenditure_Report_11_2024.csv to s3://project-processed-data/archived/financial_reports/processed_CDBG_DR_Grant_Expenditure_Report_11_2024.csv
[2024-11-19T21:06:44.883+0000] {python.py:240} INFO - Done. Returned value was: None
[2024-11-19T21:06:44.906+0000] {taskinstance.py:340} INFO - ::group::Post task execution logs
[2024-11-19T21:06:44.909+0000] {taskinstance.py:352} INFO - Marking task as SUCCESS. dag_id=ETL_financial_reports, task_id=ingest_financial_reports_task, run_id=manual__2024-11-19T21:05:45.063159+00:00, execution_date=20241119T210545, start_date=20241119T210641, end_date=20241119T210644
[2024-11-19T21:06:45.002+0000] {local_task_job_runner.py:266} INFO - Task exited with return code 0
[2024-11-19T21:06:45.041+0000] {taskinstance.py:3895} INFO - 0 downstream tasks scheduled from follow-on schedule check
[2024-11-19T21:06:45.044+0000] {local_task_job_runner.py:245} INFO - ::endgroup::
