[2024-12-02T18:02:18.363+0000] {local_task_job_runner.py:123} INFO - ::group::Pre task execution logs
[2024-12-02T18:02:18.381+0000] {taskinstance.py:2613} INFO - Dependencies all met for dep_context=non-requeueable deps ti=<TaskInstance: ETL_history_reports.fetch_history_reports_task manual__2024-12-02T18:02:15.211883+00:00 [queued]>
[2024-12-02T18:02:18.391+0000] {taskinstance.py:2613} INFO - Dependencies all met for dep_context=requeueable deps ti=<TaskInstance: ETL_history_reports.fetch_history_reports_task manual__2024-12-02T18:02:15.211883+00:00 [queued]>
[2024-12-02T18:02:18.391+0000] {taskinstance.py:2866} INFO - Starting attempt 1 of 1
[2024-12-02T18:02:18.409+0000] {taskinstance.py:2889} INFO - Executing <Task(PythonOperator): fetch_history_reports_task> on 2024-12-02 18:02:15.211883+00:00
[2024-12-02T18:02:18.419+0000] {logging_mixin.py:190} WARNING - /home/***/.local/lib/python3.12/site-packages/***/task/task_runner/standard_task_runner.py:70 DeprecationWarning: This process (pid=62018) is multi-threaded, use of fork() may lead to deadlocks in the child.
[2024-12-02T18:02:18.421+0000] {standard_task_runner.py:72} INFO - Started process 62020 to run task
[2024-12-02T18:02:18.419+0000] {standard_task_runner.py:104} INFO - Running: ['***', 'tasks', 'run', 'ETL_history_reports', 'fetch_history_reports_task', 'manual__2024-12-02T18:02:15.211883+00:00', '--job-id', '481', '--raw', '--subdir', 'DAGS_FOLDER/financial_reports_dag.py', '--cfg-path', '/tmp/tmplqlawdba']
[2024-12-02T18:02:18.422+0000] {standard_task_runner.py:105} INFO - Job 481: Subtask fetch_history_reports_task
[2024-12-02T18:02:18.474+0000] {task_command.py:467} INFO - Running <TaskInstance: ETL_history_reports.fetch_history_reports_task manual__2024-12-02T18:02:15.211883+00:00 [running]> on host 6a246d8d590f
[2024-12-02T18:02:18.792+0000] {taskinstance.py:3132} INFO - Exporting env vars: AIRFLOW_CTX_DAG_OWNER='***' AIRFLOW_CTX_DAG_ID='ETL_history_reports' AIRFLOW_CTX_TASK_ID='fetch_history_reports_task' AIRFLOW_CTX_EXECUTION_DATE='2024-12-02T18:02:15.211883+00:00' AIRFLOW_CTX_TRY_NUMBER='1' AIRFLOW_CTX_DAG_RUN_ID='manual__2024-12-02T18:02:15.211883+00:00'
[2024-12-02T18:02:18.794+0000] {taskinstance.py:731} INFO - ::endgroup::
[2024-12-02T18:02:20.487+0000] {logging_mixin.py:190} INFO - File CDBG_DR_Grant_History_11_1_2024.pdf already exists in S3. Skipping upload.
[2024-12-02T18:02:20.569+0000] {logging_mixin.py:190} INFO - File CDBG_DR_Grant_History_10_1_2024.pdf already exists in S3. Skipping upload.
[2024-12-02T18:02:20.649+0000] {logging_mixin.py:190} INFO - File CDBG_DR_Grant_History_9_1_2024.pdf already exists in S3. Skipping upload.
[2024-12-02T18:02:20.728+0000] {logging_mixin.py:190} INFO - File CDBG_DR_Grant_History_8_1_2024.pdf already exists in S3. Skipping upload.
[2024-12-02T18:02:20.810+0000] {logging_mixin.py:190} INFO - File CDBG_DR_Grant_History_7_1_2024.pdf already exists in S3. Skipping upload.
[2024-12-02T18:02:20.889+0000] {logging_mixin.py:190} INFO - File CDBG_DR_Grant_History_6_1_2024.pdf already exists in S3. Skipping upload.
[2024-12-02T18:02:20.969+0000] {logging_mixin.py:190} INFO - File CDBG_DR_Grant_History_5_1_2024.pdf already exists in S3. Skipping upload.
[2024-12-02T18:02:21.051+0000] {logging_mixin.py:190} INFO - File CDBG_DR_Grant_History-4-1-2024.pdf already exists in S3. Skipping upload.
[2024-12-02T18:02:21.134+0000] {logging_mixin.py:190} INFO - File CDBG-DR-Grant-History-2024-03.pdf already exists in S3. Skipping upload.
[2024-12-02T18:02:21.216+0000] {logging_mixin.py:190} INFO - File CDBG-DR-Grant-History-2024-02.pdf already exists in S3. Skipping upload.
[2024-12-02T18:02:21.297+0000] {logging_mixin.py:190} INFO - File CDBG-DR-Grant-History-2024-01.pdf already exists in S3. Skipping upload.
[2024-12-02T18:02:21.384+0000] {logging_mixin.py:190} INFO - File CDBG-DR-Grant-History-2023-12.pdf already exists in S3. Skipping upload.
[2024-12-02T18:02:21.463+0000] {logging_mixin.py:190} INFO - File CDBG_DR_Grant_History-11-1-2023.pdf already exists in S3. Skipping upload.
[2024-12-02T18:02:21.545+0000] {logging_mixin.py:190} INFO - File CDBG-DR-Grant-History-2023-10.pdf already exists in S3. Skipping upload.
[2024-12-02T18:02:21.627+0000] {logging_mixin.py:190} INFO - File CDBG-DR-Grant-History-2023-04.pdf already exists in S3. Skipping upload.
[2024-12-02T18:02:21.710+0000] {logging_mixin.py:190} INFO - File CDBG-DR-Grant-History-2023-01.pdf already exists in S3. Skipping upload.
[2024-12-02T18:02:21.792+0000] {logging_mixin.py:190} INFO - File CDBG-DR-Grant-History-2022-10.pdf already exists in S3. Skipping upload.
[2024-12-02T18:02:21.875+0000] {logging_mixin.py:190} INFO - File CDBG-DR-Grant-History-2022-07.pdf already exists in S3. Skipping upload.
[2024-12-02T18:02:21.955+0000] {logging_mixin.py:190} INFO - File CDBG-DR-Grant-History-2022-04.pdf already exists in S3. Skipping upload.
[2024-12-02T18:02:22.035+0000] {logging_mixin.py:190} INFO - File CDBG-DR-Grant-History-2022-01.pdf already exists in S3. Skipping upload.
[2024-12-02T18:02:22.115+0000] {logging_mixin.py:190} INFO - File CDBG-DR-Grant-History-2021-10.pdf already exists in S3. Skipping upload.
[2024-12-02T18:02:22.117+0000] {python.py:240} INFO - Done. Returned value was: None
[2024-12-02T18:02:22.129+0000] {taskinstance.py:340} INFO - ::group::Post task execution logs
[2024-12-02T18:02:22.130+0000] {taskinstance.py:352} INFO - Marking task as SUCCESS. dag_id=ETL_history_reports, task_id=fetch_history_reports_task, run_id=manual__2024-12-02T18:02:15.211883+00:00, execution_date=20241202T180215, start_date=20241202T180218, end_date=20241202T180222
[2024-12-02T18:02:22.172+0000] {local_task_job_runner.py:266} INFO - Task exited with return code 0
[2024-12-02T18:02:22.202+0000] {taskinstance.py:3895} INFO - 1 downstream tasks scheduled from follow-on schedule check
[2024-12-02T18:02:22.205+0000] {local_task_job_runner.py:245} INFO - ::endgroup::
