[2024-11-29T04:49:47.065+0000] {local_task_job_runner.py:123} INFO - ::group::Pre task execution logs
[2024-11-29T04:49:47.093+0000] {taskinstance.py:2613} INFO - Dependencies all met for dep_context=non-requeueable deps ti=<TaskInstance: ETL_quarterly_performance_reports.process_performance_reports_task manual__2024-11-29T04:49:43.895086+00:00 [queued]>
[2024-11-29T04:49:47.104+0000] {taskinstance.py:2613} INFO - Dependencies all met for dep_context=requeueable deps ti=<TaskInstance: ETL_quarterly_performance_reports.process_performance_reports_task manual__2024-11-29T04:49:43.895086+00:00 [queued]>
[2024-11-29T04:49:47.107+0000] {taskinstance.py:2866} INFO - Starting attempt 1 of 1
[2024-11-29T04:49:47.125+0000] {taskinstance.py:2889} INFO - Executing <Task(PythonOperator): process_performance_reports_task> on 2024-11-29 04:49:43.895086+00:00
[2024-11-29T04:49:47.136+0000] {logging_mixin.py:190} WARNING - /home/***/.local/lib/python3.12/site-packages/***/task/task_runner/standard_task_runner.py:70 DeprecationWarning: This process (pid=46057) is multi-threaded, use of fork() may lead to deadlocks in the child.
[2024-11-29T04:49:47.136+0000] {standard_task_runner.py:104} INFO - Running: ['***', 'tasks', 'run', 'ETL_quarterly_performance_reports', 'process_performance_reports_task', 'manual__2024-11-29T04:49:43.895086+00:00', '--job-id', '465', '--raw', '--subdir', 'DAGS_FOLDER/project_dag.py', '--cfg-path', '/tmp/tmpprquoqn5']
[2024-11-29T04:49:47.139+0000] {standard_task_runner.py:72} INFO - Started process 46065 to run task
[2024-11-29T04:49:47.139+0000] {standard_task_runner.py:105} INFO - Job 465: Subtask process_performance_reports_task
[2024-11-29T04:49:47.194+0000] {task_command.py:467} INFO - Running <TaskInstance: ETL_quarterly_performance_reports.process_performance_reports_task manual__2024-11-29T04:49:43.895086+00:00 [running]> on host 6a246d8d590f
[2024-11-29T04:49:47.518+0000] {taskinstance.py:3132} INFO - Exporting env vars: AIRFLOW_CTX_DAG_OWNER='***' AIRFLOW_CTX_DAG_ID='ETL_quarterly_performance_reports' AIRFLOW_CTX_TASK_ID='process_performance_reports_task' AIRFLOW_CTX_EXECUTION_DATE='2024-11-29T04:49:43.895086+00:00' AIRFLOW_CTX_TRY_NUMBER='1' AIRFLOW_CTX_DAG_RUN_ID='manual__2024-11-29T04:49:43.895086+00:00'
[2024-11-29T04:49:47.520+0000] {taskinstance.py:731} INFO - ::endgroup::
[2024-11-29T04:49:48.436+0000] {logging_mixin.py:190} INFO - Processing file: source-4.pdf
[2024-11-29T04:49:54.099+0000] {logging_mixin.py:190} WARNING - /opt/***/dags/data_processing/quarterly_performance_reports_processing_script.py:121 FutureWarning: Series.__getitem__ treating keys as positions is deprecated. In a future version, integer keys will always be treated as labels (consistent with DataFrame behavior). To access a value by position, use `ser.iloc[pos]`
[2024-11-29T04:49:54.101+0000] {logging_mixin.py:190} WARNING - /opt/***/dags/data_processing/quarterly_performance_reports_processing_script.py:122 FutureWarning: Series.__getitem__ treating keys as positions is deprecated. In a future version, integer keys will always be treated as labels (consistent with DataFrame behavior). To access a value by position, use `ser.iloc[pos]`
[2024-11-29T04:49:54.103+0000] {logging_mixin.py:190} WARNING - /opt/***/dags/data_processing/quarterly_performance_reports_processing_script.py:123 FutureWarning: Series.__getitem__ treating keys as positions is deprecated. In a future version, integer keys will always be treated as labels (consistent with DataFrame behavior). To access a value by position, use `ser.iloc[pos]`
[2024-11-29T04:49:57.776+0000] {logging_mixin.py:190} INFO - Processing file: source-5_page-11.pdf
[2024-11-29T04:50:03.229+0000] {logging_mixin.py:190} WARNING - /opt/***/dags/data_processing/quarterly_performance_reports_processing_script.py:121 FutureWarning: Series.__getitem__ treating keys as positions is deprecated. In a future version, integer keys will always be treated as labels (consistent with DataFrame behavior). To access a value by position, use `ser.iloc[pos]`
[2024-11-29T04:50:03.231+0000] {logging_mixin.py:190} WARNING - /opt/***/dags/data_processing/quarterly_performance_reports_processing_script.py:122 FutureWarning: Series.__getitem__ treating keys as positions is deprecated. In a future version, integer keys will always be treated as labels (consistent with DataFrame behavior). To access a value by position, use `ser.iloc[pos]`
[2024-11-29T04:50:03.232+0000] {logging_mixin.py:190} WARNING - /opt/***/dags/data_processing/quarterly_performance_reports_processing_script.py:123 FutureWarning: Series.__getitem__ treating keys as positions is deprecated. In a future version, integer keys will always be treated as labels (consistent with DataFrame behavior). To access a value by position, use `ser.iloc[pos]`
[2024-11-29T04:50:07.157+0000] {logging_mixin.py:190} INFO - Processing file: source-5_page-13.pdf
[2024-11-29T04:50:17.936+0000] {logging_mixin.py:190} WARNING - /opt/***/dags/data_processing/quarterly_performance_reports_processing_script.py:121 FutureWarning: Series.__getitem__ treating keys as positions is deprecated. In a future version, integer keys will always be treated as labels (consistent with DataFrame behavior). To access a value by position, use `ser.iloc[pos]`
[2024-11-29T04:50:17.938+0000] {logging_mixin.py:190} WARNING - /opt/***/dags/data_processing/quarterly_performance_reports_processing_script.py:122 FutureWarning: Series.__getitem__ treating keys as positions is deprecated. In a future version, integer keys will always be treated as labels (consistent with DataFrame behavior). To access a value by position, use `ser.iloc[pos]`
[2024-11-29T04:50:17.940+0000] {logging_mixin.py:190} WARNING - /opt/***/dags/data_processing/quarterly_performance_reports_processing_script.py:123 FutureWarning: Series.__getitem__ treating keys as positions is deprecated. In a future version, integer keys will always be treated as labels (consistent with DataFrame behavior). To access a value by position, use `ser.iloc[pos]`
[2024-11-29T04:50:21.736+0000] {logging_mixin.py:190} INFO - Processing file: source-5_page-15.pdf
[2024-11-29T04:50:27.205+0000] {logging_mixin.py:190} WARNING - /opt/***/dags/data_processing/quarterly_performance_reports_processing_script.py:121 FutureWarning: Series.__getitem__ treating keys as positions is deprecated. In a future version, integer keys will always be treated as labels (consistent with DataFrame behavior). To access a value by position, use `ser.iloc[pos]`
[2024-11-29T04:50:27.208+0000] {logging_mixin.py:190} WARNING - /opt/***/dags/data_processing/quarterly_performance_reports_processing_script.py:122 FutureWarning: Series.__getitem__ treating keys as positions is deprecated. In a future version, integer keys will always be treated as labels (consistent with DataFrame behavior). To access a value by position, use `ser.iloc[pos]`
[2024-11-29T04:50:27.211+0000] {logging_mixin.py:190} WARNING - /opt/***/dags/data_processing/quarterly_performance_reports_processing_script.py:123 FutureWarning: Series.__getitem__ treating keys as positions is deprecated. In a future version, integer keys will always be treated as labels (consistent with DataFrame behavior). To access a value by position, use `ser.iloc[pos]`
[2024-11-29T04:50:30.790+0000] {logging_mixin.py:190} INFO - Processing file: source-5_page-17.pdf
[2024-11-29T04:50:36.225+0000] {logging_mixin.py:190} WARNING - /opt/***/dags/data_processing/quarterly_performance_reports_processing_script.py:121 FutureWarning: Series.__getitem__ treating keys as positions is deprecated. In a future version, integer keys will always be treated as labels (consistent with DataFrame behavior). To access a value by position, use `ser.iloc[pos]`
[2024-11-29T04:50:36.227+0000] {logging_mixin.py:190} WARNING - /opt/***/dags/data_processing/quarterly_performance_reports_processing_script.py:122 FutureWarning: Series.__getitem__ treating keys as positions is deprecated. In a future version, integer keys will always be treated as labels (consistent with DataFrame behavior). To access a value by position, use `ser.iloc[pos]`
[2024-11-29T04:50:36.229+0000] {logging_mixin.py:190} WARNING - /opt/***/dags/data_processing/quarterly_performance_reports_processing_script.py:123 FutureWarning: Series.__getitem__ treating keys as positions is deprecated. In a future version, integer keys will always be treated as labels (consistent with DataFrame behavior). To access a value by position, use `ser.iloc[pos]`
[2024-11-29T04:50:40.242+0000] {logging_mixin.py:190} INFO - Processing file: source-5_page-19.pdf
[2024-11-29T04:50:45.676+0000] {logging_mixin.py:190} WARNING - /opt/***/dags/data_processing/quarterly_performance_reports_processing_script.py:121 FutureWarning: Series.__getitem__ treating keys as positions is deprecated. In a future version, integer keys will always be treated as labels (consistent with DataFrame behavior). To access a value by position, use `ser.iloc[pos]`
[2024-11-29T04:50:45.678+0000] {logging_mixin.py:190} WARNING - /opt/***/dags/data_processing/quarterly_performance_reports_processing_script.py:122 FutureWarning: Series.__getitem__ treating keys as positions is deprecated. In a future version, integer keys will always be treated as labels (consistent with DataFrame behavior). To access a value by position, use `ser.iloc[pos]`
[2024-11-29T04:50:45.680+0000] {logging_mixin.py:190} WARNING - /opt/***/dags/data_processing/quarterly_performance_reports_processing_script.py:123 FutureWarning: Series.__getitem__ treating keys as positions is deprecated. In a future version, integer keys will always be treated as labels (consistent with DataFrame behavior). To access a value by position, use `ser.iloc[pos]`
[2024-11-29T04:50:49.696+0000] {logging_mixin.py:190} INFO - Processing file: source-5_page-21.pdf
[2024-11-29T04:50:55.210+0000] {logging_mixin.py:190} WARNING - /opt/***/dags/data_processing/quarterly_performance_reports_processing_script.py:121 FutureWarning: Series.__getitem__ treating keys as positions is deprecated. In a future version, integer keys will always be treated as labels (consistent with DataFrame behavior). To access a value by position, use `ser.iloc[pos]`
[2024-11-29T04:50:55.212+0000] {logging_mixin.py:190} WARNING - /opt/***/dags/data_processing/quarterly_performance_reports_processing_script.py:122 FutureWarning: Series.__getitem__ treating keys as positions is deprecated. In a future version, integer keys will always be treated as labels (consistent with DataFrame behavior). To access a value by position, use `ser.iloc[pos]`
[2024-11-29T04:50:55.214+0000] {logging_mixin.py:190} WARNING - /opt/***/dags/data_processing/quarterly_performance_reports_processing_script.py:123 FutureWarning: Series.__getitem__ treating keys as positions is deprecated. In a future version, integer keys will always be treated as labels (consistent with DataFrame behavior). To access a value by position, use `ser.iloc[pos]`
[2024-11-29T04:50:59.178+0000] {logging_mixin.py:190} INFO - Processing file: source-5_page-23.pdf
[2024-11-29T04:51:04.787+0000] {logging_mixin.py:190} WARNING - /opt/***/dags/data_processing/quarterly_performance_reports_processing_script.py:121 FutureWarning: Series.__getitem__ treating keys as positions is deprecated. In a future version, integer keys will always be treated as labels (consistent with DataFrame behavior). To access a value by position, use `ser.iloc[pos]`
[2024-11-29T04:51:04.789+0000] {logging_mixin.py:190} WARNING - /opt/***/dags/data_processing/quarterly_performance_reports_processing_script.py:122 FutureWarning: Series.__getitem__ treating keys as positions is deprecated. In a future version, integer keys will always be treated as labels (consistent with DataFrame behavior). To access a value by position, use `ser.iloc[pos]`
[2024-11-29T04:51:04.791+0000] {logging_mixin.py:190} WARNING - /opt/***/dags/data_processing/quarterly_performance_reports_processing_script.py:123 FutureWarning: Series.__getitem__ treating keys as positions is deprecated. In a future version, integer keys will always be treated as labels (consistent with DataFrame behavior). To access a value by position, use `ser.iloc[pos]`
[2024-11-29T04:51:08.635+0000] {logging_mixin.py:190} INFO - Processing file: source-5_page-25.pdf
[2024-11-29T04:51:14.146+0000] {logging_mixin.py:190} WARNING - /opt/***/dags/data_processing/quarterly_performance_reports_processing_script.py:121 FutureWarning: Series.__getitem__ treating keys as positions is deprecated. In a future version, integer keys will always be treated as labels (consistent with DataFrame behavior). To access a value by position, use `ser.iloc[pos]`
[2024-11-29T04:51:14.149+0000] {logging_mixin.py:190} WARNING - /opt/***/dags/data_processing/quarterly_performance_reports_processing_script.py:122 FutureWarning: Series.__getitem__ treating keys as positions is deprecated. In a future version, integer keys will always be treated as labels (consistent with DataFrame behavior). To access a value by position, use `ser.iloc[pos]`
[2024-11-29T04:51:14.152+0000] {logging_mixin.py:190} WARNING - /opt/***/dags/data_processing/quarterly_performance_reports_processing_script.py:123 FutureWarning: Series.__getitem__ treating keys as positions is deprecated. In a future version, integer keys will always be treated as labels (consistent with DataFrame behavior). To access a value by position, use `ser.iloc[pos]`
[2024-11-29T04:51:17.838+0000] {logging_mixin.py:190} INFO - Processing file: source-5_page-27.pdf
[2024-11-29T04:51:23.247+0000] {logging_mixin.py:190} WARNING - /opt/***/dags/data_processing/quarterly_performance_reports_processing_script.py:121 FutureWarning: Series.__getitem__ treating keys as positions is deprecated. In a future version, integer keys will always be treated as labels (consistent with DataFrame behavior). To access a value by position, use `ser.iloc[pos]`
[2024-11-29T04:51:23.249+0000] {logging_mixin.py:190} WARNING - /opt/***/dags/data_processing/quarterly_performance_reports_processing_script.py:122 FutureWarning: Series.__getitem__ treating keys as positions is deprecated. In a future version, integer keys will always be treated as labels (consistent with DataFrame behavior). To access a value by position, use `ser.iloc[pos]`
[2024-11-29T04:51:23.250+0000] {logging_mixin.py:190} WARNING - /opt/***/dags/data_processing/quarterly_performance_reports_processing_script.py:123 FutureWarning: Series.__getitem__ treating keys as positions is deprecated. In a future version, integer keys will always be treated as labels (consistent with DataFrame behavior). To access a value by position, use `ser.iloc[pos]`
[2024-11-29T04:51:27.261+0000] {logging_mixin.py:190} INFO - Processing file: source-5_page-29.pdf
[2024-11-29T04:51:32.664+0000] {logging_mixin.py:190} WARNING - /opt/***/dags/data_processing/quarterly_performance_reports_processing_script.py:121 FutureWarning: Series.__getitem__ treating keys as positions is deprecated. In a future version, integer keys will always be treated as labels (consistent with DataFrame behavior). To access a value by position, use `ser.iloc[pos]`
[2024-11-29T04:51:32.666+0000] {logging_mixin.py:190} WARNING - /opt/***/dags/data_processing/quarterly_performance_reports_processing_script.py:122 FutureWarning: Series.__getitem__ treating keys as positions is deprecated. In a future version, integer keys will always be treated as labels (consistent with DataFrame behavior). To access a value by position, use `ser.iloc[pos]`
[2024-11-29T04:51:32.668+0000] {logging_mixin.py:190} WARNING - /opt/***/dags/data_processing/quarterly_performance_reports_processing_script.py:123 FutureWarning: Series.__getitem__ treating keys as positions is deprecated. In a future version, integer keys will always be treated as labels (consistent with DataFrame behavior). To access a value by position, use `ser.iloc[pos]`
[2024-11-29T04:51:36.471+0000] {logging_mixin.py:190} INFO - Processing file: source-5_page-31.pdf
[2024-11-29T04:51:41.944+0000] {logging_mixin.py:190} WARNING - /opt/***/dags/data_processing/quarterly_performance_reports_processing_script.py:121 FutureWarning: Series.__getitem__ treating keys as positions is deprecated. In a future version, integer keys will always be treated as labels (consistent with DataFrame behavior). To access a value by position, use `ser.iloc[pos]`
[2024-11-29T04:51:41.947+0000] {logging_mixin.py:190} WARNING - /opt/***/dags/data_processing/quarterly_performance_reports_processing_script.py:122 FutureWarning: Series.__getitem__ treating keys as positions is deprecated. In a future version, integer keys will always be treated as labels (consistent with DataFrame behavior). To access a value by position, use `ser.iloc[pos]`
[2024-11-29T04:51:41.950+0000] {logging_mixin.py:190} WARNING - /opt/***/dags/data_processing/quarterly_performance_reports_processing_script.py:123 FutureWarning: Series.__getitem__ treating keys as positions is deprecated. In a future version, integer keys will always be treated as labels (consistent with DataFrame behavior). To access a value by position, use `ser.iloc[pos]`
[2024-11-29T04:51:45.755+0000] {logging_mixin.py:190} INFO - Processing file: source-5_page-33.pdf
[2024-11-29T04:51:51.434+0000] {logging_mixin.py:190} WARNING - /opt/***/dags/data_processing/quarterly_performance_reports_processing_script.py:121 FutureWarning: Series.__getitem__ treating keys as positions is deprecated. In a future version, integer keys will always be treated as labels (consistent with DataFrame behavior). To access a value by position, use `ser.iloc[pos]`
[2024-11-29T04:51:51.437+0000] {logging_mixin.py:190} WARNING - /opt/***/dags/data_processing/quarterly_performance_reports_processing_script.py:122 FutureWarning: Series.__getitem__ treating keys as positions is deprecated. In a future version, integer keys will always be treated as labels (consistent with DataFrame behavior). To access a value by position, use `ser.iloc[pos]`
[2024-11-29T04:51:51.440+0000] {logging_mixin.py:190} WARNING - /opt/***/dags/data_processing/quarterly_performance_reports_processing_script.py:123 FutureWarning: Series.__getitem__ treating keys as positions is deprecated. In a future version, integer keys will always be treated as labels (consistent with DataFrame behavior). To access a value by position, use `ser.iloc[pos]`
[2024-11-29T04:51:55.204+0000] {logging_mixin.py:190} INFO - Processing file: source-5_page-35.pdf
[2024-11-29T04:52:00.597+0000] {logging_mixin.py:190} WARNING - /opt/***/dags/data_processing/quarterly_performance_reports_processing_script.py:121 FutureWarning: Series.__getitem__ treating keys as positions is deprecated. In a future version, integer keys will always be treated as labels (consistent with DataFrame behavior). To access a value by position, use `ser.iloc[pos]`
[2024-11-29T04:52:00.599+0000] {logging_mixin.py:190} WARNING - /opt/***/dags/data_processing/quarterly_performance_reports_processing_script.py:122 FutureWarning: Series.__getitem__ treating keys as positions is deprecated. In a future version, integer keys will always be treated as labels (consistent with DataFrame behavior). To access a value by position, use `ser.iloc[pos]`
[2024-11-29T04:52:00.601+0000] {logging_mixin.py:190} WARNING - /opt/***/dags/data_processing/quarterly_performance_reports_processing_script.py:123 FutureWarning: Series.__getitem__ treating keys as positions is deprecated. In a future version, integer keys will always be treated as labels (consistent with DataFrame behavior). To access a value by position, use `ser.iloc[pos]`
[2024-11-29T04:52:04.123+0000] {logging_mixin.py:190} INFO - Processing file: source-5_page-5.pdf
[2024-11-29T04:52:09.507+0000] {logging_mixin.py:190} WARNING - /opt/***/dags/data_processing/quarterly_performance_reports_processing_script.py:121 FutureWarning: Series.__getitem__ treating keys as positions is deprecated. In a future version, integer keys will always be treated as labels (consistent with DataFrame behavior). To access a value by position, use `ser.iloc[pos]`
[2024-11-29T04:52:09.509+0000] {logging_mixin.py:190} WARNING - /opt/***/dags/data_processing/quarterly_performance_reports_processing_script.py:122 FutureWarning: Series.__getitem__ treating keys as positions is deprecated. In a future version, integer keys will always be treated as labels (consistent with DataFrame behavior). To access a value by position, use `ser.iloc[pos]`
[2024-11-29T04:52:09.510+0000] {logging_mixin.py:190} WARNING - /opt/***/dags/data_processing/quarterly_performance_reports_processing_script.py:123 FutureWarning: Series.__getitem__ treating keys as positions is deprecated. In a future version, integer keys will always be treated as labels (consistent with DataFrame behavior). To access a value by position, use `ser.iloc[pos]`
[2024-11-29T04:52:13.234+0000] {logging_mixin.py:190} INFO - Processing file: source-5_page-7.pdf
[2024-11-29T04:52:18.663+0000] {logging_mixin.py:190} WARNING - /opt/***/dags/data_processing/quarterly_performance_reports_processing_script.py:121 FutureWarning: Series.__getitem__ treating keys as positions is deprecated. In a future version, integer keys will always be treated as labels (consistent with DataFrame behavior). To access a value by position, use `ser.iloc[pos]`
[2024-11-29T04:52:18.665+0000] {logging_mixin.py:190} WARNING - /opt/***/dags/data_processing/quarterly_performance_reports_processing_script.py:122 FutureWarning: Series.__getitem__ treating keys as positions is deprecated. In a future version, integer keys will always be treated as labels (consistent with DataFrame behavior). To access a value by position, use `ser.iloc[pos]`
[2024-11-29T04:52:18.666+0000] {logging_mixin.py:190} WARNING - /opt/***/dags/data_processing/quarterly_performance_reports_processing_script.py:123 FutureWarning: Series.__getitem__ treating keys as positions is deprecated. In a future version, integer keys will always be treated as labels (consistent with DataFrame behavior). To access a value by position, use `ser.iloc[pos]`
[2024-11-29T04:52:22.446+0000] {logging_mixin.py:190} INFO - Processing file: source-5_page-9.pdf
[2024-11-29T04:52:27.963+0000] {logging_mixin.py:190} WARNING - /opt/***/dags/data_processing/quarterly_performance_reports_processing_script.py:121 FutureWarning: Series.__getitem__ treating keys as positions is deprecated. In a future version, integer keys will always be treated as labels (consistent with DataFrame behavior). To access a value by position, use `ser.iloc[pos]`
[2024-11-29T04:52:27.965+0000] {logging_mixin.py:190} WARNING - /opt/***/dags/data_processing/quarterly_performance_reports_processing_script.py:122 FutureWarning: Series.__getitem__ treating keys as positions is deprecated. In a future version, integer keys will always be treated as labels (consistent with DataFrame behavior). To access a value by position, use `ser.iloc[pos]`
[2024-11-29T04:52:27.966+0000] {logging_mixin.py:190} WARNING - /opt/***/dags/data_processing/quarterly_performance_reports_processing_script.py:123 FutureWarning: Series.__getitem__ treating keys as positions is deprecated. In a future version, integer keys will always be treated as labels (consistent with DataFrame behavior). To access a value by position, use `ser.iloc[pos]`
[2024-11-29T04:52:32.432+0000] {logging_mixin.py:190} INFO - File saved to S3: s3://project-processed-data/quarterly_performance_reports/performance_reports_20241129_044948.csv
[2024-11-29T04:52:32.639+0000] {logging_mixin.py:190} INFO - File saved to S3: s3://project-processed-data/quarterly_performance_reports/amount_description_20241129_044948.csv
[2024-11-29T04:52:32.854+0000] {logging_mixin.py:190} INFO - File saved to S3: s3://project-processed-data/quarterly_performance_reports/activity_20241129_044948.csv
[2024-11-29T04:52:33.173+0000] {logging_mixin.py:190} INFO - File moved from s3://project-raw-data-files/quarterly_performance_reports/source-4.pdf to s3://project-raw-data-files/archived/quarterly_performance_reports/source-4.pdf
[2024-11-29T04:52:33.465+0000] {logging_mixin.py:190} INFO - File moved from s3://project-raw-data-files/quarterly_performance_reports/source-5_page-11.pdf to s3://project-raw-data-files/archived/quarterly_performance_reports/source-5_page-11.pdf
[2024-11-29T04:52:33.779+0000] {logging_mixin.py:190} INFO - File moved from s3://project-raw-data-files/quarterly_performance_reports/source-5_page-13.pdf to s3://project-raw-data-files/archived/quarterly_performance_reports/source-5_page-13.pdf
[2024-11-29T04:52:34.187+0000] {logging_mixin.py:190} INFO - File moved from s3://project-raw-data-files/quarterly_performance_reports/source-5_page-15.pdf to s3://project-raw-data-files/archived/quarterly_performance_reports/source-5_page-15.pdf
[2024-11-29T04:52:34.556+0000] {logging_mixin.py:190} INFO - File moved from s3://project-raw-data-files/quarterly_performance_reports/source-5_page-17.pdf to s3://project-raw-data-files/archived/quarterly_performance_reports/source-5_page-17.pdf
[2024-11-29T04:52:34.938+0000] {logging_mixin.py:190} INFO - File moved from s3://project-raw-data-files/quarterly_performance_reports/source-5_page-19.pdf to s3://project-raw-data-files/archived/quarterly_performance_reports/source-5_page-19.pdf
[2024-11-29T04:52:35.341+0000] {logging_mixin.py:190} INFO - File moved from s3://project-raw-data-files/quarterly_performance_reports/source-5_page-21.pdf to s3://project-raw-data-files/archived/quarterly_performance_reports/source-5_page-21.pdf
[2024-11-29T04:52:35.720+0000] {logging_mixin.py:190} INFO - File moved from s3://project-raw-data-files/quarterly_performance_reports/source-5_page-23.pdf to s3://project-raw-data-files/archived/quarterly_performance_reports/source-5_page-23.pdf
[2024-11-29T04:52:36.248+0000] {logging_mixin.py:190} INFO - File moved from s3://project-raw-data-files/quarterly_performance_reports/source-5_page-25.pdf to s3://project-raw-data-files/archived/quarterly_performance_reports/source-5_page-25.pdf
[2024-11-29T04:52:36.534+0000] {logging_mixin.py:190} INFO - File moved from s3://project-raw-data-files/quarterly_performance_reports/source-5_page-27.pdf to s3://project-raw-data-files/archived/quarterly_performance_reports/source-5_page-27.pdf
[2024-11-29T04:52:36.875+0000] {logging_mixin.py:190} INFO - File moved from s3://project-raw-data-files/quarterly_performance_reports/source-5_page-29.pdf to s3://project-raw-data-files/archived/quarterly_performance_reports/source-5_page-29.pdf
[2024-11-29T04:52:37.183+0000] {logging_mixin.py:190} INFO - File moved from s3://project-raw-data-files/quarterly_performance_reports/source-5_page-31.pdf to s3://project-raw-data-files/archived/quarterly_performance_reports/source-5_page-31.pdf
[2024-11-29T04:52:37.492+0000] {logging_mixin.py:190} INFO - File moved from s3://project-raw-data-files/quarterly_performance_reports/source-5_page-33.pdf to s3://project-raw-data-files/archived/quarterly_performance_reports/source-5_page-33.pdf
[2024-11-29T04:52:37.827+0000] {logging_mixin.py:190} INFO - File moved from s3://project-raw-data-files/quarterly_performance_reports/source-5_page-35.pdf to s3://project-raw-data-files/archived/quarterly_performance_reports/source-5_page-35.pdf
[2024-11-29T04:52:38.119+0000] {logging_mixin.py:190} INFO - File moved from s3://project-raw-data-files/quarterly_performance_reports/source-5_page-5.pdf to s3://project-raw-data-files/archived/quarterly_performance_reports/source-5_page-5.pdf
[2024-11-29T04:52:38.367+0000] {logging_mixin.py:190} INFO - File moved from s3://project-raw-data-files/quarterly_performance_reports/source-5_page-7.pdf to s3://project-raw-data-files/archived/quarterly_performance_reports/source-5_page-7.pdf
[2024-11-29T04:52:38.716+0000] {logging_mixin.py:190} INFO - File moved from s3://project-raw-data-files/quarterly_performance_reports/source-5_page-9.pdf to s3://project-raw-data-files/archived/quarterly_performance_reports/source-5_page-9.pdf
[2024-11-29T04:52:38.727+0000] {python.py:240} INFO - Done. Returned value was: None
[2024-11-29T04:52:38.745+0000] {taskinstance.py:340} INFO - ::group::Post task execution logs
[2024-11-29T04:52:38.746+0000] {taskinstance.py:352} INFO - Marking task as SUCCESS. dag_id=ETL_quarterly_performance_reports, task_id=process_performance_reports_task, run_id=manual__2024-11-29T04:49:43.895086+00:00, execution_date=20241129T044943, start_date=20241129T044947, end_date=20241129T045238
[2024-11-29T04:52:38.821+0000] {local_task_job_runner.py:266} INFO - Task exited with return code 0
[2024-11-29T04:52:38.858+0000] {taskinstance.py:3895} INFO - 1 downstream tasks scheduled from follow-on schedule check
[2024-11-29T04:52:38.861+0000] {local_task_job_runner.py:245} INFO - ::endgroup::
