[2024-11-26T06:41:49.356+0000] {local_task_job_runner.py:123} INFO - ::group::Pre task execution logs
[2024-11-26T06:41:49.374+0000] {taskinstance.py:2613} INFO - Dependencies all met for dep_context=non-requeueable deps ti=<TaskInstance: ETL_usa_spending.ingest_usa_spending_data_task manual__2024-11-26T06:41:34.588710+00:00 [queued]>
[2024-11-26T06:41:49.384+0000] {taskinstance.py:2613} INFO - Dependencies all met for dep_context=requeueable deps ti=<TaskInstance: ETL_usa_spending.ingest_usa_spending_data_task manual__2024-11-26T06:41:34.588710+00:00 [queued]>
[2024-11-26T06:41:49.385+0000] {taskinstance.py:2866} INFO - Starting attempt 1 of 1
[2024-11-26T06:41:49.401+0000] {taskinstance.py:2889} INFO - Executing <Task(PythonOperator): ingest_usa_spending_data_task> on 2024-11-26 06:41:34.588710+00:00
[2024-11-26T06:41:49.410+0000] {logging_mixin.py:190} WARNING - /home/***/.local/lib/python3.12/site-packages/***/task/task_runner/standard_task_runner.py:70 DeprecationWarning: This process (pid=14447) is multi-threaded, use of fork() may lead to deadlocks in the child.
[2024-11-26T06:41:49.412+0000] {standard_task_runner.py:72} INFO - Started process 14449 to run task
[2024-11-26T06:41:49.410+0000] {standard_task_runner.py:104} INFO - Running: ['***', 'tasks', 'run', 'ETL_usa_spending', 'ingest_usa_spending_data_task', 'manual__2024-11-26T06:41:34.588710+00:00', '--job-id', '395', '--raw', '--subdir', 'DAGS_FOLDER/project_dag.py', '--cfg-path', '/tmp/tmpclo7l1iy']
[2024-11-26T06:41:49.413+0000] {standard_task_runner.py:105} INFO - Job 395: Subtask ingest_usa_spending_data_task
[2024-11-26T06:41:49.465+0000] {task_command.py:467} INFO - Running <TaskInstance: ETL_usa_spending.ingest_usa_spending_data_task manual__2024-11-26T06:41:34.588710+00:00 [running]> on host 6a246d8d590f
[2024-11-26T06:41:49.776+0000] {taskinstance.py:3132} INFO - Exporting env vars: AIRFLOW_CTX_DAG_OWNER='***' AIRFLOW_CTX_DAG_ID='ETL_usa_spending' AIRFLOW_CTX_TASK_ID='ingest_usa_spending_data_task' AIRFLOW_CTX_EXECUTION_DATE='2024-11-26T06:41:34.588710+00:00' AIRFLOW_CTX_TRY_NUMBER='1' AIRFLOW_CTX_DAG_RUN_ID='manual__2024-11-26T06:41:34.588710+00:00'
[2024-11-26T06:41:49.778+0000] {taskinstance.py:731} INFO - ::endgroup::
[2024-11-26T06:41:50.180+0000] {logging_mixin.py:190} INFO - Checking for new data to ingest into states
[2024-11-26T06:41:50.503+0000] {logging_mixin.py:190} INFO - No new data to ingest for states
[2024-11-26T06:41:50.782+0000] {logging_mixin.py:190} INFO - File moved from s3://project-processed-data/usa_spending_data/states_20241126_064141.csv to s3://project-processed-data/archived/usa_spending_data/states_20241126_064141.csv
[2024-11-26T06:41:50.990+0000] {logging_mixin.py:190} INFO - Checking for new data to ingest into cfdaprograms
[2024-11-26T06:41:51.410+0000] {logging_mixin.py:190} INFO - No new data to ingest for cfdaprograms
[2024-11-26T06:41:51.653+0000] {logging_mixin.py:190} INFO - File moved from s3://project-processed-data/usa_spending_data/cfda_20241126_064141.csv to s3://project-processed-data/archived/usa_spending_data/cfda_20241126_064141.csv
[2024-11-26T06:41:51.826+0000] {logging_mixin.py:190} INFO - Checking for new data to ingest into recipients
[2024-11-26T06:41:52.152+0000] {logging_mixin.py:190} INFO - Ingesting new data into recipients
[2024-11-26T06:41:59.187+0000] {logging_mixin.py:190} INFO - Data successfully written to table recipients.
[2024-11-26T06:41:59.468+0000] {logging_mixin.py:190} INFO - File moved from s3://project-processed-data/usa_spending_data/recipients_20241126_064141.csv to s3://project-processed-data/archived/usa_spending_data/recipients_20241126_064141.csv
[2024-11-26T06:41:59.641+0000] {logging_mixin.py:190} INFO - Checking for new data to ingest into agencies
[2024-11-26T06:41:59.976+0000] {logging_mixin.py:190} INFO - Ingesting new data into agencies
[2024-11-26T06:42:00.306+0000] {logging_mixin.py:190} INFO - Data successfully written to table agencies.
[2024-11-26T06:42:00.527+0000] {logging_mixin.py:190} INFO - File moved from s3://project-processed-data/usa_spending_data/agency_data_20241126_064141.csv to s3://project-processed-data/archived/usa_spending_data/agency_data_20241126_064141.csv
[2024-11-26T06:42:00.686+0000] {logging_mixin.py:190} INFO - Checking for new data to ingest into subagency
[2024-11-26T06:42:00.983+0000] {logging_mixin.py:190} INFO - No new data to ingest for subagency
[2024-11-26T06:42:01.208+0000] {logging_mixin.py:190} INFO - File moved from s3://project-processed-data/usa_spending_data/sub_agency_20241126_064141.csv to s3://project-processed-data/archived/usa_spending_data/sub_agency_20241126_064141.csv
[2024-11-26T06:42:01.552+0000] {logging_mixin.py:190} INFO - Checking for new data to ingest into grants
[2024-11-26T06:42:01.823+0000] {logging_mixin.py:190} INFO - Ingesting new data into grants
[2024-11-26T06:42:16.697+0000] {logging_mixin.py:190} INFO - Data successfully written to table grants.
[2024-11-26T06:42:17.020+0000] {logging_mixin.py:190} INFO - File moved from s3://project-processed-data/usa_spending_data/grants_20241126_064141.csv to s3://project-processed-data/archived/usa_spending_data/grants_20241126_064141.csv
[2024-11-26T06:42:17.466+0000] {logging_mixin.py:190} INFO - Checking for new data to ingest into funding
[2024-11-26T06:42:17.772+0000] {logging_mixin.py:190} INFO - Ingesting new data into funding
[2024-11-26T06:46:18.680+0000] {logging_mixin.py:190} INFO - Data successfully written to table funding.
[2024-11-26T06:46:19.045+0000] {logging_mixin.py:190} INFO - File moved from s3://project-processed-data/usa_spending_data/funding_20241126_064141.csv to s3://project-processed-data/archived/usa_spending_data/funding_20241126_064141.csv
[2024-11-26T06:46:19.405+0000] {logging_mixin.py:190} INFO - Checking for new data to ingest into federalawards
[2024-11-26T06:46:19.753+0000] {logging_mixin.py:190} INFO - Ingesting new data into federalawards
[2024-11-26T06:46:36.168+0000] {logging_mixin.py:190} INFO - Data successfully written to table federalawards.
[2024-11-26T06:46:36.509+0000] {logging_mixin.py:190} INFO - File moved from s3://project-processed-data/usa_spending_data/federal_awards_20241126_064141.csv to s3://project-processed-data/archived/usa_spending_data/federal_awards_20241126_064141.csv
[2024-11-26T06:46:36.864+0000] {logging_mixin.py:190} INFO - Checking for new data to ingest into transactions
[2024-11-26T06:46:37.249+0000] {logging_mixin.py:190} INFO - Ingesting new data into transactions
[2024-11-26T06:47:00.185+0000] {logging_mixin.py:190} INFO - Data successfully written to table transactions.
[2024-11-26T06:47:00.557+0000] {logging_mixin.py:190} INFO - File moved from s3://project-processed-data/usa_spending_data/transactions_20241126_064141.csv to s3://project-processed-data/archived/usa_spending_data/transactions_20241126_064141.csv
[2024-11-26T06:47:00.880+0000] {logging_mixin.py:190} INFO - Checking for new data to ingest into subawards
[2024-11-26T06:47:01.193+0000] {logging_mixin.py:190} INFO - Ingesting new data into subawards
[2024-11-26T06:47:40.855+0000] {logging_mixin.py:190} INFO - Data successfully written to table subawards.
[2024-11-26T06:47:41.148+0000] {logging_mixin.py:190} INFO - File moved from s3://project-processed-data/usa_spending_data/sub_awards_20241126_064141.csv to s3://project-processed-data/archived/usa_spending_data/sub_awards_20241126_064141.csv
[2024-11-26T06:47:41.152+0000] {python.py:240} INFO - Done. Returned value was: None
[2024-11-26T06:47:41.171+0000] {taskinstance.py:340} INFO - ::group::Post task execution logs
[2024-11-26T06:47:41.172+0000] {taskinstance.py:352} INFO - Marking task as SUCCESS. dag_id=ETL_usa_spending, task_id=ingest_usa_spending_data_task, run_id=manual__2024-11-26T06:41:34.588710+00:00, execution_date=20241126T064134, start_date=20241126T064149, end_date=20241126T064741
[2024-11-26T06:47:41.233+0000] {local_task_job_runner.py:266} INFO - Task exited with return code 0
[2024-11-26T06:47:41.254+0000] {taskinstance.py:3895} INFO - 0 downstream tasks scheduled from follow-on schedule check
[2024-11-26T06:47:41.257+0000] {local_task_job_runner.py:245} INFO - ::endgroup::
