[2024-11-22T07:40:49.575+0000] {local_task_job_runner.py:123} INFO - ::group::Pre task execution logs
[2024-11-22T07:40:49.604+0000] {taskinstance.py:2613} INFO - Dependencies all met for dep_context=non-requeueable deps ti=<TaskInstance: ETL_usa_spending.ingest_usa_spending_data_task manual__2024-11-22T07:40:43.236813+00:00 [queued]>
[2024-11-22T07:40:49.618+0000] {taskinstance.py:2613} INFO - Dependencies all met for dep_context=requeueable deps ti=<TaskInstance: ETL_usa_spending.ingest_usa_spending_data_task manual__2024-11-22T07:40:43.236813+00:00 [queued]>
[2024-11-22T07:40:49.619+0000] {taskinstance.py:2866} INFO - Starting attempt 1 of 1
[2024-11-22T07:40:49.638+0000] {taskinstance.py:2889} INFO - Executing <Task(PythonOperator): ingest_usa_spending_data_task> on 2024-11-22 07:40:43.236813+00:00
[2024-11-22T07:40:49.653+0000] {logging_mixin.py:190} WARNING - /home/***/.local/lib/python3.12/site-packages/***/task/task_runner/standard_task_runner.py:70 DeprecationWarning: This process (pid=74430) is multi-threaded, use of fork() may lead to deadlocks in the child.
[2024-11-22T07:40:49.655+0000] {standard_task_runner.py:72} INFO - Started process 74432 to run task
[2024-11-22T07:40:49.653+0000] {standard_task_runner.py:104} INFO - Running: ['***', 'tasks', 'run', 'ETL_usa_spending', 'ingest_usa_spending_data_task', 'manual__2024-11-22T07:40:43.236813+00:00', '--job-id', '182', '--raw', '--subdir', 'DAGS_FOLDER/project_dag.py', '--cfg-path', '/tmp/tmpw_bm18o6']
[2024-11-22T07:40:49.657+0000] {standard_task_runner.py:105} INFO - Job 182: Subtask ingest_usa_spending_data_task
[2024-11-22T07:40:49.719+0000] {task_command.py:467} INFO - Running <TaskInstance: ETL_usa_spending.ingest_usa_spending_data_task manual__2024-11-22T07:40:43.236813+00:00 [running]> on host 7da4b16cbed4
[2024-11-22T07:40:49.827+0000] {taskinstance.py:3132} INFO - Exporting env vars: AIRFLOW_CTX_DAG_OWNER='***' AIRFLOW_CTX_DAG_ID='ETL_usa_spending' AIRFLOW_CTX_TASK_ID='ingest_usa_spending_data_task' AIRFLOW_CTX_EXECUTION_DATE='2024-11-22T07:40:43.236813+00:00' AIRFLOW_CTX_TRY_NUMBER='1' AIRFLOW_CTX_DAG_RUN_ID='manual__2024-11-22T07:40:43.236813+00:00'
[2024-11-22T07:40:49.829+0000] {taskinstance.py:731} INFO - ::endgroup::
[2024-11-22T07:40:50.522+0000] {logging_mixin.py:190} INFO - Ingesting data into federalawards
[2024-11-22T07:40:51.023+0000] {logging_mixin.py:190} INFO - Error: insert or update on table "federalawards" violates foreign key constraint "federalawards_awarding_agency_id_fkey"
DETAIL:  Key (awarding_agency_id)=(882) is not present in table "agencies".
[2024-11-22T07:40:51.025+0000] {python.py:240} INFO - Done. Returned value was: None
[2024-11-22T07:40:51.042+0000] {taskinstance.py:340} INFO - ::group::Post task execution logs
[2024-11-22T07:40:51.043+0000] {taskinstance.py:352} INFO - Marking task as SUCCESS. dag_id=ETL_usa_spending, task_id=ingest_usa_spending_data_task, run_id=manual__2024-11-22T07:40:43.236813+00:00, execution_date=20241122T074043, start_date=20241122T074049, end_date=20241122T074051
[2024-11-22T07:40:51.078+0000] {local_task_job_runner.py:266} INFO - Task exited with return code 0
[2024-11-22T07:40:51.098+0000] {taskinstance.py:3895} INFO - 0 downstream tasks scheduled from follow-on schedule check
[2024-11-22T07:40:51.101+0000] {local_task_job_runner.py:245} INFO - ::endgroup::
