[2024-11-21T06:18:51.348+0000] {local_task_job_runner.py:123} INFO - ::group::Pre task execution logs
[2024-11-21T06:18:51.380+0000] {taskinstance.py:2613} INFO - Dependencies all met for dep_context=non-requeueable deps ti=<TaskInstance: ETL_usa_spending.process_usa_spending_data_task manual__2024-11-21T06:18:46.489079+00:00 [queued]>
[2024-11-21T06:18:51.398+0000] {taskinstance.py:2613} INFO - Dependencies all met for dep_context=requeueable deps ti=<TaskInstance: ETL_usa_spending.process_usa_spending_data_task manual__2024-11-21T06:18:46.489079+00:00 [queued]>
[2024-11-21T06:18:51.399+0000] {taskinstance.py:2866} INFO - Starting attempt 1 of 1
[2024-11-21T06:18:51.423+0000] {taskinstance.py:2889} INFO - Executing <Task(PythonOperator): process_usa_spending_data_task> on 2024-11-21 06:18:46.489079+00:00
[2024-11-21T06:18:51.443+0000] {logging_mixin.py:190} WARNING - /home/***/.local/lib/python3.12/site-packages/***/task/task_runner/standard_task_runner.py:70 DeprecationWarning: This process (pid=60137) is multi-threaded, use of fork() may lead to deadlocks in the child.
[2024-11-21T06:18:51.445+0000] {standard_task_runner.py:72} INFO - Started process 60139 to run task
[2024-11-21T06:18:51.443+0000] {standard_task_runner.py:104} INFO - Running: ['***', 'tasks', 'run', 'ETL_usa_spending', 'process_usa_spending_data_task', 'manual__2024-11-21T06:18:46.489079+00:00', '--job-id', '157', '--raw', '--subdir', 'DAGS_FOLDER/project_dag.py', '--cfg-path', '/tmp/tmppv1dih5v']
[2024-11-21T06:18:51.447+0000] {standard_task_runner.py:105} INFO - Job 157: Subtask process_usa_spending_data_task
[2024-11-21T06:18:51.510+0000] {task_command.py:467} INFO - Running <TaskInstance: ETL_usa_spending.process_usa_spending_data_task manual__2024-11-21T06:18:46.489079+00:00 [running]> on host 7da4b16cbed4
[2024-11-21T06:18:51.718+0000] {taskinstance.py:3132} INFO - Exporting env vars: AIRFLOW_CTX_DAG_OWNER='***' AIRFLOW_CTX_DAG_ID='ETL_usa_spending' AIRFLOW_CTX_TASK_ID='process_usa_spending_data_task' AIRFLOW_CTX_EXECUTION_DATE='2024-11-21T06:18:46.489079+00:00' AIRFLOW_CTX_TRY_NUMBER='1' AIRFLOW_CTX_DAG_RUN_ID='manual__2024-11-21T06:18:46.489079+00:00'
[2024-11-21T06:18:51.721+0000] {taskinstance.py:731} INFO - ::endgroup::
[2024-11-21T06:18:51.981+0000] {logging_mixin.py:190} INFO - Processing file: df_spending_by_award_11_17_2024.csv
[2024-11-21T06:18:52.617+0000] {logging_mixin.py:190} INFO - Processing file: federal_account_funding_df_2024-11-17.csv
[2024-11-21T06:18:53.469+0000] {logging_mixin.py:190} INFO - Processing file: other_variables_11_17_2024.csv
[2024-11-21T06:18:53.773+0000] {logging_mixin.py:190} INFO - Processing file: sub_award_df_2024-11-17.csv
[2024-11-21T06:18:54.061+0000] {logging_mixin.py:190} INFO - Processing file: transactions_df_2024-11-17.csv
[2024-11-21T06:18:58.616+0000] {logging_mixin.py:190} INFO - File saved to S3: s3://project-processed-data/usa_spending_data/states_20241121_061858.csv
[2024-11-21T06:18:58.858+0000] {logging_mixin.py:190} INFO - File saved to S3: s3://project-processed-data/usa_spending_data/cfda_20241121_061858.csv
[2024-11-21T06:18:59.059+0000] {logging_mixin.py:190} INFO - File saved to S3: s3://project-processed-data/usa_spending_data/agency_20241121_061858.csv
[2024-11-21T06:18:59.283+0000] {logging_mixin.py:190} INFO - File saved to S3: s3://project-processed-data/usa_spending_data/sub_agency_20241121_061858.csv
[2024-11-21T06:18:59.529+0000] {logging_mixin.py:190} INFO - File saved to S3: s3://project-processed-data/usa_spending_data/recipients_20241121_061858.csv
[2024-11-21T06:19:00.048+0000] {logging_mixin.py:190} INFO - File saved to S3: s3://project-processed-data/usa_spending_data/grants_20241121_061858.csv
[2024-11-21T06:19:00.534+0000] {logging_mixin.py:190} INFO - File saved to S3: s3://project-processed-data/usa_spending_data/federal_awards_20241121_061858.csv
[2024-11-21T06:19:01.718+0000] {logging_mixin.py:190} INFO - File saved to S3: s3://project-processed-data/usa_spending_data/funding_20241121_061858.csv
[2024-11-21T06:19:02.136+0000] {logging_mixin.py:190} INFO - File saved to S3: s3://project-processed-data/usa_spending_data/transactions_20241121_061858.csv
[2024-11-21T06:19:02.622+0000] {logging_mixin.py:190} INFO - File saved to S3: s3://project-processed-data/usa_spending_data/sub_awards_20241121_061858.csv
[2024-11-21T06:19:02.931+0000] {logging_mixin.py:190} INFO - File moved from s3://project-raw-data-files/usa_spending_data/ to s3://project-raw-data-files/archived/usa_spending_data/
[2024-11-21T06:19:03.424+0000] {logging_mixin.py:190} INFO - File moved from s3://project-raw-data-files/usa_spending_data/df_spending_by_award_11_17_2024.csv to s3://project-raw-data-files/archived/usa_spending_data/df_spending_by_award_11_17_2024.csv
[2024-11-21T06:19:03.759+0000] {logging_mixin.py:190} INFO - File moved from s3://project-raw-data-files/usa_spending_data/federal_account_funding_df_2024-11-17.csv to s3://project-raw-data-files/archived/usa_spending_data/federal_account_funding_df_2024-11-17.csv
[2024-11-21T06:19:04.051+0000] {logging_mixin.py:190} INFO - File moved from s3://project-raw-data-files/usa_spending_data/other_variables_11_17_2024.csv to s3://project-raw-data-files/archived/usa_spending_data/other_variables_11_17_2024.csv
[2024-11-21T06:19:04.345+0000] {logging_mixin.py:190} INFO - File moved from s3://project-raw-data-files/usa_spending_data/sub_award_df_2024-11-17.csv to s3://project-raw-data-files/archived/usa_spending_data/sub_award_df_2024-11-17.csv
[2024-11-21T06:19:04.671+0000] {logging_mixin.py:190} INFO - File moved from s3://project-raw-data-files/usa_spending_data/transactions_df_2024-11-17.csv to s3://project-raw-data-files/archived/usa_spending_data/transactions_df_2024-11-17.csv
[2024-11-21T06:19:04.681+0000] {python.py:240} INFO - Done. Returned value was: None
[2024-11-21T06:19:04.703+0000] {taskinstance.py:340} INFO - ::group::Post task execution logs
[2024-11-21T06:19:04.704+0000] {taskinstance.py:352} INFO - Marking task as SUCCESS. dag_id=ETL_usa_spending, task_id=process_usa_spending_data_task, run_id=manual__2024-11-21T06:18:46.489079+00:00, execution_date=20241121T061846, start_date=20241121T061851, end_date=20241121T061904
[2024-11-21T06:19:04.767+0000] {local_task_job_runner.py:266} INFO - Task exited with return code 0
[2024-11-21T06:19:04.793+0000] {taskinstance.py:3895} INFO - 0 downstream tasks scheduled from follow-on schedule check
[2024-11-21T06:19:04.797+0000] {local_task_job_runner.py:245} INFO - ::endgroup::
