[2024-11-11T07:58:36.527+0000] {processor.py:186} INFO - Started process (PID=1753) to work on /opt/airflow/dags/scripts/financial_reports_extraction_script.py
[2024-11-11T07:58:36.528+0000] {processor.py:914} INFO - Processing file /opt/airflow/dags/scripts/financial_reports_extraction_script.py for tasks to queue
[2024-11-11T07:58:36.530+0000] {logging_mixin.py:190} INFO - [2024-11-11T07:58:36.530+0000] {dagbag.py:588} INFO - Filling up the DagBag from /opt/airflow/dags/scripts/financial_reports_extraction_script.py
[2024-11-11T07:58:36.725+0000] {logging_mixin.py:190} INFO - [2024-11-11T07:58:36.717+0000] {dagbag.py:387} ERROR - Failed to import: /opt/airflow/dags/scripts/financial_reports_extraction_script.py
Traceback (most recent call last):
  File "/home/airflow/.local/lib/python3.12/site-packages/airflow/models/dagbag.py", line 383, in parse
    loader.exec_module(new_module)
  File "<frozen importlib._bootstrap_external>", line 995, in exec_module
  File "<frozen importlib._bootstrap>", line 488, in _call_with_frames_removed
  File "/opt/airflow/dags/scripts/financial_reports_extraction_script.py", line 5, in <module>
    import us
ModuleNotFoundError: No module named 'us'
[2024-11-11T07:58:36.732+0000] {logging_mixin.py:190} WARNING - /opt/airflow/dags/scripts/financial_reports_extraction_script.py:121 SyntaxWarning: invalid escape sequence '\$'
[2024-11-11T07:58:36.734+0000] {logging_mixin.py:190} WARNING - /opt/airflow/dags/scripts/financial_reports_extraction_script.py:122 SyntaxWarning: invalid escape sequence '\$'
[2024-11-11T07:58:36.735+0000] {logging_mixin.py:190} WARNING - /opt/airflow/dags/scripts/financial_reports_extraction_script.py:123 SyntaxWarning: invalid escape sequence '\$'
[2024-11-11T07:58:36.736+0000] {processor.py:927} WARNING - No viable dags retrieved from /opt/airflow/dags/scripts/financial_reports_extraction_script.py
[2024-11-11T07:58:36.761+0000] {processor.py:208} INFO - Processing /opt/airflow/dags/scripts/financial_reports_extraction_script.py took 0.244 seconds
[2024-11-11T07:59:07.886+0000] {processor.py:186} INFO - Started process (PID=1769) to work on /opt/airflow/dags/scripts/financial_reports_extraction_script.py
[2024-11-11T07:59:07.888+0000] {processor.py:914} INFO - Processing file /opt/airflow/dags/scripts/financial_reports_extraction_script.py for tasks to queue
[2024-11-11T07:59:07.890+0000] {logging_mixin.py:190} INFO - [2024-11-11T07:59:07.889+0000] {dagbag.py:588} INFO - Filling up the DagBag from /opt/airflow/dags/scripts/financial_reports_extraction_script.py
[2024-11-11T07:59:08.240+0000] {logging_mixin.py:190} INFO - [2024-11-11T07:59:08.230+0000] {dagbag.py:387} ERROR - Failed to import: /opt/airflow/dags/scripts/financial_reports_extraction_script.py
Traceback (most recent call last):
  File "/home/airflow/.local/lib/python3.12/site-packages/airflow/models/dagbag.py", line 383, in parse
    loader.exec_module(new_module)
  File "<frozen importlib._bootstrap_external>", line 995, in exec_module
  File "<frozen importlib._bootstrap>", line 488, in _call_with_frames_removed
  File "/opt/airflow/dags/scripts/financial_reports_extraction_script.py", line 5, in <module>
    import us
ModuleNotFoundError: No module named 'us'
[2024-11-11T07:59:08.244+0000] {processor.py:927} WARNING - No viable dags retrieved from /opt/airflow/dags/scripts/financial_reports_extraction_script.py
[2024-11-11T07:59:08.267+0000] {processor.py:208} INFO - Processing /opt/airflow/dags/scripts/financial_reports_extraction_script.py took 0.390 seconds
[2024-11-11T07:59:34.047+0000] {processor.py:186} INFO - Started process (PID=1785) to work on /opt/airflow/dags/scripts/financial_reports_extraction_script.py
[2024-11-11T07:59:34.048+0000] {processor.py:914} INFO - Processing file /opt/airflow/dags/scripts/financial_reports_extraction_script.py for tasks to queue
[2024-11-11T07:59:34.050+0000] {logging_mixin.py:190} INFO - [2024-11-11T07:59:34.050+0000] {dagbag.py:588} INFO - Filling up the DagBag from /opt/airflow/dags/scripts/financial_reports_extraction_script.py
[2024-11-11T07:59:34.115+0000] {logging_mixin.py:190} INFO - [2024-11-11T07:59:34.105+0000] {dagbag.py:387} ERROR - Failed to import: /opt/airflow/dags/scripts/financial_reports_extraction_script.py
Traceback (most recent call last):
  File "/home/airflow/.local/lib/python3.12/site-packages/airflow/models/dagbag.py", line 383, in parse
    loader.exec_module(new_module)
  File "<frozen importlib._bootstrap_external>", line 995, in exec_module
  File "<frozen importlib._bootstrap>", line 488, in _call_with_frames_removed
  File "/opt/airflow/dags/scripts/financial_reports_extraction_script.py", line 3, in <module>
    import us
ModuleNotFoundError: No module named 'us'
[2024-11-11T07:59:34.121+0000] {logging_mixin.py:190} WARNING - /opt/airflow/dags/scripts/financial_reports_extraction_script.py:119 SyntaxWarning: invalid escape sequence '\$'
[2024-11-11T07:59:34.123+0000] {logging_mixin.py:190} WARNING - /opt/airflow/dags/scripts/financial_reports_extraction_script.py:120 SyntaxWarning: invalid escape sequence '\$'
[2024-11-11T07:59:34.124+0000] {logging_mixin.py:190} WARNING - /opt/airflow/dags/scripts/financial_reports_extraction_script.py:121 SyntaxWarning: invalid escape sequence '\$'
[2024-11-11T07:59:34.125+0000] {processor.py:927} WARNING - No viable dags retrieved from /opt/airflow/dags/scripts/financial_reports_extraction_script.py
[2024-11-11T07:59:34.151+0000] {processor.py:208} INFO - Processing /opt/airflow/dags/scripts/financial_reports_extraction_script.py took 0.113 seconds
[2024-11-11T07:59:34.213+0000] {processor.py:186} INFO - Started process (PID=1790) to work on /opt/airflow/dags/scripts/financial_reports_extraction_script.py
[2024-11-11T07:59:34.214+0000] {processor.py:914} INFO - Processing file /opt/airflow/dags/scripts/financial_reports_extraction_script.py for tasks to queue
[2024-11-11T07:59:34.216+0000] {logging_mixin.py:190} INFO - [2024-11-11T07:59:34.216+0000] {dagbag.py:588} INFO - Filling up the DagBag from /opt/airflow/dags/scripts/financial_reports_extraction_script.py
[2024-11-11T07:59:34.242+0000] {logging_mixin.py:190} INFO - [2024-11-11T07:59:34.237+0000] {dagbag.py:387} ERROR - Failed to import: /opt/airflow/dags/scripts/financial_reports_extraction_script.py
Traceback (most recent call last):
  File "/home/airflow/.local/lib/python3.12/site-packages/airflow/models/dagbag.py", line 383, in parse
    loader.exec_module(new_module)
  File "<frozen importlib._bootstrap_external>", line 995, in exec_module
  File "<frozen importlib._bootstrap>", line 488, in _call_with_frames_removed
  File "/opt/airflow/dags/scripts/financial_reports_extraction_script.py", line 3, in <module>
    import us
ModuleNotFoundError: No module named 'us'
[2024-11-11T07:59:34.245+0000] {processor.py:927} WARNING - No viable dags retrieved from /opt/airflow/dags/scripts/financial_reports_extraction_script.py
[2024-11-11T07:59:34.265+0000] {processor.py:208} INFO - Processing /opt/airflow/dags/scripts/financial_reports_extraction_script.py took 0.058 seconds
[2024-11-11T08:00:04.368+0000] {processor.py:186} INFO - Started process (PID=1806) to work on /opt/airflow/dags/scripts/financial_reports_extraction_script.py
[2024-11-11T08:00:04.369+0000] {processor.py:914} INFO - Processing file /opt/airflow/dags/scripts/financial_reports_extraction_script.py for tasks to queue
[2024-11-11T08:00:04.371+0000] {logging_mixin.py:190} INFO - [2024-11-11T08:00:04.370+0000] {dagbag.py:588} INFO - Filling up the DagBag from /opt/airflow/dags/scripts/financial_reports_extraction_script.py
[2024-11-11T08:00:04.399+0000] {logging_mixin.py:190} INFO - [2024-11-11T08:00:04.394+0000] {dagbag.py:387} ERROR - Failed to import: /opt/airflow/dags/scripts/financial_reports_extraction_script.py
Traceback (most recent call last):
  File "/home/airflow/.local/lib/python3.12/site-packages/airflow/models/dagbag.py", line 383, in parse
    loader.exec_module(new_module)
  File "<frozen importlib._bootstrap_external>", line 995, in exec_module
  File "<frozen importlib._bootstrap>", line 488, in _call_with_frames_removed
  File "/opt/airflow/dags/scripts/financial_reports_extraction_script.py", line 3, in <module>
    import us
ModuleNotFoundError: No module named 'us'
[2024-11-11T08:00:04.401+0000] {processor.py:927} WARNING - No viable dags retrieved from /opt/airflow/dags/scripts/financial_reports_extraction_script.py
[2024-11-11T08:00:04.419+0000] {processor.py:208} INFO - Processing /opt/airflow/dags/scripts/financial_reports_extraction_script.py took 0.058 seconds
[2024-11-11T08:00:34.575+0000] {processor.py:186} INFO - Started process (PID=1823) to work on /opt/airflow/dags/scripts/financial_reports_extraction_script.py
[2024-11-11T08:00:34.576+0000] {processor.py:914} INFO - Processing file /opt/airflow/dags/scripts/financial_reports_extraction_script.py for tasks to queue
[2024-11-11T08:00:34.578+0000] {logging_mixin.py:190} INFO - [2024-11-11T08:00:34.578+0000] {dagbag.py:588} INFO - Filling up the DagBag from /opt/airflow/dags/scripts/financial_reports_extraction_script.py
[2024-11-11T08:00:34.618+0000] {logging_mixin.py:190} INFO - [2024-11-11T08:00:34.610+0000] {dagbag.py:387} ERROR - Failed to import: /opt/airflow/dags/scripts/financial_reports_extraction_script.py
Traceback (most recent call last):
  File "/home/airflow/.local/lib/python3.12/site-packages/airflow/models/dagbag.py", line 383, in parse
    loader.exec_module(new_module)
  File "<frozen importlib._bootstrap_external>", line 995, in exec_module
  File "<frozen importlib._bootstrap>", line 488, in _call_with_frames_removed
  File "/opt/airflow/dags/scripts/financial_reports_extraction_script.py", line 3, in <module>
    import us
ModuleNotFoundError: No module named 'us'
[2024-11-11T08:00:34.621+0000] {processor.py:927} WARNING - No viable dags retrieved from /opt/airflow/dags/scripts/financial_reports_extraction_script.py
[2024-11-11T08:00:34.647+0000] {processor.py:208} INFO - Processing /opt/airflow/dags/scripts/financial_reports_extraction_script.py took 0.080 seconds
[2024-11-11T08:01:04.837+0000] {processor.py:186} INFO - Started process (PID=1839) to work on /opt/airflow/dags/scripts/financial_reports_extraction_script.py
[2024-11-11T08:01:04.838+0000] {processor.py:914} INFO - Processing file /opt/airflow/dags/scripts/financial_reports_extraction_script.py for tasks to queue
[2024-11-11T08:01:04.840+0000] {logging_mixin.py:190} INFO - [2024-11-11T08:01:04.839+0000] {dagbag.py:588} INFO - Filling up the DagBag from /opt/airflow/dags/scripts/financial_reports_extraction_script.py
[2024-11-11T08:01:04.867+0000] {logging_mixin.py:190} INFO - [2024-11-11T08:01:04.861+0000] {dagbag.py:387} ERROR - Failed to import: /opt/airflow/dags/scripts/financial_reports_extraction_script.py
Traceback (most recent call last):
  File "/home/airflow/.local/lib/python3.12/site-packages/airflow/models/dagbag.py", line 383, in parse
    loader.exec_module(new_module)
  File "<frozen importlib._bootstrap_external>", line 995, in exec_module
  File "<frozen importlib._bootstrap>", line 488, in _call_with_frames_removed
  File "/opt/airflow/dags/scripts/financial_reports_extraction_script.py", line 3, in <module>
    import us
ModuleNotFoundError: No module named 'us'
[2024-11-11T08:01:04.869+0000] {processor.py:927} WARNING - No viable dags retrieved from /opt/airflow/dags/scripts/financial_reports_extraction_script.py
[2024-11-11T08:01:04.888+0000] {processor.py:208} INFO - Processing /opt/airflow/dags/scripts/financial_reports_extraction_script.py took 0.058 seconds
[2024-11-11T08:01:35.079+0000] {processor.py:186} INFO - Started process (PID=1855) to work on /opt/airflow/dags/scripts/financial_reports_extraction_script.py
[2024-11-11T08:01:35.081+0000] {processor.py:914} INFO - Processing file /opt/airflow/dags/scripts/financial_reports_extraction_script.py for tasks to queue
[2024-11-11T08:01:35.082+0000] {logging_mixin.py:190} INFO - [2024-11-11T08:01:35.082+0000] {dagbag.py:588} INFO - Filling up the DagBag from /opt/airflow/dags/scripts/financial_reports_extraction_script.py
[2024-11-11T08:01:35.114+0000] {logging_mixin.py:190} INFO - [2024-11-11T08:01:35.106+0000] {dagbag.py:387} ERROR - Failed to import: /opt/airflow/dags/scripts/financial_reports_extraction_script.py
Traceback (most recent call last):
  File "/home/airflow/.local/lib/python3.12/site-packages/airflow/models/dagbag.py", line 383, in parse
    loader.exec_module(new_module)
  File "<frozen importlib._bootstrap_external>", line 995, in exec_module
  File "<frozen importlib._bootstrap>", line 488, in _call_with_frames_removed
  File "/opt/airflow/dags/scripts/financial_reports_extraction_script.py", line 3, in <module>
    import us
ModuleNotFoundError: No module named 'us'
[2024-11-11T08:01:35.117+0000] {processor.py:927} WARNING - No viable dags retrieved from /opt/airflow/dags/scripts/financial_reports_extraction_script.py
[2024-11-11T08:01:35.145+0000] {processor.py:208} INFO - Processing /opt/airflow/dags/scripts/financial_reports_extraction_script.py took 0.072 seconds
[2024-11-11T08:01:50.127+0000] {processor.py:186} INFO - Started process (PID=1865) to work on /opt/airflow/dags/scripts/financial_reports_extraction_script.py
[2024-11-11T08:01:50.129+0000] {processor.py:914} INFO - Processing file /opt/airflow/dags/scripts/financial_reports_extraction_script.py for tasks to queue
[2024-11-11T08:01:50.131+0000] {logging_mixin.py:190} INFO - [2024-11-11T08:01:50.130+0000] {dagbag.py:588} INFO - Filling up the DagBag from /opt/airflow/dags/scripts/financial_reports_extraction_script.py
[2024-11-11T08:01:50.188+0000] {logging_mixin.py:190} INFO - [2024-11-11T08:01:50.181+0000] {dagbag.py:387} ERROR - Failed to import: /opt/airflow/dags/scripts/financial_reports_extraction_script.py
Traceback (most recent call last):
  File "/home/airflow/.local/lib/python3.12/site-packages/airflow/models/dagbag.py", line 383, in parse
    loader.exec_module(new_module)
  File "<frozen importlib._bootstrap_external>", line 995, in exec_module
  File "<frozen importlib._bootstrap>", line 488, in _call_with_frames_removed
  File "/opt/airflow/dags/scripts/financial_reports_extraction_script.py", line 3, in <module>
    import us
ModuleNotFoundError: No module named 'us'
[2024-11-11T08:01:50.192+0000] {logging_mixin.py:190} WARNING - /opt/airflow/dags/scripts/financial_reports_extraction_script.py:118 SyntaxWarning: invalid escape sequence '\$'
[2024-11-11T08:01:50.194+0000] {logging_mixin.py:190} WARNING - /opt/airflow/dags/scripts/financial_reports_extraction_script.py:119 SyntaxWarning: invalid escape sequence '\$'
[2024-11-11T08:01:50.195+0000] {logging_mixin.py:190} WARNING - /opt/airflow/dags/scripts/financial_reports_extraction_script.py:120 SyntaxWarning: invalid escape sequence '\$'
[2024-11-11T08:01:50.195+0000] {processor.py:927} WARNING - No viable dags retrieved from /opt/airflow/dags/scripts/financial_reports_extraction_script.py
[2024-11-11T08:01:50.215+0000] {processor.py:208} INFO - Processing /opt/airflow/dags/scripts/financial_reports_extraction_script.py took 0.095 seconds
[2024-11-11T08:02:02.339+0000] {processor.py:186} INFO - Started process (PID=1876) to work on /opt/airflow/dags/scripts/financial_reports_extraction_script.py
[2024-11-11T08:02:02.340+0000] {processor.py:914} INFO - Processing file /opt/airflow/dags/scripts/financial_reports_extraction_script.py for tasks to queue
[2024-11-11T08:02:02.343+0000] {logging_mixin.py:190} INFO - [2024-11-11T08:02:02.343+0000] {dagbag.py:588} INFO - Filling up the DagBag from /opt/airflow/dags/scripts/financial_reports_extraction_script.py
[2024-11-11T08:02:05.856+0000] {logging_mixin.py:190} INFO - [2024-11-11T08:02:05.846+0000] {dagbag.py:387} ERROR - Failed to import: /opt/airflow/dags/scripts/financial_reports_extraction_script.py
Traceback (most recent call last):
  File "/home/airflow/.local/lib/python3.12/site-packages/airflow/models/dagbag.py", line 383, in parse
    loader.exec_module(new_module)
  File "<frozen importlib._bootstrap_external>", line 995, in exec_module
  File "<frozen importlib._bootstrap>", line 488, in _call_with_frames_removed
  File "/opt/airflow/dags/scripts/financial_reports_extraction_script.py", line 5, in <module>
    from trp import Document
ModuleNotFoundError: No module named 'trp'
[2024-11-11T08:02:05.861+0000] {logging_mixin.py:190} WARNING - /opt/airflow/dags/scripts/financial_reports_extraction_script.py:118 SyntaxWarning: invalid escape sequence '\$'
[2024-11-11T08:02:05.863+0000] {logging_mixin.py:190} WARNING - /opt/airflow/dags/scripts/financial_reports_extraction_script.py:119 SyntaxWarning: invalid escape sequence '\$'
[2024-11-11T08:02:05.864+0000] {logging_mixin.py:190} WARNING - /opt/airflow/dags/scripts/financial_reports_extraction_script.py:120 SyntaxWarning: invalid escape sequence '\$'
[2024-11-11T08:02:05.865+0000] {processor.py:927} WARNING - No viable dags retrieved from /opt/airflow/dags/scripts/financial_reports_extraction_script.py
[2024-11-11T08:02:05.887+0000] {processor.py:208} INFO - Processing /opt/airflow/dags/scripts/financial_reports_extraction_script.py took 3.560 seconds
[2024-11-11T08:02:36.011+0000] {processor.py:186} INFO - Started process (PID=1893) to work on /opt/airflow/dags/scripts/financial_reports_extraction_script.py
[2024-11-11T08:02:36.012+0000] {processor.py:914} INFO - Processing file /opt/airflow/dags/scripts/financial_reports_extraction_script.py for tasks to queue
[2024-11-11T08:02:36.014+0000] {logging_mixin.py:190} INFO - [2024-11-11T08:02:36.014+0000] {dagbag.py:588} INFO - Filling up the DagBag from /opt/airflow/dags/scripts/financial_reports_extraction_script.py
[2024-11-11T08:02:36.485+0000] {logging_mixin.py:190} INFO - [2024-11-11T08:02:36.479+0000] {dagbag.py:387} ERROR - Failed to import: /opt/airflow/dags/scripts/financial_reports_extraction_script.py
Traceback (most recent call last):
  File "/home/airflow/.local/lib/python3.12/site-packages/airflow/models/dagbag.py", line 383, in parse
    loader.exec_module(new_module)
  File "<frozen importlib._bootstrap_external>", line 995, in exec_module
  File "<frozen importlib._bootstrap>", line 488, in _call_with_frames_removed
  File "/opt/airflow/dags/scripts/financial_reports_extraction_script.py", line 5, in <module>
    from trp import Document
ModuleNotFoundError: No module named 'trp'
[2024-11-11T08:02:36.487+0000] {processor.py:927} WARNING - No viable dags retrieved from /opt/airflow/dags/scripts/financial_reports_extraction_script.py
[2024-11-11T08:02:36.505+0000] {processor.py:208} INFO - Processing /opt/airflow/dags/scripts/financial_reports_extraction_script.py took 0.500 seconds
[2024-11-11T08:03:06.746+0000] {processor.py:186} INFO - Started process (PID=1910) to work on /opt/airflow/dags/scripts/financial_reports_extraction_script.py
[2024-11-11T08:03:06.749+0000] {processor.py:914} INFO - Processing file /opt/airflow/dags/scripts/financial_reports_extraction_script.py for tasks to queue
[2024-11-11T08:03:06.754+0000] {logging_mixin.py:190} INFO - [2024-11-11T08:03:06.753+0000] {dagbag.py:588} INFO - Filling up the DagBag from /opt/airflow/dags/scripts/financial_reports_extraction_script.py
[2024-11-11T08:03:07.397+0000] {logging_mixin.py:190} INFO - [2024-11-11T08:03:07.389+0000] {dagbag.py:387} ERROR - Failed to import: /opt/airflow/dags/scripts/financial_reports_extraction_script.py
Traceback (most recent call last):
  File "/home/airflow/.local/lib/python3.12/site-packages/airflow/models/dagbag.py", line 383, in parse
    loader.exec_module(new_module)
  File "<frozen importlib._bootstrap_external>", line 995, in exec_module
  File "<frozen importlib._bootstrap>", line 488, in _call_with_frames_removed
  File "/opt/airflow/dags/scripts/financial_reports_extraction_script.py", line 5, in <module>
    from trp import Document
ModuleNotFoundError: No module named 'trp'
[2024-11-11T08:03:07.399+0000] {processor.py:927} WARNING - No viable dags retrieved from /opt/airflow/dags/scripts/financial_reports_extraction_script.py
[2024-11-11T08:03:07.415+0000] {processor.py:208} INFO - Processing /opt/airflow/dags/scripts/financial_reports_extraction_script.py took 0.687 seconds
[2024-11-11T08:03:37.959+0000] {processor.py:186} INFO - Started process (PID=1927) to work on /opt/airflow/dags/scripts/financial_reports_extraction_script.py
[2024-11-11T08:03:37.960+0000] {processor.py:914} INFO - Processing file /opt/airflow/dags/scripts/financial_reports_extraction_script.py for tasks to queue
[2024-11-11T08:03:37.961+0000] {logging_mixin.py:190} INFO - [2024-11-11T08:03:37.961+0000] {dagbag.py:588} INFO - Filling up the DagBag from /opt/airflow/dags/scripts/financial_reports_extraction_script.py
[2024-11-11T08:03:38.545+0000] {logging_mixin.py:190} INFO - [2024-11-11T08:03:38.536+0000] {dagbag.py:387} ERROR - Failed to import: /opt/airflow/dags/scripts/financial_reports_extraction_script.py
Traceback (most recent call last):
  File "/home/airflow/.local/lib/python3.12/site-packages/airflow/models/dagbag.py", line 383, in parse
    loader.exec_module(new_module)
  File "<frozen importlib._bootstrap_external>", line 995, in exec_module
  File "<frozen importlib._bootstrap>", line 488, in _call_with_frames_removed
  File "/opt/airflow/dags/scripts/financial_reports_extraction_script.py", line 5, in <module>
    from trp import Document
ModuleNotFoundError: No module named 'trp'
[2024-11-11T08:03:38.548+0000] {processor.py:927} WARNING - No viable dags retrieved from /opt/airflow/dags/scripts/financial_reports_extraction_script.py
[2024-11-11T08:03:38.562+0000] {processor.py:208} INFO - Processing /opt/airflow/dags/scripts/financial_reports_extraction_script.py took 0.611 seconds
[2024-11-11T08:04:08.805+0000] {processor.py:186} INFO - Started process (PID=1944) to work on /opt/airflow/dags/scripts/financial_reports_extraction_script.py
[2024-11-11T08:04:08.806+0000] {processor.py:914} INFO - Processing file /opt/airflow/dags/scripts/financial_reports_extraction_script.py for tasks to queue
[2024-11-11T08:04:08.808+0000] {logging_mixin.py:190} INFO - [2024-11-11T08:04:08.808+0000] {dagbag.py:588} INFO - Filling up the DagBag from /opt/airflow/dags/scripts/financial_reports_extraction_script.py
[2024-11-11T08:04:09.307+0000] {logging_mixin.py:190} INFO - [2024-11-11T08:04:09.299+0000] {dagbag.py:387} ERROR - Failed to import: /opt/airflow/dags/scripts/financial_reports_extraction_script.py
Traceback (most recent call last):
  File "/home/airflow/.local/lib/python3.12/site-packages/airflow/models/dagbag.py", line 383, in parse
    loader.exec_module(new_module)
  File "<frozen importlib._bootstrap_external>", line 995, in exec_module
  File "<frozen importlib._bootstrap>", line 488, in _call_with_frames_removed
  File "/opt/airflow/dags/scripts/financial_reports_extraction_script.py", line 5, in <module>
    from trp import Document
ModuleNotFoundError: No module named 'trp'
[2024-11-11T08:04:09.310+0000] {processor.py:927} WARNING - No viable dags retrieved from /opt/airflow/dags/scripts/financial_reports_extraction_script.py
[2024-11-11T08:04:09.328+0000] {processor.py:208} INFO - Processing /opt/airflow/dags/scripts/financial_reports_extraction_script.py took 0.532 seconds
[2024-11-11T08:04:39.423+0000] {processor.py:186} INFO - Started process (PID=1961) to work on /opt/airflow/dags/scripts/financial_reports_extraction_script.py
[2024-11-11T08:04:39.424+0000] {processor.py:914} INFO - Processing file /opt/airflow/dags/scripts/financial_reports_extraction_script.py for tasks to queue
[2024-11-11T08:04:39.426+0000] {logging_mixin.py:190} INFO - [2024-11-11T08:04:39.426+0000] {dagbag.py:588} INFO - Filling up the DagBag from /opt/airflow/dags/scripts/financial_reports_extraction_script.py
[2024-11-11T08:04:39.945+0000] {logging_mixin.py:190} INFO - [2024-11-11T08:04:39.936+0000] {dagbag.py:387} ERROR - Failed to import: /opt/airflow/dags/scripts/financial_reports_extraction_script.py
Traceback (most recent call last):
  File "/home/airflow/.local/lib/python3.12/site-packages/airflow/models/dagbag.py", line 383, in parse
    loader.exec_module(new_module)
  File "<frozen importlib._bootstrap_external>", line 995, in exec_module
  File "<frozen importlib._bootstrap>", line 488, in _call_with_frames_removed
  File "/opt/airflow/dags/scripts/financial_reports_extraction_script.py", line 5, in <module>
    from trp import Document
ModuleNotFoundError: No module named 'trp'
[2024-11-11T08:04:39.949+0000] {processor.py:927} WARNING - No viable dags retrieved from /opt/airflow/dags/scripts/financial_reports_extraction_script.py
[2024-11-11T08:04:39.969+0000] {processor.py:208} INFO - Processing /opt/airflow/dags/scripts/financial_reports_extraction_script.py took 0.553 seconds
[2024-11-11T08:05:10.192+0000] {processor.py:186} INFO - Started process (PID=1978) to work on /opt/airflow/dags/scripts/financial_reports_extraction_script.py
[2024-11-11T08:05:10.193+0000] {processor.py:914} INFO - Processing file /opt/airflow/dags/scripts/financial_reports_extraction_script.py for tasks to queue
[2024-11-11T08:05:10.196+0000] {logging_mixin.py:190} INFO - [2024-11-11T08:05:10.195+0000] {dagbag.py:588} INFO - Filling up the DagBag from /opt/airflow/dags/scripts/financial_reports_extraction_script.py
[2024-11-11T08:05:10.939+0000] {logging_mixin.py:190} INFO - [2024-11-11T08:05:10.929+0000] {dagbag.py:387} ERROR - Failed to import: /opt/airflow/dags/scripts/financial_reports_extraction_script.py
Traceback (most recent call last):
  File "/home/airflow/.local/lib/python3.12/site-packages/airflow/models/dagbag.py", line 383, in parse
    loader.exec_module(new_module)
  File "<frozen importlib._bootstrap_external>", line 995, in exec_module
  File "<frozen importlib._bootstrap>", line 488, in _call_with_frames_removed
  File "/opt/airflow/dags/scripts/financial_reports_extraction_script.py", line 5, in <module>
    from trp import Document
ModuleNotFoundError: No module named 'trp'
[2024-11-11T08:05:10.945+0000] {processor.py:927} WARNING - No viable dags retrieved from /opt/airflow/dags/scripts/financial_reports_extraction_script.py
[2024-11-11T08:05:10.964+0000] {processor.py:208} INFO - Processing /opt/airflow/dags/scripts/financial_reports_extraction_script.py took 0.780 seconds
[2024-11-11T08:05:41.166+0000] {processor.py:186} INFO - Started process (PID=1989) to work on /opt/airflow/dags/scripts/financial_reports_extraction_script.py
[2024-11-11T08:05:41.168+0000] {processor.py:914} INFO - Processing file /opt/airflow/dags/scripts/financial_reports_extraction_script.py for tasks to queue
[2024-11-11T08:05:41.169+0000] {logging_mixin.py:190} INFO - [2024-11-11T08:05:41.169+0000] {dagbag.py:588} INFO - Filling up the DagBag from /opt/airflow/dags/scripts/financial_reports_extraction_script.py
[2024-11-11T08:05:41.715+0000] {logging_mixin.py:190} INFO - [2024-11-11T08:05:41.708+0000] {dagbag.py:387} ERROR - Failed to import: /opt/airflow/dags/scripts/financial_reports_extraction_script.py
Traceback (most recent call last):
  File "/home/airflow/.local/lib/python3.12/site-packages/airflow/models/dagbag.py", line 383, in parse
    loader.exec_module(new_module)
  File "<frozen importlib._bootstrap_external>", line 995, in exec_module
  File "<frozen importlib._bootstrap>", line 488, in _call_with_frames_removed
  File "/opt/airflow/dags/scripts/financial_reports_extraction_script.py", line 5, in <module>
    from trp import Document
ModuleNotFoundError: No module named 'trp'
[2024-11-11T08:05:41.718+0000] {processor.py:927} WARNING - No viable dags retrieved from /opt/airflow/dags/scripts/financial_reports_extraction_script.py
[2024-11-11T08:05:41.737+0000] {processor.py:208} INFO - Processing /opt/airflow/dags/scripts/financial_reports_extraction_script.py took 0.579 seconds
[2024-11-11T08:06:12.007+0000] {processor.py:186} INFO - Started process (PID=2006) to work on /opt/airflow/dags/scripts/financial_reports_extraction_script.py
[2024-11-11T08:06:12.009+0000] {processor.py:914} INFO - Processing file /opt/airflow/dags/scripts/financial_reports_extraction_script.py for tasks to queue
[2024-11-11T08:06:12.011+0000] {logging_mixin.py:190} INFO - [2024-11-11T08:06:12.011+0000] {dagbag.py:588} INFO - Filling up the DagBag from /opt/airflow/dags/scripts/financial_reports_extraction_script.py
[2024-11-11T08:06:12.670+0000] {logging_mixin.py:190} INFO - [2024-11-11T08:06:12.662+0000] {dagbag.py:387} ERROR - Failed to import: /opt/airflow/dags/scripts/financial_reports_extraction_script.py
Traceback (most recent call last):
  File "/home/airflow/.local/lib/python3.12/site-packages/airflow/models/dagbag.py", line 383, in parse
    loader.exec_module(new_module)
  File "<frozen importlib._bootstrap_external>", line 995, in exec_module
  File "<frozen importlib._bootstrap>", line 488, in _call_with_frames_removed
  File "/opt/airflow/dags/scripts/financial_reports_extraction_script.py", line 5, in <module>
    from trp import Document
ModuleNotFoundError: No module named 'trp'
[2024-11-11T08:06:12.673+0000] {processor.py:927} WARNING - No viable dags retrieved from /opt/airflow/dags/scripts/financial_reports_extraction_script.py
[2024-11-11T08:06:12.691+0000] {processor.py:208} INFO - Processing /opt/airflow/dags/scripts/financial_reports_extraction_script.py took 0.692 seconds
[2024-11-11T08:06:43.281+0000] {processor.py:186} INFO - Started process (PID=2023) to work on /opt/airflow/dags/scripts/financial_reports_extraction_script.py
[2024-11-11T08:06:43.282+0000] {processor.py:914} INFO - Processing file /opt/airflow/dags/scripts/financial_reports_extraction_script.py for tasks to queue
[2024-11-11T08:06:43.284+0000] {logging_mixin.py:190} INFO - [2024-11-11T08:06:43.283+0000] {dagbag.py:588} INFO - Filling up the DagBag from /opt/airflow/dags/scripts/financial_reports_extraction_script.py
[2024-11-11T08:06:43.628+0000] {logging_mixin.py:190} INFO - [2024-11-11T08:06:43.619+0000] {dagbag.py:387} ERROR - Failed to import: /opt/airflow/dags/scripts/financial_reports_extraction_script.py
Traceback (most recent call last):
  File "/home/airflow/.local/lib/python3.12/site-packages/airflow/models/dagbag.py", line 383, in parse
    loader.exec_module(new_module)
  File "<frozen importlib._bootstrap_external>", line 995, in exec_module
  File "<frozen importlib._bootstrap>", line 488, in _call_with_frames_removed
  File "/opt/airflow/dags/scripts/financial_reports_extraction_script.py", line 5, in <module>
    from trp import Document
ModuleNotFoundError: No module named 'trp'
[2024-11-11T08:06:43.631+0000] {processor.py:927} WARNING - No viable dags retrieved from /opt/airflow/dags/scripts/financial_reports_extraction_script.py
[2024-11-11T08:06:43.652+0000] {processor.py:208} INFO - Processing /opt/airflow/dags/scripts/financial_reports_extraction_script.py took 0.377 seconds
[2024-11-11T08:07:14.503+0000] {processor.py:186} INFO - Started process (PID=2040) to work on /opt/airflow/dags/scripts/financial_reports_extraction_script.py
[2024-11-11T08:07:14.512+0000] {processor.py:914} INFO - Processing file /opt/airflow/dags/scripts/financial_reports_extraction_script.py for tasks to queue
[2024-11-11T08:07:14.515+0000] {logging_mixin.py:190} INFO - [2024-11-11T08:07:14.514+0000] {dagbag.py:588} INFO - Filling up the DagBag from /opt/airflow/dags/scripts/financial_reports_extraction_script.py
[2024-11-11T08:07:15.624+0000] {logging_mixin.py:190} INFO - [2024-11-11T08:07:15.610+0000] {dagbag.py:387} ERROR - Failed to import: /opt/airflow/dags/scripts/financial_reports_extraction_script.py
Traceback (most recent call last):
  File "/home/airflow/.local/lib/python3.12/site-packages/airflow/models/dagbag.py", line 383, in parse
    loader.exec_module(new_module)
  File "<frozen importlib._bootstrap_external>", line 995, in exec_module
  File "<frozen importlib._bootstrap>", line 488, in _call_with_frames_removed
  File "/opt/airflow/dags/scripts/financial_reports_extraction_script.py", line 5, in <module>
    from trp import Document
ModuleNotFoundError: No module named 'trp'
[2024-11-11T08:07:15.628+0000] {processor.py:927} WARNING - No viable dags retrieved from /opt/airflow/dags/scripts/financial_reports_extraction_script.py
[2024-11-11T08:07:15.658+0000] {processor.py:208} INFO - Processing /opt/airflow/dags/scripts/financial_reports_extraction_script.py took 1.185 seconds
[2024-11-11T08:07:45.850+0000] {processor.py:186} INFO - Started process (PID=2057) to work on /opt/airflow/dags/scripts/financial_reports_extraction_script.py
[2024-11-11T08:07:45.851+0000] {processor.py:914} INFO - Processing file /opt/airflow/dags/scripts/financial_reports_extraction_script.py for tasks to queue
[2024-11-11T08:07:45.853+0000] {logging_mixin.py:190} INFO - [2024-11-11T08:07:45.852+0000] {dagbag.py:588} INFO - Filling up the DagBag from /opt/airflow/dags/scripts/financial_reports_extraction_script.py
[2024-11-11T08:07:46.193+0000] {logging_mixin.py:190} INFO - [2024-11-11T08:07:46.181+0000] {dagbag.py:387} ERROR - Failed to import: /opt/airflow/dags/scripts/financial_reports_extraction_script.py
Traceback (most recent call last):
  File "/home/airflow/.local/lib/python3.12/site-packages/airflow/models/dagbag.py", line 383, in parse
    loader.exec_module(new_module)
  File "<frozen importlib._bootstrap_external>", line 995, in exec_module
  File "<frozen importlib._bootstrap>", line 488, in _call_with_frames_removed
  File "/opt/airflow/dags/scripts/financial_reports_extraction_script.py", line 5, in <module>
    from trp import Document
ModuleNotFoundError: No module named 'trp'
[2024-11-11T08:07:46.195+0000] {processor.py:927} WARNING - No viable dags retrieved from /opt/airflow/dags/scripts/financial_reports_extraction_script.py
[2024-11-11T08:07:46.213+0000] {processor.py:208} INFO - Processing /opt/airflow/dags/scripts/financial_reports_extraction_script.py took 0.370 seconds
[2024-11-11T08:08:16.330+0000] {processor.py:186} INFO - Started process (PID=2074) to work on /opt/airflow/dags/scripts/financial_reports_extraction_script.py
[2024-11-11T08:08:16.331+0000] {processor.py:914} INFO - Processing file /opt/airflow/dags/scripts/financial_reports_extraction_script.py for tasks to queue
[2024-11-11T08:08:16.333+0000] {logging_mixin.py:190} INFO - [2024-11-11T08:08:16.332+0000] {dagbag.py:588} INFO - Filling up the DagBag from /opt/airflow/dags/scripts/financial_reports_extraction_script.py
[2024-11-11T08:08:16.653+0000] {logging_mixin.py:190} INFO - [2024-11-11T08:08:16.644+0000] {dagbag.py:387} ERROR - Failed to import: /opt/airflow/dags/scripts/financial_reports_extraction_script.py
Traceback (most recent call last):
  File "/home/airflow/.local/lib/python3.12/site-packages/airflow/models/dagbag.py", line 383, in parse
    loader.exec_module(new_module)
  File "<frozen importlib._bootstrap_external>", line 995, in exec_module
  File "<frozen importlib._bootstrap>", line 488, in _call_with_frames_removed
  File "/opt/airflow/dags/scripts/financial_reports_extraction_script.py", line 5, in <module>
    from trp import Document
ModuleNotFoundError: No module named 'trp'
[2024-11-11T08:08:16.656+0000] {processor.py:927} WARNING - No viable dags retrieved from /opt/airflow/dags/scripts/financial_reports_extraction_script.py
[2024-11-11T08:08:16.673+0000] {processor.py:208} INFO - Processing /opt/airflow/dags/scripts/financial_reports_extraction_script.py took 0.349 seconds
[2024-11-11T08:08:46.735+0000] {processor.py:186} INFO - Started process (PID=2091) to work on /opt/airflow/dags/scripts/financial_reports_extraction_script.py
[2024-11-11T08:08:46.736+0000] {processor.py:914} INFO - Processing file /opt/airflow/dags/scripts/financial_reports_extraction_script.py for tasks to queue
[2024-11-11T08:08:46.738+0000] {logging_mixin.py:190} INFO - [2024-11-11T08:08:46.738+0000] {dagbag.py:588} INFO - Filling up the DagBag from /opt/airflow/dags/scripts/financial_reports_extraction_script.py
[2024-11-11T08:08:47.065+0000] {logging_mixin.py:190} INFO - [2024-11-11T08:08:47.056+0000] {dagbag.py:387} ERROR - Failed to import: /opt/airflow/dags/scripts/financial_reports_extraction_script.py
Traceback (most recent call last):
  File "/home/airflow/.local/lib/python3.12/site-packages/airflow/models/dagbag.py", line 383, in parse
    loader.exec_module(new_module)
  File "<frozen importlib._bootstrap_external>", line 995, in exec_module
  File "<frozen importlib._bootstrap>", line 488, in _call_with_frames_removed
  File "/opt/airflow/dags/scripts/financial_reports_extraction_script.py", line 5, in <module>
    from trp import Document
ModuleNotFoundError: No module named 'trp'
[2024-11-11T08:08:47.067+0000] {processor.py:927} WARNING - No viable dags retrieved from /opt/airflow/dags/scripts/financial_reports_extraction_script.py
[2024-11-11T08:08:47.086+0000] {processor.py:208} INFO - Processing /opt/airflow/dags/scripts/financial_reports_extraction_script.py took 0.358 seconds
[2024-11-11T08:16:39.524+0000] {processor.py:186} INFO - Started process (PID=172) to work on /opt/airflow/dags/scripts/financial_reports_extraction_script.py
[2024-11-11T08:16:39.548+0000] {processor.py:914} INFO - Processing file /opt/airflow/dags/scripts/financial_reports_extraction_script.py for tasks to queue
[2024-11-11T08:16:39.594+0000] {logging_mixin.py:190} INFO - [2024-11-11T08:16:39.591+0000] {dagbag.py:588} INFO - Filling up the DagBag from /opt/airflow/dags/scripts/financial_reports_extraction_script.py
[2024-11-11T08:16:43.259+0000] {logging_mixin.py:190} INFO - [2024-11-11T08:16:43.248+0000] {dagbag.py:387} ERROR - Failed to import: /opt/airflow/dags/scripts/financial_reports_extraction_script.py
Traceback (most recent call last):
  File "/home/airflow/.local/lib/python3.12/site-packages/airflow/models/dagbag.py", line 383, in parse
    loader.exec_module(new_module)
  File "<frozen importlib._bootstrap_external>", line 995, in exec_module
  File "<frozen importlib._bootstrap>", line 488, in _call_with_frames_removed
  File "/opt/airflow/dags/scripts/financial_reports_extraction_script.py", line 5, in <module>
    from trp import Document
ModuleNotFoundError: No module named 'trp'
[2024-11-11T08:16:43.262+0000] {processor.py:927} WARNING - No viable dags retrieved from /opt/airflow/dags/scripts/financial_reports_extraction_script.py
[2024-11-11T08:16:43.310+0000] {processor.py:208} INFO - Processing /opt/airflow/dags/scripts/financial_reports_extraction_script.py took 3.848 seconds
[2024-11-11T08:17:13.759+0000] {processor.py:186} INFO - Started process (PID=194) to work on /opt/airflow/dags/scripts/financial_reports_extraction_script.py
[2024-11-11T08:17:13.761+0000] {processor.py:914} INFO - Processing file /opt/airflow/dags/scripts/financial_reports_extraction_script.py for tasks to queue
[2024-11-11T08:17:13.764+0000] {logging_mixin.py:190} INFO - [2024-11-11T08:17:13.764+0000] {dagbag.py:588} INFO - Filling up the DagBag from /opt/airflow/dags/scripts/financial_reports_extraction_script.py
[2024-11-11T08:17:14.299+0000] {logging_mixin.py:190} INFO - [2024-11-11T08:17:14.291+0000] {dagbag.py:387} ERROR - Failed to import: /opt/airflow/dags/scripts/financial_reports_extraction_script.py
Traceback (most recent call last):
  File "/home/airflow/.local/lib/python3.12/site-packages/airflow/models/dagbag.py", line 383, in parse
    loader.exec_module(new_module)
  File "<frozen importlib._bootstrap_external>", line 995, in exec_module
  File "<frozen importlib._bootstrap>", line 488, in _call_with_frames_removed
  File "/opt/airflow/dags/scripts/financial_reports_extraction_script.py", line 5, in <module>
    from trp import Document
ModuleNotFoundError: No module named 'trp'
[2024-11-11T08:17:14.301+0000] {processor.py:927} WARNING - No viable dags retrieved from /opt/airflow/dags/scripts/financial_reports_extraction_script.py
[2024-11-11T08:17:14.317+0000] {processor.py:208} INFO - Processing /opt/airflow/dags/scripts/financial_reports_extraction_script.py took 0.568 seconds
[2024-11-11T08:32:21.073+0000] {processor.py:186} INFO - Started process (PID=179) to work on /opt/airflow/dags/scripts/financial_reports_extraction_script.py
[2024-11-11T08:32:21.080+0000] {processor.py:914} INFO - Processing file /opt/airflow/dags/scripts/financial_reports_extraction_script.py for tasks to queue
[2024-11-11T08:32:21.113+0000] {logging_mixin.py:190} INFO - [2024-11-11T08:32:21.112+0000] {dagbag.py:588} INFO - Filling up the DagBag from /opt/airflow/dags/scripts/financial_reports_extraction_script.py
[2024-11-11T08:32:28.559+0000] {logging_mixin.py:190} INFO - [2024-11-11T08:32:28.545+0000] {dagbag.py:387} ERROR - Failed to import: /opt/airflow/dags/scripts/financial_reports_extraction_script.py
Traceback (most recent call last):
  File "/home/airflow/.local/lib/python3.12/site-packages/airflow/models/dagbag.py", line 383, in parse
    loader.exec_module(new_module)
  File "<frozen importlib._bootstrap_external>", line 995, in exec_module
  File "<frozen importlib._bootstrap>", line 488, in _call_with_frames_removed
  File "/opt/airflow/dags/scripts/financial_reports_extraction_script.py", line 10, in <module>
    from utils import get_client
ModuleNotFoundError: No module named 'utils'
[2024-11-11T08:32:28.565+0000] {processor.py:927} WARNING - No viable dags retrieved from /opt/airflow/dags/scripts/financial_reports_extraction_script.py
[2024-11-11T08:32:28.610+0000] {processor.py:208} INFO - Processing /opt/airflow/dags/scripts/financial_reports_extraction_script.py took 5.827 seconds
[2024-11-11T08:33:00.615+0000] {processor.py:186} INFO - Started process (PID=201) to work on /opt/airflow/dags/scripts/financial_reports_extraction_script.py
[2024-11-11T08:33:00.636+0000] {processor.py:914} INFO - Processing file /opt/airflow/dags/scripts/financial_reports_extraction_script.py for tasks to queue
[2024-11-11T08:33:00.683+0000] {logging_mixin.py:190} INFO - [2024-11-11T08:33:00.680+0000] {dagbag.py:588} INFO - Filling up the DagBag from /opt/airflow/dags/scripts/financial_reports_extraction_script.py
[2024-11-11T08:33:08.553+0000] {logging_mixin.py:190} INFO - [2024-11-11T08:33:08.518+0000] {dagbag.py:387} ERROR - Failed to import: /opt/airflow/dags/scripts/financial_reports_extraction_script.py
Traceback (most recent call last):
  File "/home/airflow/.local/lib/python3.12/site-packages/airflow/models/dagbag.py", line 383, in parse
    loader.exec_module(new_module)
  File "<frozen importlib._bootstrap_external>", line 995, in exec_module
  File "<frozen importlib._bootstrap>", line 488, in _call_with_frames_removed
  File "/opt/airflow/dags/scripts/financial_reports_extraction_script.py", line 10, in <module>
    from utils import get_client
ModuleNotFoundError: No module named 'utils'
[2024-11-11T08:33:08.557+0000] {processor.py:927} WARNING - No viable dags retrieved from /opt/airflow/dags/scripts/financial_reports_extraction_script.py
[2024-11-11T08:33:08.917+0000] {processor.py:208} INFO - Processing /opt/airflow/dags/scripts/financial_reports_extraction_script.py took 8.476 seconds
[2024-11-11T08:33:39.579+0000] {processor.py:186} INFO - Started process (PID=218) to work on /opt/airflow/dags/scripts/financial_reports_extraction_script.py
[2024-11-11T08:33:39.613+0000] {processor.py:914} INFO - Processing file /opt/airflow/dags/scripts/financial_reports_extraction_script.py for tasks to queue
[2024-11-11T08:33:39.634+0000] {logging_mixin.py:190} INFO - [2024-11-11T08:33:39.634+0000] {dagbag.py:588} INFO - Filling up the DagBag from /opt/airflow/dags/scripts/financial_reports_extraction_script.py
[2024-11-11T08:33:47.328+0000] {logging_mixin.py:190} INFO - [2024-11-11T08:33:47.297+0000] {dagbag.py:387} ERROR - Failed to import: /opt/airflow/dags/scripts/financial_reports_extraction_script.py
Traceback (most recent call last):
  File "/home/airflow/.local/lib/python3.12/site-packages/airflow/models/dagbag.py", line 383, in parse
    loader.exec_module(new_module)
  File "<frozen importlib._bootstrap_external>", line 995, in exec_module
  File "<frozen importlib._bootstrap>", line 488, in _call_with_frames_removed
  File "/opt/airflow/dags/scripts/financial_reports_extraction_script.py", line 10, in <module>
    from utils import get_client
ModuleNotFoundError: No module named 'utils'
[2024-11-11T08:33:47.333+0000] {processor.py:927} WARNING - No viable dags retrieved from /opt/airflow/dags/scripts/financial_reports_extraction_script.py
[2024-11-11T08:33:47.545+0000] {processor.py:208} INFO - Processing /opt/airflow/dags/scripts/financial_reports_extraction_script.py took 8.021 seconds
[2024-11-11T08:34:18.085+0000] {processor.py:186} INFO - Started process (PID=235) to work on /opt/airflow/dags/scripts/financial_reports_extraction_script.py
[2024-11-11T08:34:18.087+0000] {processor.py:914} INFO - Processing file /opt/airflow/dags/scripts/financial_reports_extraction_script.py for tasks to queue
[2024-11-11T08:34:18.090+0000] {logging_mixin.py:190} INFO - [2024-11-11T08:34:18.090+0000] {dagbag.py:588} INFO - Filling up the DagBag from /opt/airflow/dags/scripts/financial_reports_extraction_script.py
[2024-11-11T08:34:19.308+0000] {logging_mixin.py:190} INFO - [2024-11-11T08:34:19.300+0000] {dagbag.py:387} ERROR - Failed to import: /opt/airflow/dags/scripts/financial_reports_extraction_script.py
Traceback (most recent call last):
  File "/home/airflow/.local/lib/python3.12/site-packages/airflow/models/dagbag.py", line 383, in parse
    loader.exec_module(new_module)
  File "<frozen importlib._bootstrap_external>", line 995, in exec_module
  File "<frozen importlib._bootstrap>", line 488, in _call_with_frames_removed
  File "/opt/airflow/dags/scripts/financial_reports_extraction_script.py", line 10, in <module>
    from utils import get_client
ModuleNotFoundError: No module named 'utils'
[2024-11-11T08:34:19.311+0000] {processor.py:927} WARNING - No viable dags retrieved from /opt/airflow/dags/scripts/financial_reports_extraction_script.py
[2024-11-11T08:34:19.360+0000] {processor.py:208} INFO - Processing /opt/airflow/dags/scripts/financial_reports_extraction_script.py took 1.286 seconds
[2024-11-11T08:34:49.746+0000] {processor.py:186} INFO - Started process (PID=252) to work on /opt/airflow/dags/scripts/financial_reports_extraction_script.py
[2024-11-11T08:34:49.759+0000] {processor.py:914} INFO - Processing file /opt/airflow/dags/scripts/financial_reports_extraction_script.py for tasks to queue
[2024-11-11T08:34:49.767+0000] {logging_mixin.py:190} INFO - [2024-11-11T08:34:49.766+0000] {dagbag.py:588} INFO - Filling up the DagBag from /opt/airflow/dags/scripts/financial_reports_extraction_script.py
[2024-11-11T08:34:50.761+0000] {logging_mixin.py:190} INFO - [2024-11-11T08:34:50.751+0000] {dagbag.py:387} ERROR - Failed to import: /opt/airflow/dags/scripts/financial_reports_extraction_script.py
Traceback (most recent call last):
  File "/home/airflow/.local/lib/python3.12/site-packages/airflow/models/dagbag.py", line 383, in parse
    loader.exec_module(new_module)
  File "<frozen importlib._bootstrap_external>", line 995, in exec_module
  File "<frozen importlib._bootstrap>", line 488, in _call_with_frames_removed
  File "/opt/airflow/dags/scripts/financial_reports_extraction_script.py", line 10, in <module>
    from utils import get_client
ModuleNotFoundError: No module named 'utils'
[2024-11-11T08:34:50.764+0000] {processor.py:927} WARNING - No viable dags retrieved from /opt/airflow/dags/scripts/financial_reports_extraction_script.py
[2024-11-11T08:34:50.794+0000] {processor.py:208} INFO - Processing /opt/airflow/dags/scripts/financial_reports_extraction_script.py took 1.071 seconds
[2024-11-11T08:35:21.035+0000] {processor.py:186} INFO - Started process (PID=270) to work on /opt/airflow/dags/scripts/financial_reports_extraction_script.py
[2024-11-11T08:35:21.038+0000] {processor.py:914} INFO - Processing file /opt/airflow/dags/scripts/financial_reports_extraction_script.py for tasks to queue
[2024-11-11T08:35:21.042+0000] {logging_mixin.py:190} INFO - [2024-11-11T08:35:21.042+0000] {dagbag.py:588} INFO - Filling up the DagBag from /opt/airflow/dags/scripts/financial_reports_extraction_script.py
[2024-11-11T08:35:21.809+0000] {logging_mixin.py:190} INFO - [2024-11-11T08:35:21.797+0000] {dagbag.py:387} ERROR - Failed to import: /opt/airflow/dags/scripts/financial_reports_extraction_script.py
Traceback (most recent call last):
  File "/home/airflow/.local/lib/python3.12/site-packages/airflow/models/dagbag.py", line 383, in parse
    loader.exec_module(new_module)
  File "<frozen importlib._bootstrap_external>", line 995, in exec_module
  File "<frozen importlib._bootstrap>", line 488, in _call_with_frames_removed
  File "/opt/airflow/dags/scripts/financial_reports_extraction_script.py", line 10, in <module>
    from utils import get_client
ModuleNotFoundError: No module named 'utils'
[2024-11-11T08:35:21.814+0000] {processor.py:927} WARNING - No viable dags retrieved from /opt/airflow/dags/scripts/financial_reports_extraction_script.py
[2024-11-11T08:35:21.840+0000] {processor.py:208} INFO - Processing /opt/airflow/dags/scripts/financial_reports_extraction_script.py took 0.814 seconds
[2024-11-11T08:35:52.065+0000] {processor.py:186} INFO - Started process (PID=287) to work on /opt/airflow/dags/scripts/financial_reports_extraction_script.py
[2024-11-11T08:35:52.067+0000] {processor.py:914} INFO - Processing file /opt/airflow/dags/scripts/financial_reports_extraction_script.py for tasks to queue
[2024-11-11T08:35:52.072+0000] {logging_mixin.py:190} INFO - [2024-11-11T08:35:52.071+0000] {dagbag.py:588} INFO - Filling up the DagBag from /opt/airflow/dags/scripts/financial_reports_extraction_script.py
[2024-11-11T08:35:52.890+0000] {logging_mixin.py:190} INFO - [2024-11-11T08:35:52.880+0000] {dagbag.py:387} ERROR - Failed to import: /opt/airflow/dags/scripts/financial_reports_extraction_script.py
Traceback (most recent call last):
  File "/home/airflow/.local/lib/python3.12/site-packages/airflow/models/dagbag.py", line 383, in parse
    loader.exec_module(new_module)
  File "<frozen importlib._bootstrap_external>", line 995, in exec_module
  File "<frozen importlib._bootstrap>", line 488, in _call_with_frames_removed
  File "/opt/airflow/dags/scripts/financial_reports_extraction_script.py", line 10, in <module>
    from utils import get_client
ModuleNotFoundError: No module named 'utils'
[2024-11-11T08:35:52.893+0000] {processor.py:927} WARNING - No viable dags retrieved from /opt/airflow/dags/scripts/financial_reports_extraction_script.py
[2024-11-11T08:35:52.915+0000] {processor.py:208} INFO - Processing /opt/airflow/dags/scripts/financial_reports_extraction_script.py took 0.861 seconds
[2024-11-11T08:36:23.679+0000] {processor.py:186} INFO - Started process (PID=304) to work on /opt/airflow/dags/scripts/financial_reports_extraction_script.py
[2024-11-11T08:36:23.690+0000] {processor.py:914} INFO - Processing file /opt/airflow/dags/scripts/financial_reports_extraction_script.py for tasks to queue
[2024-11-11T08:36:23.716+0000] {logging_mixin.py:190} INFO - [2024-11-11T08:36:23.715+0000] {dagbag.py:588} INFO - Filling up the DagBag from /opt/airflow/dags/scripts/financial_reports_extraction_script.py
[2024-11-11T08:36:26.428+0000] {logging_mixin.py:190} INFO - [2024-11-11T08:36:26.365+0000] {dagbag.py:387} ERROR - Failed to import: /opt/airflow/dags/scripts/financial_reports_extraction_script.py
Traceback (most recent call last):
  File "/home/airflow/.local/lib/python3.12/site-packages/airflow/models/dagbag.py", line 383, in parse
    loader.exec_module(new_module)
  File "<frozen importlib._bootstrap_external>", line 995, in exec_module
  File "<frozen importlib._bootstrap>", line 488, in _call_with_frames_removed
  File "/opt/airflow/dags/scripts/financial_reports_extraction_script.py", line 10, in <module>
    from utils import get_client
ModuleNotFoundError: No module named 'utils'
[2024-11-11T08:36:26.442+0000] {processor.py:927} WARNING - No viable dags retrieved from /opt/airflow/dags/scripts/financial_reports_extraction_script.py
[2024-11-11T08:36:26.486+0000] {processor.py:208} INFO - Processing /opt/airflow/dags/scripts/financial_reports_extraction_script.py took 2.849 seconds
[2024-11-11T08:36:58.571+0000] {processor.py:186} INFO - Started process (PID=321) to work on /opt/airflow/dags/scripts/financial_reports_extraction_script.py
[2024-11-11T08:36:58.582+0000] {processor.py:914} INFO - Processing file /opt/airflow/dags/scripts/financial_reports_extraction_script.py for tasks to queue
[2024-11-11T08:36:58.746+0000] {logging_mixin.py:190} INFO - [2024-11-11T08:36:58.740+0000] {dagbag.py:588} INFO - Filling up the DagBag from /opt/airflow/dags/scripts/financial_reports_extraction_script.py
[2024-11-11T08:37:18.222+0000] {logging_mixin.py:190} INFO - [2024-11-11T08:37:17.943+0000] {dagbag.py:387} ERROR - Failed to import: /opt/airflow/dags/scripts/financial_reports_extraction_script.py
Traceback (most recent call last):
  File "/home/airflow/.local/lib/python3.12/site-packages/airflow/models/dagbag.py", line 383, in parse
    loader.exec_module(new_module)
  File "<frozen importlib._bootstrap_external>", line 995, in exec_module
  File "<frozen importlib._bootstrap>", line 488, in _call_with_frames_removed
  File "/opt/airflow/dags/scripts/financial_reports_extraction_script.py", line 10, in <module>
    from utils import get_client
ModuleNotFoundError: No module named 'utils'
[2024-11-11T08:37:18.407+0000] {processor.py:927} WARNING - No viable dags retrieved from /opt/airflow/dags/scripts/financial_reports_extraction_script.py
[2024-11-11T08:37:19.170+0000] {processor.py:208} INFO - Processing /opt/airflow/dags/scripts/financial_reports_extraction_script.py took 19.101 seconds
[2024-11-11T08:37:50.120+0000] {processor.py:186} INFO - Started process (PID=338) to work on /opt/airflow/dags/scripts/financial_reports_extraction_script.py
[2024-11-11T08:37:50.143+0000] {processor.py:914} INFO - Processing file /opt/airflow/dags/scripts/financial_reports_extraction_script.py for tasks to queue
[2024-11-11T08:37:50.254+0000] {logging_mixin.py:190} INFO - [2024-11-11T08:37:50.253+0000] {dagbag.py:588} INFO - Filling up the DagBag from /opt/airflow/dags/scripts/financial_reports_extraction_script.py
[2024-11-11T08:38:06.727+0000] {logging_mixin.py:190} INFO - [2024-11-11T08:38:06.538+0000] {dagbag.py:387} ERROR - Failed to import: /opt/airflow/dags/scripts/financial_reports_extraction_script.py
Traceback (most recent call last):
  File "/home/airflow/.local/lib/python3.12/site-packages/airflow/models/dagbag.py", line 383, in parse
    loader.exec_module(new_module)
  File "<frozen importlib._bootstrap_external>", line 995, in exec_module
  File "<frozen importlib._bootstrap>", line 488, in _call_with_frames_removed
  File "/opt/airflow/dags/scripts/financial_reports_extraction_script.py", line 10, in <module>
    from utils import get_client
ModuleNotFoundError: No module named 'utils'
[2024-11-11T08:38:06.771+0000] {processor.py:927} WARNING - No viable dags retrieved from /opt/airflow/dags/scripts/financial_reports_extraction_script.py
[2024-11-11T08:38:07.365+0000] {processor.py:208} INFO - Processing /opt/airflow/dags/scripts/financial_reports_extraction_script.py took 17.475 seconds
[2024-11-11T08:38:39.667+0000] {processor.py:186} INFO - Started process (PID=364) to work on /opt/airflow/dags/scripts/financial_reports_extraction_script.py
[2024-11-11T08:38:39.765+0000] {processor.py:914} INFO - Processing file /opt/airflow/dags/scripts/financial_reports_extraction_script.py for tasks to queue
[2024-11-11T08:38:39.926+0000] {logging_mixin.py:190} INFO - [2024-11-11T08:38:39.904+0000] {dagbag.py:588} INFO - Filling up the DagBag from /opt/airflow/dags/scripts/financial_reports_extraction_script.py
[2024-11-11T08:39:00.650+0000] {logging_mixin.py:190} INFO - [2024-11-11T08:39:00.626+0000] {dagbag.py:387} ERROR - Failed to import: /opt/airflow/dags/scripts/financial_reports_extraction_script.py
Traceback (most recent call last):
  File "/home/airflow/.local/lib/python3.12/site-packages/airflow/models/dagbag.py", line 383, in parse
    loader.exec_module(new_module)
  File "<frozen importlib._bootstrap_external>", line 995, in exec_module
  File "<frozen importlib._bootstrap>", line 488, in _call_with_frames_removed
  File "/opt/airflow/dags/scripts/financial_reports_extraction_script.py", line 10, in <module>
    from utils import get_client
ModuleNotFoundError: No module named 'utils'
[2024-11-11T08:39:00.664+0000] {processor.py:927} WARNING - No viable dags retrieved from /opt/airflow/dags/scripts/financial_reports_extraction_script.py
[2024-11-11T08:39:00.718+0000] {processor.py:208} INFO - Processing /opt/airflow/dags/scripts/financial_reports_extraction_script.py took 19.590 seconds
[2024-11-11T08:39:16.192+0000] {processor.py:186} INFO - Started process (PID=379) to work on /opt/airflow/dags/scripts/financial_reports_extraction_script.py
[2024-11-11T08:39:16.270+0000] {processor.py:914} INFO - Processing file /opt/airflow/dags/scripts/financial_reports_extraction_script.py for tasks to queue
[2024-11-11T08:39:16.278+0000] {logging_mixin.py:190} INFO - [2024-11-11T08:39:16.276+0000] {dagbag.py:588} INFO - Filling up the DagBag from /opt/airflow/dags/scripts/financial_reports_extraction_script.py
[2024-11-11T08:39:30.681+0000] {logging_mixin.py:190} INFO - [2024-11-11T08:39:30.601+0000] {dagbag.py:387} ERROR - Failed to import: /opt/airflow/dags/scripts/financial_reports_extraction_script.py
Traceback (most recent call last):
  File "/home/airflow/.local/lib/python3.12/site-packages/airflow/models/dagbag.py", line 383, in parse
    loader.exec_module(new_module)
  File "<frozen importlib._bootstrap_external>", line 995, in exec_module
  File "<frozen importlib._bootstrap>", line 488, in _call_with_frames_removed
  File "/opt/airflow/dags/scripts/financial_reports_extraction_script.py", line 10, in <module>
    from helper import get_client
ModuleNotFoundError: No module named 'helper'
[2024-11-11T08:39:30.698+0000] {logging_mixin.py:190} WARNING - /opt/airflow/dags/scripts/financial_reports_extraction_script.py:118 SyntaxWarning: invalid escape sequence '\$'
[2024-11-11T08:39:30.700+0000] {logging_mixin.py:190} WARNING - /opt/airflow/dags/scripts/financial_reports_extraction_script.py:119 SyntaxWarning: invalid escape sequence '\$'
[2024-11-11T08:39:30.710+0000] {logging_mixin.py:190} WARNING - /opt/airflow/dags/scripts/financial_reports_extraction_script.py:120 SyntaxWarning: invalid escape sequence '\$'
[2024-11-11T08:39:30.722+0000] {processor.py:927} WARNING - No viable dags retrieved from /opt/airflow/dags/scripts/financial_reports_extraction_script.py
[2024-11-11T08:39:31.009+0000] {processor.py:208} INFO - Processing /opt/airflow/dags/scripts/financial_reports_extraction_script.py took 13.177 seconds
[2024-11-11T08:39:32.413+0000] {processor.py:186} INFO - Started process (PID=394) to work on /opt/airflow/dags/scripts/financial_reports_extraction_script.py
[2024-11-11T08:39:32.425+0000] {processor.py:914} INFO - Processing file /opt/airflow/dags/scripts/financial_reports_extraction_script.py for tasks to queue
[2024-11-11T08:39:32.440+0000] {logging_mixin.py:190} INFO - [2024-11-11T08:39:32.439+0000] {dagbag.py:588} INFO - Filling up the DagBag from /opt/airflow/dags/scripts/financial_reports_extraction_script.py
[2024-11-11T08:39:49.799+0000] {logging_mixin.py:190} INFO - [2024-11-11T08:39:49.735+0000] {dagbag.py:387} ERROR - Failed to import: /opt/airflow/dags/scripts/financial_reports_extraction_script.py
Traceback (most recent call last):
  File "/home/airflow/.local/lib/python3.12/site-packages/airflow/models/dagbag.py", line 383, in parse
    loader.exec_module(new_module)
  File "<frozen importlib._bootstrap_external>", line 995, in exec_module
  File "<frozen importlib._bootstrap>", line 488, in _call_with_frames_removed
  File "/opt/airflow/dags/scripts/financial_reports_extraction_script.py", line 9, in <module>
    from scripts.helper import get_client
    ^^^^^^^^^^^^^^^^^^^^^^^^^^^^^
ModuleNotFoundError: No module named 'helper'
[2024-11-11T08:39:49.838+0000] {logging_mixin.py:190} WARNING - /opt/airflow/dags/scripts/financial_reports_extraction_script.py:117 SyntaxWarning: invalid escape sequence '\$'
[2024-11-11T08:39:49.847+0000] {logging_mixin.py:190} WARNING - /opt/airflow/dags/scripts/financial_reports_extraction_script.py:118 SyntaxWarning: invalid escape sequence '\$'
[2024-11-11T08:39:49.865+0000] {logging_mixin.py:190} WARNING - /opt/airflow/dags/scripts/financial_reports_extraction_script.py:119 SyntaxWarning: invalid escape sequence '\$'
[2024-11-11T08:39:49.871+0000] {processor.py:927} WARNING - No viable dags retrieved from /opt/airflow/dags/scripts/financial_reports_extraction_script.py
[2024-11-11T08:39:49.922+0000] {processor.py:208} INFO - Processing /opt/airflow/dags/scripts/financial_reports_extraction_script.py took 17.539 seconds
[2024-11-11T08:40:21.376+0000] {processor.py:186} INFO - Started process (PID=413) to work on /opt/airflow/dags/scripts/financial_reports_extraction_script.py
[2024-11-11T08:40:21.420+0000] {processor.py:914} INFO - Processing file /opt/airflow/dags/scripts/financial_reports_extraction_script.py for tasks to queue
[2024-11-11T08:40:21.543+0000] {logging_mixin.py:190} INFO - [2024-11-11T08:40:21.541+0000] {dagbag.py:588} INFO - Filling up the DagBag from /opt/airflow/dags/scripts/financial_reports_extraction_script.py
[2024-11-11T08:40:43.333+0000] {logging_mixin.py:190} INFO - [2024-11-11T08:40:43.245+0000] {dagbag.py:387} ERROR - Failed to import: /opt/airflow/dags/scripts/financial_reports_extraction_script.py
Traceback (most recent call last):
  File "/home/airflow/.local/lib/python3.12/site-packages/airflow/models/dagbag.py", line 383, in parse
    loader.exec_module(new_module)
  File "<frozen importlib._bootstrap_external>", line 995, in exec_module
  File "<frozen importlib._bootstrap>", line 488, in _call_with_frames_removed
  File "/opt/airflow/dags/scripts/financial_reports_extraction_script.py", line 154, in <module>
    dag=dag2,
        ^^^^
NameError: name 'dag2' is not defined
[2024-11-11T08:40:43.405+0000] {logging_mixin.py:190} WARNING - /opt/airflow/dags/scripts/financial_reports_extraction_script.py:117 SyntaxWarning: invalid escape sequence '\$'
[2024-11-11T08:40:43.410+0000] {logging_mixin.py:190} WARNING - /opt/airflow/dags/scripts/financial_reports_extraction_script.py:118 SyntaxWarning: invalid escape sequence '\$'
[2024-11-11T08:40:43.422+0000] {logging_mixin.py:190} WARNING - /opt/airflow/dags/scripts/financial_reports_extraction_script.py:119 SyntaxWarning: invalid escape sequence '\$'
[2024-11-11T08:40:43.428+0000] {processor.py:927} WARNING - No viable dags retrieved from /opt/airflow/dags/scripts/financial_reports_extraction_script.py
[2024-11-11T08:40:43.565+0000] {processor.py:208} INFO - Processing /opt/airflow/dags/scripts/financial_reports_extraction_script.py took 20.614 seconds
[2024-11-11T08:41:15.196+0000] {processor.py:186} INFO - Started process (PID=436) to work on /opt/airflow/dags/scripts/financial_reports_extraction_script.py
[2024-11-11T08:41:15.316+0000] {processor.py:914} INFO - Processing file /opt/airflow/dags/scripts/financial_reports_extraction_script.py for tasks to queue
[2024-11-11T08:41:15.579+0000] {logging_mixin.py:190} INFO - [2024-11-11T08:41:15.563+0000] {dagbag.py:588} INFO - Filling up the DagBag from /opt/airflow/dags/scripts/financial_reports_extraction_script.py
[2024-11-11T08:41:25.789+0000] {logging_mixin.py:190} INFO - [2024-11-11T08:41:25.742+0000] {dagbag.py:387} ERROR - Failed to import: /opt/airflow/dags/scripts/financial_reports_extraction_script.py
Traceback (most recent call last):
  File "/home/airflow/.local/lib/python3.12/site-packages/airflow/models/dagbag.py", line 383, in parse
    loader.exec_module(new_module)
  File "<frozen importlib._bootstrap_external>", line 995, in exec_module
  File "<frozen importlib._bootstrap>", line 488, in _call_with_frames_removed
  File "/opt/airflow/dags/scripts/financial_reports_extraction_script.py", line 9, in <module>
    from helper import get_client
ModuleNotFoundError: No module named 'helper'
[2024-11-11T08:41:25.829+0000] {logging_mixin.py:190} WARNING - /opt/airflow/dags/scripts/financial_reports_extraction_script.py:117 SyntaxWarning: invalid escape sequence '\$'
[2024-11-11T08:41:25.832+0000] {logging_mixin.py:190} WARNING - /opt/airflow/dags/scripts/financial_reports_extraction_script.py:118 SyntaxWarning: invalid escape sequence '\$'
[2024-11-11T08:41:25.836+0000] {logging_mixin.py:190} WARNING - /opt/airflow/dags/scripts/financial_reports_extraction_script.py:119 SyntaxWarning: invalid escape sequence '\$'
[2024-11-11T08:41:25.839+0000] {processor.py:927} WARNING - No viable dags retrieved from /opt/airflow/dags/scripts/financial_reports_extraction_script.py
[2024-11-11T08:41:26.137+0000] {processor.py:208} INFO - Processing /opt/airflow/dags/scripts/financial_reports_extraction_script.py took 11.313 seconds
[2024-11-11T08:41:50.495+0000] {processor.py:186} INFO - Started process (PID=456) to work on /opt/airflow/dags/scripts/financial_reports_extraction_script.py
[2024-11-11T08:41:50.501+0000] {processor.py:914} INFO - Processing file /opt/airflow/dags/scripts/financial_reports_extraction_script.py for tasks to queue
[2024-11-11T08:41:50.546+0000] {logging_mixin.py:190} INFO - [2024-11-11T08:41:50.543+0000] {dagbag.py:588} INFO - Filling up the DagBag from /opt/airflow/dags/scripts/financial_reports_extraction_script.py
[2024-11-11T08:42:20.465+0000] {logging_mixin.py:190} INFO - [2024-11-11T08:42:20.369+0000] {dagbag.py:387} ERROR - Failed to import: /opt/airflow/dags/scripts/financial_reports_extraction_script.py
Traceback (most recent call last):
  File "/home/airflow/.local/lib/python3.12/site-packages/airflow/models/dagbag.py", line 383, in parse
    loader.exec_module(new_module)
  File "<frozen importlib._bootstrap_external>", line 995, in exec_module
  File "<frozen importlib._bootstrap>", line 488, in _call_with_frames_removed
  File "/opt/airflow/dags/scripts/financial_reports_extraction_script.py", line 9, in <module>
    from config.helper import get_client
ModuleNotFoundError: No module named 'config'
[2024-11-11T08:42:20.533+0000] {logging_mixin.py:190} WARNING - /opt/airflow/dags/scripts/financial_reports_extraction_script.py:117 SyntaxWarning: invalid escape sequence '\$'
[2024-11-11T08:42:20.542+0000] {logging_mixin.py:190} WARNING - /opt/airflow/dags/scripts/financial_reports_extraction_script.py:118 SyntaxWarning: invalid escape sequence '\$'
[2024-11-11T08:42:20.546+0000] {logging_mixin.py:190} WARNING - /opt/airflow/dags/scripts/financial_reports_extraction_script.py:119 SyntaxWarning: invalid escape sequence '\$'
[2024-11-11T08:42:20.554+0000] {processor.py:927} WARNING - No viable dags retrieved from /opt/airflow/dags/scripts/financial_reports_extraction_script.py
[2024-11-11T08:42:20.681+0000] {processor.py:208} INFO - Processing /opt/airflow/dags/scripts/financial_reports_extraction_script.py took 28.477 seconds
[2024-11-11T08:42:47.669+0000] {processor.py:186} INFO - Started process (PID=476) to work on /opt/airflow/dags/scripts/financial_reports_extraction_script.py
[2024-11-11T08:42:47.680+0000] {processor.py:914} INFO - Processing file /opt/airflow/dags/scripts/financial_reports_extraction_script.py for tasks to queue
[2024-11-11T08:42:47.691+0000] {logging_mixin.py:190} INFO - [2024-11-11T08:42:47.690+0000] {dagbag.py:588} INFO - Filling up the DagBag from /opt/airflow/dags/scripts/financial_reports_extraction_script.py
[2024-11-11T08:43:02.764+0000] {logging_mixin.py:190} INFO - [2024-11-11T08:43:02.499+0000] {dagbag.py:387} ERROR - Failed to import: /opt/airflow/dags/scripts/financial_reports_extraction_script.py
Traceback (most recent call last):
  File "/home/airflow/.local/lib/python3.12/site-packages/airflow/models/dagbag.py", line 383, in parse
    loader.exec_module(new_module)
  File "<frozen importlib._bootstrap_external>", line 995, in exec_module
  File "<frozen importlib._bootstrap>", line 488, in _call_with_frames_removed
  File "/opt/airflow/dags/scripts/financial_reports_extraction_script.py", line 154, in <module>
    dag=dag2,
        ^^^^
NameError: name 'dag2' is not defined
[2024-11-11T08:43:02.852+0000] {logging_mixin.py:190} WARNING - /opt/airflow/dags/scripts/financial_reports_extraction_script.py:117 SyntaxWarning: invalid escape sequence '\$'
[2024-11-11T08:43:02.875+0000] {logging_mixin.py:190} WARNING - /opt/airflow/dags/scripts/financial_reports_extraction_script.py:118 SyntaxWarning: invalid escape sequence '\$'
[2024-11-11T08:43:02.894+0000] {logging_mixin.py:190} WARNING - /opt/airflow/dags/scripts/financial_reports_extraction_script.py:119 SyntaxWarning: invalid escape sequence '\$'
[2024-11-11T08:43:02.908+0000] {processor.py:927} WARNING - No viable dags retrieved from /opt/airflow/dags/scripts/financial_reports_extraction_script.py
[2024-11-11T08:43:03.273+0000] {processor.py:208} INFO - Processing /opt/airflow/dags/scripts/financial_reports_extraction_script.py took 15.634 seconds
[2024-11-11T08:43:37.511+0000] {processor.py:186} INFO - Started process (PID=493) to work on /opt/airflow/dags/scripts/financial_reports_extraction_script.py
[2024-11-11T08:43:37.525+0000] {processor.py:914} INFO - Processing file /opt/airflow/dags/scripts/financial_reports_extraction_script.py for tasks to queue
[2024-11-11T08:43:37.578+0000] {logging_mixin.py:190} INFO - [2024-11-11T08:43:37.575+0000] {dagbag.py:588} INFO - Filling up the DagBag from /opt/airflow/dags/scripts/financial_reports_extraction_script.py
[2024-11-11T08:43:45.841+0000] {logging_mixin.py:190} INFO - [2024-11-11T08:43:45.821+0000] {dagbag.py:387} ERROR - Failed to import: /opt/airflow/dags/scripts/financial_reports_extraction_script.py
Traceback (most recent call last):
  File "/home/airflow/.local/lib/python3.12/site-packages/airflow/models/dagbag.py", line 383, in parse
    loader.exec_module(new_module)
  File "<frozen importlib._bootstrap_external>", line 995, in exec_module
  File "<frozen importlib._bootstrap>", line 488, in _call_with_frames_removed
  File "/opt/airflow/dags/scripts/financial_reports_extraction_script.py", line 154, in <module>
    dag=dag2,
        ^^^^
NameError: name 'dag2' is not defined
[2024-11-11T08:43:45.871+0000] {processor.py:927} WARNING - No viable dags retrieved from /opt/airflow/dags/scripts/financial_reports_extraction_script.py
[2024-11-11T08:43:45.958+0000] {processor.py:208} INFO - Processing /opt/airflow/dags/scripts/financial_reports_extraction_script.py took 8.614 seconds
[2024-11-11T08:43:59.752+0000] {processor.py:186} INFO - Started process (PID=510) to work on /opt/airflow/dags/scripts/financial_reports_extraction_script.py
[2024-11-11T08:43:59.756+0000] {processor.py:914} INFO - Processing file /opt/airflow/dags/scripts/financial_reports_extraction_script.py for tasks to queue
[2024-11-11T08:43:59.774+0000] {logging_mixin.py:190} INFO - [2024-11-11T08:43:59.773+0000] {dagbag.py:588} INFO - Filling up the DagBag from /opt/airflow/dags/scripts/financial_reports_extraction_script.py
[2024-11-11T08:43:59.855+0000] {logging_mixin.py:190} INFO - [2024-11-11T08:43:59.855+0000] {dagbag.py:366} INFO - File /opt/airflow/dags/scripts/financial_reports_extraction_script.py assumed to contain no DAGs. Skipping.
[2024-11-11T08:43:59.857+0000] {processor.py:927} WARNING - No viable dags retrieved from /opt/airflow/dags/scripts/financial_reports_extraction_script.py
[2024-11-11T08:43:59.905+0000] {processor.py:208} INFO - Processing /opt/airflow/dags/scripts/financial_reports_extraction_script.py took 0.176 seconds
[2024-11-11T08:44:09.406+0000] {processor.py:186} INFO - Started process (PID=515) to work on /opt/airflow/dags/scripts/financial_reports_extraction_script.py
[2024-11-11T08:44:09.440+0000] {processor.py:914} INFO - Processing file /opt/airflow/dags/scripts/financial_reports_extraction_script.py for tasks to queue
[2024-11-11T08:44:09.518+0000] {logging_mixin.py:190} INFO - [2024-11-11T08:44:09.509+0000] {dagbag.py:588} INFO - Filling up the DagBag from /opt/airflow/dags/scripts/financial_reports_extraction_script.py
[2024-11-11T08:44:09.668+0000] {logging_mixin.py:190} INFO - [2024-11-11T08:44:09.668+0000] {dagbag.py:366} INFO - File /opt/airflow/dags/scripts/financial_reports_extraction_script.py assumed to contain no DAGs. Skipping.
[2024-11-11T08:44:09.673+0000] {processor.py:927} WARNING - No viable dags retrieved from /opt/airflow/dags/scripts/financial_reports_extraction_script.py
[2024-11-11T08:44:10.032+0000] {processor.py:208} INFO - Processing /opt/airflow/dags/scripts/financial_reports_extraction_script.py took 0.953 seconds
[2024-11-11T08:44:41.064+0000] {processor.py:186} INFO - Started process (PID=531) to work on /opt/airflow/dags/scripts/financial_reports_extraction_script.py
[2024-11-11T08:44:41.070+0000] {processor.py:914} INFO - Processing file /opt/airflow/dags/scripts/financial_reports_extraction_script.py for tasks to queue
[2024-11-11T08:44:41.084+0000] {logging_mixin.py:190} INFO - [2024-11-11T08:44:41.083+0000] {dagbag.py:588} INFO - Filling up the DagBag from /opt/airflow/dags/scripts/financial_reports_extraction_script.py
[2024-11-11T08:44:41.146+0000] {logging_mixin.py:190} INFO - [2024-11-11T08:44:41.146+0000] {dagbag.py:366} INFO - File /opt/airflow/dags/scripts/financial_reports_extraction_script.py assumed to contain no DAGs. Skipping.
[2024-11-11T08:44:41.149+0000] {processor.py:927} WARNING - No viable dags retrieved from /opt/airflow/dags/scripts/financial_reports_extraction_script.py
[2024-11-11T08:44:41.206+0000] {processor.py:208} INFO - Processing /opt/airflow/dags/scripts/financial_reports_extraction_script.py took 0.165 seconds
[2024-11-11T08:45:12.585+0000] {processor.py:186} INFO - Started process (PID=546) to work on /opt/airflow/dags/scripts/financial_reports_extraction_script.py
[2024-11-11T08:45:12.588+0000] {processor.py:914} INFO - Processing file /opt/airflow/dags/scripts/financial_reports_extraction_script.py for tasks to queue
[2024-11-11T08:45:12.592+0000] {logging_mixin.py:190} INFO - [2024-11-11T08:45:12.592+0000] {dagbag.py:588} INFO - Filling up the DagBag from /opt/airflow/dags/scripts/financial_reports_extraction_script.py
[2024-11-11T08:45:12.622+0000] {logging_mixin.py:190} INFO - [2024-11-11T08:45:12.621+0000] {dagbag.py:366} INFO - File /opt/airflow/dags/scripts/financial_reports_extraction_script.py assumed to contain no DAGs. Skipping.
[2024-11-11T08:45:12.623+0000] {processor.py:927} WARNING - No viable dags retrieved from /opt/airflow/dags/scripts/financial_reports_extraction_script.py
[2024-11-11T08:45:12.645+0000] {processor.py:208} INFO - Processing /opt/airflow/dags/scripts/financial_reports_extraction_script.py took 0.071 seconds
[2024-11-11T08:45:44.975+0000] {processor.py:186} INFO - Started process (PID=565) to work on /opt/airflow/dags/scripts/financial_reports_extraction_script.py
[2024-11-11T08:45:44.978+0000] {processor.py:914} INFO - Processing file /opt/airflow/dags/scripts/financial_reports_extraction_script.py for tasks to queue
[2024-11-11T08:45:44.984+0000] {logging_mixin.py:190} INFO - [2024-11-11T08:45:44.984+0000] {dagbag.py:588} INFO - Filling up the DagBag from /opt/airflow/dags/scripts/financial_reports_extraction_script.py
[2024-11-11T08:45:45.013+0000] {logging_mixin.py:190} INFO - [2024-11-11T08:45:45.012+0000] {dagbag.py:366} INFO - File /opt/airflow/dags/scripts/financial_reports_extraction_script.py assumed to contain no DAGs. Skipping.
[2024-11-11T08:45:45.014+0000] {processor.py:927} WARNING - No viable dags retrieved from /opt/airflow/dags/scripts/financial_reports_extraction_script.py
[2024-11-11T08:45:45.066+0000] {processor.py:208} INFO - Processing /opt/airflow/dags/scripts/financial_reports_extraction_script.py took 0.112 seconds
[2024-11-11T08:46:17.028+0000] {processor.py:186} INFO - Started process (PID=596) to work on /opt/airflow/dags/scripts/financial_reports_extraction_script.py
[2024-11-11T08:46:17.031+0000] {processor.py:914} INFO - Processing file /opt/airflow/dags/scripts/financial_reports_extraction_script.py for tasks to queue
[2024-11-11T08:46:17.036+0000] {logging_mixin.py:190} INFO - [2024-11-11T08:46:17.035+0000] {dagbag.py:588} INFO - Filling up the DagBag from /opt/airflow/dags/scripts/financial_reports_extraction_script.py
[2024-11-11T08:46:17.071+0000] {logging_mixin.py:190} INFO - [2024-11-11T08:46:17.070+0000] {dagbag.py:366} INFO - File /opt/airflow/dags/scripts/financial_reports_extraction_script.py assumed to contain no DAGs. Skipping.
[2024-11-11T08:46:17.072+0000] {processor.py:927} WARNING - No viable dags retrieved from /opt/airflow/dags/scripts/financial_reports_extraction_script.py
[2024-11-11T08:46:17.102+0000] {processor.py:208} INFO - Processing /opt/airflow/dags/scripts/financial_reports_extraction_script.py took 0.087 seconds
[2024-11-11T08:46:48.723+0000] {processor.py:186} INFO - Started process (PID=644) to work on /opt/airflow/dags/scripts/financial_reports_extraction_script.py
[2024-11-11T08:46:48.725+0000] {processor.py:914} INFO - Processing file /opt/airflow/dags/scripts/financial_reports_extraction_script.py for tasks to queue
[2024-11-11T08:46:48.728+0000] {logging_mixin.py:190} INFO - [2024-11-11T08:46:48.728+0000] {dagbag.py:588} INFO - Filling up the DagBag from /opt/airflow/dags/scripts/financial_reports_extraction_script.py
[2024-11-11T08:46:48.755+0000] {logging_mixin.py:190} INFO - [2024-11-11T08:46:48.754+0000] {dagbag.py:366} INFO - File /opt/airflow/dags/scripts/financial_reports_extraction_script.py assumed to contain no DAGs. Skipping.
[2024-11-11T08:46:48.756+0000] {processor.py:927} WARNING - No viable dags retrieved from /opt/airflow/dags/scripts/financial_reports_extraction_script.py
[2024-11-11T08:46:48.779+0000] {processor.py:208} INFO - Processing /opt/airflow/dags/scripts/financial_reports_extraction_script.py took 0.067 seconds
[2024-11-11T08:47:20.185+0000] {processor.py:186} INFO - Started process (PID=690) to work on /opt/airflow/dags/scripts/financial_reports_extraction_script.py
[2024-11-11T08:47:20.187+0000] {processor.py:914} INFO - Processing file /opt/airflow/dags/scripts/financial_reports_extraction_script.py for tasks to queue
[2024-11-11T08:47:20.190+0000] {logging_mixin.py:190} INFO - [2024-11-11T08:47:20.189+0000] {dagbag.py:588} INFO - Filling up the DagBag from /opt/airflow/dags/scripts/financial_reports_extraction_script.py
[2024-11-11T08:47:20.216+0000] {logging_mixin.py:190} INFO - [2024-11-11T08:47:20.216+0000] {dagbag.py:366} INFO - File /opt/airflow/dags/scripts/financial_reports_extraction_script.py assumed to contain no DAGs. Skipping.
[2024-11-11T08:47:20.218+0000] {processor.py:927} WARNING - No viable dags retrieved from /opt/airflow/dags/scripts/financial_reports_extraction_script.py
[2024-11-11T08:47:20.242+0000] {processor.py:208} INFO - Processing /opt/airflow/dags/scripts/financial_reports_extraction_script.py took 0.068 seconds
