[2024-11-20T06:22:14.344+0000] {local_task_job_runner.py:123} INFO - ::group::Pre task execution logs
[2024-11-20T06:22:14.364+0000] {taskinstance.py:2613} INFO - Dependencies all met for dep_context=non-requeueable deps ti=<TaskInstance: ETL_usa_spending.process_usa_spending_data_task manual__2024-11-20T06:22:12.111336+00:00 [queued]>
[2024-11-20T06:22:14.374+0000] {taskinstance.py:2613} INFO - Dependencies all met for dep_context=requeueable deps ti=<TaskInstance: ETL_usa_spending.process_usa_spending_data_task manual__2024-11-20T06:22:12.111336+00:00 [queued]>
[2024-11-20T06:22:14.374+0000] {taskinstance.py:2866} INFO - Starting attempt 1 of 1
[2024-11-20T06:22:14.390+0000] {taskinstance.py:2889} INFO - Executing <Task(PythonOperator): process_usa_spending_data_task> on 2024-11-20 06:22:12.111336+00:00
[2024-11-20T06:22:14.400+0000] {logging_mixin.py:190} WARNING - /home/***/.local/lib/python3.12/site-packages/***/task/task_runner/standard_task_runner.py:70 DeprecationWarning: This process (pid=44925) is multi-threaded, use of fork() may lead to deadlocks in the child.
[2024-11-20T06:22:14.402+0000] {standard_task_runner.py:72} INFO - Started process 44927 to run task
[2024-11-20T06:22:14.400+0000] {standard_task_runner.py:104} INFO - Running: ['***', 'tasks', 'run', 'ETL_usa_spending', 'process_usa_spending_data_task', 'manual__2024-11-20T06:22:12.111336+00:00', '--job-id', '150', '--raw', '--subdir', 'DAGS_FOLDER/project_dag.py', '--cfg-path', '/tmp/tmp6sebce8n']
[2024-11-20T06:22:14.403+0000] {standard_task_runner.py:105} INFO - Job 150: Subtask process_usa_spending_data_task
[2024-11-20T06:22:14.462+0000] {task_command.py:467} INFO - Running <TaskInstance: ETL_usa_spending.process_usa_spending_data_task manual__2024-11-20T06:22:12.111336+00:00 [running]> on host 7da4b16cbed4
[2024-11-20T06:22:14.574+0000] {taskinstance.py:3132} INFO - Exporting env vars: AIRFLOW_CTX_DAG_OWNER='***' AIRFLOW_CTX_DAG_ID='ETL_usa_spending' AIRFLOW_CTX_TASK_ID='process_usa_spending_data_task' AIRFLOW_CTX_EXECUTION_DATE='2024-11-20T06:22:12.111336+00:00' AIRFLOW_CTX_TRY_NUMBER='1' AIRFLOW_CTX_DAG_RUN_ID='manual__2024-11-20T06:22:12.111336+00:00'
[2024-11-20T06:22:14.576+0000] {taskinstance.py:731} INFO - ::endgroup::
[2024-11-20T06:22:14.823+0000] {logging_mixin.py:190} INFO - Processing file: df_spending_by_award_11_17_2024.csv
[2024-11-20T06:22:15.158+0000] {logging_mixin.py:190} INFO - Processing file: federal_account_funding_df_2024-11-17.csv
[2024-11-20T06:22:16.042+0000] {logging_mixin.py:190} INFO - Processing file: other_variables_11_17_2024.csv
[2024-11-20T06:22:16.317+0000] {logging_mixin.py:190} INFO - Processing file: sub_award_df_2024-11-17.csv
[2024-11-20T06:22:16.628+0000] {logging_mixin.py:190} INFO - Processing file: transactions_df_2024-11-17.csv
[2024-11-20T06:22:20.700+0000] {logging_mixin.py:190} INFO - File saved to S3: s3://project-processed-data/usa_spending_data/states_20241120_062220.csv
[2024-11-20T06:22:20.916+0000] {logging_mixin.py:190} INFO - File saved to S3: s3://project-processed-data/usa_spending_data/cfda_20241120_062220.csv
[2024-11-20T06:22:21.162+0000] {logging_mixin.py:190} INFO - File saved to S3: s3://project-processed-data/usa_spending_data/agency_20241120_062220.csv
[2024-11-20T06:22:21.385+0000] {logging_mixin.py:190} INFO - File saved to S3: s3://project-processed-data/usa_spending_data/sub_agency_20241120_062220.csv
[2024-11-20T06:22:21.581+0000] {logging_mixin.py:190} INFO - File saved to S3: s3://project-processed-data/usa_spending_data/recipients_20241120_062220.csv
[2024-11-20T06:22:22.004+0000] {logging_mixin.py:190} INFO - File saved to S3: s3://project-processed-data/usa_spending_data/grants_20241120_062220.csv
[2024-11-20T06:22:22.553+0000] {logging_mixin.py:190} INFO - File saved to S3: s3://project-processed-data/usa_spending_data/federal_awards_20241120_062220.csv
[2024-11-20T06:22:23.293+0000] {logging_mixin.py:190} INFO - File saved to S3: s3://project-processed-data/usa_spending_data/funding_20241120_062220.csv
[2024-11-20T06:22:23.741+0000] {logging_mixin.py:190} INFO - File saved to S3: s3://project-processed-data/usa_spending_data/transactions_20241120_062220.csv
[2024-11-20T06:22:24.084+0000] {logging_mixin.py:190} INFO - File saved to S3: s3://project-processed-data/usa_spending_data/sub_awards_20241120_062220.csv
[2024-11-20T06:22:24.463+0000] {logging_mixin.py:190} INFO - File moved from s3://project-raw-data-files/usa_spending_data/ to s3://project-raw-data-files/archived/usa_spending_data/
[2024-11-20T06:22:24.904+0000] {logging_mixin.py:190} INFO - File moved from s3://project-raw-data-files/usa_spending_data/df_spending_by_award_11_17_2024.csv to s3://project-raw-data-files/archived/usa_spending_data/df_spending_by_award_11_17_2024.csv
[2024-11-20T06:22:25.198+0000] {logging_mixin.py:190} INFO - File moved from s3://project-raw-data-files/usa_spending_data/federal_account_funding_df_2024-11-17.csv to s3://project-raw-data-files/archived/usa_spending_data/federal_account_funding_df_2024-11-17.csv
[2024-11-20T06:22:25.518+0000] {logging_mixin.py:190} INFO - File moved from s3://project-raw-data-files/usa_spending_data/other_variables_11_17_2024.csv to s3://project-raw-data-files/archived/usa_spending_data/other_variables_11_17_2024.csv
[2024-11-20T06:22:25.780+0000] {logging_mixin.py:190} INFO - File moved from s3://project-raw-data-files/usa_spending_data/sub_award_df_2024-11-17.csv to s3://project-raw-data-files/archived/usa_spending_data/sub_award_df_2024-11-17.csv
[2024-11-20T06:22:26.084+0000] {logging_mixin.py:190} INFO - File moved from s3://project-raw-data-files/usa_spending_data/transactions_df_2024-11-17.csv to s3://project-raw-data-files/archived/usa_spending_data/transactions_df_2024-11-17.csv
[2024-11-20T06:22:26.090+0000] {python.py:240} INFO - Done. Returned value was: None
[2024-11-20T06:22:26.102+0000] {taskinstance.py:340} INFO - ::group::Post task execution logs
[2024-11-20T06:22:26.103+0000] {taskinstance.py:352} INFO - Marking task as SUCCESS. dag_id=ETL_usa_spending, task_id=process_usa_spending_data_task, run_id=manual__2024-11-20T06:22:12.111336+00:00, execution_date=20241120T062212, start_date=20241120T062214, end_date=20241120T062226
[2024-11-20T06:22:26.168+0000] {local_task_job_runner.py:266} INFO - Task exited with return code 0
[2024-11-20T06:22:26.187+0000] {taskinstance.py:3895} INFO - 0 downstream tasks scheduled from follow-on schedule check
[2024-11-20T06:22:26.190+0000] {local_task_job_runner.py:245} INFO - ::endgroup::
