[2024-11-23T05:30:32.370+0000] {local_task_job_runner.py:123} INFO - ::group::Pre task execution logs
[2024-11-23T05:30:32.400+0000] {taskinstance.py:2613} INFO - Dependencies all met for dep_context=non-requeueable deps ti=<TaskInstance: ETL_usa_spending.ingest_usa_spending_data_task manual__2024-11-23T05:30:25.692042+00:00 [queued]>
[2024-11-23T05:30:32.415+0000] {taskinstance.py:2613} INFO - Dependencies all met for dep_context=requeueable deps ti=<TaskInstance: ETL_usa_spending.ingest_usa_spending_data_task manual__2024-11-23T05:30:25.692042+00:00 [queued]>
[2024-11-23T05:30:32.416+0000] {taskinstance.py:2866} INFO - Starting attempt 1 of 1
[2024-11-23T05:30:32.440+0000] {taskinstance.py:2889} INFO - Executing <Task(PythonOperator): ingest_usa_spending_data_task> on 2024-11-23 05:30:25.692042+00:00
[2024-11-23T05:30:32.460+0000] {standard_task_runner.py:104} INFO - Running: ['***', 'tasks', 'run', 'ETL_usa_spending', 'ingest_usa_spending_data_task', 'manual__2024-11-23T05:30:25.692042+00:00', '--job-id', '198', '--raw', '--subdir', 'DAGS_FOLDER/project_dag.py', '--cfg-path', '/tmp/tmpfvg8216g']
[2024-11-23T05:30:32.461+0000] {logging_mixin.py:190} WARNING - /home/***/.local/lib/python3.12/site-packages/***/task/task_runner/standard_task_runner.py:70 DeprecationWarning: This process (pid=86654) is multi-threaded, use of fork() may lead to deadlocks in the child.
[2024-11-23T05:30:32.464+0000] {standard_task_runner.py:105} INFO - Job 198: Subtask ingest_usa_spending_data_task
[2024-11-23T05:30:32.465+0000] {standard_task_runner.py:72} INFO - Started process 86656 to run task
[2024-11-23T05:30:32.528+0000] {task_command.py:467} INFO - Running <TaskInstance: ETL_usa_spending.ingest_usa_spending_data_task manual__2024-11-23T05:30:25.692042+00:00 [running]> on host 7da4b16cbed4
[2024-11-23T05:30:32.681+0000] {taskinstance.py:3132} INFO - Exporting env vars: AIRFLOW_CTX_DAG_OWNER='***' AIRFLOW_CTX_DAG_ID='ETL_usa_spending' AIRFLOW_CTX_TASK_ID='ingest_usa_spending_data_task' AIRFLOW_CTX_EXECUTION_DATE='2024-11-23T05:30:25.692042+00:00' AIRFLOW_CTX_TRY_NUMBER='1' AIRFLOW_CTX_DAG_RUN_ID='manual__2024-11-23T05:30:25.692042+00:00'
[2024-11-23T05:30:32.683+0000] {taskinstance.py:731} INFO - ::endgroup::
[2024-11-23T05:30:33.157+0000] {logging_mixin.py:190} INFO - Checking for new data to ingest into states
[2024-11-23T05:30:33.418+0000] {logging_mixin.py:190} WARNING - /opt/***/dags/helpers/db_utils.py:149 UserWarning: pandas only supports SQLAlchemy connectable (engine/connection) or database string URI or sqlite3 DBAPI2 connection. Other DBAPI2 objects are not tested. Please consider using SQLAlchemy.
[2024-11-23T05:30:33.493+0000] {logging_mixin.py:190} INFO - No new data to ingest for states
[2024-11-23T05:30:33.987+0000] {logging_mixin.py:190} INFO - Checking for new data to ingest into cfdaprograms
[2024-11-23T05:30:34.206+0000] {logging_mixin.py:190} WARNING - /opt/***/dags/helpers/db_utils.py:149 UserWarning: pandas only supports SQLAlchemy connectable (engine/connection) or database string URI or sqlite3 DBAPI2 connection. Other DBAPI2 objects are not tested. Please consider using SQLAlchemy.
[2024-11-23T05:30:34.276+0000] {logging_mixin.py:190} INFO - No new data to ingest for cfdaprograms
[2024-11-23T05:30:34.463+0000] {logging_mixin.py:190} INFO - Checking for new data to ingest into recipients
[2024-11-23T05:30:34.664+0000] {logging_mixin.py:190} WARNING - /opt/***/dags/helpers/db_utils.py:149 UserWarning: pandas only supports SQLAlchemy connectable (engine/connection) or database string URI or sqlite3 DBAPI2 connection. Other DBAPI2 objects are not tested. Please consider using SQLAlchemy.
[2024-11-23T05:30:34.752+0000] {logging_mixin.py:190} INFO - No new data to ingest for recipients
[2024-11-23T05:30:34.917+0000] {logging_mixin.py:190} INFO - Checking for new data to ingest into agencies
[2024-11-23T05:30:35.127+0000] {logging_mixin.py:190} WARNING - /opt/***/dags/helpers/db_utils.py:149 UserWarning: pandas only supports SQLAlchemy connectable (engine/connection) or database string URI or sqlite3 DBAPI2 connection. Other DBAPI2 objects are not tested. Please consider using SQLAlchemy.
[2024-11-23T05:30:35.217+0000] {logging_mixin.py:190} INFO - No new data to ingest for agencies
[2024-11-23T05:30:35.408+0000] {logging_mixin.py:190} INFO - Checking for new data to ingest into subagency
[2024-11-23T05:30:35.628+0000] {logging_mixin.py:190} WARNING - /opt/***/dags/helpers/db_utils.py:149 UserWarning: pandas only supports SQLAlchemy connectable (engine/connection) or database string URI or sqlite3 DBAPI2 connection. Other DBAPI2 objects are not tested. Please consider using SQLAlchemy.
[2024-11-23T05:30:35.689+0000] {logging_mixin.py:190} INFO - No new data to ingest for subagency
[2024-11-23T05:30:35.988+0000] {logging_mixin.py:190} INFO - Checking for new data to ingest into grants
[2024-11-23T05:30:36.213+0000] {logging_mixin.py:190} WARNING - /opt/***/dags/helpers/db_utils.py:149 UserWarning: pandas only supports SQLAlchemy connectable (engine/connection) or database string URI or sqlite3 DBAPI2 connection. Other DBAPI2 objects are not tested. Please consider using SQLAlchemy.
[2024-11-23T05:30:36.462+0000] {logging_mixin.py:190} INFO - Ingesting new data into grants
[2024-11-23T05:30:51.906+0000] {logging_mixin.py:190} INFO - Data successfully written to table grants.
[2024-11-23T05:30:52.269+0000] {logging_mixin.py:190} INFO - File moved from s3://project-processed-data/usa_spending_data/grants_20241123_045632.csv to s3://project-processed-data/archived/usa_spending_data/grants_20241123_045632.csv
[2024-11-23T05:30:52.754+0000] {logging_mixin.py:190} INFO - Checking for new data to ingest into funding
[2024-11-23T05:30:53.012+0000] {logging_mixin.py:190} WARNING - /opt/***/dags/helpers/db_utils.py:149 UserWarning: pandas only supports SQLAlchemy connectable (engine/connection) or database string URI or sqlite3 DBAPI2 connection. Other DBAPI2 objects are not tested. Please consider using SQLAlchemy.
[2024-11-23T05:30:53.475+0000] {logging_mixin.py:190} INFO - No new data to ingest for funding
[2024-11-23T05:30:53.829+0000] {logging_mixin.py:190} INFO - Checking for new data to ingest into federalawards
[2024-11-23T05:30:54.046+0000] {logging_mixin.py:190} WARNING - /opt/***/dags/helpers/db_utils.py:149 UserWarning: pandas only supports SQLAlchemy connectable (engine/connection) or database string URI or sqlite3 DBAPI2 connection. Other DBAPI2 objects are not tested. Please consider using SQLAlchemy.
[2024-11-23T05:30:54.105+0000] {logging_mixin.py:190} INFO - Ingesting new data into federalawards
[2024-11-23T05:30:54.386+0000] {logging_mixin.py:190} INFO - Error: insert or update on table "federalawards" violates foreign key constraint "federalawards_recipient_id_fkey"
DETAIL:  Key (recipient_id)=(4e80d4c6-329c-27c3-5033-0ac2275b4cf4-C) is not present in table "recipients".
[2024-11-23T05:30:54.387+0000] {python.py:240} INFO - Done. Returned value was: None
[2024-11-23T05:30:54.397+0000] {taskinstance.py:340} INFO - ::group::Post task execution logs
[2024-11-23T05:30:54.398+0000] {taskinstance.py:352} INFO - Marking task as SUCCESS. dag_id=ETL_usa_spending, task_id=ingest_usa_spending_data_task, run_id=manual__2024-11-23T05:30:25.692042+00:00, execution_date=20241123T053025, start_date=20241123T053032, end_date=20241123T053054
[2024-11-23T05:30:54.426+0000] {local_task_job_runner.py:266} INFO - Task exited with return code 0
[2024-11-23T05:30:54.441+0000] {taskinstance.py:3895} INFO - 0 downstream tasks scheduled from follow-on schedule check
[2024-11-23T05:30:54.443+0000] {local_task_job_runner.py:245} INFO - ::endgroup::
