[2024-11-27T21:30:22.289+0000] {local_task_job_runner.py:123} INFO - ::group::Pre task execution logs
[2024-11-27T21:30:22.310+0000] {taskinstance.py:2613} INFO - Dependencies all met for dep_context=non-requeueable deps ti=<TaskInstance: ETL_quarterly_performance_reports.process_performance_reports_task manual__2024-11-27T21:30:19.387720+00:00 [queued]>
[2024-11-27T21:30:22.323+0000] {taskinstance.py:2613} INFO - Dependencies all met for dep_context=requeueable deps ti=<TaskInstance: ETL_quarterly_performance_reports.process_performance_reports_task manual__2024-11-27T21:30:19.387720+00:00 [queued]>
[2024-11-27T21:30:22.324+0000] {taskinstance.py:2866} INFO - Starting attempt 1 of 1
[2024-11-27T21:30:22.342+0000] {taskinstance.py:2889} INFO - Executing <Task(PythonOperator): process_performance_reports_task> on 2024-11-27 21:30:19.387720+00:00
[2024-11-27T21:30:22.351+0000] {standard_task_runner.py:104} INFO - Running: ['***', 'tasks', 'run', 'ETL_quarterly_performance_reports', 'process_performance_reports_task', 'manual__2024-11-27T21:30:19.387720+00:00', '--job-id', '435', '--raw', '--subdir', 'DAGS_FOLDER/project_dag.py', '--cfg-path', '/tmp/tmp_xqooqa0']
[2024-11-27T21:30:22.352+0000] {logging_mixin.py:190} WARNING - /home/***/.local/lib/python3.12/site-packages/***/task/task_runner/standard_task_runner.py:70 DeprecationWarning: This process (pid=28797) is multi-threaded, use of fork() may lead to deadlocks in the child.
[2024-11-27T21:30:22.355+0000] {standard_task_runner.py:105} INFO - Job 435: Subtask process_performance_reports_task
[2024-11-27T21:30:22.355+0000] {standard_task_runner.py:72} INFO - Started process 28799 to run task
[2024-11-27T21:30:22.408+0000] {task_command.py:467} INFO - Running <TaskInstance: ETL_quarterly_performance_reports.process_performance_reports_task manual__2024-11-27T21:30:19.387720+00:00 [running]> on host 6a246d8d590f
[2024-11-27T21:30:22.829+0000] {taskinstance.py:3132} INFO - Exporting env vars: AIRFLOW_CTX_DAG_OWNER='***' AIRFLOW_CTX_DAG_ID='ETL_quarterly_performance_reports' AIRFLOW_CTX_TASK_ID='process_performance_reports_task' AIRFLOW_CTX_EXECUTION_DATE='2024-11-27T21:30:19.387720+00:00' AIRFLOW_CTX_TRY_NUMBER='1' AIRFLOW_CTX_DAG_RUN_ID='manual__2024-11-27T21:30:19.387720+00:00'
[2024-11-27T21:30:22.830+0000] {taskinstance.py:731} INFO - ::endgroup::
[2024-11-27T21:30:23.713+0000] {logging_mixin.py:190} INFO - Processing file: source-5_page-15.pdf
[2024-11-27T21:30:29.339+0000] {logging_mixin.py:190} WARNING - /opt/***/dags/data_processing/quarterly_performance_reports_processing_script.py:121 FutureWarning: Series.__getitem__ treating keys as positions is deprecated. In a future version, integer keys will always be treated as labels (consistent with DataFrame behavior). To access a value by position, use `ser.iloc[pos]`
[2024-11-27T21:30:29.341+0000] {logging_mixin.py:190} WARNING - /opt/***/dags/data_processing/quarterly_performance_reports_processing_script.py:122 FutureWarning: Series.__getitem__ treating keys as positions is deprecated. In a future version, integer keys will always be treated as labels (consistent with DataFrame behavior). To access a value by position, use `ser.iloc[pos]`
[2024-11-27T21:30:29.343+0000] {logging_mixin.py:190} WARNING - /opt/***/dags/data_processing/quarterly_performance_reports_processing_script.py:123 FutureWarning: Series.__getitem__ treating keys as positions is deprecated. In a future version, integer keys will always be treated as labels (consistent with DataFrame behavior). To access a value by position, use `ser.iloc[pos]`
[2024-11-27T21:30:34.414+0000] {logging_mixin.py:190} INFO - Processing file: source-5_page-17.pdf
[2024-11-27T21:30:39.838+0000] {logging_mixin.py:190} WARNING - /opt/***/dags/data_processing/quarterly_performance_reports_processing_script.py:121 FutureWarning: Series.__getitem__ treating keys as positions is deprecated. In a future version, integer keys will always be treated as labels (consistent with DataFrame behavior). To access a value by position, use `ser.iloc[pos]`
[2024-11-27T21:30:39.840+0000] {logging_mixin.py:190} WARNING - /opt/***/dags/data_processing/quarterly_performance_reports_processing_script.py:122 FutureWarning: Series.__getitem__ treating keys as positions is deprecated. In a future version, integer keys will always be treated as labels (consistent with DataFrame behavior). To access a value by position, use `ser.iloc[pos]`
[2024-11-27T21:30:39.842+0000] {logging_mixin.py:190} WARNING - /opt/***/dags/data_processing/quarterly_performance_reports_processing_script.py:123 FutureWarning: Series.__getitem__ treating keys as positions is deprecated. In a future version, integer keys will always be treated as labels (consistent with DataFrame behavior). To access a value by position, use `ser.iloc[pos]`
[2024-11-27T21:30:44.476+0000] {logging_mixin.py:190} INFO - Processing file: source-5_page-19.pdf
[2024-11-27T21:30:55.109+0000] {logging_mixin.py:190} WARNING - /opt/***/dags/data_processing/quarterly_performance_reports_processing_script.py:121 FutureWarning: Series.__getitem__ treating keys as positions is deprecated. In a future version, integer keys will always be treated as labels (consistent with DataFrame behavior). To access a value by position, use `ser.iloc[pos]`
[2024-11-27T21:30:55.112+0000] {logging_mixin.py:190} WARNING - /opt/***/dags/data_processing/quarterly_performance_reports_processing_script.py:122 FutureWarning: Series.__getitem__ treating keys as positions is deprecated. In a future version, integer keys will always be treated as labels (consistent with DataFrame behavior). To access a value by position, use `ser.iloc[pos]`
[2024-11-27T21:30:55.114+0000] {logging_mixin.py:190} WARNING - /opt/***/dags/data_processing/quarterly_performance_reports_processing_script.py:123 FutureWarning: Series.__getitem__ treating keys as positions is deprecated. In a future version, integer keys will always be treated as labels (consistent with DataFrame behavior). To access a value by position, use `ser.iloc[pos]`
[2024-11-27T21:30:59.291+0000] {logging_mixin.py:190} INFO - Processing file: source-5_page-5.pdf
[2024-11-27T21:31:04.747+0000] {logging_mixin.py:190} WARNING - /opt/***/dags/data_processing/quarterly_performance_reports_processing_script.py:121 FutureWarning: Series.__getitem__ treating keys as positions is deprecated. In a future version, integer keys will always be treated as labels (consistent with DataFrame behavior). To access a value by position, use `ser.iloc[pos]`
[2024-11-27T21:31:04.751+0000] {logging_mixin.py:190} WARNING - /opt/***/dags/data_processing/quarterly_performance_reports_processing_script.py:122 FutureWarning: Series.__getitem__ treating keys as positions is deprecated. In a future version, integer keys will always be treated as labels (consistent with DataFrame behavior). To access a value by position, use `ser.iloc[pos]`
[2024-11-27T21:31:04.754+0000] {logging_mixin.py:190} WARNING - /opt/***/dags/data_processing/quarterly_performance_reports_processing_script.py:123 FutureWarning: Series.__getitem__ treating keys as positions is deprecated. In a future version, integer keys will always be treated as labels (consistent with DataFrame behavior). To access a value by position, use `ser.iloc[pos]`
[2024-11-27T21:31:09.085+0000] {logging_mixin.py:190} INFO - Processing file: source-5_page-7.pdf
[2024-11-27T21:31:19.698+0000] {logging_mixin.py:190} WARNING - /opt/***/dags/data_processing/quarterly_performance_reports_processing_script.py:121 FutureWarning: Series.__getitem__ treating keys as positions is deprecated. In a future version, integer keys will always be treated as labels (consistent with DataFrame behavior). To access a value by position, use `ser.iloc[pos]`
[2024-11-27T21:31:19.699+0000] {logging_mixin.py:190} WARNING - /opt/***/dags/data_processing/quarterly_performance_reports_processing_script.py:122 FutureWarning: Series.__getitem__ treating keys as positions is deprecated. In a future version, integer keys will always be treated as labels (consistent with DataFrame behavior). To access a value by position, use `ser.iloc[pos]`
[2024-11-27T21:31:19.701+0000] {logging_mixin.py:190} WARNING - /opt/***/dags/data_processing/quarterly_performance_reports_processing_script.py:123 FutureWarning: Series.__getitem__ treating keys as positions is deprecated. In a future version, integer keys will always be treated as labels (consistent with DataFrame behavior). To access a value by position, use `ser.iloc[pos]`
[2024-11-27T21:31:24.323+0000] {logging_mixin.py:190} INFO - Processing file: source-5_page-9.pdf
[2024-11-27T21:31:29.789+0000] {logging_mixin.py:190} WARNING - /opt/***/dags/data_processing/quarterly_performance_reports_processing_script.py:121 FutureWarning: Series.__getitem__ treating keys as positions is deprecated. In a future version, integer keys will always be treated as labels (consistent with DataFrame behavior). To access a value by position, use `ser.iloc[pos]`
[2024-11-27T21:31:29.794+0000] {logging_mixin.py:190} WARNING - /opt/***/dags/data_processing/quarterly_performance_reports_processing_script.py:122 FutureWarning: Series.__getitem__ treating keys as positions is deprecated. In a future version, integer keys will always be treated as labels (consistent with DataFrame behavior). To access a value by position, use `ser.iloc[pos]`
[2024-11-27T21:31:29.799+0000] {logging_mixin.py:190} WARNING - /opt/***/dags/data_processing/quarterly_performance_reports_processing_script.py:123 FutureWarning: Series.__getitem__ treating keys as positions is deprecated. In a future version, integer keys will always be treated as labels (consistent with DataFrame behavior). To access a value by position, use `ser.iloc[pos]`
[2024-11-27T21:31:35.126+0000] {logging_mixin.py:190} INFO - File saved to S3: s3://project-processed-data/quarterly_performance_reports/performance_reports_20241127_213023.csv
[2024-11-27T21:31:35.341+0000] {logging_mixin.py:190} INFO - File saved to S3: s3://project-processed-data/quarterly_performance_reports/amount_description_20241127_213023.csv
[2024-11-27T21:31:35.554+0000] {logging_mixin.py:190} INFO - File saved to S3: s3://project-processed-data/quarterly_performance_reports/activity_20241127_213023.csv
[2024-11-27T21:31:36.025+0000] {logging_mixin.py:190} INFO - File moved from s3://project-raw-data-files/quarterly_performance_reports/source-5_page-15.pdf to s3://project-raw-data-files/archived/quarterly_performance_reports/source-5_page-15.pdf
[2024-11-27T21:31:36.355+0000] {logging_mixin.py:190} INFO - File moved from s3://project-raw-data-files/quarterly_performance_reports/source-5_page-17.pdf to s3://project-raw-data-files/archived/quarterly_performance_reports/source-5_page-17.pdf
[2024-11-27T21:31:36.714+0000] {logging_mixin.py:190} INFO - File moved from s3://project-raw-data-files/quarterly_performance_reports/source-5_page-19.pdf to s3://project-raw-data-files/archived/quarterly_performance_reports/source-5_page-19.pdf
[2024-11-27T21:31:37.061+0000] {logging_mixin.py:190} INFO - File moved from s3://project-raw-data-files/quarterly_performance_reports/source-5_page-5.pdf to s3://project-raw-data-files/archived/quarterly_performance_reports/source-5_page-5.pdf
[2024-11-27T21:31:37.478+0000] {logging_mixin.py:190} INFO - File moved from s3://project-raw-data-files/quarterly_performance_reports/source-5_page-7.pdf to s3://project-raw-data-files/archived/quarterly_performance_reports/source-5_page-7.pdf
[2024-11-27T21:31:37.865+0000] {logging_mixin.py:190} INFO - File moved from s3://project-raw-data-files/quarterly_performance_reports/source-5_page-9.pdf to s3://project-raw-data-files/archived/quarterly_performance_reports/source-5_page-9.pdf
[2024-11-27T21:31:37.875+0000] {python.py:240} INFO - Done. Returned value was: None
[2024-11-27T21:31:37.896+0000] {taskinstance.py:340} INFO - ::group::Post task execution logs
[2024-11-27T21:31:37.897+0000] {taskinstance.py:352} INFO - Marking task as SUCCESS. dag_id=ETL_quarterly_performance_reports, task_id=process_performance_reports_task, run_id=manual__2024-11-27T21:30:19.387720+00:00, execution_date=20241127T213019, start_date=20241127T213022, end_date=20241127T213137
[2024-11-27T21:31:37.960+0000] {local_task_job_runner.py:266} INFO - Task exited with return code 0
[2024-11-27T21:31:37.987+0000] {taskinstance.py:3895} INFO - 1 downstream tasks scheduled from follow-on schedule check
[2024-11-27T21:31:37.990+0000] {local_task_job_runner.py:245} INFO - ::endgroup::
