[2024-11-26T01:51:00.164+0000] {local_task_job_runner.py:123} INFO - ::group::Pre task execution logs
[2024-11-26T01:51:00.186+0000] {taskinstance.py:2613} INFO - Dependencies all met for dep_context=non-requeueable deps ti=<TaskInstance: ETL_quarterly_performance_reports.ingest_performance_reports_task scheduled__2024-11-25T00:00:00+00:00 [queued]>
[2024-11-26T01:51:00.199+0000] {taskinstance.py:2613} INFO - Dependencies all met for dep_context=requeueable deps ti=<TaskInstance: ETL_quarterly_performance_reports.ingest_performance_reports_task scheduled__2024-11-25T00:00:00+00:00 [queued]>
[2024-11-26T01:51:00.200+0000] {taskinstance.py:2866} INFO - Starting attempt 1 of 1
[2024-11-26T01:51:00.219+0000] {taskinstance.py:2889} INFO - Executing <Task(PythonOperator): ingest_performance_reports_task> on 2024-11-25 00:00:00+00:00
[2024-11-26T01:51:00.230+0000] {logging_mixin.py:190} WARNING - /home/***/.local/lib/python3.12/site-packages/***/task/task_runner/standard_task_runner.py:70 DeprecationWarning: This process (pid=7366) is multi-threaded, use of fork() may lead to deadlocks in the child.
[2024-11-26T01:51:00.232+0000] {standard_task_runner.py:72} INFO - Started process 7374 to run task
[2024-11-26T01:51:00.229+0000] {standard_task_runner.py:104} INFO - Running: ['***', 'tasks', 'run', 'ETL_quarterly_performance_reports', 'ingest_performance_reports_task', 'scheduled__2024-11-25T00:00:00+00:00', '--job-id', '319', '--raw', '--subdir', 'DAGS_FOLDER/project_dag.py', '--cfg-path', '/tmp/tmpobgao7wy']
[2024-11-26T01:51:00.233+0000] {standard_task_runner.py:105} INFO - Job 319: Subtask ingest_performance_reports_task
[2024-11-26T01:51:00.299+0000] {task_command.py:467} INFO - Running <TaskInstance: ETL_quarterly_performance_reports.ingest_performance_reports_task scheduled__2024-11-25T00:00:00+00:00 [running]> on host 6a246d8d590f
[2024-11-26T01:51:00.787+0000] {taskinstance.py:3132} INFO - Exporting env vars: AIRFLOW_CTX_DAG_OWNER='***' AIRFLOW_CTX_DAG_ID='ETL_quarterly_performance_reports' AIRFLOW_CTX_TASK_ID='ingest_performance_reports_task' AIRFLOW_CTX_EXECUTION_DATE='2024-11-25T00:00:00+00:00' AIRFLOW_CTX_TRY_NUMBER='1' AIRFLOW_CTX_DAG_RUN_ID='scheduled__2024-11-25T00:00:00+00:00'
[2024-11-26T01:51:00.789+0000] {taskinstance.py:731} INFO - ::endgroup::
[2024-11-26T01:51:01.440+0000] {logging_mixin.py:190} INFO - Error: column "time_period_amount" of relation "amountdescriptions" does not exist
LINE 1: ... AmountDescriptions (amount_desc_id, description, time_perio...
                                                             ^
[2024-11-26T01:51:02.886+0000] {logging_mixin.py:190} INFO - Error: column "benefit_type" of relation "activities" does not exist
LINE 1: ...end_date, national_objective, responsible_entity, benefit_ty...
                                                             ^
[2024-11-26T01:51:04.317+0000] {logging_mixin.py:190} INFO - Error: column "grantee_activity_number" of relation "performancereports" does not exist
LINE 1: INSERT INTO PerformanceReports (activity_id, Grantee_Activit...
                                                     ^
[2024-11-26T01:51:04.318+0000] {python.py:240} INFO - Done. Returned value was: None
[2024-11-26T01:51:04.327+0000] {taskinstance.py:340} INFO - ::group::Post task execution logs
[2024-11-26T01:51:04.328+0000] {taskinstance.py:352} INFO - Marking task as SUCCESS. dag_id=ETL_quarterly_performance_reports, task_id=ingest_performance_reports_task, run_id=scheduled__2024-11-25T00:00:00+00:00, execution_date=20241125T000000, start_date=20241126T015100, end_date=20241126T015104
[2024-11-26T01:51:04.384+0000] {local_task_job_runner.py:266} INFO - Task exited with return code 0
[2024-11-26T01:51:04.408+0000] {taskinstance.py:3895} INFO - 0 downstream tasks scheduled from follow-on schedule check
[2024-11-26T01:51:04.410+0000] {local_task_job_runner.py:245} INFO - ::endgroup::
