[2024-11-18T02:06:40.722+0000] {local_task_job_runner.py:123} INFO - ::group::Pre task execution logs
[2024-11-18T02:06:40.759+0000] {taskinstance.py:2613} INFO - Dependencies all met for dep_context=non-requeueable deps ti=<TaskInstance: ETL_financial_reports.ingest_financial_reports_task scheduled__2024-11-17T00:00:00+00:00 [queued]>
[2024-11-18T02:06:40.778+0000] {taskinstance.py:2613} INFO - Dependencies all met for dep_context=requeueable deps ti=<TaskInstance: ETL_financial_reports.ingest_financial_reports_task scheduled__2024-11-17T00:00:00+00:00 [queued]>
[2024-11-18T02:06:40.779+0000] {taskinstance.py:2866} INFO - Starting attempt 1 of 1
[2024-11-18T02:06:40.798+0000] {taskinstance.py:2889} INFO - Executing <Task(PythonOperator): ingest_financial_reports_task> on 2024-11-17 00:00:00+00:00
[2024-11-18T02:06:40.811+0000] {logging_mixin.py:190} WARNING - /home/***/.local/lib/python3.12/site-packages/***/task/task_runner/standard_task_runner.py:70 DeprecationWarning: This process (pid=18646) is multi-threaded, use of fork() may lead to deadlocks in the child.
[2024-11-18T02:06:40.813+0000] {standard_task_runner.py:72} INFO - Started process 18648 to run task
[2024-11-18T02:06:40.811+0000] {standard_task_runner.py:104} INFO - Running: ['***', 'tasks', 'run', 'ETL_financial_reports', 'ingest_financial_reports_task', 'scheduled__2024-11-17T00:00:00+00:00', '--job-id', '105', '--raw', '--subdir', 'DAGS_FOLDER/project_dag.py', '--cfg-path', '/tmp/tmpfpetoe6u']
[2024-11-18T02:06:40.814+0000] {standard_task_runner.py:105} INFO - Job 105: Subtask ingest_financial_reports_task
[2024-11-18T02:06:40.881+0000] {task_command.py:467} INFO - Running <TaskInstance: ETL_financial_reports.ingest_financial_reports_task scheduled__2024-11-17T00:00:00+00:00 [running]> on host 7da4b16cbed4
[2024-11-18T02:06:41.026+0000] {taskinstance.py:3132} INFO - Exporting env vars: AIRFLOW_CTX_DAG_OWNER='***' AIRFLOW_CTX_DAG_ID='ETL_financial_reports' AIRFLOW_CTX_TASK_ID='ingest_financial_reports_task' AIRFLOW_CTX_EXECUTION_DATE='2024-11-17T00:00:00+00:00' AIRFLOW_CTX_TRY_NUMBER='1' AIRFLOW_CTX_DAG_RUN_ID='scheduled__2024-11-17T00:00:00+00:00'
[2024-11-18T02:06:41.028+0000] {taskinstance.py:731} INFO - ::endgroup::
[2024-11-18T02:06:42.500+0000] {logging_mixin.py:190} INFO - Data successfully written to table grantfinancialreports.
[2024-11-18T02:06:43.050+0000] {logging_mixin.py:190} INFO - File moved from s3://project-processed-data/financial_reports/processed_CDBG-DR-Financial-Report-2018-12-01.csv to s3://project-processed-data/archived/financial_reports/processed_CDBG-DR-Financial-Report-2018-12-01.csv
[2024-11-18T02:06:43.658+0000] {logging_mixin.py:190} INFO - Data successfully written to table grantfinancialreports.
[2024-11-18T02:06:43.975+0000] {logging_mixin.py:190} INFO - File moved from s3://project-processed-data/financial_reports/processed_CDBG-DR-Financial-Report-2019-11-01.csv to s3://project-processed-data/archived/financial_reports/processed_CDBG-DR-Financial-Report-2019-11-01.csv
[2024-11-18T02:06:44.485+0000] {logging_mixin.py:190} INFO - Error: invalid input syntax for type numeric: " 1.950.362"
LINE 1: ...449536.0, 2008, 164, 95.0, 88.5, 'Slow Spender ', ' 1.950.36...
                                                             ^
[2024-11-18T02:06:45.029+0000] {logging_mixin.py:190} INFO - Data successfully written to table grantfinancialreports.
[2024-11-18T02:06:45.313+0000] {logging_mixin.py:190} INFO - File moved from s3://project-processed-data/financial_reports/processed_CDBG-DR-Grants-Financial-Report-2023-06.csv to s3://project-processed-data/archived/financial_reports/processed_CDBG-DR-Grants-Financial-Report-2023-06.csv
[2024-11-18T02:06:45.856+0000] {logging_mixin.py:190} INFO - Error: invalid input syntax for type numeric: " 1.950.362"
LINE 1: ...449536.0, 2008, 166, 95.0, 88.5, 'Slow Spender ', ' 1.950.36...
                                                             ^
[2024-11-18T02:06:46.462+0000] {logging_mixin.py:190} INFO - Error: invalid input syntax for type numeric: " 1.950.362"
LINE 1: ...449536.0, 2008, 167, 95.0, 88.5, 'Slow Spender ', ' 1.950.36...
                                                             ^
[2024-11-18T02:06:47.116+0000] {logging_mixin.py:190} INFO - Error: invalid input syntax for type numeric: " 1.950.362"
LINE 1: ...449536.0, 2008, 168, 95.0, 88.5, 'Slow Spender ', ' 1.950.36...
                                                             ^
[2024-11-18T02:06:47.622+0000] {logging_mixin.py:190} INFO - Error: invalid input syntax for type numeric: " 1.946.862"
LINE 1: ...446036.0, 2008, 169, 95.0, 88.5, 'Slow Spender ', ' 1.946.86...
                                                             ^
[2024-11-18T02:06:48.268+0000] {logging_mixin.py:190} INFO - Data successfully written to table grantfinancialreports.
[2024-11-18T02:06:48.567+0000] {logging_mixin.py:190} INFO - File moved from s3://project-processed-data/financial_reports/processed_CDBG-DR_Grant_Expenditure_Report-11-1-2023.csv to s3://project-processed-data/archived/financial_reports/processed_CDBG-DR_Grant_Expenditure_Report-11-1-2023.csv
[2024-11-18T02:06:49.166+0000] {logging_mixin.py:190} INFO - Data successfully written to table grantfinancialreports.
[2024-11-18T02:06:49.452+0000] {logging_mixin.py:190} INFO - File moved from s3://project-processed-data/financial_reports/processed_CDBG-DR_Grant_Expenditure_Report-4-1-2024.csv to s3://project-processed-data/archived/financial_reports/processed_CDBG-DR_Grant_Expenditure_Report-4-1-2024.csv
[2024-11-18T02:06:49.455+0000] {python.py:240} INFO - Done. Returned value was: None
[2024-11-18T02:06:49.467+0000] {taskinstance.py:340} INFO - ::group::Post task execution logs
[2024-11-18T02:06:49.468+0000] {taskinstance.py:352} INFO - Marking task as SUCCESS. dag_id=ETL_financial_reports, task_id=ingest_financial_reports_task, run_id=scheduled__2024-11-17T00:00:00+00:00, execution_date=20241117T000000, start_date=20241118T020640, end_date=20241118T020649
[2024-11-18T02:06:49.511+0000] {local_task_job_runner.py:266} INFO - Task exited with return code 0
[2024-11-18T02:06:49.528+0000] {taskinstance.py:3895} INFO - 0 downstream tasks scheduled from follow-on schedule check
[2024-11-18T02:06:49.531+0000] {local_task_job_runner.py:245} INFO - ::endgroup::
