[2024-11-22T06:23:19.838+0000] {local_task_job_runner.py:123} INFO - ::group::Pre task execution logs
[2024-11-22T06:23:19.856+0000] {taskinstance.py:2613} INFO - Dependencies all met for dep_context=non-requeueable deps ti=<TaskInstance: ETL_usa_spending.process_usa_spending_data_task manual__2024-11-22T06:23:16.363556+00:00 [queued]>
[2024-11-22T06:23:19.866+0000] {taskinstance.py:2613} INFO - Dependencies all met for dep_context=requeueable deps ti=<TaskInstance: ETL_usa_spending.process_usa_spending_data_task manual__2024-11-22T06:23:16.363556+00:00 [queued]>
[2024-11-22T06:23:19.866+0000] {taskinstance.py:2866} INFO - Starting attempt 1 of 1
[2024-11-22T06:23:19.884+0000] {taskinstance.py:2889} INFO - Executing <Task(PythonOperator): process_usa_spending_data_task> on 2024-11-22 06:23:16.363556+00:00
[2024-11-22T06:23:19.907+0000] {logging_mixin.py:190} WARNING - /home/***/.local/lib/python3.12/site-packages/***/task/task_runner/standard_task_runner.py:70 DeprecationWarning: This process (pid=72566) is multi-threaded, use of fork() may lead to deadlocks in the child.
[2024-11-22T06:23:19.912+0000] {standard_task_runner.py:72} INFO - Started process 72568 to run task
[2024-11-22T06:23:19.906+0000] {standard_task_runner.py:104} INFO - Running: ['***', 'tasks', 'run', 'ETL_usa_spending', 'process_usa_spending_data_task', 'manual__2024-11-22T06:23:16.363556+00:00', '--job-id', '166', '--raw', '--subdir', 'DAGS_FOLDER/project_dag.py', '--cfg-path', '/tmp/tmpfw71zs_t']
[2024-11-22T06:23:19.914+0000] {standard_task_runner.py:105} INFO - Job 166: Subtask process_usa_spending_data_task
[2024-11-22T06:23:20.001+0000] {task_command.py:467} INFO - Running <TaskInstance: ETL_usa_spending.process_usa_spending_data_task manual__2024-11-22T06:23:16.363556+00:00 [running]> on host 7da4b16cbed4
[2024-11-22T06:23:20.137+0000] {taskinstance.py:3132} INFO - Exporting env vars: AIRFLOW_CTX_DAG_OWNER='***' AIRFLOW_CTX_DAG_ID='ETL_usa_spending' AIRFLOW_CTX_TASK_ID='process_usa_spending_data_task' AIRFLOW_CTX_EXECUTION_DATE='2024-11-22T06:23:16.363556+00:00' AIRFLOW_CTX_TRY_NUMBER='1' AIRFLOW_CTX_DAG_RUN_ID='manual__2024-11-22T06:23:16.363556+00:00'
[2024-11-22T06:23:20.138+0000] {taskinstance.py:731} INFO - ::endgroup::
[2024-11-22T06:23:20.613+0000] {logging_mixin.py:190} INFO - Processing file: df_spending_by_award_11_17_2024.csv
[2024-11-22T06:23:21.161+0000] {logging_mixin.py:190} INFO - Processing file: federal_account_funding_df_2024-11-17.csv
[2024-11-22T06:23:21.690+0000] {logging_mixin.py:190} INFO - Processing file: other_variables_11_17_2024.csv
[2024-11-22T06:23:21.997+0000] {logging_mixin.py:190} INFO - Processing file: sub_award_df_2024-11-17.csv
[2024-11-22T06:23:22.403+0000] {logging_mixin.py:190} INFO - Processing file: transactions_df_2024-11-17.csv
[2024-11-22T06:23:24.416+0000] {logging_mixin.py:190} INFO - File saved to S3: s3://project-processed-data/usa_spending_data/states_20241122_062324.csv
[2024-11-22T06:23:24.637+0000] {logging_mixin.py:190} INFO - File saved to S3: s3://project-processed-data/usa_spending_data/cfda_20241122_062324.csv
[2024-11-22T06:23:24.841+0000] {logging_mixin.py:190} INFO - File saved to S3: s3://project-processed-data/usa_spending_data/agency_20241122_062324.csv
[2024-11-22T06:23:25.038+0000] {logging_mixin.py:190} INFO - File saved to S3: s3://project-processed-data/usa_spending_data/sub_agency_20241122_062324.csv
[2024-11-22T06:23:25.251+0000] {logging_mixin.py:190} INFO - File saved to S3: s3://project-processed-data/usa_spending_data/recipients_20241122_062324.csv
[2024-11-22T06:23:25.653+0000] {logging_mixin.py:190} INFO - File saved to S3: s3://project-processed-data/usa_spending_data/grants_20241122_062324.csv
[2024-11-22T06:23:26.098+0000] {logging_mixin.py:190} INFO - File saved to S3: s3://project-processed-data/usa_spending_data/federal_awards_20241122_062324.csv
[2024-11-22T06:23:26.854+0000] {logging_mixin.py:190} INFO - File saved to S3: s3://project-processed-data/usa_spending_data/funding_20241122_062324.csv
[2024-11-22T06:23:27.413+0000] {logging_mixin.py:190} INFO - File saved to S3: s3://project-processed-data/usa_spending_data/transactions_20241122_062324.csv
[2024-11-22T06:23:27.842+0000] {logging_mixin.py:190} INFO - File saved to S3: s3://project-processed-data/usa_spending_data/sub_awards_20241122_062324.csv
[2024-11-22T06:23:28.218+0000] {logging_mixin.py:190} INFO - File moved from s3://project-raw-data-files/usa_spending_data/ to s3://project-raw-data-files/archived/usa_spending_data/
[2024-11-22T06:23:28.616+0000] {logging_mixin.py:190} INFO - File moved from s3://project-raw-data-files/usa_spending_data/df_spending_by_award_11_17_2024.csv to s3://project-raw-data-files/archived/usa_spending_data/df_spending_by_award_11_17_2024.csv
[2024-11-22T06:23:28.973+0000] {logging_mixin.py:190} INFO - File moved from s3://project-raw-data-files/usa_spending_data/federal_account_funding_df_2024-11-17.csv to s3://project-raw-data-files/archived/usa_spending_data/federal_account_funding_df_2024-11-17.csv
[2024-11-22T06:23:29.249+0000] {logging_mixin.py:190} INFO - File moved from s3://project-raw-data-files/usa_spending_data/other_variables_11_17_2024.csv to s3://project-raw-data-files/archived/usa_spending_data/other_variables_11_17_2024.csv
[2024-11-22T06:23:29.524+0000] {logging_mixin.py:190} INFO - File moved from s3://project-raw-data-files/usa_spending_data/sub_award_df_2024-11-17.csv to s3://project-raw-data-files/archived/usa_spending_data/sub_award_df_2024-11-17.csv
[2024-11-22T06:23:29.774+0000] {logging_mixin.py:190} INFO - File moved from s3://project-raw-data-files/usa_spending_data/transactions_df_2024-11-17.csv to s3://project-raw-data-files/archived/usa_spending_data/transactions_df_2024-11-17.csv
[2024-11-22T06:23:29.780+0000] {python.py:240} INFO - Done. Returned value was: None
[2024-11-22T06:23:29.793+0000] {taskinstance.py:340} INFO - ::group::Post task execution logs
[2024-11-22T06:23:29.794+0000] {taskinstance.py:352} INFO - Marking task as SUCCESS. dag_id=ETL_usa_spending, task_id=process_usa_spending_data_task, run_id=manual__2024-11-22T06:23:16.363556+00:00, execution_date=20241122T062316, start_date=20241122T062319, end_date=20241122T062329
[2024-11-22T06:23:29.854+0000] {local_task_job_runner.py:266} INFO - Task exited with return code 0
[2024-11-22T06:23:29.871+0000] {taskinstance.py:3895} INFO - 0 downstream tasks scheduled from follow-on schedule check
[2024-11-22T06:23:29.874+0000] {local_task_job_runner.py:245} INFO - ::endgroup::
