[2024-12-04T03:30:27.903+0000] {processor.py:186} INFO - Started process (PID=69078) to work on /opt/airflow/dags/financial_reports_dag.py
[2024-12-04T03:30:27.910+0000] {processor.py:914} INFO - Processing file /opt/airflow/dags/financial_reports_dag.py for tasks to queue
[2024-12-04T03:30:27.914+0000] {logging_mixin.py:190} INFO - [2024-12-04T03:30:27.913+0000] {dagbag.py:588} INFO - Filling up the DagBag from /opt/airflow/dags/financial_reports_dag.py
[2024-12-04T03:30:32.011+0000] {processor.py:925} INFO - DAG(s) 'ETL_quarterly_performance_reports', 'ETL_financial_reports', 'ETL_history_reports', 'ETL_usa_spending' retrieved from /opt/airflow/dags/financial_reports_dag.py
[2024-12-04T03:30:32.370+0000] {logging_mixin.py:190} INFO - [2024-12-04T03:30:32.369+0000] {dag.py:3239} INFO - Sync 4 DAGs
[2024-12-04T03:30:32.702+0000] {logging_mixin.py:190} INFO - [2024-12-04T03:30:32.701+0000] {dag.py:4180} INFO - Setting next_dagrun for ETL_financial_reports to 2024-12-03 00:00:00+00:00, run_after=2024-12-04 00:00:00+00:00
[2024-12-04T03:30:32.720+0000] {logging_mixin.py:190} INFO - [2024-12-04T03:30:32.719+0000] {dag.py:4180} INFO - Setting next_dagrun for ETL_history_reports to 2024-12-04 00:00:00+00:00, run_after=2024-12-05 00:00:00+00:00
[2024-12-04T03:30:32.735+0000] {logging_mixin.py:190} INFO - [2024-12-04T03:30:32.734+0000] {dag.py:4180} INFO - Setting next_dagrun for ETL_quarterly_performance_reports to 2024-12-03 00:00:00+00:00, run_after=2024-12-04 00:00:00+00:00
[2024-12-04T03:30:32.743+0000] {logging_mixin.py:190} INFO - [2024-12-04T03:30:32.742+0000] {dag.py:4180} INFO - Setting next_dagrun for ETL_usa_spending to 2024-12-03 00:00:00+00:00, run_after=2024-12-04 00:00:00+00:00
[2024-12-04T03:30:32.807+0000] {processor.py:208} INFO - Processing /opt/airflow/dags/financial_reports_dag.py took 4.959 seconds
[2024-12-04T03:31:02.919+0000] {processor.py:186} INFO - Started process (PID=69119) to work on /opt/airflow/dags/financial_reports_dag.py
[2024-12-04T03:31:02.921+0000] {processor.py:914} INFO - Processing file /opt/airflow/dags/financial_reports_dag.py for tasks to queue
[2024-12-04T03:31:02.923+0000] {logging_mixin.py:190} INFO - [2024-12-04T03:31:02.923+0000] {dagbag.py:588} INFO - Filling up the DagBag from /opt/airflow/dags/financial_reports_dag.py
[2024-12-04T03:31:04.289+0000] {processor.py:925} INFO - DAG(s) 'ETL_quarterly_performance_reports', 'ETL_history_reports', 'ETL_usa_spending', 'ETL_financial_reports' retrieved from /opt/airflow/dags/financial_reports_dag.py
[2024-12-04T03:31:04.477+0000] {logging_mixin.py:190} INFO - [2024-12-04T03:31:04.476+0000] {dag.py:3239} INFO - Sync 4 DAGs
[2024-12-04T03:31:04.503+0000] {logging_mixin.py:190} INFO - [2024-12-04T03:31:04.503+0000] {dag.py:4180} INFO - Setting next_dagrun for ETL_financial_reports to 2024-12-03 00:00:00+00:00, run_after=2024-12-04 00:00:00+00:00
[2024-12-04T03:31:04.507+0000] {logging_mixin.py:190} INFO - [2024-12-04T03:31:04.507+0000] {dag.py:4180} INFO - Setting next_dagrun for ETL_history_reports to 2024-12-04 00:00:00+00:00, run_after=2024-12-05 00:00:00+00:00
[2024-12-04T03:31:04.509+0000] {logging_mixin.py:190} INFO - [2024-12-04T03:31:04.509+0000] {dag.py:4180} INFO - Setting next_dagrun for ETL_quarterly_performance_reports to 2024-12-03 00:00:00+00:00, run_after=2024-12-04 00:00:00+00:00
[2024-12-04T03:31:04.511+0000] {logging_mixin.py:190} INFO - [2024-12-04T03:31:04.511+0000] {dag.py:4180} INFO - Setting next_dagrun for ETL_usa_spending to 2024-12-03 00:00:00+00:00, run_after=2024-12-04 00:00:00+00:00
[2024-12-04T03:31:04.538+0000] {processor.py:208} INFO - Processing /opt/airflow/dags/financial_reports_dag.py took 1.633 seconds
[2024-12-04T03:31:34.948+0000] {processor.py:186} INFO - Started process (PID=69149) to work on /opt/airflow/dags/financial_reports_dag.py
[2024-12-04T03:31:34.950+0000] {processor.py:914} INFO - Processing file /opt/airflow/dags/financial_reports_dag.py for tasks to queue
[2024-12-04T03:31:34.954+0000] {logging_mixin.py:190} INFO - [2024-12-04T03:31:34.953+0000] {dagbag.py:588} INFO - Filling up the DagBag from /opt/airflow/dags/financial_reports_dag.py
[2024-12-04T03:31:36.507+0000] {processor.py:925} INFO - DAG(s) 'ETL_quarterly_performance_reports', 'ETL_history_reports', 'ETL_financial_reports', 'ETL_usa_spending' retrieved from /opt/airflow/dags/financial_reports_dag.py
[2024-12-04T03:31:36.684+0000] {logging_mixin.py:190} INFO - [2024-12-04T03:31:36.683+0000] {dag.py:3239} INFO - Sync 4 DAGs
[2024-12-04T03:31:36.710+0000] {logging_mixin.py:190} INFO - [2024-12-04T03:31:36.710+0000] {dag.py:4180} INFO - Setting next_dagrun for ETL_financial_reports to 2024-12-03 00:00:00+00:00, run_after=2024-12-04 00:00:00+00:00
[2024-12-04T03:31:36.714+0000] {logging_mixin.py:190} INFO - [2024-12-04T03:31:36.714+0000] {dag.py:4180} INFO - Setting next_dagrun for ETL_history_reports to 2024-12-04 00:00:00+00:00, run_after=2024-12-05 00:00:00+00:00
[2024-12-04T03:31:36.717+0000] {logging_mixin.py:190} INFO - [2024-12-04T03:31:36.717+0000] {dag.py:4180} INFO - Setting next_dagrun for ETL_quarterly_performance_reports to 2024-12-03 00:00:00+00:00, run_after=2024-12-04 00:00:00+00:00
[2024-12-04T03:31:36.719+0000] {logging_mixin.py:190} INFO - [2024-12-04T03:31:36.719+0000] {dag.py:4180} INFO - Setting next_dagrun for ETL_usa_spending to 2024-12-03 00:00:00+00:00, run_after=2024-12-04 00:00:00+00:00
[2024-12-04T03:31:36.742+0000] {processor.py:208} INFO - Processing /opt/airflow/dags/financial_reports_dag.py took 1.821 seconds
[2024-12-04T03:32:07.372+0000] {processor.py:186} INFO - Started process (PID=69179) to work on /opt/airflow/dags/financial_reports_dag.py
[2024-12-04T03:32:07.373+0000] {processor.py:914} INFO - Processing file /opt/airflow/dags/financial_reports_dag.py for tasks to queue
[2024-12-04T03:32:07.375+0000] {logging_mixin.py:190} INFO - [2024-12-04T03:32:07.375+0000] {dagbag.py:588} INFO - Filling up the DagBag from /opt/airflow/dags/financial_reports_dag.py
[2024-12-04T03:32:08.703+0000] {processor.py:925} INFO - DAG(s) 'ETL_quarterly_performance_reports', 'ETL_financial_reports', 'ETL_usa_spending', 'ETL_history_reports' retrieved from /opt/airflow/dags/financial_reports_dag.py
[2024-12-04T03:32:08.742+0000] {logging_mixin.py:190} INFO - [2024-12-04T03:32:08.741+0000] {dag.py:3239} INFO - Sync 4 DAGs
[2024-12-04T03:32:08.771+0000] {logging_mixin.py:190} INFO - [2024-12-04T03:32:08.771+0000] {dag.py:4180} INFO - Setting next_dagrun for ETL_financial_reports to 2024-12-03 00:00:00+00:00, run_after=2024-12-04 00:00:00+00:00
[2024-12-04T03:32:08.777+0000] {logging_mixin.py:190} INFO - [2024-12-04T03:32:08.776+0000] {dag.py:4180} INFO - Setting next_dagrun for ETL_history_reports to 2024-12-04 00:00:00+00:00, run_after=2024-12-05 00:00:00+00:00
[2024-12-04T03:32:08.779+0000] {logging_mixin.py:190} INFO - [2024-12-04T03:32:08.779+0000] {dag.py:4180} INFO - Setting next_dagrun for ETL_quarterly_performance_reports to 2024-12-03 00:00:00+00:00, run_after=2024-12-04 00:00:00+00:00
[2024-12-04T03:32:08.781+0000] {logging_mixin.py:190} INFO - [2024-12-04T03:32:08.781+0000] {dag.py:4180} INFO - Setting next_dagrun for ETL_usa_spending to 2024-12-03 00:00:00+00:00, run_after=2024-12-04 00:00:00+00:00
[2024-12-04T03:32:08.805+0000] {processor.py:208} INFO - Processing /opt/airflow/dags/financial_reports_dag.py took 1.450 seconds
[2024-12-04T03:32:38.985+0000] {processor.py:186} INFO - Started process (PID=69209) to work on /opt/airflow/dags/financial_reports_dag.py
[2024-12-04T03:32:38.986+0000] {processor.py:914} INFO - Processing file /opt/airflow/dags/financial_reports_dag.py for tasks to queue
[2024-12-04T03:32:38.988+0000] {logging_mixin.py:190} INFO - [2024-12-04T03:32:38.988+0000] {dagbag.py:588} INFO - Filling up the DagBag from /opt/airflow/dags/financial_reports_dag.py
[2024-12-04T03:32:40.356+0000] {processor.py:925} INFO - DAG(s) 'ETL_usa_spending', 'ETL_history_reports', 'ETL_quarterly_performance_reports', 'ETL_financial_reports' retrieved from /opt/airflow/dags/financial_reports_dag.py
[2024-12-04T03:32:40.555+0000] {logging_mixin.py:190} INFO - [2024-12-04T03:32:40.555+0000] {dag.py:3239} INFO - Sync 4 DAGs
[2024-12-04T03:32:40.714+0000] {logging_mixin.py:190} INFO - [2024-12-04T03:32:40.714+0000] {dag.py:4180} INFO - Setting next_dagrun for ETL_financial_reports to 2024-12-03 00:00:00+00:00, run_after=2024-12-04 00:00:00+00:00
[2024-12-04T03:32:40.719+0000] {logging_mixin.py:190} INFO - [2024-12-04T03:32:40.719+0000] {dag.py:4180} INFO - Setting next_dagrun for ETL_history_reports to 2024-12-04 00:00:00+00:00, run_after=2024-12-05 00:00:00+00:00
[2024-12-04T03:32:40.722+0000] {logging_mixin.py:190} INFO - [2024-12-04T03:32:40.721+0000] {dag.py:4180} INFO - Setting next_dagrun for ETL_quarterly_performance_reports to 2024-12-03 00:00:00+00:00, run_after=2024-12-04 00:00:00+00:00
[2024-12-04T03:32:40.724+0000] {logging_mixin.py:190} INFO - [2024-12-04T03:32:40.723+0000] {dag.py:4180} INFO - Setting next_dagrun for ETL_usa_spending to 2024-12-03 00:00:00+00:00, run_after=2024-12-04 00:00:00+00:00
[2024-12-04T03:32:40.748+0000] {processor.py:208} INFO - Processing /opt/airflow/dags/financial_reports_dag.py took 1.780 seconds
[2024-12-04T03:33:11.227+0000] {processor.py:186} INFO - Started process (PID=69239) to work on /opt/airflow/dags/financial_reports_dag.py
[2024-12-04T03:33:11.228+0000] {processor.py:914} INFO - Processing file /opt/airflow/dags/financial_reports_dag.py for tasks to queue
[2024-12-04T03:33:11.230+0000] {logging_mixin.py:190} INFO - [2024-12-04T03:33:11.230+0000] {dagbag.py:588} INFO - Filling up the DagBag from /opt/airflow/dags/financial_reports_dag.py
[2024-12-04T03:33:12.557+0000] {processor.py:925} INFO - DAG(s) 'ETL_quarterly_performance_reports', 'ETL_financial_reports', 'ETL_usa_spending', 'ETL_history_reports' retrieved from /opt/airflow/dags/financial_reports_dag.py
[2024-12-04T03:33:12.593+0000] {logging_mixin.py:190} INFO - [2024-12-04T03:33:12.592+0000] {dag.py:3239} INFO - Sync 4 DAGs
[2024-12-04T03:33:12.618+0000] {logging_mixin.py:190} INFO - [2024-12-04T03:33:12.618+0000] {dag.py:4180} INFO - Setting next_dagrun for ETL_financial_reports to 2024-12-03 00:00:00+00:00, run_after=2024-12-04 00:00:00+00:00
[2024-12-04T03:33:12.622+0000] {logging_mixin.py:190} INFO - [2024-12-04T03:33:12.622+0000] {dag.py:4180} INFO - Setting next_dagrun for ETL_history_reports to 2024-12-04 00:00:00+00:00, run_after=2024-12-05 00:00:00+00:00
[2024-12-04T03:33:12.624+0000] {logging_mixin.py:190} INFO - [2024-12-04T03:33:12.624+0000] {dag.py:4180} INFO - Setting next_dagrun for ETL_quarterly_performance_reports to 2024-12-03 00:00:00+00:00, run_after=2024-12-04 00:00:00+00:00
[2024-12-04T03:33:12.626+0000] {logging_mixin.py:190} INFO - [2024-12-04T03:33:12.626+0000] {dag.py:4180} INFO - Setting next_dagrun for ETL_usa_spending to 2024-12-03 00:00:00+00:00, run_after=2024-12-04 00:00:00+00:00
[2024-12-04T03:33:12.647+0000] {processor.py:208} INFO - Processing /opt/airflow/dags/financial_reports_dag.py took 1.438 seconds
[2024-12-04T03:33:43.158+0000] {processor.py:186} INFO - Started process (PID=69269) to work on /opt/airflow/dags/financial_reports_dag.py
[2024-12-04T03:33:43.160+0000] {processor.py:914} INFO - Processing file /opt/airflow/dags/financial_reports_dag.py for tasks to queue
[2024-12-04T03:33:43.162+0000] {logging_mixin.py:190} INFO - [2024-12-04T03:33:43.161+0000] {dagbag.py:588} INFO - Filling up the DagBag from /opt/airflow/dags/financial_reports_dag.py
[2024-12-04T03:33:44.544+0000] {processor.py:925} INFO - DAG(s) 'ETL_quarterly_performance_reports', 'ETL_usa_spending', 'ETL_history_reports', 'ETL_financial_reports' retrieved from /opt/airflow/dags/financial_reports_dag.py
[2024-12-04T03:33:44.704+0000] {logging_mixin.py:190} INFO - [2024-12-04T03:33:44.704+0000] {dag.py:3239} INFO - Sync 4 DAGs
[2024-12-04T03:33:44.729+0000] {logging_mixin.py:190} INFO - [2024-12-04T03:33:44.729+0000] {dag.py:4180} INFO - Setting next_dagrun for ETL_financial_reports to 2024-12-03 00:00:00+00:00, run_after=2024-12-04 00:00:00+00:00
[2024-12-04T03:33:44.733+0000] {logging_mixin.py:190} INFO - [2024-12-04T03:33:44.733+0000] {dag.py:4180} INFO - Setting next_dagrun for ETL_history_reports to 2024-12-04 00:00:00+00:00, run_after=2024-12-05 00:00:00+00:00
[2024-12-04T03:33:44.735+0000] {logging_mixin.py:190} INFO - [2024-12-04T03:33:44.735+0000] {dag.py:4180} INFO - Setting next_dagrun for ETL_quarterly_performance_reports to 2024-12-03 00:00:00+00:00, run_after=2024-12-04 00:00:00+00:00
[2024-12-04T03:33:44.737+0000] {logging_mixin.py:190} INFO - [2024-12-04T03:33:44.737+0000] {dag.py:4180} INFO - Setting next_dagrun for ETL_usa_spending to 2024-12-03 00:00:00+00:00, run_after=2024-12-04 00:00:00+00:00
[2024-12-04T03:33:44.760+0000] {processor.py:208} INFO - Processing /opt/airflow/dags/financial_reports_dag.py took 1.622 seconds
[2024-12-04T03:34:15.123+0000] {processor.py:186} INFO - Started process (PID=69299) to work on /opt/airflow/dags/financial_reports_dag.py
[2024-12-04T03:34:15.124+0000] {processor.py:914} INFO - Processing file /opt/airflow/dags/financial_reports_dag.py for tasks to queue
[2024-12-04T03:34:15.126+0000] {logging_mixin.py:190} INFO - [2024-12-04T03:34:15.126+0000] {dagbag.py:588} INFO - Filling up the DagBag from /opt/airflow/dags/financial_reports_dag.py
[2024-12-04T03:34:16.457+0000] {processor.py:925} INFO - DAG(s) 'ETL_usa_spending', 'ETL_quarterly_performance_reports', 'ETL_history_reports', 'ETL_financial_reports' retrieved from /opt/airflow/dags/financial_reports_dag.py
[2024-12-04T03:34:16.631+0000] {logging_mixin.py:190} INFO - [2024-12-04T03:34:16.631+0000] {dag.py:3239} INFO - Sync 4 DAGs
[2024-12-04T03:34:16.655+0000] {logging_mixin.py:190} INFO - [2024-12-04T03:34:16.655+0000] {dag.py:4180} INFO - Setting next_dagrun for ETL_financial_reports to 2024-12-03 00:00:00+00:00, run_after=2024-12-04 00:00:00+00:00
[2024-12-04T03:34:16.659+0000] {logging_mixin.py:190} INFO - [2024-12-04T03:34:16.659+0000] {dag.py:4180} INFO - Setting next_dagrun for ETL_history_reports to 2024-12-04 00:00:00+00:00, run_after=2024-12-05 00:00:00+00:00
[2024-12-04T03:34:16.661+0000] {logging_mixin.py:190} INFO - [2024-12-04T03:34:16.661+0000] {dag.py:4180} INFO - Setting next_dagrun for ETL_quarterly_performance_reports to 2024-12-03 00:00:00+00:00, run_after=2024-12-04 00:00:00+00:00
[2024-12-04T03:34:16.663+0000] {logging_mixin.py:190} INFO - [2024-12-04T03:34:16.663+0000] {dag.py:4180} INFO - Setting next_dagrun for ETL_usa_spending to 2024-12-03 00:00:00+00:00, run_after=2024-12-04 00:00:00+00:00
[2024-12-04T03:34:16.687+0000] {processor.py:208} INFO - Processing /opt/airflow/dags/financial_reports_dag.py took 1.583 seconds
[2024-12-04T03:34:46.859+0000] {processor.py:186} INFO - Started process (PID=69329) to work on /opt/airflow/dags/financial_reports_dag.py
[2024-12-04T03:34:46.860+0000] {processor.py:914} INFO - Processing file /opt/airflow/dags/financial_reports_dag.py for tasks to queue
[2024-12-04T03:34:46.862+0000] {logging_mixin.py:190} INFO - [2024-12-04T03:34:46.861+0000] {dagbag.py:588} INFO - Filling up the DagBag from /opt/airflow/dags/financial_reports_dag.py
[2024-12-04T03:34:48.133+0000] {processor.py:925} INFO - DAG(s) 'ETL_financial_reports', 'ETL_history_reports', 'ETL_usa_spending', 'ETL_quarterly_performance_reports' retrieved from /opt/airflow/dags/financial_reports_dag.py
[2024-12-04T03:34:48.306+0000] {logging_mixin.py:190} INFO - [2024-12-04T03:34:48.306+0000] {dag.py:3239} INFO - Sync 4 DAGs
[2024-12-04T03:34:48.334+0000] {logging_mixin.py:190} INFO - [2024-12-04T03:34:48.334+0000] {dag.py:4180} INFO - Setting next_dagrun for ETL_financial_reports to 2024-12-03 00:00:00+00:00, run_after=2024-12-04 00:00:00+00:00
[2024-12-04T03:34:48.339+0000] {logging_mixin.py:190} INFO - [2024-12-04T03:34:48.338+0000] {dag.py:4180} INFO - Setting next_dagrun for ETL_history_reports to 2024-12-04 00:00:00+00:00, run_after=2024-12-05 00:00:00+00:00
[2024-12-04T03:34:48.341+0000] {logging_mixin.py:190} INFO - [2024-12-04T03:34:48.341+0000] {dag.py:4180} INFO - Setting next_dagrun for ETL_quarterly_performance_reports to 2024-12-03 00:00:00+00:00, run_after=2024-12-04 00:00:00+00:00
[2024-12-04T03:34:48.343+0000] {logging_mixin.py:190} INFO - [2024-12-04T03:34:48.343+0000] {dag.py:4180} INFO - Setting next_dagrun for ETL_usa_spending to 2024-12-03 00:00:00+00:00, run_after=2024-12-04 00:00:00+00:00
[2024-12-04T03:34:48.370+0000] {processor.py:208} INFO - Processing /opt/airflow/dags/financial_reports_dag.py took 1.527 seconds
[2024-12-04T03:35:18.698+0000] {processor.py:186} INFO - Started process (PID=69359) to work on /opt/airflow/dags/financial_reports_dag.py
[2024-12-04T03:35:18.699+0000] {processor.py:914} INFO - Processing file /opt/airflow/dags/financial_reports_dag.py for tasks to queue
[2024-12-04T03:35:18.703+0000] {logging_mixin.py:190} INFO - [2024-12-04T03:35:18.702+0000] {dagbag.py:588} INFO - Filling up the DagBag from /opt/airflow/dags/financial_reports_dag.py
[2024-12-04T03:35:20.036+0000] {processor.py:925} INFO - DAG(s) 'ETL_quarterly_performance_reports', 'ETL_usa_spending', 'ETL_financial_reports', 'ETL_history_reports' retrieved from /opt/airflow/dags/financial_reports_dag.py
[2024-12-04T03:35:20.086+0000] {logging_mixin.py:190} INFO - [2024-12-04T03:35:20.085+0000] {dag.py:3239} INFO - Sync 4 DAGs
[2024-12-04T03:35:20.125+0000] {logging_mixin.py:190} INFO - [2024-12-04T03:35:20.124+0000] {dag.py:4180} INFO - Setting next_dagrun for ETL_financial_reports to 2024-12-03 00:00:00+00:00, run_after=2024-12-04 00:00:00+00:00
[2024-12-04T03:35:20.131+0000] {logging_mixin.py:190} INFO - [2024-12-04T03:35:20.131+0000] {dag.py:4180} INFO - Setting next_dagrun for ETL_history_reports to 2024-12-04 00:00:00+00:00, run_after=2024-12-05 00:00:00+00:00
[2024-12-04T03:35:20.134+0000] {logging_mixin.py:190} INFO - [2024-12-04T03:35:20.133+0000] {dag.py:4180} INFO - Setting next_dagrun for ETL_quarterly_performance_reports to 2024-12-03 00:00:00+00:00, run_after=2024-12-04 00:00:00+00:00
[2024-12-04T03:35:20.137+0000] {logging_mixin.py:190} INFO - [2024-12-04T03:35:20.136+0000] {dag.py:4180} INFO - Setting next_dagrun for ETL_usa_spending to 2024-12-03 00:00:00+00:00, run_after=2024-12-04 00:00:00+00:00
[2024-12-04T03:35:20.170+0000] {processor.py:208} INFO - Processing /opt/airflow/dags/financial_reports_dag.py took 1.492 seconds
[2024-12-04T03:35:50.444+0000] {processor.py:186} INFO - Started process (PID=69386) to work on /opt/airflow/dags/financial_reports_dag.py
[2024-12-04T03:35:50.446+0000] {processor.py:914} INFO - Processing file /opt/airflow/dags/financial_reports_dag.py for tasks to queue
[2024-12-04T03:35:50.448+0000] {logging_mixin.py:190} INFO - [2024-12-04T03:35:50.448+0000] {dagbag.py:588} INFO - Filling up the DagBag from /opt/airflow/dags/financial_reports_dag.py
[2024-12-04T03:35:51.758+0000] {processor.py:925} INFO - DAG(s) 'ETL_financial_reports', 'ETL_quarterly_performance_reports', 'ETL_history_reports', 'ETL_usa_spending' retrieved from /opt/airflow/dags/financial_reports_dag.py
[2024-12-04T03:35:52.136+0000] {logging_mixin.py:190} INFO - [2024-12-04T03:35:52.135+0000] {dag.py:3239} INFO - Sync 4 DAGs
[2024-12-04T03:35:52.167+0000] {logging_mixin.py:190} INFO - [2024-12-04T03:35:52.166+0000] {dag.py:4180} INFO - Setting next_dagrun for ETL_financial_reports to 2024-12-03 00:00:00+00:00, run_after=2024-12-04 00:00:00+00:00
[2024-12-04T03:35:52.173+0000] {logging_mixin.py:190} INFO - [2024-12-04T03:35:52.173+0000] {dag.py:4180} INFO - Setting next_dagrun for ETL_history_reports to 2024-12-04 00:00:00+00:00, run_after=2024-12-05 00:00:00+00:00
[2024-12-04T03:35:52.176+0000] {logging_mixin.py:190} INFO - [2024-12-04T03:35:52.176+0000] {dag.py:4180} INFO - Setting next_dagrun for ETL_quarterly_performance_reports to 2024-12-03 00:00:00+00:00, run_after=2024-12-04 00:00:00+00:00
[2024-12-04T03:35:52.179+0000] {logging_mixin.py:190} INFO - [2024-12-04T03:35:52.179+0000] {dag.py:4180} INFO - Setting next_dagrun for ETL_usa_spending to 2024-12-03 00:00:00+00:00, run_after=2024-12-04 00:00:00+00:00
[2024-12-04T03:35:52.207+0000] {processor.py:208} INFO - Processing /opt/airflow/dags/financial_reports_dag.py took 1.783 seconds
[2024-12-04T03:36:22.612+0000] {processor.py:186} INFO - Started process (PID=69419) to work on /opt/airflow/dags/financial_reports_dag.py
[2024-12-04T03:36:22.614+0000] {processor.py:914} INFO - Processing file /opt/airflow/dags/financial_reports_dag.py for tasks to queue
[2024-12-04T03:36:22.616+0000] {logging_mixin.py:190} INFO - [2024-12-04T03:36:22.616+0000] {dagbag.py:588} INFO - Filling up the DagBag from /opt/airflow/dags/financial_reports_dag.py
[2024-12-04T03:36:24.586+0000] {processor.py:925} INFO - DAG(s) 'ETL_usa_spending', 'ETL_quarterly_performance_reports', 'ETL_financial_reports', 'ETL_history_reports' retrieved from /opt/airflow/dags/financial_reports_dag.py
[2024-12-04T03:36:24.634+0000] {logging_mixin.py:190} INFO - [2024-12-04T03:36:24.633+0000] {dag.py:3239} INFO - Sync 4 DAGs
[2024-12-04T03:36:24.663+0000] {logging_mixin.py:190} INFO - [2024-12-04T03:36:24.663+0000] {dag.py:4180} INFO - Setting next_dagrun for ETL_financial_reports to 2024-12-03 00:00:00+00:00, run_after=2024-12-04 00:00:00+00:00
[2024-12-04T03:36:24.668+0000] {logging_mixin.py:190} INFO - [2024-12-04T03:36:24.667+0000] {dag.py:4180} INFO - Setting next_dagrun for ETL_history_reports to 2024-12-04 00:00:00+00:00, run_after=2024-12-05 00:00:00+00:00
[2024-12-04T03:36:24.670+0000] {logging_mixin.py:190} INFO - [2024-12-04T03:36:24.670+0000] {dag.py:4180} INFO - Setting next_dagrun for ETL_quarterly_performance_reports to 2024-12-03 00:00:00+00:00, run_after=2024-12-04 00:00:00+00:00
[2024-12-04T03:36:24.673+0000] {logging_mixin.py:190} INFO - [2024-12-04T03:36:24.672+0000] {dag.py:4180} INFO - Setting next_dagrun for ETL_usa_spending to 2024-12-03 00:00:00+00:00, run_after=2024-12-04 00:00:00+00:00
[2024-12-04T03:36:24.696+0000] {processor.py:208} INFO - Processing /opt/airflow/dags/financial_reports_dag.py took 2.109 seconds
[2024-12-04T03:36:55.164+0000] {processor.py:186} INFO - Started process (PID=69449) to work on /opt/airflow/dags/financial_reports_dag.py
[2024-12-04T03:36:55.165+0000] {processor.py:914} INFO - Processing file /opt/airflow/dags/financial_reports_dag.py for tasks to queue
[2024-12-04T03:36:55.168+0000] {logging_mixin.py:190} INFO - [2024-12-04T03:36:55.167+0000] {dagbag.py:588} INFO - Filling up the DagBag from /opt/airflow/dags/financial_reports_dag.py
[2024-12-04T03:36:56.493+0000] {processor.py:925} INFO - DAG(s) 'ETL_financial_reports', 'ETL_usa_spending', 'ETL_quarterly_performance_reports', 'ETL_history_reports' retrieved from /opt/airflow/dags/financial_reports_dag.py
[2024-12-04T03:36:56.622+0000] {logging_mixin.py:190} INFO - [2024-12-04T03:36:56.622+0000] {dag.py:3239} INFO - Sync 4 DAGs
[2024-12-04T03:36:56.646+0000] {logging_mixin.py:190} INFO - [2024-12-04T03:36:56.645+0000] {dag.py:4180} INFO - Setting next_dagrun for ETL_financial_reports to 2024-12-03 00:00:00+00:00, run_after=2024-12-04 00:00:00+00:00
[2024-12-04T03:36:56.649+0000] {logging_mixin.py:190} INFO - [2024-12-04T03:36:56.649+0000] {dag.py:4180} INFO - Setting next_dagrun for ETL_history_reports to 2024-12-04 00:00:00+00:00, run_after=2024-12-05 00:00:00+00:00
[2024-12-04T03:36:56.651+0000] {logging_mixin.py:190} INFO - [2024-12-04T03:36:56.651+0000] {dag.py:4180} INFO - Setting next_dagrun for ETL_quarterly_performance_reports to 2024-12-03 00:00:00+00:00, run_after=2024-12-04 00:00:00+00:00
[2024-12-04T03:36:56.653+0000] {logging_mixin.py:190} INFO - [2024-12-04T03:36:56.653+0000] {dag.py:4180} INFO - Setting next_dagrun for ETL_usa_spending to 2024-12-03 00:00:00+00:00, run_after=2024-12-04 00:00:00+00:00
[2024-12-04T03:36:56.676+0000] {processor.py:208} INFO - Processing /opt/airflow/dags/financial_reports_dag.py took 1.530 seconds
[2024-12-04T03:37:27.371+0000] {processor.py:186} INFO - Started process (PID=69485) to work on /opt/airflow/dags/financial_reports_dag.py
[2024-12-04T03:37:27.372+0000] {processor.py:914} INFO - Processing file /opt/airflow/dags/financial_reports_dag.py for tasks to queue
[2024-12-04T03:37:27.375+0000] {logging_mixin.py:190} INFO - [2024-12-04T03:37:27.374+0000] {dagbag.py:588} INFO - Filling up the DagBag from /opt/airflow/dags/financial_reports_dag.py
[2024-12-04T03:37:28.662+0000] {processor.py:925} INFO - DAG(s) 'ETL_financial_reports', 'ETL_history_reports', 'ETL_usa_spending', 'ETL_quarterly_performance_reports' retrieved from /opt/airflow/dags/financial_reports_dag.py
[2024-12-04T03:37:28.828+0000] {logging_mixin.py:190} INFO - [2024-12-04T03:37:28.827+0000] {dag.py:3239} INFO - Sync 4 DAGs
[2024-12-04T03:37:28.853+0000] {logging_mixin.py:190} INFO - [2024-12-04T03:37:28.853+0000] {dag.py:4180} INFO - Setting next_dagrun for ETL_financial_reports to 2024-12-03 00:00:00+00:00, run_after=2024-12-04 00:00:00+00:00
[2024-12-04T03:37:28.982+0000] {logging_mixin.py:190} INFO - [2024-12-04T03:37:28.982+0000] {dag.py:4180} INFO - Setting next_dagrun for ETL_history_reports to 2024-12-04 00:00:00+00:00, run_after=2024-12-05 00:00:00+00:00
[2024-12-04T03:37:28.984+0000] {logging_mixin.py:190} INFO - [2024-12-04T03:37:28.984+0000] {dag.py:4180} INFO - Setting next_dagrun for ETL_quarterly_performance_reports to 2024-12-03 00:00:00+00:00, run_after=2024-12-04 00:00:00+00:00
[2024-12-04T03:37:28.987+0000] {logging_mixin.py:190} INFO - [2024-12-04T03:37:28.987+0000] {dag.py:4180} INFO - Setting next_dagrun for ETL_usa_spending to 2024-12-03 00:00:00+00:00, run_after=2024-12-04 00:00:00+00:00
[2024-12-04T03:37:29.015+0000] {processor.py:208} INFO - Processing /opt/airflow/dags/financial_reports_dag.py took 1.664 seconds
[2024-12-04T03:37:59.663+0000] {processor.py:186} INFO - Started process (PID=69515) to work on /opt/airflow/dags/financial_reports_dag.py
[2024-12-04T03:37:59.665+0000] {processor.py:914} INFO - Processing file /opt/airflow/dags/financial_reports_dag.py for tasks to queue
[2024-12-04T03:37:59.669+0000] {logging_mixin.py:190} INFO - [2024-12-04T03:37:59.667+0000] {dagbag.py:588} INFO - Filling up the DagBag from /opt/airflow/dags/financial_reports_dag.py
[2024-12-04T03:38:01.655+0000] {processor.py:925} INFO - DAG(s) 'ETL_financial_reports', 'ETL_history_reports', 'ETL_quarterly_performance_reports', 'ETL_usa_spending' retrieved from /opt/airflow/dags/financial_reports_dag.py
[2024-12-04T03:38:01.807+0000] {logging_mixin.py:190} INFO - [2024-12-04T03:38:01.807+0000] {dag.py:3239} INFO - Sync 4 DAGs
[2024-12-04T03:38:02.029+0000] {logging_mixin.py:190} INFO - [2024-12-04T03:38:02.029+0000] {dag.py:4180} INFO - Setting next_dagrun for ETL_financial_reports to 2024-12-03 00:00:00+00:00, run_after=2024-12-04 00:00:00+00:00
[2024-12-04T03:38:02.034+0000] {logging_mixin.py:190} INFO - [2024-12-04T03:38:02.033+0000] {dag.py:4180} INFO - Setting next_dagrun for ETL_history_reports to 2024-12-04 00:00:00+00:00, run_after=2024-12-05 00:00:00+00:00
[2024-12-04T03:38:02.036+0000] {logging_mixin.py:190} INFO - [2024-12-04T03:38:02.036+0000] {dag.py:4180} INFO - Setting next_dagrun for ETL_quarterly_performance_reports to 2024-12-03 00:00:00+00:00, run_after=2024-12-04 00:00:00+00:00
[2024-12-04T03:38:02.038+0000] {logging_mixin.py:190} INFO - [2024-12-04T03:38:02.038+0000] {dag.py:4180} INFO - Setting next_dagrun for ETL_usa_spending to 2024-12-03 00:00:00+00:00, run_after=2024-12-04 00:00:00+00:00
[2024-12-04T03:38:02.060+0000] {processor.py:208} INFO - Processing /opt/airflow/dags/financial_reports_dag.py took 2.422 seconds
[2024-12-04T03:38:32.749+0000] {processor.py:186} INFO - Started process (PID=69545) to work on /opt/airflow/dags/financial_reports_dag.py
[2024-12-04T03:38:32.752+0000] {processor.py:914} INFO - Processing file /opt/airflow/dags/financial_reports_dag.py for tasks to queue
[2024-12-04T03:38:32.755+0000] {logging_mixin.py:190} INFO - [2024-12-04T03:38:32.754+0000] {dagbag.py:588} INFO - Filling up the DagBag from /opt/airflow/dags/financial_reports_dag.py
[2024-12-04T03:38:34.472+0000] {processor.py:925} INFO - DAG(s) 'ETL_history_reports', 'ETL_quarterly_performance_reports', 'ETL_usa_spending', 'ETL_financial_reports' retrieved from /opt/airflow/dags/financial_reports_dag.py
[2024-12-04T03:38:34.510+0000] {logging_mixin.py:190} INFO - [2024-12-04T03:38:34.510+0000] {dag.py:3239} INFO - Sync 4 DAGs
[2024-12-04T03:38:34.538+0000] {logging_mixin.py:190} INFO - [2024-12-04T03:38:34.538+0000] {dag.py:4180} INFO - Setting next_dagrun for ETL_financial_reports to 2024-12-03 00:00:00+00:00, run_after=2024-12-04 00:00:00+00:00
[2024-12-04T03:38:34.543+0000] {logging_mixin.py:190} INFO - [2024-12-04T03:38:34.543+0000] {dag.py:4180} INFO - Setting next_dagrun for ETL_history_reports to 2024-12-04 00:00:00+00:00, run_after=2024-12-05 00:00:00+00:00
[2024-12-04T03:38:34.546+0000] {logging_mixin.py:190} INFO - [2024-12-04T03:38:34.545+0000] {dag.py:4180} INFO - Setting next_dagrun for ETL_quarterly_performance_reports to 2024-12-03 00:00:00+00:00, run_after=2024-12-04 00:00:00+00:00
[2024-12-04T03:38:34.548+0000] {logging_mixin.py:190} INFO - [2024-12-04T03:38:34.547+0000] {dag.py:4180} INFO - Setting next_dagrun for ETL_usa_spending to 2024-12-03 00:00:00+00:00, run_after=2024-12-04 00:00:00+00:00
[2024-12-04T03:38:34.574+0000] {processor.py:208} INFO - Processing /opt/airflow/dags/financial_reports_dag.py took 1.856 seconds
[2024-12-04T03:39:05.405+0000] {processor.py:186} INFO - Started process (PID=69575) to work on /opt/airflow/dags/financial_reports_dag.py
[2024-12-04T03:39:05.407+0000] {processor.py:914} INFO - Processing file /opt/airflow/dags/financial_reports_dag.py for tasks to queue
[2024-12-04T03:39:05.409+0000] {logging_mixin.py:190} INFO - [2024-12-04T03:39:05.408+0000] {dagbag.py:588} INFO - Filling up the DagBag from /opt/airflow/dags/financial_reports_dag.py
[2024-12-04T03:39:06.588+0000] {processor.py:925} INFO - DAG(s) 'ETL_history_reports', 'ETL_quarterly_performance_reports', 'ETL_usa_spending', 'ETL_financial_reports' retrieved from /opt/airflow/dags/financial_reports_dag.py
[2024-12-04T03:39:06.778+0000] {logging_mixin.py:190} INFO - [2024-12-04T03:39:06.777+0000] {dag.py:3239} INFO - Sync 4 DAGs
[2024-12-04T03:39:06.802+0000] {logging_mixin.py:190} INFO - [2024-12-04T03:39:06.802+0000] {dag.py:4180} INFO - Setting next_dagrun for ETL_financial_reports to 2024-12-03 00:00:00+00:00, run_after=2024-12-04 00:00:00+00:00
[2024-12-04T03:39:06.806+0000] {logging_mixin.py:190} INFO - [2024-12-04T03:39:06.806+0000] {dag.py:4180} INFO - Setting next_dagrun for ETL_history_reports to 2024-12-04 00:00:00+00:00, run_after=2024-12-05 00:00:00+00:00
[2024-12-04T03:39:06.808+0000] {logging_mixin.py:190} INFO - [2024-12-04T03:39:06.808+0000] {dag.py:4180} INFO - Setting next_dagrun for ETL_quarterly_performance_reports to 2024-12-03 00:00:00+00:00, run_after=2024-12-04 00:00:00+00:00
[2024-12-04T03:39:06.810+0000] {logging_mixin.py:190} INFO - [2024-12-04T03:39:06.810+0000] {dag.py:4180} INFO - Setting next_dagrun for ETL_usa_spending to 2024-12-03 00:00:00+00:00, run_after=2024-12-04 00:00:00+00:00
[2024-12-04T03:39:06.833+0000] {processor.py:208} INFO - Processing /opt/airflow/dags/financial_reports_dag.py took 1.444 seconds
[2024-12-04T03:39:37.261+0000] {processor.py:186} INFO - Started process (PID=69605) to work on /opt/airflow/dags/financial_reports_dag.py
[2024-12-04T03:39:37.262+0000] {processor.py:914} INFO - Processing file /opt/airflow/dags/financial_reports_dag.py for tasks to queue
[2024-12-04T03:39:37.264+0000] {logging_mixin.py:190} INFO - [2024-12-04T03:39:37.264+0000] {dagbag.py:588} INFO - Filling up the DagBag from /opt/airflow/dags/financial_reports_dag.py
[2024-12-04T03:39:38.477+0000] {processor.py:925} INFO - DAG(s) 'ETL_history_reports', 'ETL_usa_spending', 'ETL_financial_reports', 'ETL_quarterly_performance_reports' retrieved from /opt/airflow/dags/financial_reports_dag.py
[2024-12-04T03:39:38.515+0000] {logging_mixin.py:190} INFO - [2024-12-04T03:39:38.514+0000] {dag.py:3239} INFO - Sync 4 DAGs
[2024-12-04T03:39:38.560+0000] {logging_mixin.py:190} INFO - [2024-12-04T03:39:38.560+0000] {dag.py:4180} INFO - Setting next_dagrun for ETL_financial_reports to 2024-12-03 00:00:00+00:00, run_after=2024-12-04 00:00:00+00:00
[2024-12-04T03:39:38.565+0000] {logging_mixin.py:190} INFO - [2024-12-04T03:39:38.564+0000] {dag.py:4180} INFO - Setting next_dagrun for ETL_history_reports to 2024-12-04 00:00:00+00:00, run_after=2024-12-05 00:00:00+00:00
[2024-12-04T03:39:38.566+0000] {logging_mixin.py:190} INFO - [2024-12-04T03:39:38.566+0000] {dag.py:4180} INFO - Setting next_dagrun for ETL_quarterly_performance_reports to 2024-12-03 00:00:00+00:00, run_after=2024-12-04 00:00:00+00:00
[2024-12-04T03:39:38.568+0000] {logging_mixin.py:190} INFO - [2024-12-04T03:39:38.568+0000] {dag.py:4180} INFO - Setting next_dagrun for ETL_usa_spending to 2024-12-03 00:00:00+00:00, run_after=2024-12-04 00:00:00+00:00
[2024-12-04T03:39:38.590+0000] {processor.py:208} INFO - Processing /opt/airflow/dags/financial_reports_dag.py took 1.349 seconds
[2024-12-04T03:40:09.164+0000] {processor.py:186} INFO - Started process (PID=69635) to work on /opt/airflow/dags/financial_reports_dag.py
[2024-12-04T03:40:09.166+0000] {processor.py:914} INFO - Processing file /opt/airflow/dags/financial_reports_dag.py for tasks to queue
[2024-12-04T03:40:09.169+0000] {logging_mixin.py:190} INFO - [2024-12-04T03:40:09.168+0000] {dagbag.py:588} INFO - Filling up the DagBag from /opt/airflow/dags/financial_reports_dag.py
[2024-12-04T03:40:10.864+0000] {processor.py:925} INFO - DAG(s) 'ETL_quarterly_performance_reports', 'ETL_usa_spending', 'ETL_financial_reports', 'ETL_history_reports' retrieved from /opt/airflow/dags/financial_reports_dag.py
[2024-12-04T03:40:11.035+0000] {logging_mixin.py:190} INFO - [2024-12-04T03:40:11.035+0000] {dag.py:3239} INFO - Sync 4 DAGs
[2024-12-04T03:40:11.075+0000] {logging_mixin.py:190} INFO - [2024-12-04T03:40:11.074+0000] {dag.py:4180} INFO - Setting next_dagrun for ETL_financial_reports to 2024-12-03 00:00:00+00:00, run_after=2024-12-04 00:00:00+00:00
[2024-12-04T03:40:11.079+0000] {logging_mixin.py:190} INFO - [2024-12-04T03:40:11.079+0000] {dag.py:4180} INFO - Setting next_dagrun for ETL_history_reports to 2024-12-04 00:00:00+00:00, run_after=2024-12-05 00:00:00+00:00
[2024-12-04T03:40:11.082+0000] {logging_mixin.py:190} INFO - [2024-12-04T03:40:11.082+0000] {dag.py:4180} INFO - Setting next_dagrun for ETL_quarterly_performance_reports to 2024-12-03 00:00:00+00:00, run_after=2024-12-04 00:00:00+00:00
[2024-12-04T03:40:11.084+0000] {logging_mixin.py:190} INFO - [2024-12-04T03:40:11.084+0000] {dag.py:4180} INFO - Setting next_dagrun for ETL_usa_spending to 2024-12-03 00:00:00+00:00, run_after=2024-12-04 00:00:00+00:00
[2024-12-04T03:40:11.266+0000] {processor.py:208} INFO - Processing /opt/airflow/dags/financial_reports_dag.py took 2.122 seconds
[2024-12-04T03:40:41.445+0000] {processor.py:186} INFO - Started process (PID=69665) to work on /opt/airflow/dags/financial_reports_dag.py
[2024-12-04T03:40:41.446+0000] {processor.py:914} INFO - Processing file /opt/airflow/dags/financial_reports_dag.py for tasks to queue
[2024-12-04T03:40:41.448+0000] {logging_mixin.py:190} INFO - [2024-12-04T03:40:41.448+0000] {dagbag.py:588} INFO - Filling up the DagBag from /opt/airflow/dags/financial_reports_dag.py
[2024-12-04T03:40:42.634+0000] {processor.py:925} INFO - DAG(s) 'ETL_history_reports', 'ETL_usa_spending', 'ETL_financial_reports', 'ETL_quarterly_performance_reports' retrieved from /opt/airflow/dags/financial_reports_dag.py
[2024-12-04T03:40:42.819+0000] {logging_mixin.py:190} INFO - [2024-12-04T03:40:42.819+0000] {dag.py:3239} INFO - Sync 4 DAGs
[2024-12-04T03:40:42.969+0000] {logging_mixin.py:190} INFO - [2024-12-04T03:40:42.969+0000] {dag.py:4180} INFO - Setting next_dagrun for ETL_financial_reports to 2024-12-03 00:00:00+00:00, run_after=2024-12-04 00:00:00+00:00
[2024-12-04T03:40:42.974+0000] {logging_mixin.py:190} INFO - [2024-12-04T03:40:42.973+0000] {dag.py:4180} INFO - Setting next_dagrun for ETL_history_reports to 2024-12-04 00:00:00+00:00, run_after=2024-12-05 00:00:00+00:00
[2024-12-04T03:40:42.976+0000] {logging_mixin.py:190} INFO - [2024-12-04T03:40:42.975+0000] {dag.py:4180} INFO - Setting next_dagrun for ETL_quarterly_performance_reports to 2024-12-03 00:00:00+00:00, run_after=2024-12-04 00:00:00+00:00
[2024-12-04T03:40:42.978+0000] {logging_mixin.py:190} INFO - [2024-12-04T03:40:42.977+0000] {dag.py:4180} INFO - Setting next_dagrun for ETL_usa_spending to 2024-12-03 00:00:00+00:00, run_after=2024-12-04 00:00:00+00:00
[2024-12-04T03:40:43.002+0000] {processor.py:208} INFO - Processing /opt/airflow/dags/financial_reports_dag.py took 1.570 seconds
[2024-12-04T03:41:13.654+0000] {processor.py:186} INFO - Started process (PID=69695) to work on /opt/airflow/dags/financial_reports_dag.py
[2024-12-04T03:41:13.655+0000] {processor.py:914} INFO - Processing file /opt/airflow/dags/financial_reports_dag.py for tasks to queue
[2024-12-04T03:41:13.657+0000] {logging_mixin.py:190} INFO - [2024-12-04T03:41:13.656+0000] {dagbag.py:588} INFO - Filling up the DagBag from /opt/airflow/dags/financial_reports_dag.py
[2024-12-04T03:41:14.910+0000] {processor.py:925} INFO - DAG(s) 'ETL_quarterly_performance_reports', 'ETL_history_reports', 'ETL_financial_reports', 'ETL_usa_spending' retrieved from /opt/airflow/dags/financial_reports_dag.py
[2024-12-04T03:41:15.185+0000] {logging_mixin.py:190} INFO - [2024-12-04T03:41:15.185+0000] {dag.py:3239} INFO - Sync 4 DAGs
[2024-12-04T03:41:15.208+0000] {logging_mixin.py:190} INFO - [2024-12-04T03:41:15.208+0000] {dag.py:4180} INFO - Setting next_dagrun for ETL_financial_reports to 2024-12-03 00:00:00+00:00, run_after=2024-12-04 00:00:00+00:00
[2024-12-04T03:41:15.212+0000] {logging_mixin.py:190} INFO - [2024-12-04T03:41:15.212+0000] {dag.py:4180} INFO - Setting next_dagrun for ETL_history_reports to 2024-12-04 00:00:00+00:00, run_after=2024-12-05 00:00:00+00:00
[2024-12-04T03:41:15.214+0000] {logging_mixin.py:190} INFO - [2024-12-04T03:41:15.214+0000] {dag.py:4180} INFO - Setting next_dagrun for ETL_quarterly_performance_reports to 2024-12-03 00:00:00+00:00, run_after=2024-12-04 00:00:00+00:00
[2024-12-04T03:41:15.216+0000] {logging_mixin.py:190} INFO - [2024-12-04T03:41:15.215+0000] {dag.py:4180} INFO - Setting next_dagrun for ETL_usa_spending to 2024-12-03 00:00:00+00:00, run_after=2024-12-04 00:00:00+00:00
[2024-12-04T03:41:15.234+0000] {processor.py:208} INFO - Processing /opt/airflow/dags/financial_reports_dag.py took 1.597 seconds
[2024-12-04T03:41:45.525+0000] {processor.py:186} INFO - Started process (PID=69725) to work on /opt/airflow/dags/financial_reports_dag.py
[2024-12-04T03:41:45.526+0000] {processor.py:914} INFO - Processing file /opt/airflow/dags/financial_reports_dag.py for tasks to queue
[2024-12-04T03:41:45.528+0000] {logging_mixin.py:190} INFO - [2024-12-04T03:41:45.527+0000] {dagbag.py:588} INFO - Filling up the DagBag from /opt/airflow/dags/financial_reports_dag.py
[2024-12-04T03:41:46.748+0000] {processor.py:925} INFO - DAG(s) 'ETL_history_reports', 'ETL_financial_reports', 'ETL_quarterly_performance_reports', 'ETL_usa_spending' retrieved from /opt/airflow/dags/financial_reports_dag.py
[2024-12-04T03:41:46.785+0000] {logging_mixin.py:190} INFO - [2024-12-04T03:41:46.785+0000] {dag.py:3239} INFO - Sync 4 DAGs
[2024-12-04T03:41:46.815+0000] {logging_mixin.py:190} INFO - [2024-12-04T03:41:46.815+0000] {dag.py:4180} INFO - Setting next_dagrun for ETL_financial_reports to 2024-12-03 00:00:00+00:00, run_after=2024-12-04 00:00:00+00:00
[2024-12-04T03:41:46.821+0000] {logging_mixin.py:190} INFO - [2024-12-04T03:41:46.821+0000] {dag.py:4180} INFO - Setting next_dagrun for ETL_history_reports to 2024-12-04 00:00:00+00:00, run_after=2024-12-05 00:00:00+00:00
[2024-12-04T03:41:46.824+0000] {logging_mixin.py:190} INFO - [2024-12-04T03:41:46.823+0000] {dag.py:4180} INFO - Setting next_dagrun for ETL_quarterly_performance_reports to 2024-12-03 00:00:00+00:00, run_after=2024-12-04 00:00:00+00:00
[2024-12-04T03:41:46.826+0000] {logging_mixin.py:190} INFO - [2024-12-04T03:41:46.825+0000] {dag.py:4180} INFO - Setting next_dagrun for ETL_usa_spending to 2024-12-03 00:00:00+00:00, run_after=2024-12-04 00:00:00+00:00
[2024-12-04T03:41:46.854+0000] {processor.py:208} INFO - Processing /opt/airflow/dags/financial_reports_dag.py took 1.344 seconds
[2024-12-04T03:42:17.145+0000] {processor.py:186} INFO - Started process (PID=69755) to work on /opt/airflow/dags/financial_reports_dag.py
[2024-12-04T03:42:17.147+0000] {processor.py:914} INFO - Processing file /opt/airflow/dags/financial_reports_dag.py for tasks to queue
[2024-12-04T03:42:17.150+0000] {logging_mixin.py:190} INFO - [2024-12-04T03:42:17.149+0000] {dagbag.py:588} INFO - Filling up the DagBag from /opt/airflow/dags/financial_reports_dag.py
[2024-12-04T03:42:18.462+0000] {processor.py:925} INFO - DAG(s) 'ETL_quarterly_performance_reports', 'ETL_history_reports', 'ETL_financial_reports', 'ETL_usa_spending' retrieved from /opt/airflow/dags/financial_reports_dag.py
[2024-12-04T03:42:18.728+0000] {logging_mixin.py:190} INFO - [2024-12-04T03:42:18.727+0000] {dag.py:3239} INFO - Sync 4 DAGs
[2024-12-04T03:42:18.762+0000] {logging_mixin.py:190} INFO - [2024-12-04T03:42:18.762+0000] {dag.py:4180} INFO - Setting next_dagrun for ETL_financial_reports to 2024-12-03 00:00:00+00:00, run_after=2024-12-04 00:00:00+00:00
[2024-12-04T03:42:18.771+0000] {logging_mixin.py:190} INFO - [2024-12-04T03:42:18.770+0000] {dag.py:4180} INFO - Setting next_dagrun for ETL_history_reports to 2024-12-04 00:00:00+00:00, run_after=2024-12-05 00:00:00+00:00
[2024-12-04T03:42:18.774+0000] {logging_mixin.py:190} INFO - [2024-12-04T03:42:18.774+0000] {dag.py:4180} INFO - Setting next_dagrun for ETL_quarterly_performance_reports to 2024-12-03 00:00:00+00:00, run_after=2024-12-04 00:00:00+00:00
[2024-12-04T03:42:18.777+0000] {logging_mixin.py:190} INFO - [2024-12-04T03:42:18.777+0000] {dag.py:4180} INFO - Setting next_dagrun for ETL_usa_spending to 2024-12-03 00:00:00+00:00, run_after=2024-12-04 00:00:00+00:00
[2024-12-04T03:42:18.944+0000] {processor.py:208} INFO - Processing /opt/airflow/dags/financial_reports_dag.py took 1.818 seconds
[2024-12-04T03:42:49.779+0000] {processor.py:186} INFO - Started process (PID=69786) to work on /opt/airflow/dags/financial_reports_dag.py
[2024-12-04T03:42:49.781+0000] {processor.py:914} INFO - Processing file /opt/airflow/dags/financial_reports_dag.py for tasks to queue
[2024-12-04T03:42:49.787+0000] {logging_mixin.py:190} INFO - [2024-12-04T03:42:49.785+0000] {dagbag.py:588} INFO - Filling up the DagBag from /opt/airflow/dags/financial_reports_dag.py
[2024-12-04T03:42:52.069+0000] {processor.py:925} INFO - DAG(s) 'ETL_quarterly_performance_reports', 'ETL_financial_reports', 'ETL_usa_spending', 'ETL_history_reports' retrieved from /opt/airflow/dags/financial_reports_dag.py
[2024-12-04T03:42:52.143+0000] {logging_mixin.py:190} INFO - [2024-12-04T03:42:52.142+0000] {dag.py:3239} INFO - Sync 4 DAGs
[2024-12-04T03:42:52.193+0000] {logging_mixin.py:190} INFO - [2024-12-04T03:42:52.192+0000] {dag.py:4180} INFO - Setting next_dagrun for ETL_financial_reports to 2024-12-03 00:00:00+00:00, run_after=2024-12-04 00:00:00+00:00
[2024-12-04T03:42:52.200+0000] {logging_mixin.py:190} INFO - [2024-12-04T03:42:52.200+0000] {dag.py:4180} INFO - Setting next_dagrun for ETL_history_reports to 2024-12-04 00:00:00+00:00, run_after=2024-12-05 00:00:00+00:00
[2024-12-04T03:42:52.203+0000] {logging_mixin.py:190} INFO - [2024-12-04T03:42:52.203+0000] {dag.py:4180} INFO - Setting next_dagrun for ETL_quarterly_performance_reports to 2024-12-03 00:00:00+00:00, run_after=2024-12-04 00:00:00+00:00
[2024-12-04T03:42:52.207+0000] {logging_mixin.py:190} INFO - [2024-12-04T03:42:52.207+0000] {dag.py:4180} INFO - Setting next_dagrun for ETL_usa_spending to 2024-12-03 00:00:00+00:00, run_after=2024-12-04 00:00:00+00:00
[2024-12-04T03:42:52.242+0000] {processor.py:208} INFO - Processing /opt/airflow/dags/financial_reports_dag.py took 2.490 seconds
