[2024-12-04T03:30:26.565+0000] {processor.py:186} INFO - Started process (PID=69073) to work on /opt/airflow/dags/history_reports_dag.py
[2024-12-04T03:30:26.567+0000] {processor.py:914} INFO - Processing file /opt/airflow/dags/history_reports_dag.py for tasks to queue
[2024-12-04T03:30:26.569+0000] {logging_mixin.py:190} INFO - [2024-12-04T03:30:26.568+0000] {dagbag.py:588} INFO - Filling up the DagBag from /opt/airflow/dags/history_reports_dag.py
[2024-12-04T03:30:30.000+0000] {processor.py:925} INFO - DAG(s) 'ETL_history_reports' retrieved from /opt/airflow/dags/history_reports_dag.py
[2024-12-04T03:30:30.920+0000] {logging_mixin.py:190} INFO - [2024-12-04T03:30:30.918+0000] {dag.py:3239} INFO - Sync 1 DAGs
[2024-12-04T03:30:31.118+0000] {logging_mixin.py:190} INFO - [2024-12-04T03:30:31.117+0000] {dag.py:4180} INFO - Setting next_dagrun for ETL_history_reports to 2024-12-04 00:00:00+00:00, run_after=2024-12-05 00:00:00+00:00
[2024-12-04T03:30:32.328+0000] {processor.py:208} INFO - Processing /opt/airflow/dags/history_reports_dag.py took 5.795 seconds
[2024-12-04T03:31:02.747+0000] {processor.py:186} INFO - Started process (PID=69116) to work on /opt/airflow/dags/history_reports_dag.py
[2024-12-04T03:31:02.749+0000] {processor.py:914} INFO - Processing file /opt/airflow/dags/history_reports_dag.py for tasks to queue
[2024-12-04T03:31:02.750+0000] {logging_mixin.py:190} INFO - [2024-12-04T03:31:02.750+0000] {dagbag.py:588} INFO - Filling up the DagBag from /opt/airflow/dags/history_reports_dag.py
[2024-12-04T03:31:03.999+0000] {processor.py:925} INFO - DAG(s) 'ETL_history_reports' retrieved from /opt/airflow/dags/history_reports_dag.py
[2024-12-04T03:31:04.138+0000] {logging_mixin.py:190} INFO - [2024-12-04T03:31:04.137+0000] {dag.py:3239} INFO - Sync 1 DAGs
[2024-12-04T03:31:04.298+0000] {logging_mixin.py:190} INFO - [2024-12-04T03:31:04.297+0000] {dag.py:4180} INFO - Setting next_dagrun for ETL_history_reports to 2024-12-04 00:00:00+00:00, run_after=2024-12-05 00:00:00+00:00
[2024-12-04T03:31:04.325+0000] {processor.py:208} INFO - Processing /opt/airflow/dags/history_reports_dag.py took 1.593 seconds
[2024-12-04T03:31:34.934+0000] {processor.py:186} INFO - Started process (PID=69146) to work on /opt/airflow/dags/history_reports_dag.py
[2024-12-04T03:31:34.937+0000] {processor.py:914} INFO - Processing file /opt/airflow/dags/history_reports_dag.py for tasks to queue
[2024-12-04T03:31:34.942+0000] {logging_mixin.py:190} INFO - [2024-12-04T03:31:34.941+0000] {dagbag.py:588} INFO - Filling up the DagBag from /opt/airflow/dags/history_reports_dag.py
[2024-12-04T03:31:36.451+0000] {processor.py:925} INFO - DAG(s) 'ETL_history_reports' retrieved from /opt/airflow/dags/history_reports_dag.py
[2024-12-04T03:31:36.497+0000] {logging_mixin.py:190} INFO - [2024-12-04T03:31:36.496+0000] {dag.py:3239} INFO - Sync 1 DAGs
[2024-12-04T03:31:36.524+0000] {logging_mixin.py:190} INFO - [2024-12-04T03:31:36.523+0000] {dag.py:4180} INFO - Setting next_dagrun for ETL_history_reports to 2024-12-04 00:00:00+00:00, run_after=2024-12-05 00:00:00+00:00
[2024-12-04T03:31:36.552+0000] {processor.py:208} INFO - Processing /opt/airflow/dags/history_reports_dag.py took 1.653 seconds
[2024-12-04T03:32:07.356+0000] {processor.py:186} INFO - Started process (PID=69176) to work on /opt/airflow/dags/history_reports_dag.py
[2024-12-04T03:32:07.358+0000] {processor.py:914} INFO - Processing file /opt/airflow/dags/history_reports_dag.py for tasks to queue
[2024-12-04T03:32:07.360+0000] {logging_mixin.py:190} INFO - [2024-12-04T03:32:07.360+0000] {dagbag.py:588} INFO - Filling up the DagBag from /opt/airflow/dags/history_reports_dag.py
[2024-12-04T03:32:08.653+0000] {processor.py:925} INFO - DAG(s) 'ETL_history_reports' retrieved from /opt/airflow/dags/history_reports_dag.py
[2024-12-04T03:32:08.809+0000] {logging_mixin.py:190} INFO - [2024-12-04T03:32:08.808+0000] {dag.py:3239} INFO - Sync 1 DAGs
[2024-12-04T03:32:08.835+0000] {logging_mixin.py:190} INFO - [2024-12-04T03:32:08.835+0000] {dag.py:4180} INFO - Setting next_dagrun for ETL_history_reports to 2024-12-04 00:00:00+00:00, run_after=2024-12-05 00:00:00+00:00
[2024-12-04T03:32:08.860+0000] {processor.py:208} INFO - Processing /opt/airflow/dags/history_reports_dag.py took 1.520 seconds
[2024-12-04T03:32:38.973+0000] {processor.py:186} INFO - Started process (PID=69206) to work on /opt/airflow/dags/history_reports_dag.py
[2024-12-04T03:32:38.974+0000] {processor.py:914} INFO - Processing file /opt/airflow/dags/history_reports_dag.py for tasks to queue
[2024-12-04T03:32:38.976+0000] {logging_mixin.py:190} INFO - [2024-12-04T03:32:38.975+0000] {dagbag.py:588} INFO - Filling up the DagBag from /opt/airflow/dags/history_reports_dag.py
[2024-12-04T03:32:40.214+0000] {processor.py:925} INFO - DAG(s) 'ETL_history_reports' retrieved from /opt/airflow/dags/history_reports_dag.py
[2024-12-04T03:32:40.252+0000] {logging_mixin.py:190} INFO - [2024-12-04T03:32:40.251+0000] {dag.py:3239} INFO - Sync 1 DAGs
[2024-12-04T03:32:40.289+0000] {logging_mixin.py:190} INFO - [2024-12-04T03:32:40.288+0000] {dag.py:4180} INFO - Setting next_dagrun for ETL_history_reports to 2024-12-04 00:00:00+00:00, run_after=2024-12-05 00:00:00+00:00
[2024-12-04T03:32:40.325+0000] {processor.py:208} INFO - Processing /opt/airflow/dags/history_reports_dag.py took 1.368 seconds
[2024-12-04T03:33:10.674+0000] {processor.py:186} INFO - Started process (PID=69236) to work on /opt/airflow/dags/history_reports_dag.py
[2024-12-04T03:33:10.675+0000] {processor.py:914} INFO - Processing file /opt/airflow/dags/history_reports_dag.py for tasks to queue
[2024-12-04T03:33:10.677+0000] {logging_mixin.py:190} INFO - [2024-12-04T03:33:10.677+0000] {dagbag.py:588} INFO - Filling up the DagBag from /opt/airflow/dags/history_reports_dag.py
[2024-12-04T03:33:11.851+0000] {processor.py:925} INFO - DAG(s) 'ETL_history_reports' retrieved from /opt/airflow/dags/history_reports_dag.py
[2024-12-04T03:33:11.988+0000] {logging_mixin.py:190} INFO - [2024-12-04T03:33:11.987+0000] {dag.py:3239} INFO - Sync 1 DAGs
[2024-12-04T03:33:12.150+0000] {logging_mixin.py:190} INFO - [2024-12-04T03:33:12.150+0000] {dag.py:4180} INFO - Setting next_dagrun for ETL_history_reports to 2024-12-04 00:00:00+00:00, run_after=2024-12-05 00:00:00+00:00
[2024-12-04T03:33:12.176+0000] {processor.py:208} INFO - Processing /opt/airflow/dags/history_reports_dag.py took 1.517 seconds
[2024-12-04T03:33:43.147+0000] {processor.py:186} INFO - Started process (PID=69266) to work on /opt/airflow/dags/history_reports_dag.py
[2024-12-04T03:33:43.149+0000] {processor.py:914} INFO - Processing file /opt/airflow/dags/history_reports_dag.py for tasks to queue
[2024-12-04T03:33:43.151+0000] {logging_mixin.py:190} INFO - [2024-12-04T03:33:43.150+0000] {dagbag.py:588} INFO - Filling up the DagBag from /opt/airflow/dags/history_reports_dag.py
[2024-12-04T03:33:44.417+0000] {processor.py:925} INFO - DAG(s) 'ETL_history_reports' retrieved from /opt/airflow/dags/history_reports_dag.py
[2024-12-04T03:33:44.446+0000] {logging_mixin.py:190} INFO - [2024-12-04T03:33:44.445+0000] {dag.py:3239} INFO - Sync 1 DAGs
[2024-12-04T03:33:44.475+0000] {logging_mixin.py:190} INFO - [2024-12-04T03:33:44.475+0000] {dag.py:4180} INFO - Setting next_dagrun for ETL_history_reports to 2024-12-04 00:00:00+00:00, run_after=2024-12-05 00:00:00+00:00
[2024-12-04T03:33:44.500+0000] {processor.py:208} INFO - Processing /opt/airflow/dags/history_reports_dag.py took 1.375 seconds
[2024-12-04T03:34:14.816+0000] {processor.py:186} INFO - Started process (PID=69296) to work on /opt/airflow/dags/history_reports_dag.py
[2024-12-04T03:34:14.817+0000] {processor.py:914} INFO - Processing file /opt/airflow/dags/history_reports_dag.py for tasks to queue
[2024-12-04T03:34:14.819+0000] {logging_mixin.py:190} INFO - [2024-12-04T03:34:14.818+0000] {dagbag.py:588} INFO - Filling up the DagBag from /opt/airflow/dags/history_reports_dag.py
[2024-12-04T03:34:16.057+0000] {processor.py:925} INFO - DAG(s) 'ETL_history_reports' retrieved from /opt/airflow/dags/history_reports_dag.py
[2024-12-04T03:34:16.223+0000] {logging_mixin.py:190} INFO - [2024-12-04T03:34:16.222+0000] {dag.py:3239} INFO - Sync 1 DAGs
[2024-12-04T03:34:16.249+0000] {logging_mixin.py:190} INFO - [2024-12-04T03:34:16.249+0000] {dag.py:4180} INFO - Setting next_dagrun for ETL_history_reports to 2024-12-04 00:00:00+00:00, run_after=2024-12-05 00:00:00+00:00
[2024-12-04T03:34:16.274+0000] {processor.py:208} INFO - Processing /opt/airflow/dags/history_reports_dag.py took 1.473 seconds
[2024-12-04T03:34:46.849+0000] {processor.py:186} INFO - Started process (PID=69326) to work on /opt/airflow/dags/history_reports_dag.py
[2024-12-04T03:34:46.850+0000] {processor.py:914} INFO - Processing file /opt/airflow/dags/history_reports_dag.py for tasks to queue
[2024-12-04T03:34:46.852+0000] {logging_mixin.py:190} INFO - [2024-12-04T03:34:46.852+0000] {dagbag.py:588} INFO - Filling up the DagBag from /opt/airflow/dags/history_reports_dag.py
[2024-12-04T03:34:48.024+0000] {processor.py:925} INFO - DAG(s) 'ETL_history_reports' retrieved from /opt/airflow/dags/history_reports_dag.py
[2024-12-04T03:34:48.053+0000] {logging_mixin.py:190} INFO - [2024-12-04T03:34:48.053+0000] {dag.py:3239} INFO - Sync 1 DAGs
[2024-12-04T03:34:48.080+0000] {logging_mixin.py:190} INFO - [2024-12-04T03:34:48.080+0000] {dag.py:4180} INFO - Setting next_dagrun for ETL_history_reports to 2024-12-04 00:00:00+00:00, run_after=2024-12-05 00:00:00+00:00
[2024-12-04T03:34:48.103+0000] {processor.py:208} INFO - Processing /opt/airflow/dags/history_reports_dag.py took 1.269 seconds
[2024-12-04T03:35:18.689+0000] {processor.py:186} INFO - Started process (PID=69356) to work on /opt/airflow/dags/history_reports_dag.py
[2024-12-04T03:35:18.690+0000] {processor.py:914} INFO - Processing file /opt/airflow/dags/history_reports_dag.py for tasks to queue
[2024-12-04T03:35:18.695+0000] {logging_mixin.py:190} INFO - [2024-12-04T03:35:18.693+0000] {dagbag.py:588} INFO - Filling up the DagBag from /opt/airflow/dags/history_reports_dag.py
[2024-12-04T03:35:19.912+0000] {processor.py:925} INFO - DAG(s) 'ETL_history_reports' retrieved from /opt/airflow/dags/history_reports_dag.py
[2024-12-04T03:35:20.102+0000] {logging_mixin.py:190} INFO - [2024-12-04T03:35:20.101+0000] {dag.py:3239} INFO - Sync 1 DAGs
[2024-12-04T03:35:20.174+0000] {logging_mixin.py:190} INFO - [2024-12-04T03:35:20.174+0000] {dag.py:4180} INFO - Setting next_dagrun for ETL_history_reports to 2024-12-04 00:00:00+00:00, run_after=2024-12-05 00:00:00+00:00
[2024-12-04T03:35:20.356+0000] {processor.py:208} INFO - Processing /opt/airflow/dags/history_reports_dag.py took 1.692 seconds
[2024-12-04T03:35:51.036+0000] {processor.py:186} INFO - Started process (PID=69389) to work on /opt/airflow/dags/history_reports_dag.py
[2024-12-04T03:35:51.038+0000] {processor.py:914} INFO - Processing file /opt/airflow/dags/history_reports_dag.py for tasks to queue
[2024-12-04T03:35:51.040+0000] {logging_mixin.py:190} INFO - [2024-12-04T03:35:51.039+0000] {dagbag.py:588} INFO - Filling up the DagBag from /opt/airflow/dags/history_reports_dag.py
[2024-12-04T03:35:52.382+0000] {processor.py:925} INFO - DAG(s) 'ETL_history_reports' retrieved from /opt/airflow/dags/history_reports_dag.py
[2024-12-04T03:35:52.396+0000] {logging_mixin.py:190} INFO - [2024-12-04T03:35:52.395+0000] {dag.py:3239} INFO - Sync 1 DAGs
[2024-12-04T03:35:52.426+0000] {logging_mixin.py:190} INFO - [2024-12-04T03:35:52.426+0000] {dag.py:4180} INFO - Setting next_dagrun for ETL_history_reports to 2024-12-04 00:00:00+00:00, run_after=2024-12-05 00:00:00+00:00
[2024-12-04T03:35:52.453+0000] {processor.py:208} INFO - Processing /opt/airflow/dags/history_reports_dag.py took 1.433 seconds
[2024-12-04T03:36:22.612+0000] {processor.py:186} INFO - Started process (PID=69416) to work on /opt/airflow/dags/history_reports_dag.py
[2024-12-04T03:36:22.614+0000] {processor.py:914} INFO - Processing file /opt/airflow/dags/history_reports_dag.py for tasks to queue
[2024-12-04T03:36:22.617+0000] {logging_mixin.py:190} INFO - [2024-12-04T03:36:22.616+0000] {dagbag.py:588} INFO - Filling up the DagBag from /opt/airflow/dags/history_reports_dag.py
[2024-12-04T03:36:24.473+0000] {processor.py:925} INFO - DAG(s) 'ETL_history_reports' retrieved from /opt/airflow/dags/history_reports_dag.py
[2024-12-04T03:36:24.642+0000] {logging_mixin.py:190} INFO - [2024-12-04T03:36:24.641+0000] {dag.py:3239} INFO - Sync 1 DAGs
[2024-12-04T03:36:24.699+0000] {logging_mixin.py:190} INFO - [2024-12-04T03:36:24.699+0000] {dag.py:4180} INFO - Setting next_dagrun for ETL_history_reports to 2024-12-04 00:00:00+00:00, run_after=2024-12-05 00:00:00+00:00
[2024-12-04T03:36:24.722+0000] {processor.py:208} INFO - Processing /opt/airflow/dags/history_reports_dag.py took 2.135 seconds
[2024-12-04T03:36:55.150+0000] {processor.py:186} INFO - Started process (PID=69446) to work on /opt/airflow/dags/history_reports_dag.py
[2024-12-04T03:36:55.152+0000] {processor.py:914} INFO - Processing file /opt/airflow/dags/history_reports_dag.py for tasks to queue
[2024-12-04T03:36:55.154+0000] {logging_mixin.py:190} INFO - [2024-12-04T03:36:55.153+0000] {dagbag.py:588} INFO - Filling up the DagBag from /opt/airflow/dags/history_reports_dag.py
[2024-12-04T03:36:56.374+0000] {processor.py:925} INFO - DAG(s) 'ETL_history_reports' retrieved from /opt/airflow/dags/history_reports_dag.py
[2024-12-04T03:36:56.402+0000] {logging_mixin.py:190} INFO - [2024-12-04T03:36:56.401+0000] {dag.py:3239} INFO - Sync 1 DAGs
[2024-12-04T03:36:56.430+0000] {logging_mixin.py:190} INFO - [2024-12-04T03:36:56.430+0000] {dag.py:4180} INFO - Setting next_dagrun for ETL_history_reports to 2024-12-04 00:00:00+00:00, run_after=2024-12-05 00:00:00+00:00
[2024-12-04T03:36:56.455+0000] {processor.py:208} INFO - Processing /opt/airflow/dags/history_reports_dag.py took 1.320 seconds
[2024-12-04T03:37:27.359+0000] {processor.py:186} INFO - Started process (PID=69482) to work on /opt/airflow/dags/history_reports_dag.py
[2024-12-04T03:37:27.361+0000] {processor.py:914} INFO - Processing file /opt/airflow/dags/history_reports_dag.py for tasks to queue
[2024-12-04T03:37:27.364+0000] {logging_mixin.py:190} INFO - [2024-12-04T03:37:27.363+0000] {dagbag.py:588} INFO - Filling up the DagBag from /opt/airflow/dags/history_reports_dag.py
[2024-12-04T03:37:28.598+0000] {processor.py:925} INFO - DAG(s) 'ETL_history_reports' retrieved from /opt/airflow/dags/history_reports_dag.py
[2024-12-04T03:37:28.732+0000] {logging_mixin.py:190} INFO - [2024-12-04T03:37:28.731+0000] {dag.py:3239} INFO - Sync 1 DAGs
[2024-12-04T03:37:28.755+0000] {logging_mixin.py:190} INFO - [2024-12-04T03:37:28.754+0000] {dag.py:4180} INFO - Setting next_dagrun for ETL_history_reports to 2024-12-04 00:00:00+00:00, run_after=2024-12-05 00:00:00+00:00
[2024-12-04T03:37:28.781+0000] {processor.py:208} INFO - Processing /opt/airflow/dags/history_reports_dag.py took 1.446 seconds
[2024-12-04T03:37:59.643+0000] {processor.py:186} INFO - Started process (PID=69512) to work on /opt/airflow/dags/history_reports_dag.py
[2024-12-04T03:37:59.644+0000] {processor.py:914} INFO - Processing file /opt/airflow/dags/history_reports_dag.py for tasks to queue
[2024-12-04T03:37:59.646+0000] {logging_mixin.py:190} INFO - [2024-12-04T03:37:59.646+0000] {dagbag.py:588} INFO - Filling up the DagBag from /opt/airflow/dags/history_reports_dag.py
[2024-12-04T03:38:01.511+0000] {processor.py:925} INFO - DAG(s) 'ETL_history_reports' retrieved from /opt/airflow/dags/history_reports_dag.py
[2024-12-04T03:38:01.544+0000] {logging_mixin.py:190} INFO - [2024-12-04T03:38:01.544+0000] {dag.py:3239} INFO - Sync 1 DAGs
[2024-12-04T03:38:01.585+0000] {logging_mixin.py:190} INFO - [2024-12-04T03:38:01.585+0000] {dag.py:4180} INFO - Setting next_dagrun for ETL_history_reports to 2024-12-04 00:00:00+00:00, run_after=2024-12-05 00:00:00+00:00
[2024-12-04T03:38:01.615+0000] {processor.py:208} INFO - Processing /opt/airflow/dags/history_reports_dag.py took 2.065 seconds
[2024-12-04T03:38:32.721+0000] {processor.py:186} INFO - Started process (PID=69542) to work on /opt/airflow/dags/history_reports_dag.py
[2024-12-04T03:38:32.724+0000] {processor.py:914} INFO - Processing file /opt/airflow/dags/history_reports_dag.py for tasks to queue
[2024-12-04T03:38:32.727+0000] {logging_mixin.py:190} INFO - [2024-12-04T03:38:32.726+0000] {dagbag.py:588} INFO - Filling up the DagBag from /opt/airflow/dags/history_reports_dag.py
[2024-12-04T03:38:34.371+0000] {processor.py:925} INFO - DAG(s) 'ETL_history_reports' retrieved from /opt/airflow/dags/history_reports_dag.py
[2024-12-04T03:38:34.532+0000] {logging_mixin.py:190} INFO - [2024-12-04T03:38:34.531+0000] {dag.py:3239} INFO - Sync 1 DAGs
[2024-12-04T03:38:34.715+0000] {logging_mixin.py:190} INFO - [2024-12-04T03:38:34.714+0000] {dag.py:4180} INFO - Setting next_dagrun for ETL_history_reports to 2024-12-04 00:00:00+00:00, run_after=2024-12-05 00:00:00+00:00
[2024-12-04T03:38:34.741+0000] {processor.py:208} INFO - Processing /opt/airflow/dags/history_reports_dag.py took 2.058 seconds
[2024-12-04T03:39:05.394+0000] {processor.py:186} INFO - Started process (PID=69572) to work on /opt/airflow/dags/history_reports_dag.py
[2024-12-04T03:39:05.396+0000] {processor.py:914} INFO - Processing file /opt/airflow/dags/history_reports_dag.py for tasks to queue
[2024-12-04T03:39:05.398+0000] {logging_mixin.py:190} INFO - [2024-12-04T03:39:05.397+0000] {dagbag.py:588} INFO - Filling up the DagBag from /opt/airflow/dags/history_reports_dag.py
[2024-12-04T03:39:06.556+0000] {processor.py:925} INFO - DAG(s) 'ETL_history_reports' retrieved from /opt/airflow/dags/history_reports_dag.py
[2024-12-04T03:39:06.583+0000] {logging_mixin.py:190} INFO - [2024-12-04T03:39:06.583+0000] {dag.py:3239} INFO - Sync 1 DAGs
[2024-12-04T03:39:06.606+0000] {logging_mixin.py:190} INFO - [2024-12-04T03:39:06.606+0000] {dag.py:4180} INFO - Setting next_dagrun for ETL_history_reports to 2024-12-04 00:00:00+00:00, run_after=2024-12-05 00:00:00+00:00
[2024-12-04T03:39:06.628+0000] {processor.py:208} INFO - Processing /opt/airflow/dags/history_reports_dag.py took 1.262 seconds
[2024-12-04T03:39:37.248+0000] {processor.py:186} INFO - Started process (PID=69602) to work on /opt/airflow/dags/history_reports_dag.py
[2024-12-04T03:39:37.249+0000] {processor.py:914} INFO - Processing file /opt/airflow/dags/history_reports_dag.py for tasks to queue
[2024-12-04T03:39:37.252+0000] {logging_mixin.py:190} INFO - [2024-12-04T03:39:37.251+0000] {dagbag.py:588} INFO - Filling up the DagBag from /opt/airflow/dags/history_reports_dag.py
[2024-12-04T03:39:38.383+0000] {processor.py:925} INFO - DAG(s) 'ETL_history_reports' retrieved from /opt/airflow/dags/history_reports_dag.py
[2024-12-04T03:39:38.510+0000] {logging_mixin.py:190} INFO - [2024-12-04T03:39:38.510+0000] {dag.py:3239} INFO - Sync 1 DAGs
[2024-12-04T03:39:38.532+0000] {logging_mixin.py:190} INFO - [2024-12-04T03:39:38.532+0000] {dag.py:4180} INFO - Setting next_dagrun for ETL_history_reports to 2024-12-04 00:00:00+00:00, run_after=2024-12-05 00:00:00+00:00
[2024-12-04T03:39:38.555+0000] {processor.py:208} INFO - Processing /opt/airflow/dags/history_reports_dag.py took 1.331 seconds
[2024-12-04T03:40:09.150+0000] {processor.py:186} INFO - Started process (PID=69632) to work on /opt/airflow/dags/history_reports_dag.py
[2024-12-04T03:40:09.152+0000] {processor.py:914} INFO - Processing file /opt/airflow/dags/history_reports_dag.py for tasks to queue
[2024-12-04T03:40:09.154+0000] {logging_mixin.py:190} INFO - [2024-12-04T03:40:09.154+0000] {dagbag.py:588} INFO - Filling up the DagBag from /opt/airflow/dags/history_reports_dag.py
[2024-12-04T03:40:10.782+0000] {processor.py:925} INFO - DAG(s) 'ETL_history_reports' retrieved from /opt/airflow/dags/history_reports_dag.py
[2024-12-04T03:40:10.814+0000] {logging_mixin.py:190} INFO - [2024-12-04T03:40:10.814+0000] {dag.py:3239} INFO - Sync 1 DAGs
[2024-12-04T03:40:10.840+0000] {logging_mixin.py:190} INFO - [2024-12-04T03:40:10.840+0000] {dag.py:4180} INFO - Setting next_dagrun for ETL_history_reports to 2024-12-04 00:00:00+00:00, run_after=2024-12-05 00:00:00+00:00
[2024-12-04T03:40:10.864+0000] {processor.py:208} INFO - Processing /opt/airflow/dags/history_reports_dag.py took 1.740 seconds
[2024-12-04T03:40:41.272+0000] {processor.py:186} INFO - Started process (PID=69662) to work on /opt/airflow/dags/history_reports_dag.py
[2024-12-04T03:40:41.273+0000] {processor.py:914} INFO - Processing file /opt/airflow/dags/history_reports_dag.py for tasks to queue
[2024-12-04T03:40:41.275+0000] {logging_mixin.py:190} INFO - [2024-12-04T03:40:41.274+0000] {dagbag.py:588} INFO - Filling up the DagBag from /opt/airflow/dags/history_reports_dag.py
[2024-12-04T03:40:42.378+0000] {processor.py:925} INFO - DAG(s) 'ETL_history_reports' retrieved from /opt/airflow/dags/history_reports_dag.py
[2024-12-04T03:40:42.539+0000] {logging_mixin.py:190} INFO - [2024-12-04T03:40:42.538+0000] {dag.py:3239} INFO - Sync 1 DAGs
[2024-12-04T03:40:42.708+0000] {logging_mixin.py:190} INFO - [2024-12-04T03:40:42.708+0000] {dag.py:4180} INFO - Setting next_dagrun for ETL_history_reports to 2024-12-04 00:00:00+00:00, run_after=2024-12-05 00:00:00+00:00
[2024-12-04T03:40:42.736+0000] {processor.py:208} INFO - Processing /opt/airflow/dags/history_reports_dag.py took 1.479 seconds
[2024-12-04T03:41:13.645+0000] {processor.py:186} INFO - Started process (PID=69692) to work on /opt/airflow/dags/history_reports_dag.py
[2024-12-04T03:41:13.646+0000] {processor.py:914} INFO - Processing file /opt/airflow/dags/history_reports_dag.py for tasks to queue
[2024-12-04T03:41:13.648+0000] {logging_mixin.py:190} INFO - [2024-12-04T03:41:13.648+0000] {dagbag.py:588} INFO - Filling up the DagBag from /opt/airflow/dags/history_reports_dag.py
[2024-12-04T03:41:14.817+0000] {processor.py:925} INFO - DAG(s) 'ETL_history_reports' retrieved from /opt/airflow/dags/history_reports_dag.py
[2024-12-04T03:41:14.847+0000] {logging_mixin.py:190} INFO - [2024-12-04T03:41:14.846+0000] {dag.py:3239} INFO - Sync 1 DAGs
[2024-12-04T03:41:14.872+0000] {logging_mixin.py:190} INFO - [2024-12-04T03:41:14.872+0000] {dag.py:4180} INFO - Setting next_dagrun for ETL_history_reports to 2024-12-04 00:00:00+00:00, run_after=2024-12-05 00:00:00+00:00
[2024-12-04T03:41:14.894+0000] {processor.py:208} INFO - Processing /opt/airflow/dags/history_reports_dag.py took 1.268 seconds
[2024-12-04T03:41:45.515+0000] {processor.py:186} INFO - Started process (PID=69722) to work on /opt/airflow/dags/history_reports_dag.py
[2024-12-04T03:41:45.517+0000] {processor.py:914} INFO - Processing file /opt/airflow/dags/history_reports_dag.py for tasks to queue
[2024-12-04T03:41:45.518+0000] {logging_mixin.py:190} INFO - [2024-12-04T03:41:45.518+0000] {dagbag.py:588} INFO - Filling up the DagBag from /opt/airflow/dags/history_reports_dag.py
[2024-12-04T03:41:46.682+0000] {processor.py:925} INFO - DAG(s) 'ETL_history_reports' retrieved from /opt/airflow/dags/history_reports_dag.py
[2024-12-04T03:41:46.819+0000] {logging_mixin.py:190} INFO - [2024-12-04T03:41:46.818+0000] {dag.py:3239} INFO - Sync 1 DAGs
[2024-12-04T03:41:46.858+0000] {logging_mixin.py:190} INFO - [2024-12-04T03:41:46.857+0000] {dag.py:4180} INFO - Setting next_dagrun for ETL_history_reports to 2024-12-04 00:00:00+00:00, run_after=2024-12-05 00:00:00+00:00
[2024-12-04T03:41:46.882+0000] {processor.py:208} INFO - Processing /opt/airflow/dags/history_reports_dag.py took 1.388 seconds
[2024-12-04T03:42:17.132+0000] {processor.py:186} INFO - Started process (PID=69752) to work on /opt/airflow/dags/history_reports_dag.py
[2024-12-04T03:42:17.133+0000] {processor.py:914} INFO - Processing file /opt/airflow/dags/history_reports_dag.py for tasks to queue
[2024-12-04T03:42:17.135+0000] {logging_mixin.py:190} INFO - [2024-12-04T03:42:17.135+0000] {dagbag.py:588} INFO - Filling up the DagBag from /opt/airflow/dags/history_reports_dag.py
[2024-12-04T03:42:18.417+0000] {processor.py:925} INFO - DAG(s) 'ETL_history_reports' retrieved from /opt/airflow/dags/history_reports_dag.py
[2024-12-04T03:42:18.464+0000] {logging_mixin.py:190} INFO - [2024-12-04T03:42:18.463+0000] {dag.py:3239} INFO - Sync 1 DAGs
[2024-12-04T03:42:18.506+0000] {logging_mixin.py:190} INFO - [2024-12-04T03:42:18.505+0000] {dag.py:4180} INFO - Setting next_dagrun for ETL_history_reports to 2024-12-04 00:00:00+00:00, run_after=2024-12-05 00:00:00+00:00
[2024-12-04T03:42:18.535+0000] {processor.py:208} INFO - Processing /opt/airflow/dags/history_reports_dag.py took 1.421 seconds
[2024-12-04T03:42:48.732+0000] {processor.py:186} INFO - Started process (PID=69783) to work on /opt/airflow/dags/history_reports_dag.py
[2024-12-04T03:42:48.734+0000] {processor.py:914} INFO - Processing file /opt/airflow/dags/history_reports_dag.py for tasks to queue
[2024-12-04T03:42:48.738+0000] {logging_mixin.py:190} INFO - [2024-12-04T03:42:48.737+0000] {dagbag.py:588} INFO - Filling up the DagBag from /opt/airflow/dags/history_reports_dag.py
[2024-12-04T03:42:50.977+0000] {processor.py:925} INFO - DAG(s) 'ETL_history_reports' retrieved from /opt/airflow/dags/history_reports_dag.py
[2024-12-04T03:42:51.271+0000] {logging_mixin.py:190} INFO - [2024-12-04T03:42:51.270+0000] {dag.py:3239} INFO - Sync 1 DAGs
[2024-12-04T03:42:51.313+0000] {logging_mixin.py:190} INFO - [2024-12-04T03:42:51.312+0000] {dag.py:4180} INFO - Setting next_dagrun for ETL_history_reports to 2024-12-04 00:00:00+00:00, run_after=2024-12-05 00:00:00+00:00
[2024-12-04T03:42:51.364+0000] {processor.py:208} INFO - Processing /opt/airflow/dags/history_reports_dag.py took 2.659 seconds
