[2024-12-04T03:30:22.862+0000] {processor.py:186} INFO - Started process (PID=69057) to work on /opt/airflow/dags/quarterly_performance_reports_dag.py
[2024-12-04T03:30:22.864+0000] {processor.py:914} INFO - Processing file /opt/airflow/dags/quarterly_performance_reports_dag.py for tasks to queue
[2024-12-04T03:30:22.878+0000] {logging_mixin.py:190} INFO - [2024-12-04T03:30:22.877+0000] {dagbag.py:588} INFO - Filling up the DagBag from /opt/airflow/dags/quarterly_performance_reports_dag.py
[2024-12-04T03:30:26.962+0000] {processor.py:925} INFO - DAG(s) 'ETL_quarterly_performance_reports' retrieved from /opt/airflow/dags/quarterly_performance_reports_dag.py
[2024-12-04T03:30:27.403+0000] {logging_mixin.py:190} INFO - [2024-12-04T03:30:27.389+0000] {dag.py:3239} INFO - Sync 1 DAGs
[2024-12-04T03:30:27.508+0000] {logging_mixin.py:190} INFO - [2024-12-04T03:30:27.507+0000] {dag.py:4180} INFO - Setting next_dagrun for ETL_quarterly_performance_reports to 2024-12-03 00:00:00+00:00, run_after=2024-12-04 00:00:00+00:00
[2024-12-04T03:30:27.568+0000] {processor.py:208} INFO - Processing /opt/airflow/dags/quarterly_performance_reports_dag.py took 5.278 seconds
[2024-12-04T03:30:57.778+0000] {processor.py:186} INFO - Started process (PID=69108) to work on /opt/airflow/dags/quarterly_performance_reports_dag.py
[2024-12-04T03:30:57.780+0000] {processor.py:914} INFO - Processing file /opt/airflow/dags/quarterly_performance_reports_dag.py for tasks to queue
[2024-12-04T03:30:57.783+0000] {logging_mixin.py:190} INFO - [2024-12-04T03:30:57.782+0000] {dagbag.py:588} INFO - Filling up the DagBag from /opt/airflow/dags/quarterly_performance_reports_dag.py
[2024-12-04T03:30:58.525+0000] {processor.py:925} INFO - DAG(s) 'ETL_quarterly_performance_reports' retrieved from /opt/airflow/dags/quarterly_performance_reports_dag.py
[2024-12-04T03:30:58.548+0000] {logging_mixin.py:190} INFO - [2024-12-04T03:30:58.548+0000] {dag.py:3239} INFO - Sync 1 DAGs
[2024-12-04T03:30:58.572+0000] {logging_mixin.py:190} INFO - [2024-12-04T03:30:58.572+0000] {dag.py:4180} INFO - Setting next_dagrun for ETL_quarterly_performance_reports to 2024-12-03 00:00:00+00:00, run_after=2024-12-04 00:00:00+00:00
[2024-12-04T03:30:58.595+0000] {processor.py:208} INFO - Processing /opt/airflow/dags/quarterly_performance_reports_dag.py took 0.838 seconds
[2024-12-04T03:31:28.746+0000] {processor.py:186} INFO - Started process (PID=69138) to work on /opt/airflow/dags/quarterly_performance_reports_dag.py
[2024-12-04T03:31:28.747+0000] {processor.py:914} INFO - Processing file /opt/airflow/dags/quarterly_performance_reports_dag.py for tasks to queue
[2024-12-04T03:31:28.750+0000] {logging_mixin.py:190} INFO - [2024-12-04T03:31:28.749+0000] {dagbag.py:588} INFO - Filling up the DagBag from /opt/airflow/dags/quarterly_performance_reports_dag.py
[2024-12-04T03:31:29.654+0000] {processor.py:925} INFO - DAG(s) 'ETL_quarterly_performance_reports' retrieved from /opt/airflow/dags/quarterly_performance_reports_dag.py
[2024-12-04T03:31:29.668+0000] {logging_mixin.py:190} INFO - [2024-12-04T03:31:29.668+0000] {dag.py:3239} INFO - Sync 1 DAGs
[2024-12-04T03:31:29.696+0000] {logging_mixin.py:190} INFO - [2024-12-04T03:31:29.696+0000] {dag.py:4180} INFO - Setting next_dagrun for ETL_quarterly_performance_reports to 2024-12-03 00:00:00+00:00, run_after=2024-12-04 00:00:00+00:00
[2024-12-04T03:31:29.721+0000] {processor.py:208} INFO - Processing /opt/airflow/dags/quarterly_performance_reports_dag.py took 0.997 seconds
[2024-12-04T03:31:59.951+0000] {processor.py:186} INFO - Started process (PID=69168) to work on /opt/airflow/dags/quarterly_performance_reports_dag.py
[2024-12-04T03:31:59.953+0000] {processor.py:914} INFO - Processing file /opt/airflow/dags/quarterly_performance_reports_dag.py for tasks to queue
[2024-12-04T03:31:59.955+0000] {logging_mixin.py:190} INFO - [2024-12-04T03:31:59.955+0000] {dagbag.py:588} INFO - Filling up the DagBag from /opt/airflow/dags/quarterly_performance_reports_dag.py
[2024-12-04T03:32:01.081+0000] {processor.py:925} INFO - DAG(s) 'ETL_quarterly_performance_reports' retrieved from /opt/airflow/dags/quarterly_performance_reports_dag.py
[2024-12-04T03:32:01.290+0000] {logging_mixin.py:190} INFO - [2024-12-04T03:32:01.289+0000] {dag.py:3239} INFO - Sync 1 DAGs
[2024-12-04T03:32:01.321+0000] {logging_mixin.py:190} INFO - [2024-12-04T03:32:01.321+0000] {dag.py:4180} INFO - Setting next_dagrun for ETL_quarterly_performance_reports to 2024-12-03 00:00:00+00:00, run_after=2024-12-04 00:00:00+00:00
[2024-12-04T03:32:01.349+0000] {processor.py:208} INFO - Processing /opt/airflow/dags/quarterly_performance_reports_dag.py took 1.420 seconds
[2024-12-04T03:32:32.060+0000] {processor.py:186} INFO - Started process (PID=69200) to work on /opt/airflow/dags/quarterly_performance_reports_dag.py
[2024-12-04T03:32:32.062+0000] {processor.py:914} INFO - Processing file /opt/airflow/dags/quarterly_performance_reports_dag.py for tasks to queue
[2024-12-04T03:32:32.063+0000] {logging_mixin.py:190} INFO - [2024-12-04T03:32:32.063+0000] {dagbag.py:588} INFO - Filling up the DagBag from /opt/airflow/dags/quarterly_performance_reports_dag.py
[2024-12-04T03:32:32.751+0000] {processor.py:925} INFO - DAG(s) 'ETL_quarterly_performance_reports' retrieved from /opt/airflow/dags/quarterly_performance_reports_dag.py
[2024-12-04T03:32:32.771+0000] {logging_mixin.py:190} INFO - [2024-12-04T03:32:32.771+0000] {dag.py:3239} INFO - Sync 1 DAGs
[2024-12-04T03:32:32.791+0000] {logging_mixin.py:190} INFO - [2024-12-04T03:32:32.791+0000] {dag.py:4180} INFO - Setting next_dagrun for ETL_quarterly_performance_reports to 2024-12-03 00:00:00+00:00, run_after=2024-12-04 00:00:00+00:00
[2024-12-04T03:32:32.813+0000] {processor.py:208} INFO - Processing /opt/airflow/dags/quarterly_performance_reports_dag.py took 0.768 seconds
[2024-12-04T03:33:03.162+0000] {processor.py:186} INFO - Started process (PID=69228) to work on /opt/airflow/dags/quarterly_performance_reports_dag.py
[2024-12-04T03:33:03.163+0000] {processor.py:914} INFO - Processing file /opt/airflow/dags/quarterly_performance_reports_dag.py for tasks to queue
[2024-12-04T03:33:03.165+0000] {logging_mixin.py:190} INFO - [2024-12-04T03:33:03.165+0000] {dagbag.py:588} INFO - Filling up the DagBag from /opt/airflow/dags/quarterly_performance_reports_dag.py
[2024-12-04T03:33:03.951+0000] {processor.py:925} INFO - DAG(s) 'ETL_quarterly_performance_reports' retrieved from /opt/airflow/dags/quarterly_performance_reports_dag.py
[2024-12-04T03:33:03.962+0000] {logging_mixin.py:190} INFO - [2024-12-04T03:33:03.961+0000] {dag.py:3239} INFO - Sync 1 DAGs
[2024-12-04T03:33:03.989+0000] {logging_mixin.py:190} INFO - [2024-12-04T03:33:03.988+0000] {dag.py:4180} INFO - Setting next_dagrun for ETL_quarterly_performance_reports to 2024-12-03 00:00:00+00:00, run_after=2024-12-04 00:00:00+00:00
[2024-12-04T03:33:04.013+0000] {processor.py:208} INFO - Processing /opt/airflow/dags/quarterly_performance_reports_dag.py took 0.872 seconds
[2024-12-04T03:33:35.020+0000] {processor.py:186} INFO - Started process (PID=69260) to work on /opt/airflow/dags/quarterly_performance_reports_dag.py
[2024-12-04T03:33:35.021+0000] {processor.py:914} INFO - Processing file /opt/airflow/dags/quarterly_performance_reports_dag.py for tasks to queue
[2024-12-04T03:33:35.023+0000] {logging_mixin.py:190} INFO - [2024-12-04T03:33:35.023+0000] {dagbag.py:588} INFO - Filling up the DagBag from /opt/airflow/dags/quarterly_performance_reports_dag.py
[2024-12-04T03:33:35.818+0000] {processor.py:925} INFO - DAG(s) 'ETL_quarterly_performance_reports' retrieved from /opt/airflow/dags/quarterly_performance_reports_dag.py
[2024-12-04T03:33:35.971+0000] {logging_mixin.py:190} INFO - [2024-12-04T03:33:35.970+0000] {dag.py:3239} INFO - Sync 1 DAGs
[2024-12-04T03:33:35.993+0000] {logging_mixin.py:190} INFO - [2024-12-04T03:33:35.992+0000] {dag.py:4180} INFO - Setting next_dagrun for ETL_quarterly_performance_reports to 2024-12-03 00:00:00+00:00, run_after=2024-12-04 00:00:00+00:00
[2024-12-04T03:33:36.019+0000] {processor.py:208} INFO - Processing /opt/airflow/dags/quarterly_performance_reports_dag.py took 1.015 seconds
[2024-12-04T03:34:06.882+0000] {processor.py:186} INFO - Started process (PID=69290) to work on /opt/airflow/dags/quarterly_performance_reports_dag.py
[2024-12-04T03:34:06.884+0000] {processor.py:914} INFO - Processing file /opt/airflow/dags/quarterly_performance_reports_dag.py for tasks to queue
[2024-12-04T03:34:06.885+0000] {logging_mixin.py:190} INFO - [2024-12-04T03:34:06.885+0000] {dagbag.py:588} INFO - Filling up the DagBag from /opt/airflow/dags/quarterly_performance_reports_dag.py
[2024-12-04T03:34:07.587+0000] {processor.py:925} INFO - DAG(s) 'ETL_quarterly_performance_reports' retrieved from /opt/airflow/dags/quarterly_performance_reports_dag.py
[2024-12-04T03:34:07.611+0000] {logging_mixin.py:190} INFO - [2024-12-04T03:34:07.611+0000] {dag.py:3239} INFO - Sync 1 DAGs
[2024-12-04T03:34:07.633+0000] {logging_mixin.py:190} INFO - [2024-12-04T03:34:07.633+0000] {dag.py:4180} INFO - Setting next_dagrun for ETL_quarterly_performance_reports to 2024-12-03 00:00:00+00:00, run_after=2024-12-04 00:00:00+00:00
[2024-12-04T03:34:07.654+0000] {processor.py:208} INFO - Processing /opt/airflow/dags/quarterly_performance_reports_dag.py took 0.786 seconds
[2024-12-04T03:34:37.970+0000] {processor.py:186} INFO - Started process (PID=69320) to work on /opt/airflow/dags/quarterly_performance_reports_dag.py
[2024-12-04T03:34:37.971+0000] {processor.py:914} INFO - Processing file /opt/airflow/dags/quarterly_performance_reports_dag.py for tasks to queue
[2024-12-04T03:34:37.974+0000] {logging_mixin.py:190} INFO - [2024-12-04T03:34:37.973+0000] {dagbag.py:588} INFO - Filling up the DagBag from /opt/airflow/dags/quarterly_performance_reports_dag.py
[2024-12-04T03:34:38.686+0000] {processor.py:925} INFO - DAG(s) 'ETL_quarterly_performance_reports' retrieved from /opt/airflow/dags/quarterly_performance_reports_dag.py
[2024-12-04T03:34:38.696+0000] {logging_mixin.py:190} INFO - [2024-12-04T03:34:38.696+0000] {dag.py:3239} INFO - Sync 1 DAGs
[2024-12-04T03:34:38.720+0000] {logging_mixin.py:190} INFO - [2024-12-04T03:34:38.720+0000] {dag.py:4180} INFO - Setting next_dagrun for ETL_quarterly_performance_reports to 2024-12-03 00:00:00+00:00, run_after=2024-12-04 00:00:00+00:00
[2024-12-04T03:34:38.740+0000] {processor.py:208} INFO - Processing /opt/airflow/dags/quarterly_performance_reports_dag.py took 0.785 seconds
[2024-12-04T03:35:09.606+0000] {processor.py:186} INFO - Started process (PID=69350) to work on /opt/airflow/dags/quarterly_performance_reports_dag.py
[2024-12-04T03:35:09.610+0000] {processor.py:914} INFO - Processing file /opt/airflow/dags/quarterly_performance_reports_dag.py for tasks to queue
[2024-12-04T03:35:09.616+0000] {logging_mixin.py:190} INFO - [2024-12-04T03:35:09.615+0000] {dagbag.py:588} INFO - Filling up the DagBag from /opt/airflow/dags/quarterly_performance_reports_dag.py
[2024-12-04T03:35:10.450+0000] {processor.py:925} INFO - DAG(s) 'ETL_quarterly_performance_reports' retrieved from /opt/airflow/dags/quarterly_performance_reports_dag.py
[2024-12-04T03:35:10.570+0000] {logging_mixin.py:190} INFO - [2024-12-04T03:35:10.570+0000] {dag.py:3239} INFO - Sync 1 DAGs
[2024-12-04T03:35:10.594+0000] {logging_mixin.py:190} INFO - [2024-12-04T03:35:10.594+0000] {dag.py:4180} INFO - Setting next_dagrun for ETL_quarterly_performance_reports to 2024-12-03 00:00:00+00:00, run_after=2024-12-04 00:00:00+00:00
[2024-12-04T03:35:10.618+0000] {processor.py:208} INFO - Processing /opt/airflow/dags/quarterly_performance_reports_dag.py took 1.066 seconds
[2024-12-04T03:35:40.911+0000] {processor.py:186} INFO - Started process (PID=69380) to work on /opt/airflow/dags/quarterly_performance_reports_dag.py
[2024-12-04T03:35:40.914+0000] {processor.py:914} INFO - Processing file /opt/airflow/dags/quarterly_performance_reports_dag.py for tasks to queue
[2024-12-04T03:35:40.919+0000] {logging_mixin.py:190} INFO - [2024-12-04T03:35:40.918+0000] {dagbag.py:588} INFO - Filling up the DagBag from /opt/airflow/dags/quarterly_performance_reports_dag.py
[2024-12-04T03:35:41.722+0000] {processor.py:925} INFO - DAG(s) 'ETL_quarterly_performance_reports' retrieved from /opt/airflow/dags/quarterly_performance_reports_dag.py
[2024-12-04T03:35:41.746+0000] {logging_mixin.py:190} INFO - [2024-12-04T03:35:41.746+0000] {dag.py:3239} INFO - Sync 1 DAGs
[2024-12-04T03:35:41.770+0000] {logging_mixin.py:190} INFO - [2024-12-04T03:35:41.770+0000] {dag.py:4180} INFO - Setting next_dagrun for ETL_quarterly_performance_reports to 2024-12-03 00:00:00+00:00, run_after=2024-12-04 00:00:00+00:00
[2024-12-04T03:35:41.794+0000] {processor.py:208} INFO - Processing /opt/airflow/dags/quarterly_performance_reports_dag.py took 0.916 seconds
[2024-12-04T03:36:12.435+0000] {processor.py:186} INFO - Started process (PID=69410) to work on /opt/airflow/dags/quarterly_performance_reports_dag.py
[2024-12-04T03:36:12.437+0000] {processor.py:914} INFO - Processing file /opt/airflow/dags/quarterly_performance_reports_dag.py for tasks to queue
[2024-12-04T03:36:12.438+0000] {logging_mixin.py:190} INFO - [2024-12-04T03:36:12.438+0000] {dagbag.py:588} INFO - Filling up the DagBag from /opt/airflow/dags/quarterly_performance_reports_dag.py
[2024-12-04T03:36:13.253+0000] {processor.py:925} INFO - DAG(s) 'ETL_quarterly_performance_reports' retrieved from /opt/airflow/dags/quarterly_performance_reports_dag.py
[2024-12-04T03:36:13.266+0000] {logging_mixin.py:190} INFO - [2024-12-04T03:36:13.265+0000] {dag.py:3239} INFO - Sync 1 DAGs
[2024-12-04T03:36:13.294+0000] {logging_mixin.py:190} INFO - [2024-12-04T03:36:13.294+0000] {dag.py:4180} INFO - Setting next_dagrun for ETL_quarterly_performance_reports to 2024-12-03 00:00:00+00:00, run_after=2024-12-04 00:00:00+00:00
[2024-12-04T03:36:13.318+0000] {processor.py:208} INFO - Processing /opt/airflow/dags/quarterly_performance_reports_dag.py took 0.899 seconds
[2024-12-04T03:36:44.040+0000] {processor.py:186} INFO - Started process (PID=69440) to work on /opt/airflow/dags/quarterly_performance_reports_dag.py
[2024-12-04T03:36:44.041+0000] {processor.py:914} INFO - Processing file /opt/airflow/dags/quarterly_performance_reports_dag.py for tasks to queue
[2024-12-04T03:36:44.043+0000] {logging_mixin.py:190} INFO - [2024-12-04T03:36:44.042+0000] {dagbag.py:588} INFO - Filling up the DagBag from /opt/airflow/dags/quarterly_performance_reports_dag.py
[2024-12-04T03:36:44.715+0000] {processor.py:925} INFO - DAG(s) 'ETL_quarterly_performance_reports' retrieved from /opt/airflow/dags/quarterly_performance_reports_dag.py
[2024-12-04T03:36:44.832+0000] {logging_mixin.py:190} INFO - [2024-12-04T03:36:44.832+0000] {dag.py:3239} INFO - Sync 1 DAGs
[2024-12-04T03:36:44.853+0000] {logging_mixin.py:190} INFO - [2024-12-04T03:36:44.853+0000] {dag.py:4180} INFO - Setting next_dagrun for ETL_quarterly_performance_reports to 2024-12-03 00:00:00+00:00, run_after=2024-12-04 00:00:00+00:00
[2024-12-04T03:36:44.876+0000] {processor.py:208} INFO - Processing /opt/airflow/dags/quarterly_performance_reports_dag.py took 0.848 seconds
[2024-12-04T03:37:15.112+0000] {processor.py:186} INFO - Started process (PID=69470) to work on /opt/airflow/dags/quarterly_performance_reports_dag.py
[2024-12-04T03:37:15.113+0000] {processor.py:914} INFO - Processing file /opt/airflow/dags/quarterly_performance_reports_dag.py for tasks to queue
[2024-12-04T03:37:15.117+0000] {logging_mixin.py:190} INFO - [2024-12-04T03:37:15.116+0000] {dagbag.py:588} INFO - Filling up the DagBag from /opt/airflow/dags/quarterly_performance_reports_dag.py
[2024-12-04T03:37:15.986+0000] {processor.py:925} INFO - DAG(s) 'ETL_quarterly_performance_reports' retrieved from /opt/airflow/dags/quarterly_performance_reports_dag.py
[2024-12-04T03:37:16.017+0000] {logging_mixin.py:190} INFO - [2024-12-04T03:37:16.016+0000] {dag.py:3239} INFO - Sync 1 DAGs
[2024-12-04T03:37:16.045+0000] {logging_mixin.py:190} INFO - [2024-12-04T03:37:16.045+0000] {dag.py:4180} INFO - Setting next_dagrun for ETL_quarterly_performance_reports to 2024-12-03 00:00:00+00:00, run_after=2024-12-04 00:00:00+00:00
[2024-12-04T03:37:16.071+0000] {processor.py:208} INFO - Processing /opt/airflow/dags/quarterly_performance_reports_dag.py took 0.984 seconds
[2024-12-04T03:37:46.368+0000] {processor.py:186} INFO - Started process (PID=69500) to work on /opt/airflow/dags/quarterly_performance_reports_dag.py
[2024-12-04T03:37:46.370+0000] {processor.py:914} INFO - Processing file /opt/airflow/dags/quarterly_performance_reports_dag.py for tasks to queue
[2024-12-04T03:37:46.372+0000] {logging_mixin.py:190} INFO - [2024-12-04T03:37:46.371+0000] {dagbag.py:588} INFO - Filling up the DagBag from /opt/airflow/dags/quarterly_performance_reports_dag.py
[2024-12-04T03:37:47.459+0000] {processor.py:925} INFO - DAG(s) 'ETL_quarterly_performance_reports' retrieved from /opt/airflow/dags/quarterly_performance_reports_dag.py
[2024-12-04T03:37:47.474+0000] {logging_mixin.py:190} INFO - [2024-12-04T03:37:47.473+0000] {dag.py:3239} INFO - Sync 1 DAGs
[2024-12-04T03:37:47.506+0000] {logging_mixin.py:190} INFO - [2024-12-04T03:37:47.505+0000] {dag.py:4180} INFO - Setting next_dagrun for ETL_quarterly_performance_reports to 2024-12-03 00:00:00+00:00, run_after=2024-12-04 00:00:00+00:00
[2024-12-04T03:37:47.529+0000] {processor.py:208} INFO - Processing /opt/airflow/dags/quarterly_performance_reports_dag.py took 1.181 seconds
[2024-12-04T03:38:18.469+0000] {processor.py:186} INFO - Started process (PID=69530) to work on /opt/airflow/dags/quarterly_performance_reports_dag.py
[2024-12-04T03:38:18.471+0000] {processor.py:914} INFO - Processing file /opt/airflow/dags/quarterly_performance_reports_dag.py for tasks to queue
[2024-12-04T03:38:18.476+0000] {logging_mixin.py:190} INFO - [2024-12-04T03:38:18.475+0000] {dagbag.py:588} INFO - Filling up the DagBag from /opt/airflow/dags/quarterly_performance_reports_dag.py
[2024-12-04T03:38:19.253+0000] {processor.py:925} INFO - DAG(s) 'ETL_quarterly_performance_reports' retrieved from /opt/airflow/dags/quarterly_performance_reports_dag.py
[2024-12-04T03:38:19.374+0000] {logging_mixin.py:190} INFO - [2024-12-04T03:38:19.374+0000] {dag.py:3239} INFO - Sync 1 DAGs
[2024-12-04T03:38:19.397+0000] {logging_mixin.py:190} INFO - [2024-12-04T03:38:19.397+0000] {dag.py:4180} INFO - Setting next_dagrun for ETL_quarterly_performance_reports to 2024-12-03 00:00:00+00:00, run_after=2024-12-04 00:00:00+00:00
[2024-12-04T03:38:19.420+0000] {processor.py:208} INFO - Processing /opt/airflow/dags/quarterly_performance_reports_dag.py took 0.978 seconds
[2024-12-04T03:38:50.130+0000] {processor.py:186} INFO - Started process (PID=69560) to work on /opt/airflow/dags/quarterly_performance_reports_dag.py
[2024-12-04T03:38:50.132+0000] {processor.py:914} INFO - Processing file /opt/airflow/dags/quarterly_performance_reports_dag.py for tasks to queue
[2024-12-04T03:38:50.134+0000] {logging_mixin.py:190} INFO - [2024-12-04T03:38:50.133+0000] {dagbag.py:588} INFO - Filling up the DagBag from /opt/airflow/dags/quarterly_performance_reports_dag.py
[2024-12-04T03:38:51.007+0000] {processor.py:925} INFO - DAG(s) 'ETL_quarterly_performance_reports' retrieved from /opt/airflow/dags/quarterly_performance_reports_dag.py
[2024-12-04T03:38:51.031+0000] {logging_mixin.py:190} INFO - [2024-12-04T03:38:51.030+0000] {dag.py:3239} INFO - Sync 1 DAGs
[2024-12-04T03:38:51.055+0000] {logging_mixin.py:190} INFO - [2024-12-04T03:38:51.054+0000] {dag.py:4180} INFO - Setting next_dagrun for ETL_quarterly_performance_reports to 2024-12-03 00:00:00+00:00, run_after=2024-12-04 00:00:00+00:00
[2024-12-04T03:38:51.073+0000] {processor.py:208} INFO - Processing /opt/airflow/dags/quarterly_performance_reports_dag.py took 0.958 seconds
[2024-12-04T03:39:22.009+0000] {processor.py:186} INFO - Started process (PID=69590) to work on /opt/airflow/dags/quarterly_performance_reports_dag.py
[2024-12-04T03:39:22.013+0000] {processor.py:914} INFO - Processing file /opt/airflow/dags/quarterly_performance_reports_dag.py for tasks to queue
[2024-12-04T03:39:22.019+0000] {logging_mixin.py:190} INFO - [2024-12-04T03:39:22.017+0000] {dagbag.py:588} INFO - Filling up the DagBag from /opt/airflow/dags/quarterly_performance_reports_dag.py
[2024-12-04T03:39:22.972+0000] {processor.py:925} INFO - DAG(s) 'ETL_quarterly_performance_reports' retrieved from /opt/airflow/dags/quarterly_performance_reports_dag.py
[2024-12-04T03:39:22.984+0000] {logging_mixin.py:190} INFO - [2024-12-04T03:39:22.984+0000] {dag.py:3239} INFO - Sync 1 DAGs
[2024-12-04T03:39:23.009+0000] {logging_mixin.py:190} INFO - [2024-12-04T03:39:23.009+0000] {dag.py:4180} INFO - Setting next_dagrun for ETL_quarterly_performance_reports to 2024-12-03 00:00:00+00:00, run_after=2024-12-04 00:00:00+00:00
[2024-12-04T03:39:23.036+0000] {processor.py:208} INFO - Processing /opt/airflow/dags/quarterly_performance_reports_dag.py took 1.073 seconds
[2024-12-04T03:39:53.952+0000] {processor.py:186} INFO - Started process (PID=69620) to work on /opt/airflow/dags/quarterly_performance_reports_dag.py
[2024-12-04T03:39:53.954+0000] {processor.py:914} INFO - Processing file /opt/airflow/dags/quarterly_performance_reports_dag.py for tasks to queue
[2024-12-04T03:39:53.955+0000] {logging_mixin.py:190} INFO - [2024-12-04T03:39:53.955+0000] {dagbag.py:588} INFO - Filling up the DagBag from /opt/airflow/dags/quarterly_performance_reports_dag.py
[2024-12-04T03:39:54.658+0000] {processor.py:925} INFO - DAG(s) 'ETL_quarterly_performance_reports' retrieved from /opt/airflow/dags/quarterly_performance_reports_dag.py
[2024-12-04T03:39:54.775+0000] {logging_mixin.py:190} INFO - [2024-12-04T03:39:54.774+0000] {dag.py:3239} INFO - Sync 1 DAGs
[2024-12-04T03:39:54.797+0000] {logging_mixin.py:190} INFO - [2024-12-04T03:39:54.797+0000] {dag.py:4180} INFO - Setting next_dagrun for ETL_quarterly_performance_reports to 2024-12-03 00:00:00+00:00, run_after=2024-12-04 00:00:00+00:00
[2024-12-04T03:39:54.820+0000] {processor.py:208} INFO - Processing /opt/airflow/dags/quarterly_performance_reports_dag.py took 0.883 seconds
[2024-12-04T03:40:25.064+0000] {processor.py:186} INFO - Started process (PID=69650) to work on /opt/airflow/dags/quarterly_performance_reports_dag.py
[2024-12-04T03:40:25.067+0000] {processor.py:914} INFO - Processing file /opt/airflow/dags/quarterly_performance_reports_dag.py for tasks to queue
[2024-12-04T03:40:25.071+0000] {logging_mixin.py:190} INFO - [2024-12-04T03:40:25.070+0000] {dagbag.py:588} INFO - Filling up the DagBag from /opt/airflow/dags/quarterly_performance_reports_dag.py
[2024-12-04T03:40:26.003+0000] {processor.py:925} INFO - DAG(s) 'ETL_quarterly_performance_reports' retrieved from /opt/airflow/dags/quarterly_performance_reports_dag.py
[2024-12-04T03:40:26.036+0000] {logging_mixin.py:190} INFO - [2024-12-04T03:40:26.035+0000] {dag.py:3239} INFO - Sync 1 DAGs
[2024-12-04T03:40:26.063+0000] {logging_mixin.py:190} INFO - [2024-12-04T03:40:26.063+0000] {dag.py:4180} INFO - Setting next_dagrun for ETL_quarterly_performance_reports to 2024-12-03 00:00:00+00:00, run_after=2024-12-04 00:00:00+00:00
[2024-12-04T03:40:26.091+0000] {processor.py:208} INFO - Processing /opt/airflow/dags/quarterly_performance_reports_dag.py took 1.067 seconds
[2024-12-04T03:40:56.434+0000] {processor.py:186} INFO - Started process (PID=69680) to work on /opt/airflow/dags/quarterly_performance_reports_dag.py
[2024-12-04T03:40:56.438+0000] {processor.py:914} INFO - Processing file /opt/airflow/dags/quarterly_performance_reports_dag.py for tasks to queue
[2024-12-04T03:40:56.443+0000] {logging_mixin.py:190} INFO - [2024-12-04T03:40:56.442+0000] {dagbag.py:588} INFO - Filling up the DagBag from /opt/airflow/dags/quarterly_performance_reports_dag.py
[2024-12-04T03:40:57.326+0000] {processor.py:925} INFO - DAG(s) 'ETL_quarterly_performance_reports' retrieved from /opt/airflow/dags/quarterly_performance_reports_dag.py
[2024-12-04T03:40:57.337+0000] {logging_mixin.py:190} INFO - [2024-12-04T03:40:57.336+0000] {dag.py:3239} INFO - Sync 1 DAGs
[2024-12-04T03:40:57.358+0000] {logging_mixin.py:190} INFO - [2024-12-04T03:40:57.358+0000] {dag.py:4180} INFO - Setting next_dagrun for ETL_quarterly_performance_reports to 2024-12-03 00:00:00+00:00, run_after=2024-12-04 00:00:00+00:00
[2024-12-04T03:40:57.378+0000] {processor.py:208} INFO - Processing /opt/airflow/dags/quarterly_performance_reports_dag.py took 0.986 seconds
[2024-12-04T03:41:27.467+0000] {processor.py:186} INFO - Started process (PID=69710) to work on /opt/airflow/dags/quarterly_performance_reports_dag.py
[2024-12-04T03:41:27.469+0000] {processor.py:914} INFO - Processing file /opt/airflow/dags/quarterly_performance_reports_dag.py for tasks to queue
[2024-12-04T03:41:27.471+0000] {logging_mixin.py:190} INFO - [2024-12-04T03:41:27.471+0000] {dagbag.py:588} INFO - Filling up the DagBag from /opt/airflow/dags/quarterly_performance_reports_dag.py
[2024-12-04T03:41:28.216+0000] {processor.py:925} INFO - DAG(s) 'ETL_quarterly_performance_reports' retrieved from /opt/airflow/dags/quarterly_performance_reports_dag.py
[2024-12-04T03:41:28.366+0000] {logging_mixin.py:190} INFO - [2024-12-04T03:41:28.365+0000] {dag.py:3239} INFO - Sync 1 DAGs
[2024-12-04T03:41:28.388+0000] {logging_mixin.py:190} INFO - [2024-12-04T03:41:28.388+0000] {dag.py:4180} INFO - Setting next_dagrun for ETL_quarterly_performance_reports to 2024-12-03 00:00:00+00:00, run_after=2024-12-04 00:00:00+00:00
[2024-12-04T03:41:28.410+0000] {processor.py:208} INFO - Processing /opt/airflow/dags/quarterly_performance_reports_dag.py took 0.961 seconds
[2024-12-04T03:41:58.931+0000] {processor.py:186} INFO - Started process (PID=69746) to work on /opt/airflow/dags/quarterly_performance_reports_dag.py
[2024-12-04T03:41:58.933+0000] {processor.py:914} INFO - Processing file /opt/airflow/dags/quarterly_performance_reports_dag.py for tasks to queue
[2024-12-04T03:41:58.936+0000] {logging_mixin.py:190} INFO - [2024-12-04T03:41:58.935+0000] {dagbag.py:588} INFO - Filling up the DagBag from /opt/airflow/dags/quarterly_performance_reports_dag.py
[2024-12-04T03:41:59.647+0000] {processor.py:925} INFO - DAG(s) 'ETL_quarterly_performance_reports' retrieved from /opt/airflow/dags/quarterly_performance_reports_dag.py
[2024-12-04T03:41:59.674+0000] {logging_mixin.py:190} INFO - [2024-12-04T03:41:59.673+0000] {dag.py:3239} INFO - Sync 1 DAGs
[2024-12-04T03:41:59.698+0000] {logging_mixin.py:190} INFO - [2024-12-04T03:41:59.697+0000] {dag.py:4180} INFO - Setting next_dagrun for ETL_quarterly_performance_reports to 2024-12-03 00:00:00+00:00, run_after=2024-12-04 00:00:00+00:00
[2024-12-04T03:41:59.722+0000] {processor.py:208} INFO - Processing /opt/airflow/dags/quarterly_performance_reports_dag.py took 0.806 seconds
[2024-12-04T03:42:30.215+0000] {processor.py:186} INFO - Started process (PID=69777) to work on /opt/airflow/dags/quarterly_performance_reports_dag.py
[2024-12-04T03:42:30.216+0000] {processor.py:914} INFO - Processing file /opt/airflow/dags/quarterly_performance_reports_dag.py for tasks to queue
[2024-12-04T03:42:30.218+0000] {logging_mixin.py:190} INFO - [2024-12-04T03:42:30.218+0000] {dagbag.py:588} INFO - Filling up the DagBag from /opt/airflow/dags/quarterly_performance_reports_dag.py
[2024-12-04T03:42:31.026+0000] {processor.py:925} INFO - DAG(s) 'ETL_quarterly_performance_reports' retrieved from /opt/airflow/dags/quarterly_performance_reports_dag.py
[2024-12-04T03:42:31.039+0000] {logging_mixin.py:190} INFO - [2024-12-04T03:42:31.038+0000] {dag.py:3239} INFO - Sync 1 DAGs
[2024-12-04T03:42:31.063+0000] {logging_mixin.py:190} INFO - [2024-12-04T03:42:31.062+0000] {dag.py:4180} INFO - Setting next_dagrun for ETL_quarterly_performance_reports to 2024-12-03 00:00:00+00:00, run_after=2024-12-04 00:00:00+00:00
[2024-12-04T03:42:31.084+0000] {processor.py:208} INFO - Processing /opt/airflow/dags/quarterly_performance_reports_dag.py took 0.883 seconds
[2024-12-04T03:43:01.487+0000] {processor.py:186} INFO - Started process (PID=69808) to work on /opt/airflow/dags/quarterly_performance_reports_dag.py
[2024-12-04T03:43:01.489+0000] {processor.py:914} INFO - Processing file /opt/airflow/dags/quarterly_performance_reports_dag.py for tasks to queue
[2024-12-04T03:43:01.492+0000] {logging_mixin.py:190} INFO - [2024-12-04T03:43:01.491+0000] {dagbag.py:588} INFO - Filling up the DagBag from /opt/airflow/dags/quarterly_performance_reports_dag.py
[2024-12-04T03:43:02.465+0000] {processor.py:925} INFO - DAG(s) 'ETL_quarterly_performance_reports' retrieved from /opt/airflow/dags/quarterly_performance_reports_dag.py
[2024-12-04T03:43:02.628+0000] {logging_mixin.py:190} INFO - [2024-12-04T03:43:02.627+0000] {dag.py:3239} INFO - Sync 1 DAGs
[2024-12-04T03:43:02.664+0000] {logging_mixin.py:190} INFO - [2024-12-04T03:43:02.663+0000] {dag.py:4180} INFO - Setting next_dagrun for ETL_quarterly_performance_reports to 2024-12-03 00:00:00+00:00, run_after=2024-12-04 00:00:00+00:00
[2024-12-04T03:43:02.690+0000] {processor.py:208} INFO - Processing /opt/airflow/dags/quarterly_performance_reports_dag.py took 1.226 seconds
