[2024-12-04T03:30:22.322+0000] {processor.py:186} INFO - Started process (PID=69056) to work on /opt/airflow/dags/usa_spending_dag.py
[2024-12-04T03:30:22.327+0000] {processor.py:914} INFO - Processing file /opt/airflow/dags/usa_spending_dag.py for tasks to queue
[2024-12-04T03:30:22.336+0000] {logging_mixin.py:190} INFO - [2024-12-04T03:30:22.335+0000] {dagbag.py:588} INFO - Filling up the DagBag from /opt/airflow/dags/usa_spending_dag.py
[2024-12-04T03:30:25.867+0000] {processor.py:925} INFO - DAG(s) 'ETL_usa_spending' retrieved from /opt/airflow/dags/usa_spending_dag.py
[2024-12-04T03:30:26.258+0000] {logging_mixin.py:190} INFO - [2024-12-04T03:30:26.250+0000] {dag.py:3239} INFO - Sync 1 DAGs
[2024-12-04T03:30:26.357+0000] {logging_mixin.py:190} INFO - [2024-12-04T03:30:26.357+0000] {dag.py:4180} INFO - Setting next_dagrun for ETL_usa_spending to 2024-12-03 00:00:00+00:00, run_after=2024-12-04 00:00:00+00:00
[2024-12-04T03:30:26.438+0000] {processor.py:208} INFO - Processing /opt/airflow/dags/usa_spending_dag.py took 4.148 seconds
[2024-12-04T03:30:56.758+0000] {processor.py:186} INFO - Started process (PID=69104) to work on /opt/airflow/dags/usa_spending_dag.py
[2024-12-04T03:30:56.759+0000] {processor.py:914} INFO - Processing file /opt/airflow/dags/usa_spending_dag.py for tasks to queue
[2024-12-04T03:30:56.763+0000] {logging_mixin.py:190} INFO - [2024-12-04T03:30:56.762+0000] {dagbag.py:588} INFO - Filling up the DagBag from /opt/airflow/dags/usa_spending_dag.py
[2024-12-04T03:30:57.676+0000] {processor.py:925} INFO - DAG(s) 'ETL_usa_spending' retrieved from /opt/airflow/dags/usa_spending_dag.py
[2024-12-04T03:30:57.709+0000] {logging_mixin.py:190} INFO - [2024-12-04T03:30:57.708+0000] {dag.py:3239} INFO - Sync 1 DAGs
[2024-12-04T03:30:57.744+0000] {logging_mixin.py:190} INFO - [2024-12-04T03:30:57.744+0000] {dag.py:4180} INFO - Setting next_dagrun for ETL_usa_spending to 2024-12-03 00:00:00+00:00, run_after=2024-12-04 00:00:00+00:00
[2024-12-04T03:30:57.778+0000] {processor.py:208} INFO - Processing /opt/airflow/dags/usa_spending_dag.py took 1.040 seconds
[2024-12-04T03:31:27.966+0000] {processor.py:186} INFO - Started process (PID=69134) to work on /opt/airflow/dags/usa_spending_dag.py
[2024-12-04T03:31:27.968+0000] {processor.py:914} INFO - Processing file /opt/airflow/dags/usa_spending_dag.py for tasks to queue
[2024-12-04T03:31:27.970+0000] {logging_mixin.py:190} INFO - [2024-12-04T03:31:27.969+0000] {dagbag.py:588} INFO - Filling up the DagBag from /opt/airflow/dags/usa_spending_dag.py
[2024-12-04T03:31:28.836+0000] {processor.py:925} INFO - DAG(s) 'ETL_usa_spending' retrieved from /opt/airflow/dags/usa_spending_dag.py
[2024-12-04T03:31:28.848+0000] {logging_mixin.py:190} INFO - [2024-12-04T03:31:28.848+0000] {dag.py:3239} INFO - Sync 1 DAGs
[2024-12-04T03:31:28.877+0000] {logging_mixin.py:190} INFO - [2024-12-04T03:31:28.877+0000] {dag.py:4180} INFO - Setting next_dagrun for ETL_usa_spending to 2024-12-03 00:00:00+00:00, run_after=2024-12-04 00:00:00+00:00
[2024-12-04T03:31:28.898+0000] {processor.py:208} INFO - Processing /opt/airflow/dags/usa_spending_dag.py took 0.950 seconds
[2024-12-04T03:31:59.303+0000] {processor.py:186} INFO - Started process (PID=69164) to work on /opt/airflow/dags/usa_spending_dag.py
[2024-12-04T03:31:59.308+0000] {processor.py:914} INFO - Processing file /opt/airflow/dags/usa_spending_dag.py for tasks to queue
[2024-12-04T03:31:59.313+0000] {logging_mixin.py:190} INFO - [2024-12-04T03:31:59.312+0000] {dagbag.py:588} INFO - Filling up the DagBag from /opt/airflow/dags/usa_spending_dag.py
[2024-12-04T03:32:00.369+0000] {processor.py:925} INFO - DAG(s) 'ETL_usa_spending' retrieved from /opt/airflow/dags/usa_spending_dag.py
[2024-12-04T03:32:00.575+0000] {logging_mixin.py:190} INFO - [2024-12-04T03:32:00.574+0000] {dag.py:3239} INFO - Sync 1 DAGs
[2024-12-04T03:32:00.609+0000] {logging_mixin.py:190} INFO - [2024-12-04T03:32:00.608+0000] {dag.py:4180} INFO - Setting next_dagrun for ETL_usa_spending to 2024-12-03 00:00:00+00:00, run_after=2024-12-04 00:00:00+00:00
[2024-12-04T03:32:00.647+0000] {processor.py:208} INFO - Processing /opt/airflow/dags/usa_spending_dag.py took 1.400 seconds
[2024-12-04T03:32:31.178+0000] {processor.py:186} INFO - Started process (PID=69194) to work on /opt/airflow/dags/usa_spending_dag.py
[2024-12-04T03:32:31.179+0000] {processor.py:914} INFO - Processing file /opt/airflow/dags/usa_spending_dag.py for tasks to queue
[2024-12-04T03:32:31.183+0000] {logging_mixin.py:190} INFO - [2024-12-04T03:32:31.182+0000] {dagbag.py:588} INFO - Filling up the DagBag from /opt/airflow/dags/usa_spending_dag.py
[2024-12-04T03:32:31.912+0000] {processor.py:925} INFO - DAG(s) 'ETL_usa_spending' retrieved from /opt/airflow/dags/usa_spending_dag.py
[2024-12-04T03:32:31.937+0000] {logging_mixin.py:190} INFO - [2024-12-04T03:32:31.937+0000] {dag.py:3239} INFO - Sync 1 DAGs
[2024-12-04T03:32:31.962+0000] {logging_mixin.py:190} INFO - [2024-12-04T03:32:31.961+0000] {dag.py:4180} INFO - Setting next_dagrun for ETL_usa_spending to 2024-12-03 00:00:00+00:00, run_after=2024-12-04 00:00:00+00:00
[2024-12-04T03:32:31.986+0000] {processor.py:208} INFO - Processing /opt/airflow/dags/usa_spending_dag.py took 0.825 seconds
[2024-12-04T03:33:02.334+0000] {processor.py:186} INFO - Started process (PID=69224) to work on /opt/airflow/dags/usa_spending_dag.py
[2024-12-04T03:33:02.335+0000] {processor.py:914} INFO - Processing file /opt/airflow/dags/usa_spending_dag.py for tasks to queue
[2024-12-04T03:33:02.338+0000] {logging_mixin.py:190} INFO - [2024-12-04T03:33:02.337+0000] {dagbag.py:588} INFO - Filling up the DagBag from /opt/airflow/dags/usa_spending_dag.py
[2024-12-04T03:33:03.428+0000] {processor.py:925} INFO - DAG(s) 'ETL_usa_spending' retrieved from /opt/airflow/dags/usa_spending_dag.py
[2024-12-04T03:33:03.441+0000] {logging_mixin.py:190} INFO - [2024-12-04T03:33:03.440+0000] {dag.py:3239} INFO - Sync 1 DAGs
[2024-12-04T03:33:03.470+0000] {logging_mixin.py:190} INFO - [2024-12-04T03:33:03.470+0000] {dag.py:4180} INFO - Setting next_dagrun for ETL_usa_spending to 2024-12-03 00:00:00+00:00, run_after=2024-12-04 00:00:00+00:00
[2024-12-04T03:33:03.493+0000] {processor.py:208} INFO - Processing /opt/airflow/dags/usa_spending_dag.py took 1.179 seconds
[2024-12-04T03:33:33.991+0000] {processor.py:186} INFO - Started process (PID=69254) to work on /opt/airflow/dags/usa_spending_dag.py
[2024-12-04T03:33:33.992+0000] {processor.py:914} INFO - Processing file /opt/airflow/dags/usa_spending_dag.py for tasks to queue
[2024-12-04T03:33:33.994+0000] {logging_mixin.py:190} INFO - [2024-12-04T03:33:33.994+0000] {dagbag.py:588} INFO - Filling up the DagBag from /opt/airflow/dags/usa_spending_dag.py
[2024-12-04T03:33:34.731+0000] {processor.py:925} INFO - DAG(s) 'ETL_usa_spending' retrieved from /opt/airflow/dags/usa_spending_dag.py
[2024-12-04T03:33:34.889+0000] {logging_mixin.py:190} INFO - [2024-12-04T03:33:34.889+0000] {dag.py:3239} INFO - Sync 1 DAGs
[2024-12-04T03:33:34.946+0000] {logging_mixin.py:190} INFO - [2024-12-04T03:33:34.946+0000] {dag.py:4180} INFO - Setting next_dagrun for ETL_usa_spending to 2024-12-03 00:00:00+00:00, run_after=2024-12-04 00:00:00+00:00
[2024-12-04T03:33:34.979+0000] {processor.py:208} INFO - Processing /opt/airflow/dags/usa_spending_dag.py took 1.001 seconds
[2024-12-04T03:34:05.135+0000] {processor.py:186} INFO - Started process (PID=69284) to work on /opt/airflow/dags/usa_spending_dag.py
[2024-12-04T03:34:05.137+0000] {processor.py:914} INFO - Processing file /opt/airflow/dags/usa_spending_dag.py for tasks to queue
[2024-12-04T03:34:05.139+0000] {logging_mixin.py:190} INFO - [2024-12-04T03:34:05.138+0000] {dagbag.py:588} INFO - Filling up the DagBag from /opt/airflow/dags/usa_spending_dag.py
[2024-12-04T03:34:05.837+0000] {processor.py:925} INFO - DAG(s) 'ETL_usa_spending' retrieved from /opt/airflow/dags/usa_spending_dag.py
[2024-12-04T03:34:05.864+0000] {logging_mixin.py:190} INFO - [2024-12-04T03:34:05.863+0000] {dag.py:3239} INFO - Sync 1 DAGs
[2024-12-04T03:34:05.887+0000] {logging_mixin.py:190} INFO - [2024-12-04T03:34:05.887+0000] {dag.py:4180} INFO - Setting next_dagrun for ETL_usa_spending to 2024-12-03 00:00:00+00:00, run_after=2024-12-04 00:00:00+00:00
[2024-12-04T03:34:05.908+0000] {processor.py:208} INFO - Processing /opt/airflow/dags/usa_spending_dag.py took 0.791 seconds
[2024-12-04T03:34:36.057+0000] {processor.py:186} INFO - Started process (PID=69314) to work on /opt/airflow/dags/usa_spending_dag.py
[2024-12-04T03:34:36.058+0000] {processor.py:914} INFO - Processing file /opt/airflow/dags/usa_spending_dag.py for tasks to queue
[2024-12-04T03:34:36.060+0000] {logging_mixin.py:190} INFO - [2024-12-04T03:34:36.060+0000] {dagbag.py:588} INFO - Filling up the DagBag from /opt/airflow/dags/usa_spending_dag.py
[2024-12-04T03:34:36.821+0000] {processor.py:925} INFO - DAG(s) 'ETL_usa_spending' retrieved from /opt/airflow/dags/usa_spending_dag.py
[2024-12-04T03:34:36.832+0000] {logging_mixin.py:190} INFO - [2024-12-04T03:34:36.831+0000] {dag.py:3239} INFO - Sync 1 DAGs
[2024-12-04T03:34:36.855+0000] {logging_mixin.py:190} INFO - [2024-12-04T03:34:36.855+0000] {dag.py:4180} INFO - Setting next_dagrun for ETL_usa_spending to 2024-12-03 00:00:00+00:00, run_after=2024-12-04 00:00:00+00:00
[2024-12-04T03:34:36.875+0000] {processor.py:208} INFO - Processing /opt/airflow/dags/usa_spending_dag.py took 0.834 seconds
[2024-12-04T03:35:07.515+0000] {processor.py:186} INFO - Started process (PID=69344) to work on /opt/airflow/dags/usa_spending_dag.py
[2024-12-04T03:35:07.518+0000] {processor.py:914} INFO - Processing file /opt/airflow/dags/usa_spending_dag.py for tasks to queue
[2024-12-04T03:35:07.526+0000] {logging_mixin.py:190} INFO - [2024-12-04T03:35:07.524+0000] {dagbag.py:588} INFO - Filling up the DagBag from /opt/airflow/dags/usa_spending_dag.py
[2024-12-04T03:35:08.452+0000] {processor.py:925} INFO - DAG(s) 'ETL_usa_spending' retrieved from /opt/airflow/dags/usa_spending_dag.py
[2024-12-04T03:35:08.579+0000] {logging_mixin.py:190} INFO - [2024-12-04T03:35:08.578+0000] {dag.py:3239} INFO - Sync 1 DAGs
[2024-12-04T03:35:08.600+0000] {logging_mixin.py:190} INFO - [2024-12-04T03:35:08.599+0000] {dag.py:4180} INFO - Setting next_dagrun for ETL_usa_spending to 2024-12-03 00:00:00+00:00, run_after=2024-12-04 00:00:00+00:00
[2024-12-04T03:35:08.625+0000] {processor.py:208} INFO - Processing /opt/airflow/dags/usa_spending_dag.py took 1.160 seconds
[2024-12-04T03:35:38.873+0000] {processor.py:186} INFO - Started process (PID=69374) to work on /opt/airflow/dags/usa_spending_dag.py
[2024-12-04T03:35:38.877+0000] {processor.py:914} INFO - Processing file /opt/airflow/dags/usa_spending_dag.py for tasks to queue
[2024-12-04T03:35:38.884+0000] {logging_mixin.py:190} INFO - [2024-12-04T03:35:38.882+0000] {dagbag.py:588} INFO - Filling up the DagBag from /opt/airflow/dags/usa_spending_dag.py
[2024-12-04T03:35:40.102+0000] {processor.py:925} INFO - DAG(s) 'ETL_usa_spending' retrieved from /opt/airflow/dags/usa_spending_dag.py
[2024-12-04T03:35:40.129+0000] {logging_mixin.py:190} INFO - [2024-12-04T03:35:40.129+0000] {dag.py:3239} INFO - Sync 1 DAGs
[2024-12-04T03:35:40.157+0000] {logging_mixin.py:190} INFO - [2024-12-04T03:35:40.157+0000] {dag.py:4180} INFO - Setting next_dagrun for ETL_usa_spending to 2024-12-03 00:00:00+00:00, run_after=2024-12-04 00:00:00+00:00
[2024-12-04T03:35:40.179+0000] {processor.py:208} INFO - Processing /opt/airflow/dags/usa_spending_dag.py took 1.360 seconds
[2024-12-04T03:36:10.498+0000] {processor.py:186} INFO - Started process (PID=69404) to work on /opt/airflow/dags/usa_spending_dag.py
[2024-12-04T03:36:10.500+0000] {processor.py:914} INFO - Processing file /opt/airflow/dags/usa_spending_dag.py for tasks to queue
[2024-12-04T03:36:10.503+0000] {logging_mixin.py:190} INFO - [2024-12-04T03:36:10.502+0000] {dagbag.py:588} INFO - Filling up the DagBag from /opt/airflow/dags/usa_spending_dag.py
[2024-12-04T03:36:11.287+0000] {processor.py:925} INFO - DAG(s) 'ETL_usa_spending' retrieved from /opt/airflow/dags/usa_spending_dag.py
[2024-12-04T03:36:11.298+0000] {logging_mixin.py:190} INFO - [2024-12-04T03:36:11.298+0000] {dag.py:3239} INFO - Sync 1 DAGs
[2024-12-04T03:36:11.323+0000] {logging_mixin.py:190} INFO - [2024-12-04T03:36:11.323+0000] {dag.py:4180} INFO - Setting next_dagrun for ETL_usa_spending to 2024-12-03 00:00:00+00:00, run_after=2024-12-04 00:00:00+00:00
[2024-12-04T03:36:11.345+0000] {processor.py:208} INFO - Processing /opt/airflow/dags/usa_spending_dag.py took 0.862 seconds
[2024-12-04T03:36:42.089+0000] {processor.py:186} INFO - Started process (PID=69434) to work on /opt/airflow/dags/usa_spending_dag.py
[2024-12-04T03:36:42.090+0000] {processor.py:914} INFO - Processing file /opt/airflow/dags/usa_spending_dag.py for tasks to queue
[2024-12-04T03:36:42.092+0000] {logging_mixin.py:190} INFO - [2024-12-04T03:36:42.092+0000] {dagbag.py:588} INFO - Filling up the DagBag from /opt/airflow/dags/usa_spending_dag.py
[2024-12-04T03:36:42.803+0000] {processor.py:925} INFO - DAG(s) 'ETL_usa_spending' retrieved from /opt/airflow/dags/usa_spending_dag.py
[2024-12-04T03:36:42.920+0000] {logging_mixin.py:190} INFO - [2024-12-04T03:36:42.919+0000] {dag.py:3239} INFO - Sync 1 DAGs
[2024-12-04T03:36:42.941+0000] {logging_mixin.py:190} INFO - [2024-12-04T03:36:42.940+0000] {dag.py:4180} INFO - Setting next_dagrun for ETL_usa_spending to 2024-12-03 00:00:00+00:00, run_after=2024-12-04 00:00:00+00:00
[2024-12-04T03:36:42.962+0000] {processor.py:208} INFO - Processing /opt/airflow/dags/usa_spending_dag.py took 0.887 seconds
[2024-12-04T03:37:13.039+0000] {processor.py:186} INFO - Started process (PID=69464) to work on /opt/airflow/dags/usa_spending_dag.py
[2024-12-04T03:37:13.041+0000] {processor.py:914} INFO - Processing file /opt/airflow/dags/usa_spending_dag.py for tasks to queue
[2024-12-04T03:37:13.042+0000] {logging_mixin.py:190} INFO - [2024-12-04T03:37:13.042+0000] {dagbag.py:588} INFO - Filling up the DagBag from /opt/airflow/dags/usa_spending_dag.py
[2024-12-04T03:37:13.921+0000] {processor.py:925} INFO - DAG(s) 'ETL_usa_spending' retrieved from /opt/airflow/dags/usa_spending_dag.py
[2024-12-04T03:37:13.946+0000] {logging_mixin.py:190} INFO - [2024-12-04T03:37:13.945+0000] {dag.py:3239} INFO - Sync 1 DAGs
[2024-12-04T03:37:13.973+0000] {logging_mixin.py:190} INFO - [2024-12-04T03:37:13.973+0000] {dag.py:4180} INFO - Setting next_dagrun for ETL_usa_spending to 2024-12-03 00:00:00+00:00, run_after=2024-12-04 00:00:00+00:00
[2024-12-04T03:37:13.999+0000] {processor.py:208} INFO - Processing /opt/airflow/dags/usa_spending_dag.py took 0.975 seconds
[2024-12-04T03:37:44.329+0000] {processor.py:186} INFO - Started process (PID=69494) to work on /opt/airflow/dags/usa_spending_dag.py
[2024-12-04T03:37:44.331+0000] {processor.py:914} INFO - Processing file /opt/airflow/dags/usa_spending_dag.py for tasks to queue
[2024-12-04T03:37:44.334+0000] {logging_mixin.py:190} INFO - [2024-12-04T03:37:44.333+0000] {dagbag.py:588} INFO - Filling up the DagBag from /opt/airflow/dags/usa_spending_dag.py
[2024-12-04T03:37:45.477+0000] {processor.py:925} INFO - DAG(s) 'ETL_usa_spending' retrieved from /opt/airflow/dags/usa_spending_dag.py
[2024-12-04T03:37:45.491+0000] {logging_mixin.py:190} INFO - [2024-12-04T03:37:45.490+0000] {dag.py:3239} INFO - Sync 1 DAGs
[2024-12-04T03:37:45.519+0000] {logging_mixin.py:190} INFO - [2024-12-04T03:37:45.519+0000] {dag.py:4180} INFO - Setting next_dagrun for ETL_usa_spending to 2024-12-03 00:00:00+00:00, run_after=2024-12-04 00:00:00+00:00
[2024-12-04T03:37:45.548+0000] {processor.py:208} INFO - Processing /opt/airflow/dags/usa_spending_dag.py took 1.256 seconds
[2024-12-04T03:38:16.161+0000] {processor.py:186} INFO - Started process (PID=69524) to work on /opt/airflow/dags/usa_spending_dag.py
[2024-12-04T03:38:16.165+0000] {processor.py:914} INFO - Processing file /opt/airflow/dags/usa_spending_dag.py for tasks to queue
[2024-12-04T03:38:16.172+0000] {logging_mixin.py:190} INFO - [2024-12-04T03:38:16.170+0000] {dagbag.py:588} INFO - Filling up the DagBag from /opt/airflow/dags/usa_spending_dag.py
[2024-12-04T03:38:17.230+0000] {processor.py:925} INFO - DAG(s) 'ETL_usa_spending' retrieved from /opt/airflow/dags/usa_spending_dag.py
[2024-12-04T03:38:17.348+0000] {logging_mixin.py:190} INFO - [2024-12-04T03:38:17.347+0000] {dag.py:3239} INFO - Sync 1 DAGs
[2024-12-04T03:38:17.371+0000] {logging_mixin.py:190} INFO - [2024-12-04T03:38:17.371+0000] {dag.py:4180} INFO - Setting next_dagrun for ETL_usa_spending to 2024-12-03 00:00:00+00:00, run_after=2024-12-04 00:00:00+00:00
[2024-12-04T03:38:17.391+0000] {processor.py:208} INFO - Processing /opt/airflow/dags/usa_spending_dag.py took 1.289 seconds
[2024-12-04T03:38:48.083+0000] {processor.py:186} INFO - Started process (PID=69554) to work on /opt/airflow/dags/usa_spending_dag.py
[2024-12-04T03:38:48.084+0000] {processor.py:914} INFO - Processing file /opt/airflow/dags/usa_spending_dag.py for tasks to queue
[2024-12-04T03:38:48.086+0000] {logging_mixin.py:190} INFO - [2024-12-04T03:38:48.086+0000] {dagbag.py:588} INFO - Filling up the DagBag from /opt/airflow/dags/usa_spending_dag.py
[2024-12-04T03:38:49.057+0000] {processor.py:925} INFO - DAG(s) 'ETL_usa_spending' retrieved from /opt/airflow/dags/usa_spending_dag.py
[2024-12-04T03:38:49.080+0000] {logging_mixin.py:190} INFO - [2024-12-04T03:38:49.080+0000] {dag.py:3239} INFO - Sync 1 DAGs
[2024-12-04T03:38:49.101+0000] {logging_mixin.py:190} INFO - [2024-12-04T03:38:49.100+0000] {dag.py:4180} INFO - Setting next_dagrun for ETL_usa_spending to 2024-12-03 00:00:00+00:00, run_after=2024-12-04 00:00:00+00:00
[2024-12-04T03:38:49.118+0000] {processor.py:208} INFO - Processing /opt/airflow/dags/usa_spending_dag.py took 1.060 seconds
[2024-12-04T03:39:19.971+0000] {processor.py:186} INFO - Started process (PID=69584) to work on /opt/airflow/dags/usa_spending_dag.py
[2024-12-04T03:39:19.972+0000] {processor.py:914} INFO - Processing file /opt/airflow/dags/usa_spending_dag.py for tasks to queue
[2024-12-04T03:39:19.974+0000] {logging_mixin.py:190} INFO - [2024-12-04T03:39:19.974+0000] {dagbag.py:588} INFO - Filling up the DagBag from /opt/airflow/dags/usa_spending_dag.py
[2024-12-04T03:39:20.732+0000] {processor.py:925} INFO - DAG(s) 'ETL_usa_spending' retrieved from /opt/airflow/dags/usa_spending_dag.py
[2024-12-04T03:39:20.747+0000] {logging_mixin.py:190} INFO - [2024-12-04T03:39:20.746+0000] {dag.py:3239} INFO - Sync 1 DAGs
[2024-12-04T03:39:20.778+0000] {logging_mixin.py:190} INFO - [2024-12-04T03:39:20.778+0000] {dag.py:4180} INFO - Setting next_dagrun for ETL_usa_spending to 2024-12-03 00:00:00+00:00, run_after=2024-12-04 00:00:00+00:00
[2024-12-04T03:39:20.805+0000] {processor.py:208} INFO - Processing /opt/airflow/dags/usa_spending_dag.py took 0.851 seconds
[2024-12-04T03:39:50.923+0000] {processor.py:186} INFO - Started process (PID=69614) to work on /opt/airflow/dags/usa_spending_dag.py
[2024-12-04T03:39:50.924+0000] {processor.py:914} INFO - Processing file /opt/airflow/dags/usa_spending_dag.py for tasks to queue
[2024-12-04T03:39:50.926+0000] {logging_mixin.py:190} INFO - [2024-12-04T03:39:50.926+0000] {dagbag.py:588} INFO - Filling up the DagBag from /opt/airflow/dags/usa_spending_dag.py
[2024-12-04T03:39:51.657+0000] {processor.py:925} INFO - DAG(s) 'ETL_usa_spending' retrieved from /opt/airflow/dags/usa_spending_dag.py
[2024-12-04T03:39:51.769+0000] {logging_mixin.py:190} INFO - [2024-12-04T03:39:51.768+0000] {dag.py:3239} INFO - Sync 1 DAGs
[2024-12-04T03:39:51.787+0000] {logging_mixin.py:190} INFO - [2024-12-04T03:39:51.787+0000] {dag.py:4180} INFO - Setting next_dagrun for ETL_usa_spending to 2024-12-03 00:00:00+00:00, run_after=2024-12-04 00:00:00+00:00
[2024-12-04T03:39:51.811+0000] {processor.py:208} INFO - Processing /opt/airflow/dags/usa_spending_dag.py took 0.902 seconds
[2024-12-04T03:40:21.920+0000] {processor.py:186} INFO - Started process (PID=69644) to work on /opt/airflow/dags/usa_spending_dag.py
[2024-12-04T03:40:21.922+0000] {processor.py:914} INFO - Processing file /opt/airflow/dags/usa_spending_dag.py for tasks to queue
[2024-12-04T03:40:21.924+0000] {logging_mixin.py:190} INFO - [2024-12-04T03:40:21.923+0000] {dagbag.py:588} INFO - Filling up the DagBag from /opt/airflow/dags/usa_spending_dag.py
[2024-12-04T03:40:22.639+0000] {processor.py:925} INFO - DAG(s) 'ETL_usa_spending' retrieved from /opt/airflow/dags/usa_spending_dag.py
[2024-12-04T03:40:22.661+0000] {logging_mixin.py:190} INFO - [2024-12-04T03:40:22.661+0000] {dag.py:3239} INFO - Sync 1 DAGs
[2024-12-04T03:40:22.682+0000] {logging_mixin.py:190} INFO - [2024-12-04T03:40:22.682+0000] {dag.py:4180} INFO - Setting next_dagrun for ETL_usa_spending to 2024-12-03 00:00:00+00:00, run_after=2024-12-04 00:00:00+00:00
[2024-12-04T03:40:22.702+0000] {processor.py:208} INFO - Processing /opt/airflow/dags/usa_spending_dag.py took 0.795 seconds
[2024-12-04T03:40:53.011+0000] {processor.py:186} INFO - Started process (PID=69674) to work on /opt/airflow/dags/usa_spending_dag.py
[2024-12-04T03:40:53.012+0000] {processor.py:914} INFO - Processing file /opt/airflow/dags/usa_spending_dag.py for tasks to queue
[2024-12-04T03:40:53.013+0000] {logging_mixin.py:190} INFO - [2024-12-04T03:40:53.013+0000] {dagbag.py:588} INFO - Filling up the DagBag from /opt/airflow/dags/usa_spending_dag.py
[2024-12-04T03:40:53.776+0000] {processor.py:925} INFO - DAG(s) 'ETL_usa_spending' retrieved from /opt/airflow/dags/usa_spending_dag.py
[2024-12-04T03:40:53.786+0000] {logging_mixin.py:190} INFO - [2024-12-04T03:40:53.786+0000] {dag.py:3239} INFO - Sync 1 DAGs
[2024-12-04T03:40:53.808+0000] {logging_mixin.py:190} INFO - [2024-12-04T03:40:53.808+0000] {dag.py:4180} INFO - Setting next_dagrun for ETL_usa_spending to 2024-12-03 00:00:00+00:00, run_after=2024-12-04 00:00:00+00:00
[2024-12-04T03:40:53.830+0000] {processor.py:208} INFO - Processing /opt/airflow/dags/usa_spending_dag.py took 0.835 seconds
[2024-12-04T03:41:24.122+0000] {processor.py:186} INFO - Started process (PID=69704) to work on /opt/airflow/dags/usa_spending_dag.py
[2024-12-04T03:41:24.123+0000] {processor.py:914} INFO - Processing file /opt/airflow/dags/usa_spending_dag.py for tasks to queue
[2024-12-04T03:41:24.125+0000] {logging_mixin.py:190} INFO - [2024-12-04T03:41:24.124+0000] {dagbag.py:588} INFO - Filling up the DagBag from /opt/airflow/dags/usa_spending_dag.py
[2024-12-04T03:41:24.882+0000] {processor.py:925} INFO - DAG(s) 'ETL_usa_spending' retrieved from /opt/airflow/dags/usa_spending_dag.py
[2024-12-04T03:41:24.998+0000] {logging_mixin.py:190} INFO - [2024-12-04T03:41:24.997+0000] {dag.py:3239} INFO - Sync 1 DAGs
[2024-12-04T03:41:25.019+0000] {logging_mixin.py:190} INFO - [2024-12-04T03:41:25.019+0000] {dag.py:4180} INFO - Setting next_dagrun for ETL_usa_spending to 2024-12-03 00:00:00+00:00, run_after=2024-12-04 00:00:00+00:00
[2024-12-04T03:41:25.049+0000] {processor.py:208} INFO - Processing /opt/airflow/dags/usa_spending_dag.py took 0.939 seconds
[2024-12-04T03:41:56.022+0000] {processor.py:186} INFO - Started process (PID=69734) to work on /opt/airflow/dags/usa_spending_dag.py
[2024-12-04T03:41:56.023+0000] {processor.py:914} INFO - Processing file /opt/airflow/dags/usa_spending_dag.py for tasks to queue
[2024-12-04T03:41:56.024+0000] {logging_mixin.py:190} INFO - [2024-12-04T03:41:56.024+0000] {dagbag.py:588} INFO - Filling up the DagBag from /opt/airflow/dags/usa_spending_dag.py
[2024-12-04T03:41:56.752+0000] {processor.py:925} INFO - DAG(s) 'ETL_usa_spending' retrieved from /opt/airflow/dags/usa_spending_dag.py
[2024-12-04T03:41:56.775+0000] {logging_mixin.py:190} INFO - [2024-12-04T03:41:56.775+0000] {dag.py:3239} INFO - Sync 1 DAGs
[2024-12-04T03:41:56.797+0000] {logging_mixin.py:190} INFO - [2024-12-04T03:41:56.797+0000] {dag.py:4180} INFO - Setting next_dagrun for ETL_usa_spending to 2024-12-03 00:00:00+00:00, run_after=2024-12-04 00:00:00+00:00
[2024-12-04T03:41:56.827+0000] {processor.py:208} INFO - Processing /opt/airflow/dags/usa_spending_dag.py took 0.818 seconds
[2024-12-04T03:42:27.211+0000] {processor.py:186} INFO - Started process (PID=69764) to work on /opt/airflow/dags/usa_spending_dag.py
[2024-12-04T03:42:27.214+0000] {processor.py:914} INFO - Processing file /opt/airflow/dags/usa_spending_dag.py for tasks to queue
[2024-12-04T03:42:27.220+0000] {logging_mixin.py:190} INFO - [2024-12-04T03:42:27.218+0000] {dagbag.py:588} INFO - Filling up the DagBag from /opt/airflow/dags/usa_spending_dag.py
[2024-12-04T03:42:28.173+0000] {processor.py:925} INFO - DAG(s) 'ETL_usa_spending' retrieved from /opt/airflow/dags/usa_spending_dag.py
[2024-12-04T03:42:28.184+0000] {logging_mixin.py:190} INFO - [2024-12-04T03:42:28.183+0000] {dag.py:3239} INFO - Sync 1 DAGs
[2024-12-04T03:42:28.208+0000] {logging_mixin.py:190} INFO - [2024-12-04T03:42:28.208+0000] {dag.py:4180} INFO - Setting next_dagrun for ETL_usa_spending to 2024-12-03 00:00:00+00:00, run_after=2024-12-04 00:00:00+00:00
[2024-12-04T03:42:28.228+0000] {processor.py:208} INFO - Processing /opt/airflow/dags/usa_spending_dag.py took 1.058 seconds
[2024-12-04T03:42:58.427+0000] {processor.py:186} INFO - Started process (PID=69802) to work on /opt/airflow/dags/usa_spending_dag.py
[2024-12-04T03:42:58.428+0000] {processor.py:914} INFO - Processing file /opt/airflow/dags/usa_spending_dag.py for tasks to queue
[2024-12-04T03:42:58.431+0000] {logging_mixin.py:190} INFO - [2024-12-04T03:42:58.430+0000] {dagbag.py:588} INFO - Filling up the DagBag from /opt/airflow/dags/usa_spending_dag.py
[2024-12-04T03:42:59.364+0000] {processor.py:925} INFO - DAG(s) 'ETL_usa_spending' retrieved from /opt/airflow/dags/usa_spending_dag.py
[2024-12-04T03:42:59.533+0000] {logging_mixin.py:190} INFO - [2024-12-04T03:42:59.532+0000] {dag.py:3239} INFO - Sync 1 DAGs
[2024-12-04T03:42:59.567+0000] {logging_mixin.py:190} INFO - [2024-12-04T03:42:59.566+0000] {dag.py:4180} INFO - Setting next_dagrun for ETL_usa_spending to 2024-12-03 00:00:00+00:00, run_after=2024-12-04 00:00:00+00:00
[2024-12-04T03:42:59.597+0000] {processor.py:208} INFO - Processing /opt/airflow/dags/usa_spending_dag.py took 1.187 seconds
