[2024-11-23T08:34:55.445+0000] {local_task_job_runner.py:123} INFO - ::group::Pre task execution logs
[2024-11-23T08:34:55.477+0000] {taskinstance.py:2613} INFO - Dependencies all met for dep_context=non-requeueable deps ti=<TaskInstance: ETL_usa_spending.process_usa_spending_data_task manual__2024-11-23T08:34:48.657466+00:00 [queued]>
[2024-11-23T08:34:55.492+0000] {taskinstance.py:2613} INFO - Dependencies all met for dep_context=requeueable deps ti=<TaskInstance: ETL_usa_spending.process_usa_spending_data_task manual__2024-11-23T08:34:48.657466+00:00 [queued]>
[2024-11-23T08:34:55.493+0000] {taskinstance.py:2866} INFO - Starting attempt 1 of 1
[2024-11-23T08:34:55.516+0000] {taskinstance.py:2889} INFO - Executing <Task(PythonOperator): process_usa_spending_data_task> on 2024-11-23 08:34:48.657466+00:00
[2024-11-23T08:34:55.554+0000] {logging_mixin.py:190} WARNING - /home/***/.local/lib/python3.12/site-packages/***/task/task_runner/standard_task_runner.py:70 DeprecationWarning: This process (pid=90951) is multi-threaded, use of fork() may lead to deadlocks in the child.
[2024-11-23T08:34:55.557+0000] {standard_task_runner.py:72} INFO - Started process 90953 to run task
[2024-11-23T08:34:55.554+0000] {standard_task_runner.py:104} INFO - Running: ['***', 'tasks', 'run', 'ETL_usa_spending', 'process_usa_spending_data_task', 'manual__2024-11-23T08:34:48.657466+00:00', '--job-id', '205', '--raw', '--subdir', 'DAGS_FOLDER/project_dag.py', '--cfg-path', '/tmp/tmp_yq82h96']
[2024-11-23T08:34:55.560+0000] {standard_task_runner.py:105} INFO - Job 205: Subtask process_usa_spending_data_task
[2024-11-23T08:34:55.666+0000] {task_command.py:467} INFO - Running <TaskInstance: ETL_usa_spending.process_usa_spending_data_task manual__2024-11-23T08:34:48.657466+00:00 [running]> on host 7da4b16cbed4
[2024-11-23T08:34:55.900+0000] {taskinstance.py:3132} INFO - Exporting env vars: AIRFLOW_CTX_DAG_OWNER='***' AIRFLOW_CTX_DAG_ID='ETL_usa_spending' AIRFLOW_CTX_TASK_ID='process_usa_spending_data_task' AIRFLOW_CTX_EXECUTION_DATE='2024-11-23T08:34:48.657466+00:00' AIRFLOW_CTX_TRY_NUMBER='1' AIRFLOW_CTX_DAG_RUN_ID='manual__2024-11-23T08:34:48.657466+00:00'
[2024-11-23T08:34:55.904+0000] {taskinstance.py:731} INFO - ::endgroup::
[2024-11-23T08:34:56.510+0000] {logging_mixin.py:190} INFO - Processing file: df_spending_by_award_11_17_2024.csv
[2024-11-23T08:34:57.143+0000] {logging_mixin.py:190} INFO - Processing file: federal_account_funding_df_2024-11-17.csv
[2024-11-23T08:34:57.727+0000] {logging_mixin.py:190} INFO - Processing file: other_variables_11_17_2024.csv
[2024-11-23T08:34:58.023+0000] {logging_mixin.py:190} INFO - Processing file: sub_award_df_2024-11-17.csv
[2024-11-23T08:34:58.420+0000] {logging_mixin.py:190} INFO - Processing file: transactions_df_2024-11-17.csv
[2024-11-23T08:34:59.174+0000] {logging_mixin.py:190} INFO - File saved to S3: s3://project-processed-data/usa_spending_data/states_20241123_083458.csv
[2024-11-23T08:34:59.385+0000] {logging_mixin.py:190} INFO - File saved to S3: s3://project-processed-data/usa_spending_data/cfda_20241123_083458.csv
[2024-11-23T08:34:59.578+0000] {logging_mixin.py:190} INFO - File saved to S3: s3://project-processed-data/usa_spending_data/agency_20241123_083458.csv
[2024-11-23T08:34:59.832+0000] {logging_mixin.py:190} INFO - File saved to S3: s3://project-processed-data/usa_spending_data/sub_agency_20241123_083458.csv
[2024-11-23T08:35:00.061+0000] {logging_mixin.py:190} INFO - File saved to S3: s3://project-processed-data/usa_spending_data/recipients_20241123_083458.csv
[2024-11-23T08:35:00.467+0000] {logging_mixin.py:190} INFO - File saved to S3: s3://project-processed-data/usa_spending_data/grants_20241123_083458.csv
[2024-11-23T08:35:00.814+0000] {logging_mixin.py:190} INFO - File saved to S3: s3://project-processed-data/usa_spending_data/federal_awards_20241123_083458.csv
[2024-11-23T08:35:01.464+0000] {logging_mixin.py:190} INFO - File saved to S3: s3://project-processed-data/usa_spending_data/funding_20241123_083458.csv
[2024-11-23T08:35:02.018+0000] {logging_mixin.py:190} INFO - File saved to S3: s3://project-processed-data/usa_spending_data/transactions_20241123_083458.csv
[2024-11-23T08:35:02.466+0000] {logging_mixin.py:190} INFO - File saved to S3: s3://project-processed-data/usa_spending_data/sub_awards_20241123_083458.csv
[2024-11-23T08:35:02.738+0000] {logging_mixin.py:190} INFO - File moved from s3://project-raw-data-files/usa_spending_data/ to s3://project-raw-data-files/archived/usa_spending_data/
[2024-11-23T08:35:03.013+0000] {logging_mixin.py:190} INFO - File moved from s3://project-raw-data-files/usa_spending_data/df_spending_by_award_11_17_2024.csv to s3://project-raw-data-files/archived/usa_spending_data/df_spending_by_award_11_17_2024.csv
[2024-11-23T08:35:03.338+0000] {logging_mixin.py:190} INFO - File moved from s3://project-raw-data-files/usa_spending_data/federal_account_funding_df_2024-11-17.csv to s3://project-raw-data-files/archived/usa_spending_data/federal_account_funding_df_2024-11-17.csv
[2024-11-23T08:35:03.603+0000] {logging_mixin.py:190} INFO - File moved from s3://project-raw-data-files/usa_spending_data/other_variables_11_17_2024.csv to s3://project-raw-data-files/archived/usa_spending_data/other_variables_11_17_2024.csv
[2024-11-23T08:35:03.956+0000] {logging_mixin.py:190} INFO - File moved from s3://project-raw-data-files/usa_spending_data/sub_award_df_2024-11-17.csv to s3://project-raw-data-files/archived/usa_spending_data/sub_award_df_2024-11-17.csv
[2024-11-23T08:35:04.335+0000] {logging_mixin.py:190} INFO - File moved from s3://project-raw-data-files/usa_spending_data/transactions_df_2024-11-17.csv to s3://project-raw-data-files/archived/usa_spending_data/transactions_df_2024-11-17.csv
[2024-11-23T08:35:04.351+0000] {python.py:240} INFO - Done. Returned value was: None
[2024-11-23T08:35:04.386+0000] {taskinstance.py:340} INFO - ::group::Post task execution logs
[2024-11-23T08:35:04.389+0000] {taskinstance.py:352} INFO - Marking task as SUCCESS. dag_id=ETL_usa_spending, task_id=process_usa_spending_data_task, run_id=manual__2024-11-23T08:34:48.657466+00:00, execution_date=20241123T083448, start_date=20241123T083455, end_date=20241123T083504
[2024-11-23T08:35:04.506+0000] {local_task_job_runner.py:266} INFO - Task exited with return code 0
[2024-11-23T08:35:04.578+0000] {taskinstance.py:3895} INFO - 1 downstream tasks scheduled from follow-on schedule check
[2024-11-23T08:35:04.584+0000] {local_task_job_runner.py:245} INFO - ::endgroup::
