[2024-11-19T04:58:21.294+0000] {local_task_job_runner.py:123} INFO - ::group::Pre task execution logs
[2024-11-19T04:58:21.314+0000] {taskinstance.py:2613} INFO - Dependencies all met for dep_context=non-requeueable deps ti=<TaskInstance: ETL_financial_reports.process_financial_reports_task manual__2024-11-19T04:58:07.355398+00:00 [queued]>
[2024-11-19T04:58:21.324+0000] {taskinstance.py:2613} INFO - Dependencies all met for dep_context=requeueable deps ti=<TaskInstance: ETL_financial_reports.process_financial_reports_task manual__2024-11-19T04:58:07.355398+00:00 [queued]>
[2024-11-19T04:58:21.325+0000] {taskinstance.py:2866} INFO - Starting attempt 1 of 1
[2024-11-19T04:58:21.344+0000] {taskinstance.py:2889} INFO - Executing <Task(PythonOperator): process_financial_reports_task> on 2024-11-19 04:58:07.355398+00:00
[2024-11-19T04:58:21.353+0000] {logging_mixin.py:190} WARNING - /home/***/.local/lib/python3.12/site-packages/***/task/task_runner/standard_task_runner.py:70 DeprecationWarning: This process (pid=32746) is multi-threaded, use of fork() may lead to deadlocks in the child.
[2024-11-19T04:58:21.355+0000] {standard_task_runner.py:72} INFO - Started process 32748 to run task
[2024-11-19T04:58:21.353+0000] {standard_task_runner.py:104} INFO - Running: ['***', 'tasks', 'run', 'ETL_financial_reports', 'process_financial_reports_task', 'manual__2024-11-19T04:58:07.355398+00:00', '--job-id', '120', '--raw', '--subdir', 'DAGS_FOLDER/project_dag.py', '--cfg-path', '/tmp/tmp4a8bd6u4']
[2024-11-19T04:58:21.356+0000] {standard_task_runner.py:105} INFO - Job 120: Subtask process_financial_reports_task
[2024-11-19T04:58:21.411+0000] {task_command.py:467} INFO - Running <TaskInstance: ETL_financial_reports.process_financial_reports_task manual__2024-11-19T04:58:07.355398+00:00 [running]> on host 7da4b16cbed4
[2024-11-19T04:58:21.515+0000] {taskinstance.py:3132} INFO - Exporting env vars: AIRFLOW_CTX_DAG_OWNER='***' AIRFLOW_CTX_DAG_ID='ETL_financial_reports' AIRFLOW_CTX_TASK_ID='process_financial_reports_task' AIRFLOW_CTX_EXECUTION_DATE='2024-11-19T04:58:07.355398+00:00' AIRFLOW_CTX_TRY_NUMBER='1' AIRFLOW_CTX_DAG_RUN_ID='manual__2024-11-19T04:58:07.355398+00:00'
[2024-11-19T04:58:21.516+0000] {taskinstance.py:731} INFO - ::endgroup::
[2024-11-19T04:58:21.774+0000] {logging_mixin.py:190} INFO - Processing file: CDBG_DR_Grant_Expenditure_Report_10_2024.pdf
[2024-11-19T04:58:35.527+0000] {logging_mixin.py:190} WARNING - /opt/***/dags/data_extraction/financial_reports_extraction_script.py:101 FutureWarning: Series.fillna with 'method' is deprecated and will raise in a future version. Use obj.ffill() or obj.bfill() instead.
[2024-11-19T04:58:35.877+0000] {logging_mixin.py:190} INFO - File saved to S3: s3://project-processed-data/financial_reports/processed_CDBG_DR_Grant_Expenditure_Report_10_2024.csv
[2024-11-19T04:58:36.205+0000] {logging_mixin.py:190} INFO - File moved from s3://project-raw-data-files/financial_reports/CDBG_DR_Grant_Expenditure_Report_10_2024.pdf to s3://project-raw-data-files/archived/financial_reports/CDBG_DR_Grant_Expenditure_Report_10_2024.pdf
[2024-11-19T04:58:36.207+0000] {logging_mixin.py:190} INFO - Processed file saved to S3: s3://project-processed-data/financial_reports/processed_CDBG_DR_Grant_Expenditure_Report_10_2024.csv
[2024-11-19T04:58:36.209+0000] {logging_mixin.py:190} INFO - Processing file: CDBG_DR_Grant_Expenditure_Report_11_2024.pdf
[2024-11-19T04:58:50.408+0000] {logging_mixin.py:190} WARNING - /opt/***/dags/data_extraction/financial_reports_extraction_script.py:101 FutureWarning: Series.fillna with 'method' is deprecated and will raise in a future version. Use obj.ffill() or obj.bfill() instead.
[2024-11-19T04:58:50.703+0000] {logging_mixin.py:190} INFO - File saved to S3: s3://project-processed-data/financial_reports/processed_CDBG_DR_Grant_Expenditure_Report_11_2024.csv
[2024-11-19T04:58:50.991+0000] {logging_mixin.py:190} INFO - File moved from s3://project-raw-data-files/financial_reports/CDBG_DR_Grant_Expenditure_Report_11_2024.pdf to s3://project-raw-data-files/archived/financial_reports/CDBG_DR_Grant_Expenditure_Report_11_2024.pdf
[2024-11-19T04:58:50.994+0000] {logging_mixin.py:190} INFO - Processed file saved to S3: s3://project-processed-data/financial_reports/processed_CDBG_DR_Grant_Expenditure_Report_11_2024.csv
[2024-11-19T04:58:50.995+0000] {logging_mixin.py:190} INFO - Processing file: CDBG_DR_Grant_Expenditure_Report_5_2024.pdf
[2024-11-19T04:59:04.999+0000] {logging_mixin.py:190} WARNING - /opt/***/dags/data_extraction/financial_reports_extraction_script.py:101 FutureWarning: Series.fillna with 'method' is deprecated and will raise in a future version. Use obj.ffill() or obj.bfill() instead.
[2024-11-19T04:59:05.369+0000] {logging_mixin.py:190} INFO - File saved to S3: s3://project-processed-data/financial_reports/processed_CDBG_DR_Grant_Expenditure_Report_5_2024.csv
[2024-11-19T04:59:05.747+0000] {logging_mixin.py:190} INFO - File moved from s3://project-raw-data-files/financial_reports/CDBG_DR_Grant_Expenditure_Report_5_2024.pdf to s3://project-raw-data-files/archived/financial_reports/CDBG_DR_Grant_Expenditure_Report_5_2024.pdf
[2024-11-19T04:59:05.750+0000] {logging_mixin.py:190} INFO - Processed file saved to S3: s3://project-processed-data/financial_reports/processed_CDBG_DR_Grant_Expenditure_Report_5_2024.csv
[2024-11-19T04:59:05.752+0000] {logging_mixin.py:190} INFO - Processing file: CDBG_DR_Grant_Expenditure_Report_6_2024.pdf
[2024-11-19T04:59:19.103+0000] {logging_mixin.py:190} WARNING - /opt/***/dags/data_extraction/financial_reports_extraction_script.py:101 FutureWarning: Series.fillna with 'method' is deprecated and will raise in a future version. Use obj.ffill() or obj.bfill() instead.
[2024-11-19T04:59:19.414+0000] {logging_mixin.py:190} INFO - File saved to S3: s3://project-processed-data/financial_reports/processed_CDBG_DR_Grant_Expenditure_Report_6_2024.csv
[2024-11-19T04:59:19.768+0000] {logging_mixin.py:190} INFO - File moved from s3://project-raw-data-files/financial_reports/CDBG_DR_Grant_Expenditure_Report_6_2024.pdf to s3://project-raw-data-files/archived/financial_reports/CDBG_DR_Grant_Expenditure_Report_6_2024.pdf
[2024-11-19T04:59:19.770+0000] {logging_mixin.py:190} INFO - Processed file saved to S3: s3://project-processed-data/financial_reports/processed_CDBG_DR_Grant_Expenditure_Report_6_2024.csv
[2024-11-19T04:59:19.771+0000] {logging_mixin.py:190} INFO - Processing file: CDBG_DR_Grant_Expenditure_Report_7_2024.pdf
[2024-11-19T04:59:33.609+0000] {logging_mixin.py:190} WARNING - /opt/***/dags/data_extraction/financial_reports_extraction_script.py:101 FutureWarning: Series.fillna with 'method' is deprecated and will raise in a future version. Use obj.ffill() or obj.bfill() instead.
[2024-11-19T04:59:33.915+0000] {logging_mixin.py:190} INFO - File saved to S3: s3://project-processed-data/financial_reports/processed_CDBG_DR_Grant_Expenditure_Report_7_2024.csv
[2024-11-19T04:59:34.220+0000] {logging_mixin.py:190} INFO - File moved from s3://project-raw-data-files/financial_reports/CDBG_DR_Grant_Expenditure_Report_7_2024.pdf to s3://project-raw-data-files/archived/financial_reports/CDBG_DR_Grant_Expenditure_Report_7_2024.pdf
[2024-11-19T04:59:34.222+0000] {logging_mixin.py:190} INFO - Processed file saved to S3: s3://project-processed-data/financial_reports/processed_CDBG_DR_Grant_Expenditure_Report_7_2024.csv
[2024-11-19T04:59:34.224+0000] {logging_mixin.py:190} INFO - Processing file: CDBG_DR_Grant_Expenditure_Report_8_2024.pdf
[2024-11-19T04:59:48.183+0000] {logging_mixin.py:190} WARNING - /opt/***/dags/data_extraction/financial_reports_extraction_script.py:101 FutureWarning: Series.fillna with 'method' is deprecated and will raise in a future version. Use obj.ffill() or obj.bfill() instead.
[2024-11-19T04:59:48.513+0000] {logging_mixin.py:190} INFO - File saved to S3: s3://project-processed-data/financial_reports/processed_CDBG_DR_Grant_Expenditure_Report_8_2024.csv
[2024-11-19T04:59:48.872+0000] {logging_mixin.py:190} INFO - File moved from s3://project-raw-data-files/financial_reports/CDBG_DR_Grant_Expenditure_Report_8_2024.pdf to s3://project-raw-data-files/archived/financial_reports/CDBG_DR_Grant_Expenditure_Report_8_2024.pdf
[2024-11-19T04:59:48.879+0000] {logging_mixin.py:190} INFO - Processed file saved to S3: s3://project-processed-data/financial_reports/processed_CDBG_DR_Grant_Expenditure_Report_8_2024.csv
[2024-11-19T04:59:48.882+0000] {logging_mixin.py:190} INFO - Processing file: CDBG_DR_Grant_Expenditure_Report_9_2024.pdf
[2024-11-19T05:00:02.510+0000] {logging_mixin.py:190} WARNING - /opt/***/dags/data_extraction/financial_reports_extraction_script.py:101 FutureWarning: Series.fillna with 'method' is deprecated and will raise in a future version. Use obj.ffill() or obj.bfill() instead.
[2024-11-19T05:00:02.810+0000] {logging_mixin.py:190} INFO - File saved to S3: s3://project-processed-data/financial_reports/processed_CDBG_DR_Grant_Expenditure_Report_9_2024.csv
[2024-11-19T05:00:03.151+0000] {logging_mixin.py:190} INFO - File moved from s3://project-raw-data-files/financial_reports/CDBG_DR_Grant_Expenditure_Report_9_2024.pdf to s3://project-raw-data-files/archived/financial_reports/CDBG_DR_Grant_Expenditure_Report_9_2024.pdf
[2024-11-19T05:00:03.153+0000] {logging_mixin.py:190} INFO - Processed file saved to S3: s3://project-processed-data/financial_reports/processed_CDBG_DR_Grant_Expenditure_Report_9_2024.csv
[2024-11-19T05:00:03.169+0000] {python.py:240} INFO - Done. Returned value was: None
[2024-11-19T05:00:03.179+0000] {taskinstance.py:340} INFO - ::group::Post task execution logs
[2024-11-19T05:00:03.180+0000] {taskinstance.py:352} INFO - Marking task as SUCCESS. dag_id=ETL_financial_reports, task_id=process_financial_reports_task, run_id=manual__2024-11-19T04:58:07.355398+00:00, execution_date=20241119T045807, start_date=20241119T045821, end_date=20241119T050003
[2024-11-19T05:00:03.219+0000] {local_task_job_runner.py:266} INFO - Task exited with return code 0
[2024-11-19T05:00:03.242+0000] {taskinstance.py:3895} INFO - 1 downstream tasks scheduled from follow-on schedule check
[2024-11-19T05:00:03.246+0000] {local_task_job_runner.py:245} INFO - ::endgroup::
