[2024-11-26T06:17:02.688+0000] {local_task_job_runner.py:123} INFO - ::group::Pre task execution logs
[2024-11-26T06:17:02.706+0000] {taskinstance.py:2613} INFO - Dependencies all met for dep_context=non-requeueable deps ti=<TaskInstance: ETL_history_reports.process_history_reports_task manual__2024-11-26T06:16:54.896355+00:00 [queued]>
[2024-11-26T06:17:02.715+0000] {taskinstance.py:2613} INFO - Dependencies all met for dep_context=requeueable deps ti=<TaskInstance: ETL_history_reports.process_history_reports_task manual__2024-11-26T06:16:54.896355+00:00 [queued]>
[2024-11-26T06:17:02.716+0000] {taskinstance.py:2866} INFO - Starting attempt 1 of 1
[2024-11-26T06:17:02.731+0000] {taskinstance.py:2889} INFO - Executing <Task(PythonOperator): process_history_reports_task> on 2024-11-26 06:16:54.896355+00:00
[2024-11-26T06:17:02.740+0000] {logging_mixin.py:190} WARNING - /home/***/.local/lib/python3.12/site-packages/***/task/task_runner/standard_task_runner.py:70 DeprecationWarning: This process (pid=13805) is multi-threaded, use of fork() may lead to deadlocks in the child.
[2024-11-26T06:17:02.742+0000] {standard_task_runner.py:72} INFO - Started process 13807 to run task
[2024-11-26T06:17:02.740+0000] {standard_task_runner.py:104} INFO - Running: ['***', 'tasks', 'run', 'ETL_history_reports', 'process_history_reports_task', 'manual__2024-11-26T06:16:54.896355+00:00', '--job-id', '378', '--raw', '--subdir', 'DAGS_FOLDER/project_dag.py', '--cfg-path', '/tmp/tmpx_n6osht']
[2024-11-26T06:17:02.743+0000] {standard_task_runner.py:105} INFO - Job 378: Subtask process_history_reports_task
[2024-11-26T06:17:02.796+0000] {task_command.py:467} INFO - Running <TaskInstance: ETL_history_reports.process_history_reports_task manual__2024-11-26T06:16:54.896355+00:00 [running]> on host 6a246d8d590f
[2024-11-26T06:17:03.103+0000] {taskinstance.py:3132} INFO - Exporting env vars: AIRFLOW_CTX_DAG_OWNER='***' AIRFLOW_CTX_DAG_ID='ETL_history_reports' AIRFLOW_CTX_TASK_ID='process_history_reports_task' AIRFLOW_CTX_EXECUTION_DATE='2024-11-26T06:16:54.896355+00:00' AIRFLOW_CTX_TRY_NUMBER='1' AIRFLOW_CTX_DAG_RUN_ID='manual__2024-11-26T06:16:54.896355+00:00'
[2024-11-26T06:17:03.105+0000] {taskinstance.py:731} INFO - ::endgroup::
[2024-11-26T06:17:06.864+0000] {logging_mixin.py:190} INFO - File saved to S3: s3://project-processed-data/history_reports/disaster_events_8_1_2024.csv
[2024-11-26T06:17:07.064+0000] {logging_mixin.py:190} INFO - File saved to S3: s3://project-processed-data/history_reports/grantee_8_1_2024.csv
[2024-11-26T06:17:07.424+0000] {logging_mixin.py:190} INFO - File saved to S3: s3://project-processed-data/history_reports/grant_8_1_2024.csv
[2024-11-26T06:17:07.729+0000] {logging_mixin.py:190} INFO - File saved to S3: s3://project-processed-data/history_reports/public_law_numbers_8_1_2024.csv
[2024-11-26T06:17:07.935+0000] {logging_mixin.py:190} INFO - File saved to S3: s3://project-processed-data/history_reports/disaster_public_law_8_1_2024.csv
[2024-11-26T06:17:08.254+0000] {logging_mixin.py:190} INFO - File moved from s3://project-raw-data-files/history_reports/CDBG_DR_Grant_History_8_1_2024.pdf to s3://project-raw-data-files/archived/history_reports/CDBG_DR_Grant_History_8_1_2024.pdf
[2024-11-26T06:17:08.256+0000] {logging_mixin.py:190} INFO - Processed file saved to S3: s3://project-processed-data/CDBG_DR_Grant_History_8_1_2024.pdf
[2024-11-26T06:17:08.259+0000] {python.py:240} INFO - Done. Returned value was: None
[2024-11-26T06:17:08.269+0000] {taskinstance.py:340} INFO - ::group::Post task execution logs
[2024-11-26T06:17:08.270+0000] {taskinstance.py:352} INFO - Marking task as SUCCESS. dag_id=ETL_history_reports, task_id=process_history_reports_task, run_id=manual__2024-11-26T06:16:54.896355+00:00, execution_date=20241126T061654, start_date=20241126T061702, end_date=20241126T061708
[2024-11-26T06:17:08.333+0000] {local_task_job_runner.py:266} INFO - Task exited with return code 0
[2024-11-26T06:17:08.375+0000] {taskinstance.py:3895} INFO - 1 downstream tasks scheduled from follow-on schedule check
[2024-11-26T06:17:08.382+0000] {local_task_job_runner.py:245} INFO - ::endgroup::
