[2024-11-19T20:50:14.535+0000] {local_task_job_runner.py:123} INFO - ::group::Pre task execution logs
[2024-11-19T20:50:14.559+0000] {taskinstance.py:2613} INFO - Dependencies all met for dep_context=non-requeueable deps ti=<TaskInstance: ETL_financial_reports.process_financial_reports_task manual__2024-11-19T20:49:54.348060+00:00 [queued]>
[2024-11-19T20:50:14.569+0000] {taskinstance.py:2613} INFO - Dependencies all met for dep_context=requeueable deps ti=<TaskInstance: ETL_financial_reports.process_financial_reports_task manual__2024-11-19T20:49:54.348060+00:00 [queued]>
[2024-11-19T20:50:14.570+0000] {taskinstance.py:2866} INFO - Starting attempt 1 of 1
[2024-11-19T20:50:14.588+0000] {taskinstance.py:2889} INFO - Executing <Task(PythonOperator): process_financial_reports_task> on 2024-11-19 20:49:54.348060+00:00
[2024-11-19T20:50:14.604+0000] {logging_mixin.py:190} WARNING - /home/***/.local/lib/python3.12/site-packages/***/task/task_runner/standard_task_runner.py:70 DeprecationWarning: This process (pid=37694) is multi-threaded, use of fork() may lead to deadlocks in the child.
[2024-11-19T20:50:14.606+0000] {standard_task_runner.py:72} INFO - Started process 37696 to run task
[2024-11-19T20:50:14.604+0000] {standard_task_runner.py:104} INFO - Running: ['***', 'tasks', 'run', 'ETL_financial_reports', 'process_financial_reports_task', 'manual__2024-11-19T20:49:54.348060+00:00', '--job-id', '135', '--raw', '--subdir', 'DAGS_FOLDER/project_dag.py', '--cfg-path', '/tmp/tmpwv2io84k']
[2024-11-19T20:50:14.607+0000] {standard_task_runner.py:105} INFO - Job 135: Subtask process_financial_reports_task
[2024-11-19T20:50:14.661+0000] {task_command.py:467} INFO - Running <TaskInstance: ETL_financial_reports.process_financial_reports_task manual__2024-11-19T20:49:54.348060+00:00 [running]> on host 7da4b16cbed4
[2024-11-19T20:50:14.772+0000] {taskinstance.py:3132} INFO - Exporting env vars: AIRFLOW_CTX_DAG_OWNER='***' AIRFLOW_CTX_DAG_ID='ETL_financial_reports' AIRFLOW_CTX_TASK_ID='process_financial_reports_task' AIRFLOW_CTX_EXECUTION_DATE='2024-11-19T20:49:54.348060+00:00' AIRFLOW_CTX_TRY_NUMBER='1' AIRFLOW_CTX_DAG_RUN_ID='manual__2024-11-19T20:49:54.348060+00:00'
[2024-11-19T20:50:14.774+0000] {taskinstance.py:731} INFO - ::endgroup::
[2024-11-19T20:50:15.038+0000] {logging_mixin.py:190} INFO - Processing file: CDBG_DR_Grant_Expenditure_Report_11_2024.pdf
[2024-11-19T20:50:29.403+0000] {logging_mixin.py:190} WARNING - /opt/***/dags/data_extraction/financial_reports_extraction_script.py:101 FutureWarning: Series.fillna with 'method' is deprecated and will raise in a future version. Use obj.ffill() or obj.bfill() instead.
[2024-11-19T20:50:29.732+0000] {logging_mixin.py:190} INFO - File saved to S3: s3://project-processed-data/financial_reports/processed_CDBG_DR_Grant_Expenditure_Report_11_2024.csv
[2024-11-19T20:50:30.073+0000] {logging_mixin.py:190} INFO - File moved from s3://project-raw-data-files/financial_reports/CDBG_DR_Grant_Expenditure_Report_11_2024.pdf to s3://project-raw-data-files/archived/financial_reports/CDBG_DR_Grant_Expenditure_Report_11_2024.pdf
[2024-11-19T20:50:30.075+0000] {logging_mixin.py:190} INFO - Processed file saved to S3: s3://project-processed-data/financial_reports/processed_CDBG_DR_Grant_Expenditure_Report_11_2024.csv
[2024-11-19T20:50:30.090+0000] {python.py:240} INFO - Done. Returned value was: None
[2024-11-19T20:50:30.101+0000] {taskinstance.py:340} INFO - ::group::Post task execution logs
[2024-11-19T20:50:30.102+0000] {taskinstance.py:352} INFO - Marking task as SUCCESS. dag_id=ETL_financial_reports, task_id=process_financial_reports_task, run_id=manual__2024-11-19T20:49:54.348060+00:00, execution_date=20241119T204954, start_date=20241119T205014, end_date=20241119T205030
[2024-11-19T20:50:30.164+0000] {local_task_job_runner.py:266} INFO - Task exited with return code 0
[2024-11-19T20:50:30.193+0000] {taskinstance.py:3895} INFO - 1 downstream tasks scheduled from follow-on schedule check
[2024-11-19T20:50:30.195+0000] {local_task_job_runner.py:245} INFO - ::endgroup::
