[2024-11-17T02:14:06.796+0000] {local_task_job_runner.py:123} INFO - ::group::Pre task execution logs
[2024-11-17T02:14:06.823+0000] {taskinstance.py:2613} INFO - Dependencies all met for dep_context=non-requeueable deps ti=<TaskInstance: ETL_financial_reports.process_financial_reports_task manual__2024-11-17T02:13:53.721127+00:00 [queued]>
[2024-11-17T02:14:06.840+0000] {taskinstance.py:2613} INFO - Dependencies all met for dep_context=requeueable deps ti=<TaskInstance: ETL_financial_reports.process_financial_reports_task manual__2024-11-17T02:13:53.721127+00:00 [queued]>
[2024-11-17T02:14:06.841+0000] {taskinstance.py:2866} INFO - Starting attempt 1 of 1
[2024-11-17T02:14:06.869+0000] {taskinstance.py:2889} INFO - Executing <Task(PythonOperator): process_financial_reports_task> on 2024-11-17 02:13:53.721127+00:00
[2024-11-17T02:14:06.883+0000] {logging_mixin.py:190} WARNING - /home/***/.local/lib/python3.12/site-packages/***/task/task_runner/standard_task_runner.py:70 DeprecationWarning: This process (pid=3569) is multi-threaded, use of fork() may lead to deadlocks in the child.
[2024-11-17T02:14:06.886+0000] {standard_task_runner.py:72} INFO - Started process 3571 to run task
[2024-11-17T02:14:06.882+0000] {standard_task_runner.py:104} INFO - Running: ['***', 'tasks', 'run', 'ETL_financial_reports', 'process_financial_reports_task', 'manual__2024-11-17T02:13:53.721127+00:00', '--job-id', '86', '--raw', '--subdir', 'DAGS_FOLDER/project_dag.py', '--cfg-path', '/tmp/tmpra6x_kxz']
[2024-11-17T02:14:06.888+0000] {standard_task_runner.py:105} INFO - Job 86: Subtask process_financial_reports_task
[2024-11-17T02:14:06.971+0000] {task_command.py:467} INFO - Running <TaskInstance: ETL_financial_reports.process_financial_reports_task manual__2024-11-17T02:13:53.721127+00:00 [running]> on host 8ba3bfc837e2
[2024-11-17T02:14:07.120+0000] {taskinstance.py:3132} INFO - Exporting env vars: AIRFLOW_CTX_DAG_OWNER='***' AIRFLOW_CTX_DAG_ID='ETL_financial_reports' AIRFLOW_CTX_TASK_ID='process_financial_reports_task' AIRFLOW_CTX_EXECUTION_DATE='2024-11-17T02:13:53.721127+00:00' AIRFLOW_CTX_TRY_NUMBER='1' AIRFLOW_CTX_DAG_RUN_ID='manual__2024-11-17T02:13:53.721127+00:00'
[2024-11-17T02:14:07.122+0000] {taskinstance.py:731} INFO - ::endgroup::
[2024-11-17T02:14:07.421+0000] {logging_mixin.py:190} INFO - Processing file: CDBG-DR-Grants-Financial-Report-2023-07.pdf
[2024-11-17T02:14:20.592+0000] {logging_mixin.py:190} WARNING - /opt/***/dags/data_extraction/financial_reports_extraction_script.py:97 FutureWarning: Series.fillna with 'method' is deprecated and will raise in a future version. Use obj.ffill() or obj.bfill() instead.
[2024-11-17T02:14:20.947+0000] {logging_mixin.py:190} INFO - File saved to S3: s3://project-processed-data/financial_reports/processed_CDBG-DR-Grants-Financial-Report-2023-07.csv
[2024-11-17T02:14:21.285+0000] {logging_mixin.py:190} INFO - File moved from s3://project-raw-data-files/financial_reports/CDBG-DR-Grants-Financial-Report-2023-07.pdf to s3://project-raw-data-files/archived/financial_reports/CDBG-DR-Grants-Financial-Report-2023-07.pdf
[2024-11-17T02:14:21.288+0000] {logging_mixin.py:190} INFO - Processed file saved to S3: s3://project-processed-data/financial_reports/processed_CDBG-DR-Grants-Financial-Report-2023-07.csv
[2024-11-17T02:14:21.289+0000] {logging_mixin.py:190} INFO - Processing file: CDBG-DR-Grants-Financial-Report-2023-08.pdf
[2024-11-17T02:14:34.347+0000] {logging_mixin.py:190} WARNING - /opt/***/dags/data_extraction/financial_reports_extraction_script.py:97 FutureWarning: Series.fillna with 'method' is deprecated and will raise in a future version. Use obj.ffill() or obj.bfill() instead.
[2024-11-17T02:14:34.657+0000] {logging_mixin.py:190} INFO - File saved to S3: s3://project-processed-data/financial_reports/processed_CDBG-DR-Grants-Financial-Report-2023-08.csv
[2024-11-17T02:14:34.989+0000] {logging_mixin.py:190} INFO - File moved from s3://project-raw-data-files/financial_reports/CDBG-DR-Grants-Financial-Report-2023-08.pdf to s3://project-raw-data-files/archived/financial_reports/CDBG-DR-Grants-Financial-Report-2023-08.pdf
[2024-11-17T02:14:34.993+0000] {logging_mixin.py:190} INFO - Processed file saved to S3: s3://project-processed-data/financial_reports/processed_CDBG-DR-Grants-Financial-Report-2023-08.csv
[2024-11-17T02:14:34.995+0000] {logging_mixin.py:190} INFO - Processing file: CDBG-DR-Grants-Financial-Report-2023-09.pdf
[2024-11-17T02:14:48.087+0000] {logging_mixin.py:190} WARNING - /opt/***/dags/data_extraction/financial_reports_extraction_script.py:97 FutureWarning: Series.fillna with 'method' is deprecated and will raise in a future version. Use obj.ffill() or obj.bfill() instead.
[2024-11-17T02:14:48.392+0000] {logging_mixin.py:190} INFO - File saved to S3: s3://project-processed-data/financial_reports/processed_CDBG-DR-Grants-Financial-Report-2023-09.csv
[2024-11-17T02:14:48.716+0000] {logging_mixin.py:190} INFO - File moved from s3://project-raw-data-files/financial_reports/CDBG-DR-Grants-Financial-Report-2023-09.pdf to s3://project-raw-data-files/archived/financial_reports/CDBG-DR-Grants-Financial-Report-2023-09.pdf
[2024-11-17T02:14:48.721+0000] {logging_mixin.py:190} INFO - Processed file saved to S3: s3://project-processed-data/financial_reports/processed_CDBG-DR-Grants-Financial-Report-2023-09.csv
[2024-11-17T02:14:48.722+0000] {logging_mixin.py:190} INFO - Processing file: CDBG-DR-Grants-Financial-Report-2023-10.pdf
[2024-11-17T02:15:02.093+0000] {logging_mixin.py:190} WARNING - /opt/***/dags/data_extraction/financial_reports_extraction_script.py:97 FutureWarning: Series.fillna with 'method' is deprecated and will raise in a future version. Use obj.ffill() or obj.bfill() instead.
[2024-11-17T02:15:02.382+0000] {logging_mixin.py:190} INFO - File saved to S3: s3://project-processed-data/financial_reports/processed_CDBG-DR-Grants-Financial-Report-2023-10.csv
[2024-11-17T02:15:02.695+0000] {logging_mixin.py:190} INFO - File moved from s3://project-raw-data-files/financial_reports/CDBG-DR-Grants-Financial-Report-2023-10.pdf to s3://project-raw-data-files/archived/financial_reports/CDBG-DR-Grants-Financial-Report-2023-10.pdf
[2024-11-17T02:15:02.698+0000] {logging_mixin.py:190} INFO - Processed file saved to S3: s3://project-processed-data/financial_reports/processed_CDBG-DR-Grants-Financial-Report-2023-10.csv
[2024-11-17T02:15:02.699+0000] {logging_mixin.py:190} INFO - Processing file: CDBG-DR_Grant_Expenditure_Report-11-1-2023.pdf
[2024-11-17T02:15:15.530+0000] {logging_mixin.py:190} WARNING - /opt/***/dags/data_extraction/financial_reports_extraction_script.py:97 FutureWarning: Series.fillna with 'method' is deprecated and will raise in a future version. Use obj.ffill() or obj.bfill() instead.
[2024-11-17T02:15:15.866+0000] {logging_mixin.py:190} INFO - File saved to S3: s3://project-processed-data/financial_reports/processed_CDBG-DR_Grant_Expenditure_Report-11-1-2023.csv
[2024-11-17T02:15:16.449+0000] {logging_mixin.py:190} INFO - File moved from s3://project-raw-data-files/financial_reports/CDBG-DR_Grant_Expenditure_Report-11-1-2023.pdf to s3://project-raw-data-files/archived/financial_reports/CDBG-DR_Grant_Expenditure_Report-11-1-2023.pdf
[2024-11-17T02:15:16.452+0000] {logging_mixin.py:190} INFO - Processed file saved to S3: s3://project-processed-data/financial_reports/processed_CDBG-DR_Grant_Expenditure_Report-11-1-2023.csv
[2024-11-17T02:15:16.453+0000] {logging_mixin.py:190} INFO - Processing file: CDBG-DR_Grant_Expenditure_Report-4-1-2024.pdf
[2024-11-17T02:15:30.263+0000] {logging_mixin.py:190} WARNING - /opt/***/dags/data_extraction/financial_reports_extraction_script.py:97 FutureWarning: Series.fillna with 'method' is deprecated and will raise in a future version. Use obj.ffill() or obj.bfill() instead.
[2024-11-17T02:15:30.318+0000] {taskinstance.py:3311} ERROR - Task failed with exception
Traceback (most recent call last):
  File "/home/airflow/.local/lib/python3.12/site-packages/airflow/models/taskinstance.py", line 767, in _execute_task
    result = _execute_callable(context=context, **execute_callable_kwargs)
             ^^^^^^^^^^^^^^^^^^^^^^^^^^^^^^^^^^^^^^^^^^^^^^^^^^^^^^^^^^^^^
  File "/home/airflow/.local/lib/python3.12/site-packages/airflow/models/taskinstance.py", line 733, in _execute_callable
    return ExecutionCallableRunner(
           ^^^^^^^^^^^^^^^^^^^^^^^^
  File "/home/airflow/.local/lib/python3.12/site-packages/airflow/utils/operator_helpers.py", line 252, in run
    return self.func(*args, **kwargs)
           ^^^^^^^^^^^^^^^^^^^^^^^^^^
  File "/home/airflow/.local/lib/python3.12/site-packages/airflow/models/baseoperator.py", line 417, in wrapper
    return func(self, *args, **kwargs)
           ^^^^^^^^^^^^^^^^^^^^^^^^^^^
  File "/home/airflow/.local/lib/python3.12/site-packages/airflow/operators/python.py", line 238, in execute
    return_value = self.execute_callable()
                   ^^^^^^^^^^^^^^^^^^^^^^^
  File "/home/airflow/.local/lib/python3.12/site-packages/airflow/operators/python.py", line 256, in execute_callable
    return runner.run(*self.op_args, **self.op_kwargs)
           ^^^^^^^^^^^^^^^^^^^^^^^^^^^^^^^^^^^^^^^^^^^
  File "/home/airflow/.local/lib/python3.12/site-packages/airflow/utils/operator_helpers.py", line 252, in run
    return self.func(*args, **kwargs)
           ^^^^^^^^^^^^^^^^^^^^^^^^^^
  File "/opt/airflow/dags/data_extraction/financial_reports_extraction_script.py", line 203, in process_financial_reports
    final_df = prepare_for_insert(processed_result_df, state_code)
               ^^^^^^^^^^^^^^^^^^^^^^^^^^^^^^^^^^^^^^^^^^^^^^^^^^^
  File "/opt/airflow/dags/data_extraction/financial_reports_extraction_script.py", line 151, in prepare_for_insert
    grant_financial_reports_df.loc[:, 'expected_spending_percentage'] = grant_financial_reports_df['expected_spending_percentage'].str.strip().str.replace('%', '').str.replace(',','.').astype(float)
                                                                        ^^^^^^^^^^^^^^^^^^^^^^^^^^^^^^^^^^^^^^^^^^^^^^^^^^^^^^^^^^^^^^^^^^^^^^^^^^^^^^^^^^^^^^^^^^^^^^^^^^^^^^^^^^^^^^^^^^^^^^^^^^^^^^
  File "/home/airflow/.local/lib/python3.12/site-packages/pandas/core/generic.py", line 6534, in astype
    new_data = self._mgr.astype(dtype=dtype, copy=copy, errors=errors)
               ^^^^^^^^^^^^^^^^^^^^^^^^^^^^^^^^^^^^^^^^^^^^^^^^^^^^^^^
  File "/home/airflow/.local/lib/python3.12/site-packages/pandas/core/internals/managers.py", line 414, in astype
    return self.apply(
           ^^^^^^^^^^^
  File "/home/airflow/.local/lib/python3.12/site-packages/pandas/core/internals/managers.py", line 354, in apply
    applied = getattr(b, f)(**kwargs)
              ^^^^^^^^^^^^^^^^^^^^^^^
  File "/home/airflow/.local/lib/python3.12/site-packages/pandas/core/internals/blocks.py", line 616, in astype
    new_values = astype_array_safe(values, dtype, copy=copy, errors=errors)
                 ^^^^^^^^^^^^^^^^^^^^^^^^^^^^^^^^^^^^^^^^^^^^^^^^^^^^^^^^^^
  File "/home/airflow/.local/lib/python3.12/site-packages/pandas/core/dtypes/astype.py", line 238, in astype_array_safe
    new_values = astype_array(values, dtype, copy=copy)
                 ^^^^^^^^^^^^^^^^^^^^^^^^^^^^^^^^^^^^^^
  File "/home/airflow/.local/lib/python3.12/site-packages/pandas/core/dtypes/astype.py", line 183, in astype_array
    values = _astype_nansafe(values, dtype, copy=copy)
             ^^^^^^^^^^^^^^^^^^^^^^^^^^^^^^^^^^^^^^^^^
  File "/home/airflow/.local/lib/python3.12/site-packages/pandas/core/dtypes/astype.py", line 134, in _astype_nansafe
    return arr.astype(dtype, copy=True)
           ^^^^^^^^^^^^^^^^^^^^^^^^^^^^
TypeError: float() argument must be a string or a real number, not 'NAType'
[2024-11-17T02:15:30.348+0000] {taskinstance.py:1225} INFO - Marking task as FAILED. dag_id=ETL_financial_reports, task_id=process_financial_reports_task, run_id=manual__2024-11-17T02:13:53.721127+00:00, execution_date=20241117T021353, start_date=20241117T021406, end_date=20241117T021530
[2024-11-17T02:15:30.382+0000] {taskinstance.py:340} INFO - ::group::Post task execution logs
[2024-11-17T02:15:30.384+0000] {standard_task_runner.py:124} ERROR - Failed to execute job 86 for task process_financial_reports_task (float() argument must be a string or a real number, not 'NAType'; 3571)
Traceback (most recent call last):
  File "/home/airflow/.local/lib/python3.12/site-packages/airflow/task/task_runner/standard_task_runner.py", line 117, in _start_by_fork
    ret = args.func(args, dag=self.dag)
          ^^^^^^^^^^^^^^^^^^^^^^^^^^^^^
  File "/home/airflow/.local/lib/python3.12/site-packages/airflow/cli/cli_config.py", line 49, in command
    return func(*args, **kwargs)
           ^^^^^^^^^^^^^^^^^^^^^
  File "/home/airflow/.local/lib/python3.12/site-packages/airflow/utils/cli.py", line 116, in wrapper
    return f(*args, **kwargs)
           ^^^^^^^^^^^^^^^^^^
  File "/home/airflow/.local/lib/python3.12/site-packages/airflow/cli/commands/task_command.py", line 483, in task_run
    task_return_code = _run_task_by_selected_method(args, _dag, ti)
                       ^^^^^^^^^^^^^^^^^^^^^^^^^^^^^^^^^^^^^^^^^^^^
  File "/home/airflow/.local/lib/python3.12/site-packages/airflow/cli/commands/task_command.py", line 256, in _run_task_by_selected_method
    return _run_raw_task(args, ti)
           ^^^^^^^^^^^^^^^^^^^^^^^
  File "/home/airflow/.local/lib/python3.12/site-packages/airflow/cli/commands/task_command.py", line 341, in _run_raw_task
    return ti._run_raw_task(
           ^^^^^^^^^^^^^^^^^
  File "/home/airflow/.local/lib/python3.12/site-packages/airflow/utils/session.py", line 97, in wrapper
    return func(*args, session=session, **kwargs)
           ^^^^^^^^^^^^^^^^^^^^^^^^^^^^^^^^^^^^^^
  File "/home/airflow/.local/lib/python3.12/site-packages/airflow/models/taskinstance.py", line 3005, in _run_raw_task
    return _run_raw_task(
           ^^^^^^^^^^^^^^
  File "/home/airflow/.local/lib/python3.12/site-packages/airflow/models/taskinstance.py", line 273, in _run_raw_task
    TaskInstance._execute_task_with_callbacks(
  File "/home/airflow/.local/lib/python3.12/site-packages/airflow/models/taskinstance.py", line 3159, in _execute_task_with_callbacks
    result = self._execute_task(context, task_orig)
             ^^^^^^^^^^^^^^^^^^^^^^^^^^^^^^^^^^^^^^
  File "/home/airflow/.local/lib/python3.12/site-packages/airflow/models/taskinstance.py", line 3183, in _execute_task
    return _execute_task(self, context, task_orig)
           ^^^^^^^^^^^^^^^^^^^^^^^^^^^^^^^^^^^^^^^
  File "/home/airflow/.local/lib/python3.12/site-packages/airflow/models/taskinstance.py", line 767, in _execute_task
    result = _execute_callable(context=context, **execute_callable_kwargs)
             ^^^^^^^^^^^^^^^^^^^^^^^^^^^^^^^^^^^^^^^^^^^^^^^^^^^^^^^^^^^^^
  File "/home/airflow/.local/lib/python3.12/site-packages/airflow/models/taskinstance.py", line 733, in _execute_callable
    return ExecutionCallableRunner(
           ^^^^^^^^^^^^^^^^^^^^^^^^
  File "/home/airflow/.local/lib/python3.12/site-packages/airflow/utils/operator_helpers.py", line 252, in run
    return self.func(*args, **kwargs)
           ^^^^^^^^^^^^^^^^^^^^^^^^^^
  File "/home/airflow/.local/lib/python3.12/site-packages/airflow/models/baseoperator.py", line 417, in wrapper
    return func(self, *args, **kwargs)
           ^^^^^^^^^^^^^^^^^^^^^^^^^^^
  File "/home/airflow/.local/lib/python3.12/site-packages/airflow/operators/python.py", line 238, in execute
    return_value = self.execute_callable()
                   ^^^^^^^^^^^^^^^^^^^^^^^
  File "/home/airflow/.local/lib/python3.12/site-packages/airflow/operators/python.py", line 256, in execute_callable
    return runner.run(*self.op_args, **self.op_kwargs)
           ^^^^^^^^^^^^^^^^^^^^^^^^^^^^^^^^^^^^^^^^^^^
  File "/home/airflow/.local/lib/python3.12/site-packages/airflow/utils/operator_helpers.py", line 252, in run
    return self.func(*args, **kwargs)
           ^^^^^^^^^^^^^^^^^^^^^^^^^^
  File "/opt/airflow/dags/data_extraction/financial_reports_extraction_script.py", line 203, in process_financial_reports
    final_df = prepare_for_insert(processed_result_df, state_code)
               ^^^^^^^^^^^^^^^^^^^^^^^^^^^^^^^^^^^^^^^^^^^^^^^^^^^
  File "/opt/airflow/dags/data_extraction/financial_reports_extraction_script.py", line 151, in prepare_for_insert
    grant_financial_reports_df.loc[:, 'expected_spending_percentage'] = grant_financial_reports_df['expected_spending_percentage'].str.strip().str.replace('%', '').str.replace(',','.').astype(float)
                                                                        ^^^^^^^^^^^^^^^^^^^^^^^^^^^^^^^^^^^^^^^^^^^^^^^^^^^^^^^^^^^^^^^^^^^^^^^^^^^^^^^^^^^^^^^^^^^^^^^^^^^^^^^^^^^^^^^^^^^^^^^^^^^^^^
  File "/home/airflow/.local/lib/python3.12/site-packages/pandas/core/generic.py", line 6534, in astype
    new_data = self._mgr.astype(dtype=dtype, copy=copy, errors=errors)
               ^^^^^^^^^^^^^^^^^^^^^^^^^^^^^^^^^^^^^^^^^^^^^^^^^^^^^^^
  File "/home/airflow/.local/lib/python3.12/site-packages/pandas/core/internals/managers.py", line 414, in astype
    return self.apply(
           ^^^^^^^^^^^
  File "/home/airflow/.local/lib/python3.12/site-packages/pandas/core/internals/managers.py", line 354, in apply
    applied = getattr(b, f)(**kwargs)
              ^^^^^^^^^^^^^^^^^^^^^^^
  File "/home/airflow/.local/lib/python3.12/site-packages/pandas/core/internals/blocks.py", line 616, in astype
    new_values = astype_array_safe(values, dtype, copy=copy, errors=errors)
                 ^^^^^^^^^^^^^^^^^^^^^^^^^^^^^^^^^^^^^^^^^^^^^^^^^^^^^^^^^^
  File "/home/airflow/.local/lib/python3.12/site-packages/pandas/core/dtypes/astype.py", line 238, in astype_array_safe
    new_values = astype_array(values, dtype, copy=copy)
                 ^^^^^^^^^^^^^^^^^^^^^^^^^^^^^^^^^^^^^^
  File "/home/airflow/.local/lib/python3.12/site-packages/pandas/core/dtypes/astype.py", line 183, in astype_array
    values = _astype_nansafe(values, dtype, copy=copy)
             ^^^^^^^^^^^^^^^^^^^^^^^^^^^^^^^^^^^^^^^^^
  File "/home/airflow/.local/lib/python3.12/site-packages/pandas/core/dtypes/astype.py", line 134, in _astype_nansafe
    return arr.astype(dtype, copy=True)
           ^^^^^^^^^^^^^^^^^^^^^^^^^^^^
TypeError: float() argument must be a string or a real number, not 'NAType'
[2024-11-17T02:15:30.443+0000] {local_task_job_runner.py:266} INFO - Task exited with return code 1
[2024-11-17T02:15:30.467+0000] {taskinstance.py:3895} INFO - 0 downstream tasks scheduled from follow-on schedule check
[2024-11-17T02:15:30.473+0000] {local_task_job_runner.py:245} INFO - ::endgroup::
