[2024-11-23T07:06:24.969+0000] {local_task_job_runner.py:123} INFO - ::group::Pre task execution logs
[2024-11-23T07:06:24.989+0000] {taskinstance.py:2613} INFO - Dependencies all met for dep_context=non-requeueable deps ti=<TaskInstance: ETL_usa_spending.ingest_usa_spending_data_task manual__2024-11-23T07:06:15.464671+00:00 [queued]>
[2024-11-23T07:06:24.999+0000] {taskinstance.py:2613} INFO - Dependencies all met for dep_context=requeueable deps ti=<TaskInstance: ETL_usa_spending.ingest_usa_spending_data_task manual__2024-11-23T07:06:15.464671+00:00 [queued]>
[2024-11-23T07:06:25.000+0000] {taskinstance.py:2866} INFO - Starting attempt 1 of 1
[2024-11-23T07:06:25.017+0000] {taskinstance.py:2889} INFO - Executing <Task(PythonOperator): ingest_usa_spending_data_task> on 2024-11-23 07:06:15.464671+00:00
[2024-11-23T07:06:25.036+0000] {logging_mixin.py:190} WARNING - /home/***/.local/lib/python3.12/site-packages/***/task/task_runner/standard_task_runner.py:70 DeprecationWarning: This process (pid=88903) is multi-threaded, use of fork() may lead to deadlocks in the child.
[2024-11-23T07:06:25.037+0000] {standard_task_runner.py:72} INFO - Started process 88905 to run task
[2024-11-23T07:06:25.036+0000] {standard_task_runner.py:104} INFO - Running: ['***', 'tasks', 'run', 'ETL_usa_spending', 'ingest_usa_spending_data_task', 'manual__2024-11-23T07:06:15.464671+00:00', '--job-id', '204', '--raw', '--subdir', 'DAGS_FOLDER/project_dag.py', '--cfg-path', '/tmp/tmpa0n12qvj']
[2024-11-23T07:06:25.039+0000] {standard_task_runner.py:105} INFO - Job 204: Subtask ingest_usa_spending_data_task
[2024-11-23T07:06:25.103+0000] {task_command.py:467} INFO - Running <TaskInstance: ETL_usa_spending.ingest_usa_spending_data_task manual__2024-11-23T07:06:15.464671+00:00 [running]> on host 7da4b16cbed4
[2024-11-23T07:06:25.229+0000] {taskinstance.py:3132} INFO - Exporting env vars: AIRFLOW_CTX_DAG_OWNER='***' AIRFLOW_CTX_DAG_ID='ETL_usa_spending' AIRFLOW_CTX_TASK_ID='ingest_usa_spending_data_task' AIRFLOW_CTX_EXECUTION_DATE='2024-11-23T07:06:15.464671+00:00' AIRFLOW_CTX_TRY_NUMBER='1' AIRFLOW_CTX_DAG_RUN_ID='manual__2024-11-23T07:06:15.464671+00:00'
[2024-11-23T07:06:25.230+0000] {taskinstance.py:731} INFO - ::endgroup::
[2024-11-23T07:06:25.668+0000] {logging_mixin.py:190} INFO - Checking for new data to ingest into states
[2024-11-23T07:06:26.036+0000] {logging_mixin.py:190} WARNING - /opt/***/dags/helpers/db_utils.py:149 UserWarning: pandas only supports SQLAlchemy connectable (engine/connection) or database string URI or sqlite3 DBAPI2 connection. Other DBAPI2 objects are not tested. Please consider using SQLAlchemy.
[2024-11-23T07:06:26.135+0000] {logging_mixin.py:190} INFO - No new data to ingest for states
[2024-11-23T07:06:26.583+0000] {logging_mixin.py:190} INFO - File moved from s3://project-processed-data/usa_spending_data/states_20241123_045632.csv to s3://project-processed-data/archived/usa_spending_data/states_20241123_045632.csv
[2024-11-23T07:06:26.795+0000] {logging_mixin.py:190} INFO - Checking for new data to ingest into cfdaprograms
[2024-11-23T07:06:27.031+0000] {logging_mixin.py:190} WARNING - /opt/***/dags/helpers/db_utils.py:149 UserWarning: pandas only supports SQLAlchemy connectable (engine/connection) or database string URI or sqlite3 DBAPI2 connection. Other DBAPI2 objects are not tested. Please consider using SQLAlchemy.
[2024-11-23T07:06:27.096+0000] {logging_mixin.py:190} INFO - No new data to ingest for cfdaprograms
[2024-11-23T07:06:27.373+0000] {logging_mixin.py:190} INFO - File moved from s3://project-processed-data/usa_spending_data/cfda_20241123_045632.csv to s3://project-processed-data/archived/usa_spending_data/cfda_20241123_045632.csv
[2024-11-23T07:06:27.656+0000] {logging_mixin.py:190} INFO - Checking for new data to ingest into recipients
[2024-11-23T07:06:27.883+0000] {logging_mixin.py:190} WARNING - /opt/***/dags/helpers/db_utils.py:149 UserWarning: pandas only supports SQLAlchemy connectable (engine/connection) or database string URI or sqlite3 DBAPI2 connection. Other DBAPI2 objects are not tested. Please consider using SQLAlchemy.
[2024-11-23T07:06:27.983+0000] {logging_mixin.py:190} INFO - No new data to ingest for recipients
[2024-11-23T07:06:28.238+0000] {logging_mixin.py:190} INFO - File moved from s3://project-processed-data/usa_spending_data/recipients_20241123_045632.csv to s3://project-processed-data/archived/usa_spending_data/recipients_20241123_045632.csv
[2024-11-23T07:06:28.404+0000] {logging_mixin.py:190} INFO - Checking for new data to ingest into agencies
[2024-11-23T07:06:28.607+0000] {logging_mixin.py:190} WARNING - /opt/***/dags/helpers/db_utils.py:149 UserWarning: pandas only supports SQLAlchemy connectable (engine/connection) or database string URI or sqlite3 DBAPI2 connection. Other DBAPI2 objects are not tested. Please consider using SQLAlchemy.
[2024-11-23T07:06:28.669+0000] {logging_mixin.py:190} INFO - No new data to ingest for agencies
[2024-11-23T07:06:28.903+0000] {logging_mixin.py:190} INFO - File moved from s3://project-processed-data/usa_spending_data/agency_20241123_045632.csv to s3://project-processed-data/archived/usa_spending_data/agency_20241123_045632.csv
[2024-11-23T07:06:29.067+0000] {logging_mixin.py:190} INFO - Checking for new data to ingest into subagency
[2024-11-23T07:06:29.288+0000] {logging_mixin.py:190} WARNING - /opt/***/dags/helpers/db_utils.py:149 UserWarning: pandas only supports SQLAlchemy connectable (engine/connection) or database string URI or sqlite3 DBAPI2 connection. Other DBAPI2 objects are not tested. Please consider using SQLAlchemy.
[2024-11-23T07:06:29.383+0000] {logging_mixin.py:190} INFO - No new data to ingest for subagency
[2024-11-23T07:06:29.672+0000] {logging_mixin.py:190} INFO - File moved from s3://project-processed-data/usa_spending_data/sub_agency_20241123_045632.csv to s3://project-processed-data/archived/usa_spending_data/sub_agency_20241123_045632.csv
[2024-11-23T07:06:30.084+0000] {logging_mixin.py:190} INFO - Checking for new data to ingest into grants
[2024-11-23T07:06:30.302+0000] {logging_mixin.py:190} WARNING - /opt/***/dags/helpers/db_utils.py:149 UserWarning: pandas only supports SQLAlchemy connectable (engine/connection) or database string URI or sqlite3 DBAPI2 connection. Other DBAPI2 objects are not tested. Please consider using SQLAlchemy.
[2024-11-23T07:06:30.537+0000] {logging_mixin.py:190} INFO - No new data to ingest for grants
[2024-11-23T07:06:30.803+0000] {logging_mixin.py:190} INFO - File moved from s3://project-processed-data/usa_spending_data/grants_20241123_045632.csv to s3://project-processed-data/archived/usa_spending_data/grants_20241123_045632.csv
[2024-11-23T07:06:31.252+0000] {logging_mixin.py:190} INFO - Checking for new data to ingest into funding
[2024-11-23T07:06:31.501+0000] {logging_mixin.py:190} WARNING - /opt/***/dags/helpers/db_utils.py:149 UserWarning: pandas only supports SQLAlchemy connectable (engine/connection) or database string URI or sqlite3 DBAPI2 connection. Other DBAPI2 objects are not tested. Please consider using SQLAlchemy.
[2024-11-23T07:06:31.919+0000] {logging_mixin.py:190} INFO - No new data to ingest for funding
[2024-11-23T07:06:32.261+0000] {logging_mixin.py:190} INFO - File moved from s3://project-processed-data/usa_spending_data/funding_20241123_045632.csv to s3://project-processed-data/archived/usa_spending_data/funding_20241123_045632.csv
[2024-11-23T07:06:32.698+0000] {logging_mixin.py:190} INFO - Checking for new data to ingest into federalawards
[2024-11-23T07:06:32.922+0000] {logging_mixin.py:190} WARNING - /opt/***/dags/helpers/db_utils.py:149 UserWarning: pandas only supports SQLAlchemy connectable (engine/connection) or database string URI or sqlite3 DBAPI2 connection. Other DBAPI2 objects are not tested. Please consider using SQLAlchemy.
[2024-11-23T07:06:32.995+0000] {logging_mixin.py:190} INFO - Ingesting new data into federalawards
[2024-11-23T07:06:33.278+0000] {logging_mixin.py:190} INFO - Error: insert or update on table "federalawards" violates foreign key constraint "federalawards_recipient_id_fkey"
DETAIL:  Key (recipient_id)=(4e80d4c6-329c-27c3-5033-0ac2275b4cf4-C) is not present in table "recipients".
[2024-11-23T07:06:33.684+0000] {logging_mixin.py:190} INFO - Checking for new data to ingest into transactions
[2024-11-23T07:06:33.915+0000] {logging_mixin.py:190} WARNING - /opt/***/dags/helpers/db_utils.py:149 UserWarning: pandas only supports SQLAlchemy connectable (engine/connection) or database string URI or sqlite3 DBAPI2 connection. Other DBAPI2 objects are not tested. Please consider using SQLAlchemy.
[2024-11-23T07:06:34.245+0000] {logging_mixin.py:190} INFO - Ingesting new data into transactions
[2024-11-23T07:06:56.031+0000] {logging_mixin.py:190} INFO - Data successfully written to table transactions.
[2024-11-23T07:06:56.397+0000] {logging_mixin.py:190} INFO - File moved from s3://project-processed-data/usa_spending_data/transactions_20241123_045632.csv to s3://project-processed-data/archived/usa_spending_data/transactions_20241123_045632.csv
[2024-11-23T07:06:56.705+0000] {logging_mixin.py:190} INFO - Checking for new data to ingest into subawards
[2024-11-23T07:06:56.965+0000] {logging_mixin.py:190} WARNING - /opt/***/dags/helpers/db_utils.py:149 UserWarning: pandas only supports SQLAlchemy connectable (engine/connection) or database string URI or sqlite3 DBAPI2 connection. Other DBAPI2 objects are not tested. Please consider using SQLAlchemy.
[2024-11-23T07:06:57.156+0000] {logging_mixin.py:190} INFO - Ingesting new data into subawards
[2024-11-23T07:07:39.917+0000] {logging_mixin.py:190} INFO - Data successfully written to table subawards.
[2024-11-23T07:07:40.364+0000] {logging_mixin.py:190} INFO - File moved from s3://project-processed-data/usa_spending_data/sub_awards_20241123_045632.csv to s3://project-processed-data/archived/usa_spending_data/sub_awards_20241123_045632.csv
[2024-11-23T07:07:40.366+0000] {python.py:240} INFO - Done. Returned value was: None
[2024-11-23T07:07:40.378+0000] {taskinstance.py:340} INFO - ::group::Post task execution logs
[2024-11-23T07:07:40.379+0000] {taskinstance.py:352} INFO - Marking task as SUCCESS. dag_id=ETL_usa_spending, task_id=ingest_usa_spending_data_task, run_id=manual__2024-11-23T07:06:15.464671+00:00, execution_date=20241123T070615, start_date=20241123T070624, end_date=20241123T070740
[2024-11-23T07:07:40.419+0000] {local_task_job_runner.py:266} INFO - Task exited with return code 0
[2024-11-23T07:07:40.446+0000] {taskinstance.py:3895} INFO - 0 downstream tasks scheduled from follow-on schedule check
[2024-11-23T07:07:40.449+0000] {local_task_job_runner.py:245} INFO - ::endgroup::
